[2024-10-15T01:15:10.963+0000] {local_task_job_runner.py:123} INFO - ::group::Pre task execution logs
[2024-10-15T01:15:10.981+0000] {taskinstance.py:2612} INFO - Dependencies all met for dep_context=non-requeueable deps ti=<TaskInstance: asalex.write_asalex_to_file manual__2024-10-15T01:15:05.718511+00:00 [queued]>
[2024-10-15T01:15:10.990+0000] {taskinstance.py:2612} INFO - Dependencies all met for dep_context=requeueable deps ti=<TaskInstance: asalex.write_asalex_to_file manual__2024-10-15T01:15:05.718511+00:00 [queued]>
[2024-10-15T01:15:10.990+0000] {taskinstance.py:2865} INFO - Starting attempt 1 of 1
[2024-10-15T01:15:11.003+0000] {taskinstance.py:2888} INFO - Executing <Task(_PythonDecoratedOperator): write_asalex_to_file> on 2024-10-15 01:15:05.718511+00:00
[2024-10-15T01:15:11.010+0000] {warnings.py:112} WARNING - /home/***/.local/lib/python3.12/site-packages/***/task/task_runner/standard_task_runner.py:70: DeprecationWarning: This process (pid=275) is multi-threaded, use of fork() may lead to deadlocks in the child.
  pid = os.fork()

[2024-10-15T01:15:11.011+0000] {standard_task_runner.py:72} INFO - Started process 277 to run task
[2024-10-15T01:15:11.012+0000] {standard_task_runner.py:104} INFO - Running: ['***', 'tasks', 'run', 'asalex', 'write_asalex_to_file', 'manual__2024-10-15T01:15:05.718511+00:00', '--job-id', '42', '--raw', '--subdir', 'DAGS_FOLDER/asalex.py', '--cfg-path', '/tmp/tmpki1uyvno']
[2024-10-15T01:15:11.013+0000] {standard_task_runner.py:105} INFO - Job 42: Subtask write_asalex_to_file
[2024-10-15T01:15:11.060+0000] {task_command.py:467} INFO - Running <TaskInstance: asalex.write_asalex_to_file manual__2024-10-15T01:15:05.718511+00:00 [running]> on host 599ca003dbbf
[2024-10-15T01:15:11.163+0000] {taskinstance.py:3131} INFO - Exporting env vars: AIRFLOW_CTX_DAG_OWNER='***' AIRFLOW_CTX_DAG_ID='asalex' AIRFLOW_CTX_TASK_ID='write_asalex_to_file' AIRFLOW_CTX_EXECUTION_DATE='2024-10-15T01:15:05.718511+00:00' AIRFLOW_CTX_TRY_NUMBER='1' AIRFLOW_CTX_DAG_RUN_ID='manual__2024-10-15T01:15:05.718511+00:00'
[2024-10-15T01:15:11.164+0000] {logging_mixin.py:190} INFO - Task instance is in running state
[2024-10-15T01:15:11.164+0000] {logging_mixin.py:190} INFO -  Previous state of the Task instance: queued
[2024-10-15T01:15:11.164+0000] {logging_mixin.py:190} INFO - Current task name:write_asalex_to_file state:running start_date:2024-10-15 01:15:10.981326+00:00
[2024-10-15T01:15:11.164+0000] {logging_mixin.py:190} INFO - Dag name:asalex and current dag run status:running
[2024-10-15T01:15:11.164+0000] {taskinstance.py:731} INFO - ::endgroup::
[2024-10-15T01:15:11.177+0000] {python.py:240} INFO - Done. Returned value was: /tmp/asalex.txt
[2024-10-15T01:15:11.206+0000] {taskinstance.py:340} INFO - ::group::Post task execution logs
[2024-10-15T01:15:11.207+0000] {taskinstance.py:352} INFO - Marking task as SUCCESS. dag_id=asalex, task_id=write_asalex_to_file, run_id=manual__2024-10-15T01:15:05.718511+00:00, execution_date=20241015T011505, start_date=20241015T011510, end_date=20241015T011511
[2024-10-15T01:15:11.216+0000] {logging_mixin.py:190} INFO - Task instance in success state
[2024-10-15T01:15:11.216+0000] {logging_mixin.py:190} INFO -  Previous state of the Task instance: running
[2024-10-15T01:15:11.216+0000] {logging_mixin.py:190} INFO - Dag name:asalex queued_at:2024-10-15 01:15:05.736384+00:00
[2024-10-15T01:15:11.216+0000] {logging_mixin.py:190} INFO - Task hostname:599ca003dbbf operator:_PythonDecoratedOperator
[2024-10-15T01:15:11.227+0000] {local_task_job_runner.py:266} INFO - Task exited with return code 0
[2024-10-15T01:15:11.251+0000] {taskinstance.py:3900} INFO - 1 downstream tasks scheduled from follow-on schedule check
[2024-10-15T01:15:11.254+0000] {local_task_job_runner.py:245} INFO - ::endgroup::
