[2024-10-15T01:13:58.535+0000] {local_task_job_runner.py:123} INFO - ::group::Pre task execution logs
[2024-10-15T01:13:58.550+0000] {taskinstance.py:2612} INFO - Dependencies all met for dep_context=non-requeueable deps ti=<TaskInstance: asalex.write_asalex_to_file manual__2024-10-15T01:10:33.090372+00:00 [queued]>
[2024-10-15T01:13:58.557+0000] {taskinstance.py:2612} INFO - Dependencies all met for dep_context=requeueable deps ti=<TaskInstance: asalex.write_asalex_to_file manual__2024-10-15T01:10:33.090372+00:00 [queued]>
[2024-10-15T01:13:58.558+0000] {taskinstance.py:2865} INFO - Starting attempt 3 of 3
[2024-10-15T01:13:58.569+0000] {taskinstance.py:2888} INFO - Executing <Task(_PythonDecoratedOperator): write_asalex_to_file> on 2024-10-15 01:10:33.090372+00:00
[2024-10-15T01:13:58.575+0000] {warnings.py:112} WARNING - /home/***/.local/lib/python3.12/site-packages/***/task/task_runner/standard_task_runner.py:70: DeprecationWarning: This process (pid=249) is multi-threaded, use of fork() may lead to deadlocks in the child.
  pid = os.fork()

[2024-10-15T01:13:58.576+0000] {standard_task_runner.py:72} INFO - Started process 251 to run task
[2024-10-15T01:13:58.577+0000] {standard_task_runner.py:104} INFO - Running: ['***', 'tasks', 'run', 'asalex', 'write_asalex_to_file', 'manual__2024-10-15T01:10:33.090372+00:00', '--job-id', '39', '--raw', '--subdir', 'DAGS_FOLDER/asalex.py', '--cfg-path', '/tmp/tmp1495hpjr']
[2024-10-15T01:13:58.578+0000] {standard_task_runner.py:105} INFO - Job 39: Subtask write_asalex_to_file
[2024-10-15T01:13:58.617+0000] {task_command.py:467} INFO - Running <TaskInstance: asalex.write_asalex_to_file manual__2024-10-15T01:10:33.090372+00:00 [running]> on host 599ca003dbbf
[2024-10-15T01:13:58.685+0000] {taskinstance.py:3131} INFO - Exporting env vars: AIRFLOW_CTX_DAG_OWNER='***' AIRFLOW_CTX_DAG_ID='asalex' AIRFLOW_CTX_TASK_ID='write_asalex_to_file' AIRFLOW_CTX_EXECUTION_DATE='2024-10-15T01:10:33.090372+00:00' AIRFLOW_CTX_TRY_NUMBER='3' AIRFLOW_CTX_DAG_RUN_ID='manual__2024-10-15T01:10:33.090372+00:00'
[2024-10-15T01:13:58.687+0000] {logging_mixin.py:190} INFO - Task instance is in running state
[2024-10-15T01:13:58.687+0000] {logging_mixin.py:190} INFO -  Previous state of the Task instance: queued
[2024-10-15T01:13:58.687+0000] {logging_mixin.py:190} INFO - Current task name:write_asalex_to_file state:running start_date:2024-10-15 01:13:58.551078+00:00
[2024-10-15T01:13:58.687+0000] {logging_mixin.py:190} INFO - Dag name:asalex and current dag run status:running
[2024-10-15T01:13:58.688+0000] {taskinstance.py:731} INFO - ::endgroup::
[2024-10-15T01:13:58.694+0000] {python.py:240} INFO - Done. Returned value was: /tmp/asalex.txt
[2024-10-15T01:13:58.711+0000] {taskinstance.py:340} INFO - ::group::Post task execution logs
[2024-10-15T01:13:58.711+0000] {taskinstance.py:352} INFO - Marking task as SUCCESS. dag_id=asalex, task_id=write_asalex_to_file, run_id=manual__2024-10-15T01:10:33.090372+00:00, execution_date=20241015T011033, start_date=20241015T011358, end_date=20241015T011358
[2024-10-15T01:13:58.718+0000] {logging_mixin.py:190} INFO - Task instance in success state
[2024-10-15T01:13:58.719+0000] {logging_mixin.py:190} INFO -  Previous state of the Task instance: running
[2024-10-15T01:13:58.719+0000] {logging_mixin.py:190} INFO - Dag name:asalex queued_at:2024-10-15 01:13:55.501992+00:00
[2024-10-15T01:13:58.719+0000] {logging_mixin.py:190} INFO - Task hostname:599ca003dbbf operator:_PythonDecoratedOperator
[2024-10-15T01:13:58.750+0000] {local_task_job_runner.py:266} INFO - Task exited with return code 0
[2024-10-15T01:13:58.770+0000] {taskinstance.py:3900} INFO - 1 downstream tasks scheduled from follow-on schedule check
[2024-10-15T01:13:58.772+0000] {local_task_job_runner.py:245} INFO - ::endgroup::
