[2024-10-15T01:20:03.542+0000] {local_task_job_runner.py:123} INFO - ::group::Pre task execution logs
[2024-10-15T01:20:03.562+0000] {taskinstance.py:2612} INFO - Dependencies all met for dep_context=non-requeueable deps ti=<TaskInstance: asalex.write_asalex_to_file scheduled__2024-10-15T01:19:00+00:00 [queued]>
[2024-10-15T01:20:03.573+0000] {taskinstance.py:2612} INFO - Dependencies all met for dep_context=requeueable deps ti=<TaskInstance: asalex.write_asalex_to_file scheduled__2024-10-15T01:19:00+00:00 [queued]>
[2024-10-15T01:20:03.573+0000] {taskinstance.py:2865} INFO - Starting attempt 1 of 1
[2024-10-15T01:20:03.590+0000] {taskinstance.py:2888} INFO - Executing <Task(_PythonDecoratedOperator): write_asalex_to_file> on 2024-10-15 01:19:00+00:00
[2024-10-15T01:20:03.597+0000] {warnings.py:112} WARNING - /home/***/.local/lib/python3.12/site-packages/***/task/task_runner/standard_task_runner.py:70: DeprecationWarning: This process (pid=366) is multi-threaded, use of fork() may lead to deadlocks in the child.
  pid = os.fork()

[2024-10-15T01:20:03.599+0000] {standard_task_runner.py:72} INFO - Started process 368 to run task
[2024-10-15T01:20:03.599+0000] {standard_task_runner.py:104} INFO - Running: ['***', 'tasks', 'run', 'asalex', 'write_asalex_to_file', 'scheduled__2024-10-15T01:19:00+00:00', '--job-id', '48', '--raw', '--subdir', 'DAGS_FOLDER/asalex.py', '--cfg-path', '/tmp/tmpn7e546f8']
[2024-10-15T01:20:03.601+0000] {standard_task_runner.py:105} INFO - Job 48: Subtask write_asalex_to_file
[2024-10-15T01:20:03.647+0000] {task_command.py:467} INFO - Running <TaskInstance: asalex.write_asalex_to_file scheduled__2024-10-15T01:19:00+00:00 [running]> on host 599ca003dbbf
[2024-10-15T01:20:03.736+0000] {taskinstance.py:3131} INFO - Exporting env vars: AIRFLOW_CTX_DAG_OWNER='***' AIRFLOW_CTX_DAG_ID='asalex' AIRFLOW_CTX_TASK_ID='write_asalex_to_file' AIRFLOW_CTX_EXECUTION_DATE='2024-10-15T01:19:00+00:00' AIRFLOW_CTX_TRY_NUMBER='1' AIRFLOW_CTX_DAG_RUN_ID='scheduled__2024-10-15T01:19:00+00:00'
[2024-10-15T01:20:03.738+0000] {logging_mixin.py:190} INFO - Task instance is in running state
[2024-10-15T01:20:03.738+0000] {logging_mixin.py:190} INFO -  Previous state of the Task instance: queued
[2024-10-15T01:20:03.738+0000] {logging_mixin.py:190} INFO - Current task name:write_asalex_to_file state:running start_date:2024-10-15 01:20:03.563006+00:00
[2024-10-15T01:20:03.739+0000] {logging_mixin.py:190} INFO - Dag name:asalex and current dag run status:running
[2024-10-15T01:20:03.739+0000] {taskinstance.py:731} INFO - ::endgroup::
[2024-10-15T01:20:03.747+0000] {python.py:240} INFO - Done. Returned value was: /tmp/asalex.txt
[2024-10-15T01:20:03.775+0000] {taskinstance.py:340} INFO - ::group::Post task execution logs
[2024-10-15T01:20:03.775+0000] {taskinstance.py:352} INFO - Marking task as SUCCESS. dag_id=asalex, task_id=write_asalex_to_file, run_id=scheduled__2024-10-15T01:19:00+00:00, execution_date=20241015T011900, start_date=20241015T012003, end_date=20241015T012003
[2024-10-15T01:20:03.784+0000] {logging_mixin.py:190} INFO - Task instance in success state
[2024-10-15T01:20:03.784+0000] {logging_mixin.py:190} INFO -  Previous state of the Task instance: running
[2024-10-15T01:20:03.784+0000] {logging_mixin.py:190} INFO - Dag name:asalex queued_at:2024-10-15 01:20:00.361300+00:00
[2024-10-15T01:20:03.784+0000] {logging_mixin.py:190} INFO - Task hostname:599ca003dbbf operator:_PythonDecoratedOperator
[2024-10-15T01:20:03.815+0000] {local_task_job_runner.py:266} INFO - Task exited with return code 0
[2024-10-15T01:20:03.835+0000] {taskinstance.py:3900} INFO - 1 downstream tasks scheduled from follow-on schedule check
[2024-10-15T01:20:03.838+0000] {local_task_job_runner.py:245} INFO - ::endgroup::
