[2024-10-15T01:21:02.063+0000] {local_task_job_runner.py:123} INFO - ::group::Pre task execution logs
[2024-10-15T01:21:02.082+0000] {taskinstance.py:2612} INFO - Dependencies all met for dep_context=non-requeueable deps ti=<TaskInstance: asalex.get_asalex scheduled__2024-10-15T01:20:00+00:00 [queued]>
[2024-10-15T01:21:02.092+0000] {taskinstance.py:2612} INFO - Dependencies all met for dep_context=requeueable deps ti=<TaskInstance: asalex.get_asalex scheduled__2024-10-15T01:20:00+00:00 [queued]>
[2024-10-15T01:21:02.093+0000] {taskinstance.py:2865} INFO - Starting attempt 1 of 1
[2024-10-15T01:21:02.111+0000] {taskinstance.py:2888} INFO - Executing <Task(_PythonDecoratedOperator): get_asalex> on 2024-10-15 01:20:00+00:00
[2024-10-15T01:21:02.117+0000] {warnings.py:112} WARNING - /home/***/.local/lib/python3.12/site-packages/***/task/task_runner/standard_task_runner.py:70: DeprecationWarning: This process (pid=388) is multi-threaded, use of fork() may lead to deadlocks in the child.
  pid = os.fork()

[2024-10-15T01:21:02.118+0000] {standard_task_runner.py:72} INFO - Started process 390 to run task
[2024-10-15T01:21:02.121+0000] {standard_task_runner.py:104} INFO - Running: ['***', 'tasks', 'run', 'asalex', 'get_asalex', 'scheduled__2024-10-15T01:20:00+00:00', '--job-id', '50', '--raw', '--subdir', 'DAGS_FOLDER/asalex.py', '--cfg-path', '/tmp/tmpxc7b6z5h']
[2024-10-15T01:21:02.122+0000] {standard_task_runner.py:105} INFO - Job 50: Subtask get_asalex
[2024-10-15T01:21:02.176+0000] {task_command.py:467} INFO - Running <TaskInstance: asalex.get_asalex scheduled__2024-10-15T01:20:00+00:00 [running]> on host 599ca003dbbf
[2024-10-15T01:21:02.261+0000] {taskinstance.py:3131} INFO - Exporting env vars: AIRFLOW_CTX_DAG_OWNER='***' AIRFLOW_CTX_DAG_ID='asalex' AIRFLOW_CTX_TASK_ID='get_asalex' AIRFLOW_CTX_EXECUTION_DATE='2024-10-15T01:20:00+00:00' AIRFLOW_CTX_TRY_NUMBER='1' AIRFLOW_CTX_DAG_RUN_ID='scheduled__2024-10-15T01:20:00+00:00'
[2024-10-15T01:21:02.262+0000] {logging_mixin.py:190} INFO - Task instance is in running state
[2024-10-15T01:21:02.262+0000] {logging_mixin.py:190} INFO -  Previous state of the Task instance: queued
[2024-10-15T01:21:02.262+0000] {logging_mixin.py:190} INFO - Current task name:get_asalex state:running start_date:2024-10-15 01:21:02.082421+00:00
[2024-10-15T01:21:02.262+0000] {logging_mixin.py:190} INFO - Dag name:asalex and current dag run status:running
[2024-10-15T01:21:02.263+0000] {taskinstance.py:731} INFO - ::endgroup::
[2024-10-15T01:21:02.423+0000] {python.py:240} INFO - Done. Returned value was: {'activity': 'Make a budget', 'availability': 0.1, 'type': 'busywork', 'participants': 1, 'price': 0, 'accessibility': 'Few to no challenges', 'duration': 'minutes', 'kidFriendly': True, 'link': '', 'key': '4379552'}
[2024-10-15T01:21:02.447+0000] {taskinstance.py:340} INFO - ::group::Post task execution logs
[2024-10-15T01:21:02.447+0000] {taskinstance.py:352} INFO - Marking task as SUCCESS. dag_id=asalex, task_id=get_asalex, run_id=scheduled__2024-10-15T01:20:00+00:00, execution_date=20241015T012000, start_date=20241015T012102, end_date=20241015T012102
[2024-10-15T01:21:02.459+0000] {logging_mixin.py:190} INFO - Task instance in success state
[2024-10-15T01:21:02.460+0000] {logging_mixin.py:190} INFO -  Previous state of the Task instance: running
[2024-10-15T01:21:02.460+0000] {logging_mixin.py:190} INFO - Dag name:asalex queued_at:2024-10-15 01:21:00.519654+00:00
[2024-10-15T01:21:02.460+0000] {logging_mixin.py:190} INFO - Task hostname:599ca003dbbf operator:_PythonDecoratedOperator
[2024-10-15T01:21:02.501+0000] {local_task_job_runner.py:266} INFO - Task exited with return code 0
[2024-10-15T01:21:02.525+0000] {taskinstance.py:3900} INFO - 1 downstream tasks scheduled from follow-on schedule check
[2024-10-15T01:21:02.530+0000] {local_task_job_runner.py:245} INFO - ::endgroup::
