[2024-10-15T01:09:41.019+0000] {processor.py:186} INFO - Started process (PID=1292) to work on /opt/airflow/dags/asalex.py
[2024-10-15T01:09:41.020+0000] {processor.py:914} INFO - Processing file /opt/airflow/dags/asalex.py for tasks to queue
[2024-10-15T01:09:41.022+0000] {logging_mixin.py:190} INFO - [2024-10-15T01:09:41.020+0000] {dagbag.py:588} INFO - Filling up the DagBag from /opt/airflow/dags/asalex.py
[2024-10-15T01:09:41.034+0000] {processor.py:925} INFO - DAG(s) 'asalex' retrieved from /opt/airflow/dags/asalex.py
[2024-10-15T01:09:41.160+0000] {logging_mixin.py:190} INFO - [2024-10-15T01:09:41.158+0000] {override.py:1900} INFO - Created Permission View: can edit on DAG:asalex
[2024-10-15T01:09:41.171+0000] {logging_mixin.py:190} INFO - [2024-10-15T01:09:41.171+0000] {override.py:1900} INFO - Created Permission View: can delete on DAG:asalex
[2024-10-15T01:09:41.178+0000] {logging_mixin.py:190} INFO - [2024-10-15T01:09:41.177+0000] {override.py:1900} INFO - Created Permission View: can read on DAG:asalex
[2024-10-15T01:09:41.185+0000] {logging_mixin.py:190} INFO - [2024-10-15T01:09:41.184+0000] {override.py:1900} INFO - Created Permission View: can create on DAG Run:asalex
[2024-10-15T01:09:41.190+0000] {logging_mixin.py:190} INFO - [2024-10-15T01:09:41.190+0000] {override.py:1900} INFO - Created Permission View: menu access on DAG Run:asalex
[2024-10-15T01:09:41.196+0000] {logging_mixin.py:190} INFO - [2024-10-15T01:09:41.196+0000] {override.py:1900} INFO - Created Permission View: can read on DAG Run:asalex
[2024-10-15T01:09:41.205+0000] {logging_mixin.py:190} INFO - [2024-10-15T01:09:41.205+0000] {override.py:1900} INFO - Created Permission View: can delete on DAG Run:asalex
[2024-10-15T01:09:41.205+0000] {logging_mixin.py:190} INFO - [2024-10-15T01:09:41.205+0000] {dag.py:3239} INFO - Sync 1 DAGs
[2024-10-15T01:09:41.219+0000] {logging_mixin.py:190} INFO - [2024-10-15T01:09:41.219+0000] {dag.py:3262} INFO - Creating ORM DAG for asalex
[2024-10-15T01:09:41.231+0000] {logging_mixin.py:190} INFO - [2024-10-15T01:09:41.228+0000] {dag.py:4180} INFO - Setting next_dagrun for asalex to 2024-10-15 00:00:00+00:00, run_after=2024-10-16 00:00:00+00:00
[2024-10-15T01:09:41.246+0000] {processor.py:208} INFO - Processing /opt/airflow/dags/asalex.py took 0.232 seconds
[2024-10-15T01:10:11.322+0000] {processor.py:186} INFO - Started process (PID=1356) to work on /opt/airflow/dags/asalex.py
[2024-10-15T01:10:11.323+0000] {processor.py:914} INFO - Processing file /opt/airflow/dags/asalex.py for tasks to queue
[2024-10-15T01:10:11.327+0000] {logging_mixin.py:190} INFO - [2024-10-15T01:10:11.324+0000] {dagbag.py:588} INFO - Filling up the DagBag from /opt/airflow/dags/asalex.py
[2024-10-15T01:10:11.336+0000] {processor.py:925} INFO - DAG(s) 'asalex' retrieved from /opt/airflow/dags/asalex.py
[2024-10-15T01:10:11.364+0000] {logging_mixin.py:190} INFO - [2024-10-15T01:10:11.364+0000] {dag.py:3239} INFO - Sync 1 DAGs
[2024-10-15T01:10:11.390+0000] {logging_mixin.py:190} INFO - [2024-10-15T01:10:11.388+0000] {dag.py:4180} INFO - Setting next_dagrun for asalex to 2024-10-15 00:00:00+00:00, run_after=2024-10-16 00:00:00+00:00
[2024-10-15T01:10:11.410+0000] {processor.py:208} INFO - Processing /opt/airflow/dags/asalex.py took 0.092 seconds
[2024-10-15T01:10:41.615+0000] {processor.py:186} INFO - Started process (PID=1418) to work on /opt/airflow/dags/asalex.py
[2024-10-15T01:10:41.617+0000] {processor.py:914} INFO - Processing file /opt/airflow/dags/asalex.py for tasks to queue
[2024-10-15T01:10:41.619+0000] {logging_mixin.py:190} INFO - [2024-10-15T01:10:41.618+0000] {dagbag.py:588} INFO - Filling up the DagBag from /opt/airflow/dags/asalex.py
[2024-10-15T01:10:41.632+0000] {processor.py:925} INFO - DAG(s) 'asalex' retrieved from /opt/airflow/dags/asalex.py
[2024-10-15T01:10:41.651+0000] {logging_mixin.py:190} INFO - [2024-10-15T01:10:41.651+0000] {dag.py:3239} INFO - Sync 1 DAGs
[2024-10-15T01:10:41.690+0000] {logging_mixin.py:190} INFO - [2024-10-15T01:10:41.688+0000] {dag.py:4180} INFO - Setting next_dagrun for asalex to 2024-10-15 00:00:00+00:00, run_after=2024-10-16 00:00:00+00:00
[2024-10-15T01:10:41.712+0000] {processor.py:208} INFO - Processing /opt/airflow/dags/asalex.py took 0.104 seconds
[2024-10-15T01:11:11.859+0000] {processor.py:186} INFO - Started process (PID=1481) to work on /opt/airflow/dags/asalex.py
[2024-10-15T01:11:11.862+0000] {processor.py:914} INFO - Processing file /opt/airflow/dags/asalex.py for tasks to queue
[2024-10-15T01:11:11.863+0000] {logging_mixin.py:190} INFO - [2024-10-15T01:11:11.862+0000] {dagbag.py:588} INFO - Filling up the DagBag from /opt/airflow/dags/asalex.py
[2024-10-15T01:11:11.874+0000] {processor.py:925} INFO - DAG(s) 'asalex' retrieved from /opt/airflow/dags/asalex.py
[2024-10-15T01:11:11.895+0000] {logging_mixin.py:190} INFO - [2024-10-15T01:11:11.895+0000] {dag.py:3239} INFO - Sync 1 DAGs
[2024-10-15T01:11:11.924+0000] {logging_mixin.py:190} INFO - [2024-10-15T01:11:11.923+0000] {dag.py:4180} INFO - Setting next_dagrun for asalex to 2024-10-15 00:00:00+00:00, run_after=2024-10-16 00:00:00+00:00
[2024-10-15T01:11:11.940+0000] {processor.py:208} INFO - Processing /opt/airflow/dags/asalex.py took 0.088 seconds
[2024-10-15T01:11:42.403+0000] {processor.py:186} INFO - Started process (PID=1539) to work on /opt/airflow/dags/asalex.py
[2024-10-15T01:11:42.404+0000] {processor.py:914} INFO - Processing file /opt/airflow/dags/asalex.py for tasks to queue
[2024-10-15T01:11:42.406+0000] {logging_mixin.py:190} INFO - [2024-10-15T01:11:42.405+0000] {dagbag.py:588} INFO - Filling up the DagBag from /opt/airflow/dags/asalex.py
[2024-10-15T01:11:42.417+0000] {processor.py:925} INFO - DAG(s) 'asalex' retrieved from /opt/airflow/dags/asalex.py
[2024-10-15T01:11:42.437+0000] {logging_mixin.py:190} INFO - [2024-10-15T01:11:42.436+0000] {dag.py:3239} INFO - Sync 1 DAGs
[2024-10-15T01:11:42.461+0000] {logging_mixin.py:190} INFO - [2024-10-15T01:11:42.461+0000] {dag.py:4180} INFO - Setting next_dagrun for asalex to 2024-10-15 00:00:00+00:00, run_after=2024-10-16 00:00:00+00:00
[2024-10-15T01:11:42.498+0000] {processor.py:208} INFO - Processing /opt/airflow/dags/asalex.py took 0.101 seconds
[2024-10-15T01:12:12.796+0000] {processor.py:186} INFO - Started process (PID=1602) to work on /opt/airflow/dags/asalex.py
[2024-10-15T01:12:12.799+0000] {processor.py:914} INFO - Processing file /opt/airflow/dags/asalex.py for tasks to queue
[2024-10-15T01:12:12.800+0000] {logging_mixin.py:190} INFO - [2024-10-15T01:12:12.800+0000] {dagbag.py:588} INFO - Filling up the DagBag from /opt/airflow/dags/asalex.py
[2024-10-15T01:12:12.812+0000] {processor.py:925} INFO - DAG(s) 'asalex' retrieved from /opt/airflow/dags/asalex.py
[2024-10-15T01:12:12.832+0000] {logging_mixin.py:190} INFO - [2024-10-15T01:12:12.832+0000] {dag.py:3239} INFO - Sync 1 DAGs
[2024-10-15T01:12:12.858+0000] {logging_mixin.py:190} INFO - [2024-10-15T01:12:12.858+0000] {dag.py:4180} INFO - Setting next_dagrun for asalex to 2024-10-15 00:00:00+00:00, run_after=2024-10-16 00:00:00+00:00
[2024-10-15T01:12:12.876+0000] {processor.py:208} INFO - Processing /opt/airflow/dags/asalex.py took 0.085 seconds
[2024-10-15T01:12:43.224+0000] {processor.py:186} INFO - Started process (PID=1666) to work on /opt/airflow/dags/asalex.py
[2024-10-15T01:12:43.227+0000] {processor.py:914} INFO - Processing file /opt/airflow/dags/asalex.py for tasks to queue
[2024-10-15T01:12:43.227+0000] {logging_mixin.py:190} INFO - [2024-10-15T01:12:43.227+0000] {dagbag.py:588} INFO - Filling up the DagBag from /opt/airflow/dags/asalex.py
[2024-10-15T01:12:43.237+0000] {processor.py:925} INFO - DAG(s) 'asalex' retrieved from /opt/airflow/dags/asalex.py
[2024-10-15T01:12:43.257+0000] {logging_mixin.py:190} INFO - [2024-10-15T01:12:43.257+0000] {dag.py:3239} INFO - Sync 1 DAGs
[2024-10-15T01:12:43.283+0000] {logging_mixin.py:190} INFO - [2024-10-15T01:12:43.283+0000] {dag.py:4180} INFO - Setting next_dagrun for asalex to 2024-10-15 00:00:00+00:00, run_after=2024-10-16 00:00:00+00:00
[2024-10-15T01:12:43.300+0000] {processor.py:208} INFO - Processing /opt/airflow/dags/asalex.py took 0.082 seconds
[2024-10-15T01:12:47.941+0000] {processor.py:186} INFO - Started process (PID=1684) to work on /opt/airflow/dags/asalex.py
[2024-10-15T01:12:47.943+0000] {processor.py:914} INFO - Processing file /opt/airflow/dags/asalex.py for tasks to queue
[2024-10-15T01:12:47.944+0000] {logging_mixin.py:190} INFO - [2024-10-15T01:12:47.944+0000] {dagbag.py:588} INFO - Filling up the DagBag from /opt/airflow/dags/asalex.py
[2024-10-15T01:12:47.945+0000] {logging_mixin.py:190} INFO - [2024-10-15T01:12:47.945+0000] {dagbag.py:366} INFO - File /opt/airflow/dags/asalex.py assumed to contain no DAGs. Skipping.
[2024-10-15T01:12:47.945+0000] {processor.py:927} WARNING - No viable dags retrieved from /opt/airflow/dags/asalex.py
[2024-10-15T01:12:47.960+0000] {processor.py:208} INFO - Processing /opt/airflow/dags/asalex.py took 0.024 seconds
[2024-10-15T01:12:48.978+0000] {processor.py:186} INFO - Started process (PID=1685) to work on /opt/airflow/dags/asalex.py
[2024-10-15T01:12:48.979+0000] {processor.py:914} INFO - Processing file /opt/airflow/dags/asalex.py for tasks to queue
[2024-10-15T01:12:48.980+0000] {logging_mixin.py:190} INFO - [2024-10-15T01:12:48.979+0000] {dagbag.py:588} INFO - Filling up the DagBag from /opt/airflow/dags/asalex.py
[2024-10-15T01:12:48.991+0000] {processor.py:925} INFO - DAG(s) 'asalex' retrieved from /opt/airflow/dags/asalex.py
[2024-10-15T01:12:49.016+0000] {logging_mixin.py:190} INFO - [2024-10-15T01:12:49.016+0000] {dag.py:3239} INFO - Sync 1 DAGs
[2024-10-15T01:12:49.042+0000] {logging_mixin.py:190} INFO - [2024-10-15T01:12:49.041+0000] {dag.py:4180} INFO - Setting next_dagrun for asalex to 2024-10-15 00:00:00+00:00, run_after=2024-10-16 00:00:00+00:00
[2024-10-15T01:12:49.064+0000] {processor.py:208} INFO - Processing /opt/airflow/dags/asalex.py took 0.091 seconds
[2024-10-15T01:13:19.455+0000] {processor.py:186} INFO - Started process (PID=1748) to work on /opt/airflow/dags/asalex.py
[2024-10-15T01:13:19.457+0000] {processor.py:914} INFO - Processing file /opt/airflow/dags/asalex.py for tasks to queue
[2024-10-15T01:13:19.457+0000] {logging_mixin.py:190} INFO - [2024-10-15T01:13:19.457+0000] {dagbag.py:588} INFO - Filling up the DagBag from /opt/airflow/dags/asalex.py
[2024-10-15T01:13:19.467+0000] {processor.py:925} INFO - DAG(s) 'asalex' retrieved from /opt/airflow/dags/asalex.py
[2024-10-15T01:13:19.486+0000] {logging_mixin.py:190} INFO - [2024-10-15T01:13:19.486+0000] {dag.py:3239} INFO - Sync 1 DAGs
[2024-10-15T01:13:19.505+0000] {logging_mixin.py:190} INFO - [2024-10-15T01:13:19.505+0000] {dag.py:4180} INFO - Setting next_dagrun for asalex to 2024-10-15 00:00:00+00:00, run_after=2024-10-16 00:00:00+00:00
[2024-10-15T01:13:19.525+0000] {processor.py:208} INFO - Processing /opt/airflow/dags/asalex.py took 0.075 seconds
[2024-10-15T01:13:49.789+0000] {processor.py:186} INFO - Started process (PID=1811) to work on /opt/airflow/dags/asalex.py
[2024-10-15T01:13:49.789+0000] {processor.py:914} INFO - Processing file /opt/airflow/dags/asalex.py for tasks to queue
[2024-10-15T01:13:49.791+0000] {logging_mixin.py:190} INFO - [2024-10-15T01:13:49.791+0000] {dagbag.py:588} INFO - Filling up the DagBag from /opt/airflow/dags/asalex.py
[2024-10-15T01:13:49.802+0000] {processor.py:925} INFO - DAG(s) 'asalex' retrieved from /opt/airflow/dags/asalex.py
[2024-10-15T01:13:49.821+0000] {logging_mixin.py:190} INFO - [2024-10-15T01:13:49.821+0000] {dag.py:3239} INFO - Sync 1 DAGs
[2024-10-15T01:13:49.848+0000] {logging_mixin.py:190} INFO - [2024-10-15T01:13:49.848+0000] {dag.py:4180} INFO - Setting next_dagrun for asalex to 2024-10-15 00:00:00+00:00, run_after=2024-10-16 00:00:00+00:00
[2024-10-15T01:13:49.872+0000] {processor.py:208} INFO - Processing /opt/airflow/dags/asalex.py took 0.089 seconds
[2024-10-15T01:14:20.601+0000] {processor.py:186} INFO - Started process (PID=1874) to work on /opt/airflow/dags/asalex.py
[2024-10-15T01:14:20.602+0000] {processor.py:914} INFO - Processing file /opt/airflow/dags/asalex.py for tasks to queue
[2024-10-15T01:14:20.603+0000] {logging_mixin.py:190} INFO - [2024-10-15T01:14:20.602+0000] {dagbag.py:588} INFO - Filling up the DagBag from /opt/airflow/dags/asalex.py
[2024-10-15T01:14:20.615+0000] {processor.py:925} INFO - DAG(s) 'asalex' retrieved from /opt/airflow/dags/asalex.py
[2024-10-15T01:14:20.642+0000] {logging_mixin.py:190} INFO - [2024-10-15T01:14:20.642+0000] {dag.py:3239} INFO - Sync 1 DAGs
[2024-10-15T01:14:20.667+0000] {logging_mixin.py:190} INFO - [2024-10-15T01:14:20.667+0000] {dag.py:4180} INFO - Setting next_dagrun for asalex to 2024-10-15 00:00:00+00:00, run_after=2024-10-16 00:00:00+00:00
[2024-10-15T01:14:20.685+0000] {processor.py:208} INFO - Processing /opt/airflow/dags/asalex.py took 0.091 seconds
[2024-10-15T01:14:51.677+0000] {processor.py:186} INFO - Started process (PID=1936) to work on /opt/airflow/dags/asalex.py
[2024-10-15T01:14:51.678+0000] {processor.py:914} INFO - Processing file /opt/airflow/dags/asalex.py for tasks to queue
[2024-10-15T01:14:51.680+0000] {logging_mixin.py:190} INFO - [2024-10-15T01:14:51.680+0000] {dagbag.py:588} INFO - Filling up the DagBag from /opt/airflow/dags/asalex.py
[2024-10-15T01:14:51.692+0000] {processor.py:925} INFO - DAG(s) 'asalex' retrieved from /opt/airflow/dags/asalex.py
[2024-10-15T01:14:51.710+0000] {logging_mixin.py:190} INFO - [2024-10-15T01:14:51.710+0000] {dag.py:3239} INFO - Sync 1 DAGs
[2024-10-15T01:14:51.737+0000] {logging_mixin.py:190} INFO - [2024-10-15T01:14:51.737+0000] {dag.py:4180} INFO - Setting next_dagrun for asalex to 2024-10-15 00:00:00+00:00, run_after=2024-10-16 00:00:00+00:00
[2024-10-15T01:14:51.754+0000] {processor.py:208} INFO - Processing /opt/airflow/dags/asalex.py took 0.087 seconds
[2024-10-15T01:15:22.300+0000] {processor.py:186} INFO - Started process (PID=1999) to work on /opt/airflow/dags/asalex.py
[2024-10-15T01:15:22.302+0000] {processor.py:914} INFO - Processing file /opt/airflow/dags/asalex.py for tasks to queue
[2024-10-15T01:15:22.303+0000] {logging_mixin.py:190} INFO - [2024-10-15T01:15:22.302+0000] {dagbag.py:588} INFO - Filling up the DagBag from /opt/airflow/dags/asalex.py
[2024-10-15T01:15:22.311+0000] {processor.py:925} INFO - DAG(s) 'asalex' retrieved from /opt/airflow/dags/asalex.py
[2024-10-15T01:15:22.334+0000] {logging_mixin.py:190} INFO - [2024-10-15T01:15:22.333+0000] {dag.py:3239} INFO - Sync 1 DAGs
[2024-10-15T01:15:22.358+0000] {logging_mixin.py:190} INFO - [2024-10-15T01:15:22.358+0000] {dag.py:4180} INFO - Setting next_dagrun for asalex to 2024-10-15 00:00:00+00:00, run_after=2024-10-16 00:00:00+00:00
[2024-10-15T01:15:22.380+0000] {processor.py:208} INFO - Processing /opt/airflow/dags/asalex.py took 0.084 seconds
[2024-10-15T01:15:52.495+0000] {processor.py:186} INFO - Started process (PID=2061) to work on /opt/airflow/dags/asalex.py
[2024-10-15T01:15:52.496+0000] {processor.py:914} INFO - Processing file /opt/airflow/dags/asalex.py for tasks to queue
[2024-10-15T01:15:52.498+0000] {logging_mixin.py:190} INFO - [2024-10-15T01:15:52.497+0000] {dagbag.py:588} INFO - Filling up the DagBag from /opt/airflow/dags/asalex.py
[2024-10-15T01:15:52.509+0000] {processor.py:925} INFO - DAG(s) 'asalex' retrieved from /opt/airflow/dags/asalex.py
[2024-10-15T01:15:52.532+0000] {logging_mixin.py:190} INFO - [2024-10-15T01:15:52.531+0000] {dag.py:3239} INFO - Sync 1 DAGs
[2024-10-15T01:15:52.556+0000] {logging_mixin.py:190} INFO - [2024-10-15T01:15:52.556+0000] {dag.py:4180} INFO - Setting next_dagrun for asalex to 2024-10-15 00:00:00+00:00, run_after=2024-10-16 00:00:00+00:00
[2024-10-15T01:15:52.573+0000] {processor.py:208} INFO - Processing /opt/airflow/dags/asalex.py took 0.084 seconds
[2024-10-15T01:16:22.626+0000] {processor.py:186} INFO - Started process (PID=2124) to work on /opt/airflow/dags/asalex.py
[2024-10-15T01:16:22.629+0000] {processor.py:914} INFO - Processing file /opt/airflow/dags/asalex.py for tasks to queue
[2024-10-15T01:16:22.630+0000] {logging_mixin.py:190} INFO - [2024-10-15T01:16:22.630+0000] {dagbag.py:588} INFO - Filling up the DagBag from /opt/airflow/dags/asalex.py
[2024-10-15T01:16:22.643+0000] {processor.py:925} INFO - DAG(s) 'asalex' retrieved from /opt/airflow/dags/asalex.py
[2024-10-15T01:16:22.665+0000] {logging_mixin.py:190} INFO - [2024-10-15T01:16:22.665+0000] {dag.py:3239} INFO - Sync 1 DAGs
[2024-10-15T01:16:22.690+0000] {logging_mixin.py:190} INFO - [2024-10-15T01:16:22.690+0000] {dag.py:4180} INFO - Setting next_dagrun for asalex to 2024-10-15 00:00:00+00:00, run_after=2024-10-16 00:00:00+00:00
[2024-10-15T01:16:22.712+0000] {processor.py:208} INFO - Processing /opt/airflow/dags/asalex.py took 0.093 seconds
[2024-10-15T01:16:53.037+0000] {processor.py:186} INFO - Started process (PID=2187) to work on /opt/airflow/dags/asalex.py
[2024-10-15T01:16:53.038+0000] {processor.py:914} INFO - Processing file /opt/airflow/dags/asalex.py for tasks to queue
[2024-10-15T01:16:53.039+0000] {logging_mixin.py:190} INFO - [2024-10-15T01:16:53.039+0000] {dagbag.py:588} INFO - Filling up the DagBag from /opt/airflow/dags/asalex.py
[2024-10-15T01:16:53.052+0000] {processor.py:925} INFO - DAG(s) 'asalex' retrieved from /opt/airflow/dags/asalex.py
[2024-10-15T01:16:53.074+0000] {logging_mixin.py:190} INFO - [2024-10-15T01:16:53.074+0000] {dag.py:3239} INFO - Sync 1 DAGs
[2024-10-15T01:16:53.098+0000] {logging_mixin.py:190} INFO - [2024-10-15T01:16:53.098+0000] {dag.py:4180} INFO - Setting next_dagrun for asalex to 2024-10-15 00:00:00+00:00, run_after=2024-10-16 00:00:00+00:00
[2024-10-15T01:16:53.119+0000] {processor.py:208} INFO - Processing /opt/airflow/dags/asalex.py took 0.088 seconds
[2024-10-15T01:17:23.722+0000] {processor.py:186} INFO - Started process (PID=2250) to work on /opt/airflow/dags/asalex.py
[2024-10-15T01:17:23.725+0000] {processor.py:914} INFO - Processing file /opt/airflow/dags/asalex.py for tasks to queue
[2024-10-15T01:17:23.726+0000] {logging_mixin.py:190} INFO - [2024-10-15T01:17:23.725+0000] {dagbag.py:588} INFO - Filling up the DagBag from /opt/airflow/dags/asalex.py
[2024-10-15T01:17:23.735+0000] {processor.py:925} INFO - DAG(s) 'asalex' retrieved from /opt/airflow/dags/asalex.py
[2024-10-15T01:17:23.757+0000] {logging_mixin.py:190} INFO - [2024-10-15T01:17:23.756+0000] {dag.py:3239} INFO - Sync 1 DAGs
[2024-10-15T01:17:23.782+0000] {logging_mixin.py:190} INFO - [2024-10-15T01:17:23.782+0000] {dag.py:4180} INFO - Setting next_dagrun for asalex to 2024-10-15 00:00:00+00:00, run_after=2024-10-16 00:00:00+00:00
[2024-10-15T01:17:23.803+0000] {processor.py:208} INFO - Processing /opt/airflow/dags/asalex.py took 0.087 seconds
[2024-10-15T01:17:53.955+0000] {processor.py:186} INFO - Started process (PID=2314) to work on /opt/airflow/dags/asalex.py
[2024-10-15T01:17:53.956+0000] {processor.py:914} INFO - Processing file /opt/airflow/dags/asalex.py for tasks to queue
[2024-10-15T01:17:53.957+0000] {logging_mixin.py:190} INFO - [2024-10-15T01:17:53.956+0000] {dagbag.py:588} INFO - Filling up the DagBag from /opt/airflow/dags/asalex.py
[2024-10-15T01:17:53.968+0000] {processor.py:925} INFO - DAG(s) 'asalex' retrieved from /opt/airflow/dags/asalex.py
[2024-10-15T01:17:53.988+0000] {logging_mixin.py:190} INFO - [2024-10-15T01:17:53.988+0000] {dag.py:3239} INFO - Sync 1 DAGs
[2024-10-15T01:17:54.019+0000] {logging_mixin.py:190} INFO - [2024-10-15T01:17:54.018+0000] {dag.py:4180} INFO - Setting next_dagrun for asalex to 2024-10-15 00:00:00+00:00, run_after=2024-10-16 00:00:00+00:00
[2024-10-15T01:17:54.040+0000] {processor.py:208} INFO - Processing /opt/airflow/dags/asalex.py took 0.091 seconds
[2024-10-15T01:18:24.406+0000] {processor.py:186} INFO - Started process (PID=2377) to work on /opt/airflow/dags/asalex.py
[2024-10-15T01:18:24.408+0000] {processor.py:914} INFO - Processing file /opt/airflow/dags/asalex.py for tasks to queue
[2024-10-15T01:18:24.409+0000] {logging_mixin.py:190} INFO - [2024-10-15T01:18:24.408+0000] {dagbag.py:588} INFO - Filling up the DagBag from /opt/airflow/dags/asalex.py
[2024-10-15T01:18:24.420+0000] {processor.py:925} INFO - DAG(s) 'asalex' retrieved from /opt/airflow/dags/asalex.py
[2024-10-15T01:18:24.444+0000] {logging_mixin.py:190} INFO - [2024-10-15T01:18:24.444+0000] {dag.py:3239} INFO - Sync 1 DAGs
[2024-10-15T01:18:24.471+0000] {logging_mixin.py:190} INFO - [2024-10-15T01:18:24.470+0000] {dag.py:4180} INFO - Setting next_dagrun for asalex to 2024-10-15 00:00:00+00:00, run_after=2024-10-16 00:00:00+00:00
[2024-10-15T01:18:24.494+0000] {processor.py:208} INFO - Processing /opt/airflow/dags/asalex.py took 0.095 seconds
[2024-10-15T01:18:54.596+0000] {processor.py:186} INFO - Started process (PID=2439) to work on /opt/airflow/dags/asalex.py
[2024-10-15T01:18:54.599+0000] {processor.py:914} INFO - Processing file /opt/airflow/dags/asalex.py for tasks to queue
[2024-10-15T01:18:54.600+0000] {logging_mixin.py:190} INFO - [2024-10-15T01:18:54.599+0000] {dagbag.py:588} INFO - Filling up the DagBag from /opt/airflow/dags/asalex.py
[2024-10-15T01:18:54.610+0000] {processor.py:925} INFO - DAG(s) 'asalex' retrieved from /opt/airflow/dags/asalex.py
[2024-10-15T01:18:54.632+0000] {logging_mixin.py:190} INFO - [2024-10-15T01:18:54.631+0000] {dag.py:3239} INFO - Sync 1 DAGs
[2024-10-15T01:18:54.663+0000] {logging_mixin.py:190} INFO - [2024-10-15T01:18:54.663+0000] {dag.py:4180} INFO - Setting next_dagrun for asalex to 2024-10-15 00:00:00+00:00, run_after=2024-10-16 00:00:00+00:00
[2024-10-15T01:18:54.683+0000] {processor.py:208} INFO - Processing /opt/airflow/dags/asalex.py took 0.094 seconds
[2024-10-15T01:19:25.523+0000] {processor.py:186} INFO - Started process (PID=2502) to work on /opt/airflow/dags/asalex.py
[2024-10-15T01:19:25.524+0000] {processor.py:914} INFO - Processing file /opt/airflow/dags/asalex.py for tasks to queue
[2024-10-15T01:19:25.526+0000] {logging_mixin.py:190} INFO - [2024-10-15T01:19:25.525+0000] {dagbag.py:588} INFO - Filling up the DagBag from /opt/airflow/dags/asalex.py
[2024-10-15T01:19:25.538+0000] {processor.py:925} INFO - DAG(s) 'asalex' retrieved from /opt/airflow/dags/asalex.py
[2024-10-15T01:19:25.559+0000] {logging_mixin.py:190} INFO - [2024-10-15T01:19:25.559+0000] {dag.py:3239} INFO - Sync 1 DAGs
[2024-10-15T01:19:25.584+0000] {logging_mixin.py:190} INFO - [2024-10-15T01:19:25.584+0000] {dag.py:4180} INFO - Setting next_dagrun for asalex to 2024-10-15 00:00:00+00:00, run_after=2024-10-16 00:00:00+00:00
[2024-10-15T01:19:25.604+0000] {processor.py:208} INFO - Processing /opt/airflow/dags/asalex.py took 0.089 seconds
[2024-10-15T01:19:41.150+0000] {processor.py:186} INFO - Started process (PID=2522) to work on /opt/airflow/dags/asalex.py
[2024-10-15T01:19:41.152+0000] {processor.py:914} INFO - Processing file /opt/airflow/dags/asalex.py for tasks to queue
[2024-10-15T01:19:41.153+0000] {logging_mixin.py:190} INFO - [2024-10-15T01:19:41.152+0000] {dagbag.py:588} INFO - Filling up the DagBag from /opt/airflow/dags/asalex.py
[2024-10-15T01:19:41.164+0000] {processor.py:925} INFO - DAG(s) 'asalex' retrieved from /opt/airflow/dags/asalex.py
[2024-10-15T01:19:41.301+0000] {logging_mixin.py:190} INFO - [2024-10-15T01:19:41.300+0000] {dag.py:3239} INFO - Sync 1 DAGs
[2024-10-15T01:19:41.323+0000] {logging_mixin.py:190} INFO - [2024-10-15T01:19:41.323+0000] {dag.py:4180} INFO - Setting next_dagrun for asalex to 2024-10-15 01:18:00+00:00, run_after=2024-10-15 01:19:00+00:00
[2024-10-15T01:19:41.346+0000] {processor.py:208} INFO - Processing /opt/airflow/dags/asalex.py took 0.203 seconds
[2024-10-15T01:20:12.119+0000] {processor.py:186} INFO - Started process (PID=2585) to work on /opt/airflow/dags/asalex.py
[2024-10-15T01:20:12.120+0000] {processor.py:914} INFO - Processing file /opt/airflow/dags/asalex.py for tasks to queue
[2024-10-15T01:20:12.121+0000] {logging_mixin.py:190} INFO - [2024-10-15T01:20:12.121+0000] {dagbag.py:588} INFO - Filling up the DagBag from /opt/airflow/dags/asalex.py
[2024-10-15T01:20:12.133+0000] {processor.py:925} INFO - DAG(s) 'asalex' retrieved from /opt/airflow/dags/asalex.py
[2024-10-15T01:20:12.149+0000] {logging_mixin.py:190} INFO - [2024-10-15T01:20:12.149+0000] {dag.py:3239} INFO - Sync 1 DAGs
[2024-10-15T01:20:12.171+0000] {logging_mixin.py:190} INFO - [2024-10-15T01:20:12.171+0000] {dag.py:4180} INFO - Setting next_dagrun for asalex to 2024-10-15 01:20:00+00:00, run_after=2024-10-15 01:21:00+00:00
[2024-10-15T01:20:12.190+0000] {processor.py:208} INFO - Processing /opt/airflow/dags/asalex.py took 0.077 seconds
[2024-10-15T01:20:42.899+0000] {processor.py:186} INFO - Started process (PID=2649) to work on /opt/airflow/dags/asalex.py
[2024-10-15T01:20:42.900+0000] {processor.py:914} INFO - Processing file /opt/airflow/dags/asalex.py for tasks to queue
[2024-10-15T01:20:42.901+0000] {logging_mixin.py:190} INFO - [2024-10-15T01:20:42.900+0000] {dagbag.py:588} INFO - Filling up the DagBag from /opt/airflow/dags/asalex.py
[2024-10-15T01:20:42.911+0000] {processor.py:925} INFO - DAG(s) 'asalex' retrieved from /opt/airflow/dags/asalex.py
[2024-10-15T01:20:42.935+0000] {logging_mixin.py:190} INFO - [2024-10-15T01:20:42.934+0000] {dag.py:3239} INFO - Sync 1 DAGs
[2024-10-15T01:20:42.959+0000] {logging_mixin.py:190} INFO - [2024-10-15T01:20:42.959+0000] {dag.py:4180} INFO - Setting next_dagrun for asalex to 2024-10-15 01:20:00+00:00, run_after=2024-10-15 01:21:00+00:00
[2024-10-15T01:20:42.987+0000] {processor.py:208} INFO - Processing /opt/airflow/dags/asalex.py took 0.095 seconds
[2024-10-15T01:21:13.277+0000] {processor.py:186} INFO - Started process (PID=2712) to work on /opt/airflow/dags/asalex.py
[2024-10-15T01:21:13.279+0000] {processor.py:914} INFO - Processing file /opt/airflow/dags/asalex.py for tasks to queue
[2024-10-15T01:21:13.280+0000] {logging_mixin.py:190} INFO - [2024-10-15T01:21:13.279+0000] {dagbag.py:588} INFO - Filling up the DagBag from /opt/airflow/dags/asalex.py
[2024-10-15T01:21:13.291+0000] {processor.py:925} INFO - DAG(s) 'asalex' retrieved from /opt/airflow/dags/asalex.py
[2024-10-15T01:21:13.314+0000] {logging_mixin.py:190} INFO - [2024-10-15T01:21:13.314+0000] {dag.py:3239} INFO - Sync 1 DAGs
[2024-10-15T01:21:13.339+0000] {logging_mixin.py:190} INFO - [2024-10-15T01:21:13.339+0000] {dag.py:4180} INFO - Setting next_dagrun for asalex to 2024-10-15 01:21:00+00:00, run_after=2024-10-15 01:22:00+00:00
[2024-10-15T01:21:13.359+0000] {processor.py:208} INFO - Processing /opt/airflow/dags/asalex.py took 0.089 seconds
[2024-10-15T01:21:43.960+0000] {processor.py:186} INFO - Started process (PID=2775) to work on /opt/airflow/dags/asalex.py
[2024-10-15T01:21:43.961+0000] {processor.py:914} INFO - Processing file /opt/airflow/dags/asalex.py for tasks to queue
[2024-10-15T01:21:43.963+0000] {logging_mixin.py:190} INFO - [2024-10-15T01:21:43.963+0000] {dagbag.py:588} INFO - Filling up the DagBag from /opt/airflow/dags/asalex.py
[2024-10-15T01:21:43.975+0000] {processor.py:925} INFO - DAG(s) 'asalex' retrieved from /opt/airflow/dags/asalex.py
[2024-10-15T01:21:43.996+0000] {logging_mixin.py:190} INFO - [2024-10-15T01:21:43.996+0000] {dag.py:3239} INFO - Sync 1 DAGs
[2024-10-15T01:21:44.023+0000] {logging_mixin.py:190} INFO - [2024-10-15T01:21:44.021+0000] {dag.py:4180} INFO - Setting next_dagrun for asalex to 2024-10-15 01:21:00+00:00, run_after=2024-10-15 01:22:00+00:00
[2024-10-15T01:21:44.042+0000] {processor.py:208} INFO - Processing /opt/airflow/dags/asalex.py took 0.088 seconds
[2024-10-15T01:22:14.754+0000] {processor.py:186} INFO - Started process (PID=2837) to work on /opt/airflow/dags/asalex.py
[2024-10-15T01:22:14.755+0000] {processor.py:914} INFO - Processing file /opt/airflow/dags/asalex.py for tasks to queue
[2024-10-15T01:22:14.756+0000] {logging_mixin.py:190} INFO - [2024-10-15T01:22:14.756+0000] {dagbag.py:588} INFO - Filling up the DagBag from /opt/airflow/dags/asalex.py
[2024-10-15T01:22:14.764+0000] {processor.py:925} INFO - DAG(s) 'asalex' retrieved from /opt/airflow/dags/asalex.py
[2024-10-15T01:22:14.779+0000] {logging_mixin.py:190} INFO - [2024-10-15T01:22:14.779+0000] {dag.py:3239} INFO - Sync 1 DAGs
[2024-10-15T01:22:14.805+0000] {logging_mixin.py:190} INFO - [2024-10-15T01:22:14.804+0000] {dag.py:4180} INFO - Setting next_dagrun for asalex to 2024-10-15 01:22:00+00:00, run_after=2024-10-15 01:23:00+00:00
[2024-10-15T01:22:14.818+0000] {processor.py:208} INFO - Processing /opt/airflow/dags/asalex.py took 0.069 seconds
[2024-10-15T01:22:45.171+0000] {processor.py:186} INFO - Started process (PID=2900) to work on /opt/airflow/dags/asalex.py
[2024-10-15T01:22:45.172+0000] {processor.py:914} INFO - Processing file /opt/airflow/dags/asalex.py for tasks to queue
[2024-10-15T01:22:45.172+0000] {logging_mixin.py:190} INFO - [2024-10-15T01:22:45.172+0000] {dagbag.py:588} INFO - Filling up the DagBag from /opt/airflow/dags/asalex.py
[2024-10-15T01:22:45.184+0000] {processor.py:925} INFO - DAG(s) 'asalex' retrieved from /opt/airflow/dags/asalex.py
[2024-10-15T01:22:45.208+0000] {logging_mixin.py:190} INFO - [2024-10-15T01:22:45.208+0000] {dag.py:3239} INFO - Sync 1 DAGs
[2024-10-15T01:22:45.234+0000] {logging_mixin.py:190} INFO - [2024-10-15T01:22:45.233+0000] {dag.py:4180} INFO - Setting next_dagrun for asalex to 2024-10-15 01:22:00+00:00, run_after=2024-10-15 01:23:00+00:00
[2024-10-15T01:22:45.256+0000] {processor.py:208} INFO - Processing /opt/airflow/dags/asalex.py took 0.092 seconds
[2024-10-15T01:23:16.153+0000] {processor.py:186} INFO - Started process (PID=2964) to work on /opt/airflow/dags/asalex.py
[2024-10-15T01:23:16.154+0000] {processor.py:914} INFO - Processing file /opt/airflow/dags/asalex.py for tasks to queue
[2024-10-15T01:23:16.155+0000] {logging_mixin.py:190} INFO - [2024-10-15T01:23:16.155+0000] {dagbag.py:588} INFO - Filling up the DagBag from /opt/airflow/dags/asalex.py
[2024-10-15T01:23:16.168+0000] {processor.py:925} INFO - DAG(s) 'asalex' retrieved from /opt/airflow/dags/asalex.py
[2024-10-15T01:23:16.188+0000] {logging_mixin.py:190} INFO - [2024-10-15T01:23:16.188+0000] {dag.py:3239} INFO - Sync 1 DAGs
[2024-10-15T01:23:16.213+0000] {logging_mixin.py:190} INFO - [2024-10-15T01:23:16.213+0000] {dag.py:4180} INFO - Setting next_dagrun for asalex to 2024-10-15 01:23:00+00:00, run_after=2024-10-15 01:24:00+00:00
[2024-10-15T01:23:16.235+0000] {processor.py:208} INFO - Processing /opt/airflow/dags/asalex.py took 0.088 seconds
