[2024-10-15T00:50:06.673+0000] {processor.py:186} INFO - Started process (PID=75) to work on /home/airflow/.local/lib/python3.12/site-packages/airflow/example_dags/example_sensors.py
[2024-10-15T00:50:06.674+0000] {processor.py:914} INFO - Processing file /home/airflow/.local/lib/python3.12/site-packages/airflow/example_dags/example_sensors.py for tasks to queue
[2024-10-15T00:50:06.676+0000] {logging_mixin.py:190} INFO - [2024-10-15T00:50:06.676+0000] {dagbag.py:588} INFO - Filling up the DagBag from /home/airflow/.local/lib/python3.12/site-packages/airflow/example_dags/example_sensors.py
[2024-10-15T00:50:06.714+0000] {processor.py:925} INFO - DAG(s) 'example_sensors' retrieved from /home/airflow/.local/lib/python3.12/site-packages/airflow/example_dags/example_sensors.py
[2024-10-15T00:50:07.096+0000] {logging_mixin.py:190} INFO - [2024-10-15T00:50:07.095+0000] {override.py:1900} INFO - Created Permission View: can edit on DAG:example_sensors
[2024-10-15T00:50:07.119+0000] {logging_mixin.py:190} INFO - [2024-10-15T00:50:07.119+0000] {override.py:1900} INFO - Created Permission View: can read on DAG:example_sensors
[2024-10-15T00:50:07.125+0000] {logging_mixin.py:190} INFO - [2024-10-15T00:50:07.124+0000] {override.py:1900} INFO - Created Permission View: can delete on DAG:example_sensors
[2024-10-15T00:50:07.138+0000] {logging_mixin.py:190} INFO - [2024-10-15T00:50:07.138+0000] {override.py:1900} INFO - Created Permission View: menu access on DAG Run:example_sensors
[2024-10-15T00:50:07.145+0000] {logging_mixin.py:190} INFO - [2024-10-15T00:50:07.144+0000] {override.py:1900} INFO - Created Permission View: can delete on DAG Run:example_sensors
[2024-10-15T00:50:07.160+0000] {logging_mixin.py:190} INFO - [2024-10-15T00:50:07.159+0000] {override.py:1900} INFO - Created Permission View: can read on DAG Run:example_sensors
[2024-10-15T00:50:07.165+0000] {logging_mixin.py:190} INFO - [2024-10-15T00:50:07.164+0000] {override.py:1900} INFO - Created Permission View: can create on DAG Run:example_sensors
[2024-10-15T00:50:07.165+0000] {logging_mixin.py:190} INFO - [2024-10-15T00:50:07.165+0000] {dag.py:3239} INFO - Sync 1 DAGs
[2024-10-15T00:50:07.188+0000] {logging_mixin.py:190} INFO - [2024-10-15T00:50:07.187+0000] {dag.py:3262} INFO - Creating ORM DAG for example_sensors
[2024-10-15T00:50:07.188+0000] {logging_mixin.py:190} INFO - [2024-10-15T00:50:07.188+0000] {dag.py:4180} INFO - Setting next_dagrun for example_sensors to None, run_after=None
[2024-10-15T00:50:07.238+0000] {processor.py:208} INFO - Processing /home/airflow/.local/lib/python3.12/site-packages/airflow/example_dags/example_sensors.py took 0.586 seconds
[2024-10-15T00:59:46.637+0000] {processor.py:186} INFO - Started process (PID=79) to work on /home/airflow/.local/lib/python3.12/site-packages/airflow/example_dags/example_sensors.py
[2024-10-15T00:59:46.638+0000] {processor.py:914} INFO - Processing file /home/airflow/.local/lib/python3.12/site-packages/airflow/example_dags/example_sensors.py for tasks to queue
[2024-10-15T00:59:46.640+0000] {logging_mixin.py:190} INFO - [2024-10-15T00:59:46.640+0000] {dagbag.py:588} INFO - Filling up the DagBag from /home/airflow/.local/lib/python3.12/site-packages/airflow/example_dags/example_sensors.py
[2024-10-15T00:59:46.658+0000] {processor.py:925} INFO - DAG(s) 'example_sensors' retrieved from /home/airflow/.local/lib/python3.12/site-packages/airflow/example_dags/example_sensors.py
[2024-10-15T00:59:46.753+0000] {logging_mixin.py:190} INFO - [2024-10-15T00:59:46.753+0000] {dag.py:3239} INFO - Sync 1 DAGs
[2024-10-15T00:59:46.800+0000] {logging_mixin.py:190} INFO - [2024-10-15T00:59:46.800+0000] {dag.py:4180} INFO - Setting next_dagrun for example_sensors to None, run_after=None
[2024-10-15T00:59:46.851+0000] {processor.py:208} INFO - Processing /home/airflow/.local/lib/python3.12/site-packages/airflow/example_dags/example_sensors.py took 0.232 seconds
[2024-10-15T01:00:17.227+0000] {processor.py:186} INFO - Started process (PID=141) to work on /home/airflow/.local/lib/python3.12/site-packages/airflow/example_dags/example_sensors.py
[2024-10-15T01:00:17.229+0000] {processor.py:914} INFO - Processing file /home/airflow/.local/lib/python3.12/site-packages/airflow/example_dags/example_sensors.py for tasks to queue
[2024-10-15T01:00:17.231+0000] {logging_mixin.py:190} INFO - [2024-10-15T01:00:17.231+0000] {dagbag.py:588} INFO - Filling up the DagBag from /home/airflow/.local/lib/python3.12/site-packages/airflow/example_dags/example_sensors.py
[2024-10-15T01:00:17.259+0000] {processor.py:925} INFO - DAG(s) 'example_sensors' retrieved from /home/airflow/.local/lib/python3.12/site-packages/airflow/example_dags/example_sensors.py
[2024-10-15T01:00:17.298+0000] {logging_mixin.py:190} INFO - [2024-10-15T01:00:17.298+0000] {dag.py:3239} INFO - Sync 1 DAGs
[2024-10-15T01:00:17.315+0000] {logging_mixin.py:190} INFO - [2024-10-15T01:00:17.315+0000] {dag.py:4180} INFO - Setting next_dagrun for example_sensors to None, run_after=None
[2024-10-15T01:00:17.335+0000] {processor.py:208} INFO - Processing /home/airflow/.local/lib/python3.12/site-packages/airflow/example_dags/example_sensors.py took 0.133 seconds
[2024-10-15T01:00:48.127+0000] {processor.py:186} INFO - Started process (PID=203) to work on /home/airflow/.local/lib/python3.12/site-packages/airflow/example_dags/example_sensors.py
[2024-10-15T01:00:48.131+0000] {processor.py:914} INFO - Processing file /home/airflow/.local/lib/python3.12/site-packages/airflow/example_dags/example_sensors.py for tasks to queue
[2024-10-15T01:00:48.134+0000] {logging_mixin.py:190} INFO - [2024-10-15T01:00:48.133+0000] {dagbag.py:588} INFO - Filling up the DagBag from /home/airflow/.local/lib/python3.12/site-packages/airflow/example_dags/example_sensors.py
[2024-10-15T01:00:48.162+0000] {processor.py:925} INFO - DAG(s) 'example_sensors' retrieved from /home/airflow/.local/lib/python3.12/site-packages/airflow/example_dags/example_sensors.py
[2024-10-15T01:00:48.214+0000] {logging_mixin.py:190} INFO - [2024-10-15T01:00:48.213+0000] {dag.py:3239} INFO - Sync 1 DAGs
[2024-10-15T01:00:48.263+0000] {logging_mixin.py:190} INFO - [2024-10-15T01:00:48.263+0000] {dag.py:4180} INFO - Setting next_dagrun for example_sensors to None, run_after=None
[2024-10-15T01:00:48.301+0000] {processor.py:208} INFO - Processing /home/airflow/.local/lib/python3.12/site-packages/airflow/example_dags/example_sensors.py took 0.191 seconds
[2024-10-15T01:01:18.965+0000] {processor.py:186} INFO - Started process (PID=264) to work on /home/airflow/.local/lib/python3.12/site-packages/airflow/example_dags/example_sensors.py
[2024-10-15T01:01:18.968+0000] {processor.py:914} INFO - Processing file /home/airflow/.local/lib/python3.12/site-packages/airflow/example_dags/example_sensors.py for tasks to queue
[2024-10-15T01:01:18.970+0000] {logging_mixin.py:190} INFO - [2024-10-15T01:01:18.969+0000] {dagbag.py:588} INFO - Filling up the DagBag from /home/airflow/.local/lib/python3.12/site-packages/airflow/example_dags/example_sensors.py
[2024-10-15T01:01:18.980+0000] {processor.py:925} INFO - DAG(s) 'example_sensors' retrieved from /home/airflow/.local/lib/python3.12/site-packages/airflow/example_dags/example_sensors.py
[2024-10-15T01:01:19.015+0000] {logging_mixin.py:190} INFO - [2024-10-15T01:01:19.015+0000] {dag.py:3239} INFO - Sync 1 DAGs
[2024-10-15T01:01:19.027+0000] {logging_mixin.py:190} INFO - [2024-10-15T01:01:19.027+0000] {dag.py:4180} INFO - Setting next_dagrun for example_sensors to None, run_after=None
[2024-10-15T01:01:19.051+0000] {processor.py:208} INFO - Processing /home/airflow/.local/lib/python3.12/site-packages/airflow/example_dags/example_sensors.py took 0.092 seconds
[2024-10-15T01:01:49.950+0000] {processor.py:186} INFO - Started process (PID=326) to work on /home/airflow/.local/lib/python3.12/site-packages/airflow/example_dags/example_sensors.py
[2024-10-15T01:01:49.951+0000] {processor.py:914} INFO - Processing file /home/airflow/.local/lib/python3.12/site-packages/airflow/example_dags/example_sensors.py for tasks to queue
[2024-10-15T01:01:49.955+0000] {logging_mixin.py:190} INFO - [2024-10-15T01:01:49.954+0000] {dagbag.py:588} INFO - Filling up the DagBag from /home/airflow/.local/lib/python3.12/site-packages/airflow/example_dags/example_sensors.py
[2024-10-15T01:01:49.967+0000] {processor.py:925} INFO - DAG(s) 'example_sensors' retrieved from /home/airflow/.local/lib/python3.12/site-packages/airflow/example_dags/example_sensors.py
[2024-10-15T01:01:49.992+0000] {logging_mixin.py:190} INFO - [2024-10-15T01:01:49.992+0000] {dag.py:3239} INFO - Sync 1 DAGs
[2024-10-15T01:01:50.008+0000] {logging_mixin.py:190} INFO - [2024-10-15T01:01:50.008+0000] {dag.py:4180} INFO - Setting next_dagrun for example_sensors to None, run_after=None
[2024-10-15T01:01:50.038+0000] {processor.py:208} INFO - Processing /home/airflow/.local/lib/python3.12/site-packages/airflow/example_dags/example_sensors.py took 0.094 seconds
[2024-10-15T01:02:20.866+0000] {processor.py:186} INFO - Started process (PID=387) to work on /home/airflow/.local/lib/python3.12/site-packages/airflow/example_dags/example_sensors.py
[2024-10-15T01:02:20.868+0000] {processor.py:914} INFO - Processing file /home/airflow/.local/lib/python3.12/site-packages/airflow/example_dags/example_sensors.py for tasks to queue
[2024-10-15T01:02:20.870+0000] {logging_mixin.py:190} INFO - [2024-10-15T01:02:20.870+0000] {dagbag.py:588} INFO - Filling up the DagBag from /home/airflow/.local/lib/python3.12/site-packages/airflow/example_dags/example_sensors.py
[2024-10-15T01:02:20.921+0000] {processor.py:925} INFO - DAG(s) 'example_sensors' retrieved from /home/airflow/.local/lib/python3.12/site-packages/airflow/example_dags/example_sensors.py
[2024-10-15T01:02:21.018+0000] {logging_mixin.py:190} INFO - [2024-10-15T01:02:21.018+0000] {dag.py:3239} INFO - Sync 1 DAGs
[2024-10-15T01:02:21.048+0000] {logging_mixin.py:190} INFO - [2024-10-15T01:02:21.048+0000] {dag.py:4180} INFO - Setting next_dagrun for example_sensors to None, run_after=None
[2024-10-15T01:02:21.096+0000] {processor.py:208} INFO - Processing /home/airflow/.local/lib/python3.12/site-packages/airflow/example_dags/example_sensors.py took 0.248 seconds
[2024-10-15T01:02:51.471+0000] {processor.py:186} INFO - Started process (PID=449) to work on /home/airflow/.local/lib/python3.12/site-packages/airflow/example_dags/example_sensors.py
[2024-10-15T01:02:51.472+0000] {processor.py:914} INFO - Processing file /home/airflow/.local/lib/python3.12/site-packages/airflow/example_dags/example_sensors.py for tasks to queue
[2024-10-15T01:02:51.475+0000] {logging_mixin.py:190} INFO - [2024-10-15T01:02:51.474+0000] {dagbag.py:588} INFO - Filling up the DagBag from /home/airflow/.local/lib/python3.12/site-packages/airflow/example_dags/example_sensors.py
[2024-10-15T01:02:51.487+0000] {processor.py:925} INFO - DAG(s) 'example_sensors' retrieved from /home/airflow/.local/lib/python3.12/site-packages/airflow/example_dags/example_sensors.py
[2024-10-15T01:02:51.514+0000] {logging_mixin.py:190} INFO - [2024-10-15T01:02:51.514+0000] {dag.py:3239} INFO - Sync 1 DAGs
[2024-10-15T01:02:51.531+0000] {logging_mixin.py:190} INFO - [2024-10-15T01:02:51.531+0000] {dag.py:4180} INFO - Setting next_dagrun for example_sensors to None, run_after=None
[2024-10-15T01:02:51.548+0000] {processor.py:208} INFO - Processing /home/airflow/.local/lib/python3.12/site-packages/airflow/example_dags/example_sensors.py took 0.083 seconds
[2024-10-15T01:03:22.307+0000] {processor.py:186} INFO - Started process (PID=511) to work on /home/airflow/.local/lib/python3.12/site-packages/airflow/example_dags/example_sensors.py
[2024-10-15T01:03:22.318+0000] {processor.py:914} INFO - Processing file /home/airflow/.local/lib/python3.12/site-packages/airflow/example_dags/example_sensors.py for tasks to queue
[2024-10-15T01:03:22.323+0000] {logging_mixin.py:190} INFO - [2024-10-15T01:03:22.322+0000] {dagbag.py:588} INFO - Filling up the DagBag from /home/airflow/.local/lib/python3.12/site-packages/airflow/example_dags/example_sensors.py
[2024-10-15T01:03:22.332+0000] {processor.py:925} INFO - DAG(s) 'example_sensors' retrieved from /home/airflow/.local/lib/python3.12/site-packages/airflow/example_dags/example_sensors.py
[2024-10-15T01:03:22.359+0000] {logging_mixin.py:190} INFO - [2024-10-15T01:03:22.359+0000] {dag.py:3239} INFO - Sync 1 DAGs
[2024-10-15T01:03:22.372+0000] {logging_mixin.py:190} INFO - [2024-10-15T01:03:22.372+0000] {dag.py:4180} INFO - Setting next_dagrun for example_sensors to None, run_after=None
[2024-10-15T01:03:22.393+0000] {processor.py:208} INFO - Processing /home/airflow/.local/lib/python3.12/site-packages/airflow/example_dags/example_sensors.py took 0.091 seconds
[2024-10-15T01:03:53.330+0000] {processor.py:186} INFO - Started process (PID=573) to work on /home/airflow/.local/lib/python3.12/site-packages/airflow/example_dags/example_sensors.py
[2024-10-15T01:03:53.338+0000] {processor.py:914} INFO - Processing file /home/airflow/.local/lib/python3.12/site-packages/airflow/example_dags/example_sensors.py for tasks to queue
[2024-10-15T01:03:53.340+0000] {logging_mixin.py:190} INFO - [2024-10-15T01:03:53.339+0000] {dagbag.py:588} INFO - Filling up the DagBag from /home/airflow/.local/lib/python3.12/site-packages/airflow/example_dags/example_sensors.py
[2024-10-15T01:03:53.351+0000] {processor.py:925} INFO - DAG(s) 'example_sensors' retrieved from /home/airflow/.local/lib/python3.12/site-packages/airflow/example_dags/example_sensors.py
[2024-10-15T01:03:53.383+0000] {logging_mixin.py:190} INFO - [2024-10-15T01:03:53.383+0000] {dag.py:3239} INFO - Sync 1 DAGs
[2024-10-15T01:03:53.406+0000] {logging_mixin.py:190} INFO - [2024-10-15T01:03:53.406+0000] {dag.py:4180} INFO - Setting next_dagrun for example_sensors to None, run_after=None
[2024-10-15T01:03:53.426+0000] {processor.py:208} INFO - Processing /home/airflow/.local/lib/python3.12/site-packages/airflow/example_dags/example_sensors.py took 0.106 seconds
[2024-10-15T01:04:23.616+0000] {processor.py:186} INFO - Started process (PID=635) to work on /home/airflow/.local/lib/python3.12/site-packages/airflow/example_dags/example_sensors.py
[2024-10-15T01:04:23.617+0000] {processor.py:914} INFO - Processing file /home/airflow/.local/lib/python3.12/site-packages/airflow/example_dags/example_sensors.py for tasks to queue
[2024-10-15T01:04:23.620+0000] {logging_mixin.py:190} INFO - [2024-10-15T01:04:23.619+0000] {dagbag.py:588} INFO - Filling up the DagBag from /home/airflow/.local/lib/python3.12/site-packages/airflow/example_dags/example_sensors.py
[2024-10-15T01:04:23.632+0000] {processor.py:925} INFO - DAG(s) 'example_sensors' retrieved from /home/airflow/.local/lib/python3.12/site-packages/airflow/example_dags/example_sensors.py
[2024-10-15T01:04:23.666+0000] {logging_mixin.py:190} INFO - [2024-10-15T01:04:23.666+0000] {dag.py:3239} INFO - Sync 1 DAGs
[2024-10-15T01:04:23.684+0000] {logging_mixin.py:190} INFO - [2024-10-15T01:04:23.684+0000] {dag.py:4180} INFO - Setting next_dagrun for example_sensors to None, run_after=None
[2024-10-15T01:04:23.706+0000] {processor.py:208} INFO - Processing /home/airflow/.local/lib/python3.12/site-packages/airflow/example_dags/example_sensors.py took 0.096 seconds
[2024-10-15T01:04:53.939+0000] {processor.py:186} INFO - Started process (PID=697) to work on /home/airflow/.local/lib/python3.12/site-packages/airflow/example_dags/example_sensors.py
[2024-10-15T01:04:53.939+0000] {processor.py:914} INFO - Processing file /home/airflow/.local/lib/python3.12/site-packages/airflow/example_dags/example_sensors.py for tasks to queue
[2024-10-15T01:04:53.947+0000] {logging_mixin.py:190} INFO - [2024-10-15T01:04:53.945+0000] {dagbag.py:588} INFO - Filling up the DagBag from /home/airflow/.local/lib/python3.12/site-packages/airflow/example_dags/example_sensors.py
[2024-10-15T01:04:53.965+0000] {processor.py:925} INFO - DAG(s) 'example_sensors' retrieved from /home/airflow/.local/lib/python3.12/site-packages/airflow/example_dags/example_sensors.py
[2024-10-15T01:04:53.990+0000] {logging_mixin.py:190} INFO - [2024-10-15T01:04:53.990+0000] {dag.py:3239} INFO - Sync 1 DAGs
[2024-10-15T01:04:54.007+0000] {logging_mixin.py:190} INFO - [2024-10-15T01:04:54.007+0000] {dag.py:4180} INFO - Setting next_dagrun for example_sensors to None, run_after=None
[2024-10-15T01:04:54.025+0000] {processor.py:208} INFO - Processing /home/airflow/.local/lib/python3.12/site-packages/airflow/example_dags/example_sensors.py took 0.091 seconds
[2024-10-15T01:05:24.716+0000] {processor.py:186} INFO - Started process (PID=759) to work on /home/airflow/.local/lib/python3.12/site-packages/airflow/example_dags/example_sensors.py
[2024-10-15T01:05:24.719+0000] {processor.py:914} INFO - Processing file /home/airflow/.local/lib/python3.12/site-packages/airflow/example_dags/example_sensors.py for tasks to queue
[2024-10-15T01:05:24.725+0000] {logging_mixin.py:190} INFO - [2024-10-15T01:05:24.723+0000] {dagbag.py:588} INFO - Filling up the DagBag from /home/airflow/.local/lib/python3.12/site-packages/airflow/example_dags/example_sensors.py
[2024-10-15T01:05:24.741+0000] {processor.py:925} INFO - DAG(s) 'example_sensors' retrieved from /home/airflow/.local/lib/python3.12/site-packages/airflow/example_dags/example_sensors.py
[2024-10-15T01:05:24.767+0000] {logging_mixin.py:190} INFO - [2024-10-15T01:05:24.767+0000] {dag.py:3239} INFO - Sync 1 DAGs
[2024-10-15T01:05:24.782+0000] {logging_mixin.py:190} INFO - [2024-10-15T01:05:24.781+0000] {dag.py:4180} INFO - Setting next_dagrun for example_sensors to None, run_after=None
[2024-10-15T01:05:24.804+0000] {processor.py:208} INFO - Processing /home/airflow/.local/lib/python3.12/site-packages/airflow/example_dags/example_sensors.py took 0.094 seconds
[2024-10-15T01:05:55.268+0000] {processor.py:186} INFO - Started process (PID=822) to work on /home/airflow/.local/lib/python3.12/site-packages/airflow/example_dags/example_sensors.py
[2024-10-15T01:05:55.269+0000] {processor.py:914} INFO - Processing file /home/airflow/.local/lib/python3.12/site-packages/airflow/example_dags/example_sensors.py for tasks to queue
[2024-10-15T01:05:55.271+0000] {logging_mixin.py:190} INFO - [2024-10-15T01:05:55.271+0000] {dagbag.py:588} INFO - Filling up the DagBag from /home/airflow/.local/lib/python3.12/site-packages/airflow/example_dags/example_sensors.py
[2024-10-15T01:05:55.285+0000] {processor.py:925} INFO - DAG(s) 'example_sensors' retrieved from /home/airflow/.local/lib/python3.12/site-packages/airflow/example_dags/example_sensors.py
[2024-10-15T01:05:55.309+0000] {logging_mixin.py:190} INFO - [2024-10-15T01:05:55.308+0000] {dag.py:3239} INFO - Sync 1 DAGs
[2024-10-15T01:05:55.323+0000] {logging_mixin.py:190} INFO - [2024-10-15T01:05:55.323+0000] {dag.py:4180} INFO - Setting next_dagrun for example_sensors to None, run_after=None
[2024-10-15T01:05:55.344+0000] {processor.py:208} INFO - Processing /home/airflow/.local/lib/python3.12/site-packages/airflow/example_dags/example_sensors.py took 0.083 seconds
[2024-10-15T01:06:26.116+0000] {processor.py:186} INFO - Started process (PID=884) to work on /home/airflow/.local/lib/python3.12/site-packages/airflow/example_dags/example_sensors.py
[2024-10-15T01:06:26.119+0000] {processor.py:914} INFO - Processing file /home/airflow/.local/lib/python3.12/site-packages/airflow/example_dags/example_sensors.py for tasks to queue
[2024-10-15T01:06:26.122+0000] {logging_mixin.py:190} INFO - [2024-10-15T01:06:26.120+0000] {dagbag.py:588} INFO - Filling up the DagBag from /home/airflow/.local/lib/python3.12/site-packages/airflow/example_dags/example_sensors.py
[2024-10-15T01:06:26.133+0000] {processor.py:925} INFO - DAG(s) 'example_sensors' retrieved from /home/airflow/.local/lib/python3.12/site-packages/airflow/example_dags/example_sensors.py
[2024-10-15T01:06:26.159+0000] {logging_mixin.py:190} INFO - [2024-10-15T01:06:26.158+0000] {dag.py:3239} INFO - Sync 1 DAGs
[2024-10-15T01:06:26.174+0000] {logging_mixin.py:190} INFO - [2024-10-15T01:06:26.174+0000] {dag.py:4180} INFO - Setting next_dagrun for example_sensors to None, run_after=None
[2024-10-15T01:06:26.193+0000] {processor.py:208} INFO - Processing /home/airflow/.local/lib/python3.12/site-packages/airflow/example_dags/example_sensors.py took 0.082 seconds
[2024-10-15T01:06:57.103+0000] {processor.py:186} INFO - Started process (PID=946) to work on /home/airflow/.local/lib/python3.12/site-packages/airflow/example_dags/example_sensors.py
[2024-10-15T01:06:57.104+0000] {processor.py:914} INFO - Processing file /home/airflow/.local/lib/python3.12/site-packages/airflow/example_dags/example_sensors.py for tasks to queue
[2024-10-15T01:06:57.107+0000] {logging_mixin.py:190} INFO - [2024-10-15T01:06:57.107+0000] {dagbag.py:588} INFO - Filling up the DagBag from /home/airflow/.local/lib/python3.12/site-packages/airflow/example_dags/example_sensors.py
[2024-10-15T01:06:57.118+0000] {processor.py:925} INFO - DAG(s) 'example_sensors' retrieved from /home/airflow/.local/lib/python3.12/site-packages/airflow/example_dags/example_sensors.py
[2024-10-15T01:06:57.146+0000] {logging_mixin.py:190} INFO - [2024-10-15T01:06:57.145+0000] {dag.py:3239} INFO - Sync 1 DAGs
[2024-10-15T01:06:57.159+0000] {logging_mixin.py:190} INFO - [2024-10-15T01:06:57.159+0000] {dag.py:4180} INFO - Setting next_dagrun for example_sensors to None, run_after=None
[2024-10-15T01:06:57.178+0000] {processor.py:208} INFO - Processing /home/airflow/.local/lib/python3.12/site-packages/airflow/example_dags/example_sensors.py took 0.079 seconds
[2024-10-15T01:07:27.986+0000] {processor.py:186} INFO - Started process (PID=1009) to work on /home/airflow/.local/lib/python3.12/site-packages/airflow/example_dags/example_sensors.py
[2024-10-15T01:07:27.990+0000] {processor.py:914} INFO - Processing file /home/airflow/.local/lib/python3.12/site-packages/airflow/example_dags/example_sensors.py for tasks to queue
[2024-10-15T01:07:27.992+0000] {logging_mixin.py:190} INFO - [2024-10-15T01:07:27.992+0000] {dagbag.py:588} INFO - Filling up the DagBag from /home/airflow/.local/lib/python3.12/site-packages/airflow/example_dags/example_sensors.py
[2024-10-15T01:07:28.019+0000] {processor.py:925} INFO - DAG(s) 'example_sensors' retrieved from /home/airflow/.local/lib/python3.12/site-packages/airflow/example_dags/example_sensors.py
[2024-10-15T01:07:28.071+0000] {logging_mixin.py:190} INFO - [2024-10-15T01:07:28.071+0000] {dag.py:3239} INFO - Sync 1 DAGs
[2024-10-15T01:07:28.109+0000] {logging_mixin.py:190} INFO - [2024-10-15T01:07:28.108+0000] {dag.py:4180} INFO - Setting next_dagrun for example_sensors to None, run_after=None
[2024-10-15T01:07:28.139+0000] {processor.py:208} INFO - Processing /home/airflow/.local/lib/python3.12/site-packages/airflow/example_dags/example_sensors.py took 0.171 seconds
[2024-10-15T01:07:58.516+0000] {processor.py:186} INFO - Started process (PID=1071) to work on /home/airflow/.local/lib/python3.12/site-packages/airflow/example_dags/example_sensors.py
[2024-10-15T01:07:58.518+0000] {processor.py:914} INFO - Processing file /home/airflow/.local/lib/python3.12/site-packages/airflow/example_dags/example_sensors.py for tasks to queue
[2024-10-15T01:07:58.526+0000] {logging_mixin.py:190} INFO - [2024-10-15T01:07:58.519+0000] {dagbag.py:588} INFO - Filling up the DagBag from /home/airflow/.local/lib/python3.12/site-packages/airflow/example_dags/example_sensors.py
[2024-10-15T01:07:58.536+0000] {processor.py:925} INFO - DAG(s) 'example_sensors' retrieved from /home/airflow/.local/lib/python3.12/site-packages/airflow/example_dags/example_sensors.py
[2024-10-15T01:07:58.600+0000] {logging_mixin.py:190} INFO - [2024-10-15T01:07:58.600+0000] {dag.py:3239} INFO - Sync 1 DAGs
[2024-10-15T01:07:58.626+0000] {logging_mixin.py:190} INFO - [2024-10-15T01:07:58.626+0000] {dag.py:4180} INFO - Setting next_dagrun for example_sensors to None, run_after=None
[2024-10-15T01:07:58.661+0000] {processor.py:208} INFO - Processing /home/airflow/.local/lib/python3.12/site-packages/airflow/example_dags/example_sensors.py took 0.162 seconds
[2024-10-15T01:08:29.359+0000] {processor.py:186} INFO - Started process (PID=1133) to work on /home/airflow/.local/lib/python3.12/site-packages/airflow/example_dags/example_sensors.py
[2024-10-15T01:08:29.363+0000] {processor.py:914} INFO - Processing file /home/airflow/.local/lib/python3.12/site-packages/airflow/example_dags/example_sensors.py for tasks to queue
[2024-10-15T01:08:29.366+0000] {logging_mixin.py:190} INFO - [2024-10-15T01:08:29.366+0000] {dagbag.py:588} INFO - Filling up the DagBag from /home/airflow/.local/lib/python3.12/site-packages/airflow/example_dags/example_sensors.py
[2024-10-15T01:08:29.381+0000] {processor.py:925} INFO - DAG(s) 'example_sensors' retrieved from /home/airflow/.local/lib/python3.12/site-packages/airflow/example_dags/example_sensors.py
[2024-10-15T01:08:29.408+0000] {logging_mixin.py:190} INFO - [2024-10-15T01:08:29.408+0000] {dag.py:3239} INFO - Sync 1 DAGs
[2024-10-15T01:08:29.428+0000] {logging_mixin.py:190} INFO - [2024-10-15T01:08:29.428+0000] {dag.py:4180} INFO - Setting next_dagrun for example_sensors to None, run_after=None
[2024-10-15T01:08:29.448+0000] {processor.py:208} INFO - Processing /home/airflow/.local/lib/python3.12/site-packages/airflow/example_dags/example_sensors.py took 0.098 seconds
[2024-10-15T01:08:59.553+0000] {processor.py:186} INFO - Started process (PID=1194) to work on /home/airflow/.local/lib/python3.12/site-packages/airflow/example_dags/example_sensors.py
[2024-10-15T01:08:59.555+0000] {processor.py:914} INFO - Processing file /home/airflow/.local/lib/python3.12/site-packages/airflow/example_dags/example_sensors.py for tasks to queue
[2024-10-15T01:08:59.565+0000] {logging_mixin.py:190} INFO - [2024-10-15T01:08:59.563+0000] {dagbag.py:588} INFO - Filling up the DagBag from /home/airflow/.local/lib/python3.12/site-packages/airflow/example_dags/example_sensors.py
[2024-10-15T01:08:59.576+0000] {processor.py:925} INFO - DAG(s) 'example_sensors' retrieved from /home/airflow/.local/lib/python3.12/site-packages/airflow/example_dags/example_sensors.py
[2024-10-15T01:08:59.605+0000] {logging_mixin.py:190} INFO - [2024-10-15T01:08:59.604+0000] {dag.py:3239} INFO - Sync 1 DAGs
[2024-10-15T01:08:59.627+0000] {logging_mixin.py:190} INFO - [2024-10-15T01:08:59.626+0000] {dag.py:4180} INFO - Setting next_dagrun for example_sensors to None, run_after=None
[2024-10-15T01:08:59.654+0000] {processor.py:208} INFO - Processing /home/airflow/.local/lib/python3.12/site-packages/airflow/example_dags/example_sensors.py took 0.109 seconds
[2024-10-15T01:09:29.862+0000] {processor.py:186} INFO - Started process (PID=1256) to work on /home/airflow/.local/lib/python3.12/site-packages/airflow/example_dags/example_sensors.py
[2024-10-15T01:09:29.863+0000] {processor.py:914} INFO - Processing file /home/airflow/.local/lib/python3.12/site-packages/airflow/example_dags/example_sensors.py for tasks to queue
[2024-10-15T01:09:29.866+0000] {logging_mixin.py:190} INFO - [2024-10-15T01:09:29.866+0000] {dagbag.py:588} INFO - Filling up the DagBag from /home/airflow/.local/lib/python3.12/site-packages/airflow/example_dags/example_sensors.py
[2024-10-15T01:09:29.876+0000] {processor.py:925} INFO - DAG(s) 'example_sensors' retrieved from /home/airflow/.local/lib/python3.12/site-packages/airflow/example_dags/example_sensors.py
[2024-10-15T01:09:29.903+0000] {logging_mixin.py:190} INFO - [2024-10-15T01:09:29.902+0000] {dag.py:3239} INFO - Sync 1 DAGs
[2024-10-15T01:09:29.919+0000] {logging_mixin.py:190} INFO - [2024-10-15T01:09:29.918+0000] {dag.py:4180} INFO - Setting next_dagrun for example_sensors to None, run_after=None
[2024-10-15T01:09:29.943+0000] {processor.py:208} INFO - Processing /home/airflow/.local/lib/python3.12/site-packages/airflow/example_dags/example_sensors.py took 0.087 seconds
[2024-10-15T01:10:00.495+0000] {processor.py:186} INFO - Started process (PID=1320) to work on /home/airflow/.local/lib/python3.12/site-packages/airflow/example_dags/example_sensors.py
[2024-10-15T01:10:00.495+0000] {processor.py:914} INFO - Processing file /home/airflow/.local/lib/python3.12/site-packages/airflow/example_dags/example_sensors.py for tasks to queue
[2024-10-15T01:10:00.496+0000] {logging_mixin.py:190} INFO - [2024-10-15T01:10:00.496+0000] {dagbag.py:588} INFO - Filling up the DagBag from /home/airflow/.local/lib/python3.12/site-packages/airflow/example_dags/example_sensors.py
[2024-10-15T01:10:00.506+0000] {processor.py:925} INFO - DAG(s) 'example_sensors' retrieved from /home/airflow/.local/lib/python3.12/site-packages/airflow/example_dags/example_sensors.py
[2024-10-15T01:10:00.525+0000] {logging_mixin.py:190} INFO - [2024-10-15T01:10:00.525+0000] {dag.py:3239} INFO - Sync 1 DAGs
[2024-10-15T01:10:00.536+0000] {logging_mixin.py:190} INFO - [2024-10-15T01:10:00.536+0000] {dag.py:4180} INFO - Setting next_dagrun for example_sensors to None, run_after=None
[2024-10-15T01:10:00.551+0000] {processor.py:208} INFO - Processing /home/airflow/.local/lib/python3.12/site-packages/airflow/example_dags/example_sensors.py took 0.061 seconds
[2024-10-15T01:10:30.675+0000] {processor.py:186} INFO - Started process (PID=1382) to work on /home/airflow/.local/lib/python3.12/site-packages/airflow/example_dags/example_sensors.py
[2024-10-15T01:10:30.678+0000] {processor.py:914} INFO - Processing file /home/airflow/.local/lib/python3.12/site-packages/airflow/example_dags/example_sensors.py for tasks to queue
[2024-10-15T01:10:30.679+0000] {logging_mixin.py:190} INFO - [2024-10-15T01:10:30.678+0000] {dagbag.py:588} INFO - Filling up the DagBag from /home/airflow/.local/lib/python3.12/site-packages/airflow/example_dags/example_sensors.py
[2024-10-15T01:10:30.692+0000] {processor.py:925} INFO - DAG(s) 'example_sensors' retrieved from /home/airflow/.local/lib/python3.12/site-packages/airflow/example_dags/example_sensors.py
[2024-10-15T01:10:30.718+0000] {logging_mixin.py:190} INFO - [2024-10-15T01:10:30.718+0000] {dag.py:3239} INFO - Sync 1 DAGs
[2024-10-15T01:10:30.734+0000] {logging_mixin.py:190} INFO - [2024-10-15T01:10:30.734+0000] {dag.py:4180} INFO - Setting next_dagrun for example_sensors to None, run_after=None
[2024-10-15T01:10:30.760+0000] {processor.py:208} INFO - Processing /home/airflow/.local/lib/python3.12/site-packages/airflow/example_dags/example_sensors.py took 0.093 seconds
[2024-10-15T01:11:00.942+0000] {processor.py:186} INFO - Started process (PID=1445) to work on /home/airflow/.local/lib/python3.12/site-packages/airflow/example_dags/example_sensors.py
[2024-10-15T01:11:00.943+0000] {processor.py:914} INFO - Processing file /home/airflow/.local/lib/python3.12/site-packages/airflow/example_dags/example_sensors.py for tasks to queue
[2024-10-15T01:11:00.945+0000] {logging_mixin.py:190} INFO - [2024-10-15T01:11:00.945+0000] {dagbag.py:588} INFO - Filling up the DagBag from /home/airflow/.local/lib/python3.12/site-packages/airflow/example_dags/example_sensors.py
[2024-10-15T01:11:00.955+0000] {processor.py:925} INFO - DAG(s) 'example_sensors' retrieved from /home/airflow/.local/lib/python3.12/site-packages/airflow/example_dags/example_sensors.py
[2024-10-15T01:11:00.987+0000] {logging_mixin.py:190} INFO - [2024-10-15T01:11:00.987+0000] {dag.py:3239} INFO - Sync 1 DAGs
[2024-10-15T01:11:01.002+0000] {logging_mixin.py:190} INFO - [2024-10-15T01:11:01.002+0000] {dag.py:4180} INFO - Setting next_dagrun for example_sensors to None, run_after=None
[2024-10-15T01:11:01.024+0000] {processor.py:208} INFO - Processing /home/airflow/.local/lib/python3.12/site-packages/airflow/example_dags/example_sensors.py took 0.086 seconds
[2024-10-15T01:11:31.384+0000] {processor.py:186} INFO - Started process (PID=1508) to work on /home/airflow/.local/lib/python3.12/site-packages/airflow/example_dags/example_sensors.py
[2024-10-15T01:11:31.385+0000] {processor.py:914} INFO - Processing file /home/airflow/.local/lib/python3.12/site-packages/airflow/example_dags/example_sensors.py for tasks to queue
[2024-10-15T01:11:31.387+0000] {logging_mixin.py:190} INFO - [2024-10-15T01:11:31.387+0000] {dagbag.py:588} INFO - Filling up the DagBag from /home/airflow/.local/lib/python3.12/site-packages/airflow/example_dags/example_sensors.py
[2024-10-15T01:11:31.399+0000] {processor.py:925} INFO - DAG(s) 'example_sensors' retrieved from /home/airflow/.local/lib/python3.12/site-packages/airflow/example_dags/example_sensors.py
[2024-10-15T01:11:31.427+0000] {logging_mixin.py:190} INFO - [2024-10-15T01:11:31.427+0000] {dag.py:3239} INFO - Sync 1 DAGs
[2024-10-15T01:11:31.443+0000] {logging_mixin.py:190} INFO - [2024-10-15T01:11:31.443+0000] {dag.py:4180} INFO - Setting next_dagrun for example_sensors to None, run_after=None
[2024-10-15T01:11:31.467+0000] {processor.py:208} INFO - Processing /home/airflow/.local/lib/python3.12/site-packages/airflow/example_dags/example_sensors.py took 0.089 seconds
[2024-10-15T01:12:02.129+0000] {processor.py:186} INFO - Started process (PID=1571) to work on /home/airflow/.local/lib/python3.12/site-packages/airflow/example_dags/example_sensors.py
[2024-10-15T01:12:02.134+0000] {processor.py:914} INFO - Processing file /home/airflow/.local/lib/python3.12/site-packages/airflow/example_dags/example_sensors.py for tasks to queue
[2024-10-15T01:12:02.135+0000] {logging_mixin.py:190} INFO - [2024-10-15T01:12:02.135+0000] {dagbag.py:588} INFO - Filling up the DagBag from /home/airflow/.local/lib/python3.12/site-packages/airflow/example_dags/example_sensors.py
[2024-10-15T01:12:02.162+0000] {processor.py:925} INFO - DAG(s) 'example_sensors' retrieved from /home/airflow/.local/lib/python3.12/site-packages/airflow/example_dags/example_sensors.py
[2024-10-15T01:12:02.224+0000] {logging_mixin.py:190} INFO - [2024-10-15T01:12:02.223+0000] {dag.py:3239} INFO - Sync 1 DAGs
[2024-10-15T01:12:02.262+0000] {logging_mixin.py:190} INFO - [2024-10-15T01:12:02.262+0000] {dag.py:4180} INFO - Setting next_dagrun for example_sensors to None, run_after=None
[2024-10-15T01:12:02.319+0000] {processor.py:208} INFO - Processing /home/airflow/.local/lib/python3.12/site-packages/airflow/example_dags/example_sensors.py took 0.200 seconds
[2024-10-15T01:12:32.770+0000] {processor.py:186} INFO - Started process (PID=1635) to work on /home/airflow/.local/lib/python3.12/site-packages/airflow/example_dags/example_sensors.py
[2024-10-15T01:12:32.770+0000] {processor.py:914} INFO - Processing file /home/airflow/.local/lib/python3.12/site-packages/airflow/example_dags/example_sensors.py for tasks to queue
[2024-10-15T01:12:32.771+0000] {logging_mixin.py:190} INFO - [2024-10-15T01:12:32.771+0000] {dagbag.py:588} INFO - Filling up the DagBag from /home/airflow/.local/lib/python3.12/site-packages/airflow/example_dags/example_sensors.py
[2024-10-15T01:12:32.793+0000] {processor.py:925} INFO - DAG(s) 'example_sensors' retrieved from /home/airflow/.local/lib/python3.12/site-packages/airflow/example_dags/example_sensors.py
[2024-10-15T01:12:32.852+0000] {logging_mixin.py:190} INFO - [2024-10-15T01:12:32.851+0000] {dag.py:3239} INFO - Sync 1 DAGs
[2024-10-15T01:12:32.879+0000] {logging_mixin.py:190} INFO - [2024-10-15T01:12:32.879+0000] {dag.py:4180} INFO - Setting next_dagrun for example_sensors to None, run_after=None
[2024-10-15T01:12:32.931+0000] {processor.py:208} INFO - Processing /home/airflow/.local/lib/python3.12/site-packages/airflow/example_dags/example_sensors.py took 0.176 seconds
[2024-10-15T01:13:03.080+0000] {processor.py:186} INFO - Started process (PID=1700) to work on /home/airflow/.local/lib/python3.12/site-packages/airflow/example_dags/example_sensors.py
[2024-10-15T01:13:03.086+0000] {processor.py:914} INFO - Processing file /home/airflow/.local/lib/python3.12/site-packages/airflow/example_dags/example_sensors.py for tasks to queue
[2024-10-15T01:13:03.091+0000] {logging_mixin.py:190} INFO - [2024-10-15T01:13:03.089+0000] {dagbag.py:588} INFO - Filling up the DagBag from /home/airflow/.local/lib/python3.12/site-packages/airflow/example_dags/example_sensors.py
[2024-10-15T01:13:03.139+0000] {processor.py:925} INFO - DAG(s) 'example_sensors' retrieved from /home/airflow/.local/lib/python3.12/site-packages/airflow/example_dags/example_sensors.py
[2024-10-15T01:13:03.233+0000] {logging_mixin.py:190} INFO - [2024-10-15T01:13:03.229+0000] {dag.py:3239} INFO - Sync 1 DAGs
[2024-10-15T01:13:03.290+0000] {logging_mixin.py:190} INFO - [2024-10-15T01:13:03.290+0000] {dag.py:4180} INFO - Setting next_dagrun for example_sensors to None, run_after=None
[2024-10-15T01:13:03.328+0000] {processor.py:208} INFO - Processing /home/airflow/.local/lib/python3.12/site-packages/airflow/example_dags/example_sensors.py took 0.263 seconds
[2024-10-15T01:13:33.396+0000] {processor.py:186} INFO - Started process (PID=1763) to work on /home/airflow/.local/lib/python3.12/site-packages/airflow/example_dags/example_sensors.py
[2024-10-15T01:13:33.399+0000] {processor.py:914} INFO - Processing file /home/airflow/.local/lib/python3.12/site-packages/airflow/example_dags/example_sensors.py for tasks to queue
[2024-10-15T01:13:33.400+0000] {logging_mixin.py:190} INFO - [2024-10-15T01:13:33.400+0000] {dagbag.py:588} INFO - Filling up the DagBag from /home/airflow/.local/lib/python3.12/site-packages/airflow/example_dags/example_sensors.py
[2024-10-15T01:13:33.412+0000] {processor.py:925} INFO - DAG(s) 'example_sensors' retrieved from /home/airflow/.local/lib/python3.12/site-packages/airflow/example_dags/example_sensors.py
[2024-10-15T01:13:33.436+0000] {logging_mixin.py:190} INFO - [2024-10-15T01:13:33.436+0000] {dag.py:3239} INFO - Sync 1 DAGs
[2024-10-15T01:13:33.452+0000] {logging_mixin.py:190} INFO - [2024-10-15T01:13:33.452+0000] {dag.py:4180} INFO - Setting next_dagrun for example_sensors to None, run_after=None
[2024-10-15T01:13:33.470+0000] {processor.py:208} INFO - Processing /home/airflow/.local/lib/python3.12/site-packages/airflow/example_dags/example_sensors.py took 0.079 seconds
[2024-10-15T01:14:03.872+0000] {processor.py:186} INFO - Started process (PID=1826) to work on /home/airflow/.local/lib/python3.12/site-packages/airflow/example_dags/example_sensors.py
[2024-10-15T01:14:03.873+0000] {processor.py:914} INFO - Processing file /home/airflow/.local/lib/python3.12/site-packages/airflow/example_dags/example_sensors.py for tasks to queue
[2024-10-15T01:14:03.874+0000] {logging_mixin.py:190} INFO - [2024-10-15T01:14:03.874+0000] {dagbag.py:588} INFO - Filling up the DagBag from /home/airflow/.local/lib/python3.12/site-packages/airflow/example_dags/example_sensors.py
[2024-10-15T01:14:03.887+0000] {processor.py:925} INFO - DAG(s) 'example_sensors' retrieved from /home/airflow/.local/lib/python3.12/site-packages/airflow/example_dags/example_sensors.py
[2024-10-15T01:14:03.913+0000] {logging_mixin.py:190} INFO - [2024-10-15T01:14:03.912+0000] {dag.py:3239} INFO - Sync 1 DAGs
[2024-10-15T01:14:03.929+0000] {logging_mixin.py:190} INFO - [2024-10-15T01:14:03.929+0000] {dag.py:4180} INFO - Setting next_dagrun for example_sensors to None, run_after=None
[2024-10-15T01:14:03.948+0000] {processor.py:208} INFO - Processing /home/airflow/.local/lib/python3.12/site-packages/airflow/example_dags/example_sensors.py took 0.083 seconds
[2024-10-15T01:14:34.493+0000] {processor.py:186} INFO - Started process (PID=1889) to work on /home/airflow/.local/lib/python3.12/site-packages/airflow/example_dags/example_sensors.py
[2024-10-15T01:14:34.495+0000] {processor.py:914} INFO - Processing file /home/airflow/.local/lib/python3.12/site-packages/airflow/example_dags/example_sensors.py for tasks to queue
[2024-10-15T01:14:34.495+0000] {logging_mixin.py:190} INFO - [2024-10-15T01:14:34.495+0000] {dagbag.py:588} INFO - Filling up the DagBag from /home/airflow/.local/lib/python3.12/site-packages/airflow/example_dags/example_sensors.py
[2024-10-15T01:14:34.507+0000] {processor.py:925} INFO - DAG(s) 'example_sensors' retrieved from /home/airflow/.local/lib/python3.12/site-packages/airflow/example_dags/example_sensors.py
[2024-10-15T01:14:34.548+0000] {logging_mixin.py:190} INFO - [2024-10-15T01:14:34.548+0000] {dag.py:3239} INFO - Sync 1 DAGs
[2024-10-15T01:14:34.566+0000] {logging_mixin.py:190} INFO - [2024-10-15T01:14:34.566+0000] {dag.py:4180} INFO - Setting next_dagrun for example_sensors to None, run_after=None
[2024-10-15T01:14:34.583+0000] {processor.py:208} INFO - Processing /home/airflow/.local/lib/python3.12/site-packages/airflow/example_dags/example_sensors.py took 0.096 seconds
[2024-10-15T01:15:04.697+0000] {processor.py:186} INFO - Started process (PID=1951) to work on /home/airflow/.local/lib/python3.12/site-packages/airflow/example_dags/example_sensors.py
[2024-10-15T01:15:04.698+0000] {processor.py:914} INFO - Processing file /home/airflow/.local/lib/python3.12/site-packages/airflow/example_dags/example_sensors.py for tasks to queue
[2024-10-15T01:15:04.699+0000] {logging_mixin.py:190} INFO - [2024-10-15T01:15:04.699+0000] {dagbag.py:588} INFO - Filling up the DagBag from /home/airflow/.local/lib/python3.12/site-packages/airflow/example_dags/example_sensors.py
[2024-10-15T01:15:04.709+0000] {processor.py:925} INFO - DAG(s) 'example_sensors' retrieved from /home/airflow/.local/lib/python3.12/site-packages/airflow/example_dags/example_sensors.py
[2024-10-15T01:15:04.736+0000] {logging_mixin.py:190} INFO - [2024-10-15T01:15:04.736+0000] {dag.py:3239} INFO - Sync 1 DAGs
[2024-10-15T01:15:04.747+0000] {logging_mixin.py:190} INFO - [2024-10-15T01:15:04.747+0000] {dag.py:4180} INFO - Setting next_dagrun for example_sensors to None, run_after=None
[2024-10-15T01:15:04.761+0000] {processor.py:208} INFO - Processing /home/airflow/.local/lib/python3.12/site-packages/airflow/example_dags/example_sensors.py took 0.069 seconds
[2024-10-15T01:15:35.242+0000] {processor.py:186} INFO - Started process (PID=2014) to work on /home/airflow/.local/lib/python3.12/site-packages/airflow/example_dags/example_sensors.py
[2024-10-15T01:15:35.244+0000] {processor.py:914} INFO - Processing file /home/airflow/.local/lib/python3.12/site-packages/airflow/example_dags/example_sensors.py for tasks to queue
[2024-10-15T01:15:35.244+0000] {logging_mixin.py:190} INFO - [2024-10-15T01:15:35.244+0000] {dagbag.py:588} INFO - Filling up the DagBag from /home/airflow/.local/lib/python3.12/site-packages/airflow/example_dags/example_sensors.py
[2024-10-15T01:15:35.256+0000] {processor.py:925} INFO - DAG(s) 'example_sensors' retrieved from /home/airflow/.local/lib/python3.12/site-packages/airflow/example_dags/example_sensors.py
[2024-10-15T01:15:35.290+0000] {logging_mixin.py:190} INFO - [2024-10-15T01:15:35.290+0000] {dag.py:3239} INFO - Sync 1 DAGs
[2024-10-15T01:15:35.305+0000] {logging_mixin.py:190} INFO - [2024-10-15T01:15:35.304+0000] {dag.py:4180} INFO - Setting next_dagrun for example_sensors to None, run_after=None
[2024-10-15T01:15:35.328+0000] {processor.py:208} INFO - Processing /home/airflow/.local/lib/python3.12/site-packages/airflow/example_dags/example_sensors.py took 0.092 seconds
[2024-10-15T01:16:05.687+0000] {processor.py:186} INFO - Started process (PID=2076) to work on /home/airflow/.local/lib/python3.12/site-packages/airflow/example_dags/example_sensors.py
[2024-10-15T01:16:05.688+0000] {processor.py:914} INFO - Processing file /home/airflow/.local/lib/python3.12/site-packages/airflow/example_dags/example_sensors.py for tasks to queue
[2024-10-15T01:16:05.688+0000] {logging_mixin.py:190} INFO - [2024-10-15T01:16:05.688+0000] {dagbag.py:588} INFO - Filling up the DagBag from /home/airflow/.local/lib/python3.12/site-packages/airflow/example_dags/example_sensors.py
[2024-10-15T01:16:05.703+0000] {processor.py:925} INFO - DAG(s) 'example_sensors' retrieved from /home/airflow/.local/lib/python3.12/site-packages/airflow/example_dags/example_sensors.py
[2024-10-15T01:16:05.736+0000] {logging_mixin.py:190} INFO - [2024-10-15T01:16:05.736+0000] {dag.py:3239} INFO - Sync 1 DAGs
[2024-10-15T01:16:05.750+0000] {logging_mixin.py:190} INFO - [2024-10-15T01:16:05.749+0000] {dag.py:4180} INFO - Setting next_dagrun for example_sensors to None, run_after=None
[2024-10-15T01:16:05.771+0000] {processor.py:208} INFO - Processing /home/airflow/.local/lib/python3.12/site-packages/airflow/example_dags/example_sensors.py took 0.092 seconds
[2024-10-15T01:16:35.853+0000] {processor.py:186} INFO - Started process (PID=2139) to work on /home/airflow/.local/lib/python3.12/site-packages/airflow/example_dags/example_sensors.py
[2024-10-15T01:16:35.855+0000] {processor.py:914} INFO - Processing file /home/airflow/.local/lib/python3.12/site-packages/airflow/example_dags/example_sensors.py for tasks to queue
[2024-10-15T01:16:35.856+0000] {logging_mixin.py:190} INFO - [2024-10-15T01:16:35.856+0000] {dagbag.py:588} INFO - Filling up the DagBag from /home/airflow/.local/lib/python3.12/site-packages/airflow/example_dags/example_sensors.py
[2024-10-15T01:16:35.870+0000] {processor.py:925} INFO - DAG(s) 'example_sensors' retrieved from /home/airflow/.local/lib/python3.12/site-packages/airflow/example_dags/example_sensors.py
[2024-10-15T01:16:35.898+0000] {logging_mixin.py:190} INFO - [2024-10-15T01:16:35.897+0000] {dag.py:3239} INFO - Sync 1 DAGs
[2024-10-15T01:16:35.912+0000] {logging_mixin.py:190} INFO - [2024-10-15T01:16:35.911+0000] {dag.py:4180} INFO - Setting next_dagrun for example_sensors to None, run_after=None
[2024-10-15T01:16:35.931+0000] {processor.py:208} INFO - Processing /home/airflow/.local/lib/python3.12/site-packages/airflow/example_dags/example_sensors.py took 0.083 seconds
[2024-10-15T01:17:06.079+0000] {processor.py:186} INFO - Started process (PID=2202) to work on /home/airflow/.local/lib/python3.12/site-packages/airflow/example_dags/example_sensors.py
[2024-10-15T01:17:06.080+0000] {processor.py:914} INFO - Processing file /home/airflow/.local/lib/python3.12/site-packages/airflow/example_dags/example_sensors.py for tasks to queue
[2024-10-15T01:17:06.084+0000] {logging_mixin.py:190} INFO - [2024-10-15T01:17:06.083+0000] {dagbag.py:588} INFO - Filling up the DagBag from /home/airflow/.local/lib/python3.12/site-packages/airflow/example_dags/example_sensors.py
[2024-10-15T01:17:06.096+0000] {processor.py:925} INFO - DAG(s) 'example_sensors' retrieved from /home/airflow/.local/lib/python3.12/site-packages/airflow/example_dags/example_sensors.py
[2024-10-15T01:17:06.123+0000] {logging_mixin.py:190} INFO - [2024-10-15T01:17:06.123+0000] {dag.py:3239} INFO - Sync 1 DAGs
[2024-10-15T01:17:06.137+0000] {logging_mixin.py:190} INFO - [2024-10-15T01:17:06.137+0000] {dag.py:4180} INFO - Setting next_dagrun for example_sensors to None, run_after=None
[2024-10-15T01:17:06.159+0000] {processor.py:208} INFO - Processing /home/airflow/.local/lib/python3.12/site-packages/airflow/example_dags/example_sensors.py took 0.090 seconds
[2024-10-15T01:17:36.894+0000] {processor.py:186} INFO - Started process (PID=2265) to work on /home/airflow/.local/lib/python3.12/site-packages/airflow/example_dags/example_sensors.py
[2024-10-15T01:17:36.896+0000] {processor.py:914} INFO - Processing file /home/airflow/.local/lib/python3.12/site-packages/airflow/example_dags/example_sensors.py for tasks to queue
[2024-10-15T01:17:36.898+0000] {logging_mixin.py:190} INFO - [2024-10-15T01:17:36.897+0000] {dagbag.py:588} INFO - Filling up the DagBag from /home/airflow/.local/lib/python3.12/site-packages/airflow/example_dags/example_sensors.py
[2024-10-15T01:17:36.909+0000] {processor.py:925} INFO - DAG(s) 'example_sensors' retrieved from /home/airflow/.local/lib/python3.12/site-packages/airflow/example_dags/example_sensors.py
[2024-10-15T01:17:36.938+0000] {logging_mixin.py:190} INFO - [2024-10-15T01:17:36.938+0000] {dag.py:3239} INFO - Sync 1 DAGs
[2024-10-15T01:17:36.952+0000] {logging_mixin.py:190} INFO - [2024-10-15T01:17:36.952+0000] {dag.py:4180} INFO - Setting next_dagrun for example_sensors to None, run_after=None
[2024-10-15T01:17:36.972+0000] {processor.py:208} INFO - Processing /home/airflow/.local/lib/python3.12/site-packages/airflow/example_dags/example_sensors.py took 0.085 seconds
[2024-10-15T01:18:07.798+0000] {processor.py:186} INFO - Started process (PID=2329) to work on /home/airflow/.local/lib/python3.12/site-packages/airflow/example_dags/example_sensors.py
[2024-10-15T01:18:07.799+0000] {processor.py:914} INFO - Processing file /home/airflow/.local/lib/python3.12/site-packages/airflow/example_dags/example_sensors.py for tasks to queue
[2024-10-15T01:18:07.800+0000] {logging_mixin.py:190} INFO - [2024-10-15T01:18:07.799+0000] {dagbag.py:588} INFO - Filling up the DagBag from /home/airflow/.local/lib/python3.12/site-packages/airflow/example_dags/example_sensors.py
[2024-10-15T01:18:07.814+0000] {processor.py:925} INFO - DAG(s) 'example_sensors' retrieved from /home/airflow/.local/lib/python3.12/site-packages/airflow/example_dags/example_sensors.py
[2024-10-15T01:18:07.860+0000] {logging_mixin.py:190} INFO - [2024-10-15T01:18:07.860+0000] {dag.py:3239} INFO - Sync 1 DAGs
[2024-10-15T01:18:07.889+0000] {logging_mixin.py:190} INFO - [2024-10-15T01:18:07.888+0000] {dag.py:4180} INFO - Setting next_dagrun for example_sensors to None, run_after=None
[2024-10-15T01:18:07.930+0000] {processor.py:208} INFO - Processing /home/airflow/.local/lib/python3.12/site-packages/airflow/example_dags/example_sensors.py took 0.138 seconds
[2024-10-15T01:18:38.162+0000] {processor.py:186} INFO - Started process (PID=2392) to work on /home/airflow/.local/lib/python3.12/site-packages/airflow/example_dags/example_sensors.py
[2024-10-15T01:18:38.163+0000] {processor.py:914} INFO - Processing file /home/airflow/.local/lib/python3.12/site-packages/airflow/example_dags/example_sensors.py for tasks to queue
[2024-10-15T01:18:38.165+0000] {logging_mixin.py:190} INFO - [2024-10-15T01:18:38.164+0000] {dagbag.py:588} INFO - Filling up the DagBag from /home/airflow/.local/lib/python3.12/site-packages/airflow/example_dags/example_sensors.py
[2024-10-15T01:18:38.176+0000] {processor.py:925} INFO - DAG(s) 'example_sensors' retrieved from /home/airflow/.local/lib/python3.12/site-packages/airflow/example_dags/example_sensors.py
[2024-10-15T01:18:38.203+0000] {logging_mixin.py:190} INFO - [2024-10-15T01:18:38.203+0000] {dag.py:3239} INFO - Sync 1 DAGs
[2024-10-15T01:18:38.216+0000] {logging_mixin.py:190} INFO - [2024-10-15T01:18:38.216+0000] {dag.py:4180} INFO - Setting next_dagrun for example_sensors to None, run_after=None
[2024-10-15T01:18:38.240+0000] {processor.py:208} INFO - Processing /home/airflow/.local/lib/python3.12/site-packages/airflow/example_dags/example_sensors.py took 0.087 seconds
[2024-10-15T01:19:08.478+0000] {processor.py:186} INFO - Started process (PID=2455) to work on /home/airflow/.local/lib/python3.12/site-packages/airflow/example_dags/example_sensors.py
[2024-10-15T01:19:08.479+0000] {processor.py:914} INFO - Processing file /home/airflow/.local/lib/python3.12/site-packages/airflow/example_dags/example_sensors.py for tasks to queue
[2024-10-15T01:19:08.482+0000] {logging_mixin.py:190} INFO - [2024-10-15T01:19:08.482+0000] {dagbag.py:588} INFO - Filling up the DagBag from /home/airflow/.local/lib/python3.12/site-packages/airflow/example_dags/example_sensors.py
[2024-10-15T01:19:08.491+0000] {processor.py:925} INFO - DAG(s) 'example_sensors' retrieved from /home/airflow/.local/lib/python3.12/site-packages/airflow/example_dags/example_sensors.py
[2024-10-15T01:19:08.528+0000] {logging_mixin.py:190} INFO - [2024-10-15T01:19:08.528+0000] {dag.py:3239} INFO - Sync 1 DAGs
[2024-10-15T01:19:08.542+0000] {logging_mixin.py:190} INFO - [2024-10-15T01:19:08.542+0000] {dag.py:4180} INFO - Setting next_dagrun for example_sensors to None, run_after=None
[2024-10-15T01:19:08.560+0000] {processor.py:208} INFO - Processing /home/airflow/.local/lib/python3.12/site-packages/airflow/example_dags/example_sensors.py took 0.087 seconds
[2024-10-15T01:19:38.857+0000] {processor.py:186} INFO - Started process (PID=2518) to work on /home/airflow/.local/lib/python3.12/site-packages/airflow/example_dags/example_sensors.py
[2024-10-15T01:19:38.859+0000] {processor.py:914} INFO - Processing file /home/airflow/.local/lib/python3.12/site-packages/airflow/example_dags/example_sensors.py for tasks to queue
[2024-10-15T01:19:38.860+0000] {logging_mixin.py:190} INFO - [2024-10-15T01:19:38.859+0000] {dagbag.py:588} INFO - Filling up the DagBag from /home/airflow/.local/lib/python3.12/site-packages/airflow/example_dags/example_sensors.py
[2024-10-15T01:19:38.870+0000] {processor.py:925} INFO - DAG(s) 'example_sensors' retrieved from /home/airflow/.local/lib/python3.12/site-packages/airflow/example_dags/example_sensors.py
[2024-10-15T01:19:38.914+0000] {logging_mixin.py:190} INFO - [2024-10-15T01:19:38.914+0000] {dag.py:3239} INFO - Sync 1 DAGs
[2024-10-15T01:19:38.928+0000] {logging_mixin.py:190} INFO - [2024-10-15T01:19:38.928+0000] {dag.py:4180} INFO - Setting next_dagrun for example_sensors to None, run_after=None
[2024-10-15T01:19:38.965+0000] {processor.py:208} INFO - Processing /home/airflow/.local/lib/python3.12/site-packages/airflow/example_dags/example_sensors.py took 0.115 seconds
[2024-10-15T01:20:09.922+0000] {processor.py:186} INFO - Started process (PID=2581) to work on /home/airflow/.local/lib/python3.12/site-packages/airflow/example_dags/example_sensors.py
[2024-10-15T01:20:09.925+0000] {processor.py:914} INFO - Processing file /home/airflow/.local/lib/python3.12/site-packages/airflow/example_dags/example_sensors.py for tasks to queue
[2024-10-15T01:20:09.927+0000] {logging_mixin.py:190} INFO - [2024-10-15T01:20:09.927+0000] {dagbag.py:588} INFO - Filling up the DagBag from /home/airflow/.local/lib/python3.12/site-packages/airflow/example_dags/example_sensors.py
[2024-10-15T01:20:09.938+0000] {processor.py:925} INFO - DAG(s) 'example_sensors' retrieved from /home/airflow/.local/lib/python3.12/site-packages/airflow/example_dags/example_sensors.py
[2024-10-15T01:20:09.959+0000] {logging_mixin.py:190} INFO - [2024-10-15T01:20:09.959+0000] {dag.py:3239} INFO - Sync 1 DAGs
[2024-10-15T01:20:09.970+0000] {logging_mixin.py:190} INFO - [2024-10-15T01:20:09.969+0000] {dag.py:4180} INFO - Setting next_dagrun for example_sensors to None, run_after=None
[2024-10-15T01:20:09.984+0000] {processor.py:208} INFO - Processing /home/airflow/.local/lib/python3.12/site-packages/airflow/example_dags/example_sensors.py took 0.069 seconds
[2024-10-15T01:20:40.627+0000] {processor.py:186} INFO - Started process (PID=2645) to work on /home/airflow/.local/lib/python3.12/site-packages/airflow/example_dags/example_sensors.py
[2024-10-15T01:20:40.627+0000] {processor.py:914} INFO - Processing file /home/airflow/.local/lib/python3.12/site-packages/airflow/example_dags/example_sensors.py for tasks to queue
[2024-10-15T01:20:40.628+0000] {logging_mixin.py:190} INFO - [2024-10-15T01:20:40.628+0000] {dagbag.py:588} INFO - Filling up the DagBag from /home/airflow/.local/lib/python3.12/site-packages/airflow/example_dags/example_sensors.py
[2024-10-15T01:20:40.648+0000] {processor.py:925} INFO - DAG(s) 'example_sensors' retrieved from /home/airflow/.local/lib/python3.12/site-packages/airflow/example_dags/example_sensors.py
[2024-10-15T01:20:40.707+0000] {logging_mixin.py:190} INFO - [2024-10-15T01:20:40.706+0000] {dag.py:3239} INFO - Sync 1 DAGs
[2024-10-15T01:20:40.735+0000] {logging_mixin.py:190} INFO - [2024-10-15T01:20:40.735+0000] {dag.py:4180} INFO - Setting next_dagrun for example_sensors to None, run_after=None
[2024-10-15T01:20:40.784+0000] {processor.py:208} INFO - Processing /home/airflow/.local/lib/python3.12/site-packages/airflow/example_dags/example_sensors.py took 0.165 seconds
[2024-10-15T01:21:11.021+0000] {processor.py:186} INFO - Started process (PID=2708) to work on /home/airflow/.local/lib/python3.12/site-packages/airflow/example_dags/example_sensors.py
[2024-10-15T01:21:11.023+0000] {processor.py:914} INFO - Processing file /home/airflow/.local/lib/python3.12/site-packages/airflow/example_dags/example_sensors.py for tasks to queue
[2024-10-15T01:21:11.029+0000] {logging_mixin.py:190} INFO - [2024-10-15T01:21:11.026+0000] {dagbag.py:588} INFO - Filling up the DagBag from /home/airflow/.local/lib/python3.12/site-packages/airflow/example_dags/example_sensors.py
[2024-10-15T01:21:11.044+0000] {processor.py:925} INFO - DAG(s) 'example_sensors' retrieved from /home/airflow/.local/lib/python3.12/site-packages/airflow/example_dags/example_sensors.py
[2024-10-15T01:21:11.068+0000] {logging_mixin.py:190} INFO - [2024-10-15T01:21:11.068+0000] {dag.py:3239} INFO - Sync 1 DAGs
[2024-10-15T01:21:11.083+0000] {logging_mixin.py:190} INFO - [2024-10-15T01:21:11.082+0000] {dag.py:4180} INFO - Setting next_dagrun for example_sensors to None, run_after=None
[2024-10-15T01:21:11.104+0000] {processor.py:208} INFO - Processing /home/airflow/.local/lib/python3.12/site-packages/airflow/example_dags/example_sensors.py took 0.092 seconds
[2024-10-15T01:21:41.734+0000] {processor.py:186} INFO - Started process (PID=2771) to work on /home/airflow/.local/lib/python3.12/site-packages/airflow/example_dags/example_sensors.py
[2024-10-15T01:21:41.735+0000] {processor.py:914} INFO - Processing file /home/airflow/.local/lib/python3.12/site-packages/airflow/example_dags/example_sensors.py for tasks to queue
[2024-10-15T01:21:41.736+0000] {logging_mixin.py:190} INFO - [2024-10-15T01:21:41.736+0000] {dagbag.py:588} INFO - Filling up the DagBag from /home/airflow/.local/lib/python3.12/site-packages/airflow/example_dags/example_sensors.py
[2024-10-15T01:21:41.749+0000] {processor.py:925} INFO - DAG(s) 'example_sensors' retrieved from /home/airflow/.local/lib/python3.12/site-packages/airflow/example_dags/example_sensors.py
[2024-10-15T01:21:41.780+0000] {logging_mixin.py:190} INFO - [2024-10-15T01:21:41.780+0000] {dag.py:3239} INFO - Sync 1 DAGs
[2024-10-15T01:21:41.795+0000] {logging_mixin.py:190} INFO - [2024-10-15T01:21:41.795+0000] {dag.py:4180} INFO - Setting next_dagrun for example_sensors to None, run_after=None
[2024-10-15T01:21:41.813+0000] {processor.py:208} INFO - Processing /home/airflow/.local/lib/python3.12/site-packages/airflow/example_dags/example_sensors.py took 0.085 seconds
[2024-10-15T01:22:12.469+0000] {processor.py:186} INFO - Started process (PID=2833) to work on /home/airflow/.local/lib/python3.12/site-packages/airflow/example_dags/example_sensors.py
[2024-10-15T01:22:12.473+0000] {processor.py:914} INFO - Processing file /home/airflow/.local/lib/python3.12/site-packages/airflow/example_dags/example_sensors.py for tasks to queue
[2024-10-15T01:22:12.475+0000] {logging_mixin.py:190} INFO - [2024-10-15T01:22:12.474+0000] {dagbag.py:588} INFO - Filling up the DagBag from /home/airflow/.local/lib/python3.12/site-packages/airflow/example_dags/example_sensors.py
[2024-10-15T01:22:12.496+0000] {processor.py:925} INFO - DAG(s) 'example_sensors' retrieved from /home/airflow/.local/lib/python3.12/site-packages/airflow/example_dags/example_sensors.py
[2024-10-15T01:22:12.567+0000] {logging_mixin.py:190} INFO - [2024-10-15T01:22:12.567+0000] {dag.py:3239} INFO - Sync 1 DAGs
[2024-10-15T01:22:12.588+0000] {logging_mixin.py:190} INFO - [2024-10-15T01:22:12.588+0000] {dag.py:4180} INFO - Setting next_dagrun for example_sensors to None, run_after=None
[2024-10-15T01:22:12.626+0000] {processor.py:208} INFO - Processing /home/airflow/.local/lib/python3.12/site-packages/airflow/example_dags/example_sensors.py took 0.178 seconds
[2024-10-15T01:22:43.027+0000] {processor.py:186} INFO - Started process (PID=2896) to work on /home/airflow/.local/lib/python3.12/site-packages/airflow/example_dags/example_sensors.py
[2024-10-15T01:22:43.028+0000] {processor.py:914} INFO - Processing file /home/airflow/.local/lib/python3.12/site-packages/airflow/example_dags/example_sensors.py for tasks to queue
[2024-10-15T01:22:43.029+0000] {logging_mixin.py:190} INFO - [2024-10-15T01:22:43.029+0000] {dagbag.py:588} INFO - Filling up the DagBag from /home/airflow/.local/lib/python3.12/site-packages/airflow/example_dags/example_sensors.py
[2024-10-15T01:22:43.041+0000] {processor.py:925} INFO - DAG(s) 'example_sensors' retrieved from /home/airflow/.local/lib/python3.12/site-packages/airflow/example_dags/example_sensors.py
[2024-10-15T01:22:43.068+0000] {logging_mixin.py:190} INFO - [2024-10-15T01:22:43.068+0000] {dag.py:3239} INFO - Sync 1 DAGs
[2024-10-15T01:22:43.093+0000] {logging_mixin.py:190} INFO - [2024-10-15T01:22:43.092+0000] {dag.py:4180} INFO - Setting next_dagrun for example_sensors to None, run_after=None
[2024-10-15T01:22:43.119+0000] {processor.py:208} INFO - Processing /home/airflow/.local/lib/python3.12/site-packages/airflow/example_dags/example_sensors.py took 0.099 seconds
[2024-10-15T01:23:13.752+0000] {processor.py:186} INFO - Started process (PID=2960) to work on /home/airflow/.local/lib/python3.12/site-packages/airflow/example_dags/example_sensors.py
[2024-10-15T01:23:13.755+0000] {processor.py:914} INFO - Processing file /home/airflow/.local/lib/python3.12/site-packages/airflow/example_dags/example_sensors.py for tasks to queue
[2024-10-15T01:23:13.756+0000] {logging_mixin.py:190} INFO - [2024-10-15T01:23:13.755+0000] {dagbag.py:588} INFO - Filling up the DagBag from /home/airflow/.local/lib/python3.12/site-packages/airflow/example_dags/example_sensors.py
[2024-10-15T01:23:13.780+0000] {processor.py:925} INFO - DAG(s) 'example_sensors' retrieved from /home/airflow/.local/lib/python3.12/site-packages/airflow/example_dags/example_sensors.py
[2024-10-15T01:23:13.848+0000] {logging_mixin.py:190} INFO - [2024-10-15T01:23:13.847+0000] {dag.py:3239} INFO - Sync 1 DAGs
[2024-10-15T01:23:13.888+0000] {logging_mixin.py:190} INFO - [2024-10-15T01:23:13.888+0000] {dag.py:4180} INFO - Setting next_dagrun for example_sensors to None, run_after=None
[2024-10-15T01:23:13.911+0000] {processor.py:208} INFO - Processing /home/airflow/.local/lib/python3.12/site-packages/airflow/example_dags/example_sensors.py took 0.164 seconds
