[2024-10-15T00:50:16.179+0000] {processor.py:186} INFO - Started process (PID=99) to work on /home/airflow/.local/lib/python3.12/site-packages/airflow/example_dags/example_branch_operator.py
[2024-10-15T00:50:16.180+0000] {processor.py:914} INFO - Processing file /home/airflow/.local/lib/python3.12/site-packages/airflow/example_dags/example_branch_operator.py for tasks to queue
[2024-10-15T00:50:16.182+0000] {logging_mixin.py:190} INFO - [2024-10-15T00:50:16.181+0000] {dagbag.py:588} INFO - Filling up the DagBag from /home/airflow/.local/lib/python3.12/site-packages/airflow/example_dags/example_branch_operator.py
[2024-10-15T00:50:16.275+0000] {processor.py:925} INFO - DAG(s) 'example_branch_operator' retrieved from /home/airflow/.local/lib/python3.12/site-packages/airflow/example_dags/example_branch_operator.py
[2024-10-15T00:50:16.870+0000] {logging_mixin.py:190} INFO - [2024-10-15T00:50:16.870+0000] {override.py:1900} INFO - Created Permission View: can edit on DAG:example_branch_operator
[2024-10-15T00:50:16.906+0000] {logging_mixin.py:190} INFO - [2024-10-15T00:50:16.901+0000] {override.py:1900} INFO - Created Permission View: can read on DAG:example_branch_operator
[2024-10-15T00:50:16.914+0000] {logging_mixin.py:190} INFO - [2024-10-15T00:50:16.914+0000] {override.py:1900} INFO - Created Permission View: can delete on DAG:example_branch_operator
[2024-10-15T00:50:16.921+0000] {logging_mixin.py:190} INFO - [2024-10-15T00:50:16.921+0000] {override.py:1900} INFO - Created Permission View: menu access on DAG Run:example_branch_operator
[2024-10-15T00:50:16.933+0000] {logging_mixin.py:190} INFO - [2024-10-15T00:50:16.932+0000] {override.py:1900} INFO - Created Permission View: can delete on DAG Run:example_branch_operator
[2024-10-15T00:50:16.946+0000] {logging_mixin.py:190} INFO - [2024-10-15T00:50:16.946+0000] {override.py:1900} INFO - Created Permission View: can read on DAG Run:example_branch_operator
[2024-10-15T00:50:16.955+0000] {logging_mixin.py:190} INFO - [2024-10-15T00:50:16.955+0000] {override.py:1900} INFO - Created Permission View: can create on DAG Run:example_branch_operator
[2024-10-15T00:50:16.956+0000] {logging_mixin.py:190} INFO - [2024-10-15T00:50:16.956+0000] {dag.py:3239} INFO - Sync 1 DAGs
[2024-10-15T00:50:16.983+0000] {logging_mixin.py:190} INFO - [2024-10-15T00:50:16.983+0000] {dag.py:3262} INFO - Creating ORM DAG for example_branch_operator
[2024-10-15T00:50:17.007+0000] {logging_mixin.py:190} INFO - [2024-10-15T00:50:17.007+0000] {dag.py:4180} INFO - Setting next_dagrun for example_branch_operator to 2024-10-14 00:00:00+00:00, run_after=2024-10-15 00:00:00+00:00
[2024-10-15T00:50:17.049+0000] {processor.py:208} INFO - Processing /home/airflow/.local/lib/python3.12/site-packages/airflow/example_dags/example_branch_operator.py took 0.880 seconds
[2024-10-15T00:59:54.414+0000] {processor.py:186} INFO - Started process (PID=103) to work on /home/airflow/.local/lib/python3.12/site-packages/airflow/example_dags/example_branch_operator.py
[2024-10-15T00:59:54.422+0000] {processor.py:914} INFO - Processing file /home/airflow/.local/lib/python3.12/site-packages/airflow/example_dags/example_branch_operator.py for tasks to queue
[2024-10-15T00:59:54.437+0000] {logging_mixin.py:190} INFO - [2024-10-15T00:59:54.425+0000] {dagbag.py:588} INFO - Filling up the DagBag from /home/airflow/.local/lib/python3.12/site-packages/airflow/example_dags/example_branch_operator.py
[2024-10-15T00:59:54.561+0000] {processor.py:925} INFO - DAG(s) 'example_branch_operator' retrieved from /home/airflow/.local/lib/python3.12/site-packages/airflow/example_dags/example_branch_operator.py
[2024-10-15T00:59:55.270+0000] {logging_mixin.py:190} INFO - [2024-10-15T00:59:55.270+0000] {dag.py:3239} INFO - Sync 1 DAGs
[2024-10-15T00:59:55.457+0000] {logging_mixin.py:190} INFO - [2024-10-15T00:59:55.457+0000] {dag.py:4180} INFO - Setting next_dagrun for example_branch_operator to 2024-10-14 00:00:00+00:00, run_after=2024-10-15 00:00:00+00:00
[2024-10-15T00:59:55.552+0000] {processor.py:208} INFO - Processing /home/airflow/.local/lib/python3.12/site-packages/airflow/example_dags/example_branch_operator.py took 1.195 seconds
[2024-10-15T01:00:25.970+0000] {processor.py:186} INFO - Started process (PID=164) to work on /home/airflow/.local/lib/python3.12/site-packages/airflow/example_dags/example_branch_operator.py
[2024-10-15T01:00:25.973+0000] {processor.py:914} INFO - Processing file /home/airflow/.local/lib/python3.12/site-packages/airflow/example_dags/example_branch_operator.py for tasks to queue
[2024-10-15T01:00:25.978+0000] {logging_mixin.py:190} INFO - [2024-10-15T01:00:25.977+0000] {dagbag.py:588} INFO - Filling up the DagBag from /home/airflow/.local/lib/python3.12/site-packages/airflow/example_dags/example_branch_operator.py
[2024-10-15T01:00:26.017+0000] {processor.py:925} INFO - DAG(s) 'example_branch_operator' retrieved from /home/airflow/.local/lib/python3.12/site-packages/airflow/example_dags/example_branch_operator.py
[2024-10-15T01:00:26.091+0000] {logging_mixin.py:190} INFO - [2024-10-15T01:00:26.090+0000] {dag.py:3239} INFO - Sync 1 DAGs
[2024-10-15T01:00:26.169+0000] {logging_mixin.py:190} INFO - [2024-10-15T01:00:26.166+0000] {dag.py:4180} INFO - Setting next_dagrun for example_branch_operator to 2024-10-14 00:00:00+00:00, run_after=2024-10-15 00:00:00+00:00
[2024-10-15T01:00:26.247+0000] {processor.py:208} INFO - Processing /home/airflow/.local/lib/python3.12/site-packages/airflow/example_dags/example_branch_operator.py took 0.288 seconds
[2024-10-15T01:00:56.502+0000] {processor.py:186} INFO - Started process (PID=226) to work on /home/airflow/.local/lib/python3.12/site-packages/airflow/example_dags/example_branch_operator.py
[2024-10-15T01:00:56.503+0000] {processor.py:914} INFO - Processing file /home/airflow/.local/lib/python3.12/site-packages/airflow/example_dags/example_branch_operator.py for tasks to queue
[2024-10-15T01:00:56.505+0000] {logging_mixin.py:190} INFO - [2024-10-15T01:00:56.505+0000] {dagbag.py:588} INFO - Filling up the DagBag from /home/airflow/.local/lib/python3.12/site-packages/airflow/example_dags/example_branch_operator.py
[2024-10-15T01:00:56.518+0000] {processor.py:925} INFO - DAG(s) 'example_branch_operator' retrieved from /home/airflow/.local/lib/python3.12/site-packages/airflow/example_dags/example_branch_operator.py
[2024-10-15T01:00:56.543+0000] {logging_mixin.py:190} INFO - [2024-10-15T01:00:56.543+0000] {dag.py:3239} INFO - Sync 1 DAGs
[2024-10-15T01:00:56.564+0000] {logging_mixin.py:190} INFO - [2024-10-15T01:00:56.564+0000] {dag.py:4180} INFO - Setting next_dagrun for example_branch_operator to 2024-10-14 00:00:00+00:00, run_after=2024-10-15 00:00:00+00:00
[2024-10-15T01:00:56.582+0000] {processor.py:208} INFO - Processing /home/airflow/.local/lib/python3.12/site-packages/airflow/example_dags/example_branch_operator.py took 0.085 seconds
[2024-10-15T01:01:27.050+0000] {processor.py:186} INFO - Started process (PID=287) to work on /home/airflow/.local/lib/python3.12/site-packages/airflow/example_dags/example_branch_operator.py
[2024-10-15T01:01:27.051+0000] {processor.py:914} INFO - Processing file /home/airflow/.local/lib/python3.12/site-packages/airflow/example_dags/example_branch_operator.py for tasks to queue
[2024-10-15T01:01:27.053+0000] {logging_mixin.py:190} INFO - [2024-10-15T01:01:27.052+0000] {dagbag.py:588} INFO - Filling up the DagBag from /home/airflow/.local/lib/python3.12/site-packages/airflow/example_dags/example_branch_operator.py
[2024-10-15T01:01:27.071+0000] {processor.py:925} INFO - DAG(s) 'example_branch_operator' retrieved from /home/airflow/.local/lib/python3.12/site-packages/airflow/example_dags/example_branch_operator.py
[2024-10-15T01:01:27.100+0000] {logging_mixin.py:190} INFO - [2024-10-15T01:01:27.100+0000] {dag.py:3239} INFO - Sync 1 DAGs
[2024-10-15T01:01:27.126+0000] {logging_mixin.py:190} INFO - [2024-10-15T01:01:27.126+0000] {dag.py:4180} INFO - Setting next_dagrun for example_branch_operator to 2024-10-14 00:00:00+00:00, run_after=2024-10-15 00:00:00+00:00
[2024-10-15T01:01:27.145+0000] {processor.py:208} INFO - Processing /home/airflow/.local/lib/python3.12/site-packages/airflow/example_dags/example_branch_operator.py took 0.102 seconds
[2024-10-15T01:01:57.407+0000] {processor.py:186} INFO - Started process (PID=349) to work on /home/airflow/.local/lib/python3.12/site-packages/airflow/example_dags/example_branch_operator.py
[2024-10-15T01:01:57.407+0000] {processor.py:914} INFO - Processing file /home/airflow/.local/lib/python3.12/site-packages/airflow/example_dags/example_branch_operator.py for tasks to queue
[2024-10-15T01:01:57.410+0000] {logging_mixin.py:190} INFO - [2024-10-15T01:01:57.409+0000] {dagbag.py:588} INFO - Filling up the DagBag from /home/airflow/.local/lib/python3.12/site-packages/airflow/example_dags/example_branch_operator.py
[2024-10-15T01:01:57.428+0000] {processor.py:925} INFO - DAG(s) 'example_branch_operator' retrieved from /home/airflow/.local/lib/python3.12/site-packages/airflow/example_dags/example_branch_operator.py
[2024-10-15T01:01:57.463+0000] {logging_mixin.py:190} INFO - [2024-10-15T01:01:57.463+0000] {dag.py:3239} INFO - Sync 1 DAGs
[2024-10-15T01:01:57.487+0000] {logging_mixin.py:190} INFO - [2024-10-15T01:01:57.487+0000] {dag.py:4180} INFO - Setting next_dagrun for example_branch_operator to 2024-10-14 00:00:00+00:00, run_after=2024-10-15 00:00:00+00:00
[2024-10-15T01:01:57.509+0000] {processor.py:208} INFO - Processing /home/airflow/.local/lib/python3.12/site-packages/airflow/example_dags/example_branch_operator.py took 0.109 seconds
[2024-10-15T01:02:27.783+0000] {processor.py:186} INFO - Started process (PID=410) to work on /home/airflow/.local/lib/python3.12/site-packages/airflow/example_dags/example_branch_operator.py
[2024-10-15T01:02:27.786+0000] {processor.py:914} INFO - Processing file /home/airflow/.local/lib/python3.12/site-packages/airflow/example_dags/example_branch_operator.py for tasks to queue
[2024-10-15T01:02:27.787+0000] {logging_mixin.py:190} INFO - [2024-10-15T01:02:27.787+0000] {dagbag.py:588} INFO - Filling up the DagBag from /home/airflow/.local/lib/python3.12/site-packages/airflow/example_dags/example_branch_operator.py
[2024-10-15T01:02:27.805+0000] {processor.py:925} INFO - DAG(s) 'example_branch_operator' retrieved from /home/airflow/.local/lib/python3.12/site-packages/airflow/example_dags/example_branch_operator.py
[2024-10-15T01:02:27.843+0000] {logging_mixin.py:190} INFO - [2024-10-15T01:02:27.843+0000] {dag.py:3239} INFO - Sync 1 DAGs
[2024-10-15T01:02:27.866+0000] {logging_mixin.py:190} INFO - [2024-10-15T01:02:27.866+0000] {dag.py:4180} INFO - Setting next_dagrun for example_branch_operator to 2024-10-14 00:00:00+00:00, run_after=2024-10-15 00:00:00+00:00
[2024-10-15T01:02:27.887+0000] {processor.py:208} INFO - Processing /home/airflow/.local/lib/python3.12/site-packages/airflow/example_dags/example_branch_operator.py took 0.110 seconds
[2024-10-15T01:02:58.399+0000] {processor.py:186} INFO - Started process (PID=472) to work on /home/airflow/.local/lib/python3.12/site-packages/airflow/example_dags/example_branch_operator.py
[2024-10-15T01:02:58.400+0000] {processor.py:914} INFO - Processing file /home/airflow/.local/lib/python3.12/site-packages/airflow/example_dags/example_branch_operator.py for tasks to queue
[2024-10-15T01:02:58.403+0000] {logging_mixin.py:190} INFO - [2024-10-15T01:02:58.403+0000] {dagbag.py:588} INFO - Filling up the DagBag from /home/airflow/.local/lib/python3.12/site-packages/airflow/example_dags/example_branch_operator.py
[2024-10-15T01:02:58.421+0000] {processor.py:925} INFO - DAG(s) 'example_branch_operator' retrieved from /home/airflow/.local/lib/python3.12/site-packages/airflow/example_dags/example_branch_operator.py
[2024-10-15T01:02:58.450+0000] {logging_mixin.py:190} INFO - [2024-10-15T01:02:58.450+0000] {dag.py:3239} INFO - Sync 1 DAGs
[2024-10-15T01:02:58.478+0000] {logging_mixin.py:190} INFO - [2024-10-15T01:02:58.478+0000] {dag.py:4180} INFO - Setting next_dagrun for example_branch_operator to 2024-10-14 00:00:00+00:00, run_after=2024-10-15 00:00:00+00:00
[2024-10-15T01:02:58.497+0000] {processor.py:208} INFO - Processing /home/airflow/.local/lib/python3.12/site-packages/airflow/example_dags/example_branch_operator.py took 0.105 seconds
[2024-10-15T01:03:28.669+0000] {processor.py:186} INFO - Started process (PID=534) to work on /home/airflow/.local/lib/python3.12/site-packages/airflow/example_dags/example_branch_operator.py
[2024-10-15T01:03:28.671+0000] {processor.py:914} INFO - Processing file /home/airflow/.local/lib/python3.12/site-packages/airflow/example_dags/example_branch_operator.py for tasks to queue
[2024-10-15T01:03:28.673+0000] {logging_mixin.py:190} INFO - [2024-10-15T01:03:28.673+0000] {dagbag.py:588} INFO - Filling up the DagBag from /home/airflow/.local/lib/python3.12/site-packages/airflow/example_dags/example_branch_operator.py
[2024-10-15T01:03:28.695+0000] {processor.py:925} INFO - DAG(s) 'example_branch_operator' retrieved from /home/airflow/.local/lib/python3.12/site-packages/airflow/example_dags/example_branch_operator.py
[2024-10-15T01:03:28.726+0000] {logging_mixin.py:190} INFO - [2024-10-15T01:03:28.724+0000] {dag.py:3239} INFO - Sync 1 DAGs
[2024-10-15T01:03:28.752+0000] {logging_mixin.py:190} INFO - [2024-10-15T01:03:28.752+0000] {dag.py:4180} INFO - Setting next_dagrun for example_branch_operator to 2024-10-14 00:00:00+00:00, run_after=2024-10-15 00:00:00+00:00
[2024-10-15T01:03:28.768+0000] {processor.py:208} INFO - Processing /home/airflow/.local/lib/python3.12/site-packages/airflow/example_dags/example_branch_operator.py took 0.107 seconds
[2024-10-15T01:03:58.998+0000] {processor.py:186} INFO - Started process (PID=596) to work on /home/airflow/.local/lib/python3.12/site-packages/airflow/example_dags/example_branch_operator.py
[2024-10-15T01:03:58.998+0000] {processor.py:914} INFO - Processing file /home/airflow/.local/lib/python3.12/site-packages/airflow/example_dags/example_branch_operator.py for tasks to queue
[2024-10-15T01:03:59.000+0000] {logging_mixin.py:190} INFO - [2024-10-15T01:03:59.000+0000] {dagbag.py:588} INFO - Filling up the DagBag from /home/airflow/.local/lib/python3.12/site-packages/airflow/example_dags/example_branch_operator.py
[2024-10-15T01:03:59.018+0000] {processor.py:925} INFO - DAG(s) 'example_branch_operator' retrieved from /home/airflow/.local/lib/python3.12/site-packages/airflow/example_dags/example_branch_operator.py
[2024-10-15T01:03:59.049+0000] {logging_mixin.py:190} INFO - [2024-10-15T01:03:59.048+0000] {dag.py:3239} INFO - Sync 1 DAGs
[2024-10-15T01:03:59.074+0000] {logging_mixin.py:190} INFO - [2024-10-15T01:03:59.074+0000] {dag.py:4180} INFO - Setting next_dagrun for example_branch_operator to 2024-10-14 00:00:00+00:00, run_after=2024-10-15 00:00:00+00:00
[2024-10-15T01:03:59.095+0000] {processor.py:208} INFO - Processing /home/airflow/.local/lib/python3.12/site-packages/airflow/example_dags/example_branch_operator.py took 0.104 seconds
[2024-10-15T01:04:29.429+0000] {processor.py:186} INFO - Started process (PID=658) to work on /home/airflow/.local/lib/python3.12/site-packages/airflow/example_dags/example_branch_operator.py
[2024-10-15T01:04:29.431+0000] {processor.py:914} INFO - Processing file /home/airflow/.local/lib/python3.12/site-packages/airflow/example_dags/example_branch_operator.py for tasks to queue
[2024-10-15T01:04:29.435+0000] {logging_mixin.py:190} INFO - [2024-10-15T01:04:29.432+0000] {dagbag.py:588} INFO - Filling up the DagBag from /home/airflow/.local/lib/python3.12/site-packages/airflow/example_dags/example_branch_operator.py
[2024-10-15T01:04:29.452+0000] {processor.py:925} INFO - DAG(s) 'example_branch_operator' retrieved from /home/airflow/.local/lib/python3.12/site-packages/airflow/example_dags/example_branch_operator.py
[2024-10-15T01:04:29.480+0000] {logging_mixin.py:190} INFO - [2024-10-15T01:04:29.480+0000] {dag.py:3239} INFO - Sync 1 DAGs
[2024-10-15T01:04:29.504+0000] {logging_mixin.py:190} INFO - [2024-10-15T01:04:29.503+0000] {dag.py:4180} INFO - Setting next_dagrun for example_branch_operator to 2024-10-14 00:00:00+00:00, run_after=2024-10-15 00:00:00+00:00
[2024-10-15T01:04:29.523+0000] {processor.py:208} INFO - Processing /home/airflow/.local/lib/python3.12/site-packages/airflow/example_dags/example_branch_operator.py took 0.099 seconds
[2024-10-15T01:04:59.852+0000] {processor.py:186} INFO - Started process (PID=720) to work on /home/airflow/.local/lib/python3.12/site-packages/airflow/example_dags/example_branch_operator.py
[2024-10-15T01:04:59.853+0000] {processor.py:914} INFO - Processing file /home/airflow/.local/lib/python3.12/site-packages/airflow/example_dags/example_branch_operator.py for tasks to queue
[2024-10-15T01:04:59.855+0000] {logging_mixin.py:190} INFO - [2024-10-15T01:04:59.855+0000] {dagbag.py:588} INFO - Filling up the DagBag from /home/airflow/.local/lib/python3.12/site-packages/airflow/example_dags/example_branch_operator.py
[2024-10-15T01:04:59.874+0000] {processor.py:925} INFO - DAG(s) 'example_branch_operator' retrieved from /home/airflow/.local/lib/python3.12/site-packages/airflow/example_dags/example_branch_operator.py
[2024-10-15T01:04:59.903+0000] {logging_mixin.py:190} INFO - [2024-10-15T01:04:59.903+0000] {dag.py:3239} INFO - Sync 1 DAGs
[2024-10-15T01:04:59.933+0000] {logging_mixin.py:190} INFO - [2024-10-15T01:04:59.931+0000] {dag.py:4180} INFO - Setting next_dagrun for example_branch_operator to 2024-10-14 00:00:00+00:00, run_after=2024-10-15 00:00:00+00:00
[2024-10-15T01:04:59.953+0000] {processor.py:208} INFO - Processing /home/airflow/.local/lib/python3.12/site-packages/airflow/example_dags/example_branch_operator.py took 0.106 seconds
[2024-10-15T01:05:30.240+0000] {processor.py:186} INFO - Started process (PID=782) to work on /home/airflow/.local/lib/python3.12/site-packages/airflow/example_dags/example_branch_operator.py
[2024-10-15T01:05:30.241+0000] {processor.py:914} INFO - Processing file /home/airflow/.local/lib/python3.12/site-packages/airflow/example_dags/example_branch_operator.py for tasks to queue
[2024-10-15T01:05:30.244+0000] {logging_mixin.py:190} INFO - [2024-10-15T01:05:30.243+0000] {dagbag.py:588} INFO - Filling up the DagBag from /home/airflow/.local/lib/python3.12/site-packages/airflow/example_dags/example_branch_operator.py
[2024-10-15T01:05:30.260+0000] {processor.py:925} INFO - DAG(s) 'example_branch_operator' retrieved from /home/airflow/.local/lib/python3.12/site-packages/airflow/example_dags/example_branch_operator.py
[2024-10-15T01:05:30.293+0000] {logging_mixin.py:190} INFO - [2024-10-15T01:05:30.293+0000] {dag.py:3239} INFO - Sync 1 DAGs
[2024-10-15T01:05:30.319+0000] {logging_mixin.py:190} INFO - [2024-10-15T01:05:30.319+0000] {dag.py:4180} INFO - Setting next_dagrun for example_branch_operator to 2024-10-14 00:00:00+00:00, run_after=2024-10-15 00:00:00+00:00
[2024-10-15T01:05:30.337+0000] {processor.py:208} INFO - Processing /home/airflow/.local/lib/python3.12/site-packages/airflow/example_dags/example_branch_operator.py took 0.103 seconds
[2024-10-15T01:06:00.816+0000] {processor.py:186} INFO - Started process (PID=845) to work on /home/airflow/.local/lib/python3.12/site-packages/airflow/example_dags/example_branch_operator.py
[2024-10-15T01:06:00.816+0000] {processor.py:914} INFO - Processing file /home/airflow/.local/lib/python3.12/site-packages/airflow/example_dags/example_branch_operator.py for tasks to queue
[2024-10-15T01:06:00.819+0000] {logging_mixin.py:190} INFO - [2024-10-15T01:06:00.819+0000] {dagbag.py:588} INFO - Filling up the DagBag from /home/airflow/.local/lib/python3.12/site-packages/airflow/example_dags/example_branch_operator.py
[2024-10-15T01:06:00.836+0000] {processor.py:925} INFO - DAG(s) 'example_branch_operator' retrieved from /home/airflow/.local/lib/python3.12/site-packages/airflow/example_dags/example_branch_operator.py
[2024-10-15T01:06:00.864+0000] {logging_mixin.py:190} INFO - [2024-10-15T01:06:00.864+0000] {dag.py:3239} INFO - Sync 1 DAGs
[2024-10-15T01:06:00.892+0000] {logging_mixin.py:190} INFO - [2024-10-15T01:06:00.891+0000] {dag.py:4180} INFO - Setting next_dagrun for example_branch_operator to 2024-10-14 00:00:00+00:00, run_after=2024-10-15 00:00:00+00:00
[2024-10-15T01:06:00.908+0000] {processor.py:208} INFO - Processing /home/airflow/.local/lib/python3.12/site-packages/airflow/example_dags/example_branch_operator.py took 0.098 seconds
[2024-10-15T01:06:31.644+0000] {processor.py:186} INFO - Started process (PID=907) to work on /home/airflow/.local/lib/python3.12/site-packages/airflow/example_dags/example_branch_operator.py
[2024-10-15T01:06:31.646+0000] {processor.py:914} INFO - Processing file /home/airflow/.local/lib/python3.12/site-packages/airflow/example_dags/example_branch_operator.py for tasks to queue
[2024-10-15T01:06:31.648+0000] {logging_mixin.py:190} INFO - [2024-10-15T01:06:31.647+0000] {dagbag.py:588} INFO - Filling up the DagBag from /home/airflow/.local/lib/python3.12/site-packages/airflow/example_dags/example_branch_operator.py
[2024-10-15T01:06:31.666+0000] {processor.py:925} INFO - DAG(s) 'example_branch_operator' retrieved from /home/airflow/.local/lib/python3.12/site-packages/airflow/example_dags/example_branch_operator.py
[2024-10-15T01:06:31.698+0000] {logging_mixin.py:190} INFO - [2024-10-15T01:06:31.697+0000] {dag.py:3239} INFO - Sync 1 DAGs
[2024-10-15T01:06:31.724+0000] {logging_mixin.py:190} INFO - [2024-10-15T01:06:31.723+0000] {dag.py:4180} INFO - Setting next_dagrun for example_branch_operator to 2024-10-14 00:00:00+00:00, run_after=2024-10-15 00:00:00+00:00
[2024-10-15T01:06:31.744+0000] {processor.py:208} INFO - Processing /home/airflow/.local/lib/python3.12/site-packages/airflow/example_dags/example_branch_operator.py took 0.105 seconds
[2024-10-15T01:07:01.826+0000] {processor.py:186} INFO - Started process (PID=968) to work on /home/airflow/.local/lib/python3.12/site-packages/airflow/example_dags/example_branch_operator.py
[2024-10-15T01:07:01.827+0000] {processor.py:914} INFO - Processing file /home/airflow/.local/lib/python3.12/site-packages/airflow/example_dags/example_branch_operator.py for tasks to queue
[2024-10-15T01:07:01.830+0000] {logging_mixin.py:190} INFO - [2024-10-15T01:07:01.829+0000] {dagbag.py:588} INFO - Filling up the DagBag from /home/airflow/.local/lib/python3.12/site-packages/airflow/example_dags/example_branch_operator.py
[2024-10-15T01:07:01.848+0000] {processor.py:925} INFO - DAG(s) 'example_branch_operator' retrieved from /home/airflow/.local/lib/python3.12/site-packages/airflow/example_dags/example_branch_operator.py
[2024-10-15T01:07:01.879+0000] {logging_mixin.py:190} INFO - [2024-10-15T01:07:01.879+0000] {dag.py:3239} INFO - Sync 1 DAGs
[2024-10-15T01:07:01.904+0000] {logging_mixin.py:190} INFO - [2024-10-15T01:07:01.904+0000] {dag.py:4180} INFO - Setting next_dagrun for example_branch_operator to 2024-10-14 00:00:00+00:00, run_after=2024-10-15 00:00:00+00:00
[2024-10-15T01:07:01.928+0000] {processor.py:208} INFO - Processing /home/airflow/.local/lib/python3.12/site-packages/airflow/example_dags/example_branch_operator.py took 0.108 seconds
[2024-10-15T01:07:31.994+0000] {processor.py:186} INFO - Started process (PID=1031) to work on /home/airflow/.local/lib/python3.12/site-packages/airflow/example_dags/example_branch_operator.py
[2024-10-15T01:07:31.998+0000] {processor.py:914} INFO - Processing file /home/airflow/.local/lib/python3.12/site-packages/airflow/example_dags/example_branch_operator.py for tasks to queue
[2024-10-15T01:07:32.002+0000] {logging_mixin.py:190} INFO - [2024-10-15T01:07:32.001+0000] {dagbag.py:588} INFO - Filling up the DagBag from /home/airflow/.local/lib/python3.12/site-packages/airflow/example_dags/example_branch_operator.py
[2024-10-15T01:07:32.019+0000] {processor.py:925} INFO - DAG(s) 'example_branch_operator' retrieved from /home/airflow/.local/lib/python3.12/site-packages/airflow/example_dags/example_branch_operator.py
[2024-10-15T01:07:32.051+0000] {logging_mixin.py:190} INFO - [2024-10-15T01:07:32.051+0000] {dag.py:3239} INFO - Sync 1 DAGs
[2024-10-15T01:07:32.076+0000] {logging_mixin.py:190} INFO - [2024-10-15T01:07:32.076+0000] {dag.py:4180} INFO - Setting next_dagrun for example_branch_operator to 2024-10-14 00:00:00+00:00, run_after=2024-10-15 00:00:00+00:00
[2024-10-15T01:07:32.099+0000] {processor.py:208} INFO - Processing /home/airflow/.local/lib/python3.12/site-packages/airflow/example_dags/example_branch_operator.py took 0.110 seconds
[2024-10-15T01:08:03.103+0000] {processor.py:186} INFO - Started process (PID=1093) to work on /home/airflow/.local/lib/python3.12/site-packages/airflow/example_dags/example_branch_operator.py
[2024-10-15T01:08:03.114+0000] {processor.py:914} INFO - Processing file /home/airflow/.local/lib/python3.12/site-packages/airflow/example_dags/example_branch_operator.py for tasks to queue
[2024-10-15T01:08:03.115+0000] {logging_mixin.py:190} INFO - [2024-10-15T01:08:03.115+0000] {dagbag.py:588} INFO - Filling up the DagBag from /home/airflow/.local/lib/python3.12/site-packages/airflow/example_dags/example_branch_operator.py
[2024-10-15T01:08:03.142+0000] {processor.py:925} INFO - DAG(s) 'example_branch_operator' retrieved from /home/airflow/.local/lib/python3.12/site-packages/airflow/example_dags/example_branch_operator.py
[2024-10-15T01:08:03.172+0000] {logging_mixin.py:190} INFO - [2024-10-15T01:08:03.171+0000] {dag.py:3239} INFO - Sync 1 DAGs
[2024-10-15T01:08:03.196+0000] {logging_mixin.py:190} INFO - [2024-10-15T01:08:03.196+0000] {dag.py:4180} INFO - Setting next_dagrun for example_branch_operator to 2024-10-14 00:00:00+00:00, run_after=2024-10-15 00:00:00+00:00
[2024-10-15T01:08:03.227+0000] {processor.py:208} INFO - Processing /home/airflow/.local/lib/python3.12/site-packages/airflow/example_dags/example_branch_operator.py took 0.172 seconds
[2024-10-15T01:08:33.966+0000] {processor.py:186} INFO - Started process (PID=1155) to work on /home/airflow/.local/lib/python3.12/site-packages/airflow/example_dags/example_branch_operator.py
[2024-10-15T01:08:33.968+0000] {processor.py:914} INFO - Processing file /home/airflow/.local/lib/python3.12/site-packages/airflow/example_dags/example_branch_operator.py for tasks to queue
[2024-10-15T01:08:33.973+0000] {logging_mixin.py:190} INFO - [2024-10-15T01:08:33.972+0000] {dagbag.py:588} INFO - Filling up the DagBag from /home/airflow/.local/lib/python3.12/site-packages/airflow/example_dags/example_branch_operator.py
[2024-10-15T01:08:33.996+0000] {processor.py:925} INFO - DAG(s) 'example_branch_operator' retrieved from /home/airflow/.local/lib/python3.12/site-packages/airflow/example_dags/example_branch_operator.py
[2024-10-15T01:08:34.029+0000] {logging_mixin.py:190} INFO - [2024-10-15T01:08:34.029+0000] {dag.py:3239} INFO - Sync 1 DAGs
[2024-10-15T01:08:34.057+0000] {logging_mixin.py:190} INFO - [2024-10-15T01:08:34.057+0000] {dag.py:4180} INFO - Setting next_dagrun for example_branch_operator to 2024-10-14 00:00:00+00:00, run_after=2024-10-15 00:00:00+00:00
[2024-10-15T01:08:34.077+0000] {processor.py:208} INFO - Processing /home/airflow/.local/lib/python3.12/site-packages/airflow/example_dags/example_branch_operator.py took 0.134 seconds
[2024-10-15T01:09:05.473+0000] {processor.py:186} INFO - Started process (PID=1217) to work on /home/airflow/.local/lib/python3.12/site-packages/airflow/example_dags/example_branch_operator.py
[2024-10-15T01:09:05.492+0000] {processor.py:914} INFO - Processing file /home/airflow/.local/lib/python3.12/site-packages/airflow/example_dags/example_branch_operator.py for tasks to queue
[2024-10-15T01:09:05.494+0000] {logging_mixin.py:190} INFO - [2024-10-15T01:09:05.494+0000] {dagbag.py:588} INFO - Filling up the DagBag from /home/airflow/.local/lib/python3.12/site-packages/airflow/example_dags/example_branch_operator.py
[2024-10-15T01:09:05.542+0000] {processor.py:925} INFO - DAG(s) 'example_branch_operator' retrieved from /home/airflow/.local/lib/python3.12/site-packages/airflow/example_dags/example_branch_operator.py
[2024-10-15T01:09:05.610+0000] {logging_mixin.py:190} INFO - [2024-10-15T01:09:05.610+0000] {dag.py:3239} INFO - Sync 1 DAGs
[2024-10-15T01:09:05.665+0000] {logging_mixin.py:190} INFO - [2024-10-15T01:09:05.664+0000] {dag.py:4180} INFO - Setting next_dagrun for example_branch_operator to 2024-10-14 00:00:00+00:00, run_after=2024-10-15 00:00:00+00:00
[2024-10-15T01:09:05.717+0000] {processor.py:208} INFO - Processing /home/airflow/.local/lib/python3.12/site-packages/airflow/example_dags/example_branch_operator.py took 0.251 seconds
[2024-10-15T01:09:36.669+0000] {processor.py:186} INFO - Started process (PID=1280) to work on /home/airflow/.local/lib/python3.12/site-packages/airflow/example_dags/example_branch_operator.py
[2024-10-15T01:09:36.670+0000] {processor.py:914} INFO - Processing file /home/airflow/.local/lib/python3.12/site-packages/airflow/example_dags/example_branch_operator.py for tasks to queue
[2024-10-15T01:09:36.672+0000] {logging_mixin.py:190} INFO - [2024-10-15T01:09:36.672+0000] {dagbag.py:588} INFO - Filling up the DagBag from /home/airflow/.local/lib/python3.12/site-packages/airflow/example_dags/example_branch_operator.py
[2024-10-15T01:09:36.691+0000] {processor.py:925} INFO - DAG(s) 'example_branch_operator' retrieved from /home/airflow/.local/lib/python3.12/site-packages/airflow/example_dags/example_branch_operator.py
[2024-10-15T01:09:36.719+0000] {logging_mixin.py:190} INFO - [2024-10-15T01:09:36.719+0000] {dag.py:3239} INFO - Sync 1 DAGs
[2024-10-15T01:09:36.755+0000] {logging_mixin.py:190} INFO - [2024-10-15T01:09:36.754+0000] {dag.py:4180} INFO - Setting next_dagrun for example_branch_operator to 2024-10-14 00:00:00+00:00, run_after=2024-10-15 00:00:00+00:00
[2024-10-15T01:09:36.772+0000] {processor.py:208} INFO - Processing /home/airflow/.local/lib/python3.12/site-packages/airflow/example_dags/example_branch_operator.py took 0.108 seconds
[2024-10-15T01:10:07.366+0000] {processor.py:186} INFO - Started process (PID=1344) to work on /home/airflow/.local/lib/python3.12/site-packages/airflow/example_dags/example_branch_operator.py
[2024-10-15T01:10:07.367+0000] {processor.py:914} INFO - Processing file /home/airflow/.local/lib/python3.12/site-packages/airflow/example_dags/example_branch_operator.py for tasks to queue
[2024-10-15T01:10:07.368+0000] {logging_mixin.py:190} INFO - [2024-10-15T01:10:07.368+0000] {dagbag.py:588} INFO - Filling up the DagBag from /home/airflow/.local/lib/python3.12/site-packages/airflow/example_dags/example_branch_operator.py
[2024-10-15T01:10:07.387+0000] {processor.py:925} INFO - DAG(s) 'example_branch_operator' retrieved from /home/airflow/.local/lib/python3.12/site-packages/airflow/example_dags/example_branch_operator.py
[2024-10-15T01:10:07.415+0000] {logging_mixin.py:190} INFO - [2024-10-15T01:10:07.415+0000] {dag.py:3239} INFO - Sync 1 DAGs
[2024-10-15T01:10:07.443+0000] {logging_mixin.py:190} INFO - [2024-10-15T01:10:07.443+0000] {dag.py:4180} INFO - Setting next_dagrun for example_branch_operator to 2024-10-14 00:00:00+00:00, run_after=2024-10-15 00:00:00+00:00
[2024-10-15T01:10:07.471+0000] {processor.py:208} INFO - Processing /home/airflow/.local/lib/python3.12/site-packages/airflow/example_dags/example_branch_operator.py took 0.115 seconds
[2024-10-15T01:10:38.501+0000] {processor.py:186} INFO - Started process (PID=1406) to work on /home/airflow/.local/lib/python3.12/site-packages/airflow/example_dags/example_branch_operator.py
[2024-10-15T01:10:38.503+0000] {processor.py:914} INFO - Processing file /home/airflow/.local/lib/python3.12/site-packages/airflow/example_dags/example_branch_operator.py for tasks to queue
[2024-10-15T01:10:38.504+0000] {logging_mixin.py:190} INFO - [2024-10-15T01:10:38.504+0000] {dagbag.py:588} INFO - Filling up the DagBag from /home/airflow/.local/lib/python3.12/site-packages/airflow/example_dags/example_branch_operator.py
[2024-10-15T01:10:38.522+0000] {processor.py:925} INFO - DAG(s) 'example_branch_operator' retrieved from /home/airflow/.local/lib/python3.12/site-packages/airflow/example_dags/example_branch_operator.py
[2024-10-15T01:10:38.554+0000] {logging_mixin.py:190} INFO - [2024-10-15T01:10:38.553+0000] {dag.py:3239} INFO - Sync 1 DAGs
[2024-10-15T01:10:38.582+0000] {logging_mixin.py:190} INFO - [2024-10-15T01:10:38.582+0000] {dag.py:4180} INFO - Setting next_dagrun for example_branch_operator to 2024-10-14 00:00:00+00:00, run_after=2024-10-15 00:00:00+00:00
[2024-10-15T01:10:38.602+0000] {processor.py:208} INFO - Processing /home/airflow/.local/lib/python3.12/site-packages/airflow/example_dags/example_branch_operator.py took 0.108 seconds
[2024-10-15T01:11:08.808+0000] {processor.py:186} INFO - Started process (PID=1469) to work on /home/airflow/.local/lib/python3.12/site-packages/airflow/example_dags/example_branch_operator.py
[2024-10-15T01:11:08.810+0000] {processor.py:914} INFO - Processing file /home/airflow/.local/lib/python3.12/site-packages/airflow/example_dags/example_branch_operator.py for tasks to queue
[2024-10-15T01:11:08.811+0000] {logging_mixin.py:190} INFO - [2024-10-15T01:11:08.811+0000] {dagbag.py:588} INFO - Filling up the DagBag from /home/airflow/.local/lib/python3.12/site-packages/airflow/example_dags/example_branch_operator.py
[2024-10-15T01:11:08.829+0000] {processor.py:925} INFO - DAG(s) 'example_branch_operator' retrieved from /home/airflow/.local/lib/python3.12/site-packages/airflow/example_dags/example_branch_operator.py
[2024-10-15T01:11:08.855+0000] {logging_mixin.py:190} INFO - [2024-10-15T01:11:08.855+0000] {dag.py:3239} INFO - Sync 1 DAGs
[2024-10-15T01:11:08.884+0000] {logging_mixin.py:190} INFO - [2024-10-15T01:11:08.883+0000] {dag.py:4180} INFO - Setting next_dagrun for example_branch_operator to 2024-10-14 00:00:00+00:00, run_after=2024-10-15 00:00:00+00:00
[2024-10-15T01:11:08.902+0000] {processor.py:208} INFO - Processing /home/airflow/.local/lib/python3.12/site-packages/airflow/example_dags/example_branch_operator.py took 0.098 seconds
[2024-10-15T01:11:39.004+0000] {processor.py:186} INFO - Started process (PID=1532) to work on /home/airflow/.local/lib/python3.12/site-packages/airflow/example_dags/example_branch_operator.py
[2024-10-15T01:11:39.004+0000] {processor.py:914} INFO - Processing file /home/airflow/.local/lib/python3.12/site-packages/airflow/example_dags/example_branch_operator.py for tasks to queue
[2024-10-15T01:11:39.007+0000] {logging_mixin.py:190} INFO - [2024-10-15T01:11:39.006+0000] {dagbag.py:588} INFO - Filling up the DagBag from /home/airflow/.local/lib/python3.12/site-packages/airflow/example_dags/example_branch_operator.py
[2024-10-15T01:11:39.024+0000] {processor.py:925} INFO - DAG(s) 'example_branch_operator' retrieved from /home/airflow/.local/lib/python3.12/site-packages/airflow/example_dags/example_branch_operator.py
[2024-10-15T01:11:39.055+0000] {logging_mixin.py:190} INFO - [2024-10-15T01:11:39.055+0000] {dag.py:3239} INFO - Sync 1 DAGs
[2024-10-15T01:11:39.079+0000] {logging_mixin.py:190} INFO - [2024-10-15T01:11:39.079+0000] {dag.py:4180} INFO - Setting next_dagrun for example_branch_operator to 2024-10-14 00:00:00+00:00, run_after=2024-10-15 00:00:00+00:00
[2024-10-15T01:11:39.098+0000] {processor.py:208} INFO - Processing /home/airflow/.local/lib/python3.12/site-packages/airflow/example_dags/example_branch_operator.py took 0.100 seconds
[2024-10-15T01:12:09.127+0000] {processor.py:186} INFO - Started process (PID=1594) to work on /home/airflow/.local/lib/python3.12/site-packages/airflow/example_dags/example_branch_operator.py
[2024-10-15T01:12:09.128+0000] {processor.py:914} INFO - Processing file /home/airflow/.local/lib/python3.12/site-packages/airflow/example_dags/example_branch_operator.py for tasks to queue
[2024-10-15T01:12:09.129+0000] {logging_mixin.py:190} INFO - [2024-10-15T01:12:09.128+0000] {dagbag.py:588} INFO - Filling up the DagBag from /home/airflow/.local/lib/python3.12/site-packages/airflow/example_dags/example_branch_operator.py
[2024-10-15T01:12:09.147+0000] {processor.py:925} INFO - DAG(s) 'example_branch_operator' retrieved from /home/airflow/.local/lib/python3.12/site-packages/airflow/example_dags/example_branch_operator.py
[2024-10-15T01:12:09.178+0000] {logging_mixin.py:190} INFO - [2024-10-15T01:12:09.178+0000] {dag.py:3239} INFO - Sync 1 DAGs
[2024-10-15T01:12:09.204+0000] {logging_mixin.py:190} INFO - [2024-10-15T01:12:09.204+0000] {dag.py:4180} INFO - Setting next_dagrun for example_branch_operator to 2024-10-14 00:00:00+00:00, run_after=2024-10-15 00:00:00+00:00
[2024-10-15T01:12:09.227+0000] {processor.py:208} INFO - Processing /home/airflow/.local/lib/python3.12/site-packages/airflow/example_dags/example_branch_operator.py took 0.109 seconds
[2024-10-15T01:12:39.678+0000] {processor.py:186} INFO - Started process (PID=1658) to work on /home/airflow/.local/lib/python3.12/site-packages/airflow/example_dags/example_branch_operator.py
[2024-10-15T01:12:39.680+0000] {processor.py:914} INFO - Processing file /home/airflow/.local/lib/python3.12/site-packages/airflow/example_dags/example_branch_operator.py for tasks to queue
[2024-10-15T01:12:39.682+0000] {logging_mixin.py:190} INFO - [2024-10-15T01:12:39.681+0000] {dagbag.py:588} INFO - Filling up the DagBag from /home/airflow/.local/lib/python3.12/site-packages/airflow/example_dags/example_branch_operator.py
[2024-10-15T01:12:39.701+0000] {processor.py:925} INFO - DAG(s) 'example_branch_operator' retrieved from /home/airflow/.local/lib/python3.12/site-packages/airflow/example_dags/example_branch_operator.py
[2024-10-15T01:12:39.731+0000] {logging_mixin.py:190} INFO - [2024-10-15T01:12:39.731+0000] {dag.py:3239} INFO - Sync 1 DAGs
[2024-10-15T01:12:39.756+0000] {logging_mixin.py:190} INFO - [2024-10-15T01:12:39.756+0000] {dag.py:4180} INFO - Setting next_dagrun for example_branch_operator to 2024-10-14 00:00:00+00:00, run_after=2024-10-15 00:00:00+00:00
[2024-10-15T01:12:39.780+0000] {processor.py:208} INFO - Processing /home/airflow/.local/lib/python3.12/site-packages/airflow/example_dags/example_branch_operator.py took 0.116 seconds
[2024-10-15T01:13:11.218+0000] {processor.py:186} INFO - Started process (PID=1724) to work on /home/airflow/.local/lib/python3.12/site-packages/airflow/example_dags/example_branch_operator.py
[2024-10-15T01:13:11.220+0000] {processor.py:914} INFO - Processing file /home/airflow/.local/lib/python3.12/site-packages/airflow/example_dags/example_branch_operator.py for tasks to queue
[2024-10-15T01:13:11.221+0000] {logging_mixin.py:190} INFO - [2024-10-15T01:13:11.221+0000] {dagbag.py:588} INFO - Filling up the DagBag from /home/airflow/.local/lib/python3.12/site-packages/airflow/example_dags/example_branch_operator.py
[2024-10-15T01:13:11.262+0000] {processor.py:925} INFO - DAG(s) 'example_branch_operator' retrieved from /home/airflow/.local/lib/python3.12/site-packages/airflow/example_dags/example_branch_operator.py
[2024-10-15T01:13:11.355+0000] {logging_mixin.py:190} INFO - [2024-10-15T01:13:11.355+0000] {dag.py:3239} INFO - Sync 1 DAGs
[2024-10-15T01:13:11.482+0000] {logging_mixin.py:190} INFO - [2024-10-15T01:13:11.482+0000] {dag.py:4180} INFO - Setting next_dagrun for example_branch_operator to 2024-10-14 00:00:00+00:00, run_after=2024-10-15 00:00:00+00:00
[2024-10-15T01:13:11.549+0000] {processor.py:208} INFO - Processing /home/airflow/.local/lib/python3.12/site-packages/airflow/example_dags/example_branch_operator.py took 0.336 seconds
[2024-10-15T01:13:42.277+0000] {processor.py:186} INFO - Started process (PID=1787) to work on /home/airflow/.local/lib/python3.12/site-packages/airflow/example_dags/example_branch_operator.py
[2024-10-15T01:13:42.281+0000] {processor.py:914} INFO - Processing file /home/airflow/.local/lib/python3.12/site-packages/airflow/example_dags/example_branch_operator.py for tasks to queue
[2024-10-15T01:13:42.283+0000] {logging_mixin.py:190} INFO - [2024-10-15T01:13:42.283+0000] {dagbag.py:588} INFO - Filling up the DagBag from /home/airflow/.local/lib/python3.12/site-packages/airflow/example_dags/example_branch_operator.py
[2024-10-15T01:13:42.316+0000] {processor.py:925} INFO - DAG(s) 'example_branch_operator' retrieved from /home/airflow/.local/lib/python3.12/site-packages/airflow/example_dags/example_branch_operator.py
[2024-10-15T01:13:42.347+0000] {logging_mixin.py:190} INFO - [2024-10-15T01:13:42.347+0000] {dag.py:3239} INFO - Sync 1 DAGs
[2024-10-15T01:13:42.373+0000] {logging_mixin.py:190} INFO - [2024-10-15T01:13:42.373+0000] {dag.py:4180} INFO - Setting next_dagrun for example_branch_operator to 2024-10-14 00:00:00+00:00, run_after=2024-10-15 00:00:00+00:00
[2024-10-15T01:13:42.397+0000] {processor.py:208} INFO - Processing /home/airflow/.local/lib/python3.12/site-packages/airflow/example_dags/example_branch_operator.py took 0.126 seconds
[2024-10-15T01:14:13.312+0000] {processor.py:186} INFO - Started process (PID=1850) to work on /home/airflow/.local/lib/python3.12/site-packages/airflow/example_dags/example_branch_operator.py
[2024-10-15T01:14:13.322+0000] {processor.py:914} INFO - Processing file /home/airflow/.local/lib/python3.12/site-packages/airflow/example_dags/example_branch_operator.py for tasks to queue
[2024-10-15T01:14:13.323+0000] {logging_mixin.py:190} INFO - [2024-10-15T01:14:13.323+0000] {dagbag.py:588} INFO - Filling up the DagBag from /home/airflow/.local/lib/python3.12/site-packages/airflow/example_dags/example_branch_operator.py
[2024-10-15T01:14:13.347+0000] {processor.py:925} INFO - DAG(s) 'example_branch_operator' retrieved from /home/airflow/.local/lib/python3.12/site-packages/airflow/example_dags/example_branch_operator.py
[2024-10-15T01:14:13.377+0000] {logging_mixin.py:190} INFO - [2024-10-15T01:14:13.377+0000] {dag.py:3239} INFO - Sync 1 DAGs
[2024-10-15T01:14:13.404+0000] {logging_mixin.py:190} INFO - [2024-10-15T01:14:13.403+0000] {dag.py:4180} INFO - Setting next_dagrun for example_branch_operator to 2024-10-14 00:00:00+00:00, run_after=2024-10-15 00:00:00+00:00
[2024-10-15T01:14:13.448+0000] {processor.py:208} INFO - Processing /home/airflow/.local/lib/python3.12/site-packages/airflow/example_dags/example_branch_operator.py took 0.143 seconds
[2024-10-15T01:14:44.349+0000] {processor.py:186} INFO - Started process (PID=1913) to work on /home/airflow/.local/lib/python3.12/site-packages/airflow/example_dags/example_branch_operator.py
[2024-10-15T01:14:44.358+0000] {processor.py:914} INFO - Processing file /home/airflow/.local/lib/python3.12/site-packages/airflow/example_dags/example_branch_operator.py for tasks to queue
[2024-10-15T01:14:44.360+0000] {logging_mixin.py:190} INFO - [2024-10-15T01:14:44.359+0000] {dagbag.py:588} INFO - Filling up the DagBag from /home/airflow/.local/lib/python3.12/site-packages/airflow/example_dags/example_branch_operator.py
[2024-10-15T01:14:44.385+0000] {processor.py:925} INFO - DAG(s) 'example_branch_operator' retrieved from /home/airflow/.local/lib/python3.12/site-packages/airflow/example_dags/example_branch_operator.py
[2024-10-15T01:14:44.447+0000] {logging_mixin.py:190} INFO - [2024-10-15T01:14:44.447+0000] {dag.py:3239} INFO - Sync 1 DAGs
[2024-10-15T01:14:44.492+0000] {logging_mixin.py:190} INFO - [2024-10-15T01:14:44.492+0000] {dag.py:4180} INFO - Setting next_dagrun for example_branch_operator to 2024-10-14 00:00:00+00:00, run_after=2024-10-15 00:00:00+00:00
[2024-10-15T01:14:44.531+0000] {processor.py:208} INFO - Processing /home/airflow/.local/lib/python3.12/site-packages/airflow/example_dags/example_branch_operator.py took 0.187 seconds
[2024-10-15T01:15:15.104+0000] {processor.py:186} INFO - Started process (PID=1974) to work on /home/airflow/.local/lib/python3.12/site-packages/airflow/example_dags/example_branch_operator.py
[2024-10-15T01:15:15.107+0000] {processor.py:914} INFO - Processing file /home/airflow/.local/lib/python3.12/site-packages/airflow/example_dags/example_branch_operator.py for tasks to queue
[2024-10-15T01:15:15.110+0000] {logging_mixin.py:190} INFO - [2024-10-15T01:15:15.108+0000] {dagbag.py:588} INFO - Filling up the DagBag from /home/airflow/.local/lib/python3.12/site-packages/airflow/example_dags/example_branch_operator.py
[2024-10-15T01:15:15.163+0000] {processor.py:925} INFO - DAG(s) 'example_branch_operator' retrieved from /home/airflow/.local/lib/python3.12/site-packages/airflow/example_dags/example_branch_operator.py
[2024-10-15T01:15:15.244+0000] {logging_mixin.py:190} INFO - [2024-10-15T01:15:15.244+0000] {dag.py:3239} INFO - Sync 1 DAGs
[2024-10-15T01:15:15.269+0000] {logging_mixin.py:190} INFO - [2024-10-15T01:15:15.269+0000] {dag.py:4180} INFO - Setting next_dagrun for example_branch_operator to 2024-10-14 00:00:00+00:00, run_after=2024-10-15 00:00:00+00:00
[2024-10-15T01:15:15.292+0000] {processor.py:208} INFO - Processing /home/airflow/.local/lib/python3.12/site-packages/airflow/example_dags/example_branch_operator.py took 0.193 seconds
[2024-10-15T01:15:46.206+0000] {processor.py:186} INFO - Started process (PID=2043) to work on /home/airflow/.local/lib/python3.12/site-packages/airflow/example_dags/example_branch_operator.py
[2024-10-15T01:15:46.207+0000] {processor.py:914} INFO - Processing file /home/airflow/.local/lib/python3.12/site-packages/airflow/example_dags/example_branch_operator.py for tasks to queue
[2024-10-15T01:15:46.208+0000] {logging_mixin.py:190} INFO - [2024-10-15T01:15:46.208+0000] {dagbag.py:588} INFO - Filling up the DagBag from /home/airflow/.local/lib/python3.12/site-packages/airflow/example_dags/example_branch_operator.py
[2024-10-15T01:15:46.227+0000] {processor.py:925} INFO - DAG(s) 'example_branch_operator' retrieved from /home/airflow/.local/lib/python3.12/site-packages/airflow/example_dags/example_branch_operator.py
[2024-10-15T01:15:46.256+0000] {logging_mixin.py:190} INFO - [2024-10-15T01:15:46.255+0000] {dag.py:3239} INFO - Sync 1 DAGs
[2024-10-15T01:15:46.286+0000] {logging_mixin.py:190} INFO - [2024-10-15T01:15:46.286+0000] {dag.py:4180} INFO - Setting next_dagrun for example_branch_operator to 2024-10-14 00:00:00+00:00, run_after=2024-10-15 00:00:00+00:00
[2024-10-15T01:15:46.311+0000] {processor.py:208} INFO - Processing /home/airflow/.local/lib/python3.12/site-packages/airflow/example_dags/example_branch_operator.py took 0.110 seconds
[2024-10-15T01:16:16.506+0000] {processor.py:186} INFO - Started process (PID=2105) to work on /home/airflow/.local/lib/python3.12/site-packages/airflow/example_dags/example_branch_operator.py
[2024-10-15T01:16:16.508+0000] {processor.py:914} INFO - Processing file /home/airflow/.local/lib/python3.12/site-packages/airflow/example_dags/example_branch_operator.py for tasks to queue
[2024-10-15T01:16:16.509+0000] {logging_mixin.py:190} INFO - [2024-10-15T01:16:16.508+0000] {dagbag.py:588} INFO - Filling up the DagBag from /home/airflow/.local/lib/python3.12/site-packages/airflow/example_dags/example_branch_operator.py
[2024-10-15T01:16:16.526+0000] {processor.py:925} INFO - DAG(s) 'example_branch_operator' retrieved from /home/airflow/.local/lib/python3.12/site-packages/airflow/example_dags/example_branch_operator.py
[2024-10-15T01:16:16.570+0000] {logging_mixin.py:190} INFO - [2024-10-15T01:16:16.570+0000] {dag.py:3239} INFO - Sync 1 DAGs
[2024-10-15T01:16:16.598+0000] {logging_mixin.py:190} INFO - [2024-10-15T01:16:16.598+0000] {dag.py:4180} INFO - Setting next_dagrun for example_branch_operator to 2024-10-14 00:00:00+00:00, run_after=2024-10-15 00:00:00+00:00
[2024-10-15T01:16:16.620+0000] {processor.py:208} INFO - Processing /home/airflow/.local/lib/python3.12/site-packages/airflow/example_dags/example_branch_operator.py took 0.121 seconds
[2024-10-15T01:16:46.981+0000] {processor.py:186} INFO - Started process (PID=2169) to work on /home/airflow/.local/lib/python3.12/site-packages/airflow/example_dags/example_branch_operator.py
[2024-10-15T01:16:46.982+0000] {processor.py:914} INFO - Processing file /home/airflow/.local/lib/python3.12/site-packages/airflow/example_dags/example_branch_operator.py for tasks to queue
[2024-10-15T01:16:46.983+0000] {logging_mixin.py:190} INFO - [2024-10-15T01:16:46.983+0000] {dagbag.py:588} INFO - Filling up the DagBag from /home/airflow/.local/lib/python3.12/site-packages/airflow/example_dags/example_branch_operator.py
[2024-10-15T01:16:47.001+0000] {processor.py:925} INFO - DAG(s) 'example_branch_operator' retrieved from /home/airflow/.local/lib/python3.12/site-packages/airflow/example_dags/example_branch_operator.py
[2024-10-15T01:16:47.044+0000] {logging_mixin.py:190} INFO - [2024-10-15T01:16:47.044+0000] {dag.py:3239} INFO - Sync 1 DAGs
[2024-10-15T01:16:47.068+0000] {logging_mixin.py:190} INFO - [2024-10-15T01:16:47.068+0000] {dag.py:4180} INFO - Setting next_dagrun for example_branch_operator to 2024-10-14 00:00:00+00:00, run_after=2024-10-15 00:00:00+00:00
[2024-10-15T01:16:47.091+0000] {processor.py:208} INFO - Processing /home/airflow/.local/lib/python3.12/site-packages/airflow/example_dags/example_branch_operator.py took 0.116 seconds
[2024-10-15T01:17:17.534+0000] {processor.py:186} INFO - Started process (PID=2232) to work on /home/airflow/.local/lib/python3.12/site-packages/airflow/example_dags/example_branch_operator.py
[2024-10-15T01:17:17.535+0000] {processor.py:914} INFO - Processing file /home/airflow/.local/lib/python3.12/site-packages/airflow/example_dags/example_branch_operator.py for tasks to queue
[2024-10-15T01:17:17.536+0000] {logging_mixin.py:190} INFO - [2024-10-15T01:17:17.535+0000] {dagbag.py:588} INFO - Filling up the DagBag from /home/airflow/.local/lib/python3.12/site-packages/airflow/example_dags/example_branch_operator.py
[2024-10-15T01:17:17.553+0000] {processor.py:925} INFO - DAG(s) 'example_branch_operator' retrieved from /home/airflow/.local/lib/python3.12/site-packages/airflow/example_dags/example_branch_operator.py
[2024-10-15T01:17:17.584+0000] {logging_mixin.py:190} INFO - [2024-10-15T01:17:17.583+0000] {dag.py:3239} INFO - Sync 1 DAGs
[2024-10-15T01:17:17.609+0000] {logging_mixin.py:190} INFO - [2024-10-15T01:17:17.609+0000] {dag.py:4180} INFO - Setting next_dagrun for example_branch_operator to 2024-10-14 00:00:00+00:00, run_after=2024-10-15 00:00:00+00:00
[2024-10-15T01:17:17.629+0000] {processor.py:208} INFO - Processing /home/airflow/.local/lib/python3.12/site-packages/airflow/example_dags/example_branch_operator.py took 0.100 seconds
[2024-10-15T01:17:48.044+0000] {processor.py:186} INFO - Started process (PID=2295) to work on /home/airflow/.local/lib/python3.12/site-packages/airflow/example_dags/example_branch_operator.py
[2024-10-15T01:17:48.045+0000] {processor.py:914} INFO - Processing file /home/airflow/.local/lib/python3.12/site-packages/airflow/example_dags/example_branch_operator.py for tasks to queue
[2024-10-15T01:17:48.046+0000] {logging_mixin.py:190} INFO - [2024-10-15T01:17:48.046+0000] {dagbag.py:588} INFO - Filling up the DagBag from /home/airflow/.local/lib/python3.12/site-packages/airflow/example_dags/example_branch_operator.py
[2024-10-15T01:17:48.064+0000] {processor.py:925} INFO - DAG(s) 'example_branch_operator' retrieved from /home/airflow/.local/lib/python3.12/site-packages/airflow/example_dags/example_branch_operator.py
[2024-10-15T01:17:48.108+0000] {logging_mixin.py:190} INFO - [2024-10-15T01:17:48.108+0000] {dag.py:3239} INFO - Sync 1 DAGs
[2024-10-15T01:17:48.147+0000] {logging_mixin.py:190} INFO - [2024-10-15T01:17:48.147+0000] {dag.py:4180} INFO - Setting next_dagrun for example_branch_operator to 2024-10-14 00:00:00+00:00, run_after=2024-10-15 00:00:00+00:00
[2024-10-15T01:17:48.170+0000] {processor.py:208} INFO - Processing /home/airflow/.local/lib/python3.12/site-packages/airflow/example_dags/example_branch_operator.py took 0.132 seconds
[2024-10-15T01:18:18.348+0000] {processor.py:186} INFO - Started process (PID=2358) to work on /home/airflow/.local/lib/python3.12/site-packages/airflow/example_dags/example_branch_operator.py
[2024-10-15T01:18:18.350+0000] {processor.py:914} INFO - Processing file /home/airflow/.local/lib/python3.12/site-packages/airflow/example_dags/example_branch_operator.py for tasks to queue
[2024-10-15T01:18:18.350+0000] {logging_mixin.py:190} INFO - [2024-10-15T01:18:18.350+0000] {dagbag.py:588} INFO - Filling up the DagBag from /home/airflow/.local/lib/python3.12/site-packages/airflow/example_dags/example_branch_operator.py
[2024-10-15T01:18:18.373+0000] {processor.py:925} INFO - DAG(s) 'example_branch_operator' retrieved from /home/airflow/.local/lib/python3.12/site-packages/airflow/example_dags/example_branch_operator.py
[2024-10-15T01:18:18.446+0000] {logging_mixin.py:190} INFO - [2024-10-15T01:18:18.446+0000] {dag.py:3239} INFO - Sync 1 DAGs
[2024-10-15T01:18:18.487+0000] {logging_mixin.py:190} INFO - [2024-10-15T01:18:18.487+0000] {dag.py:4180} INFO - Setting next_dagrun for example_branch_operator to 2024-10-14 00:00:00+00:00, run_after=2024-10-15 00:00:00+00:00
[2024-10-15T01:18:18.516+0000] {processor.py:208} INFO - Processing /home/airflow/.local/lib/python3.12/site-packages/airflow/example_dags/example_branch_operator.py took 0.174 seconds
[2024-10-15T01:18:49.355+0000] {processor.py:186} INFO - Started process (PID=2421) to work on /home/airflow/.local/lib/python3.12/site-packages/airflow/example_dags/example_branch_operator.py
[2024-10-15T01:18:49.362+0000] {processor.py:914} INFO - Processing file /home/airflow/.local/lib/python3.12/site-packages/airflow/example_dags/example_branch_operator.py for tasks to queue
[2024-10-15T01:18:49.363+0000] {logging_mixin.py:190} INFO - [2024-10-15T01:18:49.363+0000] {dagbag.py:588} INFO - Filling up the DagBag from /home/airflow/.local/lib/python3.12/site-packages/airflow/example_dags/example_branch_operator.py
[2024-10-15T01:18:49.409+0000] {processor.py:925} INFO - DAG(s) 'example_branch_operator' retrieved from /home/airflow/.local/lib/python3.12/site-packages/airflow/example_dags/example_branch_operator.py
[2024-10-15T01:18:49.474+0000] {logging_mixin.py:190} INFO - [2024-10-15T01:18:49.474+0000] {dag.py:3239} INFO - Sync 1 DAGs
[2024-10-15T01:18:49.519+0000] {logging_mixin.py:190} INFO - [2024-10-15T01:18:49.518+0000] {dag.py:4180} INFO - Setting next_dagrun for example_branch_operator to 2024-10-14 00:00:00+00:00, run_after=2024-10-15 00:00:00+00:00
[2024-10-15T01:18:49.570+0000] {processor.py:208} INFO - Processing /home/airflow/.local/lib/python3.12/site-packages/airflow/example_dags/example_branch_operator.py took 0.221 seconds
[2024-10-15T01:19:19.946+0000] {processor.py:186} INFO - Started process (PID=2484) to work on /home/airflow/.local/lib/python3.12/site-packages/airflow/example_dags/example_branch_operator.py
[2024-10-15T01:19:19.946+0000] {processor.py:914} INFO - Processing file /home/airflow/.local/lib/python3.12/site-packages/airflow/example_dags/example_branch_operator.py for tasks to queue
[2024-10-15T01:19:19.947+0000] {logging_mixin.py:190} INFO - [2024-10-15T01:19:19.947+0000] {dagbag.py:588} INFO - Filling up the DagBag from /home/airflow/.local/lib/python3.12/site-packages/airflow/example_dags/example_branch_operator.py
[2024-10-15T01:19:19.967+0000] {processor.py:925} INFO - DAG(s) 'example_branch_operator' retrieved from /home/airflow/.local/lib/python3.12/site-packages/airflow/example_dags/example_branch_operator.py
[2024-10-15T01:19:20.013+0000] {logging_mixin.py:190} INFO - [2024-10-15T01:19:20.013+0000] {dag.py:3239} INFO - Sync 1 DAGs
[2024-10-15T01:19:20.071+0000] {logging_mixin.py:190} INFO - [2024-10-15T01:19:20.071+0000] {dag.py:4180} INFO - Setting next_dagrun for example_branch_operator to 2024-10-14 00:00:00+00:00, run_after=2024-10-15 00:00:00+00:00
[2024-10-15T01:19:20.120+0000] {processor.py:208} INFO - Processing /home/airflow/.local/lib/python3.12/site-packages/airflow/example_dags/example_branch_operator.py took 0.180 seconds
[2024-10-15T01:19:50.610+0000] {processor.py:186} INFO - Started process (PID=2548) to work on /home/airflow/.local/lib/python3.12/site-packages/airflow/example_dags/example_branch_operator.py
[2024-10-15T01:19:50.612+0000] {processor.py:914} INFO - Processing file /home/airflow/.local/lib/python3.12/site-packages/airflow/example_dags/example_branch_operator.py for tasks to queue
[2024-10-15T01:19:50.613+0000] {logging_mixin.py:190} INFO - [2024-10-15T01:19:50.613+0000] {dagbag.py:588} INFO - Filling up the DagBag from /home/airflow/.local/lib/python3.12/site-packages/airflow/example_dags/example_branch_operator.py
[2024-10-15T01:19:50.652+0000] {processor.py:925} INFO - DAG(s) 'example_branch_operator' retrieved from /home/airflow/.local/lib/python3.12/site-packages/airflow/example_dags/example_branch_operator.py
[2024-10-15T01:19:50.696+0000] {logging_mixin.py:190} INFO - [2024-10-15T01:19:50.696+0000] {dag.py:3239} INFO - Sync 1 DAGs
[2024-10-15T01:19:50.731+0000] {logging_mixin.py:190} INFO - [2024-10-15T01:19:50.731+0000] {dag.py:4180} INFO - Setting next_dagrun for example_branch_operator to 2024-10-14 00:00:00+00:00, run_after=2024-10-15 00:00:00+00:00
[2024-10-15T01:19:50.748+0000] {processor.py:208} INFO - Processing /home/airflow/.local/lib/python3.12/site-packages/airflow/example_dags/example_branch_operator.py took 0.145 seconds
[2024-10-15T01:20:20.919+0000] {processor.py:186} INFO - Started process (PID=2612) to work on /home/airflow/.local/lib/python3.12/site-packages/airflow/example_dags/example_branch_operator.py
[2024-10-15T01:20:20.919+0000] {processor.py:914} INFO - Processing file /home/airflow/.local/lib/python3.12/site-packages/airflow/example_dags/example_branch_operator.py for tasks to queue
[2024-10-15T01:20:20.920+0000] {logging_mixin.py:190} INFO - [2024-10-15T01:20:20.920+0000] {dagbag.py:588} INFO - Filling up the DagBag from /home/airflow/.local/lib/python3.12/site-packages/airflow/example_dags/example_branch_operator.py
[2024-10-15T01:20:20.938+0000] {processor.py:925} INFO - DAG(s) 'example_branch_operator' retrieved from /home/airflow/.local/lib/python3.12/site-packages/airflow/example_dags/example_branch_operator.py
[2024-10-15T01:20:20.968+0000] {logging_mixin.py:190} INFO - [2024-10-15T01:20:20.968+0000] {dag.py:3239} INFO - Sync 1 DAGs
[2024-10-15T01:20:20.992+0000] {logging_mixin.py:190} INFO - [2024-10-15T01:20:20.991+0000] {dag.py:4180} INFO - Setting next_dagrun for example_branch_operator to 2024-10-14 00:00:00+00:00, run_after=2024-10-15 00:00:00+00:00
[2024-10-15T01:20:21.012+0000] {processor.py:208} INFO - Processing /home/airflow/.local/lib/python3.12/site-packages/airflow/example_dags/example_branch_operator.py took 0.100 seconds
[2024-10-15T01:20:51.605+0000] {processor.py:186} INFO - Started process (PID=2675) to work on /home/airflow/.local/lib/python3.12/site-packages/airflow/example_dags/example_branch_operator.py
[2024-10-15T01:20:51.607+0000] {processor.py:914} INFO - Processing file /home/airflow/.local/lib/python3.12/site-packages/airflow/example_dags/example_branch_operator.py for tasks to queue
[2024-10-15T01:20:51.608+0000] {logging_mixin.py:190} INFO - [2024-10-15T01:20:51.608+0000] {dagbag.py:588} INFO - Filling up the DagBag from /home/airflow/.local/lib/python3.12/site-packages/airflow/example_dags/example_branch_operator.py
[2024-10-15T01:20:51.625+0000] {processor.py:925} INFO - DAG(s) 'example_branch_operator' retrieved from /home/airflow/.local/lib/python3.12/site-packages/airflow/example_dags/example_branch_operator.py
[2024-10-15T01:20:51.654+0000] {logging_mixin.py:190} INFO - [2024-10-15T01:20:51.654+0000] {dag.py:3239} INFO - Sync 1 DAGs
[2024-10-15T01:20:51.679+0000] {logging_mixin.py:190} INFO - [2024-10-15T01:20:51.679+0000] {dag.py:4180} INFO - Setting next_dagrun for example_branch_operator to 2024-10-14 00:00:00+00:00, run_after=2024-10-15 00:00:00+00:00
[2024-10-15T01:20:51.699+0000] {processor.py:208} INFO - Processing /home/airflow/.local/lib/python3.12/site-packages/airflow/example_dags/example_branch_operator.py took 0.100 seconds
[2024-10-15T01:21:22.188+0000] {processor.py:186} INFO - Started process (PID=2737) to work on /home/airflow/.local/lib/python3.12/site-packages/airflow/example_dags/example_branch_operator.py
[2024-10-15T01:21:22.190+0000] {processor.py:914} INFO - Processing file /home/airflow/.local/lib/python3.12/site-packages/airflow/example_dags/example_branch_operator.py for tasks to queue
[2024-10-15T01:21:22.191+0000] {logging_mixin.py:190} INFO - [2024-10-15T01:21:22.190+0000] {dagbag.py:588} INFO - Filling up the DagBag from /home/airflow/.local/lib/python3.12/site-packages/airflow/example_dags/example_branch_operator.py
[2024-10-15T01:21:22.209+0000] {processor.py:925} INFO - DAG(s) 'example_branch_operator' retrieved from /home/airflow/.local/lib/python3.12/site-packages/airflow/example_dags/example_branch_operator.py
[2024-10-15T01:21:22.245+0000] {logging_mixin.py:190} INFO - [2024-10-15T01:21:22.244+0000] {dag.py:3239} INFO - Sync 1 DAGs
[2024-10-15T01:21:22.269+0000] {logging_mixin.py:190} INFO - [2024-10-15T01:21:22.269+0000] {dag.py:4180} INFO - Setting next_dagrun for example_branch_operator to 2024-10-14 00:00:00+00:00, run_after=2024-10-15 00:00:00+00:00
[2024-10-15T01:21:22.288+0000] {processor.py:208} INFO - Processing /home/airflow/.local/lib/python3.12/site-packages/airflow/example_dags/example_branch_operator.py took 0.106 seconds
[2024-10-15T01:21:52.728+0000] {processor.py:186} INFO - Started process (PID=2799) to work on /home/airflow/.local/lib/python3.12/site-packages/airflow/example_dags/example_branch_operator.py
[2024-10-15T01:21:52.729+0000] {processor.py:914} INFO - Processing file /home/airflow/.local/lib/python3.12/site-packages/airflow/example_dags/example_branch_operator.py for tasks to queue
[2024-10-15T01:21:52.731+0000] {logging_mixin.py:190} INFO - [2024-10-15T01:21:52.730+0000] {dagbag.py:588} INFO - Filling up the DagBag from /home/airflow/.local/lib/python3.12/site-packages/airflow/example_dags/example_branch_operator.py
[2024-10-15T01:21:52.748+0000] {processor.py:925} INFO - DAG(s) 'example_branch_operator' retrieved from /home/airflow/.local/lib/python3.12/site-packages/airflow/example_dags/example_branch_operator.py
[2024-10-15T01:21:52.779+0000] {logging_mixin.py:190} INFO - [2024-10-15T01:21:52.779+0000] {dag.py:3239} INFO - Sync 1 DAGs
[2024-10-15T01:21:52.804+0000] {logging_mixin.py:190} INFO - [2024-10-15T01:21:52.804+0000] {dag.py:4180} INFO - Setting next_dagrun for example_branch_operator to 2024-10-14 00:00:00+00:00, run_after=2024-10-15 00:00:00+00:00
[2024-10-15T01:21:52.823+0000] {processor.py:208} INFO - Processing /home/airflow/.local/lib/python3.12/site-packages/airflow/example_dags/example_branch_operator.py took 0.101 seconds
[2024-10-15T01:22:23.306+0000] {processor.py:186} INFO - Started process (PID=2862) to work on /home/airflow/.local/lib/python3.12/site-packages/airflow/example_dags/example_branch_operator.py
[2024-10-15T01:22:23.308+0000] {processor.py:914} INFO - Processing file /home/airflow/.local/lib/python3.12/site-packages/airflow/example_dags/example_branch_operator.py for tasks to queue
[2024-10-15T01:22:23.309+0000] {logging_mixin.py:190} INFO - [2024-10-15T01:22:23.309+0000] {dagbag.py:588} INFO - Filling up the DagBag from /home/airflow/.local/lib/python3.12/site-packages/airflow/example_dags/example_branch_operator.py
[2024-10-15T01:22:23.332+0000] {processor.py:925} INFO - DAG(s) 'example_branch_operator' retrieved from /home/airflow/.local/lib/python3.12/site-packages/airflow/example_dags/example_branch_operator.py
[2024-10-15T01:22:23.362+0000] {logging_mixin.py:190} INFO - [2024-10-15T01:22:23.360+0000] {dag.py:3239} INFO - Sync 1 DAGs
[2024-10-15T01:22:23.387+0000] {logging_mixin.py:190} INFO - [2024-10-15T01:22:23.387+0000] {dag.py:4180} INFO - Setting next_dagrun for example_branch_operator to 2024-10-14 00:00:00+00:00, run_after=2024-10-15 00:00:00+00:00
[2024-10-15T01:22:23.404+0000] {processor.py:208} INFO - Processing /home/airflow/.local/lib/python3.12/site-packages/airflow/example_dags/example_branch_operator.py took 0.104 seconds
[2024-10-15T01:22:54.006+0000] {processor.py:186} INFO - Started process (PID=2926) to work on /home/airflow/.local/lib/python3.12/site-packages/airflow/example_dags/example_branch_operator.py
[2024-10-15T01:22:54.007+0000] {processor.py:914} INFO - Processing file /home/airflow/.local/lib/python3.12/site-packages/airflow/example_dags/example_branch_operator.py for tasks to queue
[2024-10-15T01:22:54.008+0000] {logging_mixin.py:190} INFO - [2024-10-15T01:22:54.007+0000] {dagbag.py:588} INFO - Filling up the DagBag from /home/airflow/.local/lib/python3.12/site-packages/airflow/example_dags/example_branch_operator.py
[2024-10-15T01:22:54.025+0000] {processor.py:925} INFO - DAG(s) 'example_branch_operator' retrieved from /home/airflow/.local/lib/python3.12/site-packages/airflow/example_dags/example_branch_operator.py
[2024-10-15T01:22:54.057+0000] {logging_mixin.py:190} INFO - [2024-10-15T01:22:54.057+0000] {dag.py:3239} INFO - Sync 1 DAGs
[2024-10-15T01:22:54.089+0000] {logging_mixin.py:190} INFO - [2024-10-15T01:22:54.089+0000] {dag.py:4180} INFO - Setting next_dagrun for example_branch_operator to 2024-10-14 00:00:00+00:00, run_after=2024-10-15 00:00:00+00:00
[2024-10-15T01:22:54.110+0000] {processor.py:208} INFO - Processing /home/airflow/.local/lib/python3.12/site-packages/airflow/example_dags/example_branch_operator.py took 0.121 seconds
[2024-10-15T01:23:24.744+0000] {processor.py:186} INFO - Started process (PID=2989) to work on /home/airflow/.local/lib/python3.12/site-packages/airflow/example_dags/example_branch_operator.py
[2024-10-15T01:23:24.746+0000] {processor.py:914} INFO - Processing file /home/airflow/.local/lib/python3.12/site-packages/airflow/example_dags/example_branch_operator.py for tasks to queue
[2024-10-15T01:23:24.747+0000] {logging_mixin.py:190} INFO - [2024-10-15T01:23:24.747+0000] {dagbag.py:588} INFO - Filling up the DagBag from /home/airflow/.local/lib/python3.12/site-packages/airflow/example_dags/example_branch_operator.py
[2024-10-15T01:23:24.776+0000] {processor.py:925} INFO - DAG(s) 'example_branch_operator' retrieved from /home/airflow/.local/lib/python3.12/site-packages/airflow/example_dags/example_branch_operator.py
[2024-10-15T01:23:24.805+0000] {logging_mixin.py:190} INFO - [2024-10-15T01:23:24.805+0000] {dag.py:3239} INFO - Sync 1 DAGs
[2024-10-15T01:23:24.831+0000] {logging_mixin.py:190} INFO - [2024-10-15T01:23:24.831+0000] {dag.py:4180} INFO - Setting next_dagrun for example_branch_operator to 2024-10-14 00:00:00+00:00, run_after=2024-10-15 00:00:00+00:00
[2024-10-15T01:23:24.852+0000] {processor.py:208} INFO - Processing /home/airflow/.local/lib/python3.12/site-packages/airflow/example_dags/example_branch_operator.py took 0.114 seconds
