[2024-10-15T00:59:59.189+0000] {processor.py:186} INFO - Started process (PID=110) to work on /home/airflow/.local/lib/python3.12/site-packages/airflow/example_dags/example_nested_branch_dag.py
[2024-10-15T00:59:59.209+0000] {processor.py:914} INFO - Processing file /home/airflow/.local/lib/python3.12/site-packages/airflow/example_dags/example_nested_branch_dag.py for tasks to queue
[2024-10-15T00:59:59.222+0000] {logging_mixin.py:190} INFO - [2024-10-15T00:59:59.221+0000] {dagbag.py:588} INFO - Filling up the DagBag from /home/airflow/.local/lib/python3.12/site-packages/airflow/example_dags/example_nested_branch_dag.py
[2024-10-15T00:59:59.253+0000] {processor.py:925} INFO - DAG(s) 'example_nested_branch_dag' retrieved from /home/airflow/.local/lib/python3.12/site-packages/airflow/example_dags/example_nested_branch_dag.py
[2024-10-15T00:59:59.685+0000] {logging_mixin.py:190} INFO - [2024-10-15T00:59:59.684+0000] {override.py:1900} INFO - Created Permission View: can edit on DAG:example_nested_branch_dag
[2024-10-15T00:59:59.709+0000] {logging_mixin.py:190} INFO - [2024-10-15T00:59:59.709+0000] {override.py:1900} INFO - Created Permission View: can delete on DAG:example_nested_branch_dag
[2024-10-15T00:59:59.722+0000] {logging_mixin.py:190} INFO - [2024-10-15T00:59:59.722+0000] {override.py:1900} INFO - Created Permission View: can read on DAG:example_nested_branch_dag
[2024-10-15T00:59:59.732+0000] {logging_mixin.py:190} INFO - [2024-10-15T00:59:59.731+0000] {override.py:1900} INFO - Created Permission View: can create on DAG Run:example_nested_branch_dag
[2024-10-15T00:59:59.750+0000] {logging_mixin.py:190} INFO - [2024-10-15T00:59:59.750+0000] {override.py:1900} INFO - Created Permission View: menu access on DAG Run:example_nested_branch_dag
[2024-10-15T00:59:59.768+0000] {logging_mixin.py:190} INFO - [2024-10-15T00:59:59.767+0000] {override.py:1900} INFO - Created Permission View: can read on DAG Run:example_nested_branch_dag
[2024-10-15T00:59:59.773+0000] {logging_mixin.py:190} INFO - [2024-10-15T00:59:59.773+0000] {override.py:1900} INFO - Created Permission View: can delete on DAG Run:example_nested_branch_dag
[2024-10-15T00:59:59.773+0000] {logging_mixin.py:190} INFO - [2024-10-15T00:59:59.773+0000] {dag.py:3239} INFO - Sync 1 DAGs
[2024-10-15T00:59:59.808+0000] {logging_mixin.py:190} INFO - [2024-10-15T00:59:59.805+0000] {dag.py:3262} INFO - Creating ORM DAG for example_nested_branch_dag
[2024-10-15T00:59:59.848+0000] {logging_mixin.py:190} INFO - [2024-10-15T00:59:59.848+0000] {dag.py:4180} INFO - Setting next_dagrun for example_nested_branch_dag to 2024-10-14 00:00:00+00:00, run_after=2024-10-15 00:00:00+00:00
[2024-10-15T00:59:59.947+0000] {processor.py:208} INFO - Processing /home/airflow/.local/lib/python3.12/site-packages/airflow/example_dags/example_nested_branch_dag.py took 0.789 seconds
[2024-10-15T01:00:30.836+0000] {processor.py:186} INFO - Started process (PID=172) to work on /home/airflow/.local/lib/python3.12/site-packages/airflow/example_dags/example_nested_branch_dag.py
[2024-10-15T01:00:30.841+0000] {processor.py:914} INFO - Processing file /home/airflow/.local/lib/python3.12/site-packages/airflow/example_dags/example_nested_branch_dag.py for tasks to queue
[2024-10-15T01:00:30.843+0000] {logging_mixin.py:190} INFO - [2024-10-15T01:00:30.843+0000] {dagbag.py:588} INFO - Filling up the DagBag from /home/airflow/.local/lib/python3.12/site-packages/airflow/example_dags/example_nested_branch_dag.py
[2024-10-15T01:00:30.902+0000] {processor.py:925} INFO - DAG(s) 'example_nested_branch_dag' retrieved from /home/airflow/.local/lib/python3.12/site-packages/airflow/example_dags/example_nested_branch_dag.py
[2024-10-15T01:00:30.944+0000] {logging_mixin.py:190} INFO - [2024-10-15T01:00:30.943+0000] {dag.py:3239} INFO - Sync 1 DAGs
[2024-10-15T01:00:30.987+0000] {logging_mixin.py:190} INFO - [2024-10-15T01:00:30.986+0000] {dag.py:4180} INFO - Setting next_dagrun for example_nested_branch_dag to 2024-10-14 00:00:00+00:00, run_after=2024-10-15 00:00:00+00:00
[2024-10-15T01:00:31.014+0000] {processor.py:208} INFO - Processing /home/airflow/.local/lib/python3.12/site-packages/airflow/example_dags/example_nested_branch_dag.py took 0.191 seconds
[2024-10-15T01:01:01.121+0000] {processor.py:186} INFO - Started process (PID=235) to work on /home/airflow/.local/lib/python3.12/site-packages/airflow/example_dags/example_nested_branch_dag.py
[2024-10-15T01:01:01.123+0000] {processor.py:914} INFO - Processing file /home/airflow/.local/lib/python3.12/site-packages/airflow/example_dags/example_nested_branch_dag.py for tasks to queue
[2024-10-15T01:01:01.125+0000] {logging_mixin.py:190} INFO - [2024-10-15T01:01:01.124+0000] {dagbag.py:588} INFO - Filling up the DagBag from /home/airflow/.local/lib/python3.12/site-packages/airflow/example_dags/example_nested_branch_dag.py
[2024-10-15T01:01:01.134+0000] {processor.py:925} INFO - DAG(s) 'example_nested_branch_dag' retrieved from /home/airflow/.local/lib/python3.12/site-packages/airflow/example_dags/example_nested_branch_dag.py
[2024-10-15T01:01:01.155+0000] {logging_mixin.py:190} INFO - [2024-10-15T01:01:01.155+0000] {dag.py:3239} INFO - Sync 1 DAGs
[2024-10-15T01:01:01.176+0000] {logging_mixin.py:190} INFO - [2024-10-15T01:01:01.175+0000] {dag.py:4180} INFO - Setting next_dagrun for example_nested_branch_dag to 2024-10-14 00:00:00+00:00, run_after=2024-10-15 00:00:00+00:00
[2024-10-15T01:01:01.194+0000] {processor.py:208} INFO - Processing /home/airflow/.local/lib/python3.12/site-packages/airflow/example_dags/example_nested_branch_dag.py took 0.079 seconds
[2024-10-15T01:01:31.552+0000] {processor.py:186} INFO - Started process (PID=295) to work on /home/airflow/.local/lib/python3.12/site-packages/airflow/example_dags/example_nested_branch_dag.py
[2024-10-15T01:01:31.553+0000] {processor.py:914} INFO - Processing file /home/airflow/.local/lib/python3.12/site-packages/airflow/example_dags/example_nested_branch_dag.py for tasks to queue
[2024-10-15T01:01:31.556+0000] {logging_mixin.py:190} INFO - [2024-10-15T01:01:31.555+0000] {dagbag.py:588} INFO - Filling up the DagBag from /home/airflow/.local/lib/python3.12/site-packages/airflow/example_dags/example_nested_branch_dag.py
[2024-10-15T01:01:31.571+0000] {processor.py:925} INFO - DAG(s) 'example_nested_branch_dag' retrieved from /home/airflow/.local/lib/python3.12/site-packages/airflow/example_dags/example_nested_branch_dag.py
[2024-10-15T01:01:31.594+0000] {logging_mixin.py:190} INFO - [2024-10-15T01:01:31.594+0000] {dag.py:3239} INFO - Sync 1 DAGs
[2024-10-15T01:01:31.620+0000] {logging_mixin.py:190} INFO - [2024-10-15T01:01:31.620+0000] {dag.py:4180} INFO - Setting next_dagrun for example_nested_branch_dag to 2024-10-14 00:00:00+00:00, run_after=2024-10-15 00:00:00+00:00
[2024-10-15T01:01:31.635+0000] {processor.py:208} INFO - Processing /home/airflow/.local/lib/python3.12/site-packages/airflow/example_dags/example_nested_branch_dag.py took 0.089 seconds
[2024-10-15T01:02:01.776+0000] {processor.py:186} INFO - Started process (PID=357) to work on /home/airflow/.local/lib/python3.12/site-packages/airflow/example_dags/example_nested_branch_dag.py
[2024-10-15T01:02:01.776+0000] {processor.py:914} INFO - Processing file /home/airflow/.local/lib/python3.12/site-packages/airflow/example_dags/example_nested_branch_dag.py for tasks to queue
[2024-10-15T01:02:01.779+0000] {logging_mixin.py:190} INFO - [2024-10-15T01:02:01.779+0000] {dagbag.py:588} INFO - Filling up the DagBag from /home/airflow/.local/lib/python3.12/site-packages/airflow/example_dags/example_nested_branch_dag.py
[2024-10-15T01:02:01.790+0000] {processor.py:925} INFO - DAG(s) 'example_nested_branch_dag' retrieved from /home/airflow/.local/lib/python3.12/site-packages/airflow/example_dags/example_nested_branch_dag.py
[2024-10-15T01:02:01.817+0000] {logging_mixin.py:190} INFO - [2024-10-15T01:02:01.816+0000] {dag.py:3239} INFO - Sync 1 DAGs
[2024-10-15T01:02:01.843+0000] {logging_mixin.py:190} INFO - [2024-10-15T01:02:01.843+0000] {dag.py:4180} INFO - Setting next_dagrun for example_nested_branch_dag to 2024-10-14 00:00:00+00:00, run_after=2024-10-15 00:00:00+00:00
[2024-10-15T01:02:01.859+0000] {processor.py:208} INFO - Processing /home/airflow/.local/lib/python3.12/site-packages/airflow/example_dags/example_nested_branch_dag.py took 0.090 seconds
[2024-10-15T01:02:32.070+0000] {processor.py:186} INFO - Started process (PID=418) to work on /home/airflow/.local/lib/python3.12/site-packages/airflow/example_dags/example_nested_branch_dag.py
[2024-10-15T01:02:32.072+0000] {processor.py:914} INFO - Processing file /home/airflow/.local/lib/python3.12/site-packages/airflow/example_dags/example_nested_branch_dag.py for tasks to queue
[2024-10-15T01:02:32.074+0000] {logging_mixin.py:190} INFO - [2024-10-15T01:02:32.074+0000] {dagbag.py:588} INFO - Filling up the DagBag from /home/airflow/.local/lib/python3.12/site-packages/airflow/example_dags/example_nested_branch_dag.py
[2024-10-15T01:02:32.089+0000] {processor.py:925} INFO - DAG(s) 'example_nested_branch_dag' retrieved from /home/airflow/.local/lib/python3.12/site-packages/airflow/example_dags/example_nested_branch_dag.py
[2024-10-15T01:02:32.115+0000] {logging_mixin.py:190} INFO - [2024-10-15T01:02:32.115+0000] {dag.py:3239} INFO - Sync 1 DAGs
[2024-10-15T01:02:32.139+0000] {logging_mixin.py:190} INFO - [2024-10-15T01:02:32.138+0000] {dag.py:4180} INFO - Setting next_dagrun for example_nested_branch_dag to 2024-10-14 00:00:00+00:00, run_after=2024-10-15 00:00:00+00:00
[2024-10-15T01:02:32.155+0000] {processor.py:208} INFO - Processing /home/airflow/.local/lib/python3.12/site-packages/airflow/example_dags/example_nested_branch_dag.py took 0.091 seconds
[2024-10-15T01:03:02.875+0000] {processor.py:186} INFO - Started process (PID=480) to work on /home/airflow/.local/lib/python3.12/site-packages/airflow/example_dags/example_nested_branch_dag.py
[2024-10-15T01:03:02.876+0000] {processor.py:914} INFO - Processing file /home/airflow/.local/lib/python3.12/site-packages/airflow/example_dags/example_nested_branch_dag.py for tasks to queue
[2024-10-15T01:03:02.879+0000] {logging_mixin.py:190} INFO - [2024-10-15T01:03:02.879+0000] {dagbag.py:588} INFO - Filling up the DagBag from /home/airflow/.local/lib/python3.12/site-packages/airflow/example_dags/example_nested_branch_dag.py
[2024-10-15T01:03:02.894+0000] {processor.py:925} INFO - DAG(s) 'example_nested_branch_dag' retrieved from /home/airflow/.local/lib/python3.12/site-packages/airflow/example_dags/example_nested_branch_dag.py
[2024-10-15T01:03:02.916+0000] {logging_mixin.py:190} INFO - [2024-10-15T01:03:02.916+0000] {dag.py:3239} INFO - Sync 1 DAGs
[2024-10-15T01:03:02.942+0000] {logging_mixin.py:190} INFO - [2024-10-15T01:03:02.942+0000] {dag.py:4180} INFO - Setting next_dagrun for example_nested_branch_dag to 2024-10-14 00:00:00+00:00, run_after=2024-10-15 00:00:00+00:00
[2024-10-15T01:03:02.962+0000] {processor.py:208} INFO - Processing /home/airflow/.local/lib/python3.12/site-packages/airflow/example_dags/example_nested_branch_dag.py took 0.092 seconds
[2024-10-15T01:03:33.804+0000] {processor.py:186} INFO - Started process (PID=542) to work on /home/airflow/.local/lib/python3.12/site-packages/airflow/example_dags/example_nested_branch_dag.py
[2024-10-15T01:03:33.806+0000] {processor.py:914} INFO - Processing file /home/airflow/.local/lib/python3.12/site-packages/airflow/example_dags/example_nested_branch_dag.py for tasks to queue
[2024-10-15T01:03:33.809+0000] {logging_mixin.py:190} INFO - [2024-10-15T01:03:33.808+0000] {dagbag.py:588} INFO - Filling up the DagBag from /home/airflow/.local/lib/python3.12/site-packages/airflow/example_dags/example_nested_branch_dag.py
[2024-10-15T01:03:33.821+0000] {processor.py:925} INFO - DAG(s) 'example_nested_branch_dag' retrieved from /home/airflow/.local/lib/python3.12/site-packages/airflow/example_dags/example_nested_branch_dag.py
[2024-10-15T01:03:33.846+0000] {logging_mixin.py:190} INFO - [2024-10-15T01:03:33.846+0000] {dag.py:3239} INFO - Sync 1 DAGs
[2024-10-15T01:03:33.878+0000] {logging_mixin.py:190} INFO - [2024-10-15T01:03:33.878+0000] {dag.py:4180} INFO - Setting next_dagrun for example_nested_branch_dag to 2024-10-14 00:00:00+00:00, run_after=2024-10-15 00:00:00+00:00
[2024-10-15T01:03:33.897+0000] {processor.py:208} INFO - Processing /home/airflow/.local/lib/python3.12/site-packages/airflow/example_dags/example_nested_branch_dag.py took 0.099 seconds
[2024-10-15T01:04:04.739+0000] {processor.py:186} INFO - Started process (PID=604) to work on /home/airflow/.local/lib/python3.12/site-packages/airflow/example_dags/example_nested_branch_dag.py
[2024-10-15T01:04:04.740+0000] {processor.py:914} INFO - Processing file /home/airflow/.local/lib/python3.12/site-packages/airflow/example_dags/example_nested_branch_dag.py for tasks to queue
[2024-10-15T01:04:04.755+0000] {logging_mixin.py:190} INFO - [2024-10-15T01:04:04.755+0000] {dagbag.py:588} INFO - Filling up the DagBag from /home/airflow/.local/lib/python3.12/site-packages/airflow/example_dags/example_nested_branch_dag.py
[2024-10-15T01:04:04.789+0000] {processor.py:925} INFO - DAG(s) 'example_nested_branch_dag' retrieved from /home/airflow/.local/lib/python3.12/site-packages/airflow/example_dags/example_nested_branch_dag.py
[2024-10-15T01:04:04.856+0000] {logging_mixin.py:190} INFO - [2024-10-15T01:04:04.856+0000] {dag.py:3239} INFO - Sync 1 DAGs
[2024-10-15T01:04:04.919+0000] {logging_mixin.py:190} INFO - [2024-10-15T01:04:04.919+0000] {dag.py:4180} INFO - Setting next_dagrun for example_nested_branch_dag to 2024-10-14 00:00:00+00:00, run_after=2024-10-15 00:00:00+00:00
[2024-10-15T01:04:04.972+0000] {processor.py:208} INFO - Processing /home/airflow/.local/lib/python3.12/site-packages/airflow/example_dags/example_nested_branch_dag.py took 0.247 seconds
[2024-10-15T01:04:35.987+0000] {processor.py:186} INFO - Started process (PID=666) to work on /home/airflow/.local/lib/python3.12/site-packages/airflow/example_dags/example_nested_branch_dag.py
[2024-10-15T01:04:35.989+0000] {processor.py:914} INFO - Processing file /home/airflow/.local/lib/python3.12/site-packages/airflow/example_dags/example_nested_branch_dag.py for tasks to queue
[2024-10-15T01:04:35.991+0000] {logging_mixin.py:190} INFO - [2024-10-15T01:04:35.991+0000] {dagbag.py:588} INFO - Filling up the DagBag from /home/airflow/.local/lib/python3.12/site-packages/airflow/example_dags/example_nested_branch_dag.py
[2024-10-15T01:04:36.004+0000] {processor.py:925} INFO - DAG(s) 'example_nested_branch_dag' retrieved from /home/airflow/.local/lib/python3.12/site-packages/airflow/example_dags/example_nested_branch_dag.py
[2024-10-15T01:04:36.043+0000] {logging_mixin.py:190} INFO - [2024-10-15T01:04:36.043+0000] {dag.py:3239} INFO - Sync 1 DAGs
[2024-10-15T01:04:36.117+0000] {logging_mixin.py:190} INFO - [2024-10-15T01:04:36.116+0000] {dag.py:4180} INFO - Setting next_dagrun for example_nested_branch_dag to 2024-10-14 00:00:00+00:00, run_after=2024-10-15 00:00:00+00:00
[2024-10-15T01:04:36.159+0000] {processor.py:208} INFO - Processing /home/airflow/.local/lib/python3.12/site-packages/airflow/example_dags/example_nested_branch_dag.py took 0.179 seconds
[2024-10-15T01:05:06.366+0000] {processor.py:186} INFO - Started process (PID=728) to work on /home/airflow/.local/lib/python3.12/site-packages/airflow/example_dags/example_nested_branch_dag.py
[2024-10-15T01:05:06.367+0000] {processor.py:914} INFO - Processing file /home/airflow/.local/lib/python3.12/site-packages/airflow/example_dags/example_nested_branch_dag.py for tasks to queue
[2024-10-15T01:05:06.370+0000] {logging_mixin.py:190} INFO - [2024-10-15T01:05:06.370+0000] {dagbag.py:588} INFO - Filling up the DagBag from /home/airflow/.local/lib/python3.12/site-packages/airflow/example_dags/example_nested_branch_dag.py
[2024-10-15T01:05:06.381+0000] {processor.py:925} INFO - DAG(s) 'example_nested_branch_dag' retrieved from /home/airflow/.local/lib/python3.12/site-packages/airflow/example_dags/example_nested_branch_dag.py
[2024-10-15T01:05:06.403+0000] {logging_mixin.py:190} INFO - [2024-10-15T01:05:06.403+0000] {dag.py:3239} INFO - Sync 1 DAGs
[2024-10-15T01:05:06.427+0000] {logging_mixin.py:190} INFO - [2024-10-15T01:05:06.427+0000] {dag.py:4180} INFO - Setting next_dagrun for example_nested_branch_dag to 2024-10-14 00:00:00+00:00, run_after=2024-10-15 00:00:00+00:00
[2024-10-15T01:05:06.444+0000] {processor.py:208} INFO - Processing /home/airflow/.local/lib/python3.12/site-packages/airflow/example_dags/example_nested_branch_dag.py took 0.083 seconds
[2024-10-15T01:05:36.791+0000] {processor.py:186} INFO - Started process (PID=790) to work on /home/airflow/.local/lib/python3.12/site-packages/airflow/example_dags/example_nested_branch_dag.py
[2024-10-15T01:05:36.795+0000] {processor.py:914} INFO - Processing file /home/airflow/.local/lib/python3.12/site-packages/airflow/example_dags/example_nested_branch_dag.py for tasks to queue
[2024-10-15T01:05:36.797+0000] {logging_mixin.py:190} INFO - [2024-10-15T01:05:36.797+0000] {dagbag.py:588} INFO - Filling up the DagBag from /home/airflow/.local/lib/python3.12/site-packages/airflow/example_dags/example_nested_branch_dag.py
[2024-10-15T01:05:36.822+0000] {processor.py:925} INFO - DAG(s) 'example_nested_branch_dag' retrieved from /home/airflow/.local/lib/python3.12/site-packages/airflow/example_dags/example_nested_branch_dag.py
[2024-10-15T01:05:36.859+0000] {logging_mixin.py:190} INFO - [2024-10-15T01:05:36.859+0000] {dag.py:3239} INFO - Sync 1 DAGs
[2024-10-15T01:05:36.887+0000] {logging_mixin.py:190} INFO - [2024-10-15T01:05:36.887+0000] {dag.py:4180} INFO - Setting next_dagrun for example_nested_branch_dag to 2024-10-14 00:00:00+00:00, run_after=2024-10-15 00:00:00+00:00
[2024-10-15T01:05:36.915+0000] {processor.py:208} INFO - Processing /home/airflow/.local/lib/python3.12/site-packages/airflow/example_dags/example_nested_branch_dag.py took 0.132 seconds
[2024-10-15T01:06:07.285+0000] {processor.py:186} INFO - Started process (PID=853) to work on /home/airflow/.local/lib/python3.12/site-packages/airflow/example_dags/example_nested_branch_dag.py
[2024-10-15T01:06:07.286+0000] {processor.py:914} INFO - Processing file /home/airflow/.local/lib/python3.12/site-packages/airflow/example_dags/example_nested_branch_dag.py for tasks to queue
[2024-10-15T01:06:07.289+0000] {logging_mixin.py:190} INFO - [2024-10-15T01:06:07.288+0000] {dagbag.py:588} INFO - Filling up the DagBag from /home/airflow/.local/lib/python3.12/site-packages/airflow/example_dags/example_nested_branch_dag.py
[2024-10-15T01:06:07.301+0000] {processor.py:925} INFO - DAG(s) 'example_nested_branch_dag' retrieved from /home/airflow/.local/lib/python3.12/site-packages/airflow/example_dags/example_nested_branch_dag.py
[2024-10-15T01:06:07.324+0000] {logging_mixin.py:190} INFO - [2024-10-15T01:06:07.324+0000] {dag.py:3239} INFO - Sync 1 DAGs
[2024-10-15T01:06:07.348+0000] {logging_mixin.py:190} INFO - [2024-10-15T01:06:07.348+0000] {dag.py:4180} INFO - Setting next_dagrun for example_nested_branch_dag to 2024-10-14 00:00:00+00:00, run_after=2024-10-15 00:00:00+00:00
[2024-10-15T01:06:07.369+0000] {processor.py:208} INFO - Processing /home/airflow/.local/lib/python3.12/site-packages/airflow/example_dags/example_nested_branch_dag.py took 0.090 seconds
[2024-10-15T01:06:38.222+0000] {processor.py:186} INFO - Started process (PID=915) to work on /home/airflow/.local/lib/python3.12/site-packages/airflow/example_dags/example_nested_branch_dag.py
[2024-10-15T01:06:38.226+0000] {processor.py:914} INFO - Processing file /home/airflow/.local/lib/python3.12/site-packages/airflow/example_dags/example_nested_branch_dag.py for tasks to queue
[2024-10-15T01:06:38.228+0000] {logging_mixin.py:190} INFO - [2024-10-15T01:06:38.228+0000] {dagbag.py:588} INFO - Filling up the DagBag from /home/airflow/.local/lib/python3.12/site-packages/airflow/example_dags/example_nested_branch_dag.py
[2024-10-15T01:06:38.242+0000] {processor.py:925} INFO - DAG(s) 'example_nested_branch_dag' retrieved from /home/airflow/.local/lib/python3.12/site-packages/airflow/example_dags/example_nested_branch_dag.py
[2024-10-15T01:06:38.270+0000] {logging_mixin.py:190} INFO - [2024-10-15T01:06:38.270+0000] {dag.py:3239} INFO - Sync 1 DAGs
[2024-10-15T01:06:38.296+0000] {logging_mixin.py:190} INFO - [2024-10-15T01:06:38.296+0000] {dag.py:4180} INFO - Setting next_dagrun for example_nested_branch_dag to 2024-10-14 00:00:00+00:00, run_after=2024-10-15 00:00:00+00:00
[2024-10-15T01:06:38.322+0000] {processor.py:208} INFO - Processing /home/airflow/.local/lib/python3.12/site-packages/airflow/example_dags/example_nested_branch_dag.py took 0.106 seconds
[2024-10-15T01:07:08.376+0000] {processor.py:186} INFO - Started process (PID=977) to work on /home/airflow/.local/lib/python3.12/site-packages/airflow/example_dags/example_nested_branch_dag.py
[2024-10-15T01:07:08.377+0000] {processor.py:914} INFO - Processing file /home/airflow/.local/lib/python3.12/site-packages/airflow/example_dags/example_nested_branch_dag.py for tasks to queue
[2024-10-15T01:07:08.379+0000] {logging_mixin.py:190} INFO - [2024-10-15T01:07:08.379+0000] {dagbag.py:588} INFO - Filling up the DagBag from /home/airflow/.local/lib/python3.12/site-packages/airflow/example_dags/example_nested_branch_dag.py
[2024-10-15T01:07:08.391+0000] {processor.py:925} INFO - DAG(s) 'example_nested_branch_dag' retrieved from /home/airflow/.local/lib/python3.12/site-packages/airflow/example_dags/example_nested_branch_dag.py
[2024-10-15T01:07:08.418+0000] {logging_mixin.py:190} INFO - [2024-10-15T01:07:08.418+0000] {dag.py:3239} INFO - Sync 1 DAGs
[2024-10-15T01:07:08.455+0000] {logging_mixin.py:190} INFO - [2024-10-15T01:07:08.454+0000] {dag.py:4180} INFO - Setting next_dagrun for example_nested_branch_dag to 2024-10-14 00:00:00+00:00, run_after=2024-10-15 00:00:00+00:00
[2024-10-15T01:07:08.479+0000] {processor.py:208} INFO - Processing /home/airflow/.local/lib/python3.12/site-packages/airflow/example_dags/example_nested_branch_dag.py took 0.109 seconds
[2024-10-15T01:07:38.739+0000] {processor.py:186} INFO - Started process (PID=1040) to work on /home/airflow/.local/lib/python3.12/site-packages/airflow/example_dags/example_nested_branch_dag.py
[2024-10-15T01:07:38.742+0000] {processor.py:914} INFO - Processing file /home/airflow/.local/lib/python3.12/site-packages/airflow/example_dags/example_nested_branch_dag.py for tasks to queue
[2024-10-15T01:07:38.746+0000] {logging_mixin.py:190} INFO - [2024-10-15T01:07:38.744+0000] {dagbag.py:588} INFO - Filling up the DagBag from /home/airflow/.local/lib/python3.12/site-packages/airflow/example_dags/example_nested_branch_dag.py
[2024-10-15T01:07:38.759+0000] {processor.py:925} INFO - DAG(s) 'example_nested_branch_dag' retrieved from /home/airflow/.local/lib/python3.12/site-packages/airflow/example_dags/example_nested_branch_dag.py
[2024-10-15T01:07:38.780+0000] {logging_mixin.py:190} INFO - [2024-10-15T01:07:38.780+0000] {dag.py:3239} INFO - Sync 1 DAGs
[2024-10-15T01:07:38.806+0000] {logging_mixin.py:190} INFO - [2024-10-15T01:07:38.806+0000] {dag.py:4180} INFO - Setting next_dagrun for example_nested_branch_dag to 2024-10-14 00:00:00+00:00, run_after=2024-10-15 00:00:00+00:00
[2024-10-15T01:07:38.828+0000] {processor.py:208} INFO - Processing /home/airflow/.local/lib/python3.12/site-packages/airflow/example_dags/example_nested_branch_dag.py took 0.096 seconds
[2024-10-15T01:08:08.933+0000] {processor.py:186} INFO - Started process (PID=1102) to work on /home/airflow/.local/lib/python3.12/site-packages/airflow/example_dags/example_nested_branch_dag.py
[2024-10-15T01:08:08.933+0000] {processor.py:914} INFO - Processing file /home/airflow/.local/lib/python3.12/site-packages/airflow/example_dags/example_nested_branch_dag.py for tasks to queue
[2024-10-15T01:08:08.935+0000] {logging_mixin.py:190} INFO - [2024-10-15T01:08:08.935+0000] {dagbag.py:588} INFO - Filling up the DagBag from /home/airflow/.local/lib/python3.12/site-packages/airflow/example_dags/example_nested_branch_dag.py
[2024-10-15T01:08:08.947+0000] {processor.py:925} INFO - DAG(s) 'example_nested_branch_dag' retrieved from /home/airflow/.local/lib/python3.12/site-packages/airflow/example_dags/example_nested_branch_dag.py
[2024-10-15T01:08:08.969+0000] {logging_mixin.py:190} INFO - [2024-10-15T01:08:08.969+0000] {dag.py:3239} INFO - Sync 1 DAGs
[2024-10-15T01:08:08.991+0000] {logging_mixin.py:190} INFO - [2024-10-15T01:08:08.991+0000] {dag.py:4180} INFO - Setting next_dagrun for example_nested_branch_dag to 2024-10-14 00:00:00+00:00, run_after=2024-10-15 00:00:00+00:00
[2024-10-15T01:08:09.015+0000] {processor.py:208} INFO - Processing /home/airflow/.local/lib/python3.12/site-packages/airflow/example_dags/example_nested_branch_dag.py took 0.089 seconds
[2024-10-15T01:08:39.093+0000] {processor.py:186} INFO - Started process (PID=1164) to work on /home/airflow/.local/lib/python3.12/site-packages/airflow/example_dags/example_nested_branch_dag.py
[2024-10-15T01:08:39.095+0000] {processor.py:914} INFO - Processing file /home/airflow/.local/lib/python3.12/site-packages/airflow/example_dags/example_nested_branch_dag.py for tasks to queue
[2024-10-15T01:08:39.097+0000] {logging_mixin.py:190} INFO - [2024-10-15T01:08:39.097+0000] {dagbag.py:588} INFO - Filling up the DagBag from /home/airflow/.local/lib/python3.12/site-packages/airflow/example_dags/example_nested_branch_dag.py
[2024-10-15T01:08:39.109+0000] {processor.py:925} INFO - DAG(s) 'example_nested_branch_dag' retrieved from /home/airflow/.local/lib/python3.12/site-packages/airflow/example_dags/example_nested_branch_dag.py
[2024-10-15T01:08:39.131+0000] {logging_mixin.py:190} INFO - [2024-10-15T01:08:39.131+0000] {dag.py:3239} INFO - Sync 1 DAGs
[2024-10-15T01:08:39.154+0000] {logging_mixin.py:190} INFO - [2024-10-15T01:08:39.154+0000] {dag.py:4180} INFO - Setting next_dagrun for example_nested_branch_dag to 2024-10-14 00:00:00+00:00, run_after=2024-10-15 00:00:00+00:00
[2024-10-15T01:08:39.174+0000] {processor.py:208} INFO - Processing /home/airflow/.local/lib/python3.12/site-packages/airflow/example_dags/example_nested_branch_dag.py took 0.088 seconds
[2024-10-15T01:09:09.851+0000] {processor.py:186} INFO - Started process (PID=1226) to work on /home/airflow/.local/lib/python3.12/site-packages/airflow/example_dags/example_nested_branch_dag.py
[2024-10-15T01:09:09.866+0000] {processor.py:914} INFO - Processing file /home/airflow/.local/lib/python3.12/site-packages/airflow/example_dags/example_nested_branch_dag.py for tasks to queue
[2024-10-15T01:09:09.868+0000] {logging_mixin.py:190} INFO - [2024-10-15T01:09:09.867+0000] {dagbag.py:588} INFO - Filling up the DagBag from /home/airflow/.local/lib/python3.12/site-packages/airflow/example_dags/example_nested_branch_dag.py
[2024-10-15T01:09:09.893+0000] {processor.py:925} INFO - DAG(s) 'example_nested_branch_dag' retrieved from /home/airflow/.local/lib/python3.12/site-packages/airflow/example_dags/example_nested_branch_dag.py
[2024-10-15T01:09:09.962+0000] {logging_mixin.py:190} INFO - [2024-10-15T01:09:09.962+0000] {dag.py:3239} INFO - Sync 1 DAGs
[2024-10-15T01:09:10.014+0000] {logging_mixin.py:190} INFO - [2024-10-15T01:09:10.014+0000] {dag.py:4180} INFO - Setting next_dagrun for example_nested_branch_dag to 2024-10-14 00:00:00+00:00, run_after=2024-10-15 00:00:00+00:00
[2024-10-15T01:09:10.060+0000] {processor.py:208} INFO - Processing /home/airflow/.local/lib/python3.12/site-packages/airflow/example_dags/example_nested_branch_dag.py took 0.218 seconds
[2024-10-15T01:09:40.595+0000] {processor.py:186} INFO - Started process (PID=1288) to work on /home/airflow/.local/lib/python3.12/site-packages/airflow/example_dags/example_nested_branch_dag.py
[2024-10-15T01:09:40.599+0000] {processor.py:914} INFO - Processing file /home/airflow/.local/lib/python3.12/site-packages/airflow/example_dags/example_nested_branch_dag.py for tasks to queue
[2024-10-15T01:09:40.602+0000] {logging_mixin.py:190} INFO - [2024-10-15T01:09:40.602+0000] {dagbag.py:588} INFO - Filling up the DagBag from /home/airflow/.local/lib/python3.12/site-packages/airflow/example_dags/example_nested_branch_dag.py
[2024-10-15T01:09:40.614+0000] {processor.py:925} INFO - DAG(s) 'example_nested_branch_dag' retrieved from /home/airflow/.local/lib/python3.12/site-packages/airflow/example_dags/example_nested_branch_dag.py
[2024-10-15T01:09:40.636+0000] {logging_mixin.py:190} INFO - [2024-10-15T01:09:40.636+0000] {dag.py:3239} INFO - Sync 1 DAGs
[2024-10-15T01:09:40.671+0000] {logging_mixin.py:190} INFO - [2024-10-15T01:09:40.671+0000] {dag.py:4180} INFO - Setting next_dagrun for example_nested_branch_dag to 2024-10-14 00:00:00+00:00, run_after=2024-10-15 00:00:00+00:00
[2024-10-15T01:09:40.718+0000] {processor.py:208} INFO - Processing /home/airflow/.local/lib/python3.12/site-packages/airflow/example_dags/example_nested_branch_dag.py took 0.135 seconds
[2024-10-15T01:10:11.080+0000] {processor.py:186} INFO - Started process (PID=1352) to work on /home/airflow/.local/lib/python3.12/site-packages/airflow/example_dags/example_nested_branch_dag.py
[2024-10-15T01:10:11.080+0000] {processor.py:914} INFO - Processing file /home/airflow/.local/lib/python3.12/site-packages/airflow/example_dags/example_nested_branch_dag.py for tasks to queue
[2024-10-15T01:10:11.082+0000] {logging_mixin.py:190} INFO - [2024-10-15T01:10:11.082+0000] {dagbag.py:588} INFO - Filling up the DagBag from /home/airflow/.local/lib/python3.12/site-packages/airflow/example_dags/example_nested_branch_dag.py
[2024-10-15T01:10:11.095+0000] {processor.py:925} INFO - DAG(s) 'example_nested_branch_dag' retrieved from /home/airflow/.local/lib/python3.12/site-packages/airflow/example_dags/example_nested_branch_dag.py
[2024-10-15T01:10:11.116+0000] {logging_mixin.py:190} INFO - [2024-10-15T01:10:11.116+0000] {dag.py:3239} INFO - Sync 1 DAGs
[2024-10-15T01:10:11.147+0000] {logging_mixin.py:190} INFO - [2024-10-15T01:10:11.147+0000] {dag.py:4180} INFO - Setting next_dagrun for example_nested_branch_dag to 2024-10-14 00:00:00+00:00, run_after=2024-10-15 00:00:00+00:00
[2024-10-15T01:10:11.170+0000] {processor.py:208} INFO - Processing /home/airflow/.local/lib/python3.12/site-packages/airflow/example_dags/example_nested_branch_dag.py took 0.097 seconds
[2024-10-15T01:10:41.275+0000] {processor.py:186} INFO - Started process (PID=1414) to work on /home/airflow/.local/lib/python3.12/site-packages/airflow/example_dags/example_nested_branch_dag.py
[2024-10-15T01:10:41.276+0000] {processor.py:914} INFO - Processing file /home/airflow/.local/lib/python3.12/site-packages/airflow/example_dags/example_nested_branch_dag.py for tasks to queue
[2024-10-15T01:10:41.277+0000] {logging_mixin.py:190} INFO - [2024-10-15T01:10:41.277+0000] {dagbag.py:588} INFO - Filling up the DagBag from /home/airflow/.local/lib/python3.12/site-packages/airflow/example_dags/example_nested_branch_dag.py
[2024-10-15T01:10:41.291+0000] {processor.py:925} INFO - DAG(s) 'example_nested_branch_dag' retrieved from /home/airflow/.local/lib/python3.12/site-packages/airflow/example_dags/example_nested_branch_dag.py
[2024-10-15T01:10:41.313+0000] {logging_mixin.py:190} INFO - [2024-10-15T01:10:41.312+0000] {dag.py:3239} INFO - Sync 1 DAGs
[2024-10-15T01:10:41.338+0000] {logging_mixin.py:190} INFO - [2024-10-15T01:10:41.338+0000] {dag.py:4180} INFO - Setting next_dagrun for example_nested_branch_dag to 2024-10-14 00:00:00+00:00, run_after=2024-10-15 00:00:00+00:00
[2024-10-15T01:10:41.354+0000] {processor.py:208} INFO - Processing /home/airflow/.local/lib/python3.12/site-packages/airflow/example_dags/example_nested_branch_dag.py took 0.088 seconds
[2024-10-15T01:11:11.502+0000] {processor.py:186} INFO - Started process (PID=1478) to work on /home/airflow/.local/lib/python3.12/site-packages/airflow/example_dags/example_nested_branch_dag.py
[2024-10-15T01:11:11.503+0000] {processor.py:914} INFO - Processing file /home/airflow/.local/lib/python3.12/site-packages/airflow/example_dags/example_nested_branch_dag.py for tasks to queue
[2024-10-15T01:11:11.504+0000] {logging_mixin.py:190} INFO - [2024-10-15T01:11:11.504+0000] {dagbag.py:588} INFO - Filling up the DagBag from /home/airflow/.local/lib/python3.12/site-packages/airflow/example_dags/example_nested_branch_dag.py
[2024-10-15T01:11:11.516+0000] {processor.py:925} INFO - DAG(s) 'example_nested_branch_dag' retrieved from /home/airflow/.local/lib/python3.12/site-packages/airflow/example_dags/example_nested_branch_dag.py
[2024-10-15T01:11:11.548+0000] {logging_mixin.py:190} INFO - [2024-10-15T01:11:11.548+0000] {dag.py:3239} INFO - Sync 1 DAGs
[2024-10-15T01:11:11.581+0000] {logging_mixin.py:190} INFO - [2024-10-15T01:11:11.580+0000] {dag.py:4180} INFO - Setting next_dagrun for example_nested_branch_dag to 2024-10-14 00:00:00+00:00, run_after=2024-10-15 00:00:00+00:00
[2024-10-15T01:11:11.598+0000] {processor.py:208} INFO - Processing /home/airflow/.local/lib/python3.12/site-packages/airflow/example_dags/example_nested_branch_dag.py took 0.103 seconds
[2024-10-15T01:11:42.535+0000] {processor.py:186} INFO - Started process (PID=1541) to work on /home/airflow/.local/lib/python3.12/site-packages/airflow/example_dags/example_nested_branch_dag.py
[2024-10-15T01:11:42.536+0000] {processor.py:914} INFO - Processing file /home/airflow/.local/lib/python3.12/site-packages/airflow/example_dags/example_nested_branch_dag.py for tasks to queue
[2024-10-15T01:11:42.538+0000] {logging_mixin.py:190} INFO - [2024-10-15T01:11:42.537+0000] {dagbag.py:588} INFO - Filling up the DagBag from /home/airflow/.local/lib/python3.12/site-packages/airflow/example_dags/example_nested_branch_dag.py
[2024-10-15T01:11:42.554+0000] {processor.py:925} INFO - DAG(s) 'example_nested_branch_dag' retrieved from /home/airflow/.local/lib/python3.12/site-packages/airflow/example_dags/example_nested_branch_dag.py
[2024-10-15T01:11:42.578+0000] {logging_mixin.py:190} INFO - [2024-10-15T01:11:42.578+0000] {dag.py:3239} INFO - Sync 1 DAGs
[2024-10-15T01:11:42.603+0000] {logging_mixin.py:190} INFO - [2024-10-15T01:11:42.603+0000] {dag.py:4180} INFO - Setting next_dagrun for example_nested_branch_dag to 2024-10-14 00:00:00+00:00, run_after=2024-10-15 00:00:00+00:00
[2024-10-15T01:11:42.619+0000] {processor.py:208} INFO - Processing /home/airflow/.local/lib/python3.12/site-packages/airflow/example_dags/example_nested_branch_dag.py took 0.092 seconds
[2024-10-15T01:12:13.138+0000] {processor.py:186} INFO - Started process (PID=1604) to work on /home/airflow/.local/lib/python3.12/site-packages/airflow/example_dags/example_nested_branch_dag.py
[2024-10-15T01:12:13.141+0000] {processor.py:914} INFO - Processing file /home/airflow/.local/lib/python3.12/site-packages/airflow/example_dags/example_nested_branch_dag.py for tasks to queue
[2024-10-15T01:12:13.142+0000] {logging_mixin.py:190} INFO - [2024-10-15T01:12:13.142+0000] {dagbag.py:588} INFO - Filling up the DagBag from /home/airflow/.local/lib/python3.12/site-packages/airflow/example_dags/example_nested_branch_dag.py
[2024-10-15T01:12:13.154+0000] {processor.py:925} INFO - DAG(s) 'example_nested_branch_dag' retrieved from /home/airflow/.local/lib/python3.12/site-packages/airflow/example_dags/example_nested_branch_dag.py
[2024-10-15T01:12:13.176+0000] {logging_mixin.py:190} INFO - [2024-10-15T01:12:13.176+0000] {dag.py:3239} INFO - Sync 1 DAGs
[2024-10-15T01:12:13.200+0000] {logging_mixin.py:190} INFO - [2024-10-15T01:12:13.200+0000] {dag.py:4180} INFO - Setting next_dagrun for example_nested_branch_dag to 2024-10-14 00:00:00+00:00, run_after=2024-10-15 00:00:00+00:00
[2024-10-15T01:12:13.220+0000] {processor.py:208} INFO - Processing /home/airflow/.local/lib/python3.12/site-packages/airflow/example_dags/example_nested_branch_dag.py took 0.088 seconds
[2024-10-15T01:12:43.333+0000] {processor.py:186} INFO - Started process (PID=1668) to work on /home/airflow/.local/lib/python3.12/site-packages/airflow/example_dags/example_nested_branch_dag.py
[2024-10-15T01:12:43.335+0000] {processor.py:914} INFO - Processing file /home/airflow/.local/lib/python3.12/site-packages/airflow/example_dags/example_nested_branch_dag.py for tasks to queue
[2024-10-15T01:12:43.336+0000] {logging_mixin.py:190} INFO - [2024-10-15T01:12:43.336+0000] {dagbag.py:588} INFO - Filling up the DagBag from /home/airflow/.local/lib/python3.12/site-packages/airflow/example_dags/example_nested_branch_dag.py
[2024-10-15T01:12:43.348+0000] {processor.py:925} INFO - DAG(s) 'example_nested_branch_dag' retrieved from /home/airflow/.local/lib/python3.12/site-packages/airflow/example_dags/example_nested_branch_dag.py
[2024-10-15T01:12:43.375+0000] {logging_mixin.py:190} INFO - [2024-10-15T01:12:43.375+0000] {dag.py:3239} INFO - Sync 1 DAGs
[2024-10-15T01:12:43.401+0000] {logging_mixin.py:190} INFO - [2024-10-15T01:12:43.400+0000] {dag.py:4180} INFO - Setting next_dagrun for example_nested_branch_dag to 2024-10-14 00:00:00+00:00, run_after=2024-10-15 00:00:00+00:00
[2024-10-15T01:12:43.420+0000] {processor.py:208} INFO - Processing /home/airflow/.local/lib/python3.12/site-packages/airflow/example_dags/example_nested_branch_dag.py took 0.093 seconds
[2024-10-15T01:13:13.629+0000] {processor.py:186} INFO - Started process (PID=1732) to work on /home/airflow/.local/lib/python3.12/site-packages/airflow/example_dags/example_nested_branch_dag.py
[2024-10-15T01:13:13.633+0000] {processor.py:914} INFO - Processing file /home/airflow/.local/lib/python3.12/site-packages/airflow/example_dags/example_nested_branch_dag.py for tasks to queue
[2024-10-15T01:13:13.638+0000] {logging_mixin.py:190} INFO - [2024-10-15T01:13:13.638+0000] {dagbag.py:588} INFO - Filling up the DagBag from /home/airflow/.local/lib/python3.12/site-packages/airflow/example_dags/example_nested_branch_dag.py
[2024-10-15T01:13:13.652+0000] {processor.py:925} INFO - DAG(s) 'example_nested_branch_dag' retrieved from /home/airflow/.local/lib/python3.12/site-packages/airflow/example_dags/example_nested_branch_dag.py
[2024-10-15T01:13:13.707+0000] {logging_mixin.py:190} INFO - [2024-10-15T01:13:13.707+0000] {dag.py:3239} INFO - Sync 1 DAGs
[2024-10-15T01:13:13.755+0000] {logging_mixin.py:190} INFO - [2024-10-15T01:13:13.755+0000] {dag.py:4180} INFO - Setting next_dagrun for example_nested_branch_dag to 2024-10-14 00:00:00+00:00, run_after=2024-10-15 00:00:00+00:00
[2024-10-15T01:13:13.807+0000] {processor.py:208} INFO - Processing /home/airflow/.local/lib/python3.12/site-packages/airflow/example_dags/example_nested_branch_dag.py took 0.185 seconds
[2024-10-15T01:13:44.744+0000] {processor.py:186} INFO - Started process (PID=1801) to work on /home/airflow/.local/lib/python3.12/site-packages/airflow/example_dags/example_nested_branch_dag.py
[2024-10-15T01:13:44.754+0000] {processor.py:914} INFO - Processing file /home/airflow/.local/lib/python3.12/site-packages/airflow/example_dags/example_nested_branch_dag.py for tasks to queue
[2024-10-15T01:13:44.755+0000] {logging_mixin.py:190} INFO - [2024-10-15T01:13:44.755+0000] {dagbag.py:588} INFO - Filling up the DagBag from /home/airflow/.local/lib/python3.12/site-packages/airflow/example_dags/example_nested_branch_dag.py
[2024-10-15T01:13:44.764+0000] {processor.py:925} INFO - DAG(s) 'example_nested_branch_dag' retrieved from /home/airflow/.local/lib/python3.12/site-packages/airflow/example_dags/example_nested_branch_dag.py
[2024-10-15T01:13:44.848+0000] {logging_mixin.py:190} INFO - [2024-10-15T01:13:44.847+0000] {dag.py:3239} INFO - Sync 1 DAGs
[2024-10-15T01:13:44.893+0000] {logging_mixin.py:190} INFO - [2024-10-15T01:13:44.892+0000] {dag.py:4180} INFO - Setting next_dagrun for example_nested_branch_dag to 2024-10-14 00:00:00+00:00, run_after=2024-10-15 00:00:00+00:00
[2024-10-15T01:13:44.922+0000] {processor.py:208} INFO - Processing /home/airflow/.local/lib/python3.12/site-packages/airflow/example_dags/example_nested_branch_dag.py took 0.183 seconds
[2024-10-15T01:14:15.035+0000] {processor.py:186} INFO - Started process (PID=1863) to work on /home/airflow/.local/lib/python3.12/site-packages/airflow/example_dags/example_nested_branch_dag.py
[2024-10-15T01:14:15.036+0000] {processor.py:914} INFO - Processing file /home/airflow/.local/lib/python3.12/site-packages/airflow/example_dags/example_nested_branch_dag.py for tasks to queue
[2024-10-15T01:14:15.036+0000] {logging_mixin.py:190} INFO - [2024-10-15T01:14:15.036+0000] {dagbag.py:588} INFO - Filling up the DagBag from /home/airflow/.local/lib/python3.12/site-packages/airflow/example_dags/example_nested_branch_dag.py
[2024-10-15T01:14:15.047+0000] {processor.py:925} INFO - DAG(s) 'example_nested_branch_dag' retrieved from /home/airflow/.local/lib/python3.12/site-packages/airflow/example_dags/example_nested_branch_dag.py
[2024-10-15T01:14:15.066+0000] {logging_mixin.py:190} INFO - [2024-10-15T01:14:15.066+0000] {dag.py:3239} INFO - Sync 1 DAGs
[2024-10-15T01:14:15.086+0000] {logging_mixin.py:190} INFO - [2024-10-15T01:14:15.086+0000] {dag.py:4180} INFO - Setting next_dagrun for example_nested_branch_dag to 2024-10-14 00:00:00+00:00, run_after=2024-10-15 00:00:00+00:00
[2024-10-15T01:14:15.103+0000] {processor.py:208} INFO - Processing /home/airflow/.local/lib/python3.12/site-packages/airflow/example_dags/example_nested_branch_dag.py took 0.073 seconds
[2024-10-15T01:14:45.733+0000] {processor.py:186} INFO - Started process (PID=1925) to work on /home/airflow/.local/lib/python3.12/site-packages/airflow/example_dags/example_nested_branch_dag.py
[2024-10-15T01:14:45.739+0000] {processor.py:914} INFO - Processing file /home/airflow/.local/lib/python3.12/site-packages/airflow/example_dags/example_nested_branch_dag.py for tasks to queue
[2024-10-15T01:14:45.740+0000] {logging_mixin.py:190} INFO - [2024-10-15T01:14:45.740+0000] {dagbag.py:588} INFO - Filling up the DagBag from /home/airflow/.local/lib/python3.12/site-packages/airflow/example_dags/example_nested_branch_dag.py
[2024-10-15T01:14:45.768+0000] {processor.py:925} INFO - DAG(s) 'example_nested_branch_dag' retrieved from /home/airflow/.local/lib/python3.12/site-packages/airflow/example_dags/example_nested_branch_dag.py
[2024-10-15T01:14:45.804+0000] {logging_mixin.py:190} INFO - [2024-10-15T01:14:45.802+0000] {dag.py:3239} INFO - Sync 1 DAGs
[2024-10-15T01:14:45.857+0000] {logging_mixin.py:190} INFO - [2024-10-15T01:14:45.857+0000] {dag.py:4180} INFO - Setting next_dagrun for example_nested_branch_dag to 2024-10-14 00:00:00+00:00, run_after=2024-10-15 00:00:00+00:00
[2024-10-15T01:14:45.874+0000] {processor.py:208} INFO - Processing /home/airflow/.local/lib/python3.12/site-packages/airflow/example_dags/example_nested_branch_dag.py took 0.158 seconds
[2024-10-15T01:15:16.307+0000] {processor.py:186} INFO - Started process (PID=1988) to work on /home/airflow/.local/lib/python3.12/site-packages/airflow/example_dags/example_nested_branch_dag.py
[2024-10-15T01:15:16.310+0000] {processor.py:914} INFO - Processing file /home/airflow/.local/lib/python3.12/site-packages/airflow/example_dags/example_nested_branch_dag.py for tasks to queue
[2024-10-15T01:15:16.311+0000] {logging_mixin.py:190} INFO - [2024-10-15T01:15:16.311+0000] {dagbag.py:588} INFO - Filling up the DagBag from /home/airflow/.local/lib/python3.12/site-packages/airflow/example_dags/example_nested_branch_dag.py
[2024-10-15T01:15:16.326+0000] {processor.py:925} INFO - DAG(s) 'example_nested_branch_dag' retrieved from /home/airflow/.local/lib/python3.12/site-packages/airflow/example_dags/example_nested_branch_dag.py
[2024-10-15T01:15:16.350+0000] {logging_mixin.py:190} INFO - [2024-10-15T01:15:16.349+0000] {dag.py:3239} INFO - Sync 1 DAGs
[2024-10-15T01:15:16.372+0000] {logging_mixin.py:190} INFO - [2024-10-15T01:15:16.372+0000] {dag.py:4180} INFO - Setting next_dagrun for example_nested_branch_dag to 2024-10-14 00:00:00+00:00, run_after=2024-10-15 00:00:00+00:00
[2024-10-15T01:15:16.396+0000] {processor.py:208} INFO - Processing /home/airflow/.local/lib/python3.12/site-packages/airflow/example_dags/example_nested_branch_dag.py took 0.095 seconds
[2024-10-15T01:15:46.885+0000] {processor.py:186} INFO - Started process (PID=2050) to work on /home/airflow/.local/lib/python3.12/site-packages/airflow/example_dags/example_nested_branch_dag.py
[2024-10-15T01:15:46.886+0000] {processor.py:914} INFO - Processing file /home/airflow/.local/lib/python3.12/site-packages/airflow/example_dags/example_nested_branch_dag.py for tasks to queue
[2024-10-15T01:15:46.887+0000] {logging_mixin.py:190} INFO - [2024-10-15T01:15:46.886+0000] {dagbag.py:588} INFO - Filling up the DagBag from /home/airflow/.local/lib/python3.12/site-packages/airflow/example_dags/example_nested_branch_dag.py
[2024-10-15T01:15:46.900+0000] {processor.py:925} INFO - DAG(s) 'example_nested_branch_dag' retrieved from /home/airflow/.local/lib/python3.12/site-packages/airflow/example_dags/example_nested_branch_dag.py
[2024-10-15T01:15:46.931+0000] {logging_mixin.py:190} INFO - [2024-10-15T01:15:46.931+0000] {dag.py:3239} INFO - Sync 1 DAGs
[2024-10-15T01:15:46.968+0000] {logging_mixin.py:190} INFO - [2024-10-15T01:15:46.968+0000] {dag.py:4180} INFO - Setting next_dagrun for example_nested_branch_dag to 2024-10-14 00:00:00+00:00, run_after=2024-10-15 00:00:00+00:00
[2024-10-15T01:15:46.995+0000] {processor.py:208} INFO - Processing /home/airflow/.local/lib/python3.12/site-packages/airflow/example_dags/example_nested_branch_dag.py took 0.117 seconds
[2024-10-15T01:16:17.144+0000] {processor.py:186} INFO - Started process (PID=2113) to work on /home/airflow/.local/lib/python3.12/site-packages/airflow/example_dags/example_nested_branch_dag.py
[2024-10-15T01:16:17.146+0000] {processor.py:914} INFO - Processing file /home/airflow/.local/lib/python3.12/site-packages/airflow/example_dags/example_nested_branch_dag.py for tasks to queue
[2024-10-15T01:16:17.147+0000] {logging_mixin.py:190} INFO - [2024-10-15T01:16:17.147+0000] {dagbag.py:588} INFO - Filling up the DagBag from /home/airflow/.local/lib/python3.12/site-packages/airflow/example_dags/example_nested_branch_dag.py
[2024-10-15T01:16:17.160+0000] {processor.py:925} INFO - DAG(s) 'example_nested_branch_dag' retrieved from /home/airflow/.local/lib/python3.12/site-packages/airflow/example_dags/example_nested_branch_dag.py
[2024-10-15T01:16:17.182+0000] {logging_mixin.py:190} INFO - [2024-10-15T01:16:17.181+0000] {dag.py:3239} INFO - Sync 1 DAGs
[2024-10-15T01:16:17.207+0000] {logging_mixin.py:190} INFO - [2024-10-15T01:16:17.207+0000] {dag.py:4180} INFO - Setting next_dagrun for example_nested_branch_dag to 2024-10-14 00:00:00+00:00, run_after=2024-10-15 00:00:00+00:00
[2024-10-15T01:16:17.227+0000] {processor.py:208} INFO - Processing /home/airflow/.local/lib/python3.12/site-packages/airflow/example_dags/example_nested_branch_dag.py took 0.089 seconds
[2024-10-15T01:16:47.596+0000] {processor.py:186} INFO - Started process (PID=2176) to work on /home/airflow/.local/lib/python3.12/site-packages/airflow/example_dags/example_nested_branch_dag.py
[2024-10-15T01:16:47.597+0000] {processor.py:914} INFO - Processing file /home/airflow/.local/lib/python3.12/site-packages/airflow/example_dags/example_nested_branch_dag.py for tasks to queue
[2024-10-15T01:16:47.598+0000] {logging_mixin.py:190} INFO - [2024-10-15T01:16:47.598+0000] {dagbag.py:588} INFO - Filling up the DagBag from /home/airflow/.local/lib/python3.12/site-packages/airflow/example_dags/example_nested_branch_dag.py
[2024-10-15T01:16:47.611+0000] {processor.py:925} INFO - DAG(s) 'example_nested_branch_dag' retrieved from /home/airflow/.local/lib/python3.12/site-packages/airflow/example_dags/example_nested_branch_dag.py
[2024-10-15T01:16:47.635+0000] {logging_mixin.py:190} INFO - [2024-10-15T01:16:47.634+0000] {dag.py:3239} INFO - Sync 1 DAGs
[2024-10-15T01:16:47.659+0000] {logging_mixin.py:190} INFO - [2024-10-15T01:16:47.658+0000] {dag.py:4180} INFO - Setting next_dagrun for example_nested_branch_dag to 2024-10-14 00:00:00+00:00, run_after=2024-10-15 00:00:00+00:00
[2024-10-15T01:16:47.678+0000] {processor.py:208} INFO - Processing /home/airflow/.local/lib/python3.12/site-packages/airflow/example_dags/example_nested_branch_dag.py took 0.088 seconds
[2024-10-15T01:17:18.245+0000] {processor.py:186} INFO - Started process (PID=2239) to work on /home/airflow/.local/lib/python3.12/site-packages/airflow/example_dags/example_nested_branch_dag.py
[2024-10-15T01:17:18.247+0000] {processor.py:914} INFO - Processing file /home/airflow/.local/lib/python3.12/site-packages/airflow/example_dags/example_nested_branch_dag.py for tasks to queue
[2024-10-15T01:17:18.248+0000] {logging_mixin.py:190} INFO - [2024-10-15T01:17:18.248+0000] {dagbag.py:588} INFO - Filling up the DagBag from /home/airflow/.local/lib/python3.12/site-packages/airflow/example_dags/example_nested_branch_dag.py
[2024-10-15T01:17:18.260+0000] {processor.py:925} INFO - DAG(s) 'example_nested_branch_dag' retrieved from /home/airflow/.local/lib/python3.12/site-packages/airflow/example_dags/example_nested_branch_dag.py
[2024-10-15T01:17:18.281+0000] {logging_mixin.py:190} INFO - [2024-10-15T01:17:18.281+0000] {dag.py:3239} INFO - Sync 1 DAGs
[2024-10-15T01:17:18.307+0000] {logging_mixin.py:190} INFO - [2024-10-15T01:17:18.306+0000] {dag.py:4180} INFO - Setting next_dagrun for example_nested_branch_dag to 2024-10-14 00:00:00+00:00, run_after=2024-10-15 00:00:00+00:00
[2024-10-15T01:17:18.332+0000] {processor.py:208} INFO - Processing /home/airflow/.local/lib/python3.12/site-packages/airflow/example_dags/example_nested_branch_dag.py took 0.093 seconds
[2024-10-15T01:17:48.972+0000] {processor.py:186} INFO - Started process (PID=2303) to work on /home/airflow/.local/lib/python3.12/site-packages/airflow/example_dags/example_nested_branch_dag.py
[2024-10-15T01:17:48.973+0000] {processor.py:914} INFO - Processing file /home/airflow/.local/lib/python3.12/site-packages/airflow/example_dags/example_nested_branch_dag.py for tasks to queue
[2024-10-15T01:17:48.975+0000] {logging_mixin.py:190} INFO - [2024-10-15T01:17:48.974+0000] {dagbag.py:588} INFO - Filling up the DagBag from /home/airflow/.local/lib/python3.12/site-packages/airflow/example_dags/example_nested_branch_dag.py
[2024-10-15T01:17:48.989+0000] {processor.py:925} INFO - DAG(s) 'example_nested_branch_dag' retrieved from /home/airflow/.local/lib/python3.12/site-packages/airflow/example_dags/example_nested_branch_dag.py
[2024-10-15T01:17:49.016+0000] {logging_mixin.py:190} INFO - [2024-10-15T01:17:49.016+0000] {dag.py:3239} INFO - Sync 1 DAGs
[2024-10-15T01:17:49.045+0000] {logging_mixin.py:190} INFO - [2024-10-15T01:17:49.045+0000] {dag.py:4180} INFO - Setting next_dagrun for example_nested_branch_dag to 2024-10-14 00:00:00+00:00, run_after=2024-10-15 00:00:00+00:00
[2024-10-15T01:17:49.063+0000] {processor.py:208} INFO - Processing /home/airflow/.local/lib/python3.12/site-packages/airflow/example_dags/example_nested_branch_dag.py took 0.097 seconds
[2024-10-15T01:18:19.960+0000] {processor.py:186} INFO - Started process (PID=2366) to work on /home/airflow/.local/lib/python3.12/site-packages/airflow/example_dags/example_nested_branch_dag.py
[2024-10-15T01:18:19.963+0000] {processor.py:914} INFO - Processing file /home/airflow/.local/lib/python3.12/site-packages/airflow/example_dags/example_nested_branch_dag.py for tasks to queue
[2024-10-15T01:18:19.964+0000] {logging_mixin.py:190} INFO - [2024-10-15T01:18:19.964+0000] {dagbag.py:588} INFO - Filling up the DagBag from /home/airflow/.local/lib/python3.12/site-packages/airflow/example_dags/example_nested_branch_dag.py
[2024-10-15T01:18:19.978+0000] {processor.py:925} INFO - DAG(s) 'example_nested_branch_dag' retrieved from /home/airflow/.local/lib/python3.12/site-packages/airflow/example_dags/example_nested_branch_dag.py
[2024-10-15T01:18:20.001+0000] {logging_mixin.py:190} INFO - [2024-10-15T01:18:19.999+0000] {dag.py:3239} INFO - Sync 1 DAGs
[2024-10-15T01:18:20.026+0000] {logging_mixin.py:190} INFO - [2024-10-15T01:18:20.025+0000] {dag.py:4180} INFO - Setting next_dagrun for example_nested_branch_dag to 2024-10-14 00:00:00+00:00, run_after=2024-10-15 00:00:00+00:00
[2024-10-15T01:18:20.045+0000] {processor.py:208} INFO - Processing /home/airflow/.local/lib/python3.12/site-packages/airflow/example_dags/example_nested_branch_dag.py took 0.092 seconds
[2024-10-15T01:18:50.110+0000] {processor.py:186} INFO - Started process (PID=2429) to work on /home/airflow/.local/lib/python3.12/site-packages/airflow/example_dags/example_nested_branch_dag.py
[2024-10-15T01:18:50.112+0000] {processor.py:914} INFO - Processing file /home/airflow/.local/lib/python3.12/site-packages/airflow/example_dags/example_nested_branch_dag.py for tasks to queue
[2024-10-15T01:18:50.114+0000] {logging_mixin.py:190} INFO - [2024-10-15T01:18:50.113+0000] {dagbag.py:588} INFO - Filling up the DagBag from /home/airflow/.local/lib/python3.12/site-packages/airflow/example_dags/example_nested_branch_dag.py
[2024-10-15T01:18:50.125+0000] {processor.py:925} INFO - DAG(s) 'example_nested_branch_dag' retrieved from /home/airflow/.local/lib/python3.12/site-packages/airflow/example_dags/example_nested_branch_dag.py
[2024-10-15T01:18:50.148+0000] {logging_mixin.py:190} INFO - [2024-10-15T01:18:50.148+0000] {dag.py:3239} INFO - Sync 1 DAGs
[2024-10-15T01:18:50.175+0000] {logging_mixin.py:190} INFO - [2024-10-15T01:18:50.175+0000] {dag.py:4180} INFO - Setting next_dagrun for example_nested_branch_dag to 2024-10-14 00:00:00+00:00, run_after=2024-10-15 00:00:00+00:00
[2024-10-15T01:18:50.195+0000] {processor.py:208} INFO - Processing /home/airflow/.local/lib/python3.12/site-packages/airflow/example_dags/example_nested_branch_dag.py took 0.091 seconds
[2024-10-15T01:19:20.661+0000] {processor.py:186} INFO - Started process (PID=2491) to work on /home/airflow/.local/lib/python3.12/site-packages/airflow/example_dags/example_nested_branch_dag.py
[2024-10-15T01:19:20.662+0000] {processor.py:914} INFO - Processing file /home/airflow/.local/lib/python3.12/site-packages/airflow/example_dags/example_nested_branch_dag.py for tasks to queue
[2024-10-15T01:19:20.663+0000] {logging_mixin.py:190} INFO - [2024-10-15T01:19:20.663+0000] {dagbag.py:588} INFO - Filling up the DagBag from /home/airflow/.local/lib/python3.12/site-packages/airflow/example_dags/example_nested_branch_dag.py
[2024-10-15T01:19:20.691+0000] {processor.py:925} INFO - DAG(s) 'example_nested_branch_dag' retrieved from /home/airflow/.local/lib/python3.12/site-packages/airflow/example_dags/example_nested_branch_dag.py
[2024-10-15T01:19:20.738+0000] {logging_mixin.py:190} INFO - [2024-10-15T01:19:20.737+0000] {dag.py:3239} INFO - Sync 1 DAGs
[2024-10-15T01:19:20.807+0000] {logging_mixin.py:190} INFO - [2024-10-15T01:19:20.807+0000] {dag.py:4180} INFO - Setting next_dagrun for example_nested_branch_dag to 2024-10-14 00:00:00+00:00, run_after=2024-10-15 00:00:00+00:00
[2024-10-15T01:19:20.839+0000] {processor.py:208} INFO - Processing /home/airflow/.local/lib/python3.12/site-packages/airflow/example_dags/example_nested_branch_dag.py took 0.207 seconds
[2024-10-15T01:19:51.103+0000] {processor.py:186} INFO - Started process (PID=2555) to work on /home/airflow/.local/lib/python3.12/site-packages/airflow/example_dags/example_nested_branch_dag.py
[2024-10-15T01:19:51.105+0000] {processor.py:914} INFO - Processing file /home/airflow/.local/lib/python3.12/site-packages/airflow/example_dags/example_nested_branch_dag.py for tasks to queue
[2024-10-15T01:19:51.106+0000] {logging_mixin.py:190} INFO - [2024-10-15T01:19:51.105+0000] {dagbag.py:588} INFO - Filling up the DagBag from /home/airflow/.local/lib/python3.12/site-packages/airflow/example_dags/example_nested_branch_dag.py
[2024-10-15T01:19:51.127+0000] {processor.py:925} INFO - DAG(s) 'example_nested_branch_dag' retrieved from /home/airflow/.local/lib/python3.12/site-packages/airflow/example_dags/example_nested_branch_dag.py
[2024-10-15T01:19:51.151+0000] {logging_mixin.py:190} INFO - [2024-10-15T01:19:51.150+0000] {dag.py:3239} INFO - Sync 1 DAGs
[2024-10-15T01:19:51.191+0000] {logging_mixin.py:190} INFO - [2024-10-15T01:19:51.191+0000] {dag.py:4180} INFO - Setting next_dagrun for example_nested_branch_dag to 2024-10-14 00:00:00+00:00, run_after=2024-10-15 00:00:00+00:00
[2024-10-15T01:19:51.219+0000] {processor.py:208} INFO - Processing /home/airflow/.local/lib/python3.12/site-packages/airflow/example_dags/example_nested_branch_dag.py took 0.128 seconds
[2024-10-15T01:20:21.458+0000] {processor.py:186} INFO - Started process (PID=2619) to work on /home/airflow/.local/lib/python3.12/site-packages/airflow/example_dags/example_nested_branch_dag.py
[2024-10-15T01:20:21.458+0000] {processor.py:914} INFO - Processing file /home/airflow/.local/lib/python3.12/site-packages/airflow/example_dags/example_nested_branch_dag.py for tasks to queue
[2024-10-15T01:20:21.461+0000] {logging_mixin.py:190} INFO - [2024-10-15T01:20:21.459+0000] {dagbag.py:588} INFO - Filling up the DagBag from /home/airflow/.local/lib/python3.12/site-packages/airflow/example_dags/example_nested_branch_dag.py
[2024-10-15T01:20:21.472+0000] {processor.py:925} INFO - DAG(s) 'example_nested_branch_dag' retrieved from /home/airflow/.local/lib/python3.12/site-packages/airflow/example_dags/example_nested_branch_dag.py
[2024-10-15T01:20:21.493+0000] {logging_mixin.py:190} INFO - [2024-10-15T01:20:21.493+0000] {dag.py:3239} INFO - Sync 1 DAGs
[2024-10-15T01:20:21.512+0000] {logging_mixin.py:190} INFO - [2024-10-15T01:20:21.512+0000] {dag.py:4180} INFO - Setting next_dagrun for example_nested_branch_dag to 2024-10-14 00:00:00+00:00, run_after=2024-10-15 00:00:00+00:00
[2024-10-15T01:20:21.531+0000] {processor.py:208} INFO - Processing /home/airflow/.local/lib/python3.12/site-packages/airflow/example_dags/example_nested_branch_dag.py took 0.078 seconds
[2024-10-15T01:20:52.116+0000] {processor.py:186} INFO - Started process (PID=2682) to work on /home/airflow/.local/lib/python3.12/site-packages/airflow/example_dags/example_nested_branch_dag.py
[2024-10-15T01:20:52.118+0000] {processor.py:914} INFO - Processing file /home/airflow/.local/lib/python3.12/site-packages/airflow/example_dags/example_nested_branch_dag.py for tasks to queue
[2024-10-15T01:20:52.119+0000] {logging_mixin.py:190} INFO - [2024-10-15T01:20:52.119+0000] {dagbag.py:588} INFO - Filling up the DagBag from /home/airflow/.local/lib/python3.12/site-packages/airflow/example_dags/example_nested_branch_dag.py
[2024-10-15T01:20:52.132+0000] {processor.py:925} INFO - DAG(s) 'example_nested_branch_dag' retrieved from /home/airflow/.local/lib/python3.12/site-packages/airflow/example_dags/example_nested_branch_dag.py
[2024-10-15T01:20:52.153+0000] {logging_mixin.py:190} INFO - [2024-10-15T01:20:52.153+0000] {dag.py:3239} INFO - Sync 1 DAGs
[2024-10-15T01:20:52.184+0000] {logging_mixin.py:190} INFO - [2024-10-15T01:20:52.183+0000] {dag.py:4180} INFO - Setting next_dagrun for example_nested_branch_dag to 2024-10-14 00:00:00+00:00, run_after=2024-10-15 00:00:00+00:00
[2024-10-15T01:20:52.204+0000] {processor.py:208} INFO - Processing /home/airflow/.local/lib/python3.12/site-packages/airflow/example_dags/example_nested_branch_dag.py took 0.093 seconds
[2024-10-15T01:21:22.861+0000] {processor.py:186} INFO - Started process (PID=2745) to work on /home/airflow/.local/lib/python3.12/site-packages/airflow/example_dags/example_nested_branch_dag.py
[2024-10-15T01:21:22.862+0000] {processor.py:914} INFO - Processing file /home/airflow/.local/lib/python3.12/site-packages/airflow/example_dags/example_nested_branch_dag.py for tasks to queue
[2024-10-15T01:21:22.863+0000] {logging_mixin.py:190} INFO - [2024-10-15T01:21:22.863+0000] {dagbag.py:588} INFO - Filling up the DagBag from /home/airflow/.local/lib/python3.12/site-packages/airflow/example_dags/example_nested_branch_dag.py
[2024-10-15T01:21:22.877+0000] {processor.py:925} INFO - DAG(s) 'example_nested_branch_dag' retrieved from /home/airflow/.local/lib/python3.12/site-packages/airflow/example_dags/example_nested_branch_dag.py
[2024-10-15T01:21:22.901+0000] {logging_mixin.py:190} INFO - [2024-10-15T01:21:22.901+0000] {dag.py:3239} INFO - Sync 1 DAGs
[2024-10-15T01:21:22.929+0000] {logging_mixin.py:190} INFO - [2024-10-15T01:21:22.928+0000] {dag.py:4180} INFO - Setting next_dagrun for example_nested_branch_dag to 2024-10-14 00:00:00+00:00, run_after=2024-10-15 00:00:00+00:00
[2024-10-15T01:21:22.949+0000] {processor.py:208} INFO - Processing /home/airflow/.local/lib/python3.12/site-packages/airflow/example_dags/example_nested_branch_dag.py took 0.095 seconds
[2024-10-15T01:21:53.442+0000] {processor.py:186} INFO - Started process (PID=2807) to work on /home/airflow/.local/lib/python3.12/site-packages/airflow/example_dags/example_nested_branch_dag.py
[2024-10-15T01:21:53.443+0000] {processor.py:914} INFO - Processing file /home/airflow/.local/lib/python3.12/site-packages/airflow/example_dags/example_nested_branch_dag.py for tasks to queue
[2024-10-15T01:21:53.444+0000] {logging_mixin.py:190} INFO - [2024-10-15T01:21:53.444+0000] {dagbag.py:588} INFO - Filling up the DagBag from /home/airflow/.local/lib/python3.12/site-packages/airflow/example_dags/example_nested_branch_dag.py
[2024-10-15T01:21:53.459+0000] {processor.py:925} INFO - DAG(s) 'example_nested_branch_dag' retrieved from /home/airflow/.local/lib/python3.12/site-packages/airflow/example_dags/example_nested_branch_dag.py
[2024-10-15T01:21:53.483+0000] {logging_mixin.py:190} INFO - [2024-10-15T01:21:53.482+0000] {dag.py:3239} INFO - Sync 1 DAGs
[2024-10-15T01:21:53.507+0000] {logging_mixin.py:190} INFO - [2024-10-15T01:21:53.507+0000] {dag.py:4180} INFO - Setting next_dagrun for example_nested_branch_dag to 2024-10-14 00:00:00+00:00, run_after=2024-10-15 00:00:00+00:00
[2024-10-15T01:21:53.531+0000] {processor.py:208} INFO - Processing /home/airflow/.local/lib/python3.12/site-packages/airflow/example_dags/example_nested_branch_dag.py took 0.096 seconds
[2024-10-15T01:22:23.923+0000] {processor.py:186} INFO - Started process (PID=2870) to work on /home/airflow/.local/lib/python3.12/site-packages/airflow/example_dags/example_nested_branch_dag.py
[2024-10-15T01:22:23.925+0000] {processor.py:914} INFO - Processing file /home/airflow/.local/lib/python3.12/site-packages/airflow/example_dags/example_nested_branch_dag.py for tasks to queue
[2024-10-15T01:22:23.926+0000] {logging_mixin.py:190} INFO - [2024-10-15T01:22:23.926+0000] {dagbag.py:588} INFO - Filling up the DagBag from /home/airflow/.local/lib/python3.12/site-packages/airflow/example_dags/example_nested_branch_dag.py
[2024-10-15T01:22:23.935+0000] {processor.py:925} INFO - DAG(s) 'example_nested_branch_dag' retrieved from /home/airflow/.local/lib/python3.12/site-packages/airflow/example_dags/example_nested_branch_dag.py
[2024-10-15T01:22:23.961+0000] {logging_mixin.py:190} INFO - [2024-10-15T01:22:23.961+0000] {dag.py:3239} INFO - Sync 1 DAGs
[2024-10-15T01:22:23.981+0000] {logging_mixin.py:190} INFO - [2024-10-15T01:22:23.980+0000] {dag.py:4180} INFO - Setting next_dagrun for example_nested_branch_dag to 2024-10-14 00:00:00+00:00, run_after=2024-10-15 00:00:00+00:00
[2024-10-15T01:22:23.999+0000] {processor.py:208} INFO - Processing /home/airflow/.local/lib/python3.12/site-packages/airflow/example_dags/example_nested_branch_dag.py took 0.081 seconds
[2024-10-15T01:22:54.879+0000] {processor.py:186} INFO - Started process (PID=2934) to work on /home/airflow/.local/lib/python3.12/site-packages/airflow/example_dags/example_nested_branch_dag.py
[2024-10-15T01:22:54.879+0000] {processor.py:914} INFO - Processing file /home/airflow/.local/lib/python3.12/site-packages/airflow/example_dags/example_nested_branch_dag.py for tasks to queue
[2024-10-15T01:22:54.883+0000] {logging_mixin.py:190} INFO - [2024-10-15T01:22:54.880+0000] {dagbag.py:588} INFO - Filling up the DagBag from /home/airflow/.local/lib/python3.12/site-packages/airflow/example_dags/example_nested_branch_dag.py
[2024-10-15T01:22:54.895+0000] {processor.py:925} INFO - DAG(s) 'example_nested_branch_dag' retrieved from /home/airflow/.local/lib/python3.12/site-packages/airflow/example_dags/example_nested_branch_dag.py
[2024-10-15T01:22:54.921+0000] {logging_mixin.py:190} INFO - [2024-10-15T01:22:54.921+0000] {dag.py:3239} INFO - Sync 1 DAGs
[2024-10-15T01:22:54.947+0000] {logging_mixin.py:190} INFO - [2024-10-15T01:22:54.946+0000] {dag.py:4180} INFO - Setting next_dagrun for example_nested_branch_dag to 2024-10-14 00:00:00+00:00, run_after=2024-10-15 00:00:00+00:00
[2024-10-15T01:22:54.970+0000] {processor.py:208} INFO - Processing /home/airflow/.local/lib/python3.12/site-packages/airflow/example_dags/example_nested_branch_dag.py took 0.098 seconds
[2024-10-15T01:23:25.443+0000] {processor.py:186} INFO - Started process (PID=2997) to work on /home/airflow/.local/lib/python3.12/site-packages/airflow/example_dags/example_nested_branch_dag.py
[2024-10-15T01:23:25.444+0000] {processor.py:914} INFO - Processing file /home/airflow/.local/lib/python3.12/site-packages/airflow/example_dags/example_nested_branch_dag.py for tasks to queue
[2024-10-15T01:23:25.445+0000] {logging_mixin.py:190} INFO - [2024-10-15T01:23:25.445+0000] {dagbag.py:588} INFO - Filling up the DagBag from /home/airflow/.local/lib/python3.12/site-packages/airflow/example_dags/example_nested_branch_dag.py
[2024-10-15T01:23:25.461+0000] {processor.py:925} INFO - DAG(s) 'example_nested_branch_dag' retrieved from /home/airflow/.local/lib/python3.12/site-packages/airflow/example_dags/example_nested_branch_dag.py
[2024-10-15T01:23:25.485+0000] {logging_mixin.py:190} INFO - [2024-10-15T01:23:25.484+0000] {dag.py:3239} INFO - Sync 1 DAGs
[2024-10-15T01:23:25.509+0000] {logging_mixin.py:190} INFO - [2024-10-15T01:23:25.509+0000] {dag.py:4180} INFO - Setting next_dagrun for example_nested_branch_dag to 2024-10-14 00:00:00+00:00, run_after=2024-10-15 00:00:00+00:00
[2024-10-15T01:23:25.535+0000] {processor.py:208} INFO - Processing /home/airflow/.local/lib/python3.12/site-packages/airflow/example_dags/example_nested_branch_dag.py took 0.102 seconds
