[2024-10-15T00:50:00.584+0000] {processor.py:186} INFO - Started process (PID=63) to work on /home/airflow/.local/lib/python3.12/site-packages/airflow/example_dags/example_latest_only.py
[2024-10-15T00:50:00.599+0000] {processor.py:914} INFO - Processing file /home/airflow/.local/lib/python3.12/site-packages/airflow/example_dags/example_latest_only.py for tasks to queue
[2024-10-15T00:50:00.602+0000] {logging_mixin.py:190} INFO - [2024-10-15T00:50:00.601+0000] {dagbag.py:588} INFO - Filling up the DagBag from /home/airflow/.local/lib/python3.12/site-packages/airflow/example_dags/example_latest_only.py
[2024-10-15T00:50:00.630+0000] {processor.py:925} INFO - DAG(s) 'latest_only' retrieved from /home/airflow/.local/lib/python3.12/site-packages/airflow/example_dags/example_latest_only.py
[2024-10-15T00:50:01.083+0000] {logging_mixin.py:190} INFO - [2024-10-15T00:50:01.082+0000] {override.py:1900} INFO - Created Permission View: can edit on DAG:latest_only
[2024-10-15T00:50:01.119+0000] {logging_mixin.py:190} INFO - [2024-10-15T00:50:01.118+0000] {override.py:1900} INFO - Created Permission View: can read on DAG:latest_only
[2024-10-15T00:50:01.130+0000] {logging_mixin.py:190} INFO - [2024-10-15T00:50:01.130+0000] {override.py:1900} INFO - Created Permission View: can delete on DAG:latest_only
[2024-10-15T00:50:01.176+0000] {logging_mixin.py:190} INFO - [2024-10-15T00:50:01.175+0000] {override.py:1900} INFO - Created Permission View: menu access on DAG Run:latest_only
[2024-10-15T00:50:01.200+0000] {logging_mixin.py:190} INFO - [2024-10-15T00:50:01.200+0000] {override.py:1900} INFO - Created Permission View: can delete on DAG Run:latest_only
[2024-10-15T00:50:01.233+0000] {logging_mixin.py:190} INFO - [2024-10-15T00:50:01.233+0000] {override.py:1900} INFO - Created Permission View: can read on DAG Run:latest_only
[2024-10-15T00:50:01.249+0000] {logging_mixin.py:190} INFO - [2024-10-15T00:50:01.249+0000] {override.py:1900} INFO - Created Permission View: can create on DAG Run:latest_only
[2024-10-15T00:50:01.249+0000] {logging_mixin.py:190} INFO - [2024-10-15T00:50:01.249+0000] {dag.py:3239} INFO - Sync 1 DAGs
[2024-10-15T00:50:01.282+0000] {logging_mixin.py:190} INFO - [2024-10-15T00:50:01.282+0000] {dag.py:3262} INFO - Creating ORM DAG for latest_only
[2024-10-15T00:50:01.351+0000] {logging_mixin.py:190} INFO - [2024-10-15T00:50:01.351+0000] {dag.py:4180} INFO - Setting next_dagrun for latest_only to 2024-10-14 20:00:00+00:00, run_after=2024-10-15 00:00:00+00:00
[2024-10-15T00:50:01.522+0000] {processor.py:208} INFO - Processing /home/airflow/.local/lib/python3.12/site-packages/airflow/example_dags/example_latest_only.py took 0.954 seconds
[2024-10-15T00:59:41.297+0000] {processor.py:186} INFO - Started process (PID=61) to work on /home/airflow/.local/lib/python3.12/site-packages/airflow/example_dags/example_latest_only.py
[2024-10-15T00:59:41.314+0000] {processor.py:914} INFO - Processing file /home/airflow/.local/lib/python3.12/site-packages/airflow/example_dags/example_latest_only.py for tasks to queue
[2024-10-15T00:59:41.317+0000] {logging_mixin.py:190} INFO - [2024-10-15T00:59:41.317+0000] {dagbag.py:588} INFO - Filling up the DagBag from /home/airflow/.local/lib/python3.12/site-packages/airflow/example_dags/example_latest_only.py
[2024-10-15T00:59:41.381+0000] {processor.py:925} INFO - DAG(s) 'latest_only' retrieved from /home/airflow/.local/lib/python3.12/site-packages/airflow/example_dags/example_latest_only.py
[2024-10-15T00:59:41.651+0000] {logging_mixin.py:190} INFO - [2024-10-15T00:59:41.650+0000] {dag.py:3239} INFO - Sync 1 DAGs
[2024-10-15T00:59:42.003+0000] {logging_mixin.py:190} INFO - [2024-10-15T00:59:42.003+0000] {dag.py:4180} INFO - Setting next_dagrun for latest_only to 2024-10-14 20:00:00+00:00, run_after=2024-10-15 00:00:00+00:00
[2024-10-15T00:59:42.122+0000] {processor.py:208} INFO - Processing /home/airflow/.local/lib/python3.12/site-packages/airflow/example_dags/example_latest_only.py took 0.859 seconds
[2024-10-15T01:00:12.713+0000] {processor.py:186} INFO - Started process (PID=129) to work on /home/airflow/.local/lib/python3.12/site-packages/airflow/example_dags/example_latest_only.py
[2024-10-15T01:00:12.714+0000] {processor.py:914} INFO - Processing file /home/airflow/.local/lib/python3.12/site-packages/airflow/example_dags/example_latest_only.py for tasks to queue
[2024-10-15T01:00:12.716+0000] {logging_mixin.py:190} INFO - [2024-10-15T01:00:12.715+0000] {dagbag.py:588} INFO - Filling up the DagBag from /home/airflow/.local/lib/python3.12/site-packages/airflow/example_dags/example_latest_only.py
[2024-10-15T01:00:12.724+0000] {processor.py:925} INFO - DAG(s) 'latest_only' retrieved from /home/airflow/.local/lib/python3.12/site-packages/airflow/example_dags/example_latest_only.py
[2024-10-15T01:00:12.746+0000] {logging_mixin.py:190} INFO - [2024-10-15T01:00:12.745+0000] {dag.py:3239} INFO - Sync 1 DAGs
[2024-10-15T01:00:12.767+0000] {logging_mixin.py:190} INFO - [2024-10-15T01:00:12.767+0000] {dag.py:4180} INFO - Setting next_dagrun for latest_only to 2024-10-14 20:00:00+00:00, run_after=2024-10-15 00:00:00+00:00
[2024-10-15T01:00:12.802+0000] {processor.py:208} INFO - Processing /home/airflow/.local/lib/python3.12/site-packages/airflow/example_dags/example_latest_only.py took 0.093 seconds
[2024-10-15T01:00:42.899+0000] {processor.py:186} INFO - Started process (PID=191) to work on /home/airflow/.local/lib/python3.12/site-packages/airflow/example_dags/example_latest_only.py
[2024-10-15T01:00:42.906+0000] {processor.py:914} INFO - Processing file /home/airflow/.local/lib/python3.12/site-packages/airflow/example_dags/example_latest_only.py for tasks to queue
[2024-10-15T01:00:42.909+0000] {logging_mixin.py:190} INFO - [2024-10-15T01:00:42.909+0000] {dagbag.py:588} INFO - Filling up the DagBag from /home/airflow/.local/lib/python3.12/site-packages/airflow/example_dags/example_latest_only.py
[2024-10-15T01:00:42.930+0000] {processor.py:925} INFO - DAG(s) 'latest_only' retrieved from /home/airflow/.local/lib/python3.12/site-packages/airflow/example_dags/example_latest_only.py
[2024-10-15T01:00:42.972+0000] {logging_mixin.py:190} INFO - [2024-10-15T01:00:42.972+0000] {dag.py:3239} INFO - Sync 1 DAGs
[2024-10-15T01:00:43.022+0000] {logging_mixin.py:190} INFO - [2024-10-15T01:00:43.022+0000] {dag.py:4180} INFO - Setting next_dagrun for latest_only to 2024-10-14 20:00:00+00:00, run_after=2024-10-15 00:00:00+00:00
[2024-10-15T01:00:43.065+0000] {processor.py:208} INFO - Processing /home/airflow/.local/lib/python3.12/site-packages/airflow/example_dags/example_latest_only.py took 0.183 seconds
[2024-10-15T01:01:13.960+0000] {processor.py:186} INFO - Started process (PID=252) to work on /home/airflow/.local/lib/python3.12/site-packages/airflow/example_dags/example_latest_only.py
[2024-10-15T01:01:13.966+0000] {processor.py:914} INFO - Processing file /home/airflow/.local/lib/python3.12/site-packages/airflow/example_dags/example_latest_only.py for tasks to queue
[2024-10-15T01:01:13.968+0000] {logging_mixin.py:190} INFO - [2024-10-15T01:01:13.968+0000] {dagbag.py:588} INFO - Filling up the DagBag from /home/airflow/.local/lib/python3.12/site-packages/airflow/example_dags/example_latest_only.py
[2024-10-15T01:01:13.983+0000] {processor.py:925} INFO - DAG(s) 'latest_only' retrieved from /home/airflow/.local/lib/python3.12/site-packages/airflow/example_dags/example_latest_only.py
[2024-10-15T01:01:14.036+0000] {logging_mixin.py:190} INFO - [2024-10-15T01:01:14.035+0000] {dag.py:3239} INFO - Sync 1 DAGs
[2024-10-15T01:01:14.171+0000] {logging_mixin.py:190} INFO - [2024-10-15T01:01:14.170+0000] {dag.py:4180} INFO - Setting next_dagrun for latest_only to 2024-10-14 20:00:00+00:00, run_after=2024-10-15 00:00:00+00:00
[2024-10-15T01:01:14.230+0000] {processor.py:208} INFO - Processing /home/airflow/.local/lib/python3.12/site-packages/airflow/example_dags/example_latest_only.py took 0.294 seconds
[2024-10-15T01:01:45.132+0000] {processor.py:186} INFO - Started process (PID=314) to work on /home/airflow/.local/lib/python3.12/site-packages/airflow/example_dags/example_latest_only.py
[2024-10-15T01:01:45.133+0000] {processor.py:914} INFO - Processing file /home/airflow/.local/lib/python3.12/site-packages/airflow/example_dags/example_latest_only.py for tasks to queue
[2024-10-15T01:01:45.144+0000] {logging_mixin.py:190} INFO - [2024-10-15T01:01:45.144+0000] {dagbag.py:588} INFO - Filling up the DagBag from /home/airflow/.local/lib/python3.12/site-packages/airflow/example_dags/example_latest_only.py
[2024-10-15T01:01:45.167+0000] {processor.py:925} INFO - DAG(s) 'latest_only' retrieved from /home/airflow/.local/lib/python3.12/site-packages/airflow/example_dags/example_latest_only.py
[2024-10-15T01:01:45.222+0000] {logging_mixin.py:190} INFO - [2024-10-15T01:01:45.222+0000] {dag.py:3239} INFO - Sync 1 DAGs
[2024-10-15T01:01:45.300+0000] {logging_mixin.py:190} INFO - [2024-10-15T01:01:45.300+0000] {dag.py:4180} INFO - Setting next_dagrun for latest_only to 2024-10-14 20:00:00+00:00, run_after=2024-10-15 00:00:00+00:00
[2024-10-15T01:01:45.380+0000] {processor.py:208} INFO - Processing /home/airflow/.local/lib/python3.12/site-packages/airflow/example_dags/example_latest_only.py took 0.281 seconds
[2024-10-15T01:02:15.464+0000] {processor.py:186} INFO - Started process (PID=375) to work on /home/airflow/.local/lib/python3.12/site-packages/airflow/example_dags/example_latest_only.py
[2024-10-15T01:02:15.466+0000] {processor.py:914} INFO - Processing file /home/airflow/.local/lib/python3.12/site-packages/airflow/example_dags/example_latest_only.py for tasks to queue
[2024-10-15T01:02:15.472+0000] {logging_mixin.py:190} INFO - [2024-10-15T01:02:15.470+0000] {dagbag.py:588} INFO - Filling up the DagBag from /home/airflow/.local/lib/python3.12/site-packages/airflow/example_dags/example_latest_only.py
[2024-10-15T01:02:15.500+0000] {processor.py:925} INFO - DAG(s) 'latest_only' retrieved from /home/airflow/.local/lib/python3.12/site-packages/airflow/example_dags/example_latest_only.py
[2024-10-15T01:02:15.536+0000] {logging_mixin.py:190} INFO - [2024-10-15T01:02:15.536+0000] {dag.py:3239} INFO - Sync 1 DAGs
[2024-10-15T01:02:15.555+0000] {logging_mixin.py:190} INFO - [2024-10-15T01:02:15.555+0000] {dag.py:4180} INFO - Setting next_dagrun for latest_only to 2024-10-14 20:00:00+00:00, run_after=2024-10-15 00:00:00+00:00
[2024-10-15T01:02:15.575+0000] {processor.py:208} INFO - Processing /home/airflow/.local/lib/python3.12/site-packages/airflow/example_dags/example_latest_only.py took 0.118 seconds
[2024-10-15T01:02:45.665+0000] {processor.py:186} INFO - Started process (PID=437) to work on /home/airflow/.local/lib/python3.12/site-packages/airflow/example_dags/example_latest_only.py
[2024-10-15T01:02:45.666+0000] {processor.py:914} INFO - Processing file /home/airflow/.local/lib/python3.12/site-packages/airflow/example_dags/example_latest_only.py for tasks to queue
[2024-10-15T01:02:45.668+0000] {logging_mixin.py:190} INFO - [2024-10-15T01:02:45.668+0000] {dagbag.py:588} INFO - Filling up the DagBag from /home/airflow/.local/lib/python3.12/site-packages/airflow/example_dags/example_latest_only.py
[2024-10-15T01:02:45.676+0000] {processor.py:925} INFO - DAG(s) 'latest_only' retrieved from /home/airflow/.local/lib/python3.12/site-packages/airflow/example_dags/example_latest_only.py
[2024-10-15T01:02:45.699+0000] {logging_mixin.py:190} INFO - [2024-10-15T01:02:45.699+0000] {dag.py:3239} INFO - Sync 1 DAGs
[2024-10-15T01:02:45.723+0000] {logging_mixin.py:190} INFO - [2024-10-15T01:02:45.722+0000] {dag.py:4180} INFO - Setting next_dagrun for latest_only to 2024-10-14 20:00:00+00:00, run_after=2024-10-15 00:00:00+00:00
[2024-10-15T01:02:45.742+0000] {processor.py:208} INFO - Processing /home/airflow/.local/lib/python3.12/site-packages/airflow/example_dags/example_latest_only.py took 0.083 seconds
[2024-10-15T01:03:16.472+0000] {processor.py:186} INFO - Started process (PID=499) to work on /home/airflow/.local/lib/python3.12/site-packages/airflow/example_dags/example_latest_only.py
[2024-10-15T01:03:16.474+0000] {processor.py:914} INFO - Processing file /home/airflow/.local/lib/python3.12/site-packages/airflow/example_dags/example_latest_only.py for tasks to queue
[2024-10-15T01:03:16.476+0000] {logging_mixin.py:190} INFO - [2024-10-15T01:03:16.476+0000] {dagbag.py:588} INFO - Filling up the DagBag from /home/airflow/.local/lib/python3.12/site-packages/airflow/example_dags/example_latest_only.py
[2024-10-15T01:03:16.485+0000] {processor.py:925} INFO - DAG(s) 'latest_only' retrieved from /home/airflow/.local/lib/python3.12/site-packages/airflow/example_dags/example_latest_only.py
[2024-10-15T01:03:16.503+0000] {logging_mixin.py:190} INFO - [2024-10-15T01:03:16.503+0000] {dag.py:3239} INFO - Sync 1 DAGs
[2024-10-15T01:03:16.526+0000] {logging_mixin.py:190} INFO - [2024-10-15T01:03:16.526+0000] {dag.py:4180} INFO - Setting next_dagrun for latest_only to 2024-10-14 20:00:00+00:00, run_after=2024-10-15 00:00:00+00:00
[2024-10-15T01:03:16.543+0000] {processor.py:208} INFO - Processing /home/airflow/.local/lib/python3.12/site-packages/airflow/example_dags/example_latest_only.py took 0.076 seconds
[2024-10-15T01:03:47.350+0000] {processor.py:186} INFO - Started process (PID=561) to work on /home/airflow/.local/lib/python3.12/site-packages/airflow/example_dags/example_latest_only.py
[2024-10-15T01:03:47.350+0000] {processor.py:914} INFO - Processing file /home/airflow/.local/lib/python3.12/site-packages/airflow/example_dags/example_latest_only.py for tasks to queue
[2024-10-15T01:03:47.352+0000] {logging_mixin.py:190} INFO - [2024-10-15T01:03:47.352+0000] {dagbag.py:588} INFO - Filling up the DagBag from /home/airflow/.local/lib/python3.12/site-packages/airflow/example_dags/example_latest_only.py
[2024-10-15T01:03:47.361+0000] {processor.py:925} INFO - DAG(s) 'latest_only' retrieved from /home/airflow/.local/lib/python3.12/site-packages/airflow/example_dags/example_latest_only.py
[2024-10-15T01:03:47.391+0000] {logging_mixin.py:190} INFO - [2024-10-15T01:03:47.387+0000] {dag.py:3239} INFO - Sync 1 DAGs
[2024-10-15T01:03:47.434+0000] {logging_mixin.py:190} INFO - [2024-10-15T01:03:47.433+0000] {dag.py:4180} INFO - Setting next_dagrun for latest_only to 2024-10-14 20:00:00+00:00, run_after=2024-10-15 00:00:00+00:00
[2024-10-15T01:03:47.458+0000] {processor.py:208} INFO - Processing /home/airflow/.local/lib/python3.12/site-packages/airflow/example_dags/example_latest_only.py took 0.114 seconds
[2024-10-15T01:04:17.612+0000] {processor.py:186} INFO - Started process (PID=623) to work on /home/airflow/.local/lib/python3.12/site-packages/airflow/example_dags/example_latest_only.py
[2024-10-15T01:04:17.614+0000] {processor.py:914} INFO - Processing file /home/airflow/.local/lib/python3.12/site-packages/airflow/example_dags/example_latest_only.py for tasks to queue
[2024-10-15T01:04:17.619+0000] {logging_mixin.py:190} INFO - [2024-10-15T01:04:17.617+0000] {dagbag.py:588} INFO - Filling up the DagBag from /home/airflow/.local/lib/python3.12/site-packages/airflow/example_dags/example_latest_only.py
[2024-10-15T01:04:17.633+0000] {processor.py:925} INFO - DAG(s) 'latest_only' retrieved from /home/airflow/.local/lib/python3.12/site-packages/airflow/example_dags/example_latest_only.py
[2024-10-15T01:04:17.673+0000] {logging_mixin.py:190} INFO - [2024-10-15T01:04:17.672+0000] {dag.py:3239} INFO - Sync 1 DAGs
[2024-10-15T01:04:17.701+0000] {logging_mixin.py:190} INFO - [2024-10-15T01:04:17.701+0000] {dag.py:4180} INFO - Setting next_dagrun for latest_only to 2024-10-14 20:00:00+00:00, run_after=2024-10-15 00:00:00+00:00
[2024-10-15T01:04:17.718+0000] {processor.py:208} INFO - Processing /home/airflow/.local/lib/python3.12/site-packages/airflow/example_dags/example_latest_only.py took 0.118 seconds
[2024-10-15T01:04:48.065+0000] {processor.py:186} INFO - Started process (PID=685) to work on /home/airflow/.local/lib/python3.12/site-packages/airflow/example_dags/example_latest_only.py
[2024-10-15T01:04:48.065+0000] {processor.py:914} INFO - Processing file /home/airflow/.local/lib/python3.12/site-packages/airflow/example_dags/example_latest_only.py for tasks to queue
[2024-10-15T01:04:48.072+0000] {logging_mixin.py:190} INFO - [2024-10-15T01:04:48.070+0000] {dagbag.py:588} INFO - Filling up the DagBag from /home/airflow/.local/lib/python3.12/site-packages/airflow/example_dags/example_latest_only.py
[2024-10-15T01:04:48.084+0000] {processor.py:925} INFO - DAG(s) 'latest_only' retrieved from /home/airflow/.local/lib/python3.12/site-packages/airflow/example_dags/example_latest_only.py
[2024-10-15T01:04:48.101+0000] {logging_mixin.py:190} INFO - [2024-10-15T01:04:48.101+0000] {dag.py:3239} INFO - Sync 1 DAGs
[2024-10-15T01:04:48.123+0000] {logging_mixin.py:190} INFO - [2024-10-15T01:04:48.123+0000] {dag.py:4180} INFO - Setting next_dagrun for latest_only to 2024-10-14 20:00:00+00:00, run_after=2024-10-15 00:00:00+00:00
[2024-10-15T01:04:48.146+0000] {processor.py:208} INFO - Processing /home/airflow/.local/lib/python3.12/site-packages/airflow/example_dags/example_latest_only.py took 0.087 seconds
[2024-10-15T01:05:18.879+0000] {processor.py:186} INFO - Started process (PID=747) to work on /home/airflow/.local/lib/python3.12/site-packages/airflow/example_dags/example_latest_only.py
[2024-10-15T01:05:18.883+0000] {processor.py:914} INFO - Processing file /home/airflow/.local/lib/python3.12/site-packages/airflow/example_dags/example_latest_only.py for tasks to queue
[2024-10-15T01:05:18.885+0000] {logging_mixin.py:190} INFO - [2024-10-15T01:05:18.884+0000] {dagbag.py:588} INFO - Filling up the DagBag from /home/airflow/.local/lib/python3.12/site-packages/airflow/example_dags/example_latest_only.py
[2024-10-15T01:05:18.892+0000] {processor.py:925} INFO - DAG(s) 'latest_only' retrieved from /home/airflow/.local/lib/python3.12/site-packages/airflow/example_dags/example_latest_only.py
[2024-10-15T01:05:18.918+0000] {logging_mixin.py:190} INFO - [2024-10-15T01:05:18.917+0000] {dag.py:3239} INFO - Sync 1 DAGs
[2024-10-15T01:05:18.942+0000] {logging_mixin.py:190} INFO - [2024-10-15T01:05:18.941+0000] {dag.py:4180} INFO - Setting next_dagrun for latest_only to 2024-10-14 20:00:00+00:00, run_after=2024-10-15 00:00:00+00:00
[2024-10-15T01:05:18.959+0000] {processor.py:208} INFO - Processing /home/airflow/.local/lib/python3.12/site-packages/airflow/example_dags/example_latest_only.py took 0.087 seconds
[2024-10-15T01:05:49.459+0000] {processor.py:186} INFO - Started process (PID=810) to work on /home/airflow/.local/lib/python3.12/site-packages/airflow/example_dags/example_latest_only.py
[2024-10-15T01:05:49.460+0000] {processor.py:914} INFO - Processing file /home/airflow/.local/lib/python3.12/site-packages/airflow/example_dags/example_latest_only.py for tasks to queue
[2024-10-15T01:05:49.462+0000] {logging_mixin.py:190} INFO - [2024-10-15T01:05:49.462+0000] {dagbag.py:588} INFO - Filling up the DagBag from /home/airflow/.local/lib/python3.12/site-packages/airflow/example_dags/example_latest_only.py
[2024-10-15T01:05:49.469+0000] {processor.py:925} INFO - DAG(s) 'latest_only' retrieved from /home/airflow/.local/lib/python3.12/site-packages/airflow/example_dags/example_latest_only.py
[2024-10-15T01:05:49.487+0000] {logging_mixin.py:190} INFO - [2024-10-15T01:05:49.486+0000] {dag.py:3239} INFO - Sync 1 DAGs
[2024-10-15T01:05:49.512+0000] {logging_mixin.py:190} INFO - [2024-10-15T01:05:49.512+0000] {dag.py:4180} INFO - Setting next_dagrun for latest_only to 2024-10-14 20:00:00+00:00, run_after=2024-10-15 00:00:00+00:00
[2024-10-15T01:05:49.538+0000] {processor.py:208} INFO - Processing /home/airflow/.local/lib/python3.12/site-packages/airflow/example_dags/example_latest_only.py took 0.091 seconds
[2024-10-15T01:06:19.934+0000] {processor.py:186} INFO - Started process (PID=872) to work on /home/airflow/.local/lib/python3.12/site-packages/airflow/example_dags/example_latest_only.py
[2024-10-15T01:06:19.946+0000] {processor.py:914} INFO - Processing file /home/airflow/.local/lib/python3.12/site-packages/airflow/example_dags/example_latest_only.py for tasks to queue
[2024-10-15T01:06:19.948+0000] {logging_mixin.py:190} INFO - [2024-10-15T01:06:19.947+0000] {dagbag.py:588} INFO - Filling up the DagBag from /home/airflow/.local/lib/python3.12/site-packages/airflow/example_dags/example_latest_only.py
[2024-10-15T01:06:19.988+0000] {processor.py:925} INFO - DAG(s) 'latest_only' retrieved from /home/airflow/.local/lib/python3.12/site-packages/airflow/example_dags/example_latest_only.py
[2024-10-15T01:06:20.043+0000] {logging_mixin.py:190} INFO - [2024-10-15T01:06:20.042+0000] {dag.py:3239} INFO - Sync 1 DAGs
[2024-10-15T01:06:20.084+0000] {logging_mixin.py:190} INFO - [2024-10-15T01:06:20.084+0000] {dag.py:4180} INFO - Setting next_dagrun for latest_only to 2024-10-14 20:00:00+00:00, run_after=2024-10-15 00:00:00+00:00
[2024-10-15T01:06:20.100+0000] {processor.py:208} INFO - Processing /home/airflow/.local/lib/python3.12/site-packages/airflow/example_dags/example_latest_only.py took 0.191 seconds
[2024-10-15T01:06:50.769+0000] {processor.py:186} INFO - Started process (PID=934) to work on /home/airflow/.local/lib/python3.12/site-packages/airflow/example_dags/example_latest_only.py
[2024-10-15T01:06:50.770+0000] {processor.py:914} INFO - Processing file /home/airflow/.local/lib/python3.12/site-packages/airflow/example_dags/example_latest_only.py for tasks to queue
[2024-10-15T01:06:50.772+0000] {logging_mixin.py:190} INFO - [2024-10-15T01:06:50.772+0000] {dagbag.py:588} INFO - Filling up the DagBag from /home/airflow/.local/lib/python3.12/site-packages/airflow/example_dags/example_latest_only.py
[2024-10-15T01:06:50.788+0000] {processor.py:925} INFO - DAG(s) 'latest_only' retrieved from /home/airflow/.local/lib/python3.12/site-packages/airflow/example_dags/example_latest_only.py
[2024-10-15T01:06:50.835+0000] {logging_mixin.py:190} INFO - [2024-10-15T01:06:50.835+0000] {dag.py:3239} INFO - Sync 1 DAGs
[2024-10-15T01:06:50.878+0000] {logging_mixin.py:190} INFO - [2024-10-15T01:06:50.877+0000] {dag.py:4180} INFO - Setting next_dagrun for latest_only to 2024-10-14 20:00:00+00:00, run_after=2024-10-15 00:00:00+00:00
[2024-10-15T01:06:50.909+0000] {processor.py:208} INFO - Processing /home/airflow/.local/lib/python3.12/site-packages/airflow/example_dags/example_latest_only.py took 0.160 seconds
[2024-10-15T01:07:20.967+0000] {processor.py:186} INFO - Started process (PID=997) to work on /home/airflow/.local/lib/python3.12/site-packages/airflow/example_dags/example_latest_only.py
[2024-10-15T01:07:20.967+0000] {processor.py:914} INFO - Processing file /home/airflow/.local/lib/python3.12/site-packages/airflow/example_dags/example_latest_only.py for tasks to queue
[2024-10-15T01:07:20.971+0000] {logging_mixin.py:190} INFO - [2024-10-15T01:07:20.970+0000] {dagbag.py:588} INFO - Filling up the DagBag from /home/airflow/.local/lib/python3.12/site-packages/airflow/example_dags/example_latest_only.py
[2024-10-15T01:07:20.982+0000] {processor.py:925} INFO - DAG(s) 'latest_only' retrieved from /home/airflow/.local/lib/python3.12/site-packages/airflow/example_dags/example_latest_only.py
[2024-10-15T01:07:21.006+0000] {logging_mixin.py:190} INFO - [2024-10-15T01:07:21.006+0000] {dag.py:3239} INFO - Sync 1 DAGs
[2024-10-15T01:07:21.030+0000] {logging_mixin.py:190} INFO - [2024-10-15T01:07:21.030+0000] {dag.py:4180} INFO - Setting next_dagrun for latest_only to 2024-10-14 20:00:00+00:00, run_after=2024-10-15 00:00:00+00:00
[2024-10-15T01:07:21.050+0000] {processor.py:208} INFO - Processing /home/airflow/.local/lib/python3.12/site-packages/airflow/example_dags/example_latest_only.py took 0.092 seconds
[2024-10-15T01:07:51.282+0000] {processor.py:186} INFO - Started process (PID=1059) to work on /home/airflow/.local/lib/python3.12/site-packages/airflow/example_dags/example_latest_only.py
[2024-10-15T01:07:51.283+0000] {processor.py:914} INFO - Processing file /home/airflow/.local/lib/python3.12/site-packages/airflow/example_dags/example_latest_only.py for tasks to queue
[2024-10-15T01:07:51.286+0000] {logging_mixin.py:190} INFO - [2024-10-15T01:07:51.286+0000] {dagbag.py:588} INFO - Filling up the DagBag from /home/airflow/.local/lib/python3.12/site-packages/airflow/example_dags/example_latest_only.py
[2024-10-15T01:07:51.294+0000] {processor.py:925} INFO - DAG(s) 'latest_only' retrieved from /home/airflow/.local/lib/python3.12/site-packages/airflow/example_dags/example_latest_only.py
[2024-10-15T01:07:51.313+0000] {logging_mixin.py:190} INFO - [2024-10-15T01:07:51.313+0000] {dag.py:3239} INFO - Sync 1 DAGs
[2024-10-15T01:07:51.336+0000] {logging_mixin.py:190} INFO - [2024-10-15T01:07:51.336+0000] {dag.py:4180} INFO - Setting next_dagrun for latest_only to 2024-10-14 20:00:00+00:00, run_after=2024-10-15 00:00:00+00:00
[2024-10-15T01:07:51.363+0000] {processor.py:208} INFO - Processing /home/airflow/.local/lib/python3.12/site-packages/airflow/example_dags/example_latest_only.py took 0.094 seconds
[2024-10-15T01:08:21.516+0000] {processor.py:186} INFO - Started process (PID=1121) to work on /home/airflow/.local/lib/python3.12/site-packages/airflow/example_dags/example_latest_only.py
[2024-10-15T01:08:21.516+0000] {processor.py:914} INFO - Processing file /home/airflow/.local/lib/python3.12/site-packages/airflow/example_dags/example_latest_only.py for tasks to queue
[2024-10-15T01:08:21.521+0000] {logging_mixin.py:190} INFO - [2024-10-15T01:08:21.519+0000] {dagbag.py:588} INFO - Filling up the DagBag from /home/airflow/.local/lib/python3.12/site-packages/airflow/example_dags/example_latest_only.py
[2024-10-15T01:08:21.538+0000] {processor.py:925} INFO - DAG(s) 'latest_only' retrieved from /home/airflow/.local/lib/python3.12/site-packages/airflow/example_dags/example_latest_only.py
[2024-10-15T01:08:21.558+0000] {logging_mixin.py:190} INFO - [2024-10-15T01:08:21.557+0000] {dag.py:3239} INFO - Sync 1 DAGs
[2024-10-15T01:08:21.583+0000] {logging_mixin.py:190} INFO - [2024-10-15T01:08:21.583+0000] {dag.py:4180} INFO - Setting next_dagrun for latest_only to 2024-10-14 20:00:00+00:00, run_after=2024-10-15 00:00:00+00:00
[2024-10-15T01:08:21.621+0000] {processor.py:208} INFO - Processing /home/airflow/.local/lib/python3.12/site-packages/airflow/example_dags/example_latest_only.py took 0.111 seconds
[2024-10-15T01:08:51.681+0000] {processor.py:186} INFO - Started process (PID=1183) to work on /home/airflow/.local/lib/python3.12/site-packages/airflow/example_dags/example_latest_only.py
[2024-10-15T01:08:51.683+0000] {processor.py:914} INFO - Processing file /home/airflow/.local/lib/python3.12/site-packages/airflow/example_dags/example_latest_only.py for tasks to queue
[2024-10-15T01:08:51.685+0000] {logging_mixin.py:190} INFO - [2024-10-15T01:08:51.684+0000] {dagbag.py:588} INFO - Filling up the DagBag from /home/airflow/.local/lib/python3.12/site-packages/airflow/example_dags/example_latest_only.py
[2024-10-15T01:08:51.700+0000] {processor.py:925} INFO - DAG(s) 'latest_only' retrieved from /home/airflow/.local/lib/python3.12/site-packages/airflow/example_dags/example_latest_only.py
[2024-10-15T01:08:51.722+0000] {logging_mixin.py:190} INFO - [2024-10-15T01:08:51.721+0000] {dag.py:3239} INFO - Sync 1 DAGs
[2024-10-15T01:08:51.778+0000] {logging_mixin.py:190} INFO - [2024-10-15T01:08:51.777+0000] {dag.py:4180} INFO - Setting next_dagrun for latest_only to 2024-10-14 20:00:00+00:00, run_after=2024-10-15 00:00:00+00:00
[2024-10-15T01:08:51.816+0000] {processor.py:208} INFO - Processing /home/airflow/.local/lib/python3.12/site-packages/airflow/example_dags/example_latest_only.py took 0.140 seconds
[2024-10-15T01:09:22.120+0000] {processor.py:186} INFO - Started process (PID=1245) to work on /home/airflow/.local/lib/python3.12/site-packages/airflow/example_dags/example_latest_only.py
[2024-10-15T01:09:22.122+0000] {processor.py:914} INFO - Processing file /home/airflow/.local/lib/python3.12/site-packages/airflow/example_dags/example_latest_only.py for tasks to queue
[2024-10-15T01:09:22.125+0000] {logging_mixin.py:190} INFO - [2024-10-15T01:09:22.125+0000] {dagbag.py:588} INFO - Filling up the DagBag from /home/airflow/.local/lib/python3.12/site-packages/airflow/example_dags/example_latest_only.py
[2024-10-15T01:09:22.134+0000] {processor.py:925} INFO - DAG(s) 'latest_only' retrieved from /home/airflow/.local/lib/python3.12/site-packages/airflow/example_dags/example_latest_only.py
[2024-10-15T01:09:22.152+0000] {logging_mixin.py:190} INFO - [2024-10-15T01:09:22.152+0000] {dag.py:3239} INFO - Sync 1 DAGs
[2024-10-15T01:09:22.176+0000] {logging_mixin.py:190} INFO - [2024-10-15T01:09:22.176+0000] {dag.py:4180} INFO - Setting next_dagrun for latest_only to 2024-10-14 20:00:00+00:00, run_after=2024-10-15 00:00:00+00:00
[2024-10-15T01:09:22.197+0000] {processor.py:208} INFO - Processing /home/airflow/.local/lib/python3.12/site-packages/airflow/example_dags/example_latest_only.py took 0.088 seconds
[2024-10-15T01:09:52.776+0000] {processor.py:186} INFO - Started process (PID=1309) to work on /home/airflow/.local/lib/python3.12/site-packages/airflow/example_dags/example_latest_only.py
[2024-10-15T01:09:52.778+0000] {processor.py:914} INFO - Processing file /home/airflow/.local/lib/python3.12/site-packages/airflow/example_dags/example_latest_only.py for tasks to queue
[2024-10-15T01:09:52.779+0000] {logging_mixin.py:190} INFO - [2024-10-15T01:09:52.779+0000] {dagbag.py:588} INFO - Filling up the DagBag from /home/airflow/.local/lib/python3.12/site-packages/airflow/example_dags/example_latest_only.py
[2024-10-15T01:09:52.791+0000] {processor.py:925} INFO - DAG(s) 'latest_only' retrieved from /home/airflow/.local/lib/python3.12/site-packages/airflow/example_dags/example_latest_only.py
[2024-10-15T01:09:52.811+0000] {logging_mixin.py:190} INFO - [2024-10-15T01:09:52.810+0000] {dag.py:3239} INFO - Sync 1 DAGs
[2024-10-15T01:09:52.834+0000] {logging_mixin.py:190} INFO - [2024-10-15T01:09:52.833+0000] {dag.py:4180} INFO - Setting next_dagrun for latest_only to 2024-10-14 20:00:00+00:00, run_after=2024-10-15 00:00:00+00:00
[2024-10-15T01:09:52.852+0000] {processor.py:208} INFO - Processing /home/airflow/.local/lib/python3.12/site-packages/airflow/example_dags/example_latest_only.py took 0.080 seconds
[2024-10-15T01:10:23.822+0000] {processor.py:186} INFO - Started process (PID=1371) to work on /home/airflow/.local/lib/python3.12/site-packages/airflow/example_dags/example_latest_only.py
[2024-10-15T01:10:23.823+0000] {processor.py:914} INFO - Processing file /home/airflow/.local/lib/python3.12/site-packages/airflow/example_dags/example_latest_only.py for tasks to queue
[2024-10-15T01:10:23.824+0000] {logging_mixin.py:190} INFO - [2024-10-15T01:10:23.824+0000] {dagbag.py:588} INFO - Filling up the DagBag from /home/airflow/.local/lib/python3.12/site-packages/airflow/example_dags/example_latest_only.py
[2024-10-15T01:10:23.844+0000] {processor.py:925} INFO - DAG(s) 'latest_only' retrieved from /home/airflow/.local/lib/python3.12/site-packages/airflow/example_dags/example_latest_only.py
[2024-10-15T01:10:23.888+0000] {logging_mixin.py:190} INFO - [2024-10-15T01:10:23.888+0000] {dag.py:3239} INFO - Sync 1 DAGs
[2024-10-15T01:10:23.918+0000] {logging_mixin.py:190} INFO - [2024-10-15T01:10:23.918+0000] {dag.py:4180} INFO - Setting next_dagrun for latest_only to 2024-10-14 20:00:00+00:00, run_after=2024-10-15 00:00:00+00:00
[2024-10-15T01:10:23.940+0000] {processor.py:208} INFO - Processing /home/airflow/.local/lib/python3.12/site-packages/airflow/example_dags/example_latest_only.py took 0.124 seconds
[2024-10-15T01:10:54.112+0000] {processor.py:186} INFO - Started process (PID=1434) to work on /home/airflow/.local/lib/python3.12/site-packages/airflow/example_dags/example_latest_only.py
[2024-10-15T01:10:54.120+0000] {processor.py:914} INFO - Processing file /home/airflow/.local/lib/python3.12/site-packages/airflow/example_dags/example_latest_only.py for tasks to queue
[2024-10-15T01:10:54.123+0000] {logging_mixin.py:190} INFO - [2024-10-15T01:10:54.122+0000] {dagbag.py:588} INFO - Filling up the DagBag from /home/airflow/.local/lib/python3.12/site-packages/airflow/example_dags/example_latest_only.py
[2024-10-15T01:10:54.150+0000] {processor.py:925} INFO - DAG(s) 'latest_only' retrieved from /home/airflow/.local/lib/python3.12/site-packages/airflow/example_dags/example_latest_only.py
[2024-10-15T01:10:54.179+0000] {logging_mixin.py:190} INFO - [2024-10-15T01:10:54.179+0000] {dag.py:3239} INFO - Sync 1 DAGs
[2024-10-15T01:10:54.238+0000] {logging_mixin.py:190} INFO - [2024-10-15T01:10:54.238+0000] {dag.py:4180} INFO - Setting next_dagrun for latest_only to 2024-10-14 20:00:00+00:00, run_after=2024-10-15 00:00:00+00:00
[2024-10-15T01:10:54.282+0000] {processor.py:208} INFO - Processing /home/airflow/.local/lib/python3.12/site-packages/airflow/example_dags/example_latest_only.py took 0.200 seconds
[2024-10-15T01:11:24.382+0000] {processor.py:186} INFO - Started process (PID=1497) to work on /home/airflow/.local/lib/python3.12/site-packages/airflow/example_dags/example_latest_only.py
[2024-10-15T01:11:24.383+0000] {processor.py:914} INFO - Processing file /home/airflow/.local/lib/python3.12/site-packages/airflow/example_dags/example_latest_only.py for tasks to queue
[2024-10-15T01:11:24.384+0000] {logging_mixin.py:190} INFO - [2024-10-15T01:11:24.384+0000] {dagbag.py:588} INFO - Filling up the DagBag from /home/airflow/.local/lib/python3.12/site-packages/airflow/example_dags/example_latest_only.py
[2024-10-15T01:11:24.396+0000] {processor.py:925} INFO - DAG(s) 'latest_only' retrieved from /home/airflow/.local/lib/python3.12/site-packages/airflow/example_dags/example_latest_only.py
[2024-10-15T01:11:24.420+0000] {logging_mixin.py:190} INFO - [2024-10-15T01:11:24.419+0000] {dag.py:3239} INFO - Sync 1 DAGs
[2024-10-15T01:11:24.442+0000] {logging_mixin.py:190} INFO - [2024-10-15T01:11:24.442+0000] {dag.py:4180} INFO - Setting next_dagrun for latest_only to 2024-10-14 20:00:00+00:00, run_after=2024-10-15 00:00:00+00:00
[2024-10-15T01:11:24.460+0000] {processor.py:208} INFO - Processing /home/airflow/.local/lib/python3.12/site-packages/airflow/example_dags/example_latest_only.py took 0.083 seconds
[2024-10-15T01:11:55.288+0000] {processor.py:186} INFO - Started process (PID=1560) to work on /home/airflow/.local/lib/python3.12/site-packages/airflow/example_dags/example_latest_only.py
[2024-10-15T01:11:55.295+0000] {processor.py:914} INFO - Processing file /home/airflow/.local/lib/python3.12/site-packages/airflow/example_dags/example_latest_only.py for tasks to queue
[2024-10-15T01:11:55.296+0000] {logging_mixin.py:190} INFO - [2024-10-15T01:11:55.296+0000] {dagbag.py:588} INFO - Filling up the DagBag from /home/airflow/.local/lib/python3.12/site-packages/airflow/example_dags/example_latest_only.py
[2024-10-15T01:11:55.308+0000] {processor.py:925} INFO - DAG(s) 'latest_only' retrieved from /home/airflow/.local/lib/python3.12/site-packages/airflow/example_dags/example_latest_only.py
[2024-10-15T01:11:55.344+0000] {logging_mixin.py:190} INFO - [2024-10-15T01:11:55.344+0000] {dag.py:3239} INFO - Sync 1 DAGs
[2024-10-15T01:11:55.394+0000] {logging_mixin.py:190} INFO - [2024-10-15T01:11:55.394+0000] {dag.py:4180} INFO - Setting next_dagrun for latest_only to 2024-10-14 20:00:00+00:00, run_after=2024-10-15 00:00:00+00:00
[2024-10-15T01:11:55.426+0000] {processor.py:208} INFO - Processing /home/airflow/.local/lib/python3.12/site-packages/airflow/example_dags/example_latest_only.py took 0.148 seconds
[2024-10-15T01:12:25.748+0000] {processor.py:186} INFO - Started process (PID=1624) to work on /home/airflow/.local/lib/python3.12/site-packages/airflow/example_dags/example_latest_only.py
[2024-10-15T01:12:25.750+0000] {processor.py:914} INFO - Processing file /home/airflow/.local/lib/python3.12/site-packages/airflow/example_dags/example_latest_only.py for tasks to queue
[2024-10-15T01:12:25.751+0000] {logging_mixin.py:190} INFO - [2024-10-15T01:12:25.751+0000] {dagbag.py:588} INFO - Filling up the DagBag from /home/airflow/.local/lib/python3.12/site-packages/airflow/example_dags/example_latest_only.py
[2024-10-15T01:12:25.764+0000] {processor.py:925} INFO - DAG(s) 'latest_only' retrieved from /home/airflow/.local/lib/python3.12/site-packages/airflow/example_dags/example_latest_only.py
[2024-10-15T01:12:25.783+0000] {logging_mixin.py:190} INFO - [2024-10-15T01:12:25.782+0000] {dag.py:3239} INFO - Sync 1 DAGs
[2024-10-15T01:12:25.804+0000] {logging_mixin.py:190} INFO - [2024-10-15T01:12:25.804+0000] {dag.py:4180} INFO - Setting next_dagrun for latest_only to 2024-10-14 20:00:00+00:00, run_after=2024-10-15 00:00:00+00:00
[2024-10-15T01:12:25.822+0000] {processor.py:208} INFO - Processing /home/airflow/.local/lib/python3.12/site-packages/airflow/example_dags/example_latest_only.py took 0.077 seconds
[2024-10-15T01:12:56.228+0000] {processor.py:186} INFO - Started process (PID=1689) to work on /home/airflow/.local/lib/python3.12/site-packages/airflow/example_dags/example_latest_only.py
[2024-10-15T01:12:56.231+0000] {processor.py:914} INFO - Processing file /home/airflow/.local/lib/python3.12/site-packages/airflow/example_dags/example_latest_only.py for tasks to queue
[2024-10-15T01:12:56.232+0000] {logging_mixin.py:190} INFO - [2024-10-15T01:12:56.232+0000] {dagbag.py:588} INFO - Filling up the DagBag from /home/airflow/.local/lib/python3.12/site-packages/airflow/example_dags/example_latest_only.py
[2024-10-15T01:12:56.258+0000] {processor.py:925} INFO - DAG(s) 'latest_only' retrieved from /home/airflow/.local/lib/python3.12/site-packages/airflow/example_dags/example_latest_only.py
[2024-10-15T01:12:56.289+0000] {logging_mixin.py:190} INFO - [2024-10-15T01:12:56.289+0000] {dag.py:3239} INFO - Sync 1 DAGs
[2024-10-15T01:12:56.317+0000] {logging_mixin.py:190} INFO - [2024-10-15T01:12:56.317+0000] {dag.py:4180} INFO - Setting next_dagrun for latest_only to 2024-10-14 20:00:00+00:00, run_after=2024-10-15 00:00:00+00:00
[2024-10-15T01:12:56.343+0000] {processor.py:208} INFO - Processing /home/airflow/.local/lib/python3.12/site-packages/airflow/example_dags/example_latest_only.py took 0.120 seconds
[2024-10-15T01:13:26.594+0000] {processor.py:186} INFO - Started process (PID=1752) to work on /home/airflow/.local/lib/python3.12/site-packages/airflow/example_dags/example_latest_only.py
[2024-10-15T01:13:26.596+0000] {processor.py:914} INFO - Processing file /home/airflow/.local/lib/python3.12/site-packages/airflow/example_dags/example_latest_only.py for tasks to queue
[2024-10-15T01:13:26.598+0000] {logging_mixin.py:190} INFO - [2024-10-15T01:13:26.597+0000] {dagbag.py:588} INFO - Filling up the DagBag from /home/airflow/.local/lib/python3.12/site-packages/airflow/example_dags/example_latest_only.py
[2024-10-15T01:13:26.610+0000] {processor.py:925} INFO - DAG(s) 'latest_only' retrieved from /home/airflow/.local/lib/python3.12/site-packages/airflow/example_dags/example_latest_only.py
[2024-10-15T01:13:26.631+0000] {logging_mixin.py:190} INFO - [2024-10-15T01:13:26.631+0000] {dag.py:3239} INFO - Sync 1 DAGs
[2024-10-15T01:13:26.656+0000] {logging_mixin.py:190} INFO - [2024-10-15T01:13:26.656+0000] {dag.py:4180} INFO - Setting next_dagrun for latest_only to 2024-10-14 20:00:00+00:00, run_after=2024-10-15 00:00:00+00:00
[2024-10-15T01:13:26.677+0000] {processor.py:208} INFO - Processing /home/airflow/.local/lib/python3.12/site-packages/airflow/example_dags/example_latest_only.py took 0.089 seconds
[2024-10-15T01:13:56.958+0000] {processor.py:186} INFO - Started process (PID=1815) to work on /home/airflow/.local/lib/python3.12/site-packages/airflow/example_dags/example_latest_only.py
[2024-10-15T01:13:56.958+0000] {processor.py:914} INFO - Processing file /home/airflow/.local/lib/python3.12/site-packages/airflow/example_dags/example_latest_only.py for tasks to queue
[2024-10-15T01:13:56.959+0000] {logging_mixin.py:190} INFO - [2024-10-15T01:13:56.959+0000] {dagbag.py:588} INFO - Filling up the DagBag from /home/airflow/.local/lib/python3.12/site-packages/airflow/example_dags/example_latest_only.py
[2024-10-15T01:13:56.966+0000] {processor.py:925} INFO - DAG(s) 'latest_only' retrieved from /home/airflow/.local/lib/python3.12/site-packages/airflow/example_dags/example_latest_only.py
[2024-10-15T01:13:56.988+0000] {logging_mixin.py:190} INFO - [2024-10-15T01:13:56.987+0000] {dag.py:3239} INFO - Sync 1 DAGs
[2024-10-15T01:13:57.006+0000] {logging_mixin.py:190} INFO - [2024-10-15T01:13:57.006+0000] {dag.py:4180} INFO - Setting next_dagrun for latest_only to 2024-10-14 20:00:00+00:00, run_after=2024-10-15 00:00:00+00:00
[2024-10-15T01:13:57.025+0000] {processor.py:208} INFO - Processing /home/airflow/.local/lib/python3.12/site-packages/airflow/example_dags/example_latest_only.py took 0.077 seconds
[2024-10-15T01:14:27.792+0000] {processor.py:186} INFO - Started process (PID=1878) to work on /home/airflow/.local/lib/python3.12/site-packages/airflow/example_dags/example_latest_only.py
[2024-10-15T01:14:27.794+0000] {processor.py:914} INFO - Processing file /home/airflow/.local/lib/python3.12/site-packages/airflow/example_dags/example_latest_only.py for tasks to queue
[2024-10-15T01:14:27.799+0000] {logging_mixin.py:190} INFO - [2024-10-15T01:14:27.796+0000] {dagbag.py:588} INFO - Filling up the DagBag from /home/airflow/.local/lib/python3.12/site-packages/airflow/example_dags/example_latest_only.py
[2024-10-15T01:14:27.807+0000] {processor.py:925} INFO - DAG(s) 'latest_only' retrieved from /home/airflow/.local/lib/python3.12/site-packages/airflow/example_dags/example_latest_only.py
[2024-10-15T01:14:27.827+0000] {logging_mixin.py:190} INFO - [2024-10-15T01:14:27.827+0000] {dag.py:3239} INFO - Sync 1 DAGs
[2024-10-15T01:14:27.855+0000] {logging_mixin.py:190} INFO - [2024-10-15T01:14:27.855+0000] {dag.py:4180} INFO - Setting next_dagrun for latest_only to 2024-10-14 20:00:00+00:00, run_after=2024-10-15 00:00:00+00:00
[2024-10-15T01:14:27.877+0000] {processor.py:208} INFO - Processing /home/airflow/.local/lib/python3.12/site-packages/airflow/example_dags/example_latest_only.py took 0.094 seconds
[2024-10-15T01:14:57.925+0000] {processor.py:186} INFO - Started process (PID=1940) to work on /home/airflow/.local/lib/python3.12/site-packages/airflow/example_dags/example_latest_only.py
[2024-10-15T01:14:57.927+0000] {processor.py:914} INFO - Processing file /home/airflow/.local/lib/python3.12/site-packages/airflow/example_dags/example_latest_only.py for tasks to queue
[2024-10-15T01:14:57.928+0000] {logging_mixin.py:190} INFO - [2024-10-15T01:14:57.928+0000] {dagbag.py:588} INFO - Filling up the DagBag from /home/airflow/.local/lib/python3.12/site-packages/airflow/example_dags/example_latest_only.py
[2024-10-15T01:14:57.940+0000] {processor.py:925} INFO - DAG(s) 'latest_only' retrieved from /home/airflow/.local/lib/python3.12/site-packages/airflow/example_dags/example_latest_only.py
[2024-10-15T01:14:57.958+0000] {logging_mixin.py:190} INFO - [2024-10-15T01:14:57.958+0000] {dag.py:3239} INFO - Sync 1 DAGs
[2024-10-15T01:14:57.981+0000] {logging_mixin.py:190} INFO - [2024-10-15T01:14:57.981+0000] {dag.py:4180} INFO - Setting next_dagrun for latest_only to 2024-10-14 20:00:00+00:00, run_after=2024-10-15 00:00:00+00:00
[2024-10-15T01:14:58.000+0000] {processor.py:208} INFO - Processing /home/airflow/.local/lib/python3.12/site-packages/airflow/example_dags/example_latest_only.py took 0.085 seconds
[2024-10-15T01:15:28.508+0000] {processor.py:186} INFO - Started process (PID=2003) to work on /home/airflow/.local/lib/python3.12/site-packages/airflow/example_dags/example_latest_only.py
[2024-10-15T01:15:28.509+0000] {processor.py:914} INFO - Processing file /home/airflow/.local/lib/python3.12/site-packages/airflow/example_dags/example_latest_only.py for tasks to queue
[2024-10-15T01:15:28.510+0000] {logging_mixin.py:190} INFO - [2024-10-15T01:15:28.510+0000] {dagbag.py:588} INFO - Filling up the DagBag from /home/airflow/.local/lib/python3.12/site-packages/airflow/example_dags/example_latest_only.py
[2024-10-15T01:15:28.516+0000] {processor.py:925} INFO - DAG(s) 'latest_only' retrieved from /home/airflow/.local/lib/python3.12/site-packages/airflow/example_dags/example_latest_only.py
[2024-10-15T01:15:28.543+0000] {logging_mixin.py:190} INFO - [2024-10-15T01:15:28.542+0000] {dag.py:3239} INFO - Sync 1 DAGs
[2024-10-15T01:15:28.567+0000] {logging_mixin.py:190} INFO - [2024-10-15T01:15:28.567+0000] {dag.py:4180} INFO - Setting next_dagrun for latest_only to 2024-10-14 20:00:00+00:00, run_after=2024-10-15 00:00:00+00:00
[2024-10-15T01:15:28.589+0000] {processor.py:208} INFO - Processing /home/airflow/.local/lib/python3.12/site-packages/airflow/example_dags/example_latest_only.py took 0.085 seconds
[2024-10-15T01:15:58.809+0000] {processor.py:186} INFO - Started process (PID=2065) to work on /home/airflow/.local/lib/python3.12/site-packages/airflow/example_dags/example_latest_only.py
[2024-10-15T01:15:58.823+0000] {processor.py:914} INFO - Processing file /home/airflow/.local/lib/python3.12/site-packages/airflow/example_dags/example_latest_only.py for tasks to queue
[2024-10-15T01:15:58.824+0000] {logging_mixin.py:190} INFO - [2024-10-15T01:15:58.824+0000] {dagbag.py:588} INFO - Filling up the DagBag from /home/airflow/.local/lib/python3.12/site-packages/airflow/example_dags/example_latest_only.py
[2024-10-15T01:15:58.858+0000] {processor.py:925} INFO - DAG(s) 'latest_only' retrieved from /home/airflow/.local/lib/python3.12/site-packages/airflow/example_dags/example_latest_only.py
[2024-10-15T01:15:58.919+0000] {logging_mixin.py:190} INFO - [2024-10-15T01:15:58.919+0000] {dag.py:3239} INFO - Sync 1 DAGs
[2024-10-15T01:15:58.975+0000] {logging_mixin.py:190} INFO - [2024-10-15T01:15:58.975+0000] {dag.py:4180} INFO - Setting next_dagrun for latest_only to 2024-10-14 20:00:00+00:00, run_after=2024-10-15 00:00:00+00:00
[2024-10-15T01:15:58.999+0000] {processor.py:208} INFO - Processing /home/airflow/.local/lib/python3.12/site-packages/airflow/example_dags/example_latest_only.py took 0.203 seconds
[2024-10-15T01:16:29.784+0000] {processor.py:186} INFO - Started process (PID=2128) to work on /home/airflow/.local/lib/python3.12/site-packages/airflow/example_dags/example_latest_only.py
[2024-10-15T01:16:29.786+0000] {processor.py:914} INFO - Processing file /home/airflow/.local/lib/python3.12/site-packages/airflow/example_dags/example_latest_only.py for tasks to queue
[2024-10-15T01:16:29.788+0000] {logging_mixin.py:190} INFO - [2024-10-15T01:16:29.787+0000] {dagbag.py:588} INFO - Filling up the DagBag from /home/airflow/.local/lib/python3.12/site-packages/airflow/example_dags/example_latest_only.py
[2024-10-15T01:16:29.800+0000] {processor.py:925} INFO - DAG(s) 'latest_only' retrieved from /home/airflow/.local/lib/python3.12/site-packages/airflow/example_dags/example_latest_only.py
[2024-10-15T01:16:29.820+0000] {logging_mixin.py:190} INFO - [2024-10-15T01:16:29.820+0000] {dag.py:3239} INFO - Sync 1 DAGs
[2024-10-15T01:16:29.844+0000] {logging_mixin.py:190} INFO - [2024-10-15T01:16:29.844+0000] {dag.py:4180} INFO - Setting next_dagrun for latest_only to 2024-10-14 20:00:00+00:00, run_after=2024-10-15 00:00:00+00:00
[2024-10-15T01:16:29.864+0000] {processor.py:208} INFO - Processing /home/airflow/.local/lib/python3.12/site-packages/airflow/example_dags/example_latest_only.py took 0.088 seconds
[2024-10-15T01:17:00.236+0000] {processor.py:186} INFO - Started process (PID=2191) to work on /home/airflow/.local/lib/python3.12/site-packages/airflow/example_dags/example_latest_only.py
[2024-10-15T01:17:00.243+0000] {processor.py:914} INFO - Processing file /home/airflow/.local/lib/python3.12/site-packages/airflow/example_dags/example_latest_only.py for tasks to queue
[2024-10-15T01:17:00.244+0000] {logging_mixin.py:190} INFO - [2024-10-15T01:17:00.244+0000] {dagbag.py:588} INFO - Filling up the DagBag from /home/airflow/.local/lib/python3.12/site-packages/airflow/example_dags/example_latest_only.py
[2024-10-15T01:17:00.259+0000] {processor.py:925} INFO - DAG(s) 'latest_only' retrieved from /home/airflow/.local/lib/python3.12/site-packages/airflow/example_dags/example_latest_only.py
[2024-10-15T01:17:00.311+0000] {logging_mixin.py:190} INFO - [2024-10-15T01:17:00.310+0000] {dag.py:3239} INFO - Sync 1 DAGs
[2024-10-15T01:17:00.368+0000] {logging_mixin.py:190} INFO - [2024-10-15T01:17:00.368+0000] {dag.py:4180} INFO - Setting next_dagrun for latest_only to 2024-10-14 20:00:00+00:00, run_after=2024-10-15 00:00:00+00:00
[2024-10-15T01:17:00.392+0000] {processor.py:208} INFO - Processing /home/airflow/.local/lib/python3.12/site-packages/airflow/example_dags/example_latest_only.py took 0.179 seconds
[2024-10-15T01:17:30.867+0000] {processor.py:186} INFO - Started process (PID=2254) to work on /home/airflow/.local/lib/python3.12/site-packages/airflow/example_dags/example_latest_only.py
[2024-10-15T01:17:30.875+0000] {processor.py:914} INFO - Processing file /home/airflow/.local/lib/python3.12/site-packages/airflow/example_dags/example_latest_only.py for tasks to queue
[2024-10-15T01:17:30.876+0000] {logging_mixin.py:190} INFO - [2024-10-15T01:17:30.876+0000] {dagbag.py:588} INFO - Filling up the DagBag from /home/airflow/.local/lib/python3.12/site-packages/airflow/example_dags/example_latest_only.py
[2024-10-15T01:17:30.886+0000] {processor.py:925} INFO - DAG(s) 'latest_only' retrieved from /home/airflow/.local/lib/python3.12/site-packages/airflow/example_dags/example_latest_only.py
[2024-10-15T01:17:30.906+0000] {logging_mixin.py:190} INFO - [2024-10-15T01:17:30.906+0000] {dag.py:3239} INFO - Sync 1 DAGs
[2024-10-15T01:17:30.929+0000] {logging_mixin.py:190} INFO - [2024-10-15T01:17:30.929+0000] {dag.py:4180} INFO - Setting next_dagrun for latest_only to 2024-10-14 20:00:00+00:00, run_after=2024-10-15 00:00:00+00:00
[2024-10-15T01:17:30.950+0000] {processor.py:208} INFO - Processing /home/airflow/.local/lib/python3.12/site-packages/airflow/example_dags/example_latest_only.py took 0.089 seconds
[2024-10-15T01:18:01.114+0000] {processor.py:186} INFO - Started process (PID=2318) to work on /home/airflow/.local/lib/python3.12/site-packages/airflow/example_dags/example_latest_only.py
[2024-10-15T01:18:01.116+0000] {processor.py:914} INFO - Processing file /home/airflow/.local/lib/python3.12/site-packages/airflow/example_dags/example_latest_only.py for tasks to queue
[2024-10-15T01:18:01.119+0000] {logging_mixin.py:190} INFO - [2024-10-15T01:18:01.118+0000] {dagbag.py:588} INFO - Filling up the DagBag from /home/airflow/.local/lib/python3.12/site-packages/airflow/example_dags/example_latest_only.py
[2024-10-15T01:18:01.131+0000] {processor.py:925} INFO - DAG(s) 'latest_only' retrieved from /home/airflow/.local/lib/python3.12/site-packages/airflow/example_dags/example_latest_only.py
[2024-10-15T01:18:01.149+0000] {logging_mixin.py:190} INFO - [2024-10-15T01:18:01.149+0000] {dag.py:3239} INFO - Sync 1 DAGs
[2024-10-15T01:18:01.172+0000] {logging_mixin.py:190} INFO - [2024-10-15T01:18:01.172+0000] {dag.py:4180} INFO - Setting next_dagrun for latest_only to 2024-10-14 20:00:00+00:00, run_after=2024-10-15 00:00:00+00:00
[2024-10-15T01:18:01.197+0000] {processor.py:208} INFO - Processing /home/airflow/.local/lib/python3.12/site-packages/airflow/example_dags/example_latest_only.py took 0.093 seconds
[2024-10-15T01:18:31.568+0000] {processor.py:186} INFO - Started process (PID=2381) to work on /home/airflow/.local/lib/python3.12/site-packages/airflow/example_dags/example_latest_only.py
[2024-10-15T01:18:31.570+0000] {processor.py:914} INFO - Processing file /home/airflow/.local/lib/python3.12/site-packages/airflow/example_dags/example_latest_only.py for tasks to queue
[2024-10-15T01:18:31.572+0000] {logging_mixin.py:190} INFO - [2024-10-15T01:18:31.572+0000] {dagbag.py:588} INFO - Filling up the DagBag from /home/airflow/.local/lib/python3.12/site-packages/airflow/example_dags/example_latest_only.py
[2024-10-15T01:18:31.582+0000] {processor.py:925} INFO - DAG(s) 'latest_only' retrieved from /home/airflow/.local/lib/python3.12/site-packages/airflow/example_dags/example_latest_only.py
[2024-10-15T01:18:31.603+0000] {logging_mixin.py:190} INFO - [2024-10-15T01:18:31.603+0000] {dag.py:3239} INFO - Sync 1 DAGs
[2024-10-15T01:18:31.624+0000] {logging_mixin.py:190} INFO - [2024-10-15T01:18:31.624+0000] {dag.py:4180} INFO - Setting next_dagrun for latest_only to 2024-10-14 20:00:00+00:00, run_after=2024-10-15 00:00:00+00:00
[2024-10-15T01:18:31.644+0000] {processor.py:208} INFO - Processing /home/airflow/.local/lib/python3.12/site-packages/airflow/example_dags/example_latest_only.py took 0.086 seconds
[2024-10-15T01:19:01.864+0000] {processor.py:186} INFO - Started process (PID=2444) to work on /home/airflow/.local/lib/python3.12/site-packages/airflow/example_dags/example_latest_only.py
[2024-10-15T01:19:01.865+0000] {processor.py:914} INFO - Processing file /home/airflow/.local/lib/python3.12/site-packages/airflow/example_dags/example_latest_only.py for tasks to queue
[2024-10-15T01:19:01.871+0000] {logging_mixin.py:190} INFO - [2024-10-15T01:19:01.868+0000] {dagbag.py:588} INFO - Filling up the DagBag from /home/airflow/.local/lib/python3.12/site-packages/airflow/example_dags/example_latest_only.py
[2024-10-15T01:19:01.885+0000] {processor.py:925} INFO - DAG(s) 'latest_only' retrieved from /home/airflow/.local/lib/python3.12/site-packages/airflow/example_dags/example_latest_only.py
[2024-10-15T01:19:01.907+0000] {logging_mixin.py:190} INFO - [2024-10-15T01:19:01.907+0000] {dag.py:3239} INFO - Sync 1 DAGs
[2024-10-15T01:19:01.937+0000] {logging_mixin.py:190} INFO - [2024-10-15T01:19:01.936+0000] {dag.py:4180} INFO - Setting next_dagrun for latest_only to 2024-10-14 20:00:00+00:00, run_after=2024-10-15 00:00:00+00:00
[2024-10-15T01:19:01.959+0000] {processor.py:208} INFO - Processing /home/airflow/.local/lib/python3.12/site-packages/airflow/example_dags/example_latest_only.py took 0.101 seconds
[2024-10-15T01:19:32.232+0000] {processor.py:186} INFO - Started process (PID=2507) to work on /home/airflow/.local/lib/python3.12/site-packages/airflow/example_dags/example_latest_only.py
[2024-10-15T01:19:32.233+0000] {processor.py:914} INFO - Processing file /home/airflow/.local/lib/python3.12/site-packages/airflow/example_dags/example_latest_only.py for tasks to queue
[2024-10-15T01:19:32.234+0000] {logging_mixin.py:190} INFO - [2024-10-15T01:19:32.234+0000] {dagbag.py:588} INFO - Filling up the DagBag from /home/airflow/.local/lib/python3.12/site-packages/airflow/example_dags/example_latest_only.py
[2024-10-15T01:19:32.246+0000] {processor.py:925} INFO - DAG(s) 'latest_only' retrieved from /home/airflow/.local/lib/python3.12/site-packages/airflow/example_dags/example_latest_only.py
[2024-10-15T01:19:32.271+0000] {logging_mixin.py:190} INFO - [2024-10-15T01:19:32.271+0000] {dag.py:3239} INFO - Sync 1 DAGs
[2024-10-15T01:19:32.298+0000] {logging_mixin.py:190} INFO - [2024-10-15T01:19:32.298+0000] {dag.py:4180} INFO - Setting next_dagrun for latest_only to 2024-10-14 20:00:00+00:00, run_after=2024-10-15 00:00:00+00:00
[2024-10-15T01:19:32.319+0000] {processor.py:208} INFO - Processing /home/airflow/.local/lib/python3.12/site-packages/airflow/example_dags/example_latest_only.py took 0.094 seconds
[2024-10-15T01:20:02.594+0000] {processor.py:186} INFO - Started process (PID=2570) to work on /home/airflow/.local/lib/python3.12/site-packages/airflow/example_dags/example_latest_only.py
[2024-10-15T01:20:02.599+0000] {processor.py:914} INFO - Processing file /home/airflow/.local/lib/python3.12/site-packages/airflow/example_dags/example_latest_only.py for tasks to queue
[2024-10-15T01:20:02.600+0000] {logging_mixin.py:190} INFO - [2024-10-15T01:20:02.599+0000] {dagbag.py:588} INFO - Filling up the DagBag from /home/airflow/.local/lib/python3.12/site-packages/airflow/example_dags/example_latest_only.py
[2024-10-15T01:20:02.617+0000] {processor.py:925} INFO - DAG(s) 'latest_only' retrieved from /home/airflow/.local/lib/python3.12/site-packages/airflow/example_dags/example_latest_only.py
[2024-10-15T01:20:02.652+0000] {logging_mixin.py:190} INFO - [2024-10-15T01:20:02.652+0000] {dag.py:3239} INFO - Sync 1 DAGs
[2024-10-15T01:20:02.697+0000] {logging_mixin.py:190} INFO - [2024-10-15T01:20:02.697+0000] {dag.py:4180} INFO - Setting next_dagrun for latest_only to 2024-10-14 20:00:00+00:00, run_after=2024-10-15 00:00:00+00:00
[2024-10-15T01:20:02.738+0000] {processor.py:208} INFO - Processing /home/airflow/.local/lib/python3.12/site-packages/airflow/example_dags/example_latest_only.py took 0.158 seconds
[2024-10-15T01:20:33.056+0000] {processor.py:186} INFO - Started process (PID=2634) to work on /home/airflow/.local/lib/python3.12/site-packages/airflow/example_dags/example_latest_only.py
[2024-10-15T01:20:33.056+0000] {processor.py:914} INFO - Processing file /home/airflow/.local/lib/python3.12/site-packages/airflow/example_dags/example_latest_only.py for tasks to queue
[2024-10-15T01:20:33.057+0000] {logging_mixin.py:190} INFO - [2024-10-15T01:20:33.057+0000] {dagbag.py:588} INFO - Filling up the DagBag from /home/airflow/.local/lib/python3.12/site-packages/airflow/example_dags/example_latest_only.py
[2024-10-15T01:20:33.066+0000] {processor.py:925} INFO - DAG(s) 'latest_only' retrieved from /home/airflow/.local/lib/python3.12/site-packages/airflow/example_dags/example_latest_only.py
[2024-10-15T01:20:33.084+0000] {logging_mixin.py:190} INFO - [2024-10-15T01:20:33.084+0000] {dag.py:3239} INFO - Sync 1 DAGs
[2024-10-15T01:20:33.106+0000] {logging_mixin.py:190} INFO - [2024-10-15T01:20:33.106+0000] {dag.py:4180} INFO - Setting next_dagrun for latest_only to 2024-10-14 20:00:00+00:00, run_after=2024-10-15 00:00:00+00:00
[2024-10-15T01:20:33.126+0000] {processor.py:208} INFO - Processing /home/airflow/.local/lib/python3.12/site-packages/airflow/example_dags/example_latest_only.py took 0.076 seconds
[2024-10-15T01:21:03.915+0000] {processor.py:186} INFO - Started process (PID=2697) to work on /home/airflow/.local/lib/python3.12/site-packages/airflow/example_dags/example_latest_only.py
[2024-10-15T01:21:03.923+0000] {processor.py:914} INFO - Processing file /home/airflow/.local/lib/python3.12/site-packages/airflow/example_dags/example_latest_only.py for tasks to queue
[2024-10-15T01:21:03.924+0000] {logging_mixin.py:190} INFO - [2024-10-15T01:21:03.924+0000] {dagbag.py:588} INFO - Filling up the DagBag from /home/airflow/.local/lib/python3.12/site-packages/airflow/example_dags/example_latest_only.py
[2024-10-15T01:21:03.952+0000] {processor.py:925} INFO - DAG(s) 'latest_only' retrieved from /home/airflow/.local/lib/python3.12/site-packages/airflow/example_dags/example_latest_only.py
[2024-10-15T01:21:04.028+0000] {logging_mixin.py:190} INFO - [2024-10-15T01:21:04.028+0000] {dag.py:3239} INFO - Sync 1 DAGs
[2024-10-15T01:21:04.140+0000] {logging_mixin.py:190} INFO - [2024-10-15T01:21:04.140+0000] {dag.py:4180} INFO - Setting next_dagrun for latest_only to 2024-10-14 20:00:00+00:00, run_after=2024-10-15 00:00:00+00:00
[2024-10-15T01:21:04.187+0000] {processor.py:208} INFO - Processing /home/airflow/.local/lib/python3.12/site-packages/airflow/example_dags/example_latest_only.py took 0.326 seconds
[2024-10-15T01:21:34.967+0000] {processor.py:186} INFO - Started process (PID=2760) to work on /home/airflow/.local/lib/python3.12/site-packages/airflow/example_dags/example_latest_only.py
[2024-10-15T01:21:34.968+0000] {processor.py:914} INFO - Processing file /home/airflow/.local/lib/python3.12/site-packages/airflow/example_dags/example_latest_only.py for tasks to queue
[2024-10-15T01:21:34.969+0000] {logging_mixin.py:190} INFO - [2024-10-15T01:21:34.969+0000] {dagbag.py:588} INFO - Filling up the DagBag from /home/airflow/.local/lib/python3.12/site-packages/airflow/example_dags/example_latest_only.py
[2024-10-15T01:21:34.984+0000] {processor.py:925} INFO - DAG(s) 'latest_only' retrieved from /home/airflow/.local/lib/python3.12/site-packages/airflow/example_dags/example_latest_only.py
[2024-10-15T01:21:35.003+0000] {logging_mixin.py:190} INFO - [2024-10-15T01:21:35.003+0000] {dag.py:3239} INFO - Sync 1 DAGs
[2024-10-15T01:21:35.033+0000] {logging_mixin.py:190} INFO - [2024-10-15T01:21:35.033+0000] {dag.py:4180} INFO - Setting next_dagrun for latest_only to 2024-10-14 20:00:00+00:00, run_after=2024-10-15 00:00:00+00:00
[2024-10-15T01:21:35.055+0000] {processor.py:208} INFO - Processing /home/airflow/.local/lib/python3.12/site-packages/airflow/example_dags/example_latest_only.py took 0.096 seconds
[2024-10-15T01:22:05.543+0000] {processor.py:186} INFO - Started process (PID=2822) to work on /home/airflow/.local/lib/python3.12/site-packages/airflow/example_dags/example_latest_only.py
[2024-10-15T01:22:05.544+0000] {processor.py:914} INFO - Processing file /home/airflow/.local/lib/python3.12/site-packages/airflow/example_dags/example_latest_only.py for tasks to queue
[2024-10-15T01:22:05.544+0000] {logging_mixin.py:190} INFO - [2024-10-15T01:22:05.544+0000] {dagbag.py:588} INFO - Filling up the DagBag from /home/airflow/.local/lib/python3.12/site-packages/airflow/example_dags/example_latest_only.py
[2024-10-15T01:22:05.563+0000] {processor.py:925} INFO - DAG(s) 'latest_only' retrieved from /home/airflow/.local/lib/python3.12/site-packages/airflow/example_dags/example_latest_only.py
[2024-10-15T01:22:05.599+0000] {logging_mixin.py:190} INFO - [2024-10-15T01:22:05.599+0000] {dag.py:3239} INFO - Sync 1 DAGs
[2024-10-15T01:22:05.675+0000] {logging_mixin.py:190} INFO - [2024-10-15T01:22:05.675+0000] {dag.py:4180} INFO - Setting next_dagrun for latest_only to 2024-10-14 20:00:00+00:00, run_after=2024-10-15 00:00:00+00:00
[2024-10-15T01:22:05.705+0000] {processor.py:208} INFO - Processing /home/airflow/.local/lib/python3.12/site-packages/airflow/example_dags/example_latest_only.py took 0.174 seconds
[2024-10-15T01:22:35.915+0000] {processor.py:186} INFO - Started process (PID=2885) to work on /home/airflow/.local/lib/python3.12/site-packages/airflow/example_dags/example_latest_only.py
[2024-10-15T01:22:35.916+0000] {processor.py:914} INFO - Processing file /home/airflow/.local/lib/python3.12/site-packages/airflow/example_dags/example_latest_only.py for tasks to queue
[2024-10-15T01:22:35.917+0000] {logging_mixin.py:190} INFO - [2024-10-15T01:22:35.917+0000] {dagbag.py:588} INFO - Filling up the DagBag from /home/airflow/.local/lib/python3.12/site-packages/airflow/example_dags/example_latest_only.py
[2024-10-15T01:22:35.924+0000] {processor.py:925} INFO - DAG(s) 'latest_only' retrieved from /home/airflow/.local/lib/python3.12/site-packages/airflow/example_dags/example_latest_only.py
[2024-10-15T01:22:35.940+0000] {logging_mixin.py:190} INFO - [2024-10-15T01:22:35.939+0000] {dag.py:3239} INFO - Sync 1 DAGs
[2024-10-15T01:22:35.957+0000] {logging_mixin.py:190} INFO - [2024-10-15T01:22:35.957+0000] {dag.py:4180} INFO - Setting next_dagrun for latest_only to 2024-10-14 20:00:00+00:00, run_after=2024-10-15 00:00:00+00:00
[2024-10-15T01:22:35.976+0000] {processor.py:208} INFO - Processing /home/airflow/.local/lib/python3.12/site-packages/airflow/example_dags/example_latest_only.py took 0.065 seconds
[2024-10-15T01:23:06.127+0000] {processor.py:186} INFO - Started process (PID=2949) to work on /home/airflow/.local/lib/python3.12/site-packages/airflow/example_dags/example_latest_only.py
[2024-10-15T01:23:06.127+0000] {processor.py:914} INFO - Processing file /home/airflow/.local/lib/python3.12/site-packages/airflow/example_dags/example_latest_only.py for tasks to queue
[2024-10-15T01:23:06.128+0000] {logging_mixin.py:190} INFO - [2024-10-15T01:23:06.128+0000] {dagbag.py:588} INFO - Filling up the DagBag from /home/airflow/.local/lib/python3.12/site-packages/airflow/example_dags/example_latest_only.py
[2024-10-15T01:23:06.141+0000] {processor.py:925} INFO - DAG(s) 'latest_only' retrieved from /home/airflow/.local/lib/python3.12/site-packages/airflow/example_dags/example_latest_only.py
[2024-10-15T01:23:06.160+0000] {logging_mixin.py:190} INFO - [2024-10-15T01:23:06.160+0000] {dag.py:3239} INFO - Sync 1 DAGs
[2024-10-15T01:23:06.180+0000] {logging_mixin.py:190} INFO - [2024-10-15T01:23:06.180+0000] {dag.py:4180} INFO - Setting next_dagrun for latest_only to 2024-10-14 20:00:00+00:00, run_after=2024-10-15 00:00:00+00:00
[2024-10-15T01:23:06.193+0000] {processor.py:208} INFO - Processing /home/airflow/.local/lib/python3.12/site-packages/airflow/example_dags/example_latest_only.py took 0.073 seconds
