[2024-10-15T00:50:02.963+0000] {processor.py:186} INFO - Started process (PID=67) to work on /home/airflow/.local/lib/python3.12/site-packages/airflow/example_dags/example_complex.py
[2024-10-15T00:50:02.963+0000] {processor.py:914} INFO - Processing file /home/airflow/.local/lib/python3.12/site-packages/airflow/example_dags/example_complex.py for tasks to queue
[2024-10-15T00:50:02.979+0000] {logging_mixin.py:190} INFO - [2024-10-15T00:50:02.978+0000] {dagbag.py:588} INFO - Filling up the DagBag from /home/airflow/.local/lib/python3.12/site-packages/airflow/example_dags/example_complex.py
[2024-10-15T00:50:03.064+0000] {processor.py:925} INFO - DAG(s) 'example_complex' retrieved from /home/airflow/.local/lib/python3.12/site-packages/airflow/example_dags/example_complex.py
[2024-10-15T00:50:03.540+0000] {logging_mixin.py:190} INFO - [2024-10-15T00:50:03.539+0000] {override.py:1900} INFO - Created Permission View: can edit on DAG:example_complex
[2024-10-15T00:50:03.575+0000] {logging_mixin.py:190} INFO - [2024-10-15T00:50:03.574+0000] {override.py:1900} INFO - Created Permission View: can read on DAG:example_complex
[2024-10-15T00:50:03.597+0000] {logging_mixin.py:190} INFO - [2024-10-15T00:50:03.597+0000] {override.py:1900} INFO - Created Permission View: can delete on DAG:example_complex
[2024-10-15T00:50:03.625+0000] {logging_mixin.py:190} INFO - [2024-10-15T00:50:03.625+0000] {override.py:1900} INFO - Created Permission View: menu access on DAG Run:example_complex
[2024-10-15T00:50:03.653+0000] {logging_mixin.py:190} INFO - [2024-10-15T00:50:03.653+0000] {override.py:1900} INFO - Created Permission View: can delete on DAG Run:example_complex
[2024-10-15T00:50:03.664+0000] {logging_mixin.py:190} INFO - [2024-10-15T00:50:03.664+0000] {override.py:1900} INFO - Created Permission View: can read on DAG Run:example_complex
[2024-10-15T00:50:03.676+0000] {logging_mixin.py:190} INFO - [2024-10-15T00:50:03.676+0000] {override.py:1900} INFO - Created Permission View: can create on DAG Run:example_complex
[2024-10-15T00:50:03.676+0000] {logging_mixin.py:190} INFO - [2024-10-15T00:50:03.676+0000] {dag.py:3239} INFO - Sync 1 DAGs
[2024-10-15T00:50:03.702+0000] {logging_mixin.py:190} INFO - [2024-10-15T00:50:03.701+0000] {dag.py:3262} INFO - Creating ORM DAG for example_complex
[2024-10-15T00:50:03.702+0000] {logging_mixin.py:190} INFO - [2024-10-15T00:50:03.702+0000] {dag.py:4180} INFO - Setting next_dagrun for example_complex to None, run_after=None
[2024-10-15T00:50:03.766+0000] {processor.py:208} INFO - Processing /home/airflow/.local/lib/python3.12/site-packages/airflow/example_dags/example_complex.py took 0.836 seconds
[2024-10-15T00:59:43.407+0000] {processor.py:186} INFO - Started process (PID=71) to work on /home/airflow/.local/lib/python3.12/site-packages/airflow/example_dags/example_complex.py
[2024-10-15T00:59:43.414+0000] {processor.py:914} INFO - Processing file /home/airflow/.local/lib/python3.12/site-packages/airflow/example_dags/example_complex.py for tasks to queue
[2024-10-15T00:59:43.416+0000] {logging_mixin.py:190} INFO - [2024-10-15T00:59:43.415+0000] {dagbag.py:588} INFO - Filling up the DagBag from /home/airflow/.local/lib/python3.12/site-packages/airflow/example_dags/example_complex.py
[2024-10-15T00:59:43.448+0000] {processor.py:925} INFO - DAG(s) 'example_complex' retrieved from /home/airflow/.local/lib/python3.12/site-packages/airflow/example_dags/example_complex.py
[2024-10-15T00:59:43.534+0000] {logging_mixin.py:190} INFO - [2024-10-15T00:59:43.534+0000] {dag.py:3239} INFO - Sync 1 DAGs
[2024-10-15T00:59:43.559+0000] {logging_mixin.py:190} INFO - [2024-10-15T00:59:43.559+0000] {dag.py:4180} INFO - Setting next_dagrun for example_complex to None, run_after=None
[2024-10-15T00:59:43.596+0000] {processor.py:208} INFO - Processing /home/airflow/.local/lib/python3.12/site-packages/airflow/example_dags/example_complex.py took 0.202 seconds
[2024-10-15T01:00:14.206+0000] {processor.py:186} INFO - Started process (PID=133) to work on /home/airflow/.local/lib/python3.12/site-packages/airflow/example_dags/example_complex.py
[2024-10-15T01:00:14.207+0000] {processor.py:914} INFO - Processing file /home/airflow/.local/lib/python3.12/site-packages/airflow/example_dags/example_complex.py for tasks to queue
[2024-10-15T01:00:14.210+0000] {logging_mixin.py:190} INFO - [2024-10-15T01:00:14.210+0000] {dagbag.py:588} INFO - Filling up the DagBag from /home/airflow/.local/lib/python3.12/site-packages/airflow/example_dags/example_complex.py
[2024-10-15T01:00:14.238+0000] {processor.py:925} INFO - DAG(s) 'example_complex' retrieved from /home/airflow/.local/lib/python3.12/site-packages/airflow/example_dags/example_complex.py
[2024-10-15T01:00:14.330+0000] {logging_mixin.py:190} INFO - [2024-10-15T01:00:14.330+0000] {dag.py:3239} INFO - Sync 1 DAGs
[2024-10-15T01:00:14.356+0000] {logging_mixin.py:190} INFO - [2024-10-15T01:00:14.355+0000] {dag.py:4180} INFO - Setting next_dagrun for example_complex to None, run_after=None
[2024-10-15T01:00:14.393+0000] {processor.py:208} INFO - Processing /home/airflow/.local/lib/python3.12/site-packages/airflow/example_dags/example_complex.py took 0.202 seconds
[2024-10-15T01:00:45.113+0000] {processor.py:186} INFO - Started process (PID=195) to work on /home/airflow/.local/lib/python3.12/site-packages/airflow/example_dags/example_complex.py
[2024-10-15T01:00:45.120+0000] {processor.py:914} INFO - Processing file /home/airflow/.local/lib/python3.12/site-packages/airflow/example_dags/example_complex.py for tasks to queue
[2024-10-15T01:00:45.123+0000] {logging_mixin.py:190} INFO - [2024-10-15T01:00:45.123+0000] {dagbag.py:588} INFO - Filling up the DagBag from /home/airflow/.local/lib/python3.12/site-packages/airflow/example_dags/example_complex.py
[2024-10-15T01:00:45.149+0000] {processor.py:925} INFO - DAG(s) 'example_complex' retrieved from /home/airflow/.local/lib/python3.12/site-packages/airflow/example_dags/example_complex.py
[2024-10-15T01:00:45.207+0000] {logging_mixin.py:190} INFO - [2024-10-15T01:00:45.206+0000] {dag.py:3239} INFO - Sync 1 DAGs
[2024-10-15T01:00:45.234+0000] {logging_mixin.py:190} INFO - [2024-10-15T01:00:45.233+0000] {dag.py:4180} INFO - Setting next_dagrun for example_complex to None, run_after=None
[2024-10-15T01:00:45.261+0000] {processor.py:208} INFO - Processing /home/airflow/.local/lib/python3.12/site-packages/airflow/example_dags/example_complex.py took 0.161 seconds
[2024-10-15T01:01:15.342+0000] {processor.py:186} INFO - Started process (PID=256) to work on /home/airflow/.local/lib/python3.12/site-packages/airflow/example_dags/example_complex.py
[2024-10-15T01:01:15.346+0000] {processor.py:914} INFO - Processing file /home/airflow/.local/lib/python3.12/site-packages/airflow/example_dags/example_complex.py for tasks to queue
[2024-10-15T01:01:15.348+0000] {logging_mixin.py:190} INFO - [2024-10-15T01:01:15.347+0000] {dagbag.py:588} INFO - Filling up the DagBag from /home/airflow/.local/lib/python3.12/site-packages/airflow/example_dags/example_complex.py
[2024-10-15T01:01:15.360+0000] {processor.py:925} INFO - DAG(s) 'example_complex' retrieved from /home/airflow/.local/lib/python3.12/site-packages/airflow/example_dags/example_complex.py
[2024-10-15T01:01:15.391+0000] {logging_mixin.py:190} INFO - [2024-10-15T01:01:15.391+0000] {dag.py:3239} INFO - Sync 1 DAGs
[2024-10-15T01:01:15.408+0000] {logging_mixin.py:190} INFO - [2024-10-15T01:01:15.407+0000] {dag.py:4180} INFO - Setting next_dagrun for example_complex to None, run_after=None
[2024-10-15T01:01:15.430+0000] {processor.py:208} INFO - Processing /home/airflow/.local/lib/python3.12/site-packages/airflow/example_dags/example_complex.py took 0.095 seconds
[2024-10-15T01:01:45.870+0000] {processor.py:186} INFO - Started process (PID=318) to work on /home/airflow/.local/lib/python3.12/site-packages/airflow/example_dags/example_complex.py
[2024-10-15T01:01:45.871+0000] {processor.py:914} INFO - Processing file /home/airflow/.local/lib/python3.12/site-packages/airflow/example_dags/example_complex.py for tasks to queue
[2024-10-15T01:01:45.873+0000] {logging_mixin.py:190} INFO - [2024-10-15T01:01:45.872+0000] {dagbag.py:588} INFO - Filling up the DagBag from /home/airflow/.local/lib/python3.12/site-packages/airflow/example_dags/example_complex.py
[2024-10-15T01:01:45.926+0000] {processor.py:925} INFO - DAG(s) 'example_complex' retrieved from /home/airflow/.local/lib/python3.12/site-packages/airflow/example_dags/example_complex.py
[2024-10-15T01:01:46.063+0000] {logging_mixin.py:190} INFO - [2024-10-15T01:01:46.062+0000] {dag.py:3239} INFO - Sync 1 DAGs
[2024-10-15T01:01:46.124+0000] {logging_mixin.py:190} INFO - [2024-10-15T01:01:46.124+0000] {dag.py:4180} INFO - Setting next_dagrun for example_complex to None, run_after=None
[2024-10-15T01:01:46.182+0000] {processor.py:208} INFO - Processing /home/airflow/.local/lib/python3.12/site-packages/airflow/example_dags/example_complex.py took 0.332 seconds
[2024-10-15T01:02:16.810+0000] {processor.py:186} INFO - Started process (PID=379) to work on /home/airflow/.local/lib/python3.12/site-packages/airflow/example_dags/example_complex.py
[2024-10-15T01:02:16.812+0000] {processor.py:914} INFO - Processing file /home/airflow/.local/lib/python3.12/site-packages/airflow/example_dags/example_complex.py for tasks to queue
[2024-10-15T01:02:16.814+0000] {logging_mixin.py:190} INFO - [2024-10-15T01:02:16.814+0000] {dagbag.py:588} INFO - Filling up the DagBag from /home/airflow/.local/lib/python3.12/site-packages/airflow/example_dags/example_complex.py
[2024-10-15T01:02:16.828+0000] {processor.py:925} INFO - DAG(s) 'example_complex' retrieved from /home/airflow/.local/lib/python3.12/site-packages/airflow/example_dags/example_complex.py
[2024-10-15T01:02:16.858+0000] {logging_mixin.py:190} INFO - [2024-10-15T01:02:16.858+0000] {dag.py:3239} INFO - Sync 1 DAGs
[2024-10-15T01:02:16.871+0000] {logging_mixin.py:190} INFO - [2024-10-15T01:02:16.871+0000] {dag.py:4180} INFO - Setting next_dagrun for example_complex to None, run_after=None
[2024-10-15T01:02:16.891+0000] {processor.py:208} INFO - Processing /home/airflow/.local/lib/python3.12/site-packages/airflow/example_dags/example_complex.py took 0.087 seconds
[2024-10-15T01:02:46.995+0000] {processor.py:186} INFO - Started process (PID=441) to work on /home/airflow/.local/lib/python3.12/site-packages/airflow/example_dags/example_complex.py
[2024-10-15T01:02:46.995+0000] {processor.py:914} INFO - Processing file /home/airflow/.local/lib/python3.12/site-packages/airflow/example_dags/example_complex.py for tasks to queue
[2024-10-15T01:02:46.998+0000] {logging_mixin.py:190} INFO - [2024-10-15T01:02:46.997+0000] {dagbag.py:588} INFO - Filling up the DagBag from /home/airflow/.local/lib/python3.12/site-packages/airflow/example_dags/example_complex.py
[2024-10-15T01:02:47.010+0000] {processor.py:925} INFO - DAG(s) 'example_complex' retrieved from /home/airflow/.local/lib/python3.12/site-packages/airflow/example_dags/example_complex.py
[2024-10-15T01:02:47.042+0000] {logging_mixin.py:190} INFO - [2024-10-15T01:02:47.042+0000] {dag.py:3239} INFO - Sync 1 DAGs
[2024-10-15T01:02:47.056+0000] {logging_mixin.py:190} INFO - [2024-10-15T01:02:47.055+0000] {dag.py:4180} INFO - Setting next_dagrun for example_complex to None, run_after=None
[2024-10-15T01:02:47.074+0000] {processor.py:208} INFO - Processing /home/airflow/.local/lib/python3.12/site-packages/airflow/example_dags/example_complex.py took 0.085 seconds
[2024-10-15T01:03:17.706+0000] {processor.py:186} INFO - Started process (PID=503) to work on /home/airflow/.local/lib/python3.12/site-packages/airflow/example_dags/example_complex.py
[2024-10-15T01:03:17.709+0000] {processor.py:914} INFO - Processing file /home/airflow/.local/lib/python3.12/site-packages/airflow/example_dags/example_complex.py for tasks to queue
[2024-10-15T01:03:17.711+0000] {logging_mixin.py:190} INFO - [2024-10-15T01:03:17.711+0000] {dagbag.py:588} INFO - Filling up the DagBag from /home/airflow/.local/lib/python3.12/site-packages/airflow/example_dags/example_complex.py
[2024-10-15T01:03:17.723+0000] {processor.py:925} INFO - DAG(s) 'example_complex' retrieved from /home/airflow/.local/lib/python3.12/site-packages/airflow/example_dags/example_complex.py
[2024-10-15T01:03:17.754+0000] {logging_mixin.py:190} INFO - [2024-10-15T01:03:17.752+0000] {dag.py:3239} INFO - Sync 1 DAGs
[2024-10-15T01:03:17.773+0000] {logging_mixin.py:190} INFO - [2024-10-15T01:03:17.773+0000] {dag.py:4180} INFO - Setting next_dagrun for example_complex to None, run_after=None
[2024-10-15T01:03:17.788+0000] {processor.py:208} INFO - Processing /home/airflow/.local/lib/python3.12/site-packages/airflow/example_dags/example_complex.py took 0.089 seconds
[2024-10-15T01:03:48.675+0000] {processor.py:186} INFO - Started process (PID=565) to work on /home/airflow/.local/lib/python3.12/site-packages/airflow/example_dags/example_complex.py
[2024-10-15T01:03:48.675+0000] {processor.py:914} INFO - Processing file /home/airflow/.local/lib/python3.12/site-packages/airflow/example_dags/example_complex.py for tasks to queue
[2024-10-15T01:03:48.678+0000] {logging_mixin.py:190} INFO - [2024-10-15T01:03:48.678+0000] {dagbag.py:588} INFO - Filling up the DagBag from /home/airflow/.local/lib/python3.12/site-packages/airflow/example_dags/example_complex.py
[2024-10-15T01:03:48.690+0000] {processor.py:925} INFO - DAG(s) 'example_complex' retrieved from /home/airflow/.local/lib/python3.12/site-packages/airflow/example_dags/example_complex.py
[2024-10-15T01:03:48.747+0000] {logging_mixin.py:190} INFO - [2024-10-15T01:03:48.746+0000] {dag.py:3239} INFO - Sync 1 DAGs
[2024-10-15T01:03:48.767+0000] {logging_mixin.py:190} INFO - [2024-10-15T01:03:48.767+0000] {dag.py:4180} INFO - Setting next_dagrun for example_complex to None, run_after=None
[2024-10-15T01:03:48.790+0000] {processor.py:208} INFO - Processing /home/airflow/.local/lib/python3.12/site-packages/airflow/example_dags/example_complex.py took 0.122 seconds
[2024-10-15T01:04:18.972+0000] {processor.py:186} INFO - Started process (PID=627) to work on /home/airflow/.local/lib/python3.12/site-packages/airflow/example_dags/example_complex.py
[2024-10-15T01:04:18.974+0000] {processor.py:914} INFO - Processing file /home/airflow/.local/lib/python3.12/site-packages/airflow/example_dags/example_complex.py for tasks to queue
[2024-10-15T01:04:18.976+0000] {logging_mixin.py:190} INFO - [2024-10-15T01:04:18.976+0000] {dagbag.py:588} INFO - Filling up the DagBag from /home/airflow/.local/lib/python3.12/site-packages/airflow/example_dags/example_complex.py
[2024-10-15T01:04:18.988+0000] {processor.py:925} INFO - DAG(s) 'example_complex' retrieved from /home/airflow/.local/lib/python3.12/site-packages/airflow/example_dags/example_complex.py
[2024-10-15T01:04:19.022+0000] {logging_mixin.py:190} INFO - [2024-10-15T01:04:19.022+0000] {dag.py:3239} INFO - Sync 1 DAGs
[2024-10-15T01:04:19.037+0000] {logging_mixin.py:190} INFO - [2024-10-15T01:04:19.037+0000] {dag.py:4180} INFO - Setting next_dagrun for example_complex to None, run_after=None
[2024-10-15T01:04:19.062+0000] {processor.py:208} INFO - Processing /home/airflow/.local/lib/python3.12/site-packages/airflow/example_dags/example_complex.py took 0.096 seconds
[2024-10-15T01:04:49.381+0000] {processor.py:186} INFO - Started process (PID=689) to work on /home/airflow/.local/lib/python3.12/site-packages/airflow/example_dags/example_complex.py
[2024-10-15T01:04:49.382+0000] {processor.py:914} INFO - Processing file /home/airflow/.local/lib/python3.12/site-packages/airflow/example_dags/example_complex.py for tasks to queue
[2024-10-15T01:04:49.383+0000] {logging_mixin.py:190} INFO - [2024-10-15T01:04:49.383+0000] {dagbag.py:588} INFO - Filling up the DagBag from /home/airflow/.local/lib/python3.12/site-packages/airflow/example_dags/example_complex.py
[2024-10-15T01:04:49.395+0000] {processor.py:925} INFO - DAG(s) 'example_complex' retrieved from /home/airflow/.local/lib/python3.12/site-packages/airflow/example_dags/example_complex.py
[2024-10-15T01:04:49.425+0000] {logging_mixin.py:190} INFO - [2024-10-15T01:04:49.425+0000] {dag.py:3239} INFO - Sync 1 DAGs
[2024-10-15T01:04:49.440+0000] {logging_mixin.py:190} INFO - [2024-10-15T01:04:49.439+0000] {dag.py:4180} INFO - Setting next_dagrun for example_complex to None, run_after=None
[2024-10-15T01:04:49.461+0000] {processor.py:208} INFO - Processing /home/airflow/.local/lib/python3.12/site-packages/airflow/example_dags/example_complex.py took 0.086 seconds
[2024-10-15T01:05:20.126+0000] {processor.py:186} INFO - Started process (PID=751) to work on /home/airflow/.local/lib/python3.12/site-packages/airflow/example_dags/example_complex.py
[2024-10-15T01:05:20.128+0000] {processor.py:914} INFO - Processing file /home/airflow/.local/lib/python3.12/site-packages/airflow/example_dags/example_complex.py for tasks to queue
[2024-10-15T01:05:20.131+0000] {logging_mixin.py:190} INFO - [2024-10-15T01:05:20.131+0000] {dagbag.py:588} INFO - Filling up the DagBag from /home/airflow/.local/lib/python3.12/site-packages/airflow/example_dags/example_complex.py
[2024-10-15T01:05:20.143+0000] {processor.py:925} INFO - DAG(s) 'example_complex' retrieved from /home/airflow/.local/lib/python3.12/site-packages/airflow/example_dags/example_complex.py
[2024-10-15T01:05:20.175+0000] {logging_mixin.py:190} INFO - [2024-10-15T01:05:20.175+0000] {dag.py:3239} INFO - Sync 1 DAGs
[2024-10-15T01:05:20.189+0000] {logging_mixin.py:190} INFO - [2024-10-15T01:05:20.189+0000] {dag.py:4180} INFO - Setting next_dagrun for example_complex to None, run_after=None
[2024-10-15T01:05:20.212+0000] {processor.py:208} INFO - Processing /home/airflow/.local/lib/python3.12/site-packages/airflow/example_dags/example_complex.py took 0.092 seconds
[2024-10-15T01:05:50.692+0000] {processor.py:186} INFO - Started process (PID=814) to work on /home/airflow/.local/lib/python3.12/site-packages/airflow/example_dags/example_complex.py
[2024-10-15T01:05:50.692+0000] {processor.py:914} INFO - Processing file /home/airflow/.local/lib/python3.12/site-packages/airflow/example_dags/example_complex.py for tasks to queue
[2024-10-15T01:05:50.695+0000] {logging_mixin.py:190} INFO - [2024-10-15T01:05:50.695+0000] {dagbag.py:588} INFO - Filling up the DagBag from /home/airflow/.local/lib/python3.12/site-packages/airflow/example_dags/example_complex.py
[2024-10-15T01:05:50.706+0000] {processor.py:925} INFO - DAG(s) 'example_complex' retrieved from /home/airflow/.local/lib/python3.12/site-packages/airflow/example_dags/example_complex.py
[2024-10-15T01:05:50.737+0000] {logging_mixin.py:190} INFO - [2024-10-15T01:05:50.737+0000] {dag.py:3239} INFO - Sync 1 DAGs
[2024-10-15T01:05:50.753+0000] {logging_mixin.py:190} INFO - [2024-10-15T01:05:50.752+0000] {dag.py:4180} INFO - Setting next_dagrun for example_complex to None, run_after=None
[2024-10-15T01:05:50.771+0000] {processor.py:208} INFO - Processing /home/airflow/.local/lib/python3.12/site-packages/airflow/example_dags/example_complex.py took 0.087 seconds
[2024-10-15T01:06:21.365+0000] {processor.py:186} INFO - Started process (PID=876) to work on /home/airflow/.local/lib/python3.12/site-packages/airflow/example_dags/example_complex.py
[2024-10-15T01:06:21.378+0000] {processor.py:914} INFO - Processing file /home/airflow/.local/lib/python3.12/site-packages/airflow/example_dags/example_complex.py for tasks to queue
[2024-10-15T01:06:21.380+0000] {logging_mixin.py:190} INFO - [2024-10-15T01:06:21.380+0000] {dagbag.py:588} INFO - Filling up the DagBag from /home/airflow/.local/lib/python3.12/site-packages/airflow/example_dags/example_complex.py
[2024-10-15T01:06:21.412+0000] {processor.py:925} INFO - DAG(s) 'example_complex' retrieved from /home/airflow/.local/lib/python3.12/site-packages/airflow/example_dags/example_complex.py
[2024-10-15T01:06:21.483+0000] {logging_mixin.py:190} INFO - [2024-10-15T01:06:21.482+0000] {dag.py:3239} INFO - Sync 1 DAGs
[2024-10-15T01:06:21.509+0000] {logging_mixin.py:190} INFO - [2024-10-15T01:06:21.509+0000] {dag.py:4180} INFO - Setting next_dagrun for example_complex to None, run_after=None
[2024-10-15T01:06:21.539+0000] {processor.py:208} INFO - Processing /home/airflow/.local/lib/python3.12/site-packages/airflow/example_dags/example_complex.py took 0.182 seconds
[2024-10-15T01:06:52.216+0000] {processor.py:186} INFO - Started process (PID=938) to work on /home/airflow/.local/lib/python3.12/site-packages/airflow/example_dags/example_complex.py
[2024-10-15T01:06:52.216+0000] {processor.py:914} INFO - Processing file /home/airflow/.local/lib/python3.12/site-packages/airflow/example_dags/example_complex.py for tasks to queue
[2024-10-15T01:06:52.218+0000] {logging_mixin.py:190} INFO - [2024-10-15T01:06:52.218+0000] {dagbag.py:588} INFO - Filling up the DagBag from /home/airflow/.local/lib/python3.12/site-packages/airflow/example_dags/example_complex.py
[2024-10-15T01:06:52.250+0000] {processor.py:925} INFO - DAG(s) 'example_complex' retrieved from /home/airflow/.local/lib/python3.12/site-packages/airflow/example_dags/example_complex.py
[2024-10-15T01:06:52.316+0000] {logging_mixin.py:190} INFO - [2024-10-15T01:06:52.316+0000] {dag.py:3239} INFO - Sync 1 DAGs
[2024-10-15T01:06:52.347+0000] {logging_mixin.py:190} INFO - [2024-10-15T01:06:52.347+0000] {dag.py:4180} INFO - Setting next_dagrun for example_complex to None, run_after=None
[2024-10-15T01:06:52.389+0000] {processor.py:208} INFO - Processing /home/airflow/.local/lib/python3.12/site-packages/airflow/example_dags/example_complex.py took 0.187 seconds
[2024-10-15T01:07:23.285+0000] {processor.py:186} INFO - Started process (PID=1001) to work on /home/airflow/.local/lib/python3.12/site-packages/airflow/example_dags/example_complex.py
[2024-10-15T01:07:23.287+0000] {processor.py:914} INFO - Processing file /home/airflow/.local/lib/python3.12/site-packages/airflow/example_dags/example_complex.py for tasks to queue
[2024-10-15T01:07:23.289+0000] {logging_mixin.py:190} INFO - [2024-10-15T01:07:23.289+0000] {dagbag.py:588} INFO - Filling up the DagBag from /home/airflow/.local/lib/python3.12/site-packages/airflow/example_dags/example_complex.py
[2024-10-15T01:07:23.300+0000] {processor.py:925} INFO - DAG(s) 'example_complex' retrieved from /home/airflow/.local/lib/python3.12/site-packages/airflow/example_dags/example_complex.py
[2024-10-15T01:07:23.333+0000] {logging_mixin.py:190} INFO - [2024-10-15T01:07:23.333+0000] {dag.py:3239} INFO - Sync 1 DAGs
[2024-10-15T01:07:23.347+0000] {logging_mixin.py:190} INFO - [2024-10-15T01:07:23.347+0000] {dag.py:4180} INFO - Setting next_dagrun for example_complex to None, run_after=None
[2024-10-15T01:07:23.367+0000] {processor.py:208} INFO - Processing /home/airflow/.local/lib/python3.12/site-packages/airflow/example_dags/example_complex.py took 0.087 seconds
[2024-10-15T01:07:53.593+0000] {processor.py:186} INFO - Started process (PID=1063) to work on /home/airflow/.local/lib/python3.12/site-packages/airflow/example_dags/example_complex.py
[2024-10-15T01:07:53.593+0000] {processor.py:914} INFO - Processing file /home/airflow/.local/lib/python3.12/site-packages/airflow/example_dags/example_complex.py for tasks to queue
[2024-10-15T01:07:53.595+0000] {logging_mixin.py:190} INFO - [2024-10-15T01:07:53.595+0000] {dagbag.py:588} INFO - Filling up the DagBag from /home/airflow/.local/lib/python3.12/site-packages/airflow/example_dags/example_complex.py
[2024-10-15T01:07:53.609+0000] {processor.py:925} INFO - DAG(s) 'example_complex' retrieved from /home/airflow/.local/lib/python3.12/site-packages/airflow/example_dags/example_complex.py
[2024-10-15T01:07:53.644+0000] {logging_mixin.py:190} INFO - [2024-10-15T01:07:53.643+0000] {dag.py:3239} INFO - Sync 1 DAGs
[2024-10-15T01:07:53.657+0000] {logging_mixin.py:190} INFO - [2024-10-15T01:07:53.657+0000] {dag.py:4180} INFO - Setting next_dagrun for example_complex to None, run_after=None
[2024-10-15T01:07:53.678+0000] {processor.py:208} INFO - Processing /home/airflow/.local/lib/python3.12/site-packages/airflow/example_dags/example_complex.py took 0.091 seconds
[2024-10-15T01:08:23.855+0000] {processor.py:186} INFO - Started process (PID=1125) to work on /home/airflow/.local/lib/python3.12/site-packages/airflow/example_dags/example_complex.py
[2024-10-15T01:08:23.857+0000] {processor.py:914} INFO - Processing file /home/airflow/.local/lib/python3.12/site-packages/airflow/example_dags/example_complex.py for tasks to queue
[2024-10-15T01:08:23.859+0000] {logging_mixin.py:190} INFO - [2024-10-15T01:08:23.858+0000] {dagbag.py:588} INFO - Filling up the DagBag from /home/airflow/.local/lib/python3.12/site-packages/airflow/example_dags/example_complex.py
[2024-10-15T01:08:23.871+0000] {processor.py:925} INFO - DAG(s) 'example_complex' retrieved from /home/airflow/.local/lib/python3.12/site-packages/airflow/example_dags/example_complex.py
[2024-10-15T01:08:23.908+0000] {logging_mixin.py:190} INFO - [2024-10-15T01:08:23.908+0000] {dag.py:3239} INFO - Sync 1 DAGs
[2024-10-15T01:08:23.926+0000] {logging_mixin.py:190} INFO - [2024-10-15T01:08:23.926+0000] {dag.py:4180} INFO - Setting next_dagrun for example_complex to None, run_after=None
[2024-10-15T01:08:23.945+0000] {processor.py:208} INFO - Processing /home/airflow/.local/lib/python3.12/site-packages/airflow/example_dags/example_complex.py took 0.096 seconds
[2024-10-15T01:08:54.029+0000] {processor.py:186} INFO - Started process (PID=1187) to work on /home/airflow/.local/lib/python3.12/site-packages/airflow/example_dags/example_complex.py
[2024-10-15T01:08:54.031+0000] {processor.py:914} INFO - Processing file /home/airflow/.local/lib/python3.12/site-packages/airflow/example_dags/example_complex.py for tasks to queue
[2024-10-15T01:08:54.033+0000] {logging_mixin.py:190} INFO - [2024-10-15T01:08:54.033+0000] {dagbag.py:588} INFO - Filling up the DagBag from /home/airflow/.local/lib/python3.12/site-packages/airflow/example_dags/example_complex.py
[2024-10-15T01:08:54.054+0000] {processor.py:925} INFO - DAG(s) 'example_complex' retrieved from /home/airflow/.local/lib/python3.12/site-packages/airflow/example_dags/example_complex.py
[2024-10-15T01:08:54.116+0000] {logging_mixin.py:190} INFO - [2024-10-15T01:08:54.116+0000] {dag.py:3239} INFO - Sync 1 DAGs
[2024-10-15T01:08:54.127+0000] {logging_mixin.py:190} INFO - [2024-10-15T01:08:54.127+0000] {dag.py:4180} INFO - Setting next_dagrun for example_complex to None, run_after=None
[2024-10-15T01:08:54.150+0000] {processor.py:208} INFO - Processing /home/airflow/.local/lib/python3.12/site-packages/airflow/example_dags/example_complex.py took 0.125 seconds
[2024-10-15T01:09:24.451+0000] {processor.py:186} INFO - Started process (PID=1249) to work on /home/airflow/.local/lib/python3.12/site-packages/airflow/example_dags/example_complex.py
[2024-10-15T01:09:24.453+0000] {processor.py:914} INFO - Processing file /home/airflow/.local/lib/python3.12/site-packages/airflow/example_dags/example_complex.py for tasks to queue
[2024-10-15T01:09:24.455+0000] {logging_mixin.py:190} INFO - [2024-10-15T01:09:24.455+0000] {dagbag.py:588} INFO - Filling up the DagBag from /home/airflow/.local/lib/python3.12/site-packages/airflow/example_dags/example_complex.py
[2024-10-15T01:09:24.467+0000] {processor.py:925} INFO - DAG(s) 'example_complex' retrieved from /home/airflow/.local/lib/python3.12/site-packages/airflow/example_dags/example_complex.py
[2024-10-15T01:09:24.500+0000] {logging_mixin.py:190} INFO - [2024-10-15T01:09:24.500+0000] {dag.py:3239} INFO - Sync 1 DAGs
[2024-10-15T01:09:24.516+0000] {logging_mixin.py:190} INFO - [2024-10-15T01:09:24.515+0000] {dag.py:4180} INFO - Setting next_dagrun for example_complex to None, run_after=None
[2024-10-15T01:09:24.539+0000] {processor.py:208} INFO - Processing /home/airflow/.local/lib/python3.12/site-packages/airflow/example_dags/example_complex.py took 0.093 seconds
[2024-10-15T01:09:55.107+0000] {processor.py:186} INFO - Started process (PID=1313) to work on /home/airflow/.local/lib/python3.12/site-packages/airflow/example_dags/example_complex.py
[2024-10-15T01:09:55.108+0000] {processor.py:914} INFO - Processing file /home/airflow/.local/lib/python3.12/site-packages/airflow/example_dags/example_complex.py for tasks to queue
[2024-10-15T01:09:55.110+0000] {logging_mixin.py:190} INFO - [2024-10-15T01:09:55.109+0000] {dagbag.py:588} INFO - Filling up the DagBag from /home/airflow/.local/lib/python3.12/site-packages/airflow/example_dags/example_complex.py
[2024-10-15T01:09:55.123+0000] {processor.py:925} INFO - DAG(s) 'example_complex' retrieved from /home/airflow/.local/lib/python3.12/site-packages/airflow/example_dags/example_complex.py
[2024-10-15T01:09:55.153+0000] {logging_mixin.py:190} INFO - [2024-10-15T01:09:55.152+0000] {dag.py:3239} INFO - Sync 1 DAGs
[2024-10-15T01:09:55.167+0000] {logging_mixin.py:190} INFO - [2024-10-15T01:09:55.167+0000] {dag.py:4180} INFO - Setting next_dagrun for example_complex to None, run_after=None
[2024-10-15T01:09:55.186+0000] {processor.py:208} INFO - Processing /home/airflow/.local/lib/python3.12/site-packages/airflow/example_dags/example_complex.py took 0.084 seconds
[2024-10-15T01:10:26.114+0000] {processor.py:186} INFO - Started process (PID=1375) to work on /home/airflow/.local/lib/python3.12/site-packages/airflow/example_dags/example_complex.py
[2024-10-15T01:10:26.118+0000] {processor.py:914} INFO - Processing file /home/airflow/.local/lib/python3.12/site-packages/airflow/example_dags/example_complex.py for tasks to queue
[2024-10-15T01:10:26.119+0000] {logging_mixin.py:190} INFO - [2024-10-15T01:10:26.118+0000] {dagbag.py:588} INFO - Filling up the DagBag from /home/airflow/.local/lib/python3.12/site-packages/airflow/example_dags/example_complex.py
[2024-10-15T01:10:26.131+0000] {processor.py:925} INFO - DAG(s) 'example_complex' retrieved from /home/airflow/.local/lib/python3.12/site-packages/airflow/example_dags/example_complex.py
[2024-10-15T01:10:26.168+0000] {logging_mixin.py:190} INFO - [2024-10-15T01:10:26.168+0000] {dag.py:3239} INFO - Sync 1 DAGs
[2024-10-15T01:10:26.192+0000] {logging_mixin.py:190} INFO - [2024-10-15T01:10:26.192+0000] {dag.py:4180} INFO - Setting next_dagrun for example_complex to None, run_after=None
[2024-10-15T01:10:26.214+0000] {processor.py:208} INFO - Processing /home/airflow/.local/lib/python3.12/site-packages/airflow/example_dags/example_complex.py took 0.108 seconds
[2024-10-15T01:10:56.442+0000] {processor.py:186} INFO - Started process (PID=1438) to work on /home/airflow/.local/lib/python3.12/site-packages/airflow/example_dags/example_complex.py
[2024-10-15T01:10:56.444+0000] {processor.py:914} INFO - Processing file /home/airflow/.local/lib/python3.12/site-packages/airflow/example_dags/example_complex.py for tasks to queue
[2024-10-15T01:10:56.446+0000] {logging_mixin.py:190} INFO - [2024-10-15T01:10:56.444+0000] {dagbag.py:588} INFO - Filling up the DagBag from /home/airflow/.local/lib/python3.12/site-packages/airflow/example_dags/example_complex.py
[2024-10-15T01:10:56.486+0000] {processor.py:925} INFO - DAG(s) 'example_complex' retrieved from /home/airflow/.local/lib/python3.12/site-packages/airflow/example_dags/example_complex.py
[2024-10-15T01:10:56.532+0000] {logging_mixin.py:190} INFO - [2024-10-15T01:10:56.531+0000] {dag.py:3239} INFO - Sync 1 DAGs
[2024-10-15T01:10:56.550+0000] {logging_mixin.py:190} INFO - [2024-10-15T01:10:56.550+0000] {dag.py:4180} INFO - Setting next_dagrun for example_complex to None, run_after=None
[2024-10-15T01:10:56.566+0000] {processor.py:208} INFO - Processing /home/airflow/.local/lib/python3.12/site-packages/airflow/example_dags/example_complex.py took 0.130 seconds
[2024-10-15T01:11:26.742+0000] {processor.py:186} INFO - Started process (PID=1501) to work on /home/airflow/.local/lib/python3.12/site-packages/airflow/example_dags/example_complex.py
[2024-10-15T01:11:26.743+0000] {processor.py:914} INFO - Processing file /home/airflow/.local/lib/python3.12/site-packages/airflow/example_dags/example_complex.py for tasks to queue
[2024-10-15T01:11:26.744+0000] {logging_mixin.py:190} INFO - [2024-10-15T01:11:26.744+0000] {dagbag.py:588} INFO - Filling up the DagBag from /home/airflow/.local/lib/python3.12/site-packages/airflow/example_dags/example_complex.py
[2024-10-15T01:11:26.787+0000] {processor.py:925} INFO - DAG(s) 'example_complex' retrieved from /home/airflow/.local/lib/python3.12/site-packages/airflow/example_dags/example_complex.py
[2024-10-15T01:11:26.847+0000] {logging_mixin.py:190} INFO - [2024-10-15T01:11:26.846+0000] {dag.py:3239} INFO - Sync 1 DAGs
[2024-10-15T01:11:26.879+0000] {logging_mixin.py:190} INFO - [2024-10-15T01:11:26.879+0000] {dag.py:4180} INFO - Setting next_dagrun for example_complex to None, run_after=None
[2024-10-15T01:11:26.907+0000] {processor.py:208} INFO - Processing /home/airflow/.local/lib/python3.12/site-packages/airflow/example_dags/example_complex.py took 0.181 seconds
[2024-10-15T01:11:57.603+0000] {processor.py:186} INFO - Started process (PID=1564) to work on /home/airflow/.local/lib/python3.12/site-packages/airflow/example_dags/example_complex.py
[2024-10-15T01:11:57.605+0000] {processor.py:914} INFO - Processing file /home/airflow/.local/lib/python3.12/site-packages/airflow/example_dags/example_complex.py for tasks to queue
[2024-10-15T01:11:57.607+0000] {logging_mixin.py:190} INFO - [2024-10-15T01:11:57.607+0000] {dagbag.py:588} INFO - Filling up the DagBag from /home/airflow/.local/lib/python3.12/site-packages/airflow/example_dags/example_complex.py
[2024-10-15T01:11:57.619+0000] {processor.py:925} INFO - DAG(s) 'example_complex' retrieved from /home/airflow/.local/lib/python3.12/site-packages/airflow/example_dags/example_complex.py
[2024-10-15T01:11:57.649+0000] {logging_mixin.py:190} INFO - [2024-10-15T01:11:57.648+0000] {dag.py:3239} INFO - Sync 1 DAGs
[2024-10-15T01:11:57.664+0000] {logging_mixin.py:190} INFO - [2024-10-15T01:11:57.663+0000] {dag.py:4180} INFO - Setting next_dagrun for example_complex to None, run_after=None
[2024-10-15T01:11:57.692+0000] {processor.py:208} INFO - Processing /home/airflow/.local/lib/python3.12/site-packages/airflow/example_dags/example_complex.py took 0.096 seconds
[2024-10-15T01:12:28.142+0000] {processor.py:186} INFO - Started process (PID=1628) to work on /home/airflow/.local/lib/python3.12/site-packages/airflow/example_dags/example_complex.py
[2024-10-15T01:12:28.142+0000] {processor.py:914} INFO - Processing file /home/airflow/.local/lib/python3.12/site-packages/airflow/example_dags/example_complex.py for tasks to queue
[2024-10-15T01:12:28.143+0000] {logging_mixin.py:190} INFO - [2024-10-15T01:12:28.143+0000] {dagbag.py:588} INFO - Filling up the DagBag from /home/airflow/.local/lib/python3.12/site-packages/airflow/example_dags/example_complex.py
[2024-10-15T01:12:28.183+0000] {processor.py:925} INFO - DAG(s) 'example_complex' retrieved from /home/airflow/.local/lib/python3.12/site-packages/airflow/example_dags/example_complex.py
[2024-10-15T01:12:28.239+0000] {logging_mixin.py:190} INFO - [2024-10-15T01:12:28.239+0000] {dag.py:3239} INFO - Sync 1 DAGs
[2024-10-15T01:12:28.285+0000] {logging_mixin.py:190} INFO - [2024-10-15T01:12:28.285+0000] {dag.py:4180} INFO - Setting next_dagrun for example_complex to None, run_after=None
[2024-10-15T01:12:28.341+0000] {processor.py:208} INFO - Processing /home/airflow/.local/lib/python3.12/site-packages/airflow/example_dags/example_complex.py took 0.219 seconds
[2024-10-15T01:12:58.581+0000] {processor.py:186} INFO - Started process (PID=1693) to work on /home/airflow/.local/lib/python3.12/site-packages/airflow/example_dags/example_complex.py
[2024-10-15T01:12:58.584+0000] {processor.py:914} INFO - Processing file /home/airflow/.local/lib/python3.12/site-packages/airflow/example_dags/example_complex.py for tasks to queue
[2024-10-15T01:12:58.585+0000] {logging_mixin.py:190} INFO - [2024-10-15T01:12:58.584+0000] {dagbag.py:588} INFO - Filling up the DagBag from /home/airflow/.local/lib/python3.12/site-packages/airflow/example_dags/example_complex.py
[2024-10-15T01:12:58.596+0000] {processor.py:925} INFO - DAG(s) 'example_complex' retrieved from /home/airflow/.local/lib/python3.12/site-packages/airflow/example_dags/example_complex.py
[2024-10-15T01:12:58.635+0000] {logging_mixin.py:190} INFO - [2024-10-15T01:12:58.634+0000] {dag.py:3239} INFO - Sync 1 DAGs
[2024-10-15T01:12:58.654+0000] {logging_mixin.py:190} INFO - [2024-10-15T01:12:58.654+0000] {dag.py:4180} INFO - Setting next_dagrun for example_complex to None, run_after=None
[2024-10-15T01:12:58.679+0000] {processor.py:208} INFO - Processing /home/airflow/.local/lib/python3.12/site-packages/airflow/example_dags/example_complex.py took 0.105 seconds
[2024-10-15T01:13:28.791+0000] {processor.py:186} INFO - Started process (PID=1756) to work on /home/airflow/.local/lib/python3.12/site-packages/airflow/example_dags/example_complex.py
[2024-10-15T01:13:28.793+0000] {processor.py:914} INFO - Processing file /home/airflow/.local/lib/python3.12/site-packages/airflow/example_dags/example_complex.py for tasks to queue
[2024-10-15T01:13:28.794+0000] {logging_mixin.py:190} INFO - [2024-10-15T01:13:28.794+0000] {dagbag.py:588} INFO - Filling up the DagBag from /home/airflow/.local/lib/python3.12/site-packages/airflow/example_dags/example_complex.py
[2024-10-15T01:13:28.810+0000] {processor.py:925} INFO - DAG(s) 'example_complex' retrieved from /home/airflow/.local/lib/python3.12/site-packages/airflow/example_dags/example_complex.py
[2024-10-15T01:13:28.840+0000] {logging_mixin.py:190} INFO - [2024-10-15T01:13:28.840+0000] {dag.py:3239} INFO - Sync 1 DAGs
[2024-10-15T01:13:28.856+0000] {logging_mixin.py:190} INFO - [2024-10-15T01:13:28.856+0000] {dag.py:4180} INFO - Setting next_dagrun for example_complex to None, run_after=None
[2024-10-15T01:13:28.876+0000] {processor.py:208} INFO - Processing /home/airflow/.local/lib/python3.12/site-packages/airflow/example_dags/example_complex.py took 0.089 seconds
[2024-10-15T01:13:59.263+0000] {processor.py:186} INFO - Started process (PID=1819) to work on /home/airflow/.local/lib/python3.12/site-packages/airflow/example_dags/example_complex.py
[2024-10-15T01:13:59.264+0000] {processor.py:914} INFO - Processing file /home/airflow/.local/lib/python3.12/site-packages/airflow/example_dags/example_complex.py for tasks to queue
[2024-10-15T01:13:59.267+0000] {logging_mixin.py:190} INFO - [2024-10-15T01:13:59.266+0000] {dagbag.py:588} INFO - Filling up the DagBag from /home/airflow/.local/lib/python3.12/site-packages/airflow/example_dags/example_complex.py
[2024-10-15T01:13:59.292+0000] {processor.py:925} INFO - DAG(s) 'example_complex' retrieved from /home/airflow/.local/lib/python3.12/site-packages/airflow/example_dags/example_complex.py
[2024-10-15T01:13:59.335+0000] {logging_mixin.py:190} INFO - [2024-10-15T01:13:59.329+0000] {dag.py:3239} INFO - Sync 1 DAGs
[2024-10-15T01:13:59.356+0000] {logging_mixin.py:190} INFO - [2024-10-15T01:13:59.355+0000] {dag.py:4180} INFO - Setting next_dagrun for example_complex to None, run_after=None
[2024-10-15T01:13:59.383+0000] {processor.py:208} INFO - Processing /home/airflow/.local/lib/python3.12/site-packages/airflow/example_dags/example_complex.py took 0.129 seconds
[2024-10-15T01:14:30.048+0000] {processor.py:186} INFO - Started process (PID=1882) to work on /home/airflow/.local/lib/python3.12/site-packages/airflow/example_dags/example_complex.py
[2024-10-15T01:14:30.051+0000] {processor.py:914} INFO - Processing file /home/airflow/.local/lib/python3.12/site-packages/airflow/example_dags/example_complex.py for tasks to queue
[2024-10-15T01:14:30.052+0000] {logging_mixin.py:190} INFO - [2024-10-15T01:14:30.052+0000] {dagbag.py:588} INFO - Filling up the DagBag from /home/airflow/.local/lib/python3.12/site-packages/airflow/example_dags/example_complex.py
[2024-10-15T01:14:30.073+0000] {processor.py:925} INFO - DAG(s) 'example_complex' retrieved from /home/airflow/.local/lib/python3.12/site-packages/airflow/example_dags/example_complex.py
[2024-10-15T01:14:30.104+0000] {logging_mixin.py:190} INFO - [2024-10-15T01:14:30.104+0000] {dag.py:3239} INFO - Sync 1 DAGs
[2024-10-15T01:14:30.119+0000] {logging_mixin.py:190} INFO - [2024-10-15T01:14:30.118+0000] {dag.py:4180} INFO - Setting next_dagrun for example_complex to None, run_after=None
[2024-10-15T01:14:30.136+0000] {processor.py:208} INFO - Processing /home/airflow/.local/lib/python3.12/site-packages/airflow/example_dags/example_complex.py took 0.096 seconds
[2024-10-15T01:15:00.179+0000] {processor.py:186} INFO - Started process (PID=1944) to work on /home/airflow/.local/lib/python3.12/site-packages/airflow/example_dags/example_complex.py
[2024-10-15T01:15:00.180+0000] {processor.py:914} INFO - Processing file /home/airflow/.local/lib/python3.12/site-packages/airflow/example_dags/example_complex.py for tasks to queue
[2024-10-15T01:15:00.181+0000] {logging_mixin.py:190} INFO - [2024-10-15T01:15:00.181+0000] {dagbag.py:588} INFO - Filling up the DagBag from /home/airflow/.local/lib/python3.12/site-packages/airflow/example_dags/example_complex.py
[2024-10-15T01:15:00.194+0000] {processor.py:925} INFO - DAG(s) 'example_complex' retrieved from /home/airflow/.local/lib/python3.12/site-packages/airflow/example_dags/example_complex.py
[2024-10-15T01:15:00.226+0000] {logging_mixin.py:190} INFO - [2024-10-15T01:15:00.225+0000] {dag.py:3239} INFO - Sync 1 DAGs
[2024-10-15T01:15:00.244+0000] {logging_mixin.py:190} INFO - [2024-10-15T01:15:00.244+0000] {dag.py:4180} INFO - Setting next_dagrun for example_complex to None, run_after=None
[2024-10-15T01:15:00.265+0000] {processor.py:208} INFO - Processing /home/airflow/.local/lib/python3.12/site-packages/airflow/example_dags/example_complex.py took 0.092 seconds
[2024-10-15T01:15:30.857+0000] {processor.py:186} INFO - Started process (PID=2007) to work on /home/airflow/.local/lib/python3.12/site-packages/airflow/example_dags/example_complex.py
[2024-10-15T01:15:30.859+0000] {processor.py:914} INFO - Processing file /home/airflow/.local/lib/python3.12/site-packages/airflow/example_dags/example_complex.py for tasks to queue
[2024-10-15T01:15:30.860+0000] {logging_mixin.py:190} INFO - [2024-10-15T01:15:30.860+0000] {dagbag.py:588} INFO - Filling up the DagBag from /home/airflow/.local/lib/python3.12/site-packages/airflow/example_dags/example_complex.py
[2024-10-15T01:15:30.873+0000] {processor.py:925} INFO - DAG(s) 'example_complex' retrieved from /home/airflow/.local/lib/python3.12/site-packages/airflow/example_dags/example_complex.py
[2024-10-15T01:15:30.907+0000] {logging_mixin.py:190} INFO - [2024-10-15T01:15:30.905+0000] {dag.py:3239} INFO - Sync 1 DAGs
[2024-10-15T01:15:30.922+0000] {logging_mixin.py:190} INFO - [2024-10-15T01:15:30.921+0000] {dag.py:4180} INFO - Setting next_dagrun for example_complex to None, run_after=None
[2024-10-15T01:15:30.944+0000] {processor.py:208} INFO - Processing /home/airflow/.local/lib/python3.12/site-packages/airflow/example_dags/example_complex.py took 0.093 seconds
[2024-10-15T01:16:01.228+0000] {processor.py:186} INFO - Started process (PID=2069) to work on /home/airflow/.local/lib/python3.12/site-packages/airflow/example_dags/example_complex.py
[2024-10-15T01:16:01.228+0000] {processor.py:914} INFO - Processing file /home/airflow/.local/lib/python3.12/site-packages/airflow/example_dags/example_complex.py for tasks to queue
[2024-10-15T01:16:01.230+0000] {logging_mixin.py:190} INFO - [2024-10-15T01:16:01.230+0000] {dagbag.py:588} INFO - Filling up the DagBag from /home/airflow/.local/lib/python3.12/site-packages/airflow/example_dags/example_complex.py
[2024-10-15T01:16:01.242+0000] {processor.py:925} INFO - DAG(s) 'example_complex' retrieved from /home/airflow/.local/lib/python3.12/site-packages/airflow/example_dags/example_complex.py
[2024-10-15T01:16:01.272+0000] {logging_mixin.py:190} INFO - [2024-10-15T01:16:01.272+0000] {dag.py:3239} INFO - Sync 1 DAGs
[2024-10-15T01:16:01.288+0000] {logging_mixin.py:190} INFO - [2024-10-15T01:16:01.288+0000] {dag.py:4180} INFO - Setting next_dagrun for example_complex to None, run_after=None
[2024-10-15T01:16:01.305+0000] {processor.py:208} INFO - Processing /home/airflow/.local/lib/python3.12/site-packages/airflow/example_dags/example_complex.py took 0.083 seconds
[2024-10-15T01:16:32.187+0000] {processor.py:186} INFO - Started process (PID=2132) to work on /home/airflow/.local/lib/python3.12/site-packages/airflow/example_dags/example_complex.py
[2024-10-15T01:16:32.189+0000] {processor.py:914} INFO - Processing file /home/airflow/.local/lib/python3.12/site-packages/airflow/example_dags/example_complex.py for tasks to queue
[2024-10-15T01:16:32.191+0000] {logging_mixin.py:190} INFO - [2024-10-15T01:16:32.191+0000] {dagbag.py:588} INFO - Filling up the DagBag from /home/airflow/.local/lib/python3.12/site-packages/airflow/example_dags/example_complex.py
[2024-10-15T01:16:32.219+0000] {processor.py:925} INFO - DAG(s) 'example_complex' retrieved from /home/airflow/.local/lib/python3.12/site-packages/airflow/example_dags/example_complex.py
[2024-10-15T01:16:32.319+0000] {logging_mixin.py:190} INFO - [2024-10-15T01:16:32.319+0000] {dag.py:3239} INFO - Sync 1 DAGs
[2024-10-15T01:16:32.354+0000] {logging_mixin.py:190} INFO - [2024-10-15T01:16:32.354+0000] {dag.py:4180} INFO - Setting next_dagrun for example_complex to None, run_after=None
[2024-10-15T01:16:32.387+0000] {processor.py:208} INFO - Processing /home/airflow/.local/lib/python3.12/site-packages/airflow/example_dags/example_complex.py took 0.218 seconds
[2024-10-15T01:17:02.569+0000] {processor.py:186} INFO - Started process (PID=2195) to work on /home/airflow/.local/lib/python3.12/site-packages/airflow/example_dags/example_complex.py
[2024-10-15T01:17:02.570+0000] {processor.py:914} INFO - Processing file /home/airflow/.local/lib/python3.12/site-packages/airflow/example_dags/example_complex.py for tasks to queue
[2024-10-15T01:17:02.571+0000] {logging_mixin.py:190} INFO - [2024-10-15T01:17:02.571+0000] {dagbag.py:588} INFO - Filling up the DagBag from /home/airflow/.local/lib/python3.12/site-packages/airflow/example_dags/example_complex.py
[2024-10-15T01:17:02.583+0000] {processor.py:925} INFO - DAG(s) 'example_complex' retrieved from /home/airflow/.local/lib/python3.12/site-packages/airflow/example_dags/example_complex.py
[2024-10-15T01:17:02.615+0000] {logging_mixin.py:190} INFO - [2024-10-15T01:17:02.615+0000] {dag.py:3239} INFO - Sync 1 DAGs
[2024-10-15T01:17:02.631+0000] {logging_mixin.py:190} INFO - [2024-10-15T01:17:02.630+0000] {dag.py:4180} INFO - Setting next_dagrun for example_complex to None, run_after=None
[2024-10-15T01:17:02.652+0000] {processor.py:208} INFO - Processing /home/airflow/.local/lib/python3.12/site-packages/airflow/example_dags/example_complex.py took 0.089 seconds
[2024-10-15T01:17:33.268+0000] {processor.py:186} INFO - Started process (PID=2258) to work on /home/airflow/.local/lib/python3.12/site-packages/airflow/example_dags/example_complex.py
[2024-10-15T01:17:33.278+0000] {processor.py:914} INFO - Processing file /home/airflow/.local/lib/python3.12/site-packages/airflow/example_dags/example_complex.py for tasks to queue
[2024-10-15T01:17:33.279+0000] {logging_mixin.py:190} INFO - [2024-10-15T01:17:33.279+0000] {dagbag.py:588} INFO - Filling up the DagBag from /home/airflow/.local/lib/python3.12/site-packages/airflow/example_dags/example_complex.py
[2024-10-15T01:17:33.311+0000] {processor.py:925} INFO - DAG(s) 'example_complex' retrieved from /home/airflow/.local/lib/python3.12/site-packages/airflow/example_dags/example_complex.py
[2024-10-15T01:17:33.352+0000] {logging_mixin.py:190} INFO - [2024-10-15T01:17:33.352+0000] {dag.py:3239} INFO - Sync 1 DAGs
[2024-10-15T01:17:33.390+0000] {logging_mixin.py:190} INFO - [2024-10-15T01:17:33.390+0000] {dag.py:4180} INFO - Setting next_dagrun for example_complex to None, run_after=None
[2024-10-15T01:17:33.423+0000] {processor.py:208} INFO - Processing /home/airflow/.local/lib/python3.12/site-packages/airflow/example_dags/example_complex.py took 0.171 seconds
[2024-10-15T01:18:04.341+0000] {processor.py:186} INFO - Started process (PID=2322) to work on /home/airflow/.local/lib/python3.12/site-packages/airflow/example_dags/example_complex.py
[2024-10-15T01:18:04.342+0000] {processor.py:914} INFO - Processing file /home/airflow/.local/lib/python3.12/site-packages/airflow/example_dags/example_complex.py for tasks to queue
[2024-10-15T01:18:04.343+0000] {logging_mixin.py:190} INFO - [2024-10-15T01:18:04.343+0000] {dagbag.py:588} INFO - Filling up the DagBag from /home/airflow/.local/lib/python3.12/site-packages/airflow/example_dags/example_complex.py
[2024-10-15T01:18:04.360+0000] {processor.py:925} INFO - DAG(s) 'example_complex' retrieved from /home/airflow/.local/lib/python3.12/site-packages/airflow/example_dags/example_complex.py
[2024-10-15T01:18:04.392+0000] {logging_mixin.py:190} INFO - [2024-10-15T01:18:04.392+0000] {dag.py:3239} INFO - Sync 1 DAGs
[2024-10-15T01:18:04.410+0000] {logging_mixin.py:190} INFO - [2024-10-15T01:18:04.410+0000] {dag.py:4180} INFO - Setting next_dagrun for example_complex to None, run_after=None
[2024-10-15T01:18:04.434+0000] {processor.py:208} INFO - Processing /home/airflow/.local/lib/python3.12/site-packages/airflow/example_dags/example_complex.py took 0.099 seconds
[2024-10-15T01:18:34.698+0000] {processor.py:186} INFO - Started process (PID=2385) to work on /home/airflow/.local/lib/python3.12/site-packages/airflow/example_dags/example_complex.py
[2024-10-15T01:18:34.700+0000] {processor.py:914} INFO - Processing file /home/airflow/.local/lib/python3.12/site-packages/airflow/example_dags/example_complex.py for tasks to queue
[2024-10-15T01:18:34.701+0000] {logging_mixin.py:190} INFO - [2024-10-15T01:18:34.701+0000] {dagbag.py:588} INFO - Filling up the DagBag from /home/airflow/.local/lib/python3.12/site-packages/airflow/example_dags/example_complex.py
[2024-10-15T01:18:34.712+0000] {processor.py:925} INFO - DAG(s) 'example_complex' retrieved from /home/airflow/.local/lib/python3.12/site-packages/airflow/example_dags/example_complex.py
[2024-10-15T01:18:34.746+0000] {logging_mixin.py:190} INFO - [2024-10-15T01:18:34.745+0000] {dag.py:3239} INFO - Sync 1 DAGs
[2024-10-15T01:18:34.760+0000] {logging_mixin.py:190} INFO - [2024-10-15T01:18:34.759+0000] {dag.py:4180} INFO - Setting next_dagrun for example_complex to None, run_after=None
[2024-10-15T01:18:34.780+0000] {processor.py:208} INFO - Processing /home/airflow/.local/lib/python3.12/site-packages/airflow/example_dags/example_complex.py took 0.088 seconds
[2024-10-15T01:19:05.117+0000] {processor.py:186} INFO - Started process (PID=2448) to work on /home/airflow/.local/lib/python3.12/site-packages/airflow/example_dags/example_complex.py
[2024-10-15T01:19:05.121+0000] {processor.py:914} INFO - Processing file /home/airflow/.local/lib/python3.12/site-packages/airflow/example_dags/example_complex.py for tasks to queue
[2024-10-15T01:19:05.122+0000] {logging_mixin.py:190} INFO - [2024-10-15T01:19:05.122+0000] {dagbag.py:588} INFO - Filling up the DagBag from /home/airflow/.local/lib/python3.12/site-packages/airflow/example_dags/example_complex.py
[2024-10-15T01:19:05.134+0000] {processor.py:925} INFO - DAG(s) 'example_complex' retrieved from /home/airflow/.local/lib/python3.12/site-packages/airflow/example_dags/example_complex.py
[2024-10-15T01:19:05.164+0000] {logging_mixin.py:190} INFO - [2024-10-15T01:19:05.163+0000] {dag.py:3239} INFO - Sync 1 DAGs
[2024-10-15T01:19:05.179+0000] {logging_mixin.py:190} INFO - [2024-10-15T01:19:05.179+0000] {dag.py:4180} INFO - Setting next_dagrun for example_complex to None, run_after=None
[2024-10-15T01:19:05.202+0000] {processor.py:208} INFO - Processing /home/airflow/.local/lib/python3.12/site-packages/airflow/example_dags/example_complex.py took 0.094 seconds
[2024-10-15T01:19:35.487+0000] {processor.py:186} INFO - Started process (PID=2511) to work on /home/airflow/.local/lib/python3.12/site-packages/airflow/example_dags/example_complex.py
[2024-10-15T01:19:35.488+0000] {processor.py:914} INFO - Processing file /home/airflow/.local/lib/python3.12/site-packages/airflow/example_dags/example_complex.py for tasks to queue
[2024-10-15T01:19:35.490+0000] {logging_mixin.py:190} INFO - [2024-10-15T01:19:35.489+0000] {dagbag.py:588} INFO - Filling up the DagBag from /home/airflow/.local/lib/python3.12/site-packages/airflow/example_dags/example_complex.py
[2024-10-15T01:19:35.503+0000] {processor.py:925} INFO - DAG(s) 'example_complex' retrieved from /home/airflow/.local/lib/python3.12/site-packages/airflow/example_dags/example_complex.py
[2024-10-15T01:19:35.543+0000] {logging_mixin.py:190} INFO - [2024-10-15T01:19:35.543+0000] {dag.py:3239} INFO - Sync 1 DAGs
[2024-10-15T01:19:35.559+0000] {logging_mixin.py:190} INFO - [2024-10-15T01:19:35.559+0000] {dag.py:4180} INFO - Setting next_dagrun for example_complex to None, run_after=None
[2024-10-15T01:19:35.577+0000] {processor.py:208} INFO - Processing /home/airflow/.local/lib/python3.12/site-packages/airflow/example_dags/example_complex.py took 0.101 seconds
[2024-10-15T01:20:06.096+0000] {processor.py:186} INFO - Started process (PID=2574) to work on /home/airflow/.local/lib/python3.12/site-packages/airflow/example_dags/example_complex.py
[2024-10-15T01:20:06.100+0000] {processor.py:914} INFO - Processing file /home/airflow/.local/lib/python3.12/site-packages/airflow/example_dags/example_complex.py for tasks to queue
[2024-10-15T01:20:06.101+0000] {logging_mixin.py:190} INFO - [2024-10-15T01:20:06.101+0000] {dagbag.py:588} INFO - Filling up the DagBag from /home/airflow/.local/lib/python3.12/site-packages/airflow/example_dags/example_complex.py
[2024-10-15T01:20:06.142+0000] {processor.py:925} INFO - DAG(s) 'example_complex' retrieved from /home/airflow/.local/lib/python3.12/site-packages/airflow/example_dags/example_complex.py
[2024-10-15T01:20:06.211+0000] {logging_mixin.py:190} INFO - [2024-10-15T01:20:06.211+0000] {dag.py:3239} INFO - Sync 1 DAGs
[2024-10-15T01:20:06.236+0000] {logging_mixin.py:190} INFO - [2024-10-15T01:20:06.236+0000] {dag.py:4180} INFO - Setting next_dagrun for example_complex to None, run_after=None
[2024-10-15T01:20:06.292+0000] {processor.py:208} INFO - Processing /home/airflow/.local/lib/python3.12/site-packages/airflow/example_dags/example_complex.py took 0.220 seconds
[2024-10-15T01:20:37.248+0000] {processor.py:186} INFO - Started process (PID=2638) to work on /home/airflow/.local/lib/python3.12/site-packages/airflow/example_dags/example_complex.py
[2024-10-15T01:20:37.249+0000] {processor.py:914} INFO - Processing file /home/airflow/.local/lib/python3.12/site-packages/airflow/example_dags/example_complex.py for tasks to queue
[2024-10-15T01:20:37.249+0000] {logging_mixin.py:190} INFO - [2024-10-15T01:20:37.249+0000] {dagbag.py:588} INFO - Filling up the DagBag from /home/airflow/.local/lib/python3.12/site-packages/airflow/example_dags/example_complex.py
[2024-10-15T01:20:37.259+0000] {processor.py:925} INFO - DAG(s) 'example_complex' retrieved from /home/airflow/.local/lib/python3.12/site-packages/airflow/example_dags/example_complex.py
[2024-10-15T01:20:37.284+0000] {logging_mixin.py:190} INFO - [2024-10-15T01:20:37.284+0000] {dag.py:3239} INFO - Sync 1 DAGs
[2024-10-15T01:20:37.295+0000] {logging_mixin.py:190} INFO - [2024-10-15T01:20:37.295+0000] {dag.py:4180} INFO - Setting next_dagrun for example_complex to None, run_after=None
[2024-10-15T01:20:37.315+0000] {processor.py:208} INFO - Processing /home/airflow/.local/lib/python3.12/site-packages/airflow/example_dags/example_complex.py took 0.076 seconds
[2024-10-15T01:21:07.417+0000] {processor.py:186} INFO - Started process (PID=2701) to work on /home/airflow/.local/lib/python3.12/site-packages/airflow/example_dags/example_complex.py
[2024-10-15T01:21:07.426+0000] {processor.py:914} INFO - Processing file /home/airflow/.local/lib/python3.12/site-packages/airflow/example_dags/example_complex.py for tasks to queue
[2024-10-15T01:21:07.427+0000] {logging_mixin.py:190} INFO - [2024-10-15T01:21:07.427+0000] {dagbag.py:588} INFO - Filling up the DagBag from /home/airflow/.local/lib/python3.12/site-packages/airflow/example_dags/example_complex.py
[2024-10-15T01:21:07.448+0000] {processor.py:925} INFO - DAG(s) 'example_complex' retrieved from /home/airflow/.local/lib/python3.12/site-packages/airflow/example_dags/example_complex.py
[2024-10-15T01:21:07.502+0000] {logging_mixin.py:190} INFO - [2024-10-15T01:21:07.502+0000] {dag.py:3239} INFO - Sync 1 DAGs
[2024-10-15T01:21:07.518+0000] {logging_mixin.py:190} INFO - [2024-10-15T01:21:07.517+0000] {dag.py:4180} INFO - Setting next_dagrun for example_complex to None, run_after=None
[2024-10-15T01:21:07.551+0000] {processor.py:208} INFO - Processing /home/airflow/.local/lib/python3.12/site-packages/airflow/example_dags/example_complex.py took 0.168 seconds
[2024-10-15T01:21:38.116+0000] {processor.py:186} INFO - Started process (PID=2764) to work on /home/airflow/.local/lib/python3.12/site-packages/airflow/example_dags/example_complex.py
[2024-10-15T01:21:38.117+0000] {processor.py:914} INFO - Processing file /home/airflow/.local/lib/python3.12/site-packages/airflow/example_dags/example_complex.py for tasks to queue
[2024-10-15T01:21:38.123+0000] {logging_mixin.py:190} INFO - [2024-10-15T01:21:38.117+0000] {dagbag.py:588} INFO - Filling up the DagBag from /home/airflow/.local/lib/python3.12/site-packages/airflow/example_dags/example_complex.py
[2024-10-15T01:21:38.155+0000] {processor.py:925} INFO - DAG(s) 'example_complex' retrieved from /home/airflow/.local/lib/python3.12/site-packages/airflow/example_dags/example_complex.py
[2024-10-15T01:21:38.202+0000] {logging_mixin.py:190} INFO - [2024-10-15T01:21:38.201+0000] {dag.py:3239} INFO - Sync 1 DAGs
[2024-10-15T01:21:38.219+0000] {logging_mixin.py:190} INFO - [2024-10-15T01:21:38.219+0000] {dag.py:4180} INFO - Setting next_dagrun for example_complex to None, run_after=None
[2024-10-15T01:21:38.240+0000] {processor.py:208} INFO - Processing /home/airflow/.local/lib/python3.12/site-packages/airflow/example_dags/example_complex.py took 0.142 seconds
[2024-10-15T01:22:08.897+0000] {processor.py:186} INFO - Started process (PID=2826) to work on /home/airflow/.local/lib/python3.12/site-packages/airflow/example_dags/example_complex.py
[2024-10-15T01:22:08.898+0000] {processor.py:914} INFO - Processing file /home/airflow/.local/lib/python3.12/site-packages/airflow/example_dags/example_complex.py for tasks to queue
[2024-10-15T01:22:08.899+0000] {logging_mixin.py:190} INFO - [2024-10-15T01:22:08.899+0000] {dagbag.py:588} INFO - Filling up the DagBag from /home/airflow/.local/lib/python3.12/site-packages/airflow/example_dags/example_complex.py
[2024-10-15T01:22:08.909+0000] {processor.py:925} INFO - DAG(s) 'example_complex' retrieved from /home/airflow/.local/lib/python3.12/site-packages/airflow/example_dags/example_complex.py
[2024-10-15T01:22:08.932+0000] {logging_mixin.py:190} INFO - [2024-10-15T01:22:08.932+0000] {dag.py:3239} INFO - Sync 1 DAGs
[2024-10-15T01:22:08.951+0000] {logging_mixin.py:190} INFO - [2024-10-15T01:22:08.950+0000] {dag.py:4180} INFO - Setting next_dagrun for example_complex to None, run_after=None
[2024-10-15T01:22:08.993+0000] {processor.py:208} INFO - Processing /home/airflow/.local/lib/python3.12/site-packages/airflow/example_dags/example_complex.py took 0.101 seconds
[2024-10-15T01:22:39.205+0000] {processor.py:186} INFO - Started process (PID=2889) to work on /home/airflow/.local/lib/python3.12/site-packages/airflow/example_dags/example_complex.py
[2024-10-15T01:22:39.207+0000] {processor.py:914} INFO - Processing file /home/airflow/.local/lib/python3.12/site-packages/airflow/example_dags/example_complex.py for tasks to queue
[2024-10-15T01:22:39.208+0000] {logging_mixin.py:190} INFO - [2024-10-15T01:22:39.207+0000] {dagbag.py:588} INFO - Filling up the DagBag from /home/airflow/.local/lib/python3.12/site-packages/airflow/example_dags/example_complex.py
[2024-10-15T01:22:39.237+0000] {processor.py:925} INFO - DAG(s) 'example_complex' retrieved from /home/airflow/.local/lib/python3.12/site-packages/airflow/example_dags/example_complex.py
[2024-10-15T01:22:39.312+0000] {logging_mixin.py:190} INFO - [2024-10-15T01:22:39.312+0000] {dag.py:3239} INFO - Sync 1 DAGs
[2024-10-15T01:22:39.336+0000] {logging_mixin.py:190} INFO - [2024-10-15T01:22:39.336+0000] {dag.py:4180} INFO - Setting next_dagrun for example_complex to None, run_after=None
[2024-10-15T01:22:39.357+0000] {processor.py:208} INFO - Processing /home/airflow/.local/lib/python3.12/site-packages/airflow/example_dags/example_complex.py took 0.171 seconds
[2024-10-15T01:23:10.365+0000] {processor.py:186} INFO - Started process (PID=2953) to work on /home/airflow/.local/lib/python3.12/site-packages/airflow/example_dags/example_complex.py
[2024-10-15T01:23:10.367+0000] {processor.py:914} INFO - Processing file /home/airflow/.local/lib/python3.12/site-packages/airflow/example_dags/example_complex.py for tasks to queue
[2024-10-15T01:23:10.368+0000] {logging_mixin.py:190} INFO - [2024-10-15T01:23:10.368+0000] {dagbag.py:588} INFO - Filling up the DagBag from /home/airflow/.local/lib/python3.12/site-packages/airflow/example_dags/example_complex.py
[2024-10-15T01:23:10.383+0000] {processor.py:925} INFO - DAG(s) 'example_complex' retrieved from /home/airflow/.local/lib/python3.12/site-packages/airflow/example_dags/example_complex.py
[2024-10-15T01:23:10.417+0000] {logging_mixin.py:190} INFO - [2024-10-15T01:23:10.417+0000] {dag.py:3239} INFO - Sync 1 DAGs
[2024-10-15T01:23:10.434+0000] {logging_mixin.py:190} INFO - [2024-10-15T01:23:10.434+0000] {dag.py:4180} INFO - Setting next_dagrun for example_complex to None, run_after=None
[2024-10-15T01:23:10.460+0000] {processor.py:208} INFO - Processing /home/airflow/.local/lib/python3.12/site-packages/airflow/example_dags/example_complex.py took 0.108 seconds
