[2024-10-15T00:50:09.859+0000] {processor.py:186} INFO - Started process (PID=83) to work on /home/airflow/.local/lib/python3.12/site-packages/airflow/example_dags/example_task_group_decorator.py
[2024-10-15T00:50:09.860+0000] {processor.py:914} INFO - Processing file /home/airflow/.local/lib/python3.12/site-packages/airflow/example_dags/example_task_group_decorator.py for tasks to queue
[2024-10-15T00:50:09.873+0000] {logging_mixin.py:190} INFO - [2024-10-15T00:50:09.872+0000] {dagbag.py:588} INFO - Filling up the DagBag from /home/airflow/.local/lib/python3.12/site-packages/airflow/example_dags/example_task_group_decorator.py
[2024-10-15T00:50:09.929+0000] {processor.py:925} INFO - DAG(s) 'example_task_group_decorator' retrieved from /home/airflow/.local/lib/python3.12/site-packages/airflow/example_dags/example_task_group_decorator.py
[2024-10-15T00:50:10.264+0000] {logging_mixin.py:190} INFO - [2024-10-15T00:50:10.264+0000] {override.py:1900} INFO - Created Permission View: can edit on DAG:example_task_group_decorator
[2024-10-15T00:50:10.298+0000] {logging_mixin.py:190} INFO - [2024-10-15T00:50:10.297+0000] {override.py:1900} INFO - Created Permission View: can read on DAG:example_task_group_decorator
[2024-10-15T00:50:10.312+0000] {logging_mixin.py:190} INFO - [2024-10-15T00:50:10.312+0000] {override.py:1900} INFO - Created Permission View: can delete on DAG:example_task_group_decorator
[2024-10-15T00:50:10.329+0000] {logging_mixin.py:190} INFO - [2024-10-15T00:50:10.329+0000] {override.py:1900} INFO - Created Permission View: menu access on DAG Run:example_task_group_decorator
[2024-10-15T00:50:10.348+0000] {logging_mixin.py:190} INFO - [2024-10-15T00:50:10.347+0000] {override.py:1900} INFO - Created Permission View: can delete on DAG Run:example_task_group_decorator
[2024-10-15T00:50:10.361+0000] {logging_mixin.py:190} INFO - [2024-10-15T00:50:10.361+0000] {override.py:1900} INFO - Created Permission View: can read on DAG Run:example_task_group_decorator
[2024-10-15T00:50:10.380+0000] {logging_mixin.py:190} INFO - [2024-10-15T00:50:10.379+0000] {override.py:1900} INFO - Created Permission View: can create on DAG Run:example_task_group_decorator
[2024-10-15T00:50:10.380+0000] {logging_mixin.py:190} INFO - [2024-10-15T00:50:10.380+0000] {dag.py:3239} INFO - Sync 1 DAGs
[2024-10-15T00:50:10.411+0000] {logging_mixin.py:190} INFO - [2024-10-15T00:50:10.411+0000] {dag.py:3262} INFO - Creating ORM DAG for example_task_group_decorator
[2024-10-15T00:50:10.411+0000] {logging_mixin.py:190} INFO - [2024-10-15T00:50:10.411+0000] {dag.py:4180} INFO - Setting next_dagrun for example_task_group_decorator to None, run_after=None
[2024-10-15T00:50:10.465+0000] {processor.py:208} INFO - Processing /home/airflow/.local/lib/python3.12/site-packages/airflow/example_dags/example_task_group_decorator.py took 0.627 seconds
[2024-10-15T00:59:49.533+0000] {processor.py:186} INFO - Started process (PID=87) to work on /home/airflow/.local/lib/python3.12/site-packages/airflow/example_dags/example_task_group_decorator.py
[2024-10-15T00:59:49.554+0000] {processor.py:914} INFO - Processing file /home/airflow/.local/lib/python3.12/site-packages/airflow/example_dags/example_task_group_decorator.py for tasks to queue
[2024-10-15T00:59:49.580+0000] {logging_mixin.py:190} INFO - [2024-10-15T00:59:49.557+0000] {dagbag.py:588} INFO - Filling up the DagBag from /home/airflow/.local/lib/python3.12/site-packages/airflow/example_dags/example_task_group_decorator.py
[2024-10-15T00:59:49.688+0000] {processor.py:925} INFO - DAG(s) 'example_task_group_decorator' retrieved from /home/airflow/.local/lib/python3.12/site-packages/airflow/example_dags/example_task_group_decorator.py
[2024-10-15T00:59:49.834+0000] {logging_mixin.py:190} INFO - [2024-10-15T00:59:49.834+0000] {dag.py:3239} INFO - Sync 1 DAGs
[2024-10-15T00:59:49.901+0000] {logging_mixin.py:190} INFO - [2024-10-15T00:59:49.900+0000] {dag.py:4180} INFO - Setting next_dagrun for example_task_group_decorator to None, run_after=None
[2024-10-15T00:59:49.974+0000] {processor.py:208} INFO - Processing /home/airflow/.local/lib/python3.12/site-packages/airflow/example_dags/example_task_group_decorator.py took 0.473 seconds
[2024-10-15T01:00:20.105+0000] {processor.py:186} INFO - Started process (PID=149) to work on /home/airflow/.local/lib/python3.12/site-packages/airflow/example_dags/example_task_group_decorator.py
[2024-10-15T01:00:20.121+0000] {processor.py:914} INFO - Processing file /home/airflow/.local/lib/python3.12/site-packages/airflow/example_dags/example_task_group_decorator.py for tasks to queue
[2024-10-15T01:00:20.123+0000] {logging_mixin.py:190} INFO - [2024-10-15T01:00:20.123+0000] {dagbag.py:588} INFO - Filling up the DagBag from /home/airflow/.local/lib/python3.12/site-packages/airflow/example_dags/example_task_group_decorator.py
[2024-10-15T01:00:20.174+0000] {processor.py:925} INFO - DAG(s) 'example_task_group_decorator' retrieved from /home/airflow/.local/lib/python3.12/site-packages/airflow/example_dags/example_task_group_decorator.py
[2024-10-15T01:00:20.255+0000] {logging_mixin.py:190} INFO - [2024-10-15T01:00:20.255+0000] {dag.py:3239} INFO - Sync 1 DAGs
[2024-10-15T01:00:20.266+0000] {logging_mixin.py:190} INFO - [2024-10-15T01:00:20.266+0000] {dag.py:4180} INFO - Setting next_dagrun for example_task_group_decorator to None, run_after=None
[2024-10-15T01:00:20.288+0000] {processor.py:208} INFO - Processing /home/airflow/.local/lib/python3.12/site-packages/airflow/example_dags/example_task_group_decorator.py took 0.201 seconds
[2024-10-15T01:00:50.773+0000] {processor.py:186} INFO - Started process (PID=210) to work on /home/airflow/.local/lib/python3.12/site-packages/airflow/example_dags/example_task_group_decorator.py
[2024-10-15T01:00:50.775+0000] {processor.py:914} INFO - Processing file /home/airflow/.local/lib/python3.12/site-packages/airflow/example_dags/example_task_group_decorator.py for tasks to queue
[2024-10-15T01:00:50.776+0000] {logging_mixin.py:190} INFO - [2024-10-15T01:00:50.776+0000] {dagbag.py:588} INFO - Filling up the DagBag from /home/airflow/.local/lib/python3.12/site-packages/airflow/example_dags/example_task_group_decorator.py
[2024-10-15T01:00:50.808+0000] {processor.py:925} INFO - DAG(s) 'example_task_group_decorator' retrieved from /home/airflow/.local/lib/python3.12/site-packages/airflow/example_dags/example_task_group_decorator.py
[2024-10-15T01:00:50.850+0000] {logging_mixin.py:190} INFO - [2024-10-15T01:00:50.850+0000] {dag.py:3239} INFO - Sync 1 DAGs
[2024-10-15T01:00:50.864+0000] {logging_mixin.py:190} INFO - [2024-10-15T01:00:50.864+0000] {dag.py:4180} INFO - Setting next_dagrun for example_task_group_decorator to None, run_after=None
[2024-10-15T01:00:50.898+0000] {processor.py:208} INFO - Processing /home/airflow/.local/lib/python3.12/site-packages/airflow/example_dags/example_task_group_decorator.py took 0.131 seconds
[2024-10-15T01:01:21.451+0000] {processor.py:186} INFO - Started process (PID=271) to work on /home/airflow/.local/lib/python3.12/site-packages/airflow/example_dags/example_task_group_decorator.py
[2024-10-15T01:01:21.454+0000] {processor.py:914} INFO - Processing file /home/airflow/.local/lib/python3.12/site-packages/airflow/example_dags/example_task_group_decorator.py for tasks to queue
[2024-10-15T01:01:21.455+0000] {logging_mixin.py:190} INFO - [2024-10-15T01:01:21.455+0000] {dagbag.py:588} INFO - Filling up the DagBag from /home/airflow/.local/lib/python3.12/site-packages/airflow/example_dags/example_task_group_decorator.py
[2024-10-15T01:01:21.471+0000] {processor.py:925} INFO - DAG(s) 'example_task_group_decorator' retrieved from /home/airflow/.local/lib/python3.12/site-packages/airflow/example_dags/example_task_group_decorator.py
[2024-10-15T01:01:21.502+0000] {logging_mixin.py:190} INFO - [2024-10-15T01:01:21.502+0000] {dag.py:3239} INFO - Sync 1 DAGs
[2024-10-15T01:01:21.516+0000] {logging_mixin.py:190} INFO - [2024-10-15T01:01:21.516+0000] {dag.py:4180} INFO - Setting next_dagrun for example_task_group_decorator to None, run_after=None
[2024-10-15T01:01:21.536+0000] {processor.py:208} INFO - Processing /home/airflow/.local/lib/python3.12/site-packages/airflow/example_dags/example_task_group_decorator.py took 0.091 seconds
[2024-10-15T01:01:52.523+0000] {processor.py:186} INFO - Started process (PID=334) to work on /home/airflow/.local/lib/python3.12/site-packages/airflow/example_dags/example_task_group_decorator.py
[2024-10-15T01:01:52.524+0000] {processor.py:914} INFO - Processing file /home/airflow/.local/lib/python3.12/site-packages/airflow/example_dags/example_task_group_decorator.py for tasks to queue
[2024-10-15T01:01:52.527+0000] {logging_mixin.py:190} INFO - [2024-10-15T01:01:52.526+0000] {dagbag.py:588} INFO - Filling up the DagBag from /home/airflow/.local/lib/python3.12/site-packages/airflow/example_dags/example_task_group_decorator.py
[2024-10-15T01:01:52.552+0000] {processor.py:925} INFO - DAG(s) 'example_task_group_decorator' retrieved from /home/airflow/.local/lib/python3.12/site-packages/airflow/example_dags/example_task_group_decorator.py
[2024-10-15T01:01:52.581+0000] {logging_mixin.py:190} INFO - [2024-10-15T01:01:52.581+0000] {dag.py:3239} INFO - Sync 1 DAGs
[2024-10-15T01:01:52.596+0000] {logging_mixin.py:190} INFO - [2024-10-15T01:01:52.595+0000] {dag.py:4180} INFO - Setting next_dagrun for example_task_group_decorator to None, run_after=None
[2024-10-15T01:01:52.615+0000] {processor.py:208} INFO - Processing /home/airflow/.local/lib/python3.12/site-packages/airflow/example_dags/example_task_group_decorator.py took 0.097 seconds
[2024-10-15T01:02:23.516+0000] {processor.py:186} INFO - Started process (PID=395) to work on /home/airflow/.local/lib/python3.12/site-packages/airflow/example_dags/example_task_group_decorator.py
[2024-10-15T01:02:23.522+0000] {processor.py:914} INFO - Processing file /home/airflow/.local/lib/python3.12/site-packages/airflow/example_dags/example_task_group_decorator.py for tasks to queue
[2024-10-15T01:02:23.524+0000] {logging_mixin.py:190} INFO - [2024-10-15T01:02:23.524+0000] {dagbag.py:588} INFO - Filling up the DagBag from /home/airflow/.local/lib/python3.12/site-packages/airflow/example_dags/example_task_group_decorator.py
[2024-10-15T01:02:23.562+0000] {processor.py:925} INFO - DAG(s) 'example_task_group_decorator' retrieved from /home/airflow/.local/lib/python3.12/site-packages/airflow/example_dags/example_task_group_decorator.py
[2024-10-15T01:02:23.611+0000] {logging_mixin.py:190} INFO - [2024-10-15T01:02:23.610+0000] {dag.py:3239} INFO - Sync 1 DAGs
[2024-10-15T01:02:23.626+0000] {logging_mixin.py:190} INFO - [2024-10-15T01:02:23.625+0000] {dag.py:4180} INFO - Setting next_dagrun for example_task_group_decorator to None, run_after=None
[2024-10-15T01:02:23.645+0000] {processor.py:208} INFO - Processing /home/airflow/.local/lib/python3.12/site-packages/airflow/example_dags/example_task_group_decorator.py took 0.146 seconds
[2024-10-15T01:02:54.590+0000] {processor.py:186} INFO - Started process (PID=457) to work on /home/airflow/.local/lib/python3.12/site-packages/airflow/example_dags/example_task_group_decorator.py
[2024-10-15T01:02:54.610+0000] {processor.py:914} INFO - Processing file /home/airflow/.local/lib/python3.12/site-packages/airflow/example_dags/example_task_group_decorator.py for tasks to queue
[2024-10-15T01:02:54.612+0000] {logging_mixin.py:190} INFO - [2024-10-15T01:02:54.612+0000] {dagbag.py:588} INFO - Filling up the DagBag from /home/airflow/.local/lib/python3.12/site-packages/airflow/example_dags/example_task_group_decorator.py
[2024-10-15T01:02:54.675+0000] {processor.py:925} INFO - DAG(s) 'example_task_group_decorator' retrieved from /home/airflow/.local/lib/python3.12/site-packages/airflow/example_dags/example_task_group_decorator.py
[2024-10-15T01:02:54.781+0000] {logging_mixin.py:190} INFO - [2024-10-15T01:02:54.781+0000] {dag.py:3239} INFO - Sync 1 DAGs
[2024-10-15T01:02:54.831+0000] {logging_mixin.py:190} INFO - [2024-10-15T01:02:54.830+0000] {dag.py:4180} INFO - Setting next_dagrun for example_task_group_decorator to None, run_after=None
[2024-10-15T01:02:54.895+0000] {processor.py:208} INFO - Processing /home/airflow/.local/lib/python3.12/site-packages/airflow/example_dags/example_task_group_decorator.py took 0.339 seconds
[2024-10-15T01:03:24.955+0000] {processor.py:186} INFO - Started process (PID=518) to work on /home/airflow/.local/lib/python3.12/site-packages/airflow/example_dags/example_task_group_decorator.py
[2024-10-15T01:03:24.956+0000] {processor.py:914} INFO - Processing file /home/airflow/.local/lib/python3.12/site-packages/airflow/example_dags/example_task_group_decorator.py for tasks to queue
[2024-10-15T01:03:24.958+0000] {logging_mixin.py:190} INFO - [2024-10-15T01:03:24.958+0000] {dagbag.py:588} INFO - Filling up the DagBag from /home/airflow/.local/lib/python3.12/site-packages/airflow/example_dags/example_task_group_decorator.py
[2024-10-15T01:03:24.972+0000] {processor.py:925} INFO - DAG(s) 'example_task_group_decorator' retrieved from /home/airflow/.local/lib/python3.12/site-packages/airflow/example_dags/example_task_group_decorator.py
[2024-10-15T01:03:24.998+0000] {logging_mixin.py:190} INFO - [2024-10-15T01:03:24.997+0000] {dag.py:3239} INFO - Sync 1 DAGs
[2024-10-15T01:03:25.011+0000] {logging_mixin.py:190} INFO - [2024-10-15T01:03:25.011+0000] {dag.py:4180} INFO - Setting next_dagrun for example_task_group_decorator to None, run_after=None
[2024-10-15T01:03:25.033+0000] {processor.py:208} INFO - Processing /home/airflow/.local/lib/python3.12/site-packages/airflow/example_dags/example_task_group_decorator.py took 0.085 seconds
[2024-10-15T01:03:55.986+0000] {processor.py:186} INFO - Started process (PID=581) to work on /home/airflow/.local/lib/python3.12/site-packages/airflow/example_dags/example_task_group_decorator.py
[2024-10-15T01:03:55.987+0000] {processor.py:914} INFO - Processing file /home/airflow/.local/lib/python3.12/site-packages/airflow/example_dags/example_task_group_decorator.py for tasks to queue
[2024-10-15T01:03:55.990+0000] {logging_mixin.py:190} INFO - [2024-10-15T01:03:55.990+0000] {dagbag.py:588} INFO - Filling up the DagBag from /home/airflow/.local/lib/python3.12/site-packages/airflow/example_dags/example_task_group_decorator.py
[2024-10-15T01:03:56.008+0000] {processor.py:925} INFO - DAG(s) 'example_task_group_decorator' retrieved from /home/airflow/.local/lib/python3.12/site-packages/airflow/example_dags/example_task_group_decorator.py
[2024-10-15T01:03:56.032+0000] {logging_mixin.py:190} INFO - [2024-10-15T01:03:56.032+0000] {dag.py:3239} INFO - Sync 1 DAGs
[2024-10-15T01:03:56.047+0000] {logging_mixin.py:190} INFO - [2024-10-15T01:03:56.047+0000] {dag.py:4180} INFO - Setting next_dagrun for example_task_group_decorator to None, run_after=None
[2024-10-15T01:03:56.069+0000] {processor.py:208} INFO - Processing /home/airflow/.local/lib/python3.12/site-packages/airflow/example_dags/example_task_group_decorator.py took 0.089 seconds
[2024-10-15T01:04:26.300+0000] {processor.py:186} INFO - Started process (PID=643) to work on /home/airflow/.local/lib/python3.12/site-packages/airflow/example_dags/example_task_group_decorator.py
[2024-10-15T01:04:26.302+0000] {processor.py:914} INFO - Processing file /home/airflow/.local/lib/python3.12/site-packages/airflow/example_dags/example_task_group_decorator.py for tasks to queue
[2024-10-15T01:04:26.304+0000] {logging_mixin.py:190} INFO - [2024-10-15T01:04:26.304+0000] {dagbag.py:588} INFO - Filling up the DagBag from /home/airflow/.local/lib/python3.12/site-packages/airflow/example_dags/example_task_group_decorator.py
[2024-10-15T01:04:26.327+0000] {processor.py:925} INFO - DAG(s) 'example_task_group_decorator' retrieved from /home/airflow/.local/lib/python3.12/site-packages/airflow/example_dags/example_task_group_decorator.py
[2024-10-15T01:04:26.370+0000] {logging_mixin.py:190} INFO - [2024-10-15T01:04:26.370+0000] {dag.py:3239} INFO - Sync 1 DAGs
[2024-10-15T01:04:26.390+0000] {logging_mixin.py:190} INFO - [2024-10-15T01:04:26.390+0000] {dag.py:4180} INFO - Setting next_dagrun for example_task_group_decorator to None, run_after=None
[2024-10-15T01:04:26.412+0000] {processor.py:208} INFO - Processing /home/airflow/.local/lib/python3.12/site-packages/airflow/example_dags/example_task_group_decorator.py took 0.117 seconds
[2024-10-15T01:04:56.701+0000] {processor.py:186} INFO - Started process (PID=705) to work on /home/airflow/.local/lib/python3.12/site-packages/airflow/example_dags/example_task_group_decorator.py
[2024-10-15T01:04:56.702+0000] {processor.py:914} INFO - Processing file /home/airflow/.local/lib/python3.12/site-packages/airflow/example_dags/example_task_group_decorator.py for tasks to queue
[2024-10-15T01:04:56.705+0000] {logging_mixin.py:190} INFO - [2024-10-15T01:04:56.705+0000] {dagbag.py:588} INFO - Filling up the DagBag from /home/airflow/.local/lib/python3.12/site-packages/airflow/example_dags/example_task_group_decorator.py
[2024-10-15T01:04:56.720+0000] {processor.py:925} INFO - DAG(s) 'example_task_group_decorator' retrieved from /home/airflow/.local/lib/python3.12/site-packages/airflow/example_dags/example_task_group_decorator.py
[2024-10-15T01:04:56.747+0000] {logging_mixin.py:190} INFO - [2024-10-15T01:04:56.746+0000] {dag.py:3239} INFO - Sync 1 DAGs
[2024-10-15T01:04:56.761+0000] {logging_mixin.py:190} INFO - [2024-10-15T01:04:56.761+0000] {dag.py:4180} INFO - Setting next_dagrun for example_task_group_decorator to None, run_after=None
[2024-10-15T01:04:56.779+0000] {processor.py:208} INFO - Processing /home/airflow/.local/lib/python3.12/site-packages/airflow/example_dags/example_task_group_decorator.py took 0.084 seconds
[2024-10-15T01:05:27.105+0000] {processor.py:186} INFO - Started process (PID=766) to work on /home/airflow/.local/lib/python3.12/site-packages/airflow/example_dags/example_task_group_decorator.py
[2024-10-15T01:05:27.107+0000] {processor.py:914} INFO - Processing file /home/airflow/.local/lib/python3.12/site-packages/airflow/example_dags/example_task_group_decorator.py for tasks to queue
[2024-10-15T01:05:27.109+0000] {logging_mixin.py:190} INFO - [2024-10-15T01:05:27.109+0000] {dagbag.py:588} INFO - Filling up the DagBag from /home/airflow/.local/lib/python3.12/site-packages/airflow/example_dags/example_task_group_decorator.py
[2024-10-15T01:05:27.127+0000] {processor.py:925} INFO - DAG(s) 'example_task_group_decorator' retrieved from /home/airflow/.local/lib/python3.12/site-packages/airflow/example_dags/example_task_group_decorator.py
[2024-10-15T01:05:27.152+0000] {logging_mixin.py:190} INFO - [2024-10-15T01:05:27.152+0000] {dag.py:3239} INFO - Sync 1 DAGs
[2024-10-15T01:05:27.169+0000] {logging_mixin.py:190} INFO - [2024-10-15T01:05:27.169+0000] {dag.py:4180} INFO - Setting next_dagrun for example_task_group_decorator to None, run_after=None
[2024-10-15T01:05:27.185+0000] {processor.py:208} INFO - Processing /home/airflow/.local/lib/python3.12/site-packages/airflow/example_dags/example_task_group_decorator.py took 0.086 seconds
[2024-10-15T01:05:57.889+0000] {processor.py:186} INFO - Started process (PID=830) to work on /home/airflow/.local/lib/python3.12/site-packages/airflow/example_dags/example_task_group_decorator.py
[2024-10-15T01:05:57.891+0000] {processor.py:914} INFO - Processing file /home/airflow/.local/lib/python3.12/site-packages/airflow/example_dags/example_task_group_decorator.py for tasks to queue
[2024-10-15T01:05:57.894+0000] {logging_mixin.py:190} INFO - [2024-10-15T01:05:57.893+0000] {dagbag.py:588} INFO - Filling up the DagBag from /home/airflow/.local/lib/python3.12/site-packages/airflow/example_dags/example_task_group_decorator.py
[2024-10-15T01:05:57.911+0000] {processor.py:925} INFO - DAG(s) 'example_task_group_decorator' retrieved from /home/airflow/.local/lib/python3.12/site-packages/airflow/example_dags/example_task_group_decorator.py
[2024-10-15T01:05:57.938+0000] {logging_mixin.py:190} INFO - [2024-10-15T01:05:57.937+0000] {dag.py:3239} INFO - Sync 1 DAGs
[2024-10-15T01:05:57.952+0000] {logging_mixin.py:190} INFO - [2024-10-15T01:05:57.951+0000] {dag.py:4180} INFO - Setting next_dagrun for example_task_group_decorator to None, run_after=None
[2024-10-15T01:05:57.969+0000] {processor.py:208} INFO - Processing /home/airflow/.local/lib/python3.12/site-packages/airflow/example_dags/example_task_group_decorator.py took 0.086 seconds
[2024-10-15T01:06:28.735+0000] {processor.py:186} INFO - Started process (PID=892) to work on /home/airflow/.local/lib/python3.12/site-packages/airflow/example_dags/example_task_group_decorator.py
[2024-10-15T01:06:28.737+0000] {processor.py:914} INFO - Processing file /home/airflow/.local/lib/python3.12/site-packages/airflow/example_dags/example_task_group_decorator.py for tasks to queue
[2024-10-15T01:06:28.739+0000] {logging_mixin.py:190} INFO - [2024-10-15T01:06:28.739+0000] {dagbag.py:588} INFO - Filling up the DagBag from /home/airflow/.local/lib/python3.12/site-packages/airflow/example_dags/example_task_group_decorator.py
[2024-10-15T01:06:28.756+0000] {processor.py:925} INFO - DAG(s) 'example_task_group_decorator' retrieved from /home/airflow/.local/lib/python3.12/site-packages/airflow/example_dags/example_task_group_decorator.py
[2024-10-15T01:06:28.780+0000] {logging_mixin.py:190} INFO - [2024-10-15T01:06:28.780+0000] {dag.py:3239} INFO - Sync 1 DAGs
[2024-10-15T01:06:28.794+0000] {logging_mixin.py:190} INFO - [2024-10-15T01:06:28.794+0000] {dag.py:4180} INFO - Setting next_dagrun for example_task_group_decorator to None, run_after=None
[2024-10-15T01:06:28.836+0000] {processor.py:208} INFO - Processing /home/airflow/.local/lib/python3.12/site-packages/airflow/example_dags/example_task_group_decorator.py took 0.110 seconds
[2024-10-15T01:06:59.859+0000] {processor.py:186} INFO - Started process (PID=954) to work on /home/airflow/.local/lib/python3.12/site-packages/airflow/example_dags/example_task_group_decorator.py
[2024-10-15T01:06:59.860+0000] {processor.py:914} INFO - Processing file /home/airflow/.local/lib/python3.12/site-packages/airflow/example_dags/example_task_group_decorator.py for tasks to queue
[2024-10-15T01:06:59.864+0000] {logging_mixin.py:190} INFO - [2024-10-15T01:06:59.863+0000] {dagbag.py:588} INFO - Filling up the DagBag from /home/airflow/.local/lib/python3.12/site-packages/airflow/example_dags/example_task_group_decorator.py
[2024-10-15T01:06:59.883+0000] {processor.py:925} INFO - DAG(s) 'example_task_group_decorator' retrieved from /home/airflow/.local/lib/python3.12/site-packages/airflow/example_dags/example_task_group_decorator.py
[2024-10-15T01:06:59.910+0000] {logging_mixin.py:190} INFO - [2024-10-15T01:06:59.910+0000] {dag.py:3239} INFO - Sync 1 DAGs
[2024-10-15T01:06:59.928+0000] {logging_mixin.py:190} INFO - [2024-10-15T01:06:59.928+0000] {dag.py:4180} INFO - Setting next_dagrun for example_task_group_decorator to None, run_after=None
[2024-10-15T01:06:59.948+0000] {processor.py:208} INFO - Processing /home/airflow/.local/lib/python3.12/site-packages/airflow/example_dags/example_task_group_decorator.py took 0.095 seconds
[2024-10-15T01:07:30.879+0000] {processor.py:186} INFO - Started process (PID=1017) to work on /home/airflow/.local/lib/python3.12/site-packages/airflow/example_dags/example_task_group_decorator.py
[2024-10-15T01:07:30.882+0000] {processor.py:914} INFO - Processing file /home/airflow/.local/lib/python3.12/site-packages/airflow/example_dags/example_task_group_decorator.py for tasks to queue
[2024-10-15T01:07:30.883+0000] {logging_mixin.py:190} INFO - [2024-10-15T01:07:30.883+0000] {dagbag.py:588} INFO - Filling up the DagBag from /home/airflow/.local/lib/python3.12/site-packages/airflow/example_dags/example_task_group_decorator.py
[2024-10-15T01:07:30.900+0000] {processor.py:925} INFO - DAG(s) 'example_task_group_decorator' retrieved from /home/airflow/.local/lib/python3.12/site-packages/airflow/example_dags/example_task_group_decorator.py
[2024-10-15T01:07:30.927+0000] {logging_mixin.py:190} INFO - [2024-10-15T01:07:30.926+0000] {dag.py:3239} INFO - Sync 1 DAGs
[2024-10-15T01:07:30.940+0000] {logging_mixin.py:190} INFO - [2024-10-15T01:07:30.940+0000] {dag.py:4180} INFO - Setting next_dagrun for example_task_group_decorator to None, run_after=None
[2024-10-15T01:07:30.958+0000] {processor.py:208} INFO - Processing /home/airflow/.local/lib/python3.12/site-packages/airflow/example_dags/example_task_group_decorator.py took 0.084 seconds
[2024-10-15T01:08:01.480+0000] {processor.py:186} INFO - Started process (PID=1079) to work on /home/airflow/.local/lib/python3.12/site-packages/airflow/example_dags/example_task_group_decorator.py
[2024-10-15T01:08:01.498+0000] {processor.py:914} INFO - Processing file /home/airflow/.local/lib/python3.12/site-packages/airflow/example_dags/example_task_group_decorator.py for tasks to queue
[2024-10-15T01:08:01.500+0000] {logging_mixin.py:190} INFO - [2024-10-15T01:08:01.499+0000] {dagbag.py:588} INFO - Filling up the DagBag from /home/airflow/.local/lib/python3.12/site-packages/airflow/example_dags/example_task_group_decorator.py
[2024-10-15T01:08:01.566+0000] {processor.py:925} INFO - DAG(s) 'example_task_group_decorator' retrieved from /home/airflow/.local/lib/python3.12/site-packages/airflow/example_dags/example_task_group_decorator.py
[2024-10-15T01:08:01.643+0000] {logging_mixin.py:190} INFO - [2024-10-15T01:08:01.643+0000] {dag.py:3239} INFO - Sync 1 DAGs
[2024-10-15T01:08:01.671+0000] {logging_mixin.py:190} INFO - [2024-10-15T01:08:01.671+0000] {dag.py:4180} INFO - Setting next_dagrun for example_task_group_decorator to None, run_after=None
[2024-10-15T01:08:01.710+0000] {processor.py:208} INFO - Processing /home/airflow/.local/lib/python3.12/site-packages/airflow/example_dags/example_task_group_decorator.py took 0.246 seconds
[2024-10-15T01:08:32.434+0000] {processor.py:186} INFO - Started process (PID=1141) to work on /home/airflow/.local/lib/python3.12/site-packages/airflow/example_dags/example_task_group_decorator.py
[2024-10-15T01:08:32.437+0000] {processor.py:914} INFO - Processing file /home/airflow/.local/lib/python3.12/site-packages/airflow/example_dags/example_task_group_decorator.py for tasks to queue
[2024-10-15T01:08:32.439+0000] {logging_mixin.py:190} INFO - [2024-10-15T01:08:32.439+0000] {dagbag.py:588} INFO - Filling up the DagBag from /home/airflow/.local/lib/python3.12/site-packages/airflow/example_dags/example_task_group_decorator.py
[2024-10-15T01:08:32.479+0000] {processor.py:925} INFO - DAG(s) 'example_task_group_decorator' retrieved from /home/airflow/.local/lib/python3.12/site-packages/airflow/example_dags/example_task_group_decorator.py
[2024-10-15T01:08:32.524+0000] {logging_mixin.py:190} INFO - [2024-10-15T01:08:32.524+0000] {dag.py:3239} INFO - Sync 1 DAGs
[2024-10-15T01:08:32.547+0000] {logging_mixin.py:190} INFO - [2024-10-15T01:08:32.547+0000] {dag.py:4180} INFO - Setting next_dagrun for example_task_group_decorator to None, run_after=None
[2024-10-15T01:08:32.584+0000] {processor.py:208} INFO - Processing /home/airflow/.local/lib/python3.12/site-packages/airflow/example_dags/example_task_group_decorator.py took 0.172 seconds
[2024-10-15T01:09:03.693+0000] {processor.py:186} INFO - Started process (PID=1203) to work on /home/airflow/.local/lib/python3.12/site-packages/airflow/example_dags/example_task_group_decorator.py
[2024-10-15T01:09:03.695+0000] {processor.py:914} INFO - Processing file /home/airflow/.local/lib/python3.12/site-packages/airflow/example_dags/example_task_group_decorator.py for tasks to queue
[2024-10-15T01:09:03.697+0000] {logging_mixin.py:190} INFO - [2024-10-15T01:09:03.697+0000] {dagbag.py:588} INFO - Filling up the DagBag from /home/airflow/.local/lib/python3.12/site-packages/airflow/example_dags/example_task_group_decorator.py
[2024-10-15T01:09:03.717+0000] {processor.py:925} INFO - DAG(s) 'example_task_group_decorator' retrieved from /home/airflow/.local/lib/python3.12/site-packages/airflow/example_dags/example_task_group_decorator.py
[2024-10-15T01:09:03.742+0000] {logging_mixin.py:190} INFO - [2024-10-15T01:09:03.742+0000] {dag.py:3239} INFO - Sync 1 DAGs
[2024-10-15T01:09:03.761+0000] {logging_mixin.py:190} INFO - [2024-10-15T01:09:03.760+0000] {dag.py:4180} INFO - Setting next_dagrun for example_task_group_decorator to None, run_after=None
[2024-10-15T01:09:03.795+0000] {processor.py:208} INFO - Processing /home/airflow/.local/lib/python3.12/site-packages/airflow/example_dags/example_task_group_decorator.py took 0.107 seconds
[2024-10-15T01:09:34.588+0000] {processor.py:186} INFO - Started process (PID=1265) to work on /home/airflow/.local/lib/python3.12/site-packages/airflow/example_dags/example_task_group_decorator.py
[2024-10-15T01:09:34.589+0000] {processor.py:914} INFO - Processing file /home/airflow/.local/lib/python3.12/site-packages/airflow/example_dags/example_task_group_decorator.py for tasks to queue
[2024-10-15T01:09:34.591+0000] {logging_mixin.py:190} INFO - [2024-10-15T01:09:34.591+0000] {dagbag.py:588} INFO - Filling up the DagBag from /home/airflow/.local/lib/python3.12/site-packages/airflow/example_dags/example_task_group_decorator.py
[2024-10-15T01:09:34.607+0000] {processor.py:925} INFO - DAG(s) 'example_task_group_decorator' retrieved from /home/airflow/.local/lib/python3.12/site-packages/airflow/example_dags/example_task_group_decorator.py
[2024-10-15T01:09:34.634+0000] {logging_mixin.py:190} INFO - [2024-10-15T01:09:34.634+0000] {dag.py:3239} INFO - Sync 1 DAGs
[2024-10-15T01:09:34.647+0000] {logging_mixin.py:190} INFO - [2024-10-15T01:09:34.647+0000] {dag.py:4180} INFO - Setting next_dagrun for example_task_group_decorator to None, run_after=None
[2024-10-15T01:09:34.668+0000] {processor.py:208} INFO - Processing /home/airflow/.local/lib/python3.12/site-packages/airflow/example_dags/example_task_group_decorator.py took 0.086 seconds
[2024-10-15T01:10:05.221+0000] {processor.py:186} INFO - Started process (PID=1329) to work on /home/airflow/.local/lib/python3.12/site-packages/airflow/example_dags/example_task_group_decorator.py
[2024-10-15T01:10:05.222+0000] {processor.py:914} INFO - Processing file /home/airflow/.local/lib/python3.12/site-packages/airflow/example_dags/example_task_group_decorator.py for tasks to queue
[2024-10-15T01:10:05.223+0000] {logging_mixin.py:190} INFO - [2024-10-15T01:10:05.223+0000] {dagbag.py:588} INFO - Filling up the DagBag from /home/airflow/.local/lib/python3.12/site-packages/airflow/example_dags/example_task_group_decorator.py
[2024-10-15T01:10:05.239+0000] {processor.py:925} INFO - DAG(s) 'example_task_group_decorator' retrieved from /home/airflow/.local/lib/python3.12/site-packages/airflow/example_dags/example_task_group_decorator.py
[2024-10-15T01:10:05.264+0000] {logging_mixin.py:190} INFO - [2024-10-15T01:10:05.264+0000] {dag.py:3239} INFO - Sync 1 DAGs
[2024-10-15T01:10:05.282+0000] {logging_mixin.py:190} INFO - [2024-10-15T01:10:05.279+0000] {dag.py:4180} INFO - Setting next_dagrun for example_task_group_decorator to None, run_after=None
[2024-10-15T01:10:05.303+0000] {processor.py:208} INFO - Processing /home/airflow/.local/lib/python3.12/site-packages/airflow/example_dags/example_task_group_decorator.py took 0.088 seconds
[2024-10-15T01:10:36.128+0000] {processor.py:186} INFO - Started process (PID=1391) to work on /home/airflow/.local/lib/python3.12/site-packages/airflow/example_dags/example_task_group_decorator.py
[2024-10-15T01:10:36.131+0000] {processor.py:914} INFO - Processing file /home/airflow/.local/lib/python3.12/site-packages/airflow/example_dags/example_task_group_decorator.py for tasks to queue
[2024-10-15T01:10:36.134+0000] {logging_mixin.py:190} INFO - [2024-10-15T01:10:36.131+0000] {dagbag.py:588} INFO - Filling up the DagBag from /home/airflow/.local/lib/python3.12/site-packages/airflow/example_dags/example_task_group_decorator.py
[2024-10-15T01:10:36.146+0000] {processor.py:925} INFO - DAG(s) 'example_task_group_decorator' retrieved from /home/airflow/.local/lib/python3.12/site-packages/airflow/example_dags/example_task_group_decorator.py
[2024-10-15T01:10:36.166+0000] {logging_mixin.py:190} INFO - [2024-10-15T01:10:36.166+0000] {dag.py:3239} INFO - Sync 1 DAGs
[2024-10-15T01:10:36.178+0000] {logging_mixin.py:190} INFO - [2024-10-15T01:10:36.178+0000] {dag.py:4180} INFO - Setting next_dagrun for example_task_group_decorator to None, run_after=None
[2024-10-15T01:10:36.197+0000] {processor.py:208} INFO - Processing /home/airflow/.local/lib/python3.12/site-packages/airflow/example_dags/example_task_group_decorator.py took 0.074 seconds
[2024-10-15T01:11:06.666+0000] {processor.py:186} INFO - Started process (PID=1454) to work on /home/airflow/.local/lib/python3.12/site-packages/airflow/example_dags/example_task_group_decorator.py
[2024-10-15T01:11:06.668+0000] {processor.py:914} INFO - Processing file /home/airflow/.local/lib/python3.12/site-packages/airflow/example_dags/example_task_group_decorator.py for tasks to queue
[2024-10-15T01:11:06.669+0000] {logging_mixin.py:190} INFO - [2024-10-15T01:11:06.669+0000] {dagbag.py:588} INFO - Filling up the DagBag from /home/airflow/.local/lib/python3.12/site-packages/airflow/example_dags/example_task_group_decorator.py
[2024-10-15T01:11:06.686+0000] {processor.py:925} INFO - DAG(s) 'example_task_group_decorator' retrieved from /home/airflow/.local/lib/python3.12/site-packages/airflow/example_dags/example_task_group_decorator.py
[2024-10-15T01:11:06.714+0000] {logging_mixin.py:190} INFO - [2024-10-15T01:11:06.714+0000] {dag.py:3239} INFO - Sync 1 DAGs
[2024-10-15T01:11:06.734+0000] {logging_mixin.py:190} INFO - [2024-10-15T01:11:06.733+0000] {dag.py:4180} INFO - Setting next_dagrun for example_task_group_decorator to None, run_after=None
[2024-10-15T01:11:06.753+0000] {processor.py:208} INFO - Processing /home/airflow/.local/lib/python3.12/site-packages/airflow/example_dags/example_task_group_decorator.py took 0.093 seconds
[2024-10-15T01:11:37.083+0000] {processor.py:186} INFO - Started process (PID=1517) to work on /home/airflow/.local/lib/python3.12/site-packages/airflow/example_dags/example_task_group_decorator.py
[2024-10-15T01:11:37.084+0000] {processor.py:914} INFO - Processing file /home/airflow/.local/lib/python3.12/site-packages/airflow/example_dags/example_task_group_decorator.py for tasks to queue
[2024-10-15T01:11:37.086+0000] {logging_mixin.py:190} INFO - [2024-10-15T01:11:37.085+0000] {dagbag.py:588} INFO - Filling up the DagBag from /home/airflow/.local/lib/python3.12/site-packages/airflow/example_dags/example_task_group_decorator.py
[2024-10-15T01:11:37.101+0000] {processor.py:925} INFO - DAG(s) 'example_task_group_decorator' retrieved from /home/airflow/.local/lib/python3.12/site-packages/airflow/example_dags/example_task_group_decorator.py
[2024-10-15T01:11:37.127+0000] {logging_mixin.py:190} INFO - [2024-10-15T01:11:37.126+0000] {dag.py:3239} INFO - Sync 1 DAGs
[2024-10-15T01:11:37.142+0000] {logging_mixin.py:190} INFO - [2024-10-15T01:11:37.142+0000] {dag.py:4180} INFO - Setting next_dagrun for example_task_group_decorator to None, run_after=None
[2024-10-15T01:11:37.159+0000] {processor.py:208} INFO - Processing /home/airflow/.local/lib/python3.12/site-packages/airflow/example_dags/example_task_group_decorator.py took 0.085 seconds
[2024-10-15T01:12:08.028+0000] {processor.py:186} INFO - Started process (PID=1580) to work on /home/airflow/.local/lib/python3.12/site-packages/airflow/example_dags/example_task_group_decorator.py
[2024-10-15T01:12:08.029+0000] {processor.py:914} INFO - Processing file /home/airflow/.local/lib/python3.12/site-packages/airflow/example_dags/example_task_group_decorator.py for tasks to queue
[2024-10-15T01:12:08.030+0000] {logging_mixin.py:190} INFO - [2024-10-15T01:12:08.030+0000] {dagbag.py:588} INFO - Filling up the DagBag from /home/airflow/.local/lib/python3.12/site-packages/airflow/example_dags/example_task_group_decorator.py
[2024-10-15T01:12:08.047+0000] {processor.py:925} INFO - DAG(s) 'example_task_group_decorator' retrieved from /home/airflow/.local/lib/python3.12/site-packages/airflow/example_dags/example_task_group_decorator.py
[2024-10-15T01:12:08.071+0000] {logging_mixin.py:190} INFO - [2024-10-15T01:12:08.071+0000] {dag.py:3239} INFO - Sync 1 DAGs
[2024-10-15T01:12:08.088+0000] {logging_mixin.py:190} INFO - [2024-10-15T01:12:08.087+0000] {dag.py:4180} INFO - Setting next_dagrun for example_task_group_decorator to None, run_after=None
[2024-10-15T01:12:08.107+0000] {processor.py:208} INFO - Processing /home/airflow/.local/lib/python3.12/site-packages/airflow/example_dags/example_task_group_decorator.py took 0.085 seconds
[2024-10-15T01:12:38.725+0000] {processor.py:186} INFO - Started process (PID=1644) to work on /home/airflow/.local/lib/python3.12/site-packages/airflow/example_dags/example_task_group_decorator.py
[2024-10-15T01:12:38.727+0000] {processor.py:914} INFO - Processing file /home/airflow/.local/lib/python3.12/site-packages/airflow/example_dags/example_task_group_decorator.py for tasks to queue
[2024-10-15T01:12:38.728+0000] {logging_mixin.py:190} INFO - [2024-10-15T01:12:38.728+0000] {dagbag.py:588} INFO - Filling up the DagBag from /home/airflow/.local/lib/python3.12/site-packages/airflow/example_dags/example_task_group_decorator.py
[2024-10-15T01:12:38.743+0000] {processor.py:925} INFO - DAG(s) 'example_task_group_decorator' retrieved from /home/airflow/.local/lib/python3.12/site-packages/airflow/example_dags/example_task_group_decorator.py
[2024-10-15T01:12:38.770+0000] {logging_mixin.py:190} INFO - [2024-10-15T01:12:38.769+0000] {dag.py:3239} INFO - Sync 1 DAGs
[2024-10-15T01:12:38.784+0000] {logging_mixin.py:190} INFO - [2024-10-15T01:12:38.784+0000] {dag.py:4180} INFO - Setting next_dagrun for example_task_group_decorator to None, run_after=None
[2024-10-15T01:12:38.806+0000] {processor.py:208} INFO - Processing /home/airflow/.local/lib/python3.12/site-packages/airflow/example_dags/example_task_group_decorator.py took 0.087 seconds
[2024-10-15T01:13:09.451+0000] {processor.py:186} INFO - Started process (PID=1709) to work on /home/airflow/.local/lib/python3.12/site-packages/airflow/example_dags/example_task_group_decorator.py
[2024-10-15T01:13:09.456+0000] {processor.py:914} INFO - Processing file /home/airflow/.local/lib/python3.12/site-packages/airflow/example_dags/example_task_group_decorator.py for tasks to queue
[2024-10-15T01:13:09.457+0000] {logging_mixin.py:190} INFO - [2024-10-15T01:13:09.456+0000] {dagbag.py:588} INFO - Filling up the DagBag from /home/airflow/.local/lib/python3.12/site-packages/airflow/example_dags/example_task_group_decorator.py
[2024-10-15T01:13:09.481+0000] {processor.py:925} INFO - DAG(s) 'example_task_group_decorator' retrieved from /home/airflow/.local/lib/python3.12/site-packages/airflow/example_dags/example_task_group_decorator.py
[2024-10-15T01:13:09.535+0000] {logging_mixin.py:190} INFO - [2024-10-15T01:13:09.535+0000] {dag.py:3239} INFO - Sync 1 DAGs
[2024-10-15T01:13:09.581+0000] {logging_mixin.py:190} INFO - [2024-10-15T01:13:09.581+0000] {dag.py:4180} INFO - Setting next_dagrun for example_task_group_decorator to None, run_after=None
[2024-10-15T01:13:09.631+0000] {processor.py:208} INFO - Processing /home/airflow/.local/lib/python3.12/site-packages/airflow/example_dags/example_task_group_decorator.py took 0.186 seconds
[2024-10-15T01:13:40.289+0000] {processor.py:186} INFO - Started process (PID=1772) to work on /home/airflow/.local/lib/python3.12/site-packages/airflow/example_dags/example_task_group_decorator.py
[2024-10-15T01:13:40.298+0000] {processor.py:914} INFO - Processing file /home/airflow/.local/lib/python3.12/site-packages/airflow/example_dags/example_task_group_decorator.py for tasks to queue
[2024-10-15T01:13:40.299+0000] {logging_mixin.py:190} INFO - [2024-10-15T01:13:40.299+0000] {dagbag.py:588} INFO - Filling up the DagBag from /home/airflow/.local/lib/python3.12/site-packages/airflow/example_dags/example_task_group_decorator.py
[2024-10-15T01:13:40.321+0000] {processor.py:925} INFO - DAG(s) 'example_task_group_decorator' retrieved from /home/airflow/.local/lib/python3.12/site-packages/airflow/example_dags/example_task_group_decorator.py
[2024-10-15T01:13:40.365+0000] {logging_mixin.py:190} INFO - [2024-10-15T01:13:40.364+0000] {dag.py:3239} INFO - Sync 1 DAGs
[2024-10-15T01:13:40.389+0000] {logging_mixin.py:190} INFO - [2024-10-15T01:13:40.389+0000] {dag.py:4180} INFO - Setting next_dagrun for example_task_group_decorator to None, run_after=None
[2024-10-15T01:13:40.417+0000] {processor.py:208} INFO - Processing /home/airflow/.local/lib/python3.12/site-packages/airflow/example_dags/example_task_group_decorator.py took 0.133 seconds
[2024-10-15T01:14:10.616+0000] {processor.py:186} INFO - Started process (PID=1835) to work on /home/airflow/.local/lib/python3.12/site-packages/airflow/example_dags/example_task_group_decorator.py
[2024-10-15T01:14:10.616+0000] {processor.py:914} INFO - Processing file /home/airflow/.local/lib/python3.12/site-packages/airflow/example_dags/example_task_group_decorator.py for tasks to queue
[2024-10-15T01:14:10.618+0000] {logging_mixin.py:190} INFO - [2024-10-15T01:14:10.617+0000] {dagbag.py:588} INFO - Filling up the DagBag from /home/airflow/.local/lib/python3.12/site-packages/airflow/example_dags/example_task_group_decorator.py
[2024-10-15T01:14:10.649+0000] {processor.py:925} INFO - DAG(s) 'example_task_group_decorator' retrieved from /home/airflow/.local/lib/python3.12/site-packages/airflow/example_dags/example_task_group_decorator.py
[2024-10-15T01:14:10.685+0000] {logging_mixin.py:190} INFO - [2024-10-15T01:14:10.684+0000] {dag.py:3239} INFO - Sync 1 DAGs
[2024-10-15T01:14:10.724+0000] {logging_mixin.py:190} INFO - [2024-10-15T01:14:10.723+0000] {dag.py:4180} INFO - Setting next_dagrun for example_task_group_decorator to None, run_after=None
[2024-10-15T01:14:10.749+0000] {processor.py:208} INFO - Processing /home/airflow/.local/lib/python3.12/site-packages/airflow/example_dags/example_task_group_decorator.py took 0.146 seconds
[2024-10-15T01:14:40.920+0000] {processor.py:186} INFO - Started process (PID=1897) to work on /home/airflow/.local/lib/python3.12/site-packages/airflow/example_dags/example_task_group_decorator.py
[2024-10-15T01:14:40.922+0000] {processor.py:914} INFO - Processing file /home/airflow/.local/lib/python3.12/site-packages/airflow/example_dags/example_task_group_decorator.py for tasks to queue
[2024-10-15T01:14:40.923+0000] {logging_mixin.py:190} INFO - [2024-10-15T01:14:40.922+0000] {dagbag.py:588} INFO - Filling up the DagBag from /home/airflow/.local/lib/python3.12/site-packages/airflow/example_dags/example_task_group_decorator.py
[2024-10-15T01:14:40.937+0000] {processor.py:925} INFO - DAG(s) 'example_task_group_decorator' retrieved from /home/airflow/.local/lib/python3.12/site-packages/airflow/example_dags/example_task_group_decorator.py
[2024-10-15T01:14:40.965+0000] {logging_mixin.py:190} INFO - [2024-10-15T01:14:40.965+0000] {dag.py:3239} INFO - Sync 1 DAGs
[2024-10-15T01:14:40.981+0000] {logging_mixin.py:190} INFO - [2024-10-15T01:14:40.981+0000] {dag.py:4180} INFO - Setting next_dagrun for example_task_group_decorator to None, run_after=None
[2024-10-15T01:14:41.000+0000] {processor.py:208} INFO - Processing /home/airflow/.local/lib/python3.12/site-packages/airflow/example_dags/example_task_group_decorator.py took 0.087 seconds
[2024-10-15T01:15:11.359+0000] {processor.py:186} INFO - Started process (PID=1959) to work on /home/airflow/.local/lib/python3.12/site-packages/airflow/example_dags/example_task_group_decorator.py
[2024-10-15T01:15:11.360+0000] {processor.py:914} INFO - Processing file /home/airflow/.local/lib/python3.12/site-packages/airflow/example_dags/example_task_group_decorator.py for tasks to queue
[2024-10-15T01:15:11.361+0000] {logging_mixin.py:190} INFO - [2024-10-15T01:15:11.361+0000] {dagbag.py:588} INFO - Filling up the DagBag from /home/airflow/.local/lib/python3.12/site-packages/airflow/example_dags/example_task_group_decorator.py
[2024-10-15T01:15:11.376+0000] {processor.py:925} INFO - DAG(s) 'example_task_group_decorator' retrieved from /home/airflow/.local/lib/python3.12/site-packages/airflow/example_dags/example_task_group_decorator.py
[2024-10-15T01:15:11.401+0000] {logging_mixin.py:190} INFO - [2024-10-15T01:15:11.401+0000] {dag.py:3239} INFO - Sync 1 DAGs
[2024-10-15T01:15:11.416+0000] {logging_mixin.py:190} INFO - [2024-10-15T01:15:11.416+0000] {dag.py:4180} INFO - Setting next_dagrun for example_task_group_decorator to None, run_after=None
[2024-10-15T01:15:11.436+0000] {processor.py:208} INFO - Processing /home/airflow/.local/lib/python3.12/site-packages/airflow/example_dags/example_task_group_decorator.py took 0.084 seconds
[2024-10-15T01:15:41.554+0000] {processor.py:186} INFO - Started process (PID=2021) to work on /home/airflow/.local/lib/python3.12/site-packages/airflow/example_dags/example_task_group_decorator.py
[2024-10-15T01:15:41.555+0000] {processor.py:914} INFO - Processing file /home/airflow/.local/lib/python3.12/site-packages/airflow/example_dags/example_task_group_decorator.py for tasks to queue
[2024-10-15T01:15:41.556+0000] {logging_mixin.py:190} INFO - [2024-10-15T01:15:41.556+0000] {dagbag.py:588} INFO - Filling up the DagBag from /home/airflow/.local/lib/python3.12/site-packages/airflow/example_dags/example_task_group_decorator.py
[2024-10-15T01:15:41.572+0000] {processor.py:925} INFO - DAG(s) 'example_task_group_decorator' retrieved from /home/airflow/.local/lib/python3.12/site-packages/airflow/example_dags/example_task_group_decorator.py
[2024-10-15T01:15:41.602+0000] {logging_mixin.py:190} INFO - [2024-10-15T01:15:41.601+0000] {dag.py:3239} INFO - Sync 1 DAGs
[2024-10-15T01:15:41.617+0000] {logging_mixin.py:190} INFO - [2024-10-15T01:15:41.617+0000] {dag.py:4180} INFO - Setting next_dagrun for example_task_group_decorator to None, run_after=None
[2024-10-15T01:15:41.639+0000] {processor.py:208} INFO - Processing /home/airflow/.local/lib/python3.12/site-packages/airflow/example_dags/example_task_group_decorator.py took 0.091 seconds
[2024-10-15T01:16:12.107+0000] {processor.py:186} INFO - Started process (PID=2084) to work on /home/airflow/.local/lib/python3.12/site-packages/airflow/example_dags/example_task_group_decorator.py
[2024-10-15T01:16:12.109+0000] {processor.py:914} INFO - Processing file /home/airflow/.local/lib/python3.12/site-packages/airflow/example_dags/example_task_group_decorator.py for tasks to queue
[2024-10-15T01:16:12.110+0000] {logging_mixin.py:190} INFO - [2024-10-15T01:16:12.110+0000] {dagbag.py:588} INFO - Filling up the DagBag from /home/airflow/.local/lib/python3.12/site-packages/airflow/example_dags/example_task_group_decorator.py
[2024-10-15T01:16:12.124+0000] {processor.py:925} INFO - DAG(s) 'example_task_group_decorator' retrieved from /home/airflow/.local/lib/python3.12/site-packages/airflow/example_dags/example_task_group_decorator.py
[2024-10-15T01:16:12.151+0000] {logging_mixin.py:190} INFO - [2024-10-15T01:16:12.151+0000] {dag.py:3239} INFO - Sync 1 DAGs
[2024-10-15T01:16:12.168+0000] {logging_mixin.py:190} INFO - [2024-10-15T01:16:12.168+0000] {dag.py:4180} INFO - Setting next_dagrun for example_task_group_decorator to None, run_after=None
[2024-10-15T01:16:12.183+0000] {processor.py:208} INFO - Processing /home/airflow/.local/lib/python3.12/site-packages/airflow/example_dags/example_task_group_decorator.py took 0.084 seconds
[2024-10-15T01:16:42.244+0000] {processor.py:186} INFO - Started process (PID=2146) to work on /home/airflow/.local/lib/python3.12/site-packages/airflow/example_dags/example_task_group_decorator.py
[2024-10-15T01:16:42.245+0000] {processor.py:914} INFO - Processing file /home/airflow/.local/lib/python3.12/site-packages/airflow/example_dags/example_task_group_decorator.py for tasks to queue
[2024-10-15T01:16:42.246+0000] {logging_mixin.py:190} INFO - [2024-10-15T01:16:42.246+0000] {dagbag.py:588} INFO - Filling up the DagBag from /home/airflow/.local/lib/python3.12/site-packages/airflow/example_dags/example_task_group_decorator.py
[2024-10-15T01:16:42.261+0000] {processor.py:925} INFO - DAG(s) 'example_task_group_decorator' retrieved from /home/airflow/.local/lib/python3.12/site-packages/airflow/example_dags/example_task_group_decorator.py
[2024-10-15T01:16:42.289+0000] {logging_mixin.py:190} INFO - [2024-10-15T01:16:42.289+0000] {dag.py:3239} INFO - Sync 1 DAGs
[2024-10-15T01:16:42.304+0000] {logging_mixin.py:190} INFO - [2024-10-15T01:16:42.304+0000] {dag.py:4180} INFO - Setting next_dagrun for example_task_group_decorator to None, run_after=None
[2024-10-15T01:16:42.326+0000] {processor.py:208} INFO - Processing /home/airflow/.local/lib/python3.12/site-packages/airflow/example_dags/example_task_group_decorator.py took 0.089 seconds
[2024-10-15T01:17:12.535+0000] {processor.py:186} INFO - Started process (PID=2209) to work on /home/airflow/.local/lib/python3.12/site-packages/airflow/example_dags/example_task_group_decorator.py
[2024-10-15T01:17:12.536+0000] {processor.py:914} INFO - Processing file /home/airflow/.local/lib/python3.12/site-packages/airflow/example_dags/example_task_group_decorator.py for tasks to queue
[2024-10-15T01:17:12.537+0000] {logging_mixin.py:190} INFO - [2024-10-15T01:17:12.537+0000] {dagbag.py:588} INFO - Filling up the DagBag from /home/airflow/.local/lib/python3.12/site-packages/airflow/example_dags/example_task_group_decorator.py
[2024-10-15T01:17:12.559+0000] {processor.py:925} INFO - DAG(s) 'example_task_group_decorator' retrieved from /home/airflow/.local/lib/python3.12/site-packages/airflow/example_dags/example_task_group_decorator.py
[2024-10-15T01:17:12.588+0000] {logging_mixin.py:190} INFO - [2024-10-15T01:17:12.587+0000] {dag.py:3239} INFO - Sync 1 DAGs
[2024-10-15T01:17:12.603+0000] {logging_mixin.py:190} INFO - [2024-10-15T01:17:12.603+0000] {dag.py:4180} INFO - Setting next_dagrun for example_task_group_decorator to None, run_after=None
[2024-10-15T01:17:12.620+0000] {processor.py:208} INFO - Processing /home/airflow/.local/lib/python3.12/site-packages/airflow/example_dags/example_task_group_decorator.py took 0.092 seconds
[2024-10-15T01:17:43.307+0000] {processor.py:186} INFO - Started process (PID=2272) to work on /home/airflow/.local/lib/python3.12/site-packages/airflow/example_dags/example_task_group_decorator.py
[2024-10-15T01:17:43.307+0000] {processor.py:914} INFO - Processing file /home/airflow/.local/lib/python3.12/site-packages/airflow/example_dags/example_task_group_decorator.py for tasks to queue
[2024-10-15T01:17:43.308+0000] {logging_mixin.py:190} INFO - [2024-10-15T01:17:43.308+0000] {dagbag.py:588} INFO - Filling up the DagBag from /home/airflow/.local/lib/python3.12/site-packages/airflow/example_dags/example_task_group_decorator.py
[2024-10-15T01:17:43.327+0000] {processor.py:925} INFO - DAG(s) 'example_task_group_decorator' retrieved from /home/airflow/.local/lib/python3.12/site-packages/airflow/example_dags/example_task_group_decorator.py
[2024-10-15T01:17:43.354+0000] {logging_mixin.py:190} INFO - [2024-10-15T01:17:43.354+0000] {dag.py:3239} INFO - Sync 1 DAGs
[2024-10-15T01:17:43.369+0000] {logging_mixin.py:190} INFO - [2024-10-15T01:17:43.368+0000] {dag.py:4180} INFO - Setting next_dagrun for example_task_group_decorator to None, run_after=None
[2024-10-15T01:17:43.386+0000] {processor.py:208} INFO - Processing /home/airflow/.local/lib/python3.12/site-packages/airflow/example_dags/example_task_group_decorator.py took 0.086 seconds
[2024-10-15T01:18:14.873+0000] {processor.py:186} INFO - Started process (PID=2337) to work on /home/airflow/.local/lib/python3.12/site-packages/airflow/example_dags/example_task_group_decorator.py
[2024-10-15T01:18:14.876+0000] {processor.py:914} INFO - Processing file /home/airflow/.local/lib/python3.12/site-packages/airflow/example_dags/example_task_group_decorator.py for tasks to queue
[2024-10-15T01:18:14.878+0000] {logging_mixin.py:190} INFO - [2024-10-15T01:18:14.877+0000] {dagbag.py:588} INFO - Filling up the DagBag from /home/airflow/.local/lib/python3.12/site-packages/airflow/example_dags/example_task_group_decorator.py
[2024-10-15T01:18:14.907+0000] {processor.py:925} INFO - DAG(s) 'example_task_group_decorator' retrieved from /home/airflow/.local/lib/python3.12/site-packages/airflow/example_dags/example_task_group_decorator.py
[2024-10-15T01:18:14.944+0000] {logging_mixin.py:190} INFO - [2024-10-15T01:18:14.944+0000] {dag.py:3239} INFO - Sync 1 DAGs
[2024-10-15T01:18:14.959+0000] {logging_mixin.py:190} INFO - [2024-10-15T01:18:14.959+0000] {dag.py:4180} INFO - Setting next_dagrun for example_task_group_decorator to None, run_after=None
[2024-10-15T01:18:15.011+0000] {processor.py:208} INFO - Processing /home/airflow/.local/lib/python3.12/site-packages/airflow/example_dags/example_task_group_decorator.py took 0.143 seconds
[2024-10-15T01:18:46.523+0000] {processor.py:186} INFO - Started process (PID=2406) to work on /home/airflow/.local/lib/python3.12/site-packages/airflow/example_dags/example_task_group_decorator.py
[2024-10-15T01:18:46.524+0000] {processor.py:914} INFO - Processing file /home/airflow/.local/lib/python3.12/site-packages/airflow/example_dags/example_task_group_decorator.py for tasks to queue
[2024-10-15T01:18:46.526+0000] {logging_mixin.py:190} INFO - [2024-10-15T01:18:46.526+0000] {dagbag.py:588} INFO - Filling up the DagBag from /home/airflow/.local/lib/python3.12/site-packages/airflow/example_dags/example_task_group_decorator.py
[2024-10-15T01:18:46.554+0000] {processor.py:925} INFO - DAG(s) 'example_task_group_decorator' retrieved from /home/airflow/.local/lib/python3.12/site-packages/airflow/example_dags/example_task_group_decorator.py
[2024-10-15T01:18:46.590+0000] {logging_mixin.py:190} INFO - [2024-10-15T01:18:46.590+0000] {dag.py:3239} INFO - Sync 1 DAGs
[2024-10-15T01:18:46.604+0000] {logging_mixin.py:190} INFO - [2024-10-15T01:18:46.604+0000] {dag.py:4180} INFO - Setting next_dagrun for example_task_group_decorator to None, run_after=None
[2024-10-15T01:18:46.642+0000] {processor.py:208} INFO - Processing /home/airflow/.local/lib/python3.12/site-packages/airflow/example_dags/example_task_group_decorator.py took 0.127 seconds
[2024-10-15T01:19:17.389+0000] {processor.py:186} INFO - Started process (PID=2469) to work on /home/airflow/.local/lib/python3.12/site-packages/airflow/example_dags/example_task_group_decorator.py
[2024-10-15T01:19:17.391+0000] {processor.py:914} INFO - Processing file /home/airflow/.local/lib/python3.12/site-packages/airflow/example_dags/example_task_group_decorator.py for tasks to queue
[2024-10-15T01:19:17.392+0000] {logging_mixin.py:190} INFO - [2024-10-15T01:19:17.392+0000] {dagbag.py:588} INFO - Filling up the DagBag from /home/airflow/.local/lib/python3.12/site-packages/airflow/example_dags/example_task_group_decorator.py
[2024-10-15T01:19:17.407+0000] {processor.py:925} INFO - DAG(s) 'example_task_group_decorator' retrieved from /home/airflow/.local/lib/python3.12/site-packages/airflow/example_dags/example_task_group_decorator.py
[2024-10-15T01:19:17.443+0000] {logging_mixin.py:190} INFO - [2024-10-15T01:19:17.443+0000] {dag.py:3239} INFO - Sync 1 DAGs
[2024-10-15T01:19:17.460+0000] {logging_mixin.py:190} INFO - [2024-10-15T01:19:17.460+0000] {dag.py:4180} INFO - Setting next_dagrun for example_task_group_decorator to None, run_after=None
[2024-10-15T01:19:17.480+0000] {processor.py:208} INFO - Processing /home/airflow/.local/lib/python3.12/site-packages/airflow/example_dags/example_task_group_decorator.py took 0.098 seconds
[2024-10-15T01:19:48.519+0000] {processor.py:186} INFO - Started process (PID=2533) to work on /home/airflow/.local/lib/python3.12/site-packages/airflow/example_dags/example_task_group_decorator.py
[2024-10-15T01:19:48.521+0000] {processor.py:914} INFO - Processing file /home/airflow/.local/lib/python3.12/site-packages/airflow/example_dags/example_task_group_decorator.py for tasks to queue
[2024-10-15T01:19:48.522+0000] {logging_mixin.py:190} INFO - [2024-10-15T01:19:48.522+0000] {dagbag.py:588} INFO - Filling up the DagBag from /home/airflow/.local/lib/python3.12/site-packages/airflow/example_dags/example_task_group_decorator.py
[2024-10-15T01:19:48.550+0000] {processor.py:925} INFO - DAG(s) 'example_task_group_decorator' retrieved from /home/airflow/.local/lib/python3.12/site-packages/airflow/example_dags/example_task_group_decorator.py
[2024-10-15T01:19:48.594+0000] {logging_mixin.py:190} INFO - [2024-10-15T01:19:48.593+0000] {dag.py:3239} INFO - Sync 1 DAGs
[2024-10-15T01:19:48.608+0000] {logging_mixin.py:190} INFO - [2024-10-15T01:19:48.608+0000] {dag.py:4180} INFO - Setting next_dagrun for example_task_group_decorator to None, run_after=None
[2024-10-15T01:19:48.636+0000] {processor.py:208} INFO - Processing /home/airflow/.local/lib/python3.12/site-packages/airflow/example_dags/example_task_group_decorator.py took 0.131 seconds
[2024-10-15T01:20:19.709+0000] {processor.py:186} INFO - Started process (PID=2597) to work on /home/airflow/.local/lib/python3.12/site-packages/airflow/example_dags/example_task_group_decorator.py
[2024-10-15T01:20:19.710+0000] {processor.py:914} INFO - Processing file /home/airflow/.local/lib/python3.12/site-packages/airflow/example_dags/example_task_group_decorator.py for tasks to queue
[2024-10-15T01:20:19.711+0000] {logging_mixin.py:190} INFO - [2024-10-15T01:20:19.711+0000] {dagbag.py:588} INFO - Filling up the DagBag from /home/airflow/.local/lib/python3.12/site-packages/airflow/example_dags/example_task_group_decorator.py
[2024-10-15T01:20:19.726+0000] {processor.py:925} INFO - DAG(s) 'example_task_group_decorator' retrieved from /home/airflow/.local/lib/python3.12/site-packages/airflow/example_dags/example_task_group_decorator.py
[2024-10-15T01:20:19.754+0000] {logging_mixin.py:190} INFO - [2024-10-15T01:20:19.754+0000] {dag.py:3239} INFO - Sync 1 DAGs
[2024-10-15T01:20:19.780+0000] {logging_mixin.py:190} INFO - [2024-10-15T01:20:19.780+0000] {dag.py:4180} INFO - Setting next_dagrun for example_task_group_decorator to None, run_after=None
[2024-10-15T01:20:19.804+0000] {processor.py:208} INFO - Processing /home/airflow/.local/lib/python3.12/site-packages/airflow/example_dags/example_task_group_decorator.py took 0.101 seconds
[2024-10-15T01:20:50.458+0000] {processor.py:186} INFO - Started process (PID=2660) to work on /home/airflow/.local/lib/python3.12/site-packages/airflow/example_dags/example_task_group_decorator.py
[2024-10-15T01:20:50.459+0000] {processor.py:914} INFO - Processing file /home/airflow/.local/lib/python3.12/site-packages/airflow/example_dags/example_task_group_decorator.py for tasks to queue
[2024-10-15T01:20:50.460+0000] {logging_mixin.py:190} INFO - [2024-10-15T01:20:50.459+0000] {dagbag.py:588} INFO - Filling up the DagBag from /home/airflow/.local/lib/python3.12/site-packages/airflow/example_dags/example_task_group_decorator.py
[2024-10-15T01:20:50.473+0000] {processor.py:925} INFO - DAG(s) 'example_task_group_decorator' retrieved from /home/airflow/.local/lib/python3.12/site-packages/airflow/example_dags/example_task_group_decorator.py
[2024-10-15T01:20:50.506+0000] {logging_mixin.py:190} INFO - [2024-10-15T01:20:50.503+0000] {dag.py:3239} INFO - Sync 1 DAGs
[2024-10-15T01:20:50.520+0000] {logging_mixin.py:190} INFO - [2024-10-15T01:20:50.520+0000] {dag.py:4180} INFO - Setting next_dagrun for example_task_group_decorator to None, run_after=None
[2024-10-15T01:20:50.535+0000] {processor.py:208} INFO - Processing /home/airflow/.local/lib/python3.12/site-packages/airflow/example_dags/example_task_group_decorator.py took 0.084 seconds
[2024-10-15T01:21:21.029+0000] {processor.py:186} INFO - Started process (PID=2723) to work on /home/airflow/.local/lib/python3.12/site-packages/airflow/example_dags/example_task_group_decorator.py
[2024-10-15T01:21:21.030+0000] {processor.py:914} INFO - Processing file /home/airflow/.local/lib/python3.12/site-packages/airflow/example_dags/example_task_group_decorator.py for tasks to queue
[2024-10-15T01:21:21.031+0000] {logging_mixin.py:190} INFO - [2024-10-15T01:21:21.031+0000] {dagbag.py:588} INFO - Filling up the DagBag from /home/airflow/.local/lib/python3.12/site-packages/airflow/example_dags/example_task_group_decorator.py
[2024-10-15T01:21:21.049+0000] {processor.py:925} INFO - DAG(s) 'example_task_group_decorator' retrieved from /home/airflow/.local/lib/python3.12/site-packages/airflow/example_dags/example_task_group_decorator.py
[2024-10-15T01:21:21.082+0000] {logging_mixin.py:190} INFO - [2024-10-15T01:21:21.081+0000] {dag.py:3239} INFO - Sync 1 DAGs
[2024-10-15T01:21:21.097+0000] {logging_mixin.py:190} INFO - [2024-10-15T01:21:21.097+0000] {dag.py:4180} INFO - Setting next_dagrun for example_task_group_decorator to None, run_after=None
[2024-10-15T01:21:21.115+0000] {processor.py:208} INFO - Processing /home/airflow/.local/lib/python3.12/site-packages/airflow/example_dags/example_task_group_decorator.py took 0.093 seconds
[2024-10-15T01:21:51.157+0000] {processor.py:186} INFO - Started process (PID=2784) to work on /home/airflow/.local/lib/python3.12/site-packages/airflow/example_dags/example_task_group_decorator.py
[2024-10-15T01:21:51.159+0000] {processor.py:914} INFO - Processing file /home/airflow/.local/lib/python3.12/site-packages/airflow/example_dags/example_task_group_decorator.py for tasks to queue
[2024-10-15T01:21:51.160+0000] {logging_mixin.py:190} INFO - [2024-10-15T01:21:51.159+0000] {dagbag.py:588} INFO - Filling up the DagBag from /home/airflow/.local/lib/python3.12/site-packages/airflow/example_dags/example_task_group_decorator.py
[2024-10-15T01:21:51.175+0000] {processor.py:925} INFO - DAG(s) 'example_task_group_decorator' retrieved from /home/airflow/.local/lib/python3.12/site-packages/airflow/example_dags/example_task_group_decorator.py
[2024-10-15T01:21:51.204+0000] {logging_mixin.py:190} INFO - [2024-10-15T01:21:51.203+0000] {dag.py:3239} INFO - Sync 1 DAGs
[2024-10-15T01:21:51.219+0000] {logging_mixin.py:190} INFO - [2024-10-15T01:21:51.219+0000] {dag.py:4180} INFO - Setting next_dagrun for example_task_group_decorator to None, run_after=None
[2024-10-15T01:21:51.238+0000] {processor.py:208} INFO - Processing /home/airflow/.local/lib/python3.12/site-packages/airflow/example_dags/example_task_group_decorator.py took 0.086 seconds
[2024-10-15T01:22:21.947+0000] {processor.py:186} INFO - Started process (PID=2847) to work on /home/airflow/.local/lib/python3.12/site-packages/airflow/example_dags/example_task_group_decorator.py
[2024-10-15T01:22:21.949+0000] {processor.py:914} INFO - Processing file /home/airflow/.local/lib/python3.12/site-packages/airflow/example_dags/example_task_group_decorator.py for tasks to queue
[2024-10-15T01:22:21.950+0000] {logging_mixin.py:190} INFO - [2024-10-15T01:22:21.950+0000] {dagbag.py:588} INFO - Filling up the DagBag from /home/airflow/.local/lib/python3.12/site-packages/airflow/example_dags/example_task_group_decorator.py
[2024-10-15T01:22:21.972+0000] {processor.py:925} INFO - DAG(s) 'example_task_group_decorator' retrieved from /home/airflow/.local/lib/python3.12/site-packages/airflow/example_dags/example_task_group_decorator.py
[2024-10-15T01:22:21.998+0000] {logging_mixin.py:190} INFO - [2024-10-15T01:22:21.997+0000] {dag.py:3239} INFO - Sync 1 DAGs
[2024-10-15T01:22:22.014+0000] {logging_mixin.py:190} INFO - [2024-10-15T01:22:22.013+0000] {dag.py:4180} INFO - Setting next_dagrun for example_task_group_decorator to None, run_after=None
[2024-10-15T01:22:22.033+0000] {processor.py:208} INFO - Processing /home/airflow/.local/lib/python3.12/site-packages/airflow/example_dags/example_task_group_decorator.py took 0.091 seconds
[2024-10-15T01:22:52.529+0000] {processor.py:186} INFO - Started process (PID=2911) to work on /home/airflow/.local/lib/python3.12/site-packages/airflow/example_dags/example_task_group_decorator.py
[2024-10-15T01:22:52.530+0000] {processor.py:914} INFO - Processing file /home/airflow/.local/lib/python3.12/site-packages/airflow/example_dags/example_task_group_decorator.py for tasks to queue
[2024-10-15T01:22:52.531+0000] {logging_mixin.py:190} INFO - [2024-10-15T01:22:52.531+0000] {dagbag.py:588} INFO - Filling up the DagBag from /home/airflow/.local/lib/python3.12/site-packages/airflow/example_dags/example_task_group_decorator.py
[2024-10-15T01:22:52.547+0000] {processor.py:925} INFO - DAG(s) 'example_task_group_decorator' retrieved from /home/airflow/.local/lib/python3.12/site-packages/airflow/example_dags/example_task_group_decorator.py
[2024-10-15T01:22:52.574+0000] {logging_mixin.py:190} INFO - [2024-10-15T01:22:52.573+0000] {dag.py:3239} INFO - Sync 1 DAGs
[2024-10-15T01:22:52.589+0000] {logging_mixin.py:190} INFO - [2024-10-15T01:22:52.589+0000] {dag.py:4180} INFO - Setting next_dagrun for example_task_group_decorator to None, run_after=None
[2024-10-15T01:22:52.608+0000] {processor.py:208} INFO - Processing /home/airflow/.local/lib/python3.12/site-packages/airflow/example_dags/example_task_group_decorator.py took 0.084 seconds
[2024-10-15T01:23:23.355+0000] {processor.py:186} INFO - Started process (PID=2974) to work on /home/airflow/.local/lib/python3.12/site-packages/airflow/example_dags/example_task_group_decorator.py
[2024-10-15T01:23:23.358+0000] {processor.py:914} INFO - Processing file /home/airflow/.local/lib/python3.12/site-packages/airflow/example_dags/example_task_group_decorator.py for tasks to queue
[2024-10-15T01:23:23.359+0000] {logging_mixin.py:190} INFO - [2024-10-15T01:23:23.358+0000] {dagbag.py:588} INFO - Filling up the DagBag from /home/airflow/.local/lib/python3.12/site-packages/airflow/example_dags/example_task_group_decorator.py
[2024-10-15T01:23:23.380+0000] {processor.py:925} INFO - DAG(s) 'example_task_group_decorator' retrieved from /home/airflow/.local/lib/python3.12/site-packages/airflow/example_dags/example_task_group_decorator.py
[2024-10-15T01:23:23.404+0000] {logging_mixin.py:190} INFO - [2024-10-15T01:23:23.404+0000] {dag.py:3239} INFO - Sync 1 DAGs
[2024-10-15T01:23:23.419+0000] {logging_mixin.py:190} INFO - [2024-10-15T01:23:23.419+0000] {dag.py:4180} INFO - Setting next_dagrun for example_task_group_decorator to None, run_after=None
[2024-10-15T01:23:23.437+0000] {processor.py:208} INFO - Processing /home/airflow/.local/lib/python3.12/site-packages/airflow/example_dags/example_task_group_decorator.py took 0.089 seconds
