[2024-10-15T00:50:13.870+0000] {processor.py:186} INFO - Started process (PID=95) to work on /home/airflow/.local/lib/python3.12/site-packages/airflow/example_dags/example_python_operator.py
[2024-10-15T00:50:13.871+0000] {processor.py:914} INFO - Processing file /home/airflow/.local/lib/python3.12/site-packages/airflow/example_dags/example_python_operator.py for tasks to queue
[2024-10-15T00:50:13.893+0000] {logging_mixin.py:190} INFO - [2024-10-15T00:50:13.873+0000] {dagbag.py:588} INFO - Filling up the DagBag from /home/airflow/.local/lib/python3.12/site-packages/airflow/example_dags/example_python_operator.py
[2024-10-15T00:50:13.927+0000] {processor.py:925} INFO - DAG(s) 'example_python_operator' retrieved from /home/airflow/.local/lib/python3.12/site-packages/airflow/example_dags/example_python_operator.py
[2024-10-15T00:50:14.274+0000] {logging_mixin.py:190} INFO - [2024-10-15T00:50:14.273+0000] {override.py:1900} INFO - Created Permission View: can edit on DAG:example_python_operator
[2024-10-15T00:50:14.292+0000] {logging_mixin.py:190} INFO - [2024-10-15T00:50:14.291+0000] {override.py:1900} INFO - Created Permission View: can read on DAG:example_python_operator
[2024-10-15T00:50:14.303+0000] {logging_mixin.py:190} INFO - [2024-10-15T00:50:14.303+0000] {override.py:1900} INFO - Created Permission View: can delete on DAG:example_python_operator
[2024-10-15T00:50:14.332+0000] {logging_mixin.py:190} INFO - [2024-10-15T00:50:14.332+0000] {override.py:1900} INFO - Created Permission View: menu access on DAG Run:example_python_operator
[2024-10-15T00:50:14.355+0000] {logging_mixin.py:190} INFO - [2024-10-15T00:50:14.355+0000] {override.py:1900} INFO - Created Permission View: can delete on DAG Run:example_python_operator
[2024-10-15T00:50:14.372+0000] {logging_mixin.py:190} INFO - [2024-10-15T00:50:14.365+0000] {override.py:1900} INFO - Created Permission View: can read on DAG Run:example_python_operator
[2024-10-15T00:50:14.387+0000] {logging_mixin.py:190} INFO - [2024-10-15T00:50:14.387+0000] {override.py:1900} INFO - Created Permission View: can create on DAG Run:example_python_operator
[2024-10-15T00:50:14.388+0000] {logging_mixin.py:190} INFO - [2024-10-15T00:50:14.387+0000] {dag.py:3239} INFO - Sync 1 DAGs
[2024-10-15T00:50:14.418+0000] {logging_mixin.py:190} INFO - [2024-10-15T00:50:14.418+0000] {dag.py:3262} INFO - Creating ORM DAG for example_python_operator
[2024-10-15T00:50:14.419+0000] {logging_mixin.py:190} INFO - [2024-10-15T00:50:14.419+0000] {dag.py:4180} INFO - Setting next_dagrun for example_python_operator to None, run_after=None
[2024-10-15T00:50:14.462+0000] {processor.py:208} INFO - Processing /home/airflow/.local/lib/python3.12/site-packages/airflow/example_dags/example_python_operator.py took 0.622 seconds
[2024-10-15T00:59:52.406+0000] {processor.py:186} INFO - Started process (PID=99) to work on /home/airflow/.local/lib/python3.12/site-packages/airflow/example_dags/example_python_operator.py
[2024-10-15T00:59:52.414+0000] {processor.py:914} INFO - Processing file /home/airflow/.local/lib/python3.12/site-packages/airflow/example_dags/example_python_operator.py for tasks to queue
[2024-10-15T00:59:52.416+0000] {logging_mixin.py:190} INFO - [2024-10-15T00:59:52.416+0000] {dagbag.py:588} INFO - Filling up the DagBag from /home/airflow/.local/lib/python3.12/site-packages/airflow/example_dags/example_python_operator.py
[2024-10-15T00:59:52.476+0000] {processor.py:925} INFO - DAG(s) 'example_python_operator' retrieved from /home/airflow/.local/lib/python3.12/site-packages/airflow/example_dags/example_python_operator.py
[2024-10-15T00:59:52.996+0000] {logging_mixin.py:190} INFO - [2024-10-15T00:59:52.996+0000] {dag.py:3239} INFO - Sync 1 DAGs
[2024-10-15T00:59:53.045+0000] {logging_mixin.py:190} INFO - [2024-10-15T00:59:53.045+0000] {dag.py:4180} INFO - Setting next_dagrun for example_python_operator to None, run_after=None
[2024-10-15T00:59:53.166+0000] {processor.py:208} INFO - Processing /home/airflow/.local/lib/python3.12/site-packages/airflow/example_dags/example_python_operator.py took 0.782 seconds
[2024-10-15T01:00:23.614+0000] {processor.py:186} INFO - Started process (PID=161) to work on /home/airflow/.local/lib/python3.12/site-packages/airflow/example_dags/example_python_operator.py
[2024-10-15T01:00:23.626+0000] {processor.py:914} INFO - Processing file /home/airflow/.local/lib/python3.12/site-packages/airflow/example_dags/example_python_operator.py for tasks to queue
[2024-10-15T01:00:23.628+0000] {logging_mixin.py:190} INFO - [2024-10-15T01:00:23.627+0000] {dagbag.py:588} INFO - Filling up the DagBag from /home/airflow/.local/lib/python3.12/site-packages/airflow/example_dags/example_python_operator.py
[2024-10-15T01:00:23.647+0000] {processor.py:925} INFO - DAG(s) 'example_python_operator' retrieved from /home/airflow/.local/lib/python3.12/site-packages/airflow/example_dags/example_python_operator.py
[2024-10-15T01:00:23.686+0000] {logging_mixin.py:190} INFO - [2024-10-15T01:00:23.685+0000] {dag.py:3239} INFO - Sync 1 DAGs
[2024-10-15T01:00:23.711+0000] {logging_mixin.py:190} INFO - [2024-10-15T01:00:23.711+0000] {dag.py:4180} INFO - Setting next_dagrun for example_python_operator to None, run_after=None
[2024-10-15T01:00:23.767+0000] {processor.py:208} INFO - Processing /home/airflow/.local/lib/python3.12/site-packages/airflow/example_dags/example_python_operator.py took 0.166 seconds
[2024-10-15T01:00:54.575+0000] {processor.py:186} INFO - Started process (PID=223) to work on /home/airflow/.local/lib/python3.12/site-packages/airflow/example_dags/example_python_operator.py
[2024-10-15T01:00:54.581+0000] {processor.py:914} INFO - Processing file /home/airflow/.local/lib/python3.12/site-packages/airflow/example_dags/example_python_operator.py for tasks to queue
[2024-10-15T01:00:54.587+0000] {logging_mixin.py:190} INFO - [2024-10-15T01:00:54.583+0000] {dagbag.py:588} INFO - Filling up the DagBag from /home/airflow/.local/lib/python3.12/site-packages/airflow/example_dags/example_python_operator.py
[2024-10-15T01:00:54.622+0000] {processor.py:925} INFO - DAG(s) 'example_python_operator' retrieved from /home/airflow/.local/lib/python3.12/site-packages/airflow/example_dags/example_python_operator.py
[2024-10-15T01:00:54.702+0000] {logging_mixin.py:190} INFO - [2024-10-15T01:00:54.701+0000] {dag.py:3239} INFO - Sync 1 DAGs
[2024-10-15T01:00:54.753+0000] {logging_mixin.py:190} INFO - [2024-10-15T01:00:54.753+0000] {dag.py:4180} INFO - Setting next_dagrun for example_python_operator to None, run_after=None
[2024-10-15T01:00:54.823+0000] {processor.py:208} INFO - Processing /home/airflow/.local/lib/python3.12/site-packages/airflow/example_dags/example_python_operator.py took 0.270 seconds
[2024-10-15T01:01:25.808+0000] {processor.py:186} INFO - Started process (PID=284) to work on /home/airflow/.local/lib/python3.12/site-packages/airflow/example_dags/example_python_operator.py
[2024-10-15T01:01:25.810+0000] {processor.py:914} INFO - Processing file /home/airflow/.local/lib/python3.12/site-packages/airflow/example_dags/example_python_operator.py for tasks to queue
[2024-10-15T01:01:25.812+0000] {logging_mixin.py:190} INFO - [2024-10-15T01:01:25.811+0000] {dagbag.py:588} INFO - Filling up the DagBag from /home/airflow/.local/lib/python3.12/site-packages/airflow/example_dags/example_python_operator.py
[2024-10-15T01:01:25.828+0000] {processor.py:925} INFO - DAG(s) 'example_python_operator' retrieved from /home/airflow/.local/lib/python3.12/site-packages/airflow/example_dags/example_python_operator.py
[2024-10-15T01:01:25.859+0000] {logging_mixin.py:190} INFO - [2024-10-15T01:01:25.859+0000] {dag.py:3239} INFO - Sync 1 DAGs
[2024-10-15T01:01:25.875+0000] {logging_mixin.py:190} INFO - [2024-10-15T01:01:25.875+0000] {dag.py:4180} INFO - Setting next_dagrun for example_python_operator to None, run_after=None
[2024-10-15T01:01:25.891+0000] {processor.py:208} INFO - Processing /home/airflow/.local/lib/python3.12/site-packages/airflow/example_dags/example_python_operator.py took 0.089 seconds
[2024-10-15T01:01:56.191+0000] {processor.py:186} INFO - Started process (PID=346) to work on /home/airflow/.local/lib/python3.12/site-packages/airflow/example_dags/example_python_operator.py
[2024-10-15T01:01:56.192+0000] {processor.py:914} INFO - Processing file /home/airflow/.local/lib/python3.12/site-packages/airflow/example_dags/example_python_operator.py for tasks to queue
[2024-10-15T01:01:56.196+0000] {logging_mixin.py:190} INFO - [2024-10-15T01:01:56.195+0000] {dagbag.py:588} INFO - Filling up the DagBag from /home/airflow/.local/lib/python3.12/site-packages/airflow/example_dags/example_python_operator.py
[2024-10-15T01:01:56.210+0000] {processor.py:925} INFO - DAG(s) 'example_python_operator' retrieved from /home/airflow/.local/lib/python3.12/site-packages/airflow/example_dags/example_python_operator.py
[2024-10-15T01:01:56.234+0000] {logging_mixin.py:190} INFO - [2024-10-15T01:01:56.234+0000] {dag.py:3239} INFO - Sync 1 DAGs
[2024-10-15T01:01:56.251+0000] {logging_mixin.py:190} INFO - [2024-10-15T01:01:56.251+0000] {dag.py:4180} INFO - Setting next_dagrun for example_python_operator to None, run_after=None
[2024-10-15T01:01:56.269+0000] {processor.py:208} INFO - Processing /home/airflow/.local/lib/python3.12/site-packages/airflow/example_dags/example_python_operator.py took 0.084 seconds
[2024-10-15T01:02:26.586+0000] {processor.py:186} INFO - Started process (PID=407) to work on /home/airflow/.local/lib/python3.12/site-packages/airflow/example_dags/example_python_operator.py
[2024-10-15T01:02:26.587+0000] {processor.py:914} INFO - Processing file /home/airflow/.local/lib/python3.12/site-packages/airflow/example_dags/example_python_operator.py for tasks to queue
[2024-10-15T01:02:26.590+0000] {logging_mixin.py:190} INFO - [2024-10-15T01:02:26.590+0000] {dagbag.py:588} INFO - Filling up the DagBag from /home/airflow/.local/lib/python3.12/site-packages/airflow/example_dags/example_python_operator.py
[2024-10-15T01:02:26.602+0000] {processor.py:925} INFO - DAG(s) 'example_python_operator' retrieved from /home/airflow/.local/lib/python3.12/site-packages/airflow/example_dags/example_python_operator.py
[2024-10-15T01:02:26.623+0000] {logging_mixin.py:190} INFO - [2024-10-15T01:02:26.623+0000] {dag.py:3239} INFO - Sync 1 DAGs
[2024-10-15T01:02:26.636+0000] {logging_mixin.py:190} INFO - [2024-10-15T01:02:26.636+0000] {dag.py:4180} INFO - Setting next_dagrun for example_python_operator to None, run_after=None
[2024-10-15T01:02:26.655+0000] {processor.py:208} INFO - Processing /home/airflow/.local/lib/python3.12/site-packages/airflow/example_dags/example_python_operator.py took 0.075 seconds
[2024-10-15T01:02:56.768+0000] {processor.py:186} INFO - Started process (PID=469) to work on /home/airflow/.local/lib/python3.12/site-packages/airflow/example_dags/example_python_operator.py
[2024-10-15T01:02:56.768+0000] {processor.py:914} INFO - Processing file /home/airflow/.local/lib/python3.12/site-packages/airflow/example_dags/example_python_operator.py for tasks to queue
[2024-10-15T01:02:56.776+0000] {logging_mixin.py:190} INFO - [2024-10-15T01:02:56.775+0000] {dagbag.py:588} INFO - Filling up the DagBag from /home/airflow/.local/lib/python3.12/site-packages/airflow/example_dags/example_python_operator.py
[2024-10-15T01:02:56.831+0000] {processor.py:925} INFO - DAG(s) 'example_python_operator' retrieved from /home/airflow/.local/lib/python3.12/site-packages/airflow/example_dags/example_python_operator.py
[2024-10-15T01:02:56.918+0000] {logging_mixin.py:190} INFO - [2024-10-15T01:02:56.918+0000] {dag.py:3239} INFO - Sync 1 DAGs
[2024-10-15T01:02:56.955+0000] {logging_mixin.py:190} INFO - [2024-10-15T01:02:56.955+0000] {dag.py:4180} INFO - Setting next_dagrun for example_python_operator to None, run_after=None
[2024-10-15T01:02:57.026+0000] {processor.py:208} INFO - Processing /home/airflow/.local/lib/python3.12/site-packages/airflow/example_dags/example_python_operator.py took 0.272 seconds
[2024-10-15T01:03:27.132+0000] {processor.py:186} INFO - Started process (PID=531) to work on /home/airflow/.local/lib/python3.12/site-packages/airflow/example_dags/example_python_operator.py
[2024-10-15T01:03:27.134+0000] {processor.py:914} INFO - Processing file /home/airflow/.local/lib/python3.12/site-packages/airflow/example_dags/example_python_operator.py for tasks to queue
[2024-10-15T01:03:27.136+0000] {logging_mixin.py:190} INFO - [2024-10-15T01:03:27.135+0000] {dagbag.py:588} INFO - Filling up the DagBag from /home/airflow/.local/lib/python3.12/site-packages/airflow/example_dags/example_python_operator.py
[2024-10-15T01:03:27.148+0000] {processor.py:925} INFO - DAG(s) 'example_python_operator' retrieved from /home/airflow/.local/lib/python3.12/site-packages/airflow/example_dags/example_python_operator.py
[2024-10-15T01:03:27.171+0000] {logging_mixin.py:190} INFO - [2024-10-15T01:03:27.171+0000] {dag.py:3239} INFO - Sync 1 DAGs
[2024-10-15T01:03:27.184+0000] {logging_mixin.py:190} INFO - [2024-10-15T01:03:27.184+0000] {dag.py:4180} INFO - Setting next_dagrun for example_python_operator to None, run_after=None
[2024-10-15T01:03:27.202+0000] {processor.py:208} INFO - Processing /home/airflow/.local/lib/python3.12/site-packages/airflow/example_dags/example_python_operator.py took 0.075 seconds
[2024-10-15T01:03:57.768+0000] {processor.py:186} INFO - Started process (PID=593) to work on /home/airflow/.local/lib/python3.12/site-packages/airflow/example_dags/example_python_operator.py
[2024-10-15T01:03:57.770+0000] {processor.py:914} INFO - Processing file /home/airflow/.local/lib/python3.12/site-packages/airflow/example_dags/example_python_operator.py for tasks to queue
[2024-10-15T01:03:57.772+0000] {logging_mixin.py:190} INFO - [2024-10-15T01:03:57.772+0000] {dagbag.py:588} INFO - Filling up the DagBag from /home/airflow/.local/lib/python3.12/site-packages/airflow/example_dags/example_python_operator.py
[2024-10-15T01:03:57.787+0000] {processor.py:925} INFO - DAG(s) 'example_python_operator' retrieved from /home/airflow/.local/lib/python3.12/site-packages/airflow/example_dags/example_python_operator.py
[2024-10-15T01:03:57.808+0000] {logging_mixin.py:190} INFO - [2024-10-15T01:03:57.808+0000] {dag.py:3239} INFO - Sync 1 DAGs
[2024-10-15T01:03:57.822+0000] {logging_mixin.py:190} INFO - [2024-10-15T01:03:57.822+0000] {dag.py:4180} INFO - Setting next_dagrun for example_python_operator to None, run_after=None
[2024-10-15T01:03:57.848+0000] {processor.py:208} INFO - Processing /home/airflow/.local/lib/python3.12/site-packages/airflow/example_dags/example_python_operator.py took 0.084 seconds
[2024-10-15T01:04:28.312+0000] {processor.py:186} INFO - Started process (PID=655) to work on /home/airflow/.local/lib/python3.12/site-packages/airflow/example_dags/example_python_operator.py
[2024-10-15T01:04:28.314+0000] {processor.py:914} INFO - Processing file /home/airflow/.local/lib/python3.12/site-packages/airflow/example_dags/example_python_operator.py for tasks to queue
[2024-10-15T01:04:28.316+0000] {logging_mixin.py:190} INFO - [2024-10-15T01:04:28.316+0000] {dagbag.py:588} INFO - Filling up the DagBag from /home/airflow/.local/lib/python3.12/site-packages/airflow/example_dags/example_python_operator.py
[2024-10-15T01:04:28.330+0000] {processor.py:925} INFO - DAG(s) 'example_python_operator' retrieved from /home/airflow/.local/lib/python3.12/site-packages/airflow/example_dags/example_python_operator.py
[2024-10-15T01:04:28.355+0000] {logging_mixin.py:190} INFO - [2024-10-15T01:04:28.355+0000] {dag.py:3239} INFO - Sync 1 DAGs
[2024-10-15T01:04:28.368+0000] {logging_mixin.py:190} INFO - [2024-10-15T01:04:28.368+0000] {dag.py:4180} INFO - Setting next_dagrun for example_python_operator to None, run_after=None
[2024-10-15T01:04:28.393+0000] {processor.py:208} INFO - Processing /home/airflow/.local/lib/python3.12/site-packages/airflow/example_dags/example_python_operator.py took 0.086 seconds
[2024-10-15T01:04:58.733+0000] {processor.py:186} INFO - Started process (PID=717) to work on /home/airflow/.local/lib/python3.12/site-packages/airflow/example_dags/example_python_operator.py
[2024-10-15T01:04:58.733+0000] {processor.py:914} INFO - Processing file /home/airflow/.local/lib/python3.12/site-packages/airflow/example_dags/example_python_operator.py for tasks to queue
[2024-10-15T01:04:58.735+0000] {logging_mixin.py:190} INFO - [2024-10-15T01:04:58.735+0000] {dagbag.py:588} INFO - Filling up the DagBag from /home/airflow/.local/lib/python3.12/site-packages/airflow/example_dags/example_python_operator.py
[2024-10-15T01:04:58.747+0000] {processor.py:925} INFO - DAG(s) 'example_python_operator' retrieved from /home/airflow/.local/lib/python3.12/site-packages/airflow/example_dags/example_python_operator.py
[2024-10-15T01:04:58.770+0000] {logging_mixin.py:190} INFO - [2024-10-15T01:04:58.770+0000] {dag.py:3239} INFO - Sync 1 DAGs
[2024-10-15T01:04:58.783+0000] {logging_mixin.py:190} INFO - [2024-10-15T01:04:58.783+0000] {dag.py:4180} INFO - Setting next_dagrun for example_python_operator to None, run_after=None
[2024-10-15T01:04:58.807+0000] {processor.py:208} INFO - Processing /home/airflow/.local/lib/python3.12/site-packages/airflow/example_dags/example_python_operator.py took 0.081 seconds
[2024-10-15T01:05:29.093+0000] {processor.py:186} INFO - Started process (PID=779) to work on /home/airflow/.local/lib/python3.12/site-packages/airflow/example_dags/example_python_operator.py
[2024-10-15T01:05:29.096+0000] {processor.py:914} INFO - Processing file /home/airflow/.local/lib/python3.12/site-packages/airflow/example_dags/example_python_operator.py for tasks to queue
[2024-10-15T01:05:29.098+0000] {logging_mixin.py:190} INFO - [2024-10-15T01:05:29.097+0000] {dagbag.py:588} INFO - Filling up the DagBag from /home/airflow/.local/lib/python3.12/site-packages/airflow/example_dags/example_python_operator.py
[2024-10-15T01:05:29.113+0000] {processor.py:925} INFO - DAG(s) 'example_python_operator' retrieved from /home/airflow/.local/lib/python3.12/site-packages/airflow/example_dags/example_python_operator.py
[2024-10-15T01:05:29.136+0000] {logging_mixin.py:190} INFO - [2024-10-15T01:05:29.136+0000] {dag.py:3239} INFO - Sync 1 DAGs
[2024-10-15T01:05:29.152+0000] {logging_mixin.py:190} INFO - [2024-10-15T01:05:29.152+0000] {dag.py:4180} INFO - Setting next_dagrun for example_python_operator to None, run_after=None
[2024-10-15T01:05:29.175+0000] {processor.py:208} INFO - Processing /home/airflow/.local/lib/python3.12/site-packages/airflow/example_dags/example_python_operator.py took 0.087 seconds
[2024-10-15T01:05:59.631+0000] {processor.py:186} INFO - Started process (PID=842) to work on /home/airflow/.local/lib/python3.12/site-packages/airflow/example_dags/example_python_operator.py
[2024-10-15T01:05:59.631+0000] {processor.py:914} INFO - Processing file /home/airflow/.local/lib/python3.12/site-packages/airflow/example_dags/example_python_operator.py for tasks to queue
[2024-10-15T01:05:59.633+0000] {logging_mixin.py:190} INFO - [2024-10-15T01:05:59.633+0000] {dagbag.py:588} INFO - Filling up the DagBag from /home/airflow/.local/lib/python3.12/site-packages/airflow/example_dags/example_python_operator.py
[2024-10-15T01:05:59.646+0000] {processor.py:925} INFO - DAG(s) 'example_python_operator' retrieved from /home/airflow/.local/lib/python3.12/site-packages/airflow/example_dags/example_python_operator.py
[2024-10-15T01:05:59.668+0000] {logging_mixin.py:190} INFO - [2024-10-15T01:05:59.668+0000] {dag.py:3239} INFO - Sync 1 DAGs
[2024-10-15T01:05:59.687+0000] {logging_mixin.py:190} INFO - [2024-10-15T01:05:59.686+0000] {dag.py:4180} INFO - Setting next_dagrun for example_python_operator to None, run_after=None
[2024-10-15T01:05:59.707+0000] {processor.py:208} INFO - Processing /home/airflow/.local/lib/python3.12/site-packages/airflow/example_dags/example_python_operator.py took 0.083 seconds
[2024-10-15T01:06:30.436+0000] {processor.py:186} INFO - Started process (PID=904) to work on /home/airflow/.local/lib/python3.12/site-packages/airflow/example_dags/example_python_operator.py
[2024-10-15T01:06:30.438+0000] {processor.py:914} INFO - Processing file /home/airflow/.local/lib/python3.12/site-packages/airflow/example_dags/example_python_operator.py for tasks to queue
[2024-10-15T01:06:30.440+0000] {logging_mixin.py:190} INFO - [2024-10-15T01:06:30.439+0000] {dagbag.py:588} INFO - Filling up the DagBag from /home/airflow/.local/lib/python3.12/site-packages/airflow/example_dags/example_python_operator.py
[2024-10-15T01:06:30.453+0000] {processor.py:925} INFO - DAG(s) 'example_python_operator' retrieved from /home/airflow/.local/lib/python3.12/site-packages/airflow/example_dags/example_python_operator.py
[2024-10-15T01:06:30.486+0000] {logging_mixin.py:190} INFO - [2024-10-15T01:06:30.485+0000] {dag.py:3239} INFO - Sync 1 DAGs
[2024-10-15T01:06:30.501+0000] {logging_mixin.py:190} INFO - [2024-10-15T01:06:30.500+0000] {dag.py:4180} INFO - Setting next_dagrun for example_python_operator to None, run_after=None
[2024-10-15T01:06:30.524+0000] {processor.py:208} INFO - Processing /home/airflow/.local/lib/python3.12/site-packages/airflow/example_dags/example_python_operator.py took 0.093 seconds
[2024-10-15T01:07:00.635+0000] {processor.py:186} INFO - Started process (PID=966) to work on /home/airflow/.local/lib/python3.12/site-packages/airflow/example_dags/example_python_operator.py
[2024-10-15T01:07:00.636+0000] {processor.py:914} INFO - Processing file /home/airflow/.local/lib/python3.12/site-packages/airflow/example_dags/example_python_operator.py for tasks to queue
[2024-10-15T01:07:00.639+0000] {logging_mixin.py:190} INFO - [2024-10-15T01:07:00.639+0000] {dagbag.py:588} INFO - Filling up the DagBag from /home/airflow/.local/lib/python3.12/site-packages/airflow/example_dags/example_python_operator.py
[2024-10-15T01:07:00.652+0000] {processor.py:925} INFO - DAG(s) 'example_python_operator' retrieved from /home/airflow/.local/lib/python3.12/site-packages/airflow/example_dags/example_python_operator.py
[2024-10-15T01:07:00.679+0000] {logging_mixin.py:190} INFO - [2024-10-15T01:07:00.679+0000] {dag.py:3239} INFO - Sync 1 DAGs
[2024-10-15T01:07:00.693+0000] {logging_mixin.py:190} INFO - [2024-10-15T01:07:00.693+0000] {dag.py:4180} INFO - Setting next_dagrun for example_python_operator to None, run_after=None
[2024-10-15T01:07:00.717+0000] {processor.py:208} INFO - Processing /home/airflow/.local/lib/python3.12/site-packages/airflow/example_dags/example_python_operator.py took 0.087 seconds
[2024-10-15T01:07:31.778+0000] {processor.py:186} INFO - Started process (PID=1029) to work on /home/airflow/.local/lib/python3.12/site-packages/airflow/example_dags/example_python_operator.py
[2024-10-15T01:07:31.780+0000] {processor.py:914} INFO - Processing file /home/airflow/.local/lib/python3.12/site-packages/airflow/example_dags/example_python_operator.py for tasks to queue
[2024-10-15T01:07:31.783+0000] {logging_mixin.py:190} INFO - [2024-10-15T01:07:31.782+0000] {dagbag.py:588} INFO - Filling up the DagBag from /home/airflow/.local/lib/python3.12/site-packages/airflow/example_dags/example_python_operator.py
[2024-10-15T01:07:31.801+0000] {processor.py:925} INFO - DAG(s) 'example_python_operator' retrieved from /home/airflow/.local/lib/python3.12/site-packages/airflow/example_dags/example_python_operator.py
[2024-10-15T01:07:31.825+0000] {logging_mixin.py:190} INFO - [2024-10-15T01:07:31.825+0000] {dag.py:3239} INFO - Sync 1 DAGs
[2024-10-15T01:07:31.842+0000] {logging_mixin.py:190} INFO - [2024-10-15T01:07:31.842+0000] {dag.py:4180} INFO - Setting next_dagrun for example_python_operator to None, run_after=None
[2024-10-15T01:07:31.859+0000] {processor.py:208} INFO - Processing /home/airflow/.local/lib/python3.12/site-packages/airflow/example_dags/example_python_operator.py took 0.088 seconds
[2024-10-15T01:08:02.818+0000] {processor.py:186} INFO - Started process (PID=1091) to work on /home/airflow/.local/lib/python3.12/site-packages/airflow/example_dags/example_python_operator.py
[2024-10-15T01:08:02.822+0000] {processor.py:914} INFO - Processing file /home/airflow/.local/lib/python3.12/site-packages/airflow/example_dags/example_python_operator.py for tasks to queue
[2024-10-15T01:08:02.824+0000] {logging_mixin.py:190} INFO - [2024-10-15T01:08:02.824+0000] {dagbag.py:588} INFO - Filling up the DagBag from /home/airflow/.local/lib/python3.12/site-packages/airflow/example_dags/example_python_operator.py
[2024-10-15T01:08:02.858+0000] {processor.py:925} INFO - DAG(s) 'example_python_operator' retrieved from /home/airflow/.local/lib/python3.12/site-packages/airflow/example_dags/example_python_operator.py
[2024-10-15T01:08:02.934+0000] {logging_mixin.py:190} INFO - [2024-10-15T01:08:02.934+0000] {dag.py:3239} INFO - Sync 1 DAGs
[2024-10-15T01:08:02.951+0000] {logging_mixin.py:190} INFO - [2024-10-15T01:08:02.951+0000] {dag.py:4180} INFO - Setting next_dagrun for example_python_operator to None, run_after=None
[2024-10-15T01:08:03.001+0000] {processor.py:208} INFO - Processing /home/airflow/.local/lib/python3.12/site-packages/airflow/example_dags/example_python_operator.py took 0.204 seconds
[2024-10-15T01:08:33.736+0000] {processor.py:186} INFO - Started process (PID=1153) to work on /home/airflow/.local/lib/python3.12/site-packages/airflow/example_dags/example_python_operator.py
[2024-10-15T01:08:33.750+0000] {processor.py:914} INFO - Processing file /home/airflow/.local/lib/python3.12/site-packages/airflow/example_dags/example_python_operator.py for tasks to queue
[2024-10-15T01:08:33.753+0000] {logging_mixin.py:190} INFO - [2024-10-15T01:08:33.752+0000] {dagbag.py:588} INFO - Filling up the DagBag from /home/airflow/.local/lib/python3.12/site-packages/airflow/example_dags/example_python_operator.py
[2024-10-15T01:08:33.787+0000] {processor.py:925} INFO - DAG(s) 'example_python_operator' retrieved from /home/airflow/.local/lib/python3.12/site-packages/airflow/example_dags/example_python_operator.py
[2024-10-15T01:08:33.834+0000] {logging_mixin.py:190} INFO - [2024-10-15T01:08:33.834+0000] {dag.py:3239} INFO - Sync 1 DAGs
[2024-10-15T01:08:33.867+0000] {logging_mixin.py:190} INFO - [2024-10-15T01:08:33.867+0000] {dag.py:4180} INFO - Setting next_dagrun for example_python_operator to None, run_after=None
[2024-10-15T01:08:33.899+0000] {processor.py:208} INFO - Processing /home/airflow/.local/lib/python3.12/site-packages/airflow/example_dags/example_python_operator.py took 0.184 seconds
[2024-10-15T01:09:05.129+0000] {processor.py:186} INFO - Started process (PID=1215) to work on /home/airflow/.local/lib/python3.12/site-packages/airflow/example_dags/example_python_operator.py
[2024-10-15T01:09:05.147+0000] {processor.py:914} INFO - Processing file /home/airflow/.local/lib/python3.12/site-packages/airflow/example_dags/example_python_operator.py for tasks to queue
[2024-10-15T01:09:05.160+0000] {logging_mixin.py:190} INFO - [2024-10-15T01:09:05.157+0000] {dagbag.py:588} INFO - Filling up the DagBag from /home/airflow/.local/lib/python3.12/site-packages/airflow/example_dags/example_python_operator.py
[2024-10-15T01:09:05.210+0000] {processor.py:925} INFO - DAG(s) 'example_python_operator' retrieved from /home/airflow/.local/lib/python3.12/site-packages/airflow/example_dags/example_python_operator.py
[2024-10-15T01:09:05.276+0000] {logging_mixin.py:190} INFO - [2024-10-15T01:09:05.273+0000] {dag.py:3239} INFO - Sync 1 DAGs
[2024-10-15T01:09:05.323+0000] {logging_mixin.py:190} INFO - [2024-10-15T01:09:05.323+0000] {dag.py:4180} INFO - Setting next_dagrun for example_python_operator to None, run_after=None
[2024-10-15T01:09:05.374+0000] {processor.py:208} INFO - Processing /home/airflow/.local/lib/python3.12/site-packages/airflow/example_dags/example_python_operator.py took 0.263 seconds
[2024-10-15T01:09:35.452+0000] {processor.py:186} INFO - Started process (PID=1277) to work on /home/airflow/.local/lib/python3.12/site-packages/airflow/example_dags/example_python_operator.py
[2024-10-15T01:09:35.454+0000] {processor.py:914} INFO - Processing file /home/airflow/.local/lib/python3.12/site-packages/airflow/example_dags/example_python_operator.py for tasks to queue
[2024-10-15T01:09:35.456+0000] {logging_mixin.py:190} INFO - [2024-10-15T01:09:35.456+0000] {dagbag.py:588} INFO - Filling up the DagBag from /home/airflow/.local/lib/python3.12/site-packages/airflow/example_dags/example_python_operator.py
[2024-10-15T01:09:35.483+0000] {processor.py:925} INFO - DAG(s) 'example_python_operator' retrieved from /home/airflow/.local/lib/python3.12/site-packages/airflow/example_dags/example_python_operator.py
[2024-10-15T01:09:35.524+0000] {logging_mixin.py:190} INFO - [2024-10-15T01:09:35.523+0000] {dag.py:3239} INFO - Sync 1 DAGs
[2024-10-15T01:09:35.540+0000] {logging_mixin.py:190} INFO - [2024-10-15T01:09:35.540+0000] {dag.py:4180} INFO - Setting next_dagrun for example_python_operator to None, run_after=None
[2024-10-15T01:09:35.565+0000] {processor.py:208} INFO - Processing /home/airflow/.local/lib/python3.12/site-packages/airflow/example_dags/example_python_operator.py took 0.121 seconds
[2024-10-15T01:10:06.131+0000] {processor.py:186} INFO - Started process (PID=1341) to work on /home/airflow/.local/lib/python3.12/site-packages/airflow/example_dags/example_python_operator.py
[2024-10-15T01:10:06.132+0000] {processor.py:914} INFO - Processing file /home/airflow/.local/lib/python3.12/site-packages/airflow/example_dags/example_python_operator.py for tasks to queue
[2024-10-15T01:10:06.133+0000] {logging_mixin.py:190} INFO - [2024-10-15T01:10:06.132+0000] {dagbag.py:588} INFO - Filling up the DagBag from /home/airflow/.local/lib/python3.12/site-packages/airflow/example_dags/example_python_operator.py
[2024-10-15T01:10:06.149+0000] {processor.py:925} INFO - DAG(s) 'example_python_operator' retrieved from /home/airflow/.local/lib/python3.12/site-packages/airflow/example_dags/example_python_operator.py
[2024-10-15T01:10:06.175+0000] {logging_mixin.py:190} INFO - [2024-10-15T01:10:06.175+0000] {dag.py:3239} INFO - Sync 1 DAGs
[2024-10-15T01:10:06.191+0000] {logging_mixin.py:190} INFO - [2024-10-15T01:10:06.191+0000] {dag.py:4180} INFO - Setting next_dagrun for example_python_operator to None, run_after=None
[2024-10-15T01:10:06.209+0000] {processor.py:208} INFO - Processing /home/airflow/.local/lib/python3.12/site-packages/airflow/example_dags/example_python_operator.py took 0.085 seconds
[2024-10-15T01:10:37.178+0000] {processor.py:186} INFO - Started process (PID=1403) to work on /home/airflow/.local/lib/python3.12/site-packages/airflow/example_dags/example_python_operator.py
[2024-10-15T01:10:37.180+0000] {processor.py:914} INFO - Processing file /home/airflow/.local/lib/python3.12/site-packages/airflow/example_dags/example_python_operator.py for tasks to queue
[2024-10-15T01:10:37.181+0000] {logging_mixin.py:190} INFO - [2024-10-15T01:10:37.181+0000] {dagbag.py:588} INFO - Filling up the DagBag from /home/airflow/.local/lib/python3.12/site-packages/airflow/example_dags/example_python_operator.py
[2024-10-15T01:10:37.191+0000] {processor.py:925} INFO - DAG(s) 'example_python_operator' retrieved from /home/airflow/.local/lib/python3.12/site-packages/airflow/example_dags/example_python_operator.py
[2024-10-15T01:10:37.230+0000] {logging_mixin.py:190} INFO - [2024-10-15T01:10:37.230+0000] {dag.py:3239} INFO - Sync 1 DAGs
[2024-10-15T01:10:37.255+0000] {logging_mixin.py:190} INFO - [2024-10-15T01:10:37.255+0000] {dag.py:4180} INFO - Setting next_dagrun for example_python_operator to None, run_after=None
[2024-10-15T01:10:37.292+0000] {processor.py:208} INFO - Processing /home/airflow/.local/lib/python3.12/site-packages/airflow/example_dags/example_python_operator.py took 0.118 seconds
[2024-10-15T01:11:07.696+0000] {processor.py:186} INFO - Started process (PID=1466) to work on /home/airflow/.local/lib/python3.12/site-packages/airflow/example_dags/example_python_operator.py
[2024-10-15T01:11:07.698+0000] {processor.py:914} INFO - Processing file /home/airflow/.local/lib/python3.12/site-packages/airflow/example_dags/example_python_operator.py for tasks to queue
[2024-10-15T01:11:07.698+0000] {logging_mixin.py:190} INFO - [2024-10-15T01:11:07.698+0000] {dagbag.py:588} INFO - Filling up the DagBag from /home/airflow/.local/lib/python3.12/site-packages/airflow/example_dags/example_python_operator.py
[2024-10-15T01:11:07.710+0000] {processor.py:925} INFO - DAG(s) 'example_python_operator' retrieved from /home/airflow/.local/lib/python3.12/site-packages/airflow/example_dags/example_python_operator.py
[2024-10-15T01:11:07.734+0000] {logging_mixin.py:190} INFO - [2024-10-15T01:11:07.734+0000] {dag.py:3239} INFO - Sync 1 DAGs
[2024-10-15T01:11:07.748+0000] {logging_mixin.py:190} INFO - [2024-10-15T01:11:07.748+0000] {dag.py:4180} INFO - Setting next_dagrun for example_python_operator to None, run_after=None
[2024-10-15T01:11:07.773+0000] {processor.py:208} INFO - Processing /home/airflow/.local/lib/python3.12/site-packages/airflow/example_dags/example_python_operator.py took 0.084 seconds
[2024-10-15T01:11:37.811+0000] {processor.py:186} INFO - Started process (PID=1529) to work on /home/airflow/.local/lib/python3.12/site-packages/airflow/example_dags/example_python_operator.py
[2024-10-15T01:11:37.812+0000] {processor.py:914} INFO - Processing file /home/airflow/.local/lib/python3.12/site-packages/airflow/example_dags/example_python_operator.py for tasks to queue
[2024-10-15T01:11:37.813+0000] {logging_mixin.py:190} INFO - [2024-10-15T01:11:37.812+0000] {dagbag.py:588} INFO - Filling up the DagBag from /home/airflow/.local/lib/python3.12/site-packages/airflow/example_dags/example_python_operator.py
[2024-10-15T01:11:37.826+0000] {processor.py:925} INFO - DAG(s) 'example_python_operator' retrieved from /home/airflow/.local/lib/python3.12/site-packages/airflow/example_dags/example_python_operator.py
[2024-10-15T01:11:37.850+0000] {logging_mixin.py:190} INFO - [2024-10-15T01:11:37.849+0000] {dag.py:3239} INFO - Sync 1 DAGs
[2024-10-15T01:11:37.870+0000] {logging_mixin.py:190} INFO - [2024-10-15T01:11:37.867+0000] {dag.py:4180} INFO - Setting next_dagrun for example_python_operator to None, run_after=None
[2024-10-15T01:11:37.890+0000] {processor.py:208} INFO - Processing /home/airflow/.local/lib/python3.12/site-packages/airflow/example_dags/example_python_operator.py took 0.086 seconds
[2024-10-15T01:12:08.917+0000] {processor.py:186} INFO - Started process (PID=1592) to work on /home/airflow/.local/lib/python3.12/site-packages/airflow/example_dags/example_python_operator.py
[2024-10-15T01:12:08.919+0000] {processor.py:914} INFO - Processing file /home/airflow/.local/lib/python3.12/site-packages/airflow/example_dags/example_python_operator.py for tasks to queue
[2024-10-15T01:12:08.920+0000] {logging_mixin.py:190} INFO - [2024-10-15T01:12:08.920+0000] {dagbag.py:588} INFO - Filling up the DagBag from /home/airflow/.local/lib/python3.12/site-packages/airflow/example_dags/example_python_operator.py
[2024-10-15T01:12:08.934+0000] {processor.py:925} INFO - DAG(s) 'example_python_operator' retrieved from /home/airflow/.local/lib/python3.12/site-packages/airflow/example_dags/example_python_operator.py
[2024-10-15T01:12:08.958+0000] {logging_mixin.py:190} INFO - [2024-10-15T01:12:08.958+0000] {dag.py:3239} INFO - Sync 1 DAGs
[2024-10-15T01:12:08.979+0000] {logging_mixin.py:190} INFO - [2024-10-15T01:12:08.979+0000] {dag.py:4180} INFO - Setting next_dagrun for example_python_operator to None, run_after=None
[2024-10-15T01:12:08.997+0000] {processor.py:208} INFO - Processing /home/airflow/.local/lib/python3.12/site-packages/airflow/example_dags/example_python_operator.py took 0.094 seconds
[2024-10-15T01:12:39.564+0000] {processor.py:186} INFO - Started process (PID=1656) to work on /home/airflow/.local/lib/python3.12/site-packages/airflow/example_dags/example_python_operator.py
[2024-10-15T01:12:39.566+0000] {processor.py:914} INFO - Processing file /home/airflow/.local/lib/python3.12/site-packages/airflow/example_dags/example_python_operator.py for tasks to queue
[2024-10-15T01:12:39.567+0000] {logging_mixin.py:190} INFO - [2024-10-15T01:12:39.567+0000] {dagbag.py:588} INFO - Filling up the DagBag from /home/airflow/.local/lib/python3.12/site-packages/airflow/example_dags/example_python_operator.py
[2024-10-15T01:12:39.579+0000] {processor.py:925} INFO - DAG(s) 'example_python_operator' retrieved from /home/airflow/.local/lib/python3.12/site-packages/airflow/example_dags/example_python_operator.py
[2024-10-15T01:12:39.607+0000] {logging_mixin.py:190} INFO - [2024-10-15T01:12:39.607+0000] {dag.py:3239} INFO - Sync 1 DAGs
[2024-10-15T01:12:39.622+0000] {logging_mixin.py:190} INFO - [2024-10-15T01:12:39.622+0000] {dag.py:4180} INFO - Setting next_dagrun for example_python_operator to None, run_after=None
[2024-10-15T01:12:39.641+0000] {processor.py:208} INFO - Processing /home/airflow/.local/lib/python3.12/site-packages/airflow/example_dags/example_python_operator.py took 0.082 seconds
[2024-10-15T01:13:10.805+0000] {processor.py:186} INFO - Started process (PID=1721) to work on /home/airflow/.local/lib/python3.12/site-packages/airflow/example_dags/example_python_operator.py
[2024-10-15T01:13:10.824+0000] {processor.py:914} INFO - Processing file /home/airflow/.local/lib/python3.12/site-packages/airflow/example_dags/example_python_operator.py for tasks to queue
[2024-10-15T01:13:10.825+0000] {logging_mixin.py:190} INFO - [2024-10-15T01:13:10.824+0000] {dagbag.py:588} INFO - Filling up the DagBag from /home/airflow/.local/lib/python3.12/site-packages/airflow/example_dags/example_python_operator.py
[2024-10-15T01:13:10.844+0000] {processor.py:925} INFO - DAG(s) 'example_python_operator' retrieved from /home/airflow/.local/lib/python3.12/site-packages/airflow/example_dags/example_python_operator.py
[2024-10-15T01:13:10.868+0000] {logging_mixin.py:190} INFO - [2024-10-15T01:13:10.868+0000] {dag.py:3239} INFO - Sync 1 DAGs
[2024-10-15T01:13:10.883+0000] {logging_mixin.py:190} INFO - [2024-10-15T01:13:10.883+0000] {dag.py:4180} INFO - Setting next_dagrun for example_python_operator to None, run_after=None
[2024-10-15T01:13:10.919+0000] {processor.py:208} INFO - Processing /home/airflow/.local/lib/python3.12/site-packages/airflow/example_dags/example_python_operator.py took 0.122 seconds
[2024-10-15T01:13:41.073+0000] {processor.py:186} INFO - Started process (PID=1784) to work on /home/airflow/.local/lib/python3.12/site-packages/airflow/example_dags/example_python_operator.py
[2024-10-15T01:13:41.074+0000] {processor.py:914} INFO - Processing file /home/airflow/.local/lib/python3.12/site-packages/airflow/example_dags/example_python_operator.py for tasks to queue
[2024-10-15T01:13:41.075+0000] {logging_mixin.py:190} INFO - [2024-10-15T01:13:41.075+0000] {dagbag.py:588} INFO - Filling up the DagBag from /home/airflow/.local/lib/python3.12/site-packages/airflow/example_dags/example_python_operator.py
[2024-10-15T01:13:41.087+0000] {processor.py:925} INFO - DAG(s) 'example_python_operator' retrieved from /home/airflow/.local/lib/python3.12/site-packages/airflow/example_dags/example_python_operator.py
[2024-10-15T01:13:41.113+0000] {logging_mixin.py:190} INFO - [2024-10-15T01:13:41.113+0000] {dag.py:3239} INFO - Sync 1 DAGs
[2024-10-15T01:13:41.140+0000] {logging_mixin.py:190} INFO - [2024-10-15T01:13:41.140+0000] {dag.py:4180} INFO - Setting next_dagrun for example_python_operator to None, run_after=None
[2024-10-15T01:13:41.159+0000] {processor.py:208} INFO - Processing /home/airflow/.local/lib/python3.12/site-packages/airflow/example_dags/example_python_operator.py took 0.091 seconds
[2024-10-15T01:14:11.965+0000] {processor.py:186} INFO - Started process (PID=1847) to work on /home/airflow/.local/lib/python3.12/site-packages/airflow/example_dags/example_python_operator.py
[2024-10-15T01:14:11.978+0000] {processor.py:914} INFO - Processing file /home/airflow/.local/lib/python3.12/site-packages/airflow/example_dags/example_python_operator.py for tasks to queue
[2024-10-15T01:14:11.979+0000] {logging_mixin.py:190} INFO - [2024-10-15T01:14:11.978+0000] {dagbag.py:588} INFO - Filling up the DagBag from /home/airflow/.local/lib/python3.12/site-packages/airflow/example_dags/example_python_operator.py
[2024-10-15T01:14:12.007+0000] {processor.py:925} INFO - DAG(s) 'example_python_operator' retrieved from /home/airflow/.local/lib/python3.12/site-packages/airflow/example_dags/example_python_operator.py
[2024-10-15T01:14:12.052+0000] {logging_mixin.py:190} INFO - [2024-10-15T01:14:12.052+0000] {dag.py:3239} INFO - Sync 1 DAGs
[2024-10-15T01:14:12.089+0000] {logging_mixin.py:190} INFO - [2024-10-15T01:14:12.089+0000] {dag.py:4180} INFO - Setting next_dagrun for example_python_operator to None, run_after=None
[2024-10-15T01:14:12.112+0000] {processor.py:208} INFO - Processing /home/airflow/.local/lib/python3.12/site-packages/airflow/example_dags/example_python_operator.py took 0.158 seconds
[2024-10-15T01:14:42.211+0000] {processor.py:186} INFO - Started process (PID=1910) to work on /home/airflow/.local/lib/python3.12/site-packages/airflow/example_dags/example_python_operator.py
[2024-10-15T01:14:42.214+0000] {processor.py:914} INFO - Processing file /home/airflow/.local/lib/python3.12/site-packages/airflow/example_dags/example_python_operator.py for tasks to queue
[2024-10-15T01:14:42.215+0000] {logging_mixin.py:190} INFO - [2024-10-15T01:14:42.214+0000] {dagbag.py:588} INFO - Filling up the DagBag from /home/airflow/.local/lib/python3.12/site-packages/airflow/example_dags/example_python_operator.py
[2024-10-15T01:14:42.227+0000] {processor.py:925} INFO - DAG(s) 'example_python_operator' retrieved from /home/airflow/.local/lib/python3.12/site-packages/airflow/example_dags/example_python_operator.py
[2024-10-15T01:14:42.256+0000] {logging_mixin.py:190} INFO - [2024-10-15T01:14:42.256+0000] {dag.py:3239} INFO - Sync 1 DAGs
[2024-10-15T01:14:42.271+0000] {logging_mixin.py:190} INFO - [2024-10-15T01:14:42.271+0000] {dag.py:4180} INFO - Setting next_dagrun for example_python_operator to None, run_after=None
[2024-10-15T01:14:42.291+0000] {processor.py:208} INFO - Processing /home/airflow/.local/lib/python3.12/site-packages/airflow/example_dags/example_python_operator.py took 0.087 seconds
[2024-10-15T01:15:12.957+0000] {processor.py:186} INFO - Started process (PID=1972) to work on /home/airflow/.local/lib/python3.12/site-packages/airflow/example_dags/example_python_operator.py
[2024-10-15T01:15:12.968+0000] {processor.py:914} INFO - Processing file /home/airflow/.local/lib/python3.12/site-packages/airflow/example_dags/example_python_operator.py for tasks to queue
[2024-10-15T01:15:12.969+0000] {logging_mixin.py:190} INFO - [2024-10-15T01:15:12.968+0000] {dagbag.py:588} INFO - Filling up the DagBag from /home/airflow/.local/lib/python3.12/site-packages/airflow/example_dags/example_python_operator.py
[2024-10-15T01:15:12.997+0000] {processor.py:925} INFO - DAG(s) 'example_python_operator' retrieved from /home/airflow/.local/lib/python3.12/site-packages/airflow/example_dags/example_python_operator.py
[2024-10-15T01:15:13.020+0000] {logging_mixin.py:190} INFO - [2024-10-15T01:15:13.019+0000] {dag.py:3239} INFO - Sync 1 DAGs
[2024-10-15T01:15:13.036+0000] {logging_mixin.py:190} INFO - [2024-10-15T01:15:13.035+0000] {dag.py:4180} INFO - Setting next_dagrun for example_python_operator to None, run_after=None
[2024-10-15T01:15:13.053+0000] {processor.py:208} INFO - Processing /home/airflow/.local/lib/python3.12/site-packages/airflow/example_dags/example_python_operator.py took 0.108 seconds
[2024-10-15T01:15:43.166+0000] {processor.py:186} INFO - Started process (PID=2035) to work on /home/airflow/.local/lib/python3.12/site-packages/airflow/example_dags/example_python_operator.py
[2024-10-15T01:15:43.168+0000] {processor.py:914} INFO - Processing file /home/airflow/.local/lib/python3.12/site-packages/airflow/example_dags/example_python_operator.py for tasks to queue
[2024-10-15T01:15:43.169+0000] {logging_mixin.py:190} INFO - [2024-10-15T01:15:43.169+0000] {dagbag.py:588} INFO - Filling up the DagBag from /home/airflow/.local/lib/python3.12/site-packages/airflow/example_dags/example_python_operator.py
[2024-10-15T01:15:43.181+0000] {processor.py:925} INFO - DAG(s) 'example_python_operator' retrieved from /home/airflow/.local/lib/python3.12/site-packages/airflow/example_dags/example_python_operator.py
[2024-10-15T01:15:43.211+0000] {logging_mixin.py:190} INFO - [2024-10-15T01:15:43.211+0000] {dag.py:3239} INFO - Sync 1 DAGs
[2024-10-15T01:15:43.228+0000] {logging_mixin.py:190} INFO - [2024-10-15T01:15:43.227+0000] {dag.py:4180} INFO - Setting next_dagrun for example_python_operator to None, run_after=None
[2024-10-15T01:15:43.248+0000] {processor.py:208} INFO - Processing /home/airflow/.local/lib/python3.12/site-packages/airflow/example_dags/example_python_operator.py took 0.088 seconds
[2024-10-15T01:16:13.382+0000] {processor.py:186} INFO - Started process (PID=2097) to work on /home/airflow/.local/lib/python3.12/site-packages/airflow/example_dags/example_python_operator.py
[2024-10-15T01:16:13.383+0000] {processor.py:914} INFO - Processing file /home/airflow/.local/lib/python3.12/site-packages/airflow/example_dags/example_python_operator.py for tasks to queue
[2024-10-15T01:16:13.384+0000] {logging_mixin.py:190} INFO - [2024-10-15T01:16:13.383+0000] {dagbag.py:588} INFO - Filling up the DagBag from /home/airflow/.local/lib/python3.12/site-packages/airflow/example_dags/example_python_operator.py
[2024-10-15T01:16:13.396+0000] {processor.py:925} INFO - DAG(s) 'example_python_operator' retrieved from /home/airflow/.local/lib/python3.12/site-packages/airflow/example_dags/example_python_operator.py
[2024-10-15T01:16:13.422+0000] {logging_mixin.py:190} INFO - [2024-10-15T01:16:13.421+0000] {dag.py:3239} INFO - Sync 1 DAGs
[2024-10-15T01:16:13.436+0000] {logging_mixin.py:190} INFO - [2024-10-15T01:16:13.435+0000] {dag.py:4180} INFO - Setting next_dagrun for example_python_operator to None, run_after=None
[2024-10-15T01:16:13.460+0000] {processor.py:208} INFO - Processing /home/airflow/.local/lib/python3.12/site-packages/airflow/example_dags/example_python_operator.py took 0.084 seconds
[2024-10-15T01:16:43.850+0000] {processor.py:186} INFO - Started process (PID=2160) to work on /home/airflow/.local/lib/python3.12/site-packages/airflow/example_dags/example_python_operator.py
[2024-10-15T01:16:43.851+0000] {processor.py:914} INFO - Processing file /home/airflow/.local/lib/python3.12/site-packages/airflow/example_dags/example_python_operator.py for tasks to queue
[2024-10-15T01:16:43.852+0000] {logging_mixin.py:190} INFO - [2024-10-15T01:16:43.852+0000] {dagbag.py:588} INFO - Filling up the DagBag from /home/airflow/.local/lib/python3.12/site-packages/airflow/example_dags/example_python_operator.py
[2024-10-15T01:16:43.866+0000] {processor.py:925} INFO - DAG(s) 'example_python_operator' retrieved from /home/airflow/.local/lib/python3.12/site-packages/airflow/example_dags/example_python_operator.py
[2024-10-15T01:16:43.891+0000] {logging_mixin.py:190} INFO - [2024-10-15T01:16:43.891+0000] {dag.py:3239} INFO - Sync 1 DAGs
[2024-10-15T01:16:43.906+0000] {logging_mixin.py:190} INFO - [2024-10-15T01:16:43.906+0000] {dag.py:4180} INFO - Setting next_dagrun for example_python_operator to None, run_after=None
[2024-10-15T01:16:43.930+0000] {processor.py:208} INFO - Processing /home/airflow/.local/lib/python3.12/site-packages/airflow/example_dags/example_python_operator.py took 0.086 seconds
[2024-10-15T01:17:14.353+0000] {processor.py:186} INFO - Started process (PID=2223) to work on /home/airflow/.local/lib/python3.12/site-packages/airflow/example_dags/example_python_operator.py
[2024-10-15T01:17:14.353+0000] {processor.py:914} INFO - Processing file /home/airflow/.local/lib/python3.12/site-packages/airflow/example_dags/example_python_operator.py for tasks to queue
[2024-10-15T01:17:14.355+0000] {logging_mixin.py:190} INFO - [2024-10-15T01:17:14.355+0000] {dagbag.py:588} INFO - Filling up the DagBag from /home/airflow/.local/lib/python3.12/site-packages/airflow/example_dags/example_python_operator.py
[2024-10-15T01:17:14.368+0000] {processor.py:925} INFO - DAG(s) 'example_python_operator' retrieved from /home/airflow/.local/lib/python3.12/site-packages/airflow/example_dags/example_python_operator.py
[2024-10-15T01:17:14.413+0000] {logging_mixin.py:190} INFO - [2024-10-15T01:17:14.412+0000] {dag.py:3239} INFO - Sync 1 DAGs
[2024-10-15T01:17:14.428+0000] {logging_mixin.py:190} INFO - [2024-10-15T01:17:14.428+0000] {dag.py:4180} INFO - Setting next_dagrun for example_python_operator to None, run_after=None
[2024-10-15T01:17:14.469+0000] {processor.py:208} INFO - Processing /home/airflow/.local/lib/python3.12/site-packages/airflow/example_dags/example_python_operator.py took 0.122 seconds
[2024-10-15T01:17:44.915+0000] {processor.py:186} INFO - Started process (PID=2286) to work on /home/airflow/.local/lib/python3.12/site-packages/airflow/example_dags/example_python_operator.py
[2024-10-15T01:17:44.918+0000] {processor.py:914} INFO - Processing file /home/airflow/.local/lib/python3.12/site-packages/airflow/example_dags/example_python_operator.py for tasks to queue
[2024-10-15T01:17:44.919+0000] {logging_mixin.py:190} INFO - [2024-10-15T01:17:44.919+0000] {dagbag.py:588} INFO - Filling up the DagBag from /home/airflow/.local/lib/python3.12/site-packages/airflow/example_dags/example_python_operator.py
[2024-10-15T01:17:44.932+0000] {processor.py:925} INFO - DAG(s) 'example_python_operator' retrieved from /home/airflow/.local/lib/python3.12/site-packages/airflow/example_dags/example_python_operator.py
[2024-10-15T01:17:44.968+0000] {logging_mixin.py:190} INFO - [2024-10-15T01:17:44.967+0000] {dag.py:3239} INFO - Sync 1 DAGs
[2024-10-15T01:17:44.983+0000] {logging_mixin.py:190} INFO - [2024-10-15T01:17:44.983+0000] {dag.py:4180} INFO - Setting next_dagrun for example_python_operator to None, run_after=None
[2024-10-15T01:17:45.003+0000] {processor.py:208} INFO - Processing /home/airflow/.local/lib/python3.12/site-packages/airflow/example_dags/example_python_operator.py took 0.095 seconds
[2024-10-15T01:18:16.210+0000] {processor.py:186} INFO - Started process (PID=2356) to work on /home/airflow/.local/lib/python3.12/site-packages/airflow/example_dags/example_python_operator.py
[2024-10-15T01:18:16.212+0000] {processor.py:914} INFO - Processing file /home/airflow/.local/lib/python3.12/site-packages/airflow/example_dags/example_python_operator.py for tasks to queue
[2024-10-15T01:18:16.213+0000] {logging_mixin.py:190} INFO - [2024-10-15T01:18:16.213+0000] {dagbag.py:588} INFO - Filling up the DagBag from /home/airflow/.local/lib/python3.12/site-packages/airflow/example_dags/example_python_operator.py
[2024-10-15T01:18:16.224+0000] {processor.py:925} INFO - DAG(s) 'example_python_operator' retrieved from /home/airflow/.local/lib/python3.12/site-packages/airflow/example_dags/example_python_operator.py
[2024-10-15T01:18:16.251+0000] {logging_mixin.py:190} INFO - [2024-10-15T01:18:16.251+0000] {dag.py:3239} INFO - Sync 1 DAGs
[2024-10-15T01:18:16.267+0000] {logging_mixin.py:190} INFO - [2024-10-15T01:18:16.267+0000] {dag.py:4180} INFO - Setting next_dagrun for example_python_operator to None, run_after=None
[2024-10-15T01:18:16.285+0000] {processor.py:208} INFO - Processing /home/airflow/.local/lib/python3.12/site-packages/airflow/example_dags/example_python_operator.py took 0.081 seconds
[2024-10-15T01:18:48.100+0000] {processor.py:186} INFO - Started process (PID=2419) to work on /home/airflow/.local/lib/python3.12/site-packages/airflow/example_dags/example_python_operator.py
[2024-10-15T01:18:48.102+0000] {processor.py:914} INFO - Processing file /home/airflow/.local/lib/python3.12/site-packages/airflow/example_dags/example_python_operator.py for tasks to queue
[2024-10-15T01:18:48.103+0000] {logging_mixin.py:190} INFO - [2024-10-15T01:18:48.102+0000] {dagbag.py:588} INFO - Filling up the DagBag from /home/airflow/.local/lib/python3.12/site-packages/airflow/example_dags/example_python_operator.py
[2024-10-15T01:18:48.128+0000] {processor.py:925} INFO - DAG(s) 'example_python_operator' retrieved from /home/airflow/.local/lib/python3.12/site-packages/airflow/example_dags/example_python_operator.py
[2024-10-15T01:18:48.171+0000] {logging_mixin.py:190} INFO - [2024-10-15T01:18:48.171+0000] {dag.py:3239} INFO - Sync 1 DAGs
[2024-10-15T01:18:48.192+0000] {logging_mixin.py:190} INFO - [2024-10-15T01:18:48.192+0000] {dag.py:4180} INFO - Setting next_dagrun for example_python_operator to None, run_after=None
[2024-10-15T01:18:48.232+0000] {processor.py:208} INFO - Processing /home/airflow/.local/lib/python3.12/site-packages/airflow/example_dags/example_python_operator.py took 0.142 seconds
[2024-10-15T01:19:18.839+0000] {processor.py:186} INFO - Started process (PID=2482) to work on /home/airflow/.local/lib/python3.12/site-packages/airflow/example_dags/example_python_operator.py
[2024-10-15T01:19:18.840+0000] {processor.py:914} INFO - Processing file /home/airflow/.local/lib/python3.12/site-packages/airflow/example_dags/example_python_operator.py for tasks to queue
[2024-10-15T01:19:18.841+0000] {logging_mixin.py:190} INFO - [2024-10-15T01:19:18.840+0000] {dagbag.py:588} INFO - Filling up the DagBag from /home/airflow/.local/lib/python3.12/site-packages/airflow/example_dags/example_python_operator.py
[2024-10-15T01:19:18.854+0000] {processor.py:925} INFO - DAG(s) 'example_python_operator' retrieved from /home/airflow/.local/lib/python3.12/site-packages/airflow/example_dags/example_python_operator.py
[2024-10-15T01:19:18.875+0000] {logging_mixin.py:190} INFO - [2024-10-15T01:19:18.875+0000] {dag.py:3239} INFO - Sync 1 DAGs
[2024-10-15T01:19:18.892+0000] {logging_mixin.py:190} INFO - [2024-10-15T01:19:18.891+0000] {dag.py:4180} INFO - Setting next_dagrun for example_python_operator to None, run_after=None
[2024-10-15T01:19:18.911+0000] {processor.py:208} INFO - Processing /home/airflow/.local/lib/python3.12/site-packages/airflow/example_dags/example_python_operator.py took 0.084 seconds
[2024-10-15T01:19:50.204+0000] {processor.py:186} INFO - Started process (PID=2546) to work on /home/airflow/.local/lib/python3.12/site-packages/airflow/example_dags/example_python_operator.py
[2024-10-15T01:19:50.209+0000] {processor.py:914} INFO - Processing file /home/airflow/.local/lib/python3.12/site-packages/airflow/example_dags/example_python_operator.py for tasks to queue
[2024-10-15T01:19:50.213+0000] {logging_mixin.py:190} INFO - [2024-10-15T01:19:50.212+0000] {dagbag.py:588} INFO - Filling up the DagBag from /home/airflow/.local/lib/python3.12/site-packages/airflow/example_dags/example_python_operator.py
[2024-10-15T01:19:50.265+0000] {processor.py:925} INFO - DAG(s) 'example_python_operator' retrieved from /home/airflow/.local/lib/python3.12/site-packages/airflow/example_dags/example_python_operator.py
[2024-10-15T01:19:50.324+0000] {logging_mixin.py:190} INFO - [2024-10-15T01:19:50.324+0000] {dag.py:3239} INFO - Sync 1 DAGs
[2024-10-15T01:19:50.365+0000] {logging_mixin.py:190} INFO - [2024-10-15T01:19:50.365+0000] {dag.py:4180} INFO - Setting next_dagrun for example_python_operator to None, run_after=None
[2024-10-15T01:19:50.407+0000] {processor.py:208} INFO - Processing /home/airflow/.local/lib/python3.12/site-packages/airflow/example_dags/example_python_operator.py took 0.214 seconds
[2024-10-15T01:20:20.709+0000] {processor.py:186} INFO - Started process (PID=2610) to work on /home/airflow/.local/lib/python3.12/site-packages/airflow/example_dags/example_python_operator.py
[2024-10-15T01:20:20.709+0000] {processor.py:914} INFO - Processing file /home/airflow/.local/lib/python3.12/site-packages/airflow/example_dags/example_python_operator.py for tasks to queue
[2024-10-15T01:20:20.711+0000] {logging_mixin.py:190} INFO - [2024-10-15T01:20:20.711+0000] {dagbag.py:588} INFO - Filling up the DagBag from /home/airflow/.local/lib/python3.12/site-packages/airflow/example_dags/example_python_operator.py
[2024-10-15T01:20:20.726+0000] {processor.py:925} INFO - DAG(s) 'example_python_operator' retrieved from /home/airflow/.local/lib/python3.12/site-packages/airflow/example_dags/example_python_operator.py
[2024-10-15T01:20:20.748+0000] {logging_mixin.py:190} INFO - [2024-10-15T01:20:20.748+0000] {dag.py:3239} INFO - Sync 1 DAGs
[2024-10-15T01:20:20.764+0000] {logging_mixin.py:190} INFO - [2024-10-15T01:20:20.764+0000] {dag.py:4180} INFO - Setting next_dagrun for example_python_operator to None, run_after=None
[2024-10-15T01:20:20.781+0000] {processor.py:208} INFO - Processing /home/airflow/.local/lib/python3.12/site-packages/airflow/example_dags/example_python_operator.py took 0.078 seconds
[2024-10-15T01:20:51.389+0000] {processor.py:186} INFO - Started process (PID=2673) to work on /home/airflow/.local/lib/python3.12/site-packages/airflow/example_dags/example_python_operator.py
[2024-10-15T01:20:51.391+0000] {processor.py:914} INFO - Processing file /home/airflow/.local/lib/python3.12/site-packages/airflow/example_dags/example_python_operator.py for tasks to queue
[2024-10-15T01:20:51.393+0000] {logging_mixin.py:190} INFO - [2024-10-15T01:20:51.392+0000] {dagbag.py:588} INFO - Filling up the DagBag from /home/airflow/.local/lib/python3.12/site-packages/airflow/example_dags/example_python_operator.py
[2024-10-15T01:20:51.407+0000] {processor.py:925} INFO - DAG(s) 'example_python_operator' retrieved from /home/airflow/.local/lib/python3.12/site-packages/airflow/example_dags/example_python_operator.py
[2024-10-15T01:20:51.428+0000] {logging_mixin.py:190} INFO - [2024-10-15T01:20:51.428+0000] {dag.py:3239} INFO - Sync 1 DAGs
[2024-10-15T01:20:51.445+0000] {logging_mixin.py:190} INFO - [2024-10-15T01:20:51.444+0000] {dag.py:4180} INFO - Setting next_dagrun for example_python_operator to None, run_after=None
[2024-10-15T01:20:51.474+0000] {processor.py:208} INFO - Processing /home/airflow/.local/lib/python3.12/site-packages/airflow/example_dags/example_python_operator.py took 0.093 seconds
[2024-10-15T01:21:22.064+0000] {processor.py:186} INFO - Started process (PID=2735) to work on /home/airflow/.local/lib/python3.12/site-packages/airflow/example_dags/example_python_operator.py
[2024-10-15T01:21:22.072+0000] {processor.py:914} INFO - Processing file /home/airflow/.local/lib/python3.12/site-packages/airflow/example_dags/example_python_operator.py for tasks to queue
[2024-10-15T01:21:22.073+0000] {logging_mixin.py:190} INFO - [2024-10-15T01:21:22.073+0000] {dagbag.py:588} INFO - Filling up the DagBag from /home/airflow/.local/lib/python3.12/site-packages/airflow/example_dags/example_python_operator.py
[2024-10-15T01:21:22.090+0000] {processor.py:925} INFO - DAG(s) 'example_python_operator' retrieved from /home/airflow/.local/lib/python3.12/site-packages/airflow/example_dags/example_python_operator.py
[2024-10-15T01:21:22.116+0000] {logging_mixin.py:190} INFO - [2024-10-15T01:21:22.116+0000] {dag.py:3239} INFO - Sync 1 DAGs
[2024-10-15T01:21:22.132+0000] {logging_mixin.py:190} INFO - [2024-10-15T01:21:22.132+0000] {dag.py:4180} INFO - Setting next_dagrun for example_python_operator to None, run_after=None
[2024-10-15T01:21:22.152+0000] {processor.py:208} INFO - Processing /home/airflow/.local/lib/python3.12/site-packages/airflow/example_dags/example_python_operator.py took 0.095 seconds
[2024-10-15T01:21:52.510+0000] {processor.py:186} INFO - Started process (PID=2797) to work on /home/airflow/.local/lib/python3.12/site-packages/airflow/example_dags/example_python_operator.py
[2024-10-15T01:21:52.511+0000] {processor.py:914} INFO - Processing file /home/airflow/.local/lib/python3.12/site-packages/airflow/example_dags/example_python_operator.py for tasks to queue
[2024-10-15T01:21:52.512+0000] {logging_mixin.py:190} INFO - [2024-10-15T01:21:52.511+0000] {dagbag.py:588} INFO - Filling up the DagBag from /home/airflow/.local/lib/python3.12/site-packages/airflow/example_dags/example_python_operator.py
[2024-10-15T01:21:52.525+0000] {processor.py:925} INFO - DAG(s) 'example_python_operator' retrieved from /home/airflow/.local/lib/python3.12/site-packages/airflow/example_dags/example_python_operator.py
[2024-10-15T01:21:52.547+0000] {logging_mixin.py:190} INFO - [2024-10-15T01:21:52.547+0000] {dag.py:3239} INFO - Sync 1 DAGs
[2024-10-15T01:21:52.576+0000] {logging_mixin.py:190} INFO - [2024-10-15T01:21:52.576+0000] {dag.py:4180} INFO - Setting next_dagrun for example_python_operator to None, run_after=None
[2024-10-15T01:21:52.605+0000] {processor.py:208} INFO - Processing /home/airflow/.local/lib/python3.12/site-packages/airflow/example_dags/example_python_operator.py took 0.101 seconds
[2024-10-15T01:22:23.206+0000] {processor.py:186} INFO - Started process (PID=2860) to work on /home/airflow/.local/lib/python3.12/site-packages/airflow/example_dags/example_python_operator.py
[2024-10-15T01:22:23.207+0000] {processor.py:914} INFO - Processing file /home/airflow/.local/lib/python3.12/site-packages/airflow/example_dags/example_python_operator.py for tasks to queue
[2024-10-15T01:22:23.208+0000] {logging_mixin.py:190} INFO - [2024-10-15T01:22:23.208+0000] {dagbag.py:588} INFO - Filling up the DagBag from /home/airflow/.local/lib/python3.12/site-packages/airflow/example_dags/example_python_operator.py
[2024-10-15T01:22:23.220+0000] {processor.py:925} INFO - DAG(s) 'example_python_operator' retrieved from /home/airflow/.local/lib/python3.12/site-packages/airflow/example_dags/example_python_operator.py
[2024-10-15T01:22:23.245+0000] {logging_mixin.py:190} INFO - [2024-10-15T01:22:23.244+0000] {dag.py:3239} INFO - Sync 1 DAGs
[2024-10-15T01:22:23.260+0000] {logging_mixin.py:190} INFO - [2024-10-15T01:22:23.259+0000] {dag.py:4180} INFO - Setting next_dagrun for example_python_operator to None, run_after=None
[2024-10-15T01:22:23.282+0000] {processor.py:208} INFO - Processing /home/airflow/.local/lib/python3.12/site-packages/airflow/example_dags/example_python_operator.py took 0.082 seconds
[2024-10-15T01:22:53.864+0000] {processor.py:186} INFO - Started process (PID=2924) to work on /home/airflow/.local/lib/python3.12/site-packages/airflow/example_dags/example_python_operator.py
[2024-10-15T01:22:53.865+0000] {processor.py:914} INFO - Processing file /home/airflow/.local/lib/python3.12/site-packages/airflow/example_dags/example_python_operator.py for tasks to queue
[2024-10-15T01:22:53.867+0000] {logging_mixin.py:190} INFO - [2024-10-15T01:22:53.867+0000] {dagbag.py:588} INFO - Filling up the DagBag from /home/airflow/.local/lib/python3.12/site-packages/airflow/example_dags/example_python_operator.py
[2024-10-15T01:22:53.895+0000] {processor.py:925} INFO - DAG(s) 'example_python_operator' retrieved from /home/airflow/.local/lib/python3.12/site-packages/airflow/example_dags/example_python_operator.py
[2024-10-15T01:22:53.924+0000] {logging_mixin.py:190} INFO - [2024-10-15T01:22:53.924+0000] {dag.py:3239} INFO - Sync 1 DAGs
[2024-10-15T01:22:53.939+0000] {logging_mixin.py:190} INFO - [2024-10-15T01:22:53.939+0000] {dag.py:4180} INFO - Setting next_dagrun for example_python_operator to None, run_after=None
[2024-10-15T01:22:53.956+0000] {processor.py:208} INFO - Processing /home/airflow/.local/lib/python3.12/site-packages/airflow/example_dags/example_python_operator.py took 0.099 seconds
[2024-10-15T01:23:24.612+0000] {processor.py:186} INFO - Started process (PID=2987) to work on /home/airflow/.local/lib/python3.12/site-packages/airflow/example_dags/example_python_operator.py
[2024-10-15T01:23:24.613+0000] {processor.py:914} INFO - Processing file /home/airflow/.local/lib/python3.12/site-packages/airflow/example_dags/example_python_operator.py for tasks to queue
[2024-10-15T01:23:24.615+0000] {logging_mixin.py:190} INFO - [2024-10-15T01:23:24.615+0000] {dagbag.py:588} INFO - Filling up the DagBag from /home/airflow/.local/lib/python3.12/site-packages/airflow/example_dags/example_python_operator.py
[2024-10-15T01:23:24.628+0000] {processor.py:925} INFO - DAG(s) 'example_python_operator' retrieved from /home/airflow/.local/lib/python3.12/site-packages/airflow/example_dags/example_python_operator.py
[2024-10-15T01:23:24.668+0000] {logging_mixin.py:190} INFO - [2024-10-15T01:23:24.668+0000] {dag.py:3239} INFO - Sync 1 DAGs
[2024-10-15T01:23:24.689+0000] {logging_mixin.py:190} INFO - [2024-10-15T01:23:24.689+0000] {dag.py:4180} INFO - Setting next_dagrun for example_python_operator to None, run_after=None
[2024-10-15T01:23:24.708+0000] {processor.py:208} INFO - Processing /home/airflow/.local/lib/python3.12/site-packages/airflow/example_dags/example_python_operator.py took 0.103 seconds
