[2024-10-15T00:50:07.314+0000] {processor.py:186} INFO - Started process (PID=77) to work on /home/airflow/.local/lib/python3.12/site-packages/airflow/example_dags/example_xcomargs.py
[2024-10-15T00:50:07.315+0000] {processor.py:914} INFO - Processing file /home/airflow/.local/lib/python3.12/site-packages/airflow/example_dags/example_xcomargs.py for tasks to queue
[2024-10-15T00:50:07.317+0000] {logging_mixin.py:190} INFO - [2024-10-15T00:50:07.316+0000] {dagbag.py:588} INFO - Filling up the DagBag from /home/airflow/.local/lib/python3.12/site-packages/airflow/example_dags/example_xcomargs.py
[2024-10-15T00:50:07.351+0000] {processor.py:925} INFO - DAG(s) 'example_xcom_args', 'example_xcom_args_with_operators' retrieved from /home/airflow/.local/lib/python3.12/site-packages/airflow/example_dags/example_xcomargs.py
[2024-10-15T00:50:07.645+0000] {logging_mixin.py:190} INFO - [2024-10-15T00:50:07.644+0000] {override.py:1900} INFO - Created Permission View: can edit on DAG:example_xcom_args
[2024-10-15T00:50:07.674+0000] {logging_mixin.py:190} INFO - [2024-10-15T00:50:07.674+0000] {override.py:1900} INFO - Created Permission View: can read on DAG:example_xcom_args
[2024-10-15T00:50:07.695+0000] {logging_mixin.py:190} INFO - [2024-10-15T00:50:07.694+0000] {override.py:1900} INFO - Created Permission View: can delete on DAG:example_xcom_args
[2024-10-15T00:50:07.704+0000] {logging_mixin.py:190} INFO - [2024-10-15T00:50:07.704+0000] {override.py:1900} INFO - Created Permission View: menu access on DAG Run:example_xcom_args
[2024-10-15T00:50:07.713+0000] {logging_mixin.py:190} INFO - [2024-10-15T00:50:07.713+0000] {override.py:1900} INFO - Created Permission View: can delete on DAG Run:example_xcom_args
[2024-10-15T00:50:07.729+0000] {logging_mixin.py:190} INFO - [2024-10-15T00:50:07.729+0000] {override.py:1900} INFO - Created Permission View: can read on DAG Run:example_xcom_args
[2024-10-15T00:50:07.745+0000] {logging_mixin.py:190} INFO - [2024-10-15T00:50:07.745+0000] {override.py:1900} INFO - Created Permission View: can create on DAG Run:example_xcom_args
[2024-10-15T00:50:07.795+0000] {logging_mixin.py:190} INFO - [2024-10-15T00:50:07.795+0000] {override.py:1900} INFO - Created Permission View: can edit on DAG:example_xcom_args_with_operators
[2024-10-15T00:50:07.808+0000] {logging_mixin.py:190} INFO - [2024-10-15T00:50:07.807+0000] {override.py:1900} INFO - Created Permission View: can read on DAG:example_xcom_args_with_operators
[2024-10-15T00:50:07.819+0000] {logging_mixin.py:190} INFO - [2024-10-15T00:50:07.819+0000] {override.py:1900} INFO - Created Permission View: can delete on DAG:example_xcom_args_with_operators
[2024-10-15T00:50:07.829+0000] {logging_mixin.py:190} INFO - [2024-10-15T00:50:07.829+0000] {override.py:1900} INFO - Created Permission View: menu access on DAG Run:example_xcom_args_with_operators
[2024-10-15T00:50:07.848+0000] {logging_mixin.py:190} INFO - [2024-10-15T00:50:07.848+0000] {override.py:1900} INFO - Created Permission View: can delete on DAG Run:example_xcom_args_with_operators
[2024-10-15T00:50:07.862+0000] {logging_mixin.py:190} INFO - [2024-10-15T00:50:07.861+0000] {override.py:1900} INFO - Created Permission View: can read on DAG Run:example_xcom_args_with_operators
[2024-10-15T00:50:07.879+0000] {logging_mixin.py:190} INFO - [2024-10-15T00:50:07.879+0000] {override.py:1900} INFO - Created Permission View: can create on DAG Run:example_xcom_args_with_operators
[2024-10-15T00:50:07.880+0000] {logging_mixin.py:190} INFO - [2024-10-15T00:50:07.880+0000] {dag.py:3239} INFO - Sync 2 DAGs
[2024-10-15T00:50:07.897+0000] {logging_mixin.py:190} INFO - [2024-10-15T00:50:07.896+0000] {dag.py:3262} INFO - Creating ORM DAG for example_xcom_args_with_operators
[2024-10-15T00:50:07.897+0000] {logging_mixin.py:190} INFO - [2024-10-15T00:50:07.897+0000] {dag.py:3262} INFO - Creating ORM DAG for example_xcom_args
[2024-10-15T00:50:07.898+0000] {logging_mixin.py:190} INFO - [2024-10-15T00:50:07.898+0000] {dag.py:4180} INFO - Setting next_dagrun for example_xcom_args to None, run_after=None
[2024-10-15T00:50:07.898+0000] {logging_mixin.py:190} INFO - [2024-10-15T00:50:07.898+0000] {dag.py:4180} INFO - Setting next_dagrun for example_xcom_args_with_operators to None, run_after=None
[2024-10-15T00:50:07.958+0000] {processor.py:208} INFO - Processing /home/airflow/.local/lib/python3.12/site-packages/airflow/example_dags/example_xcomargs.py took 0.657 seconds
[2024-10-15T00:59:46.953+0000] {processor.py:186} INFO - Started process (PID=81) to work on /home/airflow/.local/lib/python3.12/site-packages/airflow/example_dags/example_xcomargs.py
[2024-10-15T00:59:46.982+0000] {processor.py:914} INFO - Processing file /home/airflow/.local/lib/python3.12/site-packages/airflow/example_dags/example_xcomargs.py for tasks to queue
[2024-10-15T00:59:46.984+0000] {logging_mixin.py:190} INFO - [2024-10-15T00:59:46.984+0000] {dagbag.py:588} INFO - Filling up the DagBag from /home/airflow/.local/lib/python3.12/site-packages/airflow/example_dags/example_xcomargs.py
[2024-10-15T00:59:47.043+0000] {processor.py:925} INFO - DAG(s) 'example_xcom_args_with_operators', 'example_xcom_args' retrieved from /home/airflow/.local/lib/python3.12/site-packages/airflow/example_dags/example_xcomargs.py
[2024-10-15T00:59:47.183+0000] {logging_mixin.py:190} INFO - [2024-10-15T00:59:47.182+0000] {dag.py:3239} INFO - Sync 2 DAGs
[2024-10-15T00:59:47.257+0000] {logging_mixin.py:190} INFO - [2024-10-15T00:59:47.257+0000] {dag.py:4180} INFO - Setting next_dagrun for example_xcom_args to None, run_after=None
[2024-10-15T00:59:47.286+0000] {logging_mixin.py:190} INFO - [2024-10-15T00:59:47.286+0000] {dag.py:4180} INFO - Setting next_dagrun for example_xcom_args_with_operators to None, run_after=None
[2024-10-15T00:59:47.393+0000] {processor.py:208} INFO - Processing /home/airflow/.local/lib/python3.12/site-packages/airflow/example_dags/example_xcomargs.py took 0.471 seconds
[2024-10-15T01:00:17.475+0000] {processor.py:186} INFO - Started process (PID=143) to work on /home/airflow/.local/lib/python3.12/site-packages/airflow/example_dags/example_xcomargs.py
[2024-10-15T01:00:17.476+0000] {processor.py:914} INFO - Processing file /home/airflow/.local/lib/python3.12/site-packages/airflow/example_dags/example_xcomargs.py for tasks to queue
[2024-10-15T01:00:17.478+0000] {logging_mixin.py:190} INFO - [2024-10-15T01:00:17.478+0000] {dagbag.py:588} INFO - Filling up the DagBag from /home/airflow/.local/lib/python3.12/site-packages/airflow/example_dags/example_xcomargs.py
[2024-10-15T01:00:17.493+0000] {processor.py:925} INFO - DAG(s) 'example_xcom_args', 'example_xcom_args_with_operators' retrieved from /home/airflow/.local/lib/python3.12/site-packages/airflow/example_dags/example_xcomargs.py
[2024-10-15T01:00:17.530+0000] {logging_mixin.py:190} INFO - [2024-10-15T01:00:17.530+0000] {dag.py:3239} INFO - Sync 2 DAGs
[2024-10-15T01:00:17.545+0000] {logging_mixin.py:190} INFO - [2024-10-15T01:00:17.545+0000] {dag.py:4180} INFO - Setting next_dagrun for example_xcom_args to None, run_after=None
[2024-10-15T01:00:17.553+0000] {logging_mixin.py:190} INFO - [2024-10-15T01:00:17.553+0000] {dag.py:4180} INFO - Setting next_dagrun for example_xcom_args_with_operators to None, run_after=None
[2024-10-15T01:00:17.576+0000] {processor.py:208} INFO - Processing /home/airflow/.local/lib/python3.12/site-packages/airflow/example_dags/example_xcomargs.py took 0.111 seconds
[2024-10-15T01:00:48.340+0000] {processor.py:186} INFO - Started process (PID=205) to work on /home/airflow/.local/lib/python3.12/site-packages/airflow/example_dags/example_xcomargs.py
[2024-10-15T01:00:48.341+0000] {processor.py:914} INFO - Processing file /home/airflow/.local/lib/python3.12/site-packages/airflow/example_dags/example_xcomargs.py for tasks to queue
[2024-10-15T01:00:48.343+0000] {logging_mixin.py:190} INFO - [2024-10-15T01:00:48.343+0000] {dagbag.py:588} INFO - Filling up the DagBag from /home/airflow/.local/lib/python3.12/site-packages/airflow/example_dags/example_xcomargs.py
[2024-10-15T01:00:48.357+0000] {processor.py:925} INFO - DAG(s) 'example_xcom_args_with_operators', 'example_xcom_args' retrieved from /home/airflow/.local/lib/python3.12/site-packages/airflow/example_dags/example_xcomargs.py
[2024-10-15T01:00:48.393+0000] {logging_mixin.py:190} INFO - [2024-10-15T01:00:48.392+0000] {dag.py:3239} INFO - Sync 2 DAGs
[2024-10-15T01:00:48.415+0000] {logging_mixin.py:190} INFO - [2024-10-15T01:00:48.415+0000] {dag.py:4180} INFO - Setting next_dagrun for example_xcom_args to None, run_after=None
[2024-10-15T01:00:48.421+0000] {logging_mixin.py:190} INFO - [2024-10-15T01:00:48.421+0000] {dag.py:4180} INFO - Setting next_dagrun for example_xcom_args_with_operators to None, run_after=None
[2024-10-15T01:00:48.443+0000] {processor.py:208} INFO - Processing /home/airflow/.local/lib/python3.12/site-packages/airflow/example_dags/example_xcomargs.py took 0.119 seconds
[2024-10-15T01:01:19.084+0000] {processor.py:186} INFO - Started process (PID=266) to work on /home/airflow/.local/lib/python3.12/site-packages/airflow/example_dags/example_xcomargs.py
[2024-10-15T01:01:19.088+0000] {processor.py:914} INFO - Processing file /home/airflow/.local/lib/python3.12/site-packages/airflow/example_dags/example_xcomargs.py for tasks to queue
[2024-10-15T01:01:19.090+0000] {logging_mixin.py:190} INFO - [2024-10-15T01:01:19.090+0000] {dagbag.py:588} INFO - Filling up the DagBag from /home/airflow/.local/lib/python3.12/site-packages/airflow/example_dags/example_xcomargs.py
[2024-10-15T01:01:19.102+0000] {processor.py:925} INFO - DAG(s) 'example_xcom_args_with_operators', 'example_xcom_args' retrieved from /home/airflow/.local/lib/python3.12/site-packages/airflow/example_dags/example_xcomargs.py
[2024-10-15T01:01:19.132+0000] {logging_mixin.py:190} INFO - [2024-10-15T01:01:19.132+0000] {dag.py:3239} INFO - Sync 2 DAGs
[2024-10-15T01:01:19.155+0000] {logging_mixin.py:190} INFO - [2024-10-15T01:01:19.154+0000] {dag.py:4180} INFO - Setting next_dagrun for example_xcom_args to None, run_after=None
[2024-10-15T01:01:19.159+0000] {logging_mixin.py:190} INFO - [2024-10-15T01:01:19.159+0000] {dag.py:4180} INFO - Setting next_dagrun for example_xcom_args_with_operators to None, run_after=None
[2024-10-15T01:01:19.175+0000] {processor.py:208} INFO - Processing /home/airflow/.local/lib/python3.12/site-packages/airflow/example_dags/example_xcomargs.py took 0.096 seconds
[2024-10-15T01:01:50.069+0000] {processor.py:186} INFO - Started process (PID=328) to work on /home/airflow/.local/lib/python3.12/site-packages/airflow/example_dags/example_xcomargs.py
[2024-10-15T01:01:50.070+0000] {processor.py:914} INFO - Processing file /home/airflow/.local/lib/python3.12/site-packages/airflow/example_dags/example_xcomargs.py for tasks to queue
[2024-10-15T01:01:50.072+0000] {logging_mixin.py:190} INFO - [2024-10-15T01:01:50.072+0000] {dagbag.py:588} INFO - Filling up the DagBag from /home/airflow/.local/lib/python3.12/site-packages/airflow/example_dags/example_xcomargs.py
[2024-10-15T01:01:50.084+0000] {processor.py:925} INFO - DAG(s) 'example_xcom_args', 'example_xcom_args_with_operators' retrieved from /home/airflow/.local/lib/python3.12/site-packages/airflow/example_dags/example_xcomargs.py
[2024-10-15T01:01:50.110+0000] {logging_mixin.py:190} INFO - [2024-10-15T01:01:50.110+0000] {dag.py:3239} INFO - Sync 2 DAGs
[2024-10-15T01:01:50.124+0000] {logging_mixin.py:190} INFO - [2024-10-15T01:01:50.123+0000] {dag.py:4180} INFO - Setting next_dagrun for example_xcom_args to None, run_after=None
[2024-10-15T01:01:50.131+0000] {logging_mixin.py:190} INFO - [2024-10-15T01:01:50.131+0000] {dag.py:4180} INFO - Setting next_dagrun for example_xcom_args_with_operators to None, run_after=None
[2024-10-15T01:01:50.151+0000] {processor.py:208} INFO - Processing /home/airflow/.local/lib/python3.12/site-packages/airflow/example_dags/example_xcomargs.py took 0.087 seconds
[2024-10-15T01:02:21.154+0000] {processor.py:186} INFO - Started process (PID=389) to work on /home/airflow/.local/lib/python3.12/site-packages/airflow/example_dags/example_xcomargs.py
[2024-10-15T01:02:21.174+0000] {processor.py:914} INFO - Processing file /home/airflow/.local/lib/python3.12/site-packages/airflow/example_dags/example_xcomargs.py for tasks to queue
[2024-10-15T01:02:21.176+0000] {logging_mixin.py:190} INFO - [2024-10-15T01:02:21.176+0000] {dagbag.py:588} INFO - Filling up the DagBag from /home/airflow/.local/lib/python3.12/site-packages/airflow/example_dags/example_xcomargs.py
[2024-10-15T01:02:21.203+0000] {processor.py:925} INFO - DAG(s) 'example_xcom_args', 'example_xcom_args_with_operators' retrieved from /home/airflow/.local/lib/python3.12/site-packages/airflow/example_dags/example_xcomargs.py
[2024-10-15T01:02:21.258+0000] {logging_mixin.py:190} INFO - [2024-10-15T01:02:21.258+0000] {dag.py:3239} INFO - Sync 2 DAGs
[2024-10-15T01:02:21.284+0000] {logging_mixin.py:190} INFO - [2024-10-15T01:02:21.284+0000] {dag.py:4180} INFO - Setting next_dagrun for example_xcom_args to None, run_after=None
[2024-10-15T01:02:21.296+0000] {logging_mixin.py:190} INFO - [2024-10-15T01:02:21.296+0000] {dag.py:4180} INFO - Setting next_dagrun for example_xcom_args_with_operators to None, run_after=None
[2024-10-15T01:02:21.322+0000] {processor.py:208} INFO - Processing /home/airflow/.local/lib/python3.12/site-packages/airflow/example_dags/example_xcomargs.py took 0.191 seconds
[2024-10-15T01:02:51.580+0000] {processor.py:186} INFO - Started process (PID=451) to work on /home/airflow/.local/lib/python3.12/site-packages/airflow/example_dags/example_xcomargs.py
[2024-10-15T01:02:51.582+0000] {processor.py:914} INFO - Processing file /home/airflow/.local/lib/python3.12/site-packages/airflow/example_dags/example_xcomargs.py for tasks to queue
[2024-10-15T01:02:51.584+0000] {logging_mixin.py:190} INFO - [2024-10-15T01:02:51.584+0000] {dagbag.py:588} INFO - Filling up the DagBag from /home/airflow/.local/lib/python3.12/site-packages/airflow/example_dags/example_xcomargs.py
[2024-10-15T01:02:51.602+0000] {processor.py:925} INFO - DAG(s) 'example_xcom_args', 'example_xcom_args_with_operators' retrieved from /home/airflow/.local/lib/python3.12/site-packages/airflow/example_dags/example_xcomargs.py
[2024-10-15T01:02:51.627+0000] {logging_mixin.py:190} INFO - [2024-10-15T01:02:51.627+0000] {dag.py:3239} INFO - Sync 2 DAGs
[2024-10-15T01:02:51.642+0000] {logging_mixin.py:190} INFO - [2024-10-15T01:02:51.642+0000] {dag.py:4180} INFO - Setting next_dagrun for example_xcom_args to None, run_after=None
[2024-10-15T01:02:51.646+0000] {logging_mixin.py:190} INFO - [2024-10-15T01:02:51.646+0000] {dag.py:4180} INFO - Setting next_dagrun for example_xcom_args_with_operators to None, run_after=None
[2024-10-15T01:02:51.664+0000] {processor.py:208} INFO - Processing /home/airflow/.local/lib/python3.12/site-packages/airflow/example_dags/example_xcomargs.py took 0.089 seconds
[2024-10-15T01:03:22.422+0000] {processor.py:186} INFO - Started process (PID=513) to work on /home/airflow/.local/lib/python3.12/site-packages/airflow/example_dags/example_xcomargs.py
[2024-10-15T01:03:22.423+0000] {processor.py:914} INFO - Processing file /home/airflow/.local/lib/python3.12/site-packages/airflow/example_dags/example_xcomargs.py for tasks to queue
[2024-10-15T01:03:22.426+0000] {logging_mixin.py:190} INFO - [2024-10-15T01:03:22.426+0000] {dagbag.py:588} INFO - Filling up the DagBag from /home/airflow/.local/lib/python3.12/site-packages/airflow/example_dags/example_xcomargs.py
[2024-10-15T01:03:22.436+0000] {processor.py:925} INFO - DAG(s) 'example_xcom_args_with_operators', 'example_xcom_args' retrieved from /home/airflow/.local/lib/python3.12/site-packages/airflow/example_dags/example_xcomargs.py
[2024-10-15T01:03:22.469+0000] {logging_mixin.py:190} INFO - [2024-10-15T01:03:22.468+0000] {dag.py:3239} INFO - Sync 2 DAGs
[2024-10-15T01:03:22.487+0000] {logging_mixin.py:190} INFO - [2024-10-15T01:03:22.487+0000] {dag.py:4180} INFO - Setting next_dagrun for example_xcom_args to None, run_after=None
[2024-10-15T01:03:22.491+0000] {logging_mixin.py:190} INFO - [2024-10-15T01:03:22.491+0000] {dag.py:4180} INFO - Setting next_dagrun for example_xcom_args_with_operators to None, run_after=None
[2024-10-15T01:03:22.507+0000] {processor.py:208} INFO - Processing /home/airflow/.local/lib/python3.12/site-packages/airflow/example_dags/example_xcomargs.py took 0.091 seconds
[2024-10-15T01:03:53.456+0000] {processor.py:186} INFO - Started process (PID=575) to work on /home/airflow/.local/lib/python3.12/site-packages/airflow/example_dags/example_xcomargs.py
[2024-10-15T01:03:53.456+0000] {processor.py:914} INFO - Processing file /home/airflow/.local/lib/python3.12/site-packages/airflow/example_dags/example_xcomargs.py for tasks to queue
[2024-10-15T01:03:53.459+0000] {logging_mixin.py:190} INFO - [2024-10-15T01:03:53.459+0000] {dagbag.py:588} INFO - Filling up the DagBag from /home/airflow/.local/lib/python3.12/site-packages/airflow/example_dags/example_xcomargs.py
[2024-10-15T01:03:53.468+0000] {processor.py:925} INFO - DAG(s) 'example_xcom_args', 'example_xcom_args_with_operators' retrieved from /home/airflow/.local/lib/python3.12/site-packages/airflow/example_dags/example_xcomargs.py
[2024-10-15T01:03:53.492+0000] {logging_mixin.py:190} INFO - [2024-10-15T01:03:53.491+0000] {dag.py:3239} INFO - Sync 2 DAGs
[2024-10-15T01:03:53.505+0000] {logging_mixin.py:190} INFO - [2024-10-15T01:03:53.504+0000] {dag.py:4180} INFO - Setting next_dagrun for example_xcom_args to None, run_after=None
[2024-10-15T01:03:53.509+0000] {logging_mixin.py:190} INFO - [2024-10-15T01:03:53.509+0000] {dag.py:4180} INFO - Setting next_dagrun for example_xcom_args_with_operators to None, run_after=None
[2024-10-15T01:03:53.527+0000] {processor.py:208} INFO - Processing /home/airflow/.local/lib/python3.12/site-packages/airflow/example_dags/example_xcomargs.py took 0.077 seconds
[2024-10-15T01:04:23.732+0000] {processor.py:186} INFO - Started process (PID=637) to work on /home/airflow/.local/lib/python3.12/site-packages/airflow/example_dags/example_xcomargs.py
[2024-10-15T01:04:23.733+0000] {processor.py:914} INFO - Processing file /home/airflow/.local/lib/python3.12/site-packages/airflow/example_dags/example_xcomargs.py for tasks to queue
[2024-10-15T01:04:23.736+0000] {logging_mixin.py:190} INFO - [2024-10-15T01:04:23.735+0000] {dagbag.py:588} INFO - Filling up the DagBag from /home/airflow/.local/lib/python3.12/site-packages/airflow/example_dags/example_xcomargs.py
[2024-10-15T01:04:23.747+0000] {processor.py:925} INFO - DAG(s) 'example_xcom_args_with_operators', 'example_xcom_args' retrieved from /home/airflow/.local/lib/python3.12/site-packages/airflow/example_dags/example_xcomargs.py
[2024-10-15T01:04:23.779+0000] {logging_mixin.py:190} INFO - [2024-10-15T01:04:23.779+0000] {dag.py:3239} INFO - Sync 2 DAGs
[2024-10-15T01:04:23.801+0000] {logging_mixin.py:190} INFO - [2024-10-15T01:04:23.800+0000] {dag.py:4180} INFO - Setting next_dagrun for example_xcom_args to None, run_after=None
[2024-10-15T01:04:23.807+0000] {logging_mixin.py:190} INFO - [2024-10-15T01:04:23.807+0000] {dag.py:4180} INFO - Setting next_dagrun for example_xcom_args_with_operators to None, run_after=None
[2024-10-15T01:04:23.827+0000] {processor.py:208} INFO - Processing /home/airflow/.local/lib/python3.12/site-packages/airflow/example_dags/example_xcomargs.py took 0.103 seconds
[2024-10-15T01:04:54.059+0000] {processor.py:186} INFO - Started process (PID=699) to work on /home/airflow/.local/lib/python3.12/site-packages/airflow/example_dags/example_xcomargs.py
[2024-10-15T01:04:54.059+0000] {processor.py:914} INFO - Processing file /home/airflow/.local/lib/python3.12/site-packages/airflow/example_dags/example_xcomargs.py for tasks to queue
[2024-10-15T01:04:54.062+0000] {logging_mixin.py:190} INFO - [2024-10-15T01:04:54.061+0000] {dagbag.py:588} INFO - Filling up the DagBag from /home/airflow/.local/lib/python3.12/site-packages/airflow/example_dags/example_xcomargs.py
[2024-10-15T01:04:54.073+0000] {processor.py:925} INFO - DAG(s) 'example_xcom_args', 'example_xcom_args_with_operators' retrieved from /home/airflow/.local/lib/python3.12/site-packages/airflow/example_dags/example_xcomargs.py
[2024-10-15T01:04:54.100+0000] {logging_mixin.py:190} INFO - [2024-10-15T01:04:54.099+0000] {dag.py:3239} INFO - Sync 2 DAGs
[2024-10-15T01:04:54.115+0000] {logging_mixin.py:190} INFO - [2024-10-15T01:04:54.114+0000] {dag.py:4180} INFO - Setting next_dagrun for example_xcom_args to None, run_after=None
[2024-10-15T01:04:54.119+0000] {logging_mixin.py:190} INFO - [2024-10-15T01:04:54.119+0000] {dag.py:4180} INFO - Setting next_dagrun for example_xcom_args_with_operators to None, run_after=None
[2024-10-15T01:04:54.137+0000] {processor.py:208} INFO - Processing /home/airflow/.local/lib/python3.12/site-packages/airflow/example_dags/example_xcomargs.py took 0.084 seconds
[2024-10-15T01:05:24.836+0000] {processor.py:186} INFO - Started process (PID=761) to work on /home/airflow/.local/lib/python3.12/site-packages/airflow/example_dags/example_xcomargs.py
[2024-10-15T01:05:24.838+0000] {processor.py:914} INFO - Processing file /home/airflow/.local/lib/python3.12/site-packages/airflow/example_dags/example_xcomargs.py for tasks to queue
[2024-10-15T01:05:24.840+0000] {logging_mixin.py:190} INFO - [2024-10-15T01:05:24.840+0000] {dagbag.py:588} INFO - Filling up the DagBag from /home/airflow/.local/lib/python3.12/site-packages/airflow/example_dags/example_xcomargs.py
[2024-10-15T01:05:24.851+0000] {processor.py:925} INFO - DAG(s) 'example_xcom_args', 'example_xcom_args_with_operators' retrieved from /home/airflow/.local/lib/python3.12/site-packages/airflow/example_dags/example_xcomargs.py
[2024-10-15T01:05:24.876+0000] {logging_mixin.py:190} INFO - [2024-10-15T01:05:24.876+0000] {dag.py:3239} INFO - Sync 2 DAGs
[2024-10-15T01:05:24.894+0000] {logging_mixin.py:190} INFO - [2024-10-15T01:05:24.894+0000] {dag.py:4180} INFO - Setting next_dagrun for example_xcom_args to None, run_after=None
[2024-10-15T01:05:24.897+0000] {logging_mixin.py:190} INFO - [2024-10-15T01:05:24.897+0000] {dag.py:4180} INFO - Setting next_dagrun for example_xcom_args_with_operators to None, run_after=None
[2024-10-15T01:05:24.915+0000] {processor.py:208} INFO - Processing /home/airflow/.local/lib/python3.12/site-packages/airflow/example_dags/example_xcomargs.py took 0.086 seconds
[2024-10-15T01:05:55.371+0000] {processor.py:186} INFO - Started process (PID=824) to work on /home/airflow/.local/lib/python3.12/site-packages/airflow/example_dags/example_xcomargs.py
[2024-10-15T01:05:55.372+0000] {processor.py:914} INFO - Processing file /home/airflow/.local/lib/python3.12/site-packages/airflow/example_dags/example_xcomargs.py for tasks to queue
[2024-10-15T01:05:55.374+0000] {logging_mixin.py:190} INFO - [2024-10-15T01:05:55.374+0000] {dagbag.py:588} INFO - Filling up the DagBag from /home/airflow/.local/lib/python3.12/site-packages/airflow/example_dags/example_xcomargs.py
[2024-10-15T01:05:55.384+0000] {processor.py:925} INFO - DAG(s) 'example_xcom_args_with_operators', 'example_xcom_args' retrieved from /home/airflow/.local/lib/python3.12/site-packages/airflow/example_dags/example_xcomargs.py
[2024-10-15T01:05:55.410+0000] {logging_mixin.py:190} INFO - [2024-10-15T01:05:55.410+0000] {dag.py:3239} INFO - Sync 2 DAGs
[2024-10-15T01:05:55.424+0000] {logging_mixin.py:190} INFO - [2024-10-15T01:05:55.423+0000] {dag.py:4180} INFO - Setting next_dagrun for example_xcom_args to None, run_after=None
[2024-10-15T01:05:55.428+0000] {logging_mixin.py:190} INFO - [2024-10-15T01:05:55.428+0000] {dag.py:4180} INFO - Setting next_dagrun for example_xcom_args_with_operators to None, run_after=None
[2024-10-15T01:05:55.447+0000] {processor.py:208} INFO - Processing /home/airflow/.local/lib/python3.12/site-packages/airflow/example_dags/example_xcomargs.py took 0.082 seconds
[2024-10-15T01:06:26.220+0000] {processor.py:186} INFO - Started process (PID=886) to work on /home/airflow/.local/lib/python3.12/site-packages/airflow/example_dags/example_xcomargs.py
[2024-10-15T01:06:26.222+0000] {processor.py:914} INFO - Processing file /home/airflow/.local/lib/python3.12/site-packages/airflow/example_dags/example_xcomargs.py for tasks to queue
[2024-10-15T01:06:26.223+0000] {logging_mixin.py:190} INFO - [2024-10-15T01:06:26.223+0000] {dagbag.py:588} INFO - Filling up the DagBag from /home/airflow/.local/lib/python3.12/site-packages/airflow/example_dags/example_xcomargs.py
[2024-10-15T01:06:26.233+0000] {processor.py:925} INFO - DAG(s) 'example_xcom_args', 'example_xcom_args_with_operators' retrieved from /home/airflow/.local/lib/python3.12/site-packages/airflow/example_dags/example_xcomargs.py
[2024-10-15T01:06:26.260+0000] {logging_mixin.py:190} INFO - [2024-10-15T01:06:26.260+0000] {dag.py:3239} INFO - Sync 2 DAGs
[2024-10-15T01:06:26.276+0000] {logging_mixin.py:190} INFO - [2024-10-15T01:06:26.275+0000] {dag.py:4180} INFO - Setting next_dagrun for example_xcom_args to None, run_after=None
[2024-10-15T01:06:26.280+0000] {logging_mixin.py:190} INFO - [2024-10-15T01:06:26.280+0000] {dag.py:4180} INFO - Setting next_dagrun for example_xcom_args_with_operators to None, run_after=None
[2024-10-15T01:06:26.299+0000] {processor.py:208} INFO - Processing /home/airflow/.local/lib/python3.12/site-packages/airflow/example_dags/example_xcomargs.py took 0.084 seconds
[2024-10-15T01:06:57.271+0000] {processor.py:186} INFO - Started process (PID=948) to work on /home/airflow/.local/lib/python3.12/site-packages/airflow/example_dags/example_xcomargs.py
[2024-10-15T01:06:57.272+0000] {processor.py:914} INFO - Processing file /home/airflow/.local/lib/python3.12/site-packages/airflow/example_dags/example_xcomargs.py for tasks to queue
[2024-10-15T01:06:57.275+0000] {logging_mixin.py:190} INFO - [2024-10-15T01:06:57.275+0000] {dagbag.py:588} INFO - Filling up the DagBag from /home/airflow/.local/lib/python3.12/site-packages/airflow/example_dags/example_xcomargs.py
[2024-10-15T01:06:57.292+0000] {processor.py:925} INFO - DAG(s) 'example_xcom_args', 'example_xcom_args_with_operators' retrieved from /home/airflow/.local/lib/python3.12/site-packages/airflow/example_dags/example_xcomargs.py
[2024-10-15T01:06:57.318+0000] {logging_mixin.py:190} INFO - [2024-10-15T01:06:57.316+0000] {dag.py:3239} INFO - Sync 2 DAGs
[2024-10-15T01:06:57.333+0000] {logging_mixin.py:190} INFO - [2024-10-15T01:06:57.333+0000] {dag.py:4180} INFO - Setting next_dagrun for example_xcom_args to None, run_after=None
[2024-10-15T01:06:57.338+0000] {logging_mixin.py:190} INFO - [2024-10-15T01:06:57.338+0000] {dag.py:4180} INFO - Setting next_dagrun for example_xcom_args_with_operators to None, run_after=None
[2024-10-15T01:06:57.352+0000] {processor.py:208} INFO - Processing /home/airflow/.local/lib/python3.12/site-packages/airflow/example_dags/example_xcomargs.py took 0.086 seconds
[2024-10-15T01:07:28.194+0000] {processor.py:186} INFO - Started process (PID=1011) to work on /home/airflow/.local/lib/python3.12/site-packages/airflow/example_dags/example_xcomargs.py
[2024-10-15T01:07:28.206+0000] {processor.py:914} INFO - Processing file /home/airflow/.local/lib/python3.12/site-packages/airflow/example_dags/example_xcomargs.py for tasks to queue
[2024-10-15T01:07:28.208+0000] {logging_mixin.py:190} INFO - [2024-10-15T01:07:28.207+0000] {dagbag.py:588} INFO - Filling up the DagBag from /home/airflow/.local/lib/python3.12/site-packages/airflow/example_dags/example_xcomargs.py
[2024-10-15T01:07:28.220+0000] {processor.py:925} INFO - DAG(s) 'example_xcom_args', 'example_xcom_args_with_operators' retrieved from /home/airflow/.local/lib/python3.12/site-packages/airflow/example_dags/example_xcomargs.py
[2024-10-15T01:07:28.271+0000] {logging_mixin.py:190} INFO - [2024-10-15T01:07:28.271+0000] {dag.py:3239} INFO - Sync 2 DAGs
[2024-10-15T01:07:28.287+0000] {logging_mixin.py:190} INFO - [2024-10-15T01:07:28.287+0000] {dag.py:4180} INFO - Setting next_dagrun for example_xcom_args to None, run_after=None
[2024-10-15T01:07:28.299+0000] {logging_mixin.py:190} INFO - [2024-10-15T01:07:28.299+0000] {dag.py:4180} INFO - Setting next_dagrun for example_xcom_args_with_operators to None, run_after=None
[2024-10-15T01:07:28.346+0000] {processor.py:208} INFO - Processing /home/airflow/.local/lib/python3.12/site-packages/airflow/example_dags/example_xcomargs.py took 0.166 seconds
[2024-10-15T01:07:58.688+0000] {processor.py:186} INFO - Started process (PID=1073) to work on /home/airflow/.local/lib/python3.12/site-packages/airflow/example_dags/example_xcomargs.py
[2024-10-15T01:07:58.690+0000] {processor.py:914} INFO - Processing file /home/airflow/.local/lib/python3.12/site-packages/airflow/example_dags/example_xcomargs.py for tasks to queue
[2024-10-15T01:07:58.691+0000] {logging_mixin.py:190} INFO - [2024-10-15T01:07:58.691+0000] {dagbag.py:588} INFO - Filling up the DagBag from /home/airflow/.local/lib/python3.12/site-packages/airflow/example_dags/example_xcomargs.py
[2024-10-15T01:07:58.702+0000] {processor.py:925} INFO - DAG(s) 'example_xcom_args', 'example_xcom_args_with_operators' retrieved from /home/airflow/.local/lib/python3.12/site-packages/airflow/example_dags/example_xcomargs.py
[2024-10-15T01:07:58.730+0000] {logging_mixin.py:190} INFO - [2024-10-15T01:07:58.730+0000] {dag.py:3239} INFO - Sync 2 DAGs
[2024-10-15T01:07:58.746+0000] {logging_mixin.py:190} INFO - [2024-10-15T01:07:58.746+0000] {dag.py:4180} INFO - Setting next_dagrun for example_xcom_args to None, run_after=None
[2024-10-15T01:07:58.750+0000] {logging_mixin.py:190} INFO - [2024-10-15T01:07:58.750+0000] {dag.py:4180} INFO - Setting next_dagrun for example_xcom_args_with_operators to None, run_after=None
[2024-10-15T01:07:58.768+0000] {processor.py:208} INFO - Processing /home/airflow/.local/lib/python3.12/site-packages/airflow/example_dags/example_xcomargs.py took 0.084 seconds
[2024-10-15T01:08:29.589+0000] {processor.py:186} INFO - Started process (PID=1135) to work on /home/airflow/.local/lib/python3.12/site-packages/airflow/example_dags/example_xcomargs.py
[2024-10-15T01:08:29.591+0000] {processor.py:914} INFO - Processing file /home/airflow/.local/lib/python3.12/site-packages/airflow/example_dags/example_xcomargs.py for tasks to queue
[2024-10-15T01:08:29.593+0000] {logging_mixin.py:190} INFO - [2024-10-15T01:08:29.592+0000] {dagbag.py:588} INFO - Filling up the DagBag from /home/airflow/.local/lib/python3.12/site-packages/airflow/example_dags/example_xcomargs.py
[2024-10-15T01:08:29.604+0000] {processor.py:925} INFO - DAG(s) 'example_xcom_args', 'example_xcom_args_with_operators' retrieved from /home/airflow/.local/lib/python3.12/site-packages/airflow/example_dags/example_xcomargs.py
[2024-10-15T01:08:29.628+0000] {logging_mixin.py:190} INFO - [2024-10-15T01:08:29.628+0000] {dag.py:3239} INFO - Sync 2 DAGs
[2024-10-15T01:08:29.644+0000] {logging_mixin.py:190} INFO - [2024-10-15T01:08:29.644+0000] {dag.py:4180} INFO - Setting next_dagrun for example_xcom_args to None, run_after=None
[2024-10-15T01:08:29.647+0000] {logging_mixin.py:190} INFO - [2024-10-15T01:08:29.647+0000] {dag.py:4180} INFO - Setting next_dagrun for example_xcom_args_with_operators to None, run_after=None
[2024-10-15T01:08:29.663+0000] {processor.py:208} INFO - Processing /home/airflow/.local/lib/python3.12/site-packages/airflow/example_dags/example_xcomargs.py took 0.080 seconds
[2024-10-15T01:08:59.769+0000] {processor.py:186} INFO - Started process (PID=1197) to work on /home/airflow/.local/lib/python3.12/site-packages/airflow/example_dags/example_xcomargs.py
[2024-10-15T01:08:59.773+0000] {processor.py:914} INFO - Processing file /home/airflow/.local/lib/python3.12/site-packages/airflow/example_dags/example_xcomargs.py for tasks to queue
[2024-10-15T01:08:59.781+0000] {logging_mixin.py:190} INFO - [2024-10-15T01:08:59.779+0000] {dagbag.py:588} INFO - Filling up the DagBag from /home/airflow/.local/lib/python3.12/site-packages/airflow/example_dags/example_xcomargs.py
[2024-10-15T01:08:59.805+0000] {processor.py:925} INFO - DAG(s) 'example_xcom_args_with_operators', 'example_xcom_args' retrieved from /home/airflow/.local/lib/python3.12/site-packages/airflow/example_dags/example_xcomargs.py
[2024-10-15T01:08:59.861+0000] {logging_mixin.py:190} INFO - [2024-10-15T01:08:59.860+0000] {dag.py:3239} INFO - Sync 2 DAGs
[2024-10-15T01:08:59.898+0000] {logging_mixin.py:190} INFO - [2024-10-15T01:08:59.898+0000] {dag.py:4180} INFO - Setting next_dagrun for example_xcom_args to None, run_after=None
[2024-10-15T01:08:59.903+0000] {logging_mixin.py:190} INFO - [2024-10-15T01:08:59.903+0000] {dag.py:4180} INFO - Setting next_dagrun for example_xcom_args_with_operators to None, run_after=None
[2024-10-15T01:08:59.927+0000] {processor.py:208} INFO - Processing /home/airflow/.local/lib/python3.12/site-packages/airflow/example_dags/example_xcomargs.py took 0.178 seconds
[2024-10-15T01:09:29.973+0000] {processor.py:186} INFO - Started process (PID=1258) to work on /home/airflow/.local/lib/python3.12/site-packages/airflow/example_dags/example_xcomargs.py
[2024-10-15T01:09:29.975+0000] {processor.py:914} INFO - Processing file /home/airflow/.local/lib/python3.12/site-packages/airflow/example_dags/example_xcomargs.py for tasks to queue
[2024-10-15T01:09:29.977+0000] {logging_mixin.py:190} INFO - [2024-10-15T01:09:29.977+0000] {dagbag.py:588} INFO - Filling up the DagBag from /home/airflow/.local/lib/python3.12/site-packages/airflow/example_dags/example_xcomargs.py
[2024-10-15T01:09:29.987+0000] {processor.py:925} INFO - DAG(s) 'example_xcom_args_with_operators', 'example_xcom_args' retrieved from /home/airflow/.local/lib/python3.12/site-packages/airflow/example_dags/example_xcomargs.py
[2024-10-15T01:09:30.015+0000] {logging_mixin.py:190} INFO - [2024-10-15T01:09:30.015+0000] {dag.py:3239} INFO - Sync 2 DAGs
[2024-10-15T01:09:30.028+0000] {logging_mixin.py:190} INFO - [2024-10-15T01:09:30.028+0000] {dag.py:4180} INFO - Setting next_dagrun for example_xcom_args to None, run_after=None
[2024-10-15T01:09:30.032+0000] {logging_mixin.py:190} INFO - [2024-10-15T01:09:30.031+0000] {dag.py:4180} INFO - Setting next_dagrun for example_xcom_args_with_operators to None, run_after=None
[2024-10-15T01:09:30.052+0000] {processor.py:208} INFO - Processing /home/airflow/.local/lib/python3.12/site-packages/airflow/example_dags/example_xcomargs.py took 0.084 seconds
[2024-10-15T01:10:00.574+0000] {processor.py:186} INFO - Started process (PID=1322) to work on /home/airflow/.local/lib/python3.12/site-packages/airflow/example_dags/example_xcomargs.py
[2024-10-15T01:10:00.575+0000] {processor.py:914} INFO - Processing file /home/airflow/.local/lib/python3.12/site-packages/airflow/example_dags/example_xcomargs.py for tasks to queue
[2024-10-15T01:10:00.577+0000] {logging_mixin.py:190} INFO - [2024-10-15T01:10:00.576+0000] {dagbag.py:588} INFO - Filling up the DagBag from /home/airflow/.local/lib/python3.12/site-packages/airflow/example_dags/example_xcomargs.py
[2024-10-15T01:10:00.585+0000] {processor.py:925} INFO - DAG(s) 'example_xcom_args_with_operators', 'example_xcom_args' retrieved from /home/airflow/.local/lib/python3.12/site-packages/airflow/example_dags/example_xcomargs.py
[2024-10-15T01:10:00.610+0000] {logging_mixin.py:190} INFO - [2024-10-15T01:10:00.609+0000] {dag.py:3239} INFO - Sync 2 DAGs
[2024-10-15T01:10:00.622+0000] {logging_mixin.py:190} INFO - [2024-10-15T01:10:00.621+0000] {dag.py:4180} INFO - Setting next_dagrun for example_xcom_args to None, run_after=None
[2024-10-15T01:10:00.625+0000] {logging_mixin.py:190} INFO - [2024-10-15T01:10:00.625+0000] {dag.py:4180} INFO - Setting next_dagrun for example_xcom_args_with_operators to None, run_after=None
[2024-10-15T01:10:00.642+0000] {processor.py:208} INFO - Processing /home/airflow/.local/lib/python3.12/site-packages/airflow/example_dags/example_xcomargs.py took 0.073 seconds
[2024-10-15T01:10:30.791+0000] {processor.py:186} INFO - Started process (PID=1384) to work on /home/airflow/.local/lib/python3.12/site-packages/airflow/example_dags/example_xcomargs.py
[2024-10-15T01:10:30.794+0000] {processor.py:914} INFO - Processing file /home/airflow/.local/lib/python3.12/site-packages/airflow/example_dags/example_xcomargs.py for tasks to queue
[2024-10-15T01:10:30.795+0000] {logging_mixin.py:190} INFO - [2024-10-15T01:10:30.795+0000] {dagbag.py:588} INFO - Filling up the DagBag from /home/airflow/.local/lib/python3.12/site-packages/airflow/example_dags/example_xcomargs.py
[2024-10-15T01:10:30.807+0000] {processor.py:925} INFO - DAG(s) 'example_xcom_args', 'example_xcom_args_with_operators' retrieved from /home/airflow/.local/lib/python3.12/site-packages/airflow/example_dags/example_xcomargs.py
[2024-10-15T01:10:30.839+0000] {logging_mixin.py:190} INFO - [2024-10-15T01:10:30.839+0000] {dag.py:3239} INFO - Sync 2 DAGs
[2024-10-15T01:10:30.856+0000] {logging_mixin.py:190} INFO - [2024-10-15T01:10:30.855+0000] {dag.py:4180} INFO - Setting next_dagrun for example_xcom_args to None, run_after=None
[2024-10-15T01:10:30.860+0000] {logging_mixin.py:190} INFO - [2024-10-15T01:10:30.860+0000] {dag.py:4180} INFO - Setting next_dagrun for example_xcom_args_with_operators to None, run_after=None
[2024-10-15T01:10:30.882+0000] {processor.py:208} INFO - Processing /home/airflow/.local/lib/python3.12/site-packages/airflow/example_dags/example_xcomargs.py took 0.097 seconds
[2024-10-15T01:11:01.050+0000] {processor.py:186} INFO - Started process (PID=1447) to work on /home/airflow/.local/lib/python3.12/site-packages/airflow/example_dags/example_xcomargs.py
[2024-10-15T01:11:01.053+0000] {processor.py:914} INFO - Processing file /home/airflow/.local/lib/python3.12/site-packages/airflow/example_dags/example_xcomargs.py for tasks to queue
[2024-10-15T01:11:01.053+0000] {logging_mixin.py:190} INFO - [2024-10-15T01:11:01.053+0000] {dagbag.py:588} INFO - Filling up the DagBag from /home/airflow/.local/lib/python3.12/site-packages/airflow/example_dags/example_xcomargs.py
[2024-10-15T01:11:01.064+0000] {processor.py:925} INFO - DAG(s) 'example_xcom_args', 'example_xcom_args_with_operators' retrieved from /home/airflow/.local/lib/python3.12/site-packages/airflow/example_dags/example_xcomargs.py
[2024-10-15T01:11:01.091+0000] {logging_mixin.py:190} INFO - [2024-10-15T01:11:01.091+0000] {dag.py:3239} INFO - Sync 2 DAGs
[2024-10-15T01:11:01.107+0000] {logging_mixin.py:190} INFO - [2024-10-15T01:11:01.107+0000] {dag.py:4180} INFO - Setting next_dagrun for example_xcom_args to None, run_after=None
[2024-10-15T01:11:01.111+0000] {logging_mixin.py:190} INFO - [2024-10-15T01:11:01.111+0000] {dag.py:4180} INFO - Setting next_dagrun for example_xcom_args_with_operators to None, run_after=None
[2024-10-15T01:11:01.131+0000] {processor.py:208} INFO - Processing /home/airflow/.local/lib/python3.12/site-packages/airflow/example_dags/example_xcomargs.py took 0.087 seconds
[2024-10-15T01:11:31.497+0000] {processor.py:186} INFO - Started process (PID=1510) to work on /home/airflow/.local/lib/python3.12/site-packages/airflow/example_dags/example_xcomargs.py
[2024-10-15T01:11:31.498+0000] {processor.py:914} INFO - Processing file /home/airflow/.local/lib/python3.12/site-packages/airflow/example_dags/example_xcomargs.py for tasks to queue
[2024-10-15T01:11:31.499+0000] {logging_mixin.py:190} INFO - [2024-10-15T01:11:31.499+0000] {dagbag.py:588} INFO - Filling up the DagBag from /home/airflow/.local/lib/python3.12/site-packages/airflow/example_dags/example_xcomargs.py
[2024-10-15T01:11:31.510+0000] {processor.py:925} INFO - DAG(s) 'example_xcom_args_with_operators', 'example_xcom_args' retrieved from /home/airflow/.local/lib/python3.12/site-packages/airflow/example_dags/example_xcomargs.py
[2024-10-15T01:11:31.536+0000] {logging_mixin.py:190} INFO - [2024-10-15T01:11:31.536+0000] {dag.py:3239} INFO - Sync 2 DAGs
[2024-10-15T01:11:31.551+0000] {logging_mixin.py:190} INFO - [2024-10-15T01:11:31.551+0000] {dag.py:4180} INFO - Setting next_dagrun for example_xcom_args to None, run_after=None
[2024-10-15T01:11:31.556+0000] {logging_mixin.py:190} INFO - [2024-10-15T01:11:31.556+0000] {dag.py:4180} INFO - Setting next_dagrun for example_xcom_args_with_operators to None, run_after=None
[2024-10-15T01:11:31.579+0000] {processor.py:208} INFO - Processing /home/airflow/.local/lib/python3.12/site-packages/airflow/example_dags/example_xcomargs.py took 0.087 seconds
[2024-10-15T01:12:02.332+0000] {processor.py:186} INFO - Started process (PID=1573) to work on /home/airflow/.local/lib/python3.12/site-packages/airflow/example_dags/example_xcomargs.py
[2024-10-15T01:12:02.341+0000] {processor.py:914} INFO - Processing file /home/airflow/.local/lib/python3.12/site-packages/airflow/example_dags/example_xcomargs.py for tasks to queue
[2024-10-15T01:12:02.342+0000] {logging_mixin.py:190} INFO - [2024-10-15T01:12:02.342+0000] {dagbag.py:588} INFO - Filling up the DagBag from /home/airflow/.local/lib/python3.12/site-packages/airflow/example_dags/example_xcomargs.py
[2024-10-15T01:12:02.354+0000] {processor.py:925} INFO - DAG(s) 'example_xcom_args_with_operators', 'example_xcom_args' retrieved from /home/airflow/.local/lib/python3.12/site-packages/airflow/example_dags/example_xcomargs.py
[2024-10-15T01:12:02.380+0000] {logging_mixin.py:190} INFO - [2024-10-15T01:12:02.379+0000] {dag.py:3239} INFO - Sync 2 DAGs
[2024-10-15T01:12:02.396+0000] {logging_mixin.py:190} INFO - [2024-10-15T01:12:02.396+0000] {dag.py:4180} INFO - Setting next_dagrun for example_xcom_args to None, run_after=None
[2024-10-15T01:12:02.404+0000] {logging_mixin.py:190} INFO - [2024-10-15T01:12:02.404+0000] {dag.py:4180} INFO - Setting next_dagrun for example_xcom_args_with_operators to None, run_after=None
[2024-10-15T01:12:02.420+0000] {processor.py:208} INFO - Processing /home/airflow/.local/lib/python3.12/site-packages/airflow/example_dags/example_xcomargs.py took 0.102 seconds
[2024-10-15T01:12:32.958+0000] {processor.py:186} INFO - Started process (PID=1637) to work on /home/airflow/.local/lib/python3.12/site-packages/airflow/example_dags/example_xcomargs.py
[2024-10-15T01:12:32.962+0000] {processor.py:914} INFO - Processing file /home/airflow/.local/lib/python3.12/site-packages/airflow/example_dags/example_xcomargs.py for tasks to queue
[2024-10-15T01:12:32.963+0000] {logging_mixin.py:190} INFO - [2024-10-15T01:12:32.963+0000] {dagbag.py:588} INFO - Filling up the DagBag from /home/airflow/.local/lib/python3.12/site-packages/airflow/example_dags/example_xcomargs.py
[2024-10-15T01:12:32.971+0000] {processor.py:925} INFO - DAG(s) 'example_xcom_args_with_operators', 'example_xcom_args' retrieved from /home/airflow/.local/lib/python3.12/site-packages/airflow/example_dags/example_xcomargs.py
[2024-10-15T01:12:32.995+0000] {logging_mixin.py:190} INFO - [2024-10-15T01:12:32.995+0000] {dag.py:3239} INFO - Sync 2 DAGs
[2024-10-15T01:12:33.012+0000] {logging_mixin.py:190} INFO - [2024-10-15T01:12:33.011+0000] {dag.py:4180} INFO - Setting next_dagrun for example_xcom_args to None, run_after=None
[2024-10-15T01:12:33.015+0000] {logging_mixin.py:190} INFO - [2024-10-15T01:12:33.015+0000] {dag.py:4180} INFO - Setting next_dagrun for example_xcom_args_with_operators to None, run_after=None
[2024-10-15T01:12:33.031+0000] {processor.py:208} INFO - Processing /home/airflow/.local/lib/python3.12/site-packages/airflow/example_dags/example_xcomargs.py took 0.087 seconds
[2024-10-15T01:13:03.332+0000] {processor.py:186} INFO - Started process (PID=1702) to work on /home/airflow/.local/lib/python3.12/site-packages/airflow/example_dags/example_xcomargs.py
[2024-10-15T01:13:03.335+0000] {processor.py:914} INFO - Processing file /home/airflow/.local/lib/python3.12/site-packages/airflow/example_dags/example_xcomargs.py for tasks to queue
[2024-10-15T01:13:03.337+0000] {logging_mixin.py:190} INFO - [2024-10-15T01:13:03.336+0000] {dagbag.py:588} INFO - Filling up the DagBag from /home/airflow/.local/lib/python3.12/site-packages/airflow/example_dags/example_xcomargs.py
[2024-10-15T01:13:03.358+0000] {processor.py:925} INFO - DAG(s) 'example_xcom_args_with_operators', 'example_xcom_args' retrieved from /home/airflow/.local/lib/python3.12/site-packages/airflow/example_dags/example_xcomargs.py
[2024-10-15T01:13:03.385+0000] {logging_mixin.py:190} INFO - [2024-10-15T01:13:03.385+0000] {dag.py:3239} INFO - Sync 2 DAGs
[2024-10-15T01:13:03.404+0000] {logging_mixin.py:190} INFO - [2024-10-15T01:13:03.404+0000] {dag.py:4180} INFO - Setting next_dagrun for example_xcom_args to None, run_after=None
[2024-10-15T01:13:03.411+0000] {logging_mixin.py:190} INFO - [2024-10-15T01:13:03.411+0000] {dag.py:4180} INFO - Setting next_dagrun for example_xcom_args_with_operators to None, run_after=None
[2024-10-15T01:13:03.430+0000] {processor.py:208} INFO - Processing /home/airflow/.local/lib/python3.12/site-packages/airflow/example_dags/example_xcomargs.py took 0.116 seconds
[2024-10-15T01:13:33.477+0000] {processor.py:186} INFO - Started process (PID=1765) to work on /home/airflow/.local/lib/python3.12/site-packages/airflow/example_dags/example_xcomargs.py
[2024-10-15T01:13:33.478+0000] {processor.py:914} INFO - Processing file /home/airflow/.local/lib/python3.12/site-packages/airflow/example_dags/example_xcomargs.py for tasks to queue
[2024-10-15T01:13:33.479+0000] {logging_mixin.py:190} INFO - [2024-10-15T01:13:33.479+0000] {dagbag.py:588} INFO - Filling up the DagBag from /home/airflow/.local/lib/python3.12/site-packages/airflow/example_dags/example_xcomargs.py
[2024-10-15T01:13:33.489+0000] {processor.py:925} INFO - DAG(s) 'example_xcom_args_with_operators', 'example_xcom_args' retrieved from /home/airflow/.local/lib/python3.12/site-packages/airflow/example_dags/example_xcomargs.py
[2024-10-15T01:13:33.519+0000] {logging_mixin.py:190} INFO - [2024-10-15T01:13:33.518+0000] {dag.py:3239} INFO - Sync 2 DAGs
[2024-10-15T01:13:33.532+0000] {logging_mixin.py:190} INFO - [2024-10-15T01:13:33.532+0000] {dag.py:4180} INFO - Setting next_dagrun for example_xcom_args to None, run_after=None
[2024-10-15T01:13:33.535+0000] {logging_mixin.py:190} INFO - [2024-10-15T01:13:33.535+0000] {dag.py:4180} INFO - Setting next_dagrun for example_xcom_args_with_operators to None, run_after=None
[2024-10-15T01:13:33.559+0000] {processor.py:208} INFO - Processing /home/airflow/.local/lib/python3.12/site-packages/airflow/example_dags/example_xcomargs.py took 0.087 seconds
[2024-10-15T01:14:03.950+0000] {processor.py:186} INFO - Started process (PID=1828) to work on /home/airflow/.local/lib/python3.12/site-packages/airflow/example_dags/example_xcomargs.py
[2024-10-15T01:14:03.951+0000] {processor.py:914} INFO - Processing file /home/airflow/.local/lib/python3.12/site-packages/airflow/example_dags/example_xcomargs.py for tasks to queue
[2024-10-15T01:14:03.952+0000] {logging_mixin.py:190} INFO - [2024-10-15T01:14:03.952+0000] {dagbag.py:588} INFO - Filling up the DagBag from /home/airflow/.local/lib/python3.12/site-packages/airflow/example_dags/example_xcomargs.py
[2024-10-15T01:14:03.962+0000] {processor.py:925} INFO - DAG(s) 'example_xcom_args', 'example_xcom_args_with_operators' retrieved from /home/airflow/.local/lib/python3.12/site-packages/airflow/example_dags/example_xcomargs.py
[2024-10-15T01:14:03.986+0000] {logging_mixin.py:190} INFO - [2024-10-15T01:14:03.986+0000] {dag.py:3239} INFO - Sync 2 DAGs
[2024-10-15T01:14:04.004+0000] {logging_mixin.py:190} INFO - [2024-10-15T01:14:04.003+0000] {dag.py:4180} INFO - Setting next_dagrun for example_xcom_args to None, run_after=None
[2024-10-15T01:14:04.008+0000] {logging_mixin.py:190} INFO - [2024-10-15T01:14:04.007+0000] {dag.py:4180} INFO - Setting next_dagrun for example_xcom_args_with_operators to None, run_after=None
[2024-10-15T01:14:04.024+0000] {processor.py:208} INFO - Processing /home/airflow/.local/lib/python3.12/site-packages/airflow/example_dags/example_xcomargs.py took 0.079 seconds
[2024-10-15T01:14:34.599+0000] {processor.py:186} INFO - Started process (PID=1891) to work on /home/airflow/.local/lib/python3.12/site-packages/airflow/example_dags/example_xcomargs.py
[2024-10-15T01:14:34.602+0000] {processor.py:914} INFO - Processing file /home/airflow/.local/lib/python3.12/site-packages/airflow/example_dags/example_xcomargs.py for tasks to queue
[2024-10-15T01:14:34.603+0000] {logging_mixin.py:190} INFO - [2024-10-15T01:14:34.602+0000] {dagbag.py:588} INFO - Filling up the DagBag from /home/airflow/.local/lib/python3.12/site-packages/airflow/example_dags/example_xcomargs.py
[2024-10-15T01:14:34.612+0000] {processor.py:925} INFO - DAG(s) 'example_xcom_args', 'example_xcom_args_with_operators' retrieved from /home/airflow/.local/lib/python3.12/site-packages/airflow/example_dags/example_xcomargs.py
[2024-10-15T01:14:34.639+0000] {logging_mixin.py:190} INFO - [2024-10-15T01:14:34.638+0000] {dag.py:3239} INFO - Sync 2 DAGs
[2024-10-15T01:14:34.653+0000] {logging_mixin.py:190} INFO - [2024-10-15T01:14:34.653+0000] {dag.py:4180} INFO - Setting next_dagrun for example_xcom_args to None, run_after=None
[2024-10-15T01:14:34.657+0000] {logging_mixin.py:190} INFO - [2024-10-15T01:14:34.657+0000] {dag.py:4180} INFO - Setting next_dagrun for example_xcom_args_with_operators to None, run_after=None
[2024-10-15T01:14:34.677+0000] {processor.py:208} INFO - Processing /home/airflow/.local/lib/python3.12/site-packages/airflow/example_dags/example_xcomargs.py took 0.084 seconds
[2024-10-15T01:15:04.789+0000] {processor.py:186} INFO - Started process (PID=1953) to work on /home/airflow/.local/lib/python3.12/site-packages/airflow/example_dags/example_xcomargs.py
[2024-10-15T01:15:04.790+0000] {processor.py:914} INFO - Processing file /home/airflow/.local/lib/python3.12/site-packages/airflow/example_dags/example_xcomargs.py for tasks to queue
[2024-10-15T01:15:04.791+0000] {logging_mixin.py:190} INFO - [2024-10-15T01:15:04.790+0000] {dagbag.py:588} INFO - Filling up the DagBag from /home/airflow/.local/lib/python3.12/site-packages/airflow/example_dags/example_xcomargs.py
[2024-10-15T01:15:04.808+0000] {processor.py:925} INFO - DAG(s) 'example_xcom_args_with_operators', 'example_xcom_args' retrieved from /home/airflow/.local/lib/python3.12/site-packages/airflow/example_dags/example_xcomargs.py
[2024-10-15T01:15:04.834+0000] {logging_mixin.py:190} INFO - [2024-10-15T01:15:04.833+0000] {dag.py:3239} INFO - Sync 2 DAGs
[2024-10-15T01:15:04.849+0000] {logging_mixin.py:190} INFO - [2024-10-15T01:15:04.849+0000] {dag.py:4180} INFO - Setting next_dagrun for example_xcom_args to None, run_after=None
[2024-10-15T01:15:04.852+0000] {logging_mixin.py:190} INFO - [2024-10-15T01:15:04.852+0000] {dag.py:4180} INFO - Setting next_dagrun for example_xcom_args_with_operators to None, run_after=None
[2024-10-15T01:15:04.868+0000] {processor.py:208} INFO - Processing /home/airflow/.local/lib/python3.12/site-packages/airflow/example_dags/example_xcomargs.py took 0.086 seconds
[2024-10-15T01:15:35.353+0000] {processor.py:186} INFO - Started process (PID=2016) to work on /home/airflow/.local/lib/python3.12/site-packages/airflow/example_dags/example_xcomargs.py
[2024-10-15T01:15:35.356+0000] {processor.py:914} INFO - Processing file /home/airflow/.local/lib/python3.12/site-packages/airflow/example_dags/example_xcomargs.py for tasks to queue
[2024-10-15T01:15:35.356+0000] {logging_mixin.py:190} INFO - [2024-10-15T01:15:35.356+0000] {dagbag.py:588} INFO - Filling up the DagBag from /home/airflow/.local/lib/python3.12/site-packages/airflow/example_dags/example_xcomargs.py
[2024-10-15T01:15:35.367+0000] {processor.py:925} INFO - DAG(s) 'example_xcom_args_with_operators', 'example_xcom_args' retrieved from /home/airflow/.local/lib/python3.12/site-packages/airflow/example_dags/example_xcomargs.py
[2024-10-15T01:15:35.392+0000] {logging_mixin.py:190} INFO - [2024-10-15T01:15:35.391+0000] {dag.py:3239} INFO - Sync 2 DAGs
[2024-10-15T01:15:35.408+0000] {logging_mixin.py:190} INFO - [2024-10-15T01:15:35.407+0000] {dag.py:4180} INFO - Setting next_dagrun for example_xcom_args to None, run_after=None
[2024-10-15T01:15:35.412+0000] {logging_mixin.py:190} INFO - [2024-10-15T01:15:35.412+0000] {dag.py:4180} INFO - Setting next_dagrun for example_xcom_args_with_operators to None, run_after=None
[2024-10-15T01:15:35.433+0000] {processor.py:208} INFO - Processing /home/airflow/.local/lib/python3.12/site-packages/airflow/example_dags/example_xcomargs.py took 0.086 seconds
[2024-10-15T01:16:05.792+0000] {processor.py:186} INFO - Started process (PID=2078) to work on /home/airflow/.local/lib/python3.12/site-packages/airflow/example_dags/example_xcomargs.py
[2024-10-15T01:16:05.792+0000] {processor.py:914} INFO - Processing file /home/airflow/.local/lib/python3.12/site-packages/airflow/example_dags/example_xcomargs.py for tasks to queue
[2024-10-15T01:16:05.794+0000] {logging_mixin.py:190} INFO - [2024-10-15T01:16:05.794+0000] {dagbag.py:588} INFO - Filling up the DagBag from /home/airflow/.local/lib/python3.12/site-packages/airflow/example_dags/example_xcomargs.py
[2024-10-15T01:16:05.804+0000] {processor.py:925} INFO - DAG(s) 'example_xcom_args', 'example_xcom_args_with_operators' retrieved from /home/airflow/.local/lib/python3.12/site-packages/airflow/example_dags/example_xcomargs.py
[2024-10-15T01:16:05.828+0000] {logging_mixin.py:190} INFO - [2024-10-15T01:16:05.827+0000] {dag.py:3239} INFO - Sync 2 DAGs
[2024-10-15T01:16:05.843+0000] {logging_mixin.py:190} INFO - [2024-10-15T01:16:05.843+0000] {dag.py:4180} INFO - Setting next_dagrun for example_xcom_args to None, run_after=None
[2024-10-15T01:16:05.847+0000] {logging_mixin.py:190} INFO - [2024-10-15T01:16:05.847+0000] {dag.py:4180} INFO - Setting next_dagrun for example_xcom_args_with_operators to None, run_after=None
[2024-10-15T01:16:05.866+0000] {processor.py:208} INFO - Processing /home/airflow/.local/lib/python3.12/site-packages/airflow/example_dags/example_xcomargs.py took 0.079 seconds
[2024-10-15T01:16:35.963+0000] {processor.py:186} INFO - Started process (PID=2141) to work on /home/airflow/.local/lib/python3.12/site-packages/airflow/example_dags/example_xcomargs.py
[2024-10-15T01:16:35.964+0000] {processor.py:914} INFO - Processing file /home/airflow/.local/lib/python3.12/site-packages/airflow/example_dags/example_xcomargs.py for tasks to queue
[2024-10-15T01:16:35.966+0000] {logging_mixin.py:190} INFO - [2024-10-15T01:16:35.965+0000] {dagbag.py:588} INFO - Filling up the DagBag from /home/airflow/.local/lib/python3.12/site-packages/airflow/example_dags/example_xcomargs.py
[2024-10-15T01:16:35.976+0000] {processor.py:925} INFO - DAG(s) 'example_xcom_args', 'example_xcom_args_with_operators' retrieved from /home/airflow/.local/lib/python3.12/site-packages/airflow/example_dags/example_xcomargs.py
[2024-10-15T01:16:36.005+0000] {logging_mixin.py:190} INFO - [2024-10-15T01:16:36.005+0000] {dag.py:3239} INFO - Sync 2 DAGs
[2024-10-15T01:16:36.020+0000] {logging_mixin.py:190} INFO - [2024-10-15T01:16:36.020+0000] {dag.py:4180} INFO - Setting next_dagrun for example_xcom_args to None, run_after=None
[2024-10-15T01:16:36.024+0000] {logging_mixin.py:190} INFO - [2024-10-15T01:16:36.024+0000] {dag.py:4180} INFO - Setting next_dagrun for example_xcom_args_with_operators to None, run_after=None
[2024-10-15T01:16:36.043+0000] {processor.py:208} INFO - Processing /home/airflow/.local/lib/python3.12/site-packages/airflow/example_dags/example_xcomargs.py took 0.085 seconds
[2024-10-15T01:17:06.221+0000] {processor.py:186} INFO - Started process (PID=2204) to work on /home/airflow/.local/lib/python3.12/site-packages/airflow/example_dags/example_xcomargs.py
[2024-10-15T01:17:06.223+0000] {processor.py:914} INFO - Processing file /home/airflow/.local/lib/python3.12/site-packages/airflow/example_dags/example_xcomargs.py for tasks to queue
[2024-10-15T01:17:06.224+0000] {logging_mixin.py:190} INFO - [2024-10-15T01:17:06.223+0000] {dagbag.py:588} INFO - Filling up the DagBag from /home/airflow/.local/lib/python3.12/site-packages/airflow/example_dags/example_xcomargs.py
[2024-10-15T01:17:06.248+0000] {processor.py:925} INFO - DAG(s) 'example_xcom_args', 'example_xcom_args_with_operators' retrieved from /home/airflow/.local/lib/python3.12/site-packages/airflow/example_dags/example_xcomargs.py
[2024-10-15T01:17:06.294+0000] {logging_mixin.py:190} INFO - [2024-10-15T01:17:06.293+0000] {dag.py:3239} INFO - Sync 2 DAGs
[2024-10-15T01:17:06.311+0000] {logging_mixin.py:190} INFO - [2024-10-15T01:17:06.311+0000] {dag.py:4180} INFO - Setting next_dagrun for example_xcom_args to None, run_after=None
[2024-10-15T01:17:06.315+0000] {logging_mixin.py:190} INFO - [2024-10-15T01:17:06.314+0000] {dag.py:4180} INFO - Setting next_dagrun for example_xcom_args_with_operators to None, run_after=None
[2024-10-15T01:17:06.333+0000] {processor.py:208} INFO - Processing /home/airflow/.local/lib/python3.12/site-packages/airflow/example_dags/example_xcomargs.py took 0.122 seconds
[2024-10-15T01:17:36.996+0000] {processor.py:186} INFO - Started process (PID=2267) to work on /home/airflow/.local/lib/python3.12/site-packages/airflow/example_dags/example_xcomargs.py
[2024-10-15T01:17:36.998+0000] {processor.py:914} INFO - Processing file /home/airflow/.local/lib/python3.12/site-packages/airflow/example_dags/example_xcomargs.py for tasks to queue
[2024-10-15T01:17:36.999+0000] {logging_mixin.py:190} INFO - [2024-10-15T01:17:36.998+0000] {dagbag.py:588} INFO - Filling up the DagBag from /home/airflow/.local/lib/python3.12/site-packages/airflow/example_dags/example_xcomargs.py
[2024-10-15T01:17:37.009+0000] {processor.py:925} INFO - DAG(s) 'example_xcom_args', 'example_xcom_args_with_operators' retrieved from /home/airflow/.local/lib/python3.12/site-packages/airflow/example_dags/example_xcomargs.py
[2024-10-15T01:17:37.036+0000] {logging_mixin.py:190} INFO - [2024-10-15T01:17:37.035+0000] {dag.py:3239} INFO - Sync 2 DAGs
[2024-10-15T01:17:37.054+0000] {logging_mixin.py:190} INFO - [2024-10-15T01:17:37.054+0000] {dag.py:4180} INFO - Setting next_dagrun for example_xcom_args to None, run_after=None
[2024-10-15T01:17:37.060+0000] {logging_mixin.py:190} INFO - [2024-10-15T01:17:37.060+0000] {dag.py:4180} INFO - Setting next_dagrun for example_xcom_args_with_operators to None, run_after=None
[2024-10-15T01:17:37.090+0000] {processor.py:208} INFO - Processing /home/airflow/.local/lib/python3.12/site-packages/airflow/example_dags/example_xcomargs.py took 0.098 seconds
[2024-10-15T01:18:07.986+0000] {processor.py:186} INFO - Started process (PID=2331) to work on /home/airflow/.local/lib/python3.12/site-packages/airflow/example_dags/example_xcomargs.py
[2024-10-15T01:18:07.988+0000] {processor.py:914} INFO - Processing file /home/airflow/.local/lib/python3.12/site-packages/airflow/example_dags/example_xcomargs.py for tasks to queue
[2024-10-15T01:18:07.989+0000] {logging_mixin.py:190} INFO - [2024-10-15T01:18:07.989+0000] {dagbag.py:588} INFO - Filling up the DagBag from /home/airflow/.local/lib/python3.12/site-packages/airflow/example_dags/example_xcomargs.py
[2024-10-15T01:18:08.002+0000] {processor.py:925} INFO - DAG(s) 'example_xcom_args', 'example_xcom_args_with_operators' retrieved from /home/airflow/.local/lib/python3.12/site-packages/airflow/example_dags/example_xcomargs.py
[2024-10-15T01:18:08.025+0000] {logging_mixin.py:190} INFO - [2024-10-15T01:18:08.025+0000] {dag.py:3239} INFO - Sync 2 DAGs
[2024-10-15T01:18:08.058+0000] {logging_mixin.py:190} INFO - [2024-10-15T01:18:08.057+0000] {dag.py:4180} INFO - Setting next_dagrun for example_xcom_args to None, run_after=None
[2024-10-15T01:18:08.074+0000] {logging_mixin.py:190} INFO - [2024-10-15T01:18:08.074+0000] {dag.py:4180} INFO - Setting next_dagrun for example_xcom_args_with_operators to None, run_after=None
[2024-10-15T01:18:08.098+0000] {processor.py:208} INFO - Processing /home/airflow/.local/lib/python3.12/site-packages/airflow/example_dags/example_xcomargs.py took 0.131 seconds
[2024-10-15T01:18:38.267+0000] {processor.py:186} INFO - Started process (PID=2394) to work on /home/airflow/.local/lib/python3.12/site-packages/airflow/example_dags/example_xcomargs.py
[2024-10-15T01:18:38.268+0000] {processor.py:914} INFO - Processing file /home/airflow/.local/lib/python3.12/site-packages/airflow/example_dags/example_xcomargs.py for tasks to queue
[2024-10-15T01:18:38.270+0000] {logging_mixin.py:190} INFO - [2024-10-15T01:18:38.269+0000] {dagbag.py:588} INFO - Filling up the DagBag from /home/airflow/.local/lib/python3.12/site-packages/airflow/example_dags/example_xcomargs.py
[2024-10-15T01:18:38.280+0000] {processor.py:925} INFO - DAG(s) 'example_xcom_args', 'example_xcom_args_with_operators' retrieved from /home/airflow/.local/lib/python3.12/site-packages/airflow/example_dags/example_xcomargs.py
[2024-10-15T01:18:38.302+0000] {logging_mixin.py:190} INFO - [2024-10-15T01:18:38.302+0000] {dag.py:3239} INFO - Sync 2 DAGs
[2024-10-15T01:18:38.316+0000] {logging_mixin.py:190} INFO - [2024-10-15T01:18:38.316+0000] {dag.py:4180} INFO - Setting next_dagrun for example_xcom_args to None, run_after=None
[2024-10-15T01:18:38.322+0000] {logging_mixin.py:190} INFO - [2024-10-15T01:18:38.321+0000] {dag.py:4180} INFO - Setting next_dagrun for example_xcom_args_with_operators to None, run_after=None
[2024-10-15T01:18:38.340+0000] {processor.py:208} INFO - Processing /home/airflow/.local/lib/python3.12/site-packages/airflow/example_dags/example_xcomargs.py took 0.078 seconds
[2024-10-15T01:19:08.579+0000] {processor.py:186} INFO - Started process (PID=2457) to work on /home/airflow/.local/lib/python3.12/site-packages/airflow/example_dags/example_xcomargs.py
[2024-10-15T01:19:08.580+0000] {processor.py:914} INFO - Processing file /home/airflow/.local/lib/python3.12/site-packages/airflow/example_dags/example_xcomargs.py for tasks to queue
[2024-10-15T01:19:08.581+0000] {logging_mixin.py:190} INFO - [2024-10-15T01:19:08.580+0000] {dagbag.py:588} INFO - Filling up the DagBag from /home/airflow/.local/lib/python3.12/site-packages/airflow/example_dags/example_xcomargs.py
[2024-10-15T01:19:08.592+0000] {processor.py:925} INFO - DAG(s) 'example_xcom_args_with_operators', 'example_xcom_args' retrieved from /home/airflow/.local/lib/python3.12/site-packages/airflow/example_dags/example_xcomargs.py
[2024-10-15T01:19:08.615+0000] {logging_mixin.py:190} INFO - [2024-10-15T01:19:08.615+0000] {dag.py:3239} INFO - Sync 2 DAGs
[2024-10-15T01:19:08.631+0000] {logging_mixin.py:190} INFO - [2024-10-15T01:19:08.630+0000] {dag.py:4180} INFO - Setting next_dagrun for example_xcom_args to None, run_after=None
[2024-10-15T01:19:08.635+0000] {logging_mixin.py:190} INFO - [2024-10-15T01:19:08.634+0000] {dag.py:4180} INFO - Setting next_dagrun for example_xcom_args_with_operators to None, run_after=None
[2024-10-15T01:19:08.652+0000] {processor.py:208} INFO - Processing /home/airflow/.local/lib/python3.12/site-packages/airflow/example_dags/example_xcomargs.py took 0.079 seconds
[2024-10-15T01:19:38.974+0000] {processor.py:186} INFO - Started process (PID=2520) to work on /home/airflow/.local/lib/python3.12/site-packages/airflow/example_dags/example_xcomargs.py
[2024-10-15T01:19:38.975+0000] {processor.py:914} INFO - Processing file /home/airflow/.local/lib/python3.12/site-packages/airflow/example_dags/example_xcomargs.py for tasks to queue
[2024-10-15T01:19:38.976+0000] {logging_mixin.py:190} INFO - [2024-10-15T01:19:38.976+0000] {dagbag.py:588} INFO - Filling up the DagBag from /home/airflow/.local/lib/python3.12/site-packages/airflow/example_dags/example_xcomargs.py
[2024-10-15T01:19:38.987+0000] {processor.py:925} INFO - DAG(s) 'example_xcom_args', 'example_xcom_args_with_operators' retrieved from /home/airflow/.local/lib/python3.12/site-packages/airflow/example_dags/example_xcomargs.py
[2024-10-15T01:19:39.011+0000] {logging_mixin.py:190} INFO - [2024-10-15T01:19:39.011+0000] {dag.py:3239} INFO - Sync 2 DAGs
[2024-10-15T01:19:39.027+0000] {logging_mixin.py:190} INFO - [2024-10-15T01:19:39.027+0000] {dag.py:4180} INFO - Setting next_dagrun for example_xcom_args to None, run_after=None
[2024-10-15T01:19:39.031+0000] {logging_mixin.py:190} INFO - [2024-10-15T01:19:39.031+0000] {dag.py:4180} INFO - Setting next_dagrun for example_xcom_args_with_operators to None, run_after=None
[2024-10-15T01:19:39.060+0000] {processor.py:208} INFO - Processing /home/airflow/.local/lib/python3.12/site-packages/airflow/example_dags/example_xcomargs.py took 0.095 seconds
[2024-10-15T01:20:10.013+0000] {processor.py:186} INFO - Started process (PID=2583) to work on /home/airflow/.local/lib/python3.12/site-packages/airflow/example_dags/example_xcomargs.py
[2024-10-15T01:20:10.016+0000] {processor.py:914} INFO - Processing file /home/airflow/.local/lib/python3.12/site-packages/airflow/example_dags/example_xcomargs.py for tasks to queue
[2024-10-15T01:20:10.017+0000] {logging_mixin.py:190} INFO - [2024-10-15T01:20:10.017+0000] {dagbag.py:588} INFO - Filling up the DagBag from /home/airflow/.local/lib/python3.12/site-packages/airflow/example_dags/example_xcomargs.py
[2024-10-15T01:20:10.029+0000] {processor.py:925} INFO - DAG(s) 'example_xcom_args', 'example_xcom_args_with_operators' retrieved from /home/airflow/.local/lib/python3.12/site-packages/airflow/example_dags/example_xcomargs.py
[2024-10-15T01:20:10.050+0000] {logging_mixin.py:190} INFO - [2024-10-15T01:20:10.050+0000] {dag.py:3239} INFO - Sync 2 DAGs
[2024-10-15T01:20:10.063+0000] {logging_mixin.py:190} INFO - [2024-10-15T01:20:10.063+0000] {dag.py:4180} INFO - Setting next_dagrun for example_xcom_args to None, run_after=None
[2024-10-15T01:20:10.066+0000] {logging_mixin.py:190} INFO - [2024-10-15T01:20:10.065+0000] {dag.py:4180} INFO - Setting next_dagrun for example_xcom_args_with_operators to None, run_after=None
[2024-10-15T01:20:10.078+0000] {processor.py:208} INFO - Processing /home/airflow/.local/lib/python3.12/site-packages/airflow/example_dags/example_xcomargs.py took 0.071 seconds
[2024-10-15T01:20:40.776+0000] {processor.py:186} INFO - Started process (PID=2647) to work on /home/airflow/.local/lib/python3.12/site-packages/airflow/example_dags/example_xcomargs.py
[2024-10-15T01:20:40.777+0000] {processor.py:914} INFO - Processing file /home/airflow/.local/lib/python3.12/site-packages/airflow/example_dags/example_xcomargs.py for tasks to queue
[2024-10-15T01:20:40.779+0000] {logging_mixin.py:190} INFO - [2024-10-15T01:20:40.779+0000] {dagbag.py:588} INFO - Filling up the DagBag from /home/airflow/.local/lib/python3.12/site-packages/airflow/example_dags/example_xcomargs.py
[2024-10-15T01:20:40.799+0000] {processor.py:925} INFO - DAG(s) 'example_xcom_args', 'example_xcom_args_with_operators' retrieved from /home/airflow/.local/lib/python3.12/site-packages/airflow/example_dags/example_xcomargs.py
[2024-10-15T01:20:40.826+0000] {logging_mixin.py:190} INFO - [2024-10-15T01:20:40.826+0000] {dag.py:3239} INFO - Sync 2 DAGs
[2024-10-15T01:20:40.843+0000] {logging_mixin.py:190} INFO - [2024-10-15T01:20:40.841+0000] {dag.py:4180} INFO - Setting next_dagrun for example_xcom_args to None, run_after=None
[2024-10-15T01:20:40.846+0000] {logging_mixin.py:190} INFO - [2024-10-15T01:20:40.846+0000] {dag.py:4180} INFO - Setting next_dagrun for example_xcom_args_with_operators to None, run_after=None
[2024-10-15T01:20:40.861+0000] {processor.py:208} INFO - Processing /home/airflow/.local/lib/python3.12/site-packages/airflow/example_dags/example_xcomargs.py took 0.093 seconds
[2024-10-15T01:21:11.147+0000] {processor.py:186} INFO - Started process (PID=2710) to work on /home/airflow/.local/lib/python3.12/site-packages/airflow/example_dags/example_xcomargs.py
[2024-10-15T01:21:11.150+0000] {processor.py:914} INFO - Processing file /home/airflow/.local/lib/python3.12/site-packages/airflow/example_dags/example_xcomargs.py for tasks to queue
[2024-10-15T01:21:11.150+0000] {logging_mixin.py:190} INFO - [2024-10-15T01:21:11.150+0000] {dagbag.py:588} INFO - Filling up the DagBag from /home/airflow/.local/lib/python3.12/site-packages/airflow/example_dags/example_xcomargs.py
[2024-10-15T01:21:11.161+0000] {processor.py:925} INFO - DAG(s) 'example_xcom_args', 'example_xcom_args_with_operators' retrieved from /home/airflow/.local/lib/python3.12/site-packages/airflow/example_dags/example_xcomargs.py
[2024-10-15T01:21:11.188+0000] {logging_mixin.py:190} INFO - [2024-10-15T01:21:11.188+0000] {dag.py:3239} INFO - Sync 2 DAGs
[2024-10-15T01:21:11.205+0000] {logging_mixin.py:190} INFO - [2024-10-15T01:21:11.205+0000] {dag.py:4180} INFO - Setting next_dagrun for example_xcom_args to None, run_after=None
[2024-10-15T01:21:11.209+0000] {logging_mixin.py:190} INFO - [2024-10-15T01:21:11.209+0000] {dag.py:4180} INFO - Setting next_dagrun for example_xcom_args_with_operators to None, run_after=None
[2024-10-15T01:21:11.227+0000] {processor.py:208} INFO - Processing /home/airflow/.local/lib/python3.12/site-packages/airflow/example_dags/example_xcomargs.py took 0.086 seconds
[2024-10-15T01:21:41.833+0000] {processor.py:186} INFO - Started process (PID=2773) to work on /home/airflow/.local/lib/python3.12/site-packages/airflow/example_dags/example_xcomargs.py
[2024-10-15T01:21:41.835+0000] {processor.py:914} INFO - Processing file /home/airflow/.local/lib/python3.12/site-packages/airflow/example_dags/example_xcomargs.py for tasks to queue
[2024-10-15T01:21:41.835+0000] {logging_mixin.py:190} INFO - [2024-10-15T01:21:41.835+0000] {dagbag.py:588} INFO - Filling up the DagBag from /home/airflow/.local/lib/python3.12/site-packages/airflow/example_dags/example_xcomargs.py
[2024-10-15T01:21:41.848+0000] {processor.py:925} INFO - DAG(s) 'example_xcom_args', 'example_xcom_args_with_operators' retrieved from /home/airflow/.local/lib/python3.12/site-packages/airflow/example_dags/example_xcomargs.py
[2024-10-15T01:21:41.873+0000] {logging_mixin.py:190} INFO - [2024-10-15T01:21:41.872+0000] {dag.py:3239} INFO - Sync 2 DAGs
[2024-10-15T01:21:41.889+0000] {logging_mixin.py:190} INFO - [2024-10-15T01:21:41.889+0000] {dag.py:4180} INFO - Setting next_dagrun for example_xcom_args to None, run_after=None
[2024-10-15T01:21:41.895+0000] {logging_mixin.py:190} INFO - [2024-10-15T01:21:41.895+0000] {dag.py:4180} INFO - Setting next_dagrun for example_xcom_args_with_operators to None, run_after=None
[2024-10-15T01:21:41.917+0000] {processor.py:208} INFO - Processing /home/airflow/.local/lib/python3.12/site-packages/airflow/example_dags/example_xcomargs.py took 0.090 seconds
[2024-10-15T01:22:12.587+0000] {processor.py:186} INFO - Started process (PID=2835) to work on /home/airflow/.local/lib/python3.12/site-packages/airflow/example_dags/example_xcomargs.py
[2024-10-15T01:22:12.592+0000] {processor.py:914} INFO - Processing file /home/airflow/.local/lib/python3.12/site-packages/airflow/example_dags/example_xcomargs.py for tasks to queue
[2024-10-15T01:22:12.595+0000] {logging_mixin.py:190} INFO - [2024-10-15T01:22:12.594+0000] {dagbag.py:588} INFO - Filling up the DagBag from /home/airflow/.local/lib/python3.12/site-packages/airflow/example_dags/example_xcomargs.py
[2024-10-15T01:22:12.624+0000] {processor.py:925} INFO - DAG(s) 'example_xcom_args_with_operators', 'example_xcom_args' retrieved from /home/airflow/.local/lib/python3.12/site-packages/airflow/example_dags/example_xcomargs.py
[2024-10-15T01:22:12.665+0000] {logging_mixin.py:190} INFO - [2024-10-15T01:22:12.664+0000] {dag.py:3239} INFO - Sync 2 DAGs
[2024-10-15T01:22:12.680+0000] {logging_mixin.py:190} INFO - [2024-10-15T01:22:12.680+0000] {dag.py:4180} INFO - Setting next_dagrun for example_xcom_args to None, run_after=None
[2024-10-15T01:22:12.683+0000] {logging_mixin.py:190} INFO - [2024-10-15T01:22:12.683+0000] {dag.py:4180} INFO - Setting next_dagrun for example_xcom_args_with_operators to None, run_after=None
[2024-10-15T01:22:12.695+0000] {processor.py:208} INFO - Processing /home/airflow/.local/lib/python3.12/site-packages/airflow/example_dags/example_xcomargs.py took 0.128 seconds
[2024-10-15T01:22:43.140+0000] {processor.py:186} INFO - Started process (PID=2898) to work on /home/airflow/.local/lib/python3.12/site-packages/airflow/example_dags/example_xcomargs.py
[2024-10-15T01:22:43.140+0000] {processor.py:914} INFO - Processing file /home/airflow/.local/lib/python3.12/site-packages/airflow/example_dags/example_xcomargs.py for tasks to queue
[2024-10-15T01:22:43.141+0000] {logging_mixin.py:190} INFO - [2024-10-15T01:22:43.141+0000] {dagbag.py:588} INFO - Filling up the DagBag from /home/airflow/.local/lib/python3.12/site-packages/airflow/example_dags/example_xcomargs.py
[2024-10-15T01:22:43.151+0000] {processor.py:925} INFO - DAG(s) 'example_xcom_args', 'example_xcom_args_with_operators' retrieved from /home/airflow/.local/lib/python3.12/site-packages/airflow/example_dags/example_xcomargs.py
[2024-10-15T01:22:43.191+0000] {logging_mixin.py:190} INFO - [2024-10-15T01:22:43.190+0000] {dag.py:3239} INFO - Sync 2 DAGs
[2024-10-15T01:22:43.210+0000] {logging_mixin.py:190} INFO - [2024-10-15T01:22:43.210+0000] {dag.py:4180} INFO - Setting next_dagrun for example_xcom_args to None, run_after=None
[2024-10-15T01:22:43.216+0000] {logging_mixin.py:190} INFO - [2024-10-15T01:22:43.216+0000] {dag.py:4180} INFO - Setting next_dagrun for example_xcom_args_with_operators to None, run_after=None
[2024-10-15T01:22:43.235+0000] {processor.py:208} INFO - Processing /home/airflow/.local/lib/python3.12/site-packages/airflow/example_dags/example_xcomargs.py took 0.101 seconds
[2024-10-15T01:23:13.896+0000] {processor.py:186} INFO - Started process (PID=2962) to work on /home/airflow/.local/lib/python3.12/site-packages/airflow/example_dags/example_xcomargs.py
[2024-10-15T01:23:13.900+0000] {processor.py:914} INFO - Processing file /home/airflow/.local/lib/python3.12/site-packages/airflow/example_dags/example_xcomargs.py for tasks to queue
[2024-10-15T01:23:13.901+0000] {logging_mixin.py:190} INFO - [2024-10-15T01:23:13.900+0000] {dagbag.py:588} INFO - Filling up the DagBag from /home/airflow/.local/lib/python3.12/site-packages/airflow/example_dags/example_xcomargs.py
[2024-10-15T01:23:13.925+0000] {processor.py:925} INFO - DAG(s) 'example_xcom_args_with_operators', 'example_xcom_args' retrieved from /home/airflow/.local/lib/python3.12/site-packages/airflow/example_dags/example_xcomargs.py
[2024-10-15T01:23:13.989+0000] {logging_mixin.py:190} INFO - [2024-10-15T01:23:13.989+0000] {dag.py:3239} INFO - Sync 2 DAGs
[2024-10-15T01:23:14.013+0000] {logging_mixin.py:190} INFO - [2024-10-15T01:23:14.013+0000] {dag.py:4180} INFO - Setting next_dagrun for example_xcom_args to None, run_after=None
[2024-10-15T01:23:14.040+0000] {logging_mixin.py:190} INFO - [2024-10-15T01:23:14.039+0000] {dag.py:4180} INFO - Setting next_dagrun for example_xcom_args_with_operators to None, run_after=None
[2024-10-15T01:23:14.077+0000] {processor.py:208} INFO - Processing /home/airflow/.local/lib/python3.12/site-packages/airflow/example_dags/example_xcomargs.py took 0.195 seconds
