[2024-10-15T00:50:14.396+0000] {processor.py:186} INFO - Started process (PID=96) to work on /home/airflow/.local/lib/python3.12/site-packages/airflow/example_dags/example_external_task_marker_dag.py
[2024-10-15T00:50:14.397+0000] {processor.py:914} INFO - Processing file /home/airflow/.local/lib/python3.12/site-packages/airflow/example_dags/example_external_task_marker_dag.py for tasks to queue
[2024-10-15T00:50:14.404+0000] {logging_mixin.py:190} INFO - [2024-10-15T00:50:14.402+0000] {dagbag.py:588} INFO - Filling up the DagBag from /home/airflow/.local/lib/python3.12/site-packages/airflow/example_dags/example_external_task_marker_dag.py
[2024-10-15T00:50:14.430+0000] {processor.py:925} INFO - DAG(s) 'example_external_task_marker_child', 'example_external_task_marker_parent' retrieved from /home/airflow/.local/lib/python3.12/site-packages/airflow/example_dags/example_external_task_marker_dag.py
[2024-10-15T00:50:14.781+0000] {logging_mixin.py:190} INFO - [2024-10-15T00:50:14.780+0000] {override.py:1900} INFO - Created Permission View: can edit on DAG:example_external_task_marker_child
[2024-10-15T00:50:14.800+0000] {logging_mixin.py:190} INFO - [2024-10-15T00:50:14.800+0000] {override.py:1900} INFO - Created Permission View: can read on DAG:example_external_task_marker_child
[2024-10-15T00:50:14.821+0000] {logging_mixin.py:190} INFO - [2024-10-15T00:50:14.821+0000] {override.py:1900} INFO - Created Permission View: can delete on DAG:example_external_task_marker_child
[2024-10-15T00:50:14.840+0000] {logging_mixin.py:190} INFO - [2024-10-15T00:50:14.839+0000] {override.py:1900} INFO - Created Permission View: menu access on DAG Run:example_external_task_marker_child
[2024-10-15T00:50:14.862+0000] {logging_mixin.py:190} INFO - [2024-10-15T00:50:14.862+0000] {override.py:1900} INFO - Created Permission View: can delete on DAG Run:example_external_task_marker_child
[2024-10-15T00:50:14.881+0000] {logging_mixin.py:190} INFO - [2024-10-15T00:50:14.881+0000] {override.py:1900} INFO - Created Permission View: can read on DAG Run:example_external_task_marker_child
[2024-10-15T00:50:14.899+0000] {logging_mixin.py:190} INFO - [2024-10-15T00:50:14.899+0000] {override.py:1900} INFO - Created Permission View: can create on DAG Run:example_external_task_marker_child
[2024-10-15T00:50:14.935+0000] {logging_mixin.py:190} INFO - [2024-10-15T00:50:14.935+0000] {override.py:1900} INFO - Created Permission View: can edit on DAG:example_external_task_marker_parent
[2024-10-15T00:50:14.952+0000] {logging_mixin.py:190} INFO - [2024-10-15T00:50:14.952+0000] {override.py:1900} INFO - Created Permission View: can read on DAG:example_external_task_marker_parent
[2024-10-15T00:50:14.964+0000] {logging_mixin.py:190} INFO - [2024-10-15T00:50:14.963+0000] {override.py:1900} INFO - Created Permission View: can delete on DAG:example_external_task_marker_parent
[2024-10-15T00:50:14.975+0000] {logging_mixin.py:190} INFO - [2024-10-15T00:50:14.974+0000] {override.py:1900} INFO - Created Permission View: menu access on DAG Run:example_external_task_marker_parent
[2024-10-15T00:50:15.001+0000] {logging_mixin.py:190} INFO - [2024-10-15T00:50:15.001+0000] {override.py:1900} INFO - Created Permission View: can delete on DAG Run:example_external_task_marker_parent
[2024-10-15T00:50:15.008+0000] {logging_mixin.py:190} INFO - [2024-10-15T00:50:15.007+0000] {override.py:1900} INFO - Created Permission View: can read on DAG Run:example_external_task_marker_parent
[2024-10-15T00:50:15.019+0000] {logging_mixin.py:190} INFO - [2024-10-15T00:50:15.018+0000] {override.py:1900} INFO - Created Permission View: can create on DAG Run:example_external_task_marker_parent
[2024-10-15T00:50:15.024+0000] {logging_mixin.py:190} INFO - [2024-10-15T00:50:15.024+0000] {dag.py:3239} INFO - Sync 2 DAGs
[2024-10-15T00:50:15.066+0000] {logging_mixin.py:190} INFO - [2024-10-15T00:50:15.066+0000] {dag.py:3262} INFO - Creating ORM DAG for example_external_task_marker_child
[2024-10-15T00:50:15.072+0000] {logging_mixin.py:190} INFO - [2024-10-15T00:50:15.067+0000] {dag.py:3262} INFO - Creating ORM DAG for example_external_task_marker_parent
[2024-10-15T00:50:15.072+0000] {logging_mixin.py:190} INFO - [2024-10-15T00:50:15.072+0000] {dag.py:4180} INFO - Setting next_dagrun for example_external_task_marker_child to None, run_after=None
[2024-10-15T00:50:15.082+0000] {logging_mixin.py:190} INFO - [2024-10-15T00:50:15.082+0000] {dag.py:4180} INFO - Setting next_dagrun for example_external_task_marker_parent to None, run_after=None
[2024-10-15T00:50:15.227+0000] {processor.py:208} INFO - Processing /home/airflow/.local/lib/python3.12/site-packages/airflow/example_dags/example_external_task_marker_dag.py took 0.852 seconds
[2024-10-15T00:59:52.897+0000] {processor.py:186} INFO - Started process (PID=100) to work on /home/airflow/.local/lib/python3.12/site-packages/airflow/example_dags/example_external_task_marker_dag.py
[2024-10-15T00:59:52.913+0000] {processor.py:914} INFO - Processing file /home/airflow/.local/lib/python3.12/site-packages/airflow/example_dags/example_external_task_marker_dag.py for tasks to queue
[2024-10-15T00:59:52.915+0000] {logging_mixin.py:190} INFO - [2024-10-15T00:59:52.915+0000] {dagbag.py:588} INFO - Filling up the DagBag from /home/airflow/.local/lib/python3.12/site-packages/airflow/example_dags/example_external_task_marker_dag.py
[2024-10-15T00:59:52.943+0000] {processor.py:925} INFO - DAG(s) 'example_external_task_marker_child', 'example_external_task_marker_parent' retrieved from /home/airflow/.local/lib/python3.12/site-packages/airflow/example_dags/example_external_task_marker_dag.py
[2024-10-15T00:59:53.014+0000] {logging_mixin.py:190} INFO - [2024-10-15T00:59:53.014+0000] {dag.py:3239} INFO - Sync 2 DAGs
[2024-10-15T00:59:53.048+0000] {logging_mixin.py:190} INFO - [2024-10-15T00:59:53.047+0000] {dag.py:4180} INFO - Setting next_dagrun for example_external_task_marker_child to None, run_after=None
[2024-10-15T00:59:53.064+0000] {logging_mixin.py:190} INFO - [2024-10-15T00:59:53.063+0000] {dag.py:4180} INFO - Setting next_dagrun for example_external_task_marker_parent to None, run_after=None
[2024-10-15T00:59:53.112+0000] {processor.py:208} INFO - Processing /home/airflow/.local/lib/python3.12/site-packages/airflow/example_dags/example_external_task_marker_dag.py took 0.227 seconds
[2024-10-15T01:00:23.813+0000] {processor.py:186} INFO - Started process (PID=162) to work on /home/airflow/.local/lib/python3.12/site-packages/airflow/example_dags/example_external_task_marker_dag.py
[2024-10-15T01:00:23.818+0000] {processor.py:914} INFO - Processing file /home/airflow/.local/lib/python3.12/site-packages/airflow/example_dags/example_external_task_marker_dag.py for tasks to queue
[2024-10-15T01:00:23.821+0000] {logging_mixin.py:190} INFO - [2024-10-15T01:00:23.821+0000] {dagbag.py:588} INFO - Filling up the DagBag from /home/airflow/.local/lib/python3.12/site-packages/airflow/example_dags/example_external_task_marker_dag.py
[2024-10-15T01:00:23.827+0000] {processor.py:925} INFO - DAG(s) 'example_external_task_marker_child', 'example_external_task_marker_parent' retrieved from /home/airflow/.local/lib/python3.12/site-packages/airflow/example_dags/example_external_task_marker_dag.py
[2024-10-15T01:00:23.866+0000] {logging_mixin.py:190} INFO - [2024-10-15T01:00:23.865+0000] {dag.py:3239} INFO - Sync 2 DAGs
[2024-10-15T01:00:23.880+0000] {logging_mixin.py:190} INFO - [2024-10-15T01:00:23.880+0000] {dag.py:4180} INFO - Setting next_dagrun for example_external_task_marker_child to None, run_after=None
[2024-10-15T01:00:23.886+0000] {logging_mixin.py:190} INFO - [2024-10-15T01:00:23.886+0000] {dag.py:4180} INFO - Setting next_dagrun for example_external_task_marker_parent to None, run_after=None
[2024-10-15T01:00:23.903+0000] {processor.py:208} INFO - Processing /home/airflow/.local/lib/python3.12/site-packages/airflow/example_dags/example_external_task_marker_dag.py took 0.098 seconds
[2024-10-15T01:00:54.871+0000] {processor.py:186} INFO - Started process (PID=224) to work on /home/airflow/.local/lib/python3.12/site-packages/airflow/example_dags/example_external_task_marker_dag.py
[2024-10-15T01:00:54.872+0000] {processor.py:914} INFO - Processing file /home/airflow/.local/lib/python3.12/site-packages/airflow/example_dags/example_external_task_marker_dag.py for tasks to queue
[2024-10-15T01:00:54.875+0000] {logging_mixin.py:190} INFO - [2024-10-15T01:00:54.875+0000] {dagbag.py:588} INFO - Filling up the DagBag from /home/airflow/.local/lib/python3.12/site-packages/airflow/example_dags/example_external_task_marker_dag.py
[2024-10-15T01:00:54.900+0000] {processor.py:925} INFO - DAG(s) 'example_external_task_marker_parent', 'example_external_task_marker_child' retrieved from /home/airflow/.local/lib/python3.12/site-packages/airflow/example_dags/example_external_task_marker_dag.py
[2024-10-15T01:00:54.982+0000] {logging_mixin.py:190} INFO - [2024-10-15T01:00:54.982+0000] {dag.py:3239} INFO - Sync 2 DAGs
[2024-10-15T01:00:55.023+0000] {logging_mixin.py:190} INFO - [2024-10-15T01:00:55.022+0000] {dag.py:4180} INFO - Setting next_dagrun for example_external_task_marker_child to None, run_after=None
[2024-10-15T01:00:55.033+0000] {logging_mixin.py:190} INFO - [2024-10-15T01:00:55.033+0000] {dag.py:4180} INFO - Setting next_dagrun for example_external_task_marker_parent to None, run_after=None
[2024-10-15T01:00:55.099+0000] {processor.py:208} INFO - Processing /home/airflow/.local/lib/python3.12/site-packages/airflow/example_dags/example_external_task_marker_dag.py took 0.249 seconds
[2024-10-15T01:01:25.931+0000] {processor.py:186} INFO - Started process (PID=285) to work on /home/airflow/.local/lib/python3.12/site-packages/airflow/example_dags/example_external_task_marker_dag.py
[2024-10-15T01:01:25.932+0000] {processor.py:914} INFO - Processing file /home/airflow/.local/lib/python3.12/site-packages/airflow/example_dags/example_external_task_marker_dag.py for tasks to queue
[2024-10-15T01:01:25.935+0000] {logging_mixin.py:190} INFO - [2024-10-15T01:01:25.935+0000] {dagbag.py:588} INFO - Filling up the DagBag from /home/airflow/.local/lib/python3.12/site-packages/airflow/example_dags/example_external_task_marker_dag.py
[2024-10-15T01:01:25.943+0000] {processor.py:925} INFO - DAG(s) 'example_external_task_marker_parent', 'example_external_task_marker_child' retrieved from /home/airflow/.local/lib/python3.12/site-packages/airflow/example_dags/example_external_task_marker_dag.py
[2024-10-15T01:01:25.974+0000] {logging_mixin.py:190} INFO - [2024-10-15T01:01:25.974+0000] {dag.py:3239} INFO - Sync 2 DAGs
[2024-10-15T01:01:25.990+0000] {logging_mixin.py:190} INFO - [2024-10-15T01:01:25.989+0000] {dag.py:4180} INFO - Setting next_dagrun for example_external_task_marker_child to None, run_after=None
[2024-10-15T01:01:25.994+0000] {logging_mixin.py:190} INFO - [2024-10-15T01:01:25.993+0000] {dag.py:4180} INFO - Setting next_dagrun for example_external_task_marker_parent to None, run_after=None
[2024-10-15T01:01:26.012+0000] {processor.py:208} INFO - Processing /home/airflow/.local/lib/python3.12/site-packages/airflow/example_dags/example_external_task_marker_dag.py took 0.089 seconds
[2024-10-15T01:01:56.295+0000] {processor.py:186} INFO - Started process (PID=347) to work on /home/airflow/.local/lib/python3.12/site-packages/airflow/example_dags/example_external_task_marker_dag.py
[2024-10-15T01:01:56.296+0000] {processor.py:914} INFO - Processing file /home/airflow/.local/lib/python3.12/site-packages/airflow/example_dags/example_external_task_marker_dag.py for tasks to queue
[2024-10-15T01:01:56.299+0000] {logging_mixin.py:190} INFO - [2024-10-15T01:01:56.299+0000] {dagbag.py:588} INFO - Filling up the DagBag from /home/airflow/.local/lib/python3.12/site-packages/airflow/example_dags/example_external_task_marker_dag.py
[2024-10-15T01:01:56.306+0000] {processor.py:925} INFO - DAG(s) 'example_external_task_marker_parent', 'example_external_task_marker_child' retrieved from /home/airflow/.local/lib/python3.12/site-packages/airflow/example_dags/example_external_task_marker_dag.py
[2024-10-15T01:01:56.338+0000] {logging_mixin.py:190} INFO - [2024-10-15T01:01:56.337+0000] {dag.py:3239} INFO - Sync 2 DAGs
[2024-10-15T01:01:56.352+0000] {logging_mixin.py:190} INFO - [2024-10-15T01:01:56.352+0000] {dag.py:4180} INFO - Setting next_dagrun for example_external_task_marker_child to None, run_after=None
[2024-10-15T01:01:56.356+0000] {logging_mixin.py:190} INFO - [2024-10-15T01:01:56.356+0000] {dag.py:4180} INFO - Setting next_dagrun for example_external_task_marker_parent to None, run_after=None
[2024-10-15T01:01:56.372+0000] {processor.py:208} INFO - Processing /home/airflow/.local/lib/python3.12/site-packages/airflow/example_dags/example_external_task_marker_dag.py took 0.082 seconds
[2024-10-15T01:02:26.682+0000] {processor.py:186} INFO - Started process (PID=408) to work on /home/airflow/.local/lib/python3.12/site-packages/airflow/example_dags/example_external_task_marker_dag.py
[2024-10-15T01:02:26.685+0000] {processor.py:914} INFO - Processing file /home/airflow/.local/lib/python3.12/site-packages/airflow/example_dags/example_external_task_marker_dag.py for tasks to queue
[2024-10-15T01:02:26.686+0000] {logging_mixin.py:190} INFO - [2024-10-15T01:02:26.686+0000] {dagbag.py:588} INFO - Filling up the DagBag from /home/airflow/.local/lib/python3.12/site-packages/airflow/example_dags/example_external_task_marker_dag.py
[2024-10-15T01:02:26.694+0000] {processor.py:925} INFO - DAG(s) 'example_external_task_marker_parent', 'example_external_task_marker_child' retrieved from /home/airflow/.local/lib/python3.12/site-packages/airflow/example_dags/example_external_task_marker_dag.py
[2024-10-15T01:02:26.716+0000] {logging_mixin.py:190} INFO - [2024-10-15T01:02:26.716+0000] {dag.py:3239} INFO - Sync 2 DAGs
[2024-10-15T01:02:26.732+0000] {logging_mixin.py:190} INFO - [2024-10-15T01:02:26.732+0000] {dag.py:4180} INFO - Setting next_dagrun for example_external_task_marker_child to None, run_after=None
[2024-10-15T01:02:26.734+0000] {logging_mixin.py:190} INFO - [2024-10-15T01:02:26.734+0000] {dag.py:4180} INFO - Setting next_dagrun for example_external_task_marker_parent to None, run_after=None
[2024-10-15T01:02:26.750+0000] {processor.py:208} INFO - Processing /home/airflow/.local/lib/python3.12/site-packages/airflow/example_dags/example_external_task_marker_dag.py took 0.072 seconds
[2024-10-15T01:02:57.112+0000] {processor.py:186} INFO - Started process (PID=470) to work on /home/airflow/.local/lib/python3.12/site-packages/airflow/example_dags/example_external_task_marker_dag.py
[2024-10-15T01:02:57.113+0000] {processor.py:914} INFO - Processing file /home/airflow/.local/lib/python3.12/site-packages/airflow/example_dags/example_external_task_marker_dag.py for tasks to queue
[2024-10-15T01:02:57.115+0000] {logging_mixin.py:190} INFO - [2024-10-15T01:02:57.115+0000] {dagbag.py:588} INFO - Filling up the DagBag from /home/airflow/.local/lib/python3.12/site-packages/airflow/example_dags/example_external_task_marker_dag.py
[2024-10-15T01:02:57.135+0000] {processor.py:925} INFO - DAG(s) 'example_external_task_marker_parent', 'example_external_task_marker_child' retrieved from /home/airflow/.local/lib/python3.12/site-packages/airflow/example_dags/example_external_task_marker_dag.py
[2024-10-15T01:02:57.214+0000] {logging_mixin.py:190} INFO - [2024-10-15T01:02:57.214+0000] {dag.py:3239} INFO - Sync 2 DAGs
[2024-10-15T01:02:57.258+0000] {logging_mixin.py:190} INFO - [2024-10-15T01:02:57.258+0000] {dag.py:4180} INFO - Setting next_dagrun for example_external_task_marker_child to None, run_after=None
[2024-10-15T01:02:57.266+0000] {logging_mixin.py:190} INFO - [2024-10-15T01:02:57.266+0000] {dag.py:4180} INFO - Setting next_dagrun for example_external_task_marker_parent to None, run_after=None
[2024-10-15T01:02:57.326+0000] {processor.py:208} INFO - Processing /home/airflow/.local/lib/python3.12/site-packages/airflow/example_dags/example_external_task_marker_dag.py took 0.253 seconds
[2024-10-15T01:03:28.248+0000] {processor.py:186} INFO - Started process (PID=532) to work on /home/airflow/.local/lib/python3.12/site-packages/airflow/example_dags/example_external_task_marker_dag.py
[2024-10-15T01:03:28.250+0000] {processor.py:914} INFO - Processing file /home/airflow/.local/lib/python3.12/site-packages/airflow/example_dags/example_external_task_marker_dag.py for tasks to queue
[2024-10-15T01:03:28.252+0000] {logging_mixin.py:190} INFO - [2024-10-15T01:03:28.252+0000] {dagbag.py:588} INFO - Filling up the DagBag from /home/airflow/.local/lib/python3.12/site-packages/airflow/example_dags/example_external_task_marker_dag.py
[2024-10-15T01:03:28.260+0000] {processor.py:925} INFO - DAG(s) 'example_external_task_marker_parent', 'example_external_task_marker_child' retrieved from /home/airflow/.local/lib/python3.12/site-packages/airflow/example_dags/example_external_task_marker_dag.py
[2024-10-15T01:03:28.323+0000] {logging_mixin.py:190} INFO - [2024-10-15T01:03:28.322+0000] {dag.py:3239} INFO - Sync 2 DAGs
[2024-10-15T01:03:28.343+0000] {logging_mixin.py:190} INFO - [2024-10-15T01:03:28.343+0000] {dag.py:4180} INFO - Setting next_dagrun for example_external_task_marker_child to None, run_after=None
[2024-10-15T01:03:28.354+0000] {logging_mixin.py:190} INFO - [2024-10-15T01:03:28.354+0000] {dag.py:4180} INFO - Setting next_dagrun for example_external_task_marker_parent to None, run_after=None
[2024-10-15T01:03:28.378+0000] {processor.py:208} INFO - Processing /home/airflow/.local/lib/python3.12/site-packages/airflow/example_dags/example_external_task_marker_dag.py took 0.142 seconds
[2024-10-15T01:03:58.888+0000] {processor.py:186} INFO - Started process (PID=594) to work on /home/airflow/.local/lib/python3.12/site-packages/airflow/example_dags/example_external_task_marker_dag.py
[2024-10-15T01:03:58.888+0000] {processor.py:914} INFO - Processing file /home/airflow/.local/lib/python3.12/site-packages/airflow/example_dags/example_external_task_marker_dag.py for tasks to queue
[2024-10-15T01:03:58.890+0000] {logging_mixin.py:190} INFO - [2024-10-15T01:03:58.890+0000] {dagbag.py:588} INFO - Filling up the DagBag from /home/airflow/.local/lib/python3.12/site-packages/airflow/example_dags/example_external_task_marker_dag.py
[2024-10-15T01:03:58.899+0000] {processor.py:925} INFO - DAG(s) 'example_external_task_marker_parent', 'example_external_task_marker_child' retrieved from /home/airflow/.local/lib/python3.12/site-packages/airflow/example_dags/example_external_task_marker_dag.py
[2024-10-15T01:03:58.927+0000] {logging_mixin.py:190} INFO - [2024-10-15T01:03:58.927+0000] {dag.py:3239} INFO - Sync 2 DAGs
[2024-10-15T01:03:58.942+0000] {logging_mixin.py:190} INFO - [2024-10-15T01:03:58.942+0000] {dag.py:4180} INFO - Setting next_dagrun for example_external_task_marker_child to None, run_after=None
[2024-10-15T01:03:58.947+0000] {logging_mixin.py:190} INFO - [2024-10-15T01:03:58.947+0000] {dag.py:4180} INFO - Setting next_dagrun for example_external_task_marker_parent to None, run_after=None
[2024-10-15T01:03:58.967+0000] {processor.py:208} INFO - Processing /home/airflow/.local/lib/python3.12/site-packages/airflow/example_dags/example_external_task_marker_dag.py took 0.088 seconds
[2024-10-15T01:04:29.324+0000] {processor.py:186} INFO - Started process (PID=656) to work on /home/airflow/.local/lib/python3.12/site-packages/airflow/example_dags/example_external_task_marker_dag.py
[2024-10-15T01:04:29.326+0000] {processor.py:914} INFO - Processing file /home/airflow/.local/lib/python3.12/site-packages/airflow/example_dags/example_external_task_marker_dag.py for tasks to queue
[2024-10-15T01:04:29.328+0000] {logging_mixin.py:190} INFO - [2024-10-15T01:04:29.328+0000] {dagbag.py:588} INFO - Filling up the DagBag from /home/airflow/.local/lib/python3.12/site-packages/airflow/example_dags/example_external_task_marker_dag.py
[2024-10-15T01:04:29.336+0000] {processor.py:925} INFO - DAG(s) 'example_external_task_marker_parent', 'example_external_task_marker_child' retrieved from /home/airflow/.local/lib/python3.12/site-packages/airflow/example_dags/example_external_task_marker_dag.py
[2024-10-15T01:04:29.364+0000] {logging_mixin.py:190} INFO - [2024-10-15T01:04:29.364+0000] {dag.py:3239} INFO - Sync 2 DAGs
[2024-10-15T01:04:29.379+0000] {logging_mixin.py:190} INFO - [2024-10-15T01:04:29.379+0000] {dag.py:4180} INFO - Setting next_dagrun for example_external_task_marker_child to None, run_after=None
[2024-10-15T01:04:29.382+0000] {logging_mixin.py:190} INFO - [2024-10-15T01:04:29.382+0000] {dag.py:4180} INFO - Setting next_dagrun for example_external_task_marker_parent to None, run_after=None
[2024-10-15T01:04:29.396+0000] {processor.py:208} INFO - Processing /home/airflow/.local/lib/python3.12/site-packages/airflow/example_dags/example_external_task_marker_dag.py took 0.078 seconds
[2024-10-15T01:04:59.743+0000] {processor.py:186} INFO - Started process (PID=718) to work on /home/airflow/.local/lib/python3.12/site-packages/airflow/example_dags/example_external_task_marker_dag.py
[2024-10-15T01:04:59.745+0000] {processor.py:914} INFO - Processing file /home/airflow/.local/lib/python3.12/site-packages/airflow/example_dags/example_external_task_marker_dag.py for tasks to queue
[2024-10-15T01:04:59.747+0000] {logging_mixin.py:190} INFO - [2024-10-15T01:04:59.747+0000] {dagbag.py:588} INFO - Filling up the DagBag from /home/airflow/.local/lib/python3.12/site-packages/airflow/example_dags/example_external_task_marker_dag.py
[2024-10-15T01:04:59.754+0000] {processor.py:925} INFO - DAG(s) 'example_external_task_marker_child', 'example_external_task_marker_parent' retrieved from /home/airflow/.local/lib/python3.12/site-packages/airflow/example_dags/example_external_task_marker_dag.py
[2024-10-15T01:04:59.783+0000] {logging_mixin.py:190} INFO - [2024-10-15T01:04:59.783+0000] {dag.py:3239} INFO - Sync 2 DAGs
[2024-10-15T01:04:59.799+0000] {logging_mixin.py:190} INFO - [2024-10-15T01:04:59.799+0000] {dag.py:4180} INFO - Setting next_dagrun for example_external_task_marker_child to None, run_after=None
[2024-10-15T01:04:59.803+0000] {logging_mixin.py:190} INFO - [2024-10-15T01:04:59.803+0000] {dag.py:4180} INFO - Setting next_dagrun for example_external_task_marker_parent to None, run_after=None
[2024-10-15T01:04:59.819+0000] {processor.py:208} INFO - Processing /home/airflow/.local/lib/python3.12/site-packages/airflow/example_dags/example_external_task_marker_dag.py took 0.081 seconds
[2024-10-15T01:05:30.125+0000] {processor.py:186} INFO - Started process (PID=780) to work on /home/airflow/.local/lib/python3.12/site-packages/airflow/example_dags/example_external_task_marker_dag.py
[2024-10-15T01:05:30.126+0000] {processor.py:914} INFO - Processing file /home/airflow/.local/lib/python3.12/site-packages/airflow/example_dags/example_external_task_marker_dag.py for tasks to queue
[2024-10-15T01:05:30.128+0000] {logging_mixin.py:190} INFO - [2024-10-15T01:05:30.128+0000] {dagbag.py:588} INFO - Filling up the DagBag from /home/airflow/.local/lib/python3.12/site-packages/airflow/example_dags/example_external_task_marker_dag.py
[2024-10-15T01:05:30.137+0000] {processor.py:925} INFO - DAG(s) 'example_external_task_marker_child', 'example_external_task_marker_parent' retrieved from /home/airflow/.local/lib/python3.12/site-packages/airflow/example_dags/example_external_task_marker_dag.py
[2024-10-15T01:05:30.168+0000] {logging_mixin.py:190} INFO - [2024-10-15T01:05:30.168+0000] {dag.py:3239} INFO - Sync 2 DAGs
[2024-10-15T01:05:30.184+0000] {logging_mixin.py:190} INFO - [2024-10-15T01:05:30.184+0000] {dag.py:4180} INFO - Setting next_dagrun for example_external_task_marker_child to None, run_after=None
[2024-10-15T01:05:30.193+0000] {logging_mixin.py:190} INFO - [2024-10-15T01:05:30.193+0000] {dag.py:4180} INFO - Setting next_dagrun for example_external_task_marker_parent to None, run_after=None
[2024-10-15T01:05:30.211+0000] {processor.py:208} INFO - Processing /home/airflow/.local/lib/python3.12/site-packages/airflow/example_dags/example_external_task_marker_dag.py took 0.091 seconds
[2024-10-15T01:06:00.708+0000] {processor.py:186} INFO - Started process (PID=843) to work on /home/airflow/.local/lib/python3.12/site-packages/airflow/example_dags/example_external_task_marker_dag.py
[2024-10-15T01:06:00.709+0000] {processor.py:914} INFO - Processing file /home/airflow/.local/lib/python3.12/site-packages/airflow/example_dags/example_external_task_marker_dag.py for tasks to queue
[2024-10-15T01:06:00.710+0000] {logging_mixin.py:190} INFO - [2024-10-15T01:06:00.710+0000] {dagbag.py:588} INFO - Filling up the DagBag from /home/airflow/.local/lib/python3.12/site-packages/airflow/example_dags/example_external_task_marker_dag.py
[2024-10-15T01:06:00.719+0000] {processor.py:925} INFO - DAG(s) 'example_external_task_marker_parent', 'example_external_task_marker_child' retrieved from /home/airflow/.local/lib/python3.12/site-packages/airflow/example_dags/example_external_task_marker_dag.py
[2024-10-15T01:06:00.746+0000] {logging_mixin.py:190} INFO - [2024-10-15T01:06:00.746+0000] {dag.py:3239} INFO - Sync 2 DAGs
[2024-10-15T01:06:00.761+0000] {logging_mixin.py:190} INFO - [2024-10-15T01:06:00.761+0000] {dag.py:4180} INFO - Setting next_dagrun for example_external_task_marker_child to None, run_after=None
[2024-10-15T01:06:00.766+0000] {logging_mixin.py:190} INFO - [2024-10-15T01:06:00.766+0000] {dag.py:4180} INFO - Setting next_dagrun for example_external_task_marker_parent to None, run_after=None
[2024-10-15T01:06:00.781+0000] {processor.py:208} INFO - Processing /home/airflow/.local/lib/python3.12/site-packages/airflow/example_dags/example_external_task_marker_dag.py took 0.080 seconds
[2024-10-15T01:06:31.541+0000] {processor.py:186} INFO - Started process (PID=905) to work on /home/airflow/.local/lib/python3.12/site-packages/airflow/example_dags/example_external_task_marker_dag.py
[2024-10-15T01:06:31.544+0000] {processor.py:914} INFO - Processing file /home/airflow/.local/lib/python3.12/site-packages/airflow/example_dags/example_external_task_marker_dag.py for tasks to queue
[2024-10-15T01:06:31.546+0000] {logging_mixin.py:190} INFO - [2024-10-15T01:06:31.545+0000] {dagbag.py:588} INFO - Filling up the DagBag from /home/airflow/.local/lib/python3.12/site-packages/airflow/example_dags/example_external_task_marker_dag.py
[2024-10-15T01:06:31.554+0000] {processor.py:925} INFO - DAG(s) 'example_external_task_marker_parent', 'example_external_task_marker_child' retrieved from /home/airflow/.local/lib/python3.12/site-packages/airflow/example_dags/example_external_task_marker_dag.py
[2024-10-15T01:06:31.580+0000] {logging_mixin.py:190} INFO - [2024-10-15T01:06:31.580+0000] {dag.py:3239} INFO - Sync 2 DAGs
[2024-10-15T01:06:31.595+0000] {logging_mixin.py:190} INFO - [2024-10-15T01:06:31.595+0000] {dag.py:4180} INFO - Setting next_dagrun for example_external_task_marker_child to None, run_after=None
[2024-10-15T01:06:31.599+0000] {logging_mixin.py:190} INFO - [2024-10-15T01:06:31.599+0000] {dag.py:4180} INFO - Setting next_dagrun for example_external_task_marker_parent to None, run_after=None
[2024-10-15T01:06:31.619+0000] {processor.py:208} INFO - Processing /home/airflow/.local/lib/python3.12/site-packages/airflow/example_dags/example_external_task_marker_dag.py took 0.083 seconds
[2024-10-15T01:07:01.722+0000] {processor.py:186} INFO - Started process (PID=967) to work on /home/airflow/.local/lib/python3.12/site-packages/airflow/example_dags/example_external_task_marker_dag.py
[2024-10-15T01:07:01.722+0000] {processor.py:914} INFO - Processing file /home/airflow/.local/lib/python3.12/site-packages/airflow/example_dags/example_external_task_marker_dag.py for tasks to queue
[2024-10-15T01:07:01.724+0000] {logging_mixin.py:190} INFO - [2024-10-15T01:07:01.724+0000] {dagbag.py:588} INFO - Filling up the DagBag from /home/airflow/.local/lib/python3.12/site-packages/airflow/example_dags/example_external_task_marker_dag.py
[2024-10-15T01:07:01.734+0000] {processor.py:925} INFO - DAG(s) 'example_external_task_marker_parent', 'example_external_task_marker_child' retrieved from /home/airflow/.local/lib/python3.12/site-packages/airflow/example_dags/example_external_task_marker_dag.py
[2024-10-15T01:07:01.766+0000] {logging_mixin.py:190} INFO - [2024-10-15T01:07:01.766+0000] {dag.py:3239} INFO - Sync 2 DAGs
[2024-10-15T01:07:01.779+0000] {logging_mixin.py:190} INFO - [2024-10-15T01:07:01.779+0000] {dag.py:4180} INFO - Setting next_dagrun for example_external_task_marker_child to None, run_after=None
[2024-10-15T01:07:01.784+0000] {logging_mixin.py:190} INFO - [2024-10-15T01:07:01.784+0000] {dag.py:4180} INFO - Setting next_dagrun for example_external_task_marker_parent to None, run_after=None
[2024-10-15T01:07:01.802+0000] {processor.py:208} INFO - Processing /home/airflow/.local/lib/python3.12/site-packages/airflow/example_dags/example_external_task_marker_dag.py took 0.087 seconds
[2024-10-15T01:07:31.892+0000] {processor.py:186} INFO - Started process (PID=1030) to work on /home/airflow/.local/lib/python3.12/site-packages/airflow/example_dags/example_external_task_marker_dag.py
[2024-10-15T01:07:31.896+0000] {processor.py:914} INFO - Processing file /home/airflow/.local/lib/python3.12/site-packages/airflow/example_dags/example_external_task_marker_dag.py for tasks to queue
[2024-10-15T01:07:31.898+0000] {logging_mixin.py:190} INFO - [2024-10-15T01:07:31.898+0000] {dagbag.py:588} INFO - Filling up the DagBag from /home/airflow/.local/lib/python3.12/site-packages/airflow/example_dags/example_external_task_marker_dag.py
[2024-10-15T01:07:31.907+0000] {processor.py:925} INFO - DAG(s) 'example_external_task_marker_child', 'example_external_task_marker_parent' retrieved from /home/airflow/.local/lib/python3.12/site-packages/airflow/example_dags/example_external_task_marker_dag.py
[2024-10-15T01:07:31.934+0000] {logging_mixin.py:190} INFO - [2024-10-15T01:07:31.932+0000] {dag.py:3239} INFO - Sync 2 DAGs
[2024-10-15T01:07:31.949+0000] {logging_mixin.py:190} INFO - [2024-10-15T01:07:31.948+0000] {dag.py:4180} INFO - Setting next_dagrun for example_external_task_marker_child to None, run_after=None
[2024-10-15T01:07:31.952+0000] {logging_mixin.py:190} INFO - [2024-10-15T01:07:31.952+0000] {dag.py:4180} INFO - Setting next_dagrun for example_external_task_marker_parent to None, run_after=None
[2024-10-15T01:07:31.971+0000] {processor.py:208} INFO - Processing /home/airflow/.local/lib/python3.12/site-packages/airflow/example_dags/example_external_task_marker_dag.py took 0.089 seconds
[2024-10-15T01:08:02.919+0000] {processor.py:186} INFO - Started process (PID=1092) to work on /home/airflow/.local/lib/python3.12/site-packages/airflow/example_dags/example_external_task_marker_dag.py
[2024-10-15T01:08:02.923+0000] {processor.py:914} INFO - Processing file /home/airflow/.local/lib/python3.12/site-packages/airflow/example_dags/example_external_task_marker_dag.py for tasks to queue
[2024-10-15T01:08:02.926+0000] {logging_mixin.py:190} INFO - [2024-10-15T01:08:02.925+0000] {dagbag.py:588} INFO - Filling up the DagBag from /home/airflow/.local/lib/python3.12/site-packages/airflow/example_dags/example_external_task_marker_dag.py
[2024-10-15T01:08:02.942+0000] {processor.py:925} INFO - DAG(s) 'example_external_task_marker_child', 'example_external_task_marker_parent' retrieved from /home/airflow/.local/lib/python3.12/site-packages/airflow/example_dags/example_external_task_marker_dag.py
[2024-10-15T01:08:03.009+0000] {logging_mixin.py:190} INFO - [2024-10-15T01:08:03.009+0000] {dag.py:3239} INFO - Sync 2 DAGs
[2024-10-15T01:08:03.051+0000] {logging_mixin.py:190} INFO - [2024-10-15T01:08:03.051+0000] {dag.py:4180} INFO - Setting next_dagrun for example_external_task_marker_child to None, run_after=None
[2024-10-15T01:08:03.062+0000] {logging_mixin.py:190} INFO - [2024-10-15T01:08:03.062+0000] {dag.py:4180} INFO - Setting next_dagrun for example_external_task_marker_parent to None, run_after=None
[2024-10-15T01:08:03.110+0000] {processor.py:208} INFO - Processing /home/airflow/.local/lib/python3.12/site-packages/airflow/example_dags/example_external_task_marker_dag.py took 0.198 seconds
[2024-10-15T01:08:33.837+0000] {processor.py:186} INFO - Started process (PID=1154) to work on /home/airflow/.local/lib/python3.12/site-packages/airflow/example_dags/example_external_task_marker_dag.py
[2024-10-15T01:08:33.850+0000] {processor.py:914} INFO - Processing file /home/airflow/.local/lib/python3.12/site-packages/airflow/example_dags/example_external_task_marker_dag.py for tasks to queue
[2024-10-15T01:08:33.852+0000] {logging_mixin.py:190} INFO - [2024-10-15T01:08:33.852+0000] {dagbag.py:588} INFO - Filling up the DagBag from /home/airflow/.local/lib/python3.12/site-packages/airflow/example_dags/example_external_task_marker_dag.py
[2024-10-15T01:08:33.860+0000] {processor.py:925} INFO - DAG(s) 'example_external_task_marker_child', 'example_external_task_marker_parent' retrieved from /home/airflow/.local/lib/python3.12/site-packages/airflow/example_dags/example_external_task_marker_dag.py
[2024-10-15T01:08:33.906+0000] {logging_mixin.py:190} INFO - [2024-10-15T01:08:33.906+0000] {dag.py:3239} INFO - Sync 2 DAGs
[2024-10-15T01:08:33.936+0000] {logging_mixin.py:190} INFO - [2024-10-15T01:08:33.936+0000] {dag.py:4180} INFO - Setting next_dagrun for example_external_task_marker_child to None, run_after=None
[2024-10-15T01:08:33.947+0000] {logging_mixin.py:190} INFO - [2024-10-15T01:08:33.946+0000] {dag.py:4180} INFO - Setting next_dagrun for example_external_task_marker_parent to None, run_after=None
[2024-10-15T01:08:33.970+0000] {processor.py:208} INFO - Processing /home/airflow/.local/lib/python3.12/site-packages/airflow/example_dags/example_external_task_marker_dag.py took 0.152 seconds
[2024-10-15T01:09:05.374+0000] {processor.py:186} INFO - Started process (PID=1216) to work on /home/airflow/.local/lib/python3.12/site-packages/airflow/example_dags/example_external_task_marker_dag.py
[2024-10-15T01:09:05.382+0000] {processor.py:914} INFO - Processing file /home/airflow/.local/lib/python3.12/site-packages/airflow/example_dags/example_external_task_marker_dag.py for tasks to queue
[2024-10-15T01:09:05.388+0000] {logging_mixin.py:190} INFO - [2024-10-15T01:09:05.386+0000] {dagbag.py:588} INFO - Filling up the DagBag from /home/airflow/.local/lib/python3.12/site-packages/airflow/example_dags/example_external_task_marker_dag.py
[2024-10-15T01:09:05.428+0000] {processor.py:925} INFO - DAG(s) 'example_external_task_marker_child', 'example_external_task_marker_parent' retrieved from /home/airflow/.local/lib/python3.12/site-packages/airflow/example_dags/example_external_task_marker_dag.py
[2024-10-15T01:09:05.479+0000] {logging_mixin.py:190} INFO - [2024-10-15T01:09:05.479+0000] {dag.py:3239} INFO - Sync 2 DAGs
[2024-10-15T01:09:05.521+0000] {logging_mixin.py:190} INFO - [2024-10-15T01:09:05.517+0000] {dag.py:4180} INFO - Setting next_dagrun for example_external_task_marker_child to None, run_after=None
[2024-10-15T01:09:05.533+0000] {logging_mixin.py:190} INFO - [2024-10-15T01:09:05.533+0000] {dag.py:4180} INFO - Setting next_dagrun for example_external_task_marker_parent to None, run_after=None
[2024-10-15T01:09:05.586+0000] {processor.py:208} INFO - Processing /home/airflow/.local/lib/python3.12/site-packages/airflow/example_dags/example_external_task_marker_dag.py took 0.223 seconds
[2024-10-15T01:09:36.571+0000] {processor.py:186} INFO - Started process (PID=1278) to work on /home/airflow/.local/lib/python3.12/site-packages/airflow/example_dags/example_external_task_marker_dag.py
[2024-10-15T01:09:36.574+0000] {processor.py:914} INFO - Processing file /home/airflow/.local/lib/python3.12/site-packages/airflow/example_dags/example_external_task_marker_dag.py for tasks to queue
[2024-10-15T01:09:36.575+0000] {logging_mixin.py:190} INFO - [2024-10-15T01:09:36.575+0000] {dagbag.py:588} INFO - Filling up the DagBag from /home/airflow/.local/lib/python3.12/site-packages/airflow/example_dags/example_external_task_marker_dag.py
[2024-10-15T01:09:36.584+0000] {processor.py:925} INFO - DAG(s) 'example_external_task_marker_child', 'example_external_task_marker_parent' retrieved from /home/airflow/.local/lib/python3.12/site-packages/airflow/example_dags/example_external_task_marker_dag.py
[2024-10-15T01:09:36.607+0000] {logging_mixin.py:190} INFO - [2024-10-15T01:09:36.607+0000] {dag.py:3239} INFO - Sync 2 DAGs
[2024-10-15T01:09:36.623+0000] {logging_mixin.py:190} INFO - [2024-10-15T01:09:36.622+0000] {dag.py:4180} INFO - Setting next_dagrun for example_external_task_marker_child to None, run_after=None
[2024-10-15T01:09:36.626+0000] {logging_mixin.py:190} INFO - [2024-10-15T01:09:36.625+0000] {dag.py:4180} INFO - Setting next_dagrun for example_external_task_marker_parent to None, run_after=None
[2024-10-15T01:09:36.641+0000] {processor.py:208} INFO - Processing /home/airflow/.local/lib/python3.12/site-packages/airflow/example_dags/example_external_task_marker_dag.py took 0.076 seconds
[2024-10-15T01:10:07.243+0000] {processor.py:186} INFO - Started process (PID=1342) to work on /home/airflow/.local/lib/python3.12/site-packages/airflow/example_dags/example_external_task_marker_dag.py
[2024-10-15T01:10:07.243+0000] {processor.py:914} INFO - Processing file /home/airflow/.local/lib/python3.12/site-packages/airflow/example_dags/example_external_task_marker_dag.py for tasks to queue
[2024-10-15T01:10:07.246+0000] {logging_mixin.py:190} INFO - [2024-10-15T01:10:07.244+0000] {dagbag.py:588} INFO - Filling up the DagBag from /home/airflow/.local/lib/python3.12/site-packages/airflow/example_dags/example_external_task_marker_dag.py
[2024-10-15T01:10:07.253+0000] {processor.py:925} INFO - DAG(s) 'example_external_task_marker_child', 'example_external_task_marker_parent' retrieved from /home/airflow/.local/lib/python3.12/site-packages/airflow/example_dags/example_external_task_marker_dag.py
[2024-10-15T01:10:07.284+0000] {logging_mixin.py:190} INFO - [2024-10-15T01:10:07.284+0000] {dag.py:3239} INFO - Sync 2 DAGs
[2024-10-15T01:10:07.307+0000] {logging_mixin.py:190} INFO - [2024-10-15T01:10:07.307+0000] {dag.py:4180} INFO - Setting next_dagrun for example_external_task_marker_child to None, run_after=None
[2024-10-15T01:10:07.313+0000] {logging_mixin.py:190} INFO - [2024-10-15T01:10:07.312+0000] {dag.py:4180} INFO - Setting next_dagrun for example_external_task_marker_parent to None, run_after=None
[2024-10-15T01:10:07.334+0000] {processor.py:208} INFO - Processing /home/airflow/.local/lib/python3.12/site-packages/airflow/example_dags/example_external_task_marker_dag.py took 0.097 seconds
[2024-10-15T01:10:38.351+0000] {processor.py:186} INFO - Started process (PID=1404) to work on /home/airflow/.local/lib/python3.12/site-packages/airflow/example_dags/example_external_task_marker_dag.py
[2024-10-15T01:10:38.354+0000] {processor.py:914} INFO - Processing file /home/airflow/.local/lib/python3.12/site-packages/airflow/example_dags/example_external_task_marker_dag.py for tasks to queue
[2024-10-15T01:10:38.355+0000] {logging_mixin.py:190} INFO - [2024-10-15T01:10:38.355+0000] {dagbag.py:588} INFO - Filling up the DagBag from /home/airflow/.local/lib/python3.12/site-packages/airflow/example_dags/example_external_task_marker_dag.py
[2024-10-15T01:10:38.379+0000] {processor.py:925} INFO - DAG(s) 'example_external_task_marker_parent', 'example_external_task_marker_child' retrieved from /home/airflow/.local/lib/python3.12/site-packages/airflow/example_dags/example_external_task_marker_dag.py
[2024-10-15T01:10:38.428+0000] {logging_mixin.py:190} INFO - [2024-10-15T01:10:38.428+0000] {dag.py:3239} INFO - Sync 2 DAGs
[2024-10-15T01:10:38.447+0000] {logging_mixin.py:190} INFO - [2024-10-15T01:10:38.447+0000] {dag.py:4180} INFO - Setting next_dagrun for example_external_task_marker_child to None, run_after=None
[2024-10-15T01:10:38.451+0000] {logging_mixin.py:190} INFO - [2024-10-15T01:10:38.451+0000] {dag.py:4180} INFO - Setting next_dagrun for example_external_task_marker_parent to None, run_after=None
[2024-10-15T01:10:38.467+0000] {processor.py:208} INFO - Processing /home/airflow/.local/lib/python3.12/site-packages/airflow/example_dags/example_external_task_marker_dag.py took 0.132 seconds
[2024-10-15T01:11:08.707+0000] {processor.py:186} INFO - Started process (PID=1467) to work on /home/airflow/.local/lib/python3.12/site-packages/airflow/example_dags/example_external_task_marker_dag.py
[2024-10-15T01:11:08.710+0000] {processor.py:914} INFO - Processing file /home/airflow/.local/lib/python3.12/site-packages/airflow/example_dags/example_external_task_marker_dag.py for tasks to queue
[2024-10-15T01:11:08.711+0000] {logging_mixin.py:190} INFO - [2024-10-15T01:11:08.711+0000] {dagbag.py:588} INFO - Filling up the DagBag from /home/airflow/.local/lib/python3.12/site-packages/airflow/example_dags/example_external_task_marker_dag.py
[2024-10-15T01:11:08.720+0000] {processor.py:925} INFO - DAG(s) 'example_external_task_marker_parent', 'example_external_task_marker_child' retrieved from /home/airflow/.local/lib/python3.12/site-packages/airflow/example_dags/example_external_task_marker_dag.py
[2024-10-15T01:11:08.742+0000] {logging_mixin.py:190} INFO - [2024-10-15T01:11:08.742+0000] {dag.py:3239} INFO - Sync 2 DAGs
[2024-10-15T01:11:08.758+0000] {logging_mixin.py:190} INFO - [2024-10-15T01:11:08.758+0000] {dag.py:4180} INFO - Setting next_dagrun for example_external_task_marker_child to None, run_after=None
[2024-10-15T01:11:08.762+0000] {logging_mixin.py:190} INFO - [2024-10-15T01:11:08.761+0000] {dag.py:4180} INFO - Setting next_dagrun for example_external_task_marker_parent to None, run_after=None
[2024-10-15T01:11:08.776+0000] {processor.py:208} INFO - Processing /home/airflow/.local/lib/python3.12/site-packages/airflow/example_dags/example_external_task_marker_dag.py took 0.074 seconds
[2024-10-15T01:11:38.891+0000] {processor.py:186} INFO - Started process (PID=1530) to work on /home/airflow/.local/lib/python3.12/site-packages/airflow/example_dags/example_external_task_marker_dag.py
[2024-10-15T01:11:38.892+0000] {processor.py:914} INFO - Processing file /home/airflow/.local/lib/python3.12/site-packages/airflow/example_dags/example_external_task_marker_dag.py for tasks to queue
[2024-10-15T01:11:38.893+0000] {logging_mixin.py:190} INFO - [2024-10-15T01:11:38.893+0000] {dagbag.py:588} INFO - Filling up the DagBag from /home/airflow/.local/lib/python3.12/site-packages/airflow/example_dags/example_external_task_marker_dag.py
[2024-10-15T01:11:38.902+0000] {processor.py:925} INFO - DAG(s) 'example_external_task_marker_child', 'example_external_task_marker_parent' retrieved from /home/airflow/.local/lib/python3.12/site-packages/airflow/example_dags/example_external_task_marker_dag.py
[2024-10-15T01:11:38.928+0000] {logging_mixin.py:190} INFO - [2024-10-15T01:11:38.927+0000] {dag.py:3239} INFO - Sync 2 DAGs
[2024-10-15T01:11:38.943+0000] {logging_mixin.py:190} INFO - [2024-10-15T01:11:38.943+0000] {dag.py:4180} INFO - Setting next_dagrun for example_external_task_marker_child to None, run_after=None
[2024-10-15T01:11:38.948+0000] {logging_mixin.py:190} INFO - [2024-10-15T01:11:38.948+0000] {dag.py:4180} INFO - Setting next_dagrun for example_external_task_marker_parent to None, run_after=None
[2024-10-15T01:11:38.970+0000] {processor.py:208} INFO - Processing /home/airflow/.local/lib/python3.12/site-packages/airflow/example_dags/example_external_task_marker_dag.py took 0.084 seconds
[2024-10-15T01:12:09.020+0000] {processor.py:186} INFO - Started process (PID=1593) to work on /home/airflow/.local/lib/python3.12/site-packages/airflow/example_dags/example_external_task_marker_dag.py
[2024-10-15T01:12:09.022+0000] {processor.py:914} INFO - Processing file /home/airflow/.local/lib/python3.12/site-packages/airflow/example_dags/example_external_task_marker_dag.py for tasks to queue
[2024-10-15T01:12:09.023+0000] {logging_mixin.py:190} INFO - [2024-10-15T01:12:09.022+0000] {dagbag.py:588} INFO - Filling up the DagBag from /home/airflow/.local/lib/python3.12/site-packages/airflow/example_dags/example_external_task_marker_dag.py
[2024-10-15T01:12:09.031+0000] {processor.py:925} INFO - DAG(s) 'example_external_task_marker_child', 'example_external_task_marker_parent' retrieved from /home/airflow/.local/lib/python3.12/site-packages/airflow/example_dags/example_external_task_marker_dag.py
[2024-10-15T01:12:09.063+0000] {logging_mixin.py:190} INFO - [2024-10-15T01:12:09.060+0000] {dag.py:3239} INFO - Sync 2 DAGs
[2024-10-15T01:12:09.076+0000] {logging_mixin.py:190} INFO - [2024-10-15T01:12:09.076+0000] {dag.py:4180} INFO - Setting next_dagrun for example_external_task_marker_child to None, run_after=None
[2024-10-15T01:12:09.080+0000] {logging_mixin.py:190} INFO - [2024-10-15T01:12:09.080+0000] {dag.py:4180} INFO - Setting next_dagrun for example_external_task_marker_parent to None, run_after=None
[2024-10-15T01:12:09.099+0000] {processor.py:208} INFO - Processing /home/airflow/.local/lib/python3.12/site-packages/airflow/example_dags/example_external_task_marker_dag.py took 0.086 seconds
[2024-10-15T01:12:39.626+0000] {processor.py:186} INFO - Started process (PID=1657) to work on /home/airflow/.local/lib/python3.12/site-packages/airflow/example_dags/example_external_task_marker_dag.py
[2024-10-15T01:12:39.628+0000] {processor.py:914} INFO - Processing file /home/airflow/.local/lib/python3.12/site-packages/airflow/example_dags/example_external_task_marker_dag.py for tasks to queue
[2024-10-15T01:12:39.630+0000] {logging_mixin.py:190} INFO - [2024-10-15T01:12:39.629+0000] {dagbag.py:588} INFO - Filling up the DagBag from /home/airflow/.local/lib/python3.12/site-packages/airflow/example_dags/example_external_task_marker_dag.py
[2024-10-15T01:12:39.638+0000] {processor.py:925} INFO - DAG(s) 'example_external_task_marker_child', 'example_external_task_marker_parent' retrieved from /home/airflow/.local/lib/python3.12/site-packages/airflow/example_dags/example_external_task_marker_dag.py
[2024-10-15T01:12:39.662+0000] {logging_mixin.py:190} INFO - [2024-10-15T01:12:39.662+0000] {dag.py:3239} INFO - Sync 2 DAGs
[2024-10-15T01:12:39.679+0000] {logging_mixin.py:190} INFO - [2024-10-15T01:12:39.678+0000] {dag.py:4180} INFO - Setting next_dagrun for example_external_task_marker_child to None, run_after=None
[2024-10-15T01:12:39.684+0000] {logging_mixin.py:190} INFO - [2024-10-15T01:12:39.684+0000] {dag.py:4180} INFO - Setting next_dagrun for example_external_task_marker_parent to None, run_after=None
[2024-10-15T01:12:39.703+0000] {processor.py:208} INFO - Processing /home/airflow/.local/lib/python3.12/site-packages/airflow/example_dags/example_external_task_marker_dag.py took 0.086 seconds
[2024-10-15T01:13:10.992+0000] {processor.py:186} INFO - Started process (PID=1722) to work on /home/airflow/.local/lib/python3.12/site-packages/airflow/example_dags/example_external_task_marker_dag.py
[2024-10-15T01:13:10.998+0000] {processor.py:914} INFO - Processing file /home/airflow/.local/lib/python3.12/site-packages/airflow/example_dags/example_external_task_marker_dag.py for tasks to queue
[2024-10-15T01:13:11.000+0000] {logging_mixin.py:190} INFO - [2024-10-15T01:13:10.999+0000] {dagbag.py:588} INFO - Filling up the DagBag from /home/airflow/.local/lib/python3.12/site-packages/airflow/example_dags/example_external_task_marker_dag.py
[2024-10-15T01:13:11.012+0000] {processor.py:925} INFO - DAG(s) 'example_external_task_marker_parent', 'example_external_task_marker_child' retrieved from /home/airflow/.local/lib/python3.12/site-packages/airflow/example_dags/example_external_task_marker_dag.py
[2024-10-15T01:13:11.069+0000] {logging_mixin.py:190} INFO - [2024-10-15T01:13:11.069+0000] {dag.py:3239} INFO - Sync 2 DAGs
[2024-10-15T01:13:11.110+0000] {logging_mixin.py:190} INFO - [2024-10-15T01:13:11.110+0000] {dag.py:4180} INFO - Setting next_dagrun for example_external_task_marker_child to None, run_after=None
[2024-10-15T01:13:11.138+0000] {logging_mixin.py:190} INFO - [2024-10-15T01:13:11.137+0000] {dag.py:4180} INFO - Setting next_dagrun for example_external_task_marker_parent to None, run_after=None
[2024-10-15T01:13:11.188+0000] {processor.py:208} INFO - Processing /home/airflow/.local/lib/python3.12/site-packages/airflow/example_dags/example_external_task_marker_dag.py took 0.207 seconds
[2024-10-15T01:13:42.148+0000] {processor.py:186} INFO - Started process (PID=1785) to work on /home/airflow/.local/lib/python3.12/site-packages/airflow/example_dags/example_external_task_marker_dag.py
[2024-10-15T01:13:42.150+0000] {processor.py:914} INFO - Processing file /home/airflow/.local/lib/python3.12/site-packages/airflow/example_dags/example_external_task_marker_dag.py for tasks to queue
[2024-10-15T01:13:42.151+0000] {logging_mixin.py:190} INFO - [2024-10-15T01:13:42.151+0000] {dagbag.py:588} INFO - Filling up the DagBag from /home/airflow/.local/lib/python3.12/site-packages/airflow/example_dags/example_external_task_marker_dag.py
[2024-10-15T01:13:42.163+0000] {processor.py:925} INFO - DAG(s) 'example_external_task_marker_parent', 'example_external_task_marker_child' retrieved from /home/airflow/.local/lib/python3.12/site-packages/airflow/example_dags/example_external_task_marker_dag.py
[2024-10-15T01:13:42.207+0000] {logging_mixin.py:190} INFO - [2024-10-15T01:13:42.207+0000] {dag.py:3239} INFO - Sync 2 DAGs
[2024-10-15T01:13:42.231+0000] {logging_mixin.py:190} INFO - [2024-10-15T01:13:42.231+0000] {dag.py:4180} INFO - Setting next_dagrun for example_external_task_marker_child to None, run_after=None
[2024-10-15T01:13:42.235+0000] {logging_mixin.py:190} INFO - [2024-10-15T01:13:42.235+0000] {dag.py:4180} INFO - Setting next_dagrun for example_external_task_marker_parent to None, run_after=None
[2024-10-15T01:13:42.249+0000] {processor.py:208} INFO - Processing /home/airflow/.local/lib/python3.12/site-packages/airflow/example_dags/example_external_task_marker_dag.py took 0.106 seconds
[2024-10-15T01:14:13.113+0000] {processor.py:186} INFO - Started process (PID=1848) to work on /home/airflow/.local/lib/python3.12/site-packages/airflow/example_dags/example_external_task_marker_dag.py
[2024-10-15T01:14:13.119+0000] {processor.py:914} INFO - Processing file /home/airflow/.local/lib/python3.12/site-packages/airflow/example_dags/example_external_task_marker_dag.py for tasks to queue
[2024-10-15T01:14:13.121+0000] {logging_mixin.py:190} INFO - [2024-10-15T01:14:13.120+0000] {dagbag.py:588} INFO - Filling up the DagBag from /home/airflow/.local/lib/python3.12/site-packages/airflow/example_dags/example_external_task_marker_dag.py
[2024-10-15T01:14:13.153+0000] {processor.py:925} INFO - DAG(s) 'example_external_task_marker_parent', 'example_external_task_marker_child' retrieved from /home/airflow/.local/lib/python3.12/site-packages/airflow/example_dags/example_external_task_marker_dag.py
[2024-10-15T01:14:13.212+0000] {logging_mixin.py:190} INFO - [2024-10-15T01:14:13.212+0000] {dag.py:3239} INFO - Sync 2 DAGs
[2024-10-15T01:14:13.236+0000] {logging_mixin.py:190} INFO - [2024-10-15T01:14:13.235+0000] {dag.py:4180} INFO - Setting next_dagrun for example_external_task_marker_child to None, run_after=None
[2024-10-15T01:14:13.242+0000] {logging_mixin.py:190} INFO - [2024-10-15T01:14:13.242+0000] {dag.py:4180} INFO - Setting next_dagrun for example_external_task_marker_parent to None, run_after=None
[2024-10-15T01:14:13.266+0000] {processor.py:208} INFO - Processing /home/airflow/.local/lib/python3.12/site-packages/airflow/example_dags/example_external_task_marker_dag.py took 0.167 seconds
[2024-10-15T01:14:43.321+0000] {processor.py:186} INFO - Started process (PID=1911) to work on /home/airflow/.local/lib/python3.12/site-packages/airflow/example_dags/example_external_task_marker_dag.py
[2024-10-15T01:14:43.321+0000] {processor.py:914} INFO - Processing file /home/airflow/.local/lib/python3.12/site-packages/airflow/example_dags/example_external_task_marker_dag.py for tasks to queue
[2024-10-15T01:14:43.323+0000] {logging_mixin.py:190} INFO - [2024-10-15T01:14:43.322+0000] {dagbag.py:588} INFO - Filling up the DagBag from /home/airflow/.local/lib/python3.12/site-packages/airflow/example_dags/example_external_task_marker_dag.py
[2024-10-15T01:14:43.331+0000] {processor.py:925} INFO - DAG(s) 'example_external_task_marker_child', 'example_external_task_marker_parent' retrieved from /home/airflow/.local/lib/python3.12/site-packages/airflow/example_dags/example_external_task_marker_dag.py
[2024-10-15T01:14:43.360+0000] {logging_mixin.py:190} INFO - [2024-10-15T01:14:43.359+0000] {dag.py:3239} INFO - Sync 2 DAGs
[2024-10-15T01:14:43.376+0000] {logging_mixin.py:190} INFO - [2024-10-15T01:14:43.376+0000] {dag.py:4180} INFO - Setting next_dagrun for example_external_task_marker_child to None, run_after=None
[2024-10-15T01:14:43.381+0000] {logging_mixin.py:190} INFO - [2024-10-15T01:14:43.381+0000] {dag.py:4180} INFO - Setting next_dagrun for example_external_task_marker_parent to None, run_after=None
[2024-10-15T01:14:43.397+0000] {processor.py:208} INFO - Processing /home/airflow/.local/lib/python3.12/site-packages/airflow/example_dags/example_external_task_marker_dag.py took 0.082 seconds
[2024-10-15T01:15:14.020+0000] {processor.py:186} INFO - Started process (PID=1973) to work on /home/airflow/.local/lib/python3.12/site-packages/airflow/example_dags/example_external_task_marker_dag.py
[2024-10-15T01:15:14.022+0000] {processor.py:914} INFO - Processing file /home/airflow/.local/lib/python3.12/site-packages/airflow/example_dags/example_external_task_marker_dag.py for tasks to queue
[2024-10-15T01:15:14.023+0000] {logging_mixin.py:190} INFO - [2024-10-15T01:15:14.023+0000] {dagbag.py:588} INFO - Filling up the DagBag from /home/airflow/.local/lib/python3.12/site-packages/airflow/example_dags/example_external_task_marker_dag.py
[2024-10-15T01:15:14.031+0000] {processor.py:925} INFO - DAG(s) 'example_external_task_marker_child', 'example_external_task_marker_parent' retrieved from /home/airflow/.local/lib/python3.12/site-packages/airflow/example_dags/example_external_task_marker_dag.py
[2024-10-15T01:15:14.059+0000] {logging_mixin.py:190} INFO - [2024-10-15T01:15:14.059+0000] {dag.py:3239} INFO - Sync 2 DAGs
[2024-10-15T01:15:14.075+0000] {logging_mixin.py:190} INFO - [2024-10-15T01:15:14.075+0000] {dag.py:4180} INFO - Setting next_dagrun for example_external_task_marker_child to None, run_after=None
[2024-10-15T01:15:14.080+0000] {logging_mixin.py:190} INFO - [2024-10-15T01:15:14.079+0000] {dag.py:4180} INFO - Setting next_dagrun for example_external_task_marker_parent to None, run_after=None
[2024-10-15T01:15:14.100+0000] {processor.py:208} INFO - Processing /home/airflow/.local/lib/python3.12/site-packages/airflow/example_dags/example_external_task_marker_dag.py took 0.086 seconds
[2024-10-15T01:15:44.179+0000] {processor.py:186} INFO - Started process (PID=2036) to work on /home/airflow/.local/lib/python3.12/site-packages/airflow/example_dags/example_external_task_marker_dag.py
[2024-10-15T01:15:44.179+0000] {processor.py:914} INFO - Processing file /home/airflow/.local/lib/python3.12/site-packages/airflow/example_dags/example_external_task_marker_dag.py for tasks to queue
[2024-10-15T01:15:44.180+0000] {logging_mixin.py:190} INFO - [2024-10-15T01:15:44.180+0000] {dagbag.py:588} INFO - Filling up the DagBag from /home/airflow/.local/lib/python3.12/site-packages/airflow/example_dags/example_external_task_marker_dag.py
[2024-10-15T01:15:44.188+0000] {processor.py:925} INFO - DAG(s) 'example_external_task_marker_child', 'example_external_task_marker_parent' retrieved from /home/airflow/.local/lib/python3.12/site-packages/airflow/example_dags/example_external_task_marker_dag.py
[2024-10-15T01:15:44.213+0000] {logging_mixin.py:190} INFO - [2024-10-15T01:15:44.213+0000] {dag.py:3239} INFO - Sync 2 DAGs
[2024-10-15T01:15:44.228+0000] {logging_mixin.py:190} INFO - [2024-10-15T01:15:44.227+0000] {dag.py:4180} INFO - Setting next_dagrun for example_external_task_marker_child to None, run_after=None
[2024-10-15T01:15:44.231+0000] {logging_mixin.py:190} INFO - [2024-10-15T01:15:44.230+0000] {dag.py:4180} INFO - Setting next_dagrun for example_external_task_marker_parent to None, run_after=None
[2024-10-15T01:15:44.252+0000] {processor.py:208} INFO - Processing /home/airflow/.local/lib/python3.12/site-packages/airflow/example_dags/example_external_task_marker_dag.py took 0.080 seconds
[2024-10-15T01:16:14.396+0000] {processor.py:186} INFO - Started process (PID=2098) to work on /home/airflow/.local/lib/python3.12/site-packages/airflow/example_dags/example_external_task_marker_dag.py
[2024-10-15T01:16:14.398+0000] {processor.py:914} INFO - Processing file /home/airflow/.local/lib/python3.12/site-packages/airflow/example_dags/example_external_task_marker_dag.py for tasks to queue
[2024-10-15T01:16:14.399+0000] {logging_mixin.py:190} INFO - [2024-10-15T01:16:14.399+0000] {dagbag.py:588} INFO - Filling up the DagBag from /home/airflow/.local/lib/python3.12/site-packages/airflow/example_dags/example_external_task_marker_dag.py
[2024-10-15T01:16:14.408+0000] {processor.py:925} INFO - DAG(s) 'example_external_task_marker_child', 'example_external_task_marker_parent' retrieved from /home/airflow/.local/lib/python3.12/site-packages/airflow/example_dags/example_external_task_marker_dag.py
[2024-10-15T01:16:14.436+0000] {logging_mixin.py:190} INFO - [2024-10-15T01:16:14.436+0000] {dag.py:3239} INFO - Sync 2 DAGs
[2024-10-15T01:16:14.452+0000] {logging_mixin.py:190} INFO - [2024-10-15T01:16:14.451+0000] {dag.py:4180} INFO - Setting next_dagrun for example_external_task_marker_child to None, run_after=None
[2024-10-15T01:16:14.456+0000] {logging_mixin.py:190} INFO - [2024-10-15T01:16:14.456+0000] {dag.py:4180} INFO - Setting next_dagrun for example_external_task_marker_parent to None, run_after=None
[2024-10-15T01:16:14.479+0000] {processor.py:208} INFO - Processing /home/airflow/.local/lib/python3.12/site-packages/airflow/example_dags/example_external_task_marker_dag.py took 0.090 seconds
[2024-10-15T01:16:44.912+0000] {processor.py:186} INFO - Started process (PID=2161) to work on /home/airflow/.local/lib/python3.12/site-packages/airflow/example_dags/example_external_task_marker_dag.py
[2024-10-15T01:16:44.914+0000] {processor.py:914} INFO - Processing file /home/airflow/.local/lib/python3.12/site-packages/airflow/example_dags/example_external_task_marker_dag.py for tasks to queue
[2024-10-15T01:16:44.915+0000] {logging_mixin.py:190} INFO - [2024-10-15T01:16:44.915+0000] {dagbag.py:588} INFO - Filling up the DagBag from /home/airflow/.local/lib/python3.12/site-packages/airflow/example_dags/example_external_task_marker_dag.py
[2024-10-15T01:16:44.923+0000] {processor.py:925} INFO - DAG(s) 'example_external_task_marker_parent', 'example_external_task_marker_child' retrieved from /home/airflow/.local/lib/python3.12/site-packages/airflow/example_dags/example_external_task_marker_dag.py
[2024-10-15T01:16:44.951+0000] {logging_mixin.py:190} INFO - [2024-10-15T01:16:44.951+0000] {dag.py:3239} INFO - Sync 2 DAGs
[2024-10-15T01:16:44.968+0000] {logging_mixin.py:190} INFO - [2024-10-15T01:16:44.968+0000] {dag.py:4180} INFO - Setting next_dagrun for example_external_task_marker_child to None, run_after=None
[2024-10-15T01:16:44.971+0000] {logging_mixin.py:190} INFO - [2024-10-15T01:16:44.971+0000] {dag.py:4180} INFO - Setting next_dagrun for example_external_task_marker_parent to None, run_after=None
[2024-10-15T01:16:44.987+0000] {processor.py:208} INFO - Processing /home/airflow/.local/lib/python3.12/site-packages/airflow/example_dags/example_external_task_marker_dag.py took 0.081 seconds
[2024-10-15T01:17:15.492+0000] {processor.py:186} INFO - Started process (PID=2224) to work on /home/airflow/.local/lib/python3.12/site-packages/airflow/example_dags/example_external_task_marker_dag.py
[2024-10-15T01:17:15.495+0000] {processor.py:914} INFO - Processing file /home/airflow/.local/lib/python3.12/site-packages/airflow/example_dags/example_external_task_marker_dag.py for tasks to queue
[2024-10-15T01:17:15.496+0000] {logging_mixin.py:190} INFO - [2024-10-15T01:17:15.495+0000] {dagbag.py:588} INFO - Filling up the DagBag from /home/airflow/.local/lib/python3.12/site-packages/airflow/example_dags/example_external_task_marker_dag.py
[2024-10-15T01:17:15.509+0000] {processor.py:925} INFO - DAG(s) 'example_external_task_marker_child', 'example_external_task_marker_parent' retrieved from /home/airflow/.local/lib/python3.12/site-packages/airflow/example_dags/example_external_task_marker_dag.py
[2024-10-15T01:17:15.573+0000] {logging_mixin.py:190} INFO - [2024-10-15T01:17:15.573+0000] {dag.py:3239} INFO - Sync 2 DAGs
[2024-10-15T01:17:15.591+0000] {logging_mixin.py:190} INFO - [2024-10-15T01:17:15.590+0000] {dag.py:4180} INFO - Setting next_dagrun for example_external_task_marker_child to None, run_after=None
[2024-10-15T01:17:15.596+0000] {logging_mixin.py:190} INFO - [2024-10-15T01:17:15.596+0000] {dag.py:4180} INFO - Setting next_dagrun for example_external_task_marker_parent to None, run_after=None
[2024-10-15T01:17:15.620+0000] {processor.py:208} INFO - Processing /home/airflow/.local/lib/python3.12/site-packages/airflow/example_dags/example_external_task_marker_dag.py took 0.138 seconds
[2024-10-15T01:17:46.012+0000] {processor.py:186} INFO - Started process (PID=2294) to work on /home/airflow/.local/lib/python3.12/site-packages/airflow/example_dags/example_external_task_marker_dag.py
[2024-10-15T01:17:46.013+0000] {processor.py:914} INFO - Processing file /home/airflow/.local/lib/python3.12/site-packages/airflow/example_dags/example_external_task_marker_dag.py for tasks to queue
[2024-10-15T01:17:46.014+0000] {logging_mixin.py:190} INFO - [2024-10-15T01:17:46.014+0000] {dagbag.py:588} INFO - Filling up the DagBag from /home/airflow/.local/lib/python3.12/site-packages/airflow/example_dags/example_external_task_marker_dag.py
[2024-10-15T01:17:46.022+0000] {processor.py:925} INFO - DAG(s) 'example_external_task_marker_child', 'example_external_task_marker_parent' retrieved from /home/airflow/.local/lib/python3.12/site-packages/airflow/example_dags/example_external_task_marker_dag.py
[2024-10-15T01:17:46.050+0000] {logging_mixin.py:190} INFO - [2024-10-15T01:17:46.050+0000] {dag.py:3239} INFO - Sync 2 DAGs
[2024-10-15T01:17:46.063+0000] {logging_mixin.py:190} INFO - [2024-10-15T01:17:46.063+0000] {dag.py:4180} INFO - Setting next_dagrun for example_external_task_marker_child to None, run_after=None
[2024-10-15T01:17:46.067+0000] {logging_mixin.py:190} INFO - [2024-10-15T01:17:46.067+0000] {dag.py:4180} INFO - Setting next_dagrun for example_external_task_marker_parent to None, run_after=None
[2024-10-15T01:17:46.088+0000] {processor.py:208} INFO - Processing /home/airflow/.local/lib/python3.12/site-packages/airflow/example_dags/example_external_task_marker_dag.py took 0.084 seconds
[2024-10-15T01:18:16.319+0000] {processor.py:186} INFO - Started process (PID=2357) to work on /home/airflow/.local/lib/python3.12/site-packages/airflow/example_dags/example_external_task_marker_dag.py
[2024-10-15T01:18:16.321+0000] {processor.py:914} INFO - Processing file /home/airflow/.local/lib/python3.12/site-packages/airflow/example_dags/example_external_task_marker_dag.py for tasks to queue
[2024-10-15T01:18:16.322+0000] {logging_mixin.py:190} INFO - [2024-10-15T01:18:16.322+0000] {dagbag.py:588} INFO - Filling up the DagBag from /home/airflow/.local/lib/python3.12/site-packages/airflow/example_dags/example_external_task_marker_dag.py
[2024-10-15T01:18:16.332+0000] {processor.py:925} INFO - DAG(s) 'example_external_task_marker_parent', 'example_external_task_marker_child' retrieved from /home/airflow/.local/lib/python3.12/site-packages/airflow/example_dags/example_external_task_marker_dag.py
[2024-10-15T01:18:16.360+0000] {logging_mixin.py:190} INFO - [2024-10-15T01:18:16.359+0000] {dag.py:3239} INFO - Sync 2 DAGs
[2024-10-15T01:18:16.376+0000] {logging_mixin.py:190} INFO - [2024-10-15T01:18:16.375+0000] {dag.py:4180} INFO - Setting next_dagrun for example_external_task_marker_child to None, run_after=None
[2024-10-15T01:18:16.379+0000] {logging_mixin.py:190} INFO - [2024-10-15T01:18:16.379+0000] {dag.py:4180} INFO - Setting next_dagrun for example_external_task_marker_parent to None, run_after=None
[2024-10-15T01:18:16.396+0000] {processor.py:208} INFO - Processing /home/airflow/.local/lib/python3.12/site-packages/airflow/example_dags/example_external_task_marker_dag.py took 0.086 seconds
[2024-10-15T01:18:48.283+0000] {processor.py:186} INFO - Started process (PID=2420) to work on /home/airflow/.local/lib/python3.12/site-packages/airflow/example_dags/example_external_task_marker_dag.py
[2024-10-15T01:18:48.286+0000] {processor.py:914} INFO - Processing file /home/airflow/.local/lib/python3.12/site-packages/airflow/example_dags/example_external_task_marker_dag.py for tasks to queue
[2024-10-15T01:18:48.295+0000] {logging_mixin.py:190} INFO - [2024-10-15T01:18:48.294+0000] {dagbag.py:588} INFO - Filling up the DagBag from /home/airflow/.local/lib/python3.12/site-packages/airflow/example_dags/example_external_task_marker_dag.py
[2024-10-15T01:18:48.315+0000] {processor.py:925} INFO - DAG(s) 'example_external_task_marker_parent', 'example_external_task_marker_child' retrieved from /home/airflow/.local/lib/python3.12/site-packages/airflow/example_dags/example_external_task_marker_dag.py
[2024-10-15T01:18:48.346+0000] {logging_mixin.py:190} INFO - [2024-10-15T01:18:48.345+0000] {dag.py:3239} INFO - Sync 2 DAGs
[2024-10-15T01:18:48.363+0000] {logging_mixin.py:190} INFO - [2024-10-15T01:18:48.363+0000] {dag.py:4180} INFO - Setting next_dagrun for example_external_task_marker_child to None, run_after=None
[2024-10-15T01:18:48.367+0000] {logging_mixin.py:190} INFO - [2024-10-15T01:18:48.367+0000] {dag.py:4180} INFO - Setting next_dagrun for example_external_task_marker_parent to None, run_after=None
[2024-10-15T01:18:48.385+0000] {processor.py:208} INFO - Processing /home/airflow/.local/lib/python3.12/site-packages/airflow/example_dags/example_external_task_marker_dag.py took 0.114 seconds
[2024-10-15T01:19:18.858+0000] {processor.py:186} INFO - Started process (PID=2483) to work on /home/airflow/.local/lib/python3.12/site-packages/airflow/example_dags/example_external_task_marker_dag.py
[2024-10-15T01:19:18.859+0000] {processor.py:914} INFO - Processing file /home/airflow/.local/lib/python3.12/site-packages/airflow/example_dags/example_external_task_marker_dag.py for tasks to queue
[2024-10-15T01:19:18.860+0000] {logging_mixin.py:190} INFO - [2024-10-15T01:19:18.859+0000] {dagbag.py:588} INFO - Filling up the DagBag from /home/airflow/.local/lib/python3.12/site-packages/airflow/example_dags/example_external_task_marker_dag.py
[2024-10-15T01:19:18.868+0000] {processor.py:925} INFO - DAG(s) 'example_external_task_marker_child', 'example_external_task_marker_parent' retrieved from /home/airflow/.local/lib/python3.12/site-packages/airflow/example_dags/example_external_task_marker_dag.py
[2024-10-15T01:19:18.895+0000] {logging_mixin.py:190} INFO - [2024-10-15T01:19:18.894+0000] {dag.py:3239} INFO - Sync 2 DAGs
[2024-10-15T01:19:18.915+0000] {logging_mixin.py:190} INFO - [2024-10-15T01:19:18.915+0000] {dag.py:4180} INFO - Setting next_dagrun for example_external_task_marker_child to None, run_after=None
[2024-10-15T01:19:18.920+0000] {logging_mixin.py:190} INFO - [2024-10-15T01:19:18.920+0000] {dag.py:4180} INFO - Setting next_dagrun for example_external_task_marker_parent to None, run_after=None
[2024-10-15T01:19:18.939+0000] {processor.py:208} INFO - Processing /home/airflow/.local/lib/python3.12/site-packages/airflow/example_dags/example_external_task_marker_dag.py took 0.088 seconds
[2024-10-15T01:19:50.460+0000] {processor.py:186} INFO - Started process (PID=2547) to work on /home/airflow/.local/lib/python3.12/site-packages/airflow/example_dags/example_external_task_marker_dag.py
[2024-10-15T01:19:50.461+0000] {processor.py:914} INFO - Processing file /home/airflow/.local/lib/python3.12/site-packages/airflow/example_dags/example_external_task_marker_dag.py for tasks to queue
[2024-10-15T01:19:50.466+0000] {logging_mixin.py:190} INFO - [2024-10-15T01:19:50.462+0000] {dagbag.py:588} INFO - Filling up the DagBag from /home/airflow/.local/lib/python3.12/site-packages/airflow/example_dags/example_external_task_marker_dag.py
[2024-10-15T01:19:50.476+0000] {processor.py:925} INFO - DAG(s) 'example_external_task_marker_child', 'example_external_task_marker_parent' retrieved from /home/airflow/.local/lib/python3.12/site-packages/airflow/example_dags/example_external_task_marker_dag.py
[2024-10-15T01:19:50.527+0000] {logging_mixin.py:190} INFO - [2024-10-15T01:19:50.527+0000] {dag.py:3239} INFO - Sync 2 DAGs
[2024-10-15T01:19:50.552+0000] {logging_mixin.py:190} INFO - [2024-10-15T01:19:50.552+0000] {dag.py:4180} INFO - Setting next_dagrun for example_external_task_marker_child to None, run_after=None
[2024-10-15T01:19:50.558+0000] {logging_mixin.py:190} INFO - [2024-10-15T01:19:50.558+0000] {dag.py:4180} INFO - Setting next_dagrun for example_external_task_marker_parent to None, run_after=None
[2024-10-15T01:19:50.576+0000] {processor.py:208} INFO - Processing /home/airflow/.local/lib/python3.12/site-packages/airflow/example_dags/example_external_task_marker_dag.py took 0.123 seconds
[2024-10-15T01:20:20.813+0000] {processor.py:186} INFO - Started process (PID=2611) to work on /home/airflow/.local/lib/python3.12/site-packages/airflow/example_dags/example_external_task_marker_dag.py
[2024-10-15T01:20:20.815+0000] {processor.py:914} INFO - Processing file /home/airflow/.local/lib/python3.12/site-packages/airflow/example_dags/example_external_task_marker_dag.py for tasks to queue
[2024-10-15T01:20:20.816+0000] {logging_mixin.py:190} INFO - [2024-10-15T01:20:20.815+0000] {dagbag.py:588} INFO - Filling up the DagBag from /home/airflow/.local/lib/python3.12/site-packages/airflow/example_dags/example_external_task_marker_dag.py
[2024-10-15T01:20:20.824+0000] {processor.py:925} INFO - DAG(s) 'example_external_task_marker_parent', 'example_external_task_marker_child' retrieved from /home/airflow/.local/lib/python3.12/site-packages/airflow/example_dags/example_external_task_marker_dag.py
[2024-10-15T01:20:20.848+0000] {logging_mixin.py:190} INFO - [2024-10-15T01:20:20.848+0000] {dag.py:3239} INFO - Sync 2 DAGs
[2024-10-15T01:20:20.864+0000] {logging_mixin.py:190} INFO - [2024-10-15T01:20:20.864+0000] {dag.py:4180} INFO - Setting next_dagrun for example_external_task_marker_child to None, run_after=None
[2024-10-15T01:20:20.868+0000] {logging_mixin.py:190} INFO - [2024-10-15T01:20:20.868+0000] {dag.py:4180} INFO - Setting next_dagrun for example_external_task_marker_parent to None, run_after=None
[2024-10-15T01:20:20.886+0000] {processor.py:208} INFO - Processing /home/airflow/.local/lib/python3.12/site-packages/airflow/example_dags/example_external_task_marker_dag.py took 0.079 seconds
[2024-10-15T01:20:51.503+0000] {processor.py:186} INFO - Started process (PID=2674) to work on /home/airflow/.local/lib/python3.12/site-packages/airflow/example_dags/example_external_task_marker_dag.py
[2024-10-15T01:20:51.505+0000] {processor.py:914} INFO - Processing file /home/airflow/.local/lib/python3.12/site-packages/airflow/example_dags/example_external_task_marker_dag.py for tasks to queue
[2024-10-15T01:20:51.507+0000] {logging_mixin.py:190} INFO - [2024-10-15T01:20:51.507+0000] {dagbag.py:588} INFO - Filling up the DagBag from /home/airflow/.local/lib/python3.12/site-packages/airflow/example_dags/example_external_task_marker_dag.py
[2024-10-15T01:20:51.516+0000] {processor.py:925} INFO - DAG(s) 'example_external_task_marker_child', 'example_external_task_marker_parent' retrieved from /home/airflow/.local/lib/python3.12/site-packages/airflow/example_dags/example_external_task_marker_dag.py
[2024-10-15T01:20:51.540+0000] {logging_mixin.py:190} INFO - [2024-10-15T01:20:51.540+0000] {dag.py:3239} INFO - Sync 2 DAGs
[2024-10-15T01:20:51.556+0000] {logging_mixin.py:190} INFO - [2024-10-15T01:20:51.556+0000] {dag.py:4180} INFO - Setting next_dagrun for example_external_task_marker_child to None, run_after=None
[2024-10-15T01:20:51.560+0000] {logging_mixin.py:190} INFO - [2024-10-15T01:20:51.560+0000] {dag.py:4180} INFO - Setting next_dagrun for example_external_task_marker_parent to None, run_after=None
[2024-10-15T01:20:51.576+0000] {processor.py:208} INFO - Processing /home/airflow/.local/lib/python3.12/site-packages/airflow/example_dags/example_external_task_marker_dag.py took 0.080 seconds
[2024-10-15T01:21:22.120+0000] {processor.py:186} INFO - Started process (PID=2736) to work on /home/airflow/.local/lib/python3.12/site-packages/airflow/example_dags/example_external_task_marker_dag.py
[2024-10-15T01:21:22.122+0000] {processor.py:914} INFO - Processing file /home/airflow/.local/lib/python3.12/site-packages/airflow/example_dags/example_external_task_marker_dag.py for tasks to queue
[2024-10-15T01:21:22.123+0000] {logging_mixin.py:190} INFO - [2024-10-15T01:21:22.123+0000] {dagbag.py:588} INFO - Filling up the DagBag from /home/airflow/.local/lib/python3.12/site-packages/airflow/example_dags/example_external_task_marker_dag.py
[2024-10-15T01:21:22.131+0000] {processor.py:925} INFO - DAG(s) 'example_external_task_marker_child', 'example_external_task_marker_parent' retrieved from /home/airflow/.local/lib/python3.12/site-packages/airflow/example_dags/example_external_task_marker_dag.py
[2024-10-15T01:21:22.157+0000] {logging_mixin.py:190} INFO - [2024-10-15T01:21:22.157+0000] {dag.py:3239} INFO - Sync 2 DAGs
[2024-10-15T01:21:22.183+0000] {logging_mixin.py:190} INFO - [2024-10-15T01:21:22.182+0000] {dag.py:4180} INFO - Setting next_dagrun for example_external_task_marker_child to None, run_after=None
[2024-10-15T01:21:22.187+0000] {logging_mixin.py:190} INFO - [2024-10-15T01:21:22.187+0000] {dag.py:4180} INFO - Setting next_dagrun for example_external_task_marker_parent to None, run_after=None
[2024-10-15T01:21:22.201+0000] {processor.py:208} INFO - Processing /home/airflow/.local/lib/python3.12/site-packages/airflow/example_dags/example_external_task_marker_dag.py took 0.088 seconds
[2024-10-15T01:21:52.628+0000] {processor.py:186} INFO - Started process (PID=2798) to work on /home/airflow/.local/lib/python3.12/site-packages/airflow/example_dags/example_external_task_marker_dag.py
[2024-10-15T01:21:52.629+0000] {processor.py:914} INFO - Processing file /home/airflow/.local/lib/python3.12/site-packages/airflow/example_dags/example_external_task_marker_dag.py for tasks to queue
[2024-10-15T01:21:52.631+0000] {logging_mixin.py:190} INFO - [2024-10-15T01:21:52.631+0000] {dagbag.py:588} INFO - Filling up the DagBag from /home/airflow/.local/lib/python3.12/site-packages/airflow/example_dags/example_external_task_marker_dag.py
[2024-10-15T01:21:52.640+0000] {processor.py:925} INFO - DAG(s) 'example_external_task_marker_parent', 'example_external_task_marker_child' retrieved from /home/airflow/.local/lib/python3.12/site-packages/airflow/example_dags/example_external_task_marker_dag.py
[2024-10-15T01:21:52.667+0000] {logging_mixin.py:190} INFO - [2024-10-15T01:21:52.666+0000] {dag.py:3239} INFO - Sync 2 DAGs
[2024-10-15T01:21:52.680+0000] {logging_mixin.py:190} INFO - [2024-10-15T01:21:52.680+0000] {dag.py:4180} INFO - Setting next_dagrun for example_external_task_marker_child to None, run_after=None
[2024-10-15T01:21:52.684+0000] {logging_mixin.py:190} INFO - [2024-10-15T01:21:52.684+0000] {dag.py:4180} INFO - Setting next_dagrun for example_external_task_marker_parent to None, run_after=None
[2024-10-15T01:21:52.700+0000] {processor.py:208} INFO - Processing /home/airflow/.local/lib/python3.12/site-packages/airflow/example_dags/example_external_task_marker_dag.py took 0.077 seconds
[2024-10-15T01:22:23.260+0000] {processor.py:186} INFO - Started process (PID=2861) to work on /home/airflow/.local/lib/python3.12/site-packages/airflow/example_dags/example_external_task_marker_dag.py
[2024-10-15T01:22:23.261+0000] {processor.py:914} INFO - Processing file /home/airflow/.local/lib/python3.12/site-packages/airflow/example_dags/example_external_task_marker_dag.py for tasks to queue
[2024-10-15T01:22:23.262+0000] {logging_mixin.py:190} INFO - [2024-10-15T01:22:23.261+0000] {dagbag.py:588} INFO - Filling up the DagBag from /home/airflow/.local/lib/python3.12/site-packages/airflow/example_dags/example_external_task_marker_dag.py
[2024-10-15T01:22:23.269+0000] {processor.py:925} INFO - DAG(s) 'example_external_task_marker_child', 'example_external_task_marker_parent' retrieved from /home/airflow/.local/lib/python3.12/site-packages/airflow/example_dags/example_external_task_marker_dag.py
[2024-10-15T01:22:23.302+0000] {logging_mixin.py:190} INFO - [2024-10-15T01:22:23.302+0000] {dag.py:3239} INFO - Sync 2 DAGs
[2024-10-15T01:22:23.315+0000] {logging_mixin.py:190} INFO - [2024-10-15T01:22:23.315+0000] {dag.py:4180} INFO - Setting next_dagrun for example_external_task_marker_child to None, run_after=None
[2024-10-15T01:22:23.318+0000] {logging_mixin.py:190} INFO - [2024-10-15T01:22:23.318+0000] {dag.py:4180} INFO - Setting next_dagrun for example_external_task_marker_parent to None, run_after=None
[2024-10-15T01:22:23.330+0000] {processor.py:208} INFO - Processing /home/airflow/.local/lib/python3.12/site-packages/airflow/example_dags/example_external_task_marker_dag.py took 0.077 seconds
[2024-10-15T01:22:53.900+0000] {processor.py:186} INFO - Started process (PID=2925) to work on /home/airflow/.local/lib/python3.12/site-packages/airflow/example_dags/example_external_task_marker_dag.py
[2024-10-15T01:22:53.901+0000] {processor.py:914} INFO - Processing file /home/airflow/.local/lib/python3.12/site-packages/airflow/example_dags/example_external_task_marker_dag.py for tasks to queue
[2024-10-15T01:22:53.903+0000] {logging_mixin.py:190} INFO - [2024-10-15T01:22:53.903+0000] {dagbag.py:588} INFO - Filling up the DagBag from /home/airflow/.local/lib/python3.12/site-packages/airflow/example_dags/example_external_task_marker_dag.py
[2024-10-15T01:22:53.912+0000] {processor.py:925} INFO - DAG(s) 'example_external_task_marker_parent', 'example_external_task_marker_child' retrieved from /home/airflow/.local/lib/python3.12/site-packages/airflow/example_dags/example_external_task_marker_dag.py
[2024-10-15T01:22:53.940+0000] {logging_mixin.py:190} INFO - [2024-10-15T01:22:53.940+0000] {dag.py:3239} INFO - Sync 2 DAGs
[2024-10-15T01:22:53.957+0000] {logging_mixin.py:190} INFO - [2024-10-15T01:22:53.957+0000] {dag.py:4180} INFO - Setting next_dagrun for example_external_task_marker_child to None, run_after=None
[2024-10-15T01:22:53.960+0000] {logging_mixin.py:190} INFO - [2024-10-15T01:22:53.960+0000] {dag.py:4180} INFO - Setting next_dagrun for example_external_task_marker_parent to None, run_after=None
[2024-10-15T01:22:53.980+0000] {processor.py:208} INFO - Processing /home/airflow/.local/lib/python3.12/site-packages/airflow/example_dags/example_external_task_marker_dag.py took 0.085 seconds
[2024-10-15T01:23:24.658+0000] {processor.py:186} INFO - Started process (PID=2988) to work on /home/airflow/.local/lib/python3.12/site-packages/airflow/example_dags/example_external_task_marker_dag.py
[2024-10-15T01:23:24.660+0000] {processor.py:914} INFO - Processing file /home/airflow/.local/lib/python3.12/site-packages/airflow/example_dags/example_external_task_marker_dag.py for tasks to queue
[2024-10-15T01:23:24.661+0000] {logging_mixin.py:190} INFO - [2024-10-15T01:23:24.661+0000] {dagbag.py:588} INFO - Filling up the DagBag from /home/airflow/.local/lib/python3.12/site-packages/airflow/example_dags/example_external_task_marker_dag.py
[2024-10-15T01:23:24.669+0000] {processor.py:925} INFO - DAG(s) 'example_external_task_marker_child', 'example_external_task_marker_parent' retrieved from /home/airflow/.local/lib/python3.12/site-packages/airflow/example_dags/example_external_task_marker_dag.py
[2024-10-15T01:23:24.700+0000] {logging_mixin.py:190} INFO - [2024-10-15T01:23:24.700+0000] {dag.py:3239} INFO - Sync 2 DAGs
[2024-10-15T01:23:24.715+0000] {logging_mixin.py:190} INFO - [2024-10-15T01:23:24.715+0000] {dag.py:4180} INFO - Setting next_dagrun for example_external_task_marker_child to None, run_after=None
[2024-10-15T01:23:24.719+0000] {logging_mixin.py:190} INFO - [2024-10-15T01:23:24.719+0000] {dag.py:4180} INFO - Setting next_dagrun for example_external_task_marker_parent to None, run_after=None
[2024-10-15T01:23:24.740+0000] {processor.py:208} INFO - Processing /home/airflow/.local/lib/python3.12/site-packages/airflow/example_dags/example_external_task_marker_dag.py took 0.092 seconds
