[2024-10-15T00:59:56.049+0000] {processor.py:186} INFO - Started process (PID=105) to work on /home/airflow/.local/lib/python3.12/site-packages/airflow/example_dags/example_bash_operator.py
[2024-10-15T00:59:56.062+0000] {processor.py:914} INFO - Processing file /home/airflow/.local/lib/python3.12/site-packages/airflow/example_dags/example_bash_operator.py for tasks to queue
[2024-10-15T00:59:56.064+0000] {logging_mixin.py:190} INFO - [2024-10-15T00:59:56.064+0000] {dagbag.py:588} INFO - Filling up the DagBag from /home/airflow/.local/lib/python3.12/site-packages/airflow/example_dags/example_bash_operator.py
[2024-10-15T00:59:56.131+0000] {processor.py:925} INFO - DAG(s) 'example_bash_operator' retrieved from /home/airflow/.local/lib/python3.12/site-packages/airflow/example_dags/example_bash_operator.py
[2024-10-15T00:59:56.650+0000] {logging_mixin.py:190} INFO - [2024-10-15T00:59:56.649+0000] {override.py:1900} INFO - Created Permission View: can edit on DAG:example_bash_operator
[2024-10-15T00:59:56.692+0000] {logging_mixin.py:190} INFO - [2024-10-15T00:59:56.692+0000] {override.py:1900} INFO - Created Permission View: can delete on DAG:example_bash_operator
[2024-10-15T00:59:56.727+0000] {logging_mixin.py:190} INFO - [2024-10-15T00:59:56.727+0000] {override.py:1900} INFO - Created Permission View: can read on DAG:example_bash_operator
[2024-10-15T00:59:56.788+0000] {logging_mixin.py:190} INFO - [2024-10-15T00:59:56.787+0000] {override.py:1900} INFO - Created Permission View: can create on DAG Run:example_bash_operator
[2024-10-15T00:59:56.858+0000] {logging_mixin.py:190} INFO - [2024-10-15T00:59:56.850+0000] {override.py:1900} INFO - Created Permission View: menu access on DAG Run:example_bash_operator
[2024-10-15T00:59:56.881+0000] {logging_mixin.py:190} INFO - [2024-10-15T00:59:56.880+0000] {override.py:1900} INFO - Created Permission View: can read on DAG Run:example_bash_operator
[2024-10-15T00:59:56.914+0000] {logging_mixin.py:190} INFO - [2024-10-15T00:59:56.913+0000] {override.py:1900} INFO - Created Permission View: can delete on DAG Run:example_bash_operator
[2024-10-15T00:59:56.914+0000] {logging_mixin.py:190} INFO - [2024-10-15T00:59:56.914+0000] {dag.py:3239} INFO - Sync 1 DAGs
[2024-10-15T00:59:56.981+0000] {logging_mixin.py:190} INFO - [2024-10-15T00:59:56.980+0000] {dag.py:3262} INFO - Creating ORM DAG for example_bash_operator
[2024-10-15T00:59:57.019+0000] {logging_mixin.py:190} INFO - [2024-10-15T00:59:57.019+0000] {dag.py:4180} INFO - Setting next_dagrun for example_bash_operator to 2024-10-14 00:00:00+00:00, run_after=2024-10-15 00:00:00+00:00
[2024-10-15T00:59:57.092+0000] {processor.py:208} INFO - Processing /home/airflow/.local/lib/python3.12/site-packages/airflow/example_dags/example_bash_operator.py took 1.060 seconds
[2024-10-15T01:00:27.330+0000] {processor.py:186} INFO - Started process (PID=166) to work on /home/airflow/.local/lib/python3.12/site-packages/airflow/example_dags/example_bash_operator.py
[2024-10-15T01:00:27.331+0000] {processor.py:914} INFO - Processing file /home/airflow/.local/lib/python3.12/site-packages/airflow/example_dags/example_bash_operator.py for tasks to queue
[2024-10-15T01:00:27.334+0000] {logging_mixin.py:190} INFO - [2024-10-15T01:00:27.334+0000] {dagbag.py:588} INFO - Filling up the DagBag from /home/airflow/.local/lib/python3.12/site-packages/airflow/example_dags/example_bash_operator.py
[2024-10-15T01:00:27.362+0000] {processor.py:925} INFO - DAG(s) 'example_bash_operator' retrieved from /home/airflow/.local/lib/python3.12/site-packages/airflow/example_dags/example_bash_operator.py
[2024-10-15T01:00:27.394+0000] {logging_mixin.py:190} INFO - [2024-10-15T01:00:27.394+0000] {dag.py:3239} INFO - Sync 1 DAGs
[2024-10-15T01:00:27.426+0000] {logging_mixin.py:190} INFO - [2024-10-15T01:00:27.426+0000] {dag.py:4180} INFO - Setting next_dagrun for example_bash_operator to 2024-10-14 00:00:00+00:00, run_after=2024-10-15 00:00:00+00:00
[2024-10-15T01:00:27.454+0000] {processor.py:208} INFO - Processing /home/airflow/.local/lib/python3.12/site-packages/airflow/example_dags/example_bash_operator.py took 0.139 seconds
[2024-10-15T01:00:57.516+0000] {processor.py:186} INFO - Started process (PID=228) to work on /home/airflow/.local/lib/python3.12/site-packages/airflow/example_dags/example_bash_operator.py
[2024-10-15T01:00:57.526+0000] {processor.py:914} INFO - Processing file /home/airflow/.local/lib/python3.12/site-packages/airflow/example_dags/example_bash_operator.py for tasks to queue
[2024-10-15T01:00:57.528+0000] {logging_mixin.py:190} INFO - [2024-10-15T01:00:57.527+0000] {dagbag.py:588} INFO - Filling up the DagBag from /home/airflow/.local/lib/python3.12/site-packages/airflow/example_dags/example_bash_operator.py
[2024-10-15T01:00:57.538+0000] {processor.py:925} INFO - DAG(s) 'example_bash_operator' retrieved from /home/airflow/.local/lib/python3.12/site-packages/airflow/example_dags/example_bash_operator.py
[2024-10-15T01:00:57.557+0000] {logging_mixin.py:190} INFO - [2024-10-15T01:00:57.557+0000] {dag.py:3239} INFO - Sync 1 DAGs
[2024-10-15T01:00:57.576+0000] {logging_mixin.py:190} INFO - [2024-10-15T01:00:57.576+0000] {dag.py:4180} INFO - Setting next_dagrun for example_bash_operator to 2024-10-14 00:00:00+00:00, run_after=2024-10-15 00:00:00+00:00
[2024-10-15T01:00:57.594+0000] {processor.py:208} INFO - Processing /home/airflow/.local/lib/python3.12/site-packages/airflow/example_dags/example_bash_operator.py took 0.083 seconds
[2024-10-15T01:01:28.195+0000] {processor.py:186} INFO - Started process (PID=290) to work on /home/airflow/.local/lib/python3.12/site-packages/airflow/example_dags/example_bash_operator.py
[2024-10-15T01:01:28.198+0000] {processor.py:914} INFO - Processing file /home/airflow/.local/lib/python3.12/site-packages/airflow/example_dags/example_bash_operator.py for tasks to queue
[2024-10-15T01:01:28.200+0000] {logging_mixin.py:190} INFO - [2024-10-15T01:01:28.199+0000] {dagbag.py:588} INFO - Filling up the DagBag from /home/airflow/.local/lib/python3.12/site-packages/airflow/example_dags/example_bash_operator.py
[2024-10-15T01:01:28.212+0000] {processor.py:925} INFO - DAG(s) 'example_bash_operator' retrieved from /home/airflow/.local/lib/python3.12/site-packages/airflow/example_dags/example_bash_operator.py
[2024-10-15T01:01:28.238+0000] {logging_mixin.py:190} INFO - [2024-10-15T01:01:28.238+0000] {dag.py:3239} INFO - Sync 1 DAGs
[2024-10-15T01:01:28.268+0000] {logging_mixin.py:190} INFO - [2024-10-15T01:01:28.268+0000] {dag.py:4180} INFO - Setting next_dagrun for example_bash_operator to 2024-10-14 00:00:00+00:00, run_after=2024-10-15 00:00:00+00:00
[2024-10-15T01:01:28.298+0000] {processor.py:208} INFO - Processing /home/airflow/.local/lib/python3.12/site-packages/airflow/example_dags/example_bash_operator.py took 0.108 seconds
[2024-10-15T01:01:58.425+0000] {processor.py:186} INFO - Started process (PID=351) to work on /home/airflow/.local/lib/python3.12/site-packages/airflow/example_dags/example_bash_operator.py
[2024-10-15T01:01:58.427+0000] {processor.py:914} INFO - Processing file /home/airflow/.local/lib/python3.12/site-packages/airflow/example_dags/example_bash_operator.py for tasks to queue
[2024-10-15T01:01:58.429+0000] {logging_mixin.py:190} INFO - [2024-10-15T01:01:58.428+0000] {dagbag.py:588} INFO - Filling up the DagBag from /home/airflow/.local/lib/python3.12/site-packages/airflow/example_dags/example_bash_operator.py
[2024-10-15T01:01:58.445+0000] {processor.py:925} INFO - DAG(s) 'example_bash_operator' retrieved from /home/airflow/.local/lib/python3.12/site-packages/airflow/example_dags/example_bash_operator.py
[2024-10-15T01:01:58.471+0000] {logging_mixin.py:190} INFO - [2024-10-15T01:01:58.471+0000] {dag.py:3239} INFO - Sync 1 DAGs
[2024-10-15T01:01:58.496+0000] {logging_mixin.py:190} INFO - [2024-10-15T01:01:58.496+0000] {dag.py:4180} INFO - Setting next_dagrun for example_bash_operator to 2024-10-14 00:00:00+00:00, run_after=2024-10-15 00:00:00+00:00
[2024-10-15T01:01:58.518+0000] {processor.py:208} INFO - Processing /home/airflow/.local/lib/python3.12/site-packages/airflow/example_dags/example_bash_operator.py took 0.099 seconds
[2024-10-15T01:02:28.804+0000] {processor.py:186} INFO - Started process (PID=412) to work on /home/airflow/.local/lib/python3.12/site-packages/airflow/example_dags/example_bash_operator.py
[2024-10-15T01:02:28.805+0000] {processor.py:914} INFO - Processing file /home/airflow/.local/lib/python3.12/site-packages/airflow/example_dags/example_bash_operator.py for tasks to queue
[2024-10-15T01:02:28.807+0000] {logging_mixin.py:190} INFO - [2024-10-15T01:02:28.807+0000] {dagbag.py:588} INFO - Filling up the DagBag from /home/airflow/.local/lib/python3.12/site-packages/airflow/example_dags/example_bash_operator.py
[2024-10-15T01:02:28.822+0000] {processor.py:925} INFO - DAG(s) 'example_bash_operator' retrieved from /home/airflow/.local/lib/python3.12/site-packages/airflow/example_dags/example_bash_operator.py
[2024-10-15T01:02:28.867+0000] {logging_mixin.py:190} INFO - [2024-10-15T01:02:28.867+0000] {dag.py:3239} INFO - Sync 1 DAGs
[2024-10-15T01:02:28.893+0000] {logging_mixin.py:190} INFO - [2024-10-15T01:02:28.892+0000] {dag.py:4180} INFO - Setting next_dagrun for example_bash_operator to 2024-10-14 00:00:00+00:00, run_after=2024-10-15 00:00:00+00:00
[2024-10-15T01:02:28.911+0000] {processor.py:208} INFO - Processing /home/airflow/.local/lib/python3.12/site-packages/airflow/example_dags/example_bash_operator.py took 0.115 seconds
[2024-10-15T01:02:59.736+0000] {processor.py:186} INFO - Started process (PID=475) to work on /home/airflow/.local/lib/python3.12/site-packages/airflow/example_dags/example_bash_operator.py
[2024-10-15T01:02:59.737+0000] {processor.py:914} INFO - Processing file /home/airflow/.local/lib/python3.12/site-packages/airflow/example_dags/example_bash_operator.py for tasks to queue
[2024-10-15T01:02:59.739+0000] {logging_mixin.py:190} INFO - [2024-10-15T01:02:59.739+0000] {dagbag.py:588} INFO - Filling up the DagBag from /home/airflow/.local/lib/python3.12/site-packages/airflow/example_dags/example_bash_operator.py
[2024-10-15T01:02:59.752+0000] {processor.py:925} INFO - DAG(s) 'example_bash_operator' retrieved from /home/airflow/.local/lib/python3.12/site-packages/airflow/example_dags/example_bash_operator.py
[2024-10-15T01:02:59.779+0000] {logging_mixin.py:190} INFO - [2024-10-15T01:02:59.779+0000] {dag.py:3239} INFO - Sync 1 DAGs
[2024-10-15T01:02:59.804+0000] {logging_mixin.py:190} INFO - [2024-10-15T01:02:59.804+0000] {dag.py:4180} INFO - Setting next_dagrun for example_bash_operator to 2024-10-14 00:00:00+00:00, run_after=2024-10-15 00:00:00+00:00
[2024-10-15T01:02:59.826+0000] {processor.py:208} INFO - Processing /home/airflow/.local/lib/python3.12/site-packages/airflow/example_dags/example_bash_operator.py took 0.097 seconds
[2024-10-15T01:03:30.007+0000] {processor.py:186} INFO - Started process (PID=537) to work on /home/airflow/.local/lib/python3.12/site-packages/airflow/example_dags/example_bash_operator.py
[2024-10-15T01:03:30.007+0000] {processor.py:914} INFO - Processing file /home/airflow/.local/lib/python3.12/site-packages/airflow/example_dags/example_bash_operator.py for tasks to queue
[2024-10-15T01:03:30.018+0000] {logging_mixin.py:190} INFO - [2024-10-15T01:03:30.018+0000] {dagbag.py:588} INFO - Filling up the DagBag from /home/airflow/.local/lib/python3.12/site-packages/airflow/example_dags/example_bash_operator.py
[2024-10-15T01:03:30.064+0000] {processor.py:925} INFO - DAG(s) 'example_bash_operator' retrieved from /home/airflow/.local/lib/python3.12/site-packages/airflow/example_dags/example_bash_operator.py
[2024-10-15T01:03:30.138+0000] {logging_mixin.py:190} INFO - [2024-10-15T01:03:30.138+0000] {dag.py:3239} INFO - Sync 1 DAGs
[2024-10-15T01:03:30.203+0000] {logging_mixin.py:190} INFO - [2024-10-15T01:03:30.203+0000] {dag.py:4180} INFO - Setting next_dagrun for example_bash_operator to 2024-10-14 00:00:00+00:00, run_after=2024-10-15 00:00:00+00:00
[2024-10-15T01:03:30.254+0000] {processor.py:208} INFO - Processing /home/airflow/.local/lib/python3.12/site-packages/airflow/example_dags/example_bash_operator.py took 0.263 seconds
[2024-10-15T01:04:01.198+0000] {processor.py:186} INFO - Started process (PID=599) to work on /home/airflow/.local/lib/python3.12/site-packages/airflow/example_dags/example_bash_operator.py
[2024-10-15T01:04:01.204+0000] {processor.py:914} INFO - Processing file /home/airflow/.local/lib/python3.12/site-packages/airflow/example_dags/example_bash_operator.py for tasks to queue
[2024-10-15T01:04:01.206+0000] {logging_mixin.py:190} INFO - [2024-10-15T01:04:01.205+0000] {dagbag.py:588} INFO - Filling up the DagBag from /home/airflow/.local/lib/python3.12/site-packages/airflow/example_dags/example_bash_operator.py
[2024-10-15T01:04:01.218+0000] {processor.py:925} INFO - DAG(s) 'example_bash_operator' retrieved from /home/airflow/.local/lib/python3.12/site-packages/airflow/example_dags/example_bash_operator.py
[2024-10-15T01:04:01.244+0000] {logging_mixin.py:190} INFO - [2024-10-15T01:04:01.244+0000] {dag.py:3239} INFO - Sync 1 DAGs
[2024-10-15T01:04:01.276+0000] {logging_mixin.py:190} INFO - [2024-10-15T01:04:01.276+0000] {dag.py:4180} INFO - Setting next_dagrun for example_bash_operator to 2024-10-14 00:00:00+00:00, run_after=2024-10-15 00:00:00+00:00
[2024-10-15T01:04:01.296+0000] {processor.py:208} INFO - Processing /home/airflow/.local/lib/python3.12/site-packages/airflow/example_dags/example_bash_operator.py took 0.104 seconds
[2024-10-15T01:04:31.627+0000] {processor.py:186} INFO - Started process (PID=661) to work on /home/airflow/.local/lib/python3.12/site-packages/airflow/example_dags/example_bash_operator.py
[2024-10-15T01:04:31.628+0000] {processor.py:914} INFO - Processing file /home/airflow/.local/lib/python3.12/site-packages/airflow/example_dags/example_bash_operator.py for tasks to queue
[2024-10-15T01:04:31.630+0000] {logging_mixin.py:190} INFO - [2024-10-15T01:04:31.630+0000] {dagbag.py:588} INFO - Filling up the DagBag from /home/airflow/.local/lib/python3.12/site-packages/airflow/example_dags/example_bash_operator.py
[2024-10-15T01:04:31.644+0000] {processor.py:925} INFO - DAG(s) 'example_bash_operator' retrieved from /home/airflow/.local/lib/python3.12/site-packages/airflow/example_dags/example_bash_operator.py
[2024-10-15T01:04:31.671+0000] {logging_mixin.py:190} INFO - [2024-10-15T01:04:31.670+0000] {dag.py:3239} INFO - Sync 1 DAGs
[2024-10-15T01:04:31.700+0000] {logging_mixin.py:190} INFO - [2024-10-15T01:04:31.700+0000] {dag.py:4180} INFO - Setting next_dagrun for example_bash_operator to 2024-10-14 00:00:00+00:00, run_after=2024-10-15 00:00:00+00:00
[2024-10-15T01:04:31.718+0000] {processor.py:208} INFO - Processing /home/airflow/.local/lib/python3.12/site-packages/airflow/example_dags/example_bash_operator.py took 0.096 seconds
[2024-10-15T01:05:02.068+0000] {processor.py:186} INFO - Started process (PID=723) to work on /home/airflow/.local/lib/python3.12/site-packages/airflow/example_dags/example_bash_operator.py
[2024-10-15T01:05:02.074+0000] {processor.py:914} INFO - Processing file /home/airflow/.local/lib/python3.12/site-packages/airflow/example_dags/example_bash_operator.py for tasks to queue
[2024-10-15T01:05:02.076+0000] {logging_mixin.py:190} INFO - [2024-10-15T01:05:02.075+0000] {dagbag.py:588} INFO - Filling up the DagBag from /home/airflow/.local/lib/python3.12/site-packages/airflow/example_dags/example_bash_operator.py
[2024-10-15T01:05:02.107+0000] {processor.py:925} INFO - DAG(s) 'example_bash_operator' retrieved from /home/airflow/.local/lib/python3.12/site-packages/airflow/example_dags/example_bash_operator.py
[2024-10-15T01:05:02.137+0000] {logging_mixin.py:190} INFO - [2024-10-15T01:05:02.137+0000] {dag.py:3239} INFO - Sync 1 DAGs
[2024-10-15T01:05:02.169+0000] {logging_mixin.py:190} INFO - [2024-10-15T01:05:02.169+0000] {dag.py:4180} INFO - Setting next_dagrun for example_bash_operator to 2024-10-14 00:00:00+00:00, run_after=2024-10-15 00:00:00+00:00
[2024-10-15T01:05:02.195+0000] {processor.py:208} INFO - Processing /home/airflow/.local/lib/python3.12/site-packages/airflow/example_dags/example_bash_operator.py took 0.142 seconds
[2024-10-15T01:05:32.429+0000] {processor.py:186} INFO - Started process (PID=784) to work on /home/airflow/.local/lib/python3.12/site-packages/airflow/example_dags/example_bash_operator.py
[2024-10-15T01:05:32.431+0000] {processor.py:914} INFO - Processing file /home/airflow/.local/lib/python3.12/site-packages/airflow/example_dags/example_bash_operator.py for tasks to queue
[2024-10-15T01:05:32.433+0000] {logging_mixin.py:190} INFO - [2024-10-15T01:05:32.433+0000] {dagbag.py:588} INFO - Filling up the DagBag from /home/airflow/.local/lib/python3.12/site-packages/airflow/example_dags/example_bash_operator.py
[2024-10-15T01:05:32.447+0000] {processor.py:925} INFO - DAG(s) 'example_bash_operator' retrieved from /home/airflow/.local/lib/python3.12/site-packages/airflow/example_dags/example_bash_operator.py
[2024-10-15T01:05:32.475+0000] {logging_mixin.py:190} INFO - [2024-10-15T01:05:32.475+0000] {dag.py:3239} INFO - Sync 1 DAGs
[2024-10-15T01:05:32.505+0000] {logging_mixin.py:190} INFO - [2024-10-15T01:05:32.505+0000] {dag.py:4180} INFO - Setting next_dagrun for example_bash_operator to 2024-10-14 00:00:00+00:00, run_after=2024-10-15 00:00:00+00:00
[2024-10-15T01:05:32.524+0000] {processor.py:208} INFO - Processing /home/airflow/.local/lib/python3.12/site-packages/airflow/example_dags/example_bash_operator.py took 0.101 seconds
[2024-10-15T01:06:03.016+0000] {processor.py:186} INFO - Started process (PID=848) to work on /home/airflow/.local/lib/python3.12/site-packages/airflow/example_dags/example_bash_operator.py
[2024-10-15T01:06:03.018+0000] {processor.py:914} INFO - Processing file /home/airflow/.local/lib/python3.12/site-packages/airflow/example_dags/example_bash_operator.py for tasks to queue
[2024-10-15T01:06:03.020+0000] {logging_mixin.py:190} INFO - [2024-10-15T01:06:03.020+0000] {dagbag.py:588} INFO - Filling up the DagBag from /home/airflow/.local/lib/python3.12/site-packages/airflow/example_dags/example_bash_operator.py
[2024-10-15T01:06:03.035+0000] {processor.py:925} INFO - DAG(s) 'example_bash_operator' retrieved from /home/airflow/.local/lib/python3.12/site-packages/airflow/example_dags/example_bash_operator.py
[2024-10-15T01:06:03.070+0000] {logging_mixin.py:190} INFO - [2024-10-15T01:06:03.070+0000] {dag.py:3239} INFO - Sync 1 DAGs
[2024-10-15T01:06:03.095+0000] {logging_mixin.py:190} INFO - [2024-10-15T01:06:03.095+0000] {dag.py:4180} INFO - Setting next_dagrun for example_bash_operator to 2024-10-14 00:00:00+00:00, run_after=2024-10-15 00:00:00+00:00
[2024-10-15T01:06:03.115+0000] {processor.py:208} INFO - Processing /home/airflow/.local/lib/python3.12/site-packages/airflow/example_dags/example_bash_operator.py took 0.105 seconds
[2024-10-15T01:06:33.871+0000] {processor.py:186} INFO - Started process (PID=910) to work on /home/airflow/.local/lib/python3.12/site-packages/airflow/example_dags/example_bash_operator.py
[2024-10-15T01:06:33.873+0000] {processor.py:914} INFO - Processing file /home/airflow/.local/lib/python3.12/site-packages/airflow/example_dags/example_bash_operator.py for tasks to queue
[2024-10-15T01:06:33.875+0000] {logging_mixin.py:190} INFO - [2024-10-15T01:06:33.875+0000] {dagbag.py:588} INFO - Filling up the DagBag from /home/airflow/.local/lib/python3.12/site-packages/airflow/example_dags/example_bash_operator.py
[2024-10-15T01:06:33.891+0000] {processor.py:925} INFO - DAG(s) 'example_bash_operator' retrieved from /home/airflow/.local/lib/python3.12/site-packages/airflow/example_dags/example_bash_operator.py
[2024-10-15T01:06:33.930+0000] {logging_mixin.py:190} INFO - [2024-10-15T01:06:33.929+0000] {dag.py:3239} INFO - Sync 1 DAGs
[2024-10-15T01:06:33.955+0000] {logging_mixin.py:190} INFO - [2024-10-15T01:06:33.955+0000] {dag.py:4180} INFO - Setting next_dagrun for example_bash_operator to 2024-10-14 00:00:00+00:00, run_after=2024-10-15 00:00:00+00:00
[2024-10-15T01:06:33.972+0000] {processor.py:208} INFO - Processing /home/airflow/.local/lib/python3.12/site-packages/airflow/example_dags/example_bash_operator.py took 0.109 seconds
[2024-10-15T01:07:04.098+0000] {processor.py:186} INFO - Started process (PID=971) to work on /home/airflow/.local/lib/python3.12/site-packages/airflow/example_dags/example_bash_operator.py
[2024-10-15T01:07:04.098+0000] {processor.py:914} INFO - Processing file /home/airflow/.local/lib/python3.12/site-packages/airflow/example_dags/example_bash_operator.py for tasks to queue
[2024-10-15T01:07:04.102+0000] {logging_mixin.py:190} INFO - [2024-10-15T01:07:04.101+0000] {dagbag.py:588} INFO - Filling up the DagBag from /home/airflow/.local/lib/python3.12/site-packages/airflow/example_dags/example_bash_operator.py
[2024-10-15T01:07:04.118+0000] {processor.py:925} INFO - DAG(s) 'example_bash_operator' retrieved from /home/airflow/.local/lib/python3.12/site-packages/airflow/example_dags/example_bash_operator.py
[2024-10-15T01:07:04.150+0000] {logging_mixin.py:190} INFO - [2024-10-15T01:07:04.150+0000] {dag.py:3239} INFO - Sync 1 DAGs
[2024-10-15T01:07:04.173+0000] {logging_mixin.py:190} INFO - [2024-10-15T01:07:04.173+0000] {dag.py:4180} INFO - Setting next_dagrun for example_bash_operator to 2024-10-14 00:00:00+00:00, run_after=2024-10-15 00:00:00+00:00
[2024-10-15T01:07:04.192+0000] {processor.py:208} INFO - Processing /home/airflow/.local/lib/python3.12/site-packages/airflow/example_dags/example_bash_operator.py took 0.102 seconds
[2024-10-15T01:07:34.288+0000] {processor.py:186} INFO - Started process (PID=1034) to work on /home/airflow/.local/lib/python3.12/site-packages/airflow/example_dags/example_bash_operator.py
[2024-10-15T01:07:34.289+0000] {processor.py:914} INFO - Processing file /home/airflow/.local/lib/python3.12/site-packages/airflow/example_dags/example_bash_operator.py for tasks to queue
[2024-10-15T01:07:34.291+0000] {logging_mixin.py:190} INFO - [2024-10-15T01:07:34.290+0000] {dagbag.py:588} INFO - Filling up the DagBag from /home/airflow/.local/lib/python3.12/site-packages/airflow/example_dags/example_bash_operator.py
[2024-10-15T01:07:34.306+0000] {processor.py:925} INFO - DAG(s) 'example_bash_operator' retrieved from /home/airflow/.local/lib/python3.12/site-packages/airflow/example_dags/example_bash_operator.py
[2024-10-15T01:07:34.334+0000] {logging_mixin.py:190} INFO - [2024-10-15T01:07:34.334+0000] {dag.py:3239} INFO - Sync 1 DAGs
[2024-10-15T01:07:34.358+0000] {logging_mixin.py:190} INFO - [2024-10-15T01:07:34.357+0000] {dag.py:4180} INFO - Setting next_dagrun for example_bash_operator to 2024-10-14 00:00:00+00:00, run_after=2024-10-15 00:00:00+00:00
[2024-10-15T01:07:34.378+0000] {processor.py:208} INFO - Processing /home/airflow/.local/lib/python3.12/site-packages/airflow/example_dags/example_bash_operator.py took 0.096 seconds
[2024-10-15T01:08:04.458+0000] {processor.py:186} INFO - Started process (PID=1096) to work on /home/airflow/.local/lib/python3.12/site-packages/airflow/example_dags/example_bash_operator.py
[2024-10-15T01:08:04.458+0000] {processor.py:914} INFO - Processing file /home/airflow/.local/lib/python3.12/site-packages/airflow/example_dags/example_bash_operator.py for tasks to queue
[2024-10-15T01:08:04.460+0000] {logging_mixin.py:190} INFO - [2024-10-15T01:08:04.460+0000] {dagbag.py:588} INFO - Filling up the DagBag from /home/airflow/.local/lib/python3.12/site-packages/airflow/example_dags/example_bash_operator.py
[2024-10-15T01:08:04.474+0000] {processor.py:925} INFO - DAG(s) 'example_bash_operator' retrieved from /home/airflow/.local/lib/python3.12/site-packages/airflow/example_dags/example_bash_operator.py
[2024-10-15T01:08:04.504+0000] {logging_mixin.py:190} INFO - [2024-10-15T01:08:04.504+0000] {dag.py:3239} INFO - Sync 1 DAGs
[2024-10-15T01:08:04.528+0000] {logging_mixin.py:190} INFO - [2024-10-15T01:08:04.528+0000] {dag.py:4180} INFO - Setting next_dagrun for example_bash_operator to 2024-10-14 00:00:00+00:00, run_after=2024-10-15 00:00:00+00:00
[2024-10-15T01:08:04.549+0000] {processor.py:208} INFO - Processing /home/airflow/.local/lib/python3.12/site-packages/airflow/example_dags/example_bash_operator.py took 0.098 seconds
[2024-10-15T01:08:35.286+0000] {processor.py:186} INFO - Started process (PID=1158) to work on /home/airflow/.local/lib/python3.12/site-packages/airflow/example_dags/example_bash_operator.py
[2024-10-15T01:08:35.295+0000] {processor.py:914} INFO - Processing file /home/airflow/.local/lib/python3.12/site-packages/airflow/example_dags/example_bash_operator.py for tasks to queue
[2024-10-15T01:08:35.297+0000] {logging_mixin.py:190} INFO - [2024-10-15T01:08:35.297+0000] {dagbag.py:588} INFO - Filling up the DagBag from /home/airflow/.local/lib/python3.12/site-packages/airflow/example_dags/example_bash_operator.py
[2024-10-15T01:08:35.327+0000] {processor.py:925} INFO - DAG(s) 'example_bash_operator' retrieved from /home/airflow/.local/lib/python3.12/site-packages/airflow/example_dags/example_bash_operator.py
[2024-10-15T01:08:35.379+0000] {logging_mixin.py:190} INFO - [2024-10-15T01:08:35.379+0000] {dag.py:3239} INFO - Sync 1 DAGs
[2024-10-15T01:08:35.424+0000] {logging_mixin.py:190} INFO - [2024-10-15T01:08:35.424+0000] {dag.py:4180} INFO - Setting next_dagrun for example_bash_operator to 2024-10-14 00:00:00+00:00, run_after=2024-10-15 00:00:00+00:00
[2024-10-15T01:08:35.465+0000] {processor.py:208} INFO - Processing /home/airflow/.local/lib/python3.12/site-packages/airflow/example_dags/example_bash_operator.py took 0.191 seconds
[2024-10-15T01:09:06.124+0000] {processor.py:186} INFO - Started process (PID=1220) to work on /home/airflow/.local/lib/python3.12/site-packages/airflow/example_dags/example_bash_operator.py
[2024-10-15T01:09:06.134+0000] {processor.py:914} INFO - Processing file /home/airflow/.local/lib/python3.12/site-packages/airflow/example_dags/example_bash_operator.py for tasks to queue
[2024-10-15T01:09:06.136+0000] {logging_mixin.py:190} INFO - [2024-10-15T01:09:06.136+0000] {dagbag.py:588} INFO - Filling up the DagBag from /home/airflow/.local/lib/python3.12/site-packages/airflow/example_dags/example_bash_operator.py
[2024-10-15T01:09:06.188+0000] {processor.py:925} INFO - DAG(s) 'example_bash_operator' retrieved from /home/airflow/.local/lib/python3.12/site-packages/airflow/example_dags/example_bash_operator.py
[2024-10-15T01:09:06.298+0000] {logging_mixin.py:190} INFO - [2024-10-15T01:09:06.298+0000] {dag.py:3239} INFO - Sync 1 DAGs
[2024-10-15T01:09:06.346+0000] {logging_mixin.py:190} INFO - [2024-10-15T01:09:06.346+0000] {dag.py:4180} INFO - Setting next_dagrun for example_bash_operator to 2024-10-14 00:00:00+00:00, run_after=2024-10-15 00:00:00+00:00
[2024-10-15T01:09:06.393+0000] {processor.py:208} INFO - Processing /home/airflow/.local/lib/python3.12/site-packages/airflow/example_dags/example_bash_operator.py took 0.292 seconds
[2024-10-15T01:09:36.848+0000] {processor.py:186} INFO - Started process (PID=1282) to work on /home/airflow/.local/lib/python3.12/site-packages/airflow/example_dags/example_bash_operator.py
[2024-10-15T01:09:36.851+0000] {processor.py:914} INFO - Processing file /home/airflow/.local/lib/python3.12/site-packages/airflow/example_dags/example_bash_operator.py for tasks to queue
[2024-10-15T01:09:36.853+0000] {logging_mixin.py:190} INFO - [2024-10-15T01:09:36.852+0000] {dagbag.py:588} INFO - Filling up the DagBag from /home/airflow/.local/lib/python3.12/site-packages/airflow/example_dags/example_bash_operator.py
[2024-10-15T01:09:36.866+0000] {processor.py:925} INFO - DAG(s) 'example_bash_operator' retrieved from /home/airflow/.local/lib/python3.12/site-packages/airflow/example_dags/example_bash_operator.py
[2024-10-15T01:09:36.894+0000] {logging_mixin.py:190} INFO - [2024-10-15T01:09:36.893+0000] {dag.py:3239} INFO - Sync 1 DAGs
[2024-10-15T01:09:36.919+0000] {logging_mixin.py:190} INFO - [2024-10-15T01:09:36.919+0000] {dag.py:4180} INFO - Setting next_dagrun for example_bash_operator to 2024-10-14 00:00:00+00:00, run_after=2024-10-15 00:00:00+00:00
[2024-10-15T01:09:36.939+0000] {processor.py:208} INFO - Processing /home/airflow/.local/lib/python3.12/site-packages/airflow/example_dags/example_bash_operator.py took 0.096 seconds
[2024-10-15T01:10:07.578+0000] {processor.py:186} INFO - Started process (PID=1346) to work on /home/airflow/.local/lib/python3.12/site-packages/airflow/example_dags/example_bash_operator.py
[2024-10-15T01:10:07.579+0000] {processor.py:914} INFO - Processing file /home/airflow/.local/lib/python3.12/site-packages/airflow/example_dags/example_bash_operator.py for tasks to queue
[2024-10-15T01:10:07.580+0000] {logging_mixin.py:190} INFO - [2024-10-15T01:10:07.580+0000] {dagbag.py:588} INFO - Filling up the DagBag from /home/airflow/.local/lib/python3.12/site-packages/airflow/example_dags/example_bash_operator.py
[2024-10-15T01:10:07.594+0000] {processor.py:925} INFO - DAG(s) 'example_bash_operator' retrieved from /home/airflow/.local/lib/python3.12/site-packages/airflow/example_dags/example_bash_operator.py
[2024-10-15T01:10:07.627+0000] {logging_mixin.py:190} INFO - [2024-10-15T01:10:07.627+0000] {dag.py:3239} INFO - Sync 1 DAGs
[2024-10-15T01:10:07.654+0000] {logging_mixin.py:190} INFO - [2024-10-15T01:10:07.654+0000] {dag.py:4180} INFO - Setting next_dagrun for example_bash_operator to 2024-10-14 00:00:00+00:00, run_after=2024-10-15 00:00:00+00:00
[2024-10-15T01:10:07.675+0000] {processor.py:208} INFO - Processing /home/airflow/.local/lib/python3.12/site-packages/airflow/example_dags/example_bash_operator.py took 0.105 seconds
[2024-10-15T01:10:38.666+0000] {processor.py:186} INFO - Started process (PID=1408) to work on /home/airflow/.local/lib/python3.12/site-packages/airflow/example_dags/example_bash_operator.py
[2024-10-15T01:10:38.668+0000] {processor.py:914} INFO - Processing file /home/airflow/.local/lib/python3.12/site-packages/airflow/example_dags/example_bash_operator.py for tasks to queue
[2024-10-15T01:10:38.668+0000] {logging_mixin.py:190} INFO - [2024-10-15T01:10:38.668+0000] {dagbag.py:588} INFO - Filling up the DagBag from /home/airflow/.local/lib/python3.12/site-packages/airflow/example_dags/example_bash_operator.py
[2024-10-15T01:10:38.682+0000] {processor.py:925} INFO - DAG(s) 'example_bash_operator' retrieved from /home/airflow/.local/lib/python3.12/site-packages/airflow/example_dags/example_bash_operator.py
[2024-10-15T01:10:38.708+0000] {logging_mixin.py:190} INFO - [2024-10-15T01:10:38.708+0000] {dag.py:3239} INFO - Sync 1 DAGs
[2024-10-15T01:10:38.732+0000] {logging_mixin.py:190} INFO - [2024-10-15T01:10:38.732+0000] {dag.py:4180} INFO - Setting next_dagrun for example_bash_operator to 2024-10-14 00:00:00+00:00, run_after=2024-10-15 00:00:00+00:00
[2024-10-15T01:10:38.751+0000] {processor.py:208} INFO - Processing /home/airflow/.local/lib/python3.12/site-packages/airflow/example_dags/example_bash_operator.py took 0.092 seconds
[2024-10-15T01:11:08.991+0000] {processor.py:186} INFO - Started process (PID=1471) to work on /home/airflow/.local/lib/python3.12/site-packages/airflow/example_dags/example_bash_operator.py
[2024-10-15T01:11:08.993+0000] {processor.py:914} INFO - Processing file /home/airflow/.local/lib/python3.12/site-packages/airflow/example_dags/example_bash_operator.py for tasks to queue
[2024-10-15T01:11:08.994+0000] {logging_mixin.py:190} INFO - [2024-10-15T01:11:08.994+0000] {dagbag.py:588} INFO - Filling up the DagBag from /home/airflow/.local/lib/python3.12/site-packages/airflow/example_dags/example_bash_operator.py
[2024-10-15T01:11:09.008+0000] {processor.py:925} INFO - DAG(s) 'example_bash_operator' retrieved from /home/airflow/.local/lib/python3.12/site-packages/airflow/example_dags/example_bash_operator.py
[2024-10-15T01:11:09.038+0000] {logging_mixin.py:190} INFO - [2024-10-15T01:11:09.037+0000] {dag.py:3239} INFO - Sync 1 DAGs
[2024-10-15T01:11:09.076+0000] {logging_mixin.py:190} INFO - [2024-10-15T01:11:09.076+0000] {dag.py:4180} INFO - Setting next_dagrun for example_bash_operator to 2024-10-14 00:00:00+00:00, run_after=2024-10-15 00:00:00+00:00
[2024-10-15T01:11:09.105+0000] {processor.py:208} INFO - Processing /home/airflow/.local/lib/python3.12/site-packages/airflow/example_dags/example_bash_operator.py took 0.120 seconds
[2024-10-15T01:11:39.256+0000] {processor.py:186} INFO - Started process (PID=1534) to work on /home/airflow/.local/lib/python3.12/site-packages/airflow/example_dags/example_bash_operator.py
[2024-10-15T01:11:39.257+0000] {processor.py:914} INFO - Processing file /home/airflow/.local/lib/python3.12/site-packages/airflow/example_dags/example_bash_operator.py for tasks to queue
[2024-10-15T01:11:39.259+0000] {logging_mixin.py:190} INFO - [2024-10-15T01:11:39.258+0000] {dagbag.py:588} INFO - Filling up the DagBag from /home/airflow/.local/lib/python3.12/site-packages/airflow/example_dags/example_bash_operator.py
[2024-10-15T01:11:39.272+0000] {processor.py:925} INFO - DAG(s) 'example_bash_operator' retrieved from /home/airflow/.local/lib/python3.12/site-packages/airflow/example_dags/example_bash_operator.py
[2024-10-15T01:11:39.303+0000] {logging_mixin.py:190} INFO - [2024-10-15T01:11:39.302+0000] {dag.py:3239} INFO - Sync 1 DAGs
[2024-10-15T01:11:39.327+0000] {logging_mixin.py:190} INFO - [2024-10-15T01:11:39.327+0000] {dag.py:4180} INFO - Setting next_dagrun for example_bash_operator to 2024-10-14 00:00:00+00:00, run_after=2024-10-15 00:00:00+00:00
[2024-10-15T01:11:39.345+0000] {processor.py:208} INFO - Processing /home/airflow/.local/lib/python3.12/site-packages/airflow/example_dags/example_bash_operator.py took 0.097 seconds
[2024-10-15T01:12:09.396+0000] {processor.py:186} INFO - Started process (PID=1597) to work on /home/airflow/.local/lib/python3.12/site-packages/airflow/example_dags/example_bash_operator.py
[2024-10-15T01:12:09.401+0000] {processor.py:914} INFO - Processing file /home/airflow/.local/lib/python3.12/site-packages/airflow/example_dags/example_bash_operator.py for tasks to queue
[2024-10-15T01:12:09.402+0000] {logging_mixin.py:190} INFO - [2024-10-15T01:12:09.401+0000] {dagbag.py:588} INFO - Filling up the DagBag from /home/airflow/.local/lib/python3.12/site-packages/airflow/example_dags/example_bash_operator.py
[2024-10-15T01:12:09.414+0000] {processor.py:925} INFO - DAG(s) 'example_bash_operator' retrieved from /home/airflow/.local/lib/python3.12/site-packages/airflow/example_dags/example_bash_operator.py
[2024-10-15T01:12:09.445+0000] {logging_mixin.py:190} INFO - [2024-10-15T01:12:09.445+0000] {dag.py:3239} INFO - Sync 1 DAGs
[2024-10-15T01:12:09.469+0000] {logging_mixin.py:190} INFO - [2024-10-15T01:12:09.468+0000] {dag.py:4180} INFO - Setting next_dagrun for example_bash_operator to 2024-10-14 00:00:00+00:00, run_after=2024-10-15 00:00:00+00:00
[2024-10-15T01:12:09.486+0000] {processor.py:208} INFO - Processing /home/airflow/.local/lib/python3.12/site-packages/airflow/example_dags/example_bash_operator.py took 0.098 seconds
[2024-10-15T01:12:39.809+0000] {processor.py:186} INFO - Started process (PID=1660) to work on /home/airflow/.local/lib/python3.12/site-packages/airflow/example_dags/example_bash_operator.py
[2024-10-15T01:12:39.811+0000] {processor.py:914} INFO - Processing file /home/airflow/.local/lib/python3.12/site-packages/airflow/example_dags/example_bash_operator.py for tasks to queue
[2024-10-15T01:12:39.812+0000] {logging_mixin.py:190} INFO - [2024-10-15T01:12:39.812+0000] {dagbag.py:588} INFO - Filling up the DagBag from /home/airflow/.local/lib/python3.12/site-packages/airflow/example_dags/example_bash_operator.py
[2024-10-15T01:12:39.825+0000] {processor.py:925} INFO - DAG(s) 'example_bash_operator' retrieved from /home/airflow/.local/lib/python3.12/site-packages/airflow/example_dags/example_bash_operator.py
[2024-10-15T01:12:39.862+0000] {logging_mixin.py:190} INFO - [2024-10-15T01:12:39.861+0000] {dag.py:3239} INFO - Sync 1 DAGs
[2024-10-15T01:12:39.887+0000] {logging_mixin.py:190} INFO - [2024-10-15T01:12:39.887+0000] {dag.py:4180} INFO - Setting next_dagrun for example_bash_operator to 2024-10-14 00:00:00+00:00, run_after=2024-10-15 00:00:00+00:00
[2024-10-15T01:12:39.904+0000] {processor.py:208} INFO - Processing /home/airflow/.local/lib/python3.12/site-packages/airflow/example_dags/example_bash_operator.py took 0.100 seconds
[2024-10-15T01:13:11.749+0000] {processor.py:186} INFO - Started process (PID=1726) to work on /home/airflow/.local/lib/python3.12/site-packages/airflow/example_dags/example_bash_operator.py
[2024-10-15T01:13:11.765+0000] {processor.py:914} INFO - Processing file /home/airflow/.local/lib/python3.12/site-packages/airflow/example_dags/example_bash_operator.py for tasks to queue
[2024-10-15T01:13:11.768+0000] {logging_mixin.py:190} INFO - [2024-10-15T01:13:11.767+0000] {dagbag.py:588} INFO - Filling up the DagBag from /home/airflow/.local/lib/python3.12/site-packages/airflow/example_dags/example_bash_operator.py
[2024-10-15T01:13:11.814+0000] {processor.py:925} INFO - DAG(s) 'example_bash_operator' retrieved from /home/airflow/.local/lib/python3.12/site-packages/airflow/example_dags/example_bash_operator.py
[2024-10-15T01:13:11.888+0000] {logging_mixin.py:190} INFO - [2024-10-15T01:13:11.885+0000] {dag.py:3239} INFO - Sync 1 DAGs
[2024-10-15T01:13:11.978+0000] {logging_mixin.py:190} INFO - [2024-10-15T01:13:11.978+0000] {dag.py:4180} INFO - Setting next_dagrun for example_bash_operator to 2024-10-14 00:00:00+00:00, run_after=2024-10-15 00:00:00+00:00
[2024-10-15T01:13:12.034+0000] {processor.py:208} INFO - Processing /home/airflow/.local/lib/python3.12/site-packages/airflow/example_dags/example_bash_operator.py took 0.294 seconds
[2024-10-15T01:13:42.447+0000] {processor.py:186} INFO - Started process (PID=1789) to work on /home/airflow/.local/lib/python3.12/site-packages/airflow/example_dags/example_bash_operator.py
[2024-10-15T01:13:42.449+0000] {processor.py:914} INFO - Processing file /home/airflow/.local/lib/python3.12/site-packages/airflow/example_dags/example_bash_operator.py for tasks to queue
[2024-10-15T01:13:42.450+0000] {logging_mixin.py:190} INFO - [2024-10-15T01:13:42.450+0000] {dagbag.py:588} INFO - Filling up the DagBag from /home/airflow/.local/lib/python3.12/site-packages/airflow/example_dags/example_bash_operator.py
[2024-10-15T01:13:42.464+0000] {processor.py:925} INFO - DAG(s) 'example_bash_operator' retrieved from /home/airflow/.local/lib/python3.12/site-packages/airflow/example_dags/example_bash_operator.py
[2024-10-15T01:13:42.493+0000] {logging_mixin.py:190} INFO - [2024-10-15T01:13:42.493+0000] {dag.py:3239} INFO - Sync 1 DAGs
[2024-10-15T01:13:42.521+0000] {logging_mixin.py:190} INFO - [2024-10-15T01:13:42.521+0000] {dag.py:4180} INFO - Setting next_dagrun for example_bash_operator to 2024-10-14 00:00:00+00:00, run_after=2024-10-15 00:00:00+00:00
[2024-10-15T01:13:42.538+0000] {processor.py:208} INFO - Processing /home/airflow/.local/lib/python3.12/site-packages/airflow/example_dags/example_bash_operator.py took 0.097 seconds
[2024-10-15T01:14:13.735+0000] {processor.py:186} INFO - Started process (PID=1852) to work on /home/airflow/.local/lib/python3.12/site-packages/airflow/example_dags/example_bash_operator.py
[2024-10-15T01:14:13.736+0000] {processor.py:914} INFO - Processing file /home/airflow/.local/lib/python3.12/site-packages/airflow/example_dags/example_bash_operator.py for tasks to queue
[2024-10-15T01:14:13.737+0000] {logging_mixin.py:190} INFO - [2024-10-15T01:14:13.737+0000] {dagbag.py:588} INFO - Filling up the DagBag from /home/airflow/.local/lib/python3.12/site-packages/airflow/example_dags/example_bash_operator.py
[2024-10-15T01:14:13.747+0000] {processor.py:925} INFO - DAG(s) 'example_bash_operator' retrieved from /home/airflow/.local/lib/python3.12/site-packages/airflow/example_dags/example_bash_operator.py
[2024-10-15T01:14:13.772+0000] {logging_mixin.py:190} INFO - [2024-10-15T01:14:13.772+0000] {dag.py:3239} INFO - Sync 1 DAGs
[2024-10-15T01:14:13.794+0000] {logging_mixin.py:190} INFO - [2024-10-15T01:14:13.794+0000] {dag.py:4180} INFO - Setting next_dagrun for example_bash_operator to 2024-10-14 00:00:00+00:00, run_after=2024-10-15 00:00:00+00:00
[2024-10-15T01:14:13.809+0000] {processor.py:208} INFO - Processing /home/airflow/.local/lib/python3.12/site-packages/airflow/example_dags/example_bash_operator.py took 0.078 seconds
[2024-10-15T01:14:44.848+0000] {processor.py:186} INFO - Started process (PID=1915) to work on /home/airflow/.local/lib/python3.12/site-packages/airflow/example_dags/example_bash_operator.py
[2024-10-15T01:14:44.855+0000] {processor.py:914} INFO - Processing file /home/airflow/.local/lib/python3.12/site-packages/airflow/example_dags/example_bash_operator.py for tasks to queue
[2024-10-15T01:14:44.856+0000] {logging_mixin.py:190} INFO - [2024-10-15T01:14:44.856+0000] {dagbag.py:588} INFO - Filling up the DagBag from /home/airflow/.local/lib/python3.12/site-packages/airflow/example_dags/example_bash_operator.py
[2024-10-15T01:14:44.900+0000] {processor.py:925} INFO - DAG(s) 'example_bash_operator' retrieved from /home/airflow/.local/lib/python3.12/site-packages/airflow/example_dags/example_bash_operator.py
[2024-10-15T01:14:45.051+0000] {logging_mixin.py:190} INFO - [2024-10-15T01:14:45.050+0000] {dag.py:3239} INFO - Sync 1 DAGs
[2024-10-15T01:14:45.147+0000] {logging_mixin.py:190} INFO - [2024-10-15T01:14:45.146+0000] {dag.py:4180} INFO - Setting next_dagrun for example_bash_operator to 2024-10-14 00:00:00+00:00, run_after=2024-10-15 00:00:00+00:00
[2024-10-15T01:14:45.194+0000] {processor.py:208} INFO - Processing /home/airflow/.local/lib/python3.12/site-packages/airflow/example_dags/example_bash_operator.py took 0.352 seconds
[2024-10-15T01:15:15.313+0000] {processor.py:186} INFO - Started process (PID=1982) to work on /home/airflow/.local/lib/python3.12/site-packages/airflow/example_dags/example_bash_operator.py
[2024-10-15T01:15:15.316+0000] {processor.py:914} INFO - Processing file /home/airflow/.local/lib/python3.12/site-packages/airflow/example_dags/example_bash_operator.py for tasks to queue
[2024-10-15T01:15:15.317+0000] {logging_mixin.py:190} INFO - [2024-10-15T01:15:15.317+0000] {dagbag.py:588} INFO - Filling up the DagBag from /home/airflow/.local/lib/python3.12/site-packages/airflow/example_dags/example_bash_operator.py
[2024-10-15T01:15:15.329+0000] {processor.py:925} INFO - DAG(s) 'example_bash_operator' retrieved from /home/airflow/.local/lib/python3.12/site-packages/airflow/example_dags/example_bash_operator.py
[2024-10-15T01:15:15.364+0000] {logging_mixin.py:190} INFO - [2024-10-15T01:15:15.363+0000] {dag.py:3239} INFO - Sync 1 DAGs
[2024-10-15T01:15:15.390+0000] {logging_mixin.py:190} INFO - [2024-10-15T01:15:15.390+0000] {dag.py:4180} INFO - Setting next_dagrun for example_bash_operator to 2024-10-14 00:00:00+00:00, run_after=2024-10-15 00:00:00+00:00
[2024-10-15T01:15:15.411+0000] {processor.py:208} INFO - Processing /home/airflow/.local/lib/python3.12/site-packages/airflow/example_dags/example_bash_operator.py took 0.107 seconds
[2024-10-15T01:15:46.536+0000] {processor.py:186} INFO - Started process (PID=2045) to work on /home/airflow/.local/lib/python3.12/site-packages/airflow/example_dags/example_bash_operator.py
[2024-10-15T01:15:46.537+0000] {processor.py:914} INFO - Processing file /home/airflow/.local/lib/python3.12/site-packages/airflow/example_dags/example_bash_operator.py for tasks to queue
[2024-10-15T01:15:46.538+0000] {logging_mixin.py:190} INFO - [2024-10-15T01:15:46.538+0000] {dagbag.py:588} INFO - Filling up the DagBag from /home/airflow/.local/lib/python3.12/site-packages/airflow/example_dags/example_bash_operator.py
[2024-10-15T01:15:46.552+0000] {processor.py:925} INFO - DAG(s) 'example_bash_operator' retrieved from /home/airflow/.local/lib/python3.12/site-packages/airflow/example_dags/example_bash_operator.py
[2024-10-15T01:15:46.586+0000] {logging_mixin.py:190} INFO - [2024-10-15T01:15:46.586+0000] {dag.py:3239} INFO - Sync 1 DAGs
[2024-10-15T01:15:46.612+0000] {logging_mixin.py:190} INFO - [2024-10-15T01:15:46.612+0000] {dag.py:4180} INFO - Setting next_dagrun for example_bash_operator to 2024-10-14 00:00:00+00:00, run_after=2024-10-15 00:00:00+00:00
[2024-10-15T01:15:46.633+0000] {processor.py:208} INFO - Processing /home/airflow/.local/lib/python3.12/site-packages/airflow/example_dags/example_bash_operator.py took 0.103 seconds
[2024-10-15T01:16:16.780+0000] {processor.py:186} INFO - Started process (PID=2108) to work on /home/airflow/.local/lib/python3.12/site-packages/airflow/example_dags/example_bash_operator.py
[2024-10-15T01:16:16.783+0000] {processor.py:914} INFO - Processing file /home/airflow/.local/lib/python3.12/site-packages/airflow/example_dags/example_bash_operator.py for tasks to queue
[2024-10-15T01:16:16.783+0000] {logging_mixin.py:190} INFO - [2024-10-15T01:16:16.783+0000] {dagbag.py:588} INFO - Filling up the DagBag from /home/airflow/.local/lib/python3.12/site-packages/airflow/example_dags/example_bash_operator.py
[2024-10-15T01:16:16.807+0000] {processor.py:925} INFO - DAG(s) 'example_bash_operator' retrieved from /home/airflow/.local/lib/python3.12/site-packages/airflow/example_dags/example_bash_operator.py
[2024-10-15T01:16:16.838+0000] {logging_mixin.py:190} INFO - [2024-10-15T01:16:16.837+0000] {dag.py:3239} INFO - Sync 1 DAGs
[2024-10-15T01:16:16.865+0000] {logging_mixin.py:190} INFO - [2024-10-15T01:16:16.864+0000] {dag.py:4180} INFO - Setting next_dagrun for example_bash_operator to 2024-10-14 00:00:00+00:00, run_after=2024-10-15 00:00:00+00:00
[2024-10-15T01:16:16.886+0000] {processor.py:208} INFO - Processing /home/airflow/.local/lib/python3.12/site-packages/airflow/example_dags/example_bash_operator.py took 0.110 seconds
[2024-10-15T01:16:47.269+0000] {processor.py:186} INFO - Started process (PID=2171) to work on /home/airflow/.local/lib/python3.12/site-packages/airflow/example_dags/example_bash_operator.py
[2024-10-15T01:16:47.270+0000] {processor.py:914} INFO - Processing file /home/airflow/.local/lib/python3.12/site-packages/airflow/example_dags/example_bash_operator.py for tasks to queue
[2024-10-15T01:16:47.271+0000] {logging_mixin.py:190} INFO - [2024-10-15T01:16:47.270+0000] {dagbag.py:588} INFO - Filling up the DagBag from /home/airflow/.local/lib/python3.12/site-packages/airflow/example_dags/example_bash_operator.py
[2024-10-15T01:16:47.286+0000] {processor.py:925} INFO - DAG(s) 'example_bash_operator' retrieved from /home/airflow/.local/lib/python3.12/site-packages/airflow/example_dags/example_bash_operator.py
[2024-10-15T01:16:47.312+0000] {logging_mixin.py:190} INFO - [2024-10-15T01:16:47.312+0000] {dag.py:3239} INFO - Sync 1 DAGs
[2024-10-15T01:16:47.337+0000] {logging_mixin.py:190} INFO - [2024-10-15T01:16:47.337+0000] {dag.py:4180} INFO - Setting next_dagrun for example_bash_operator to 2024-10-14 00:00:00+00:00, run_after=2024-10-15 00:00:00+00:00
[2024-10-15T01:16:47.364+0000] {processor.py:208} INFO - Processing /home/airflow/.local/lib/python3.12/site-packages/airflow/example_dags/example_bash_operator.py took 0.106 seconds
[2024-10-15T01:17:17.796+0000] {processor.py:186} INFO - Started process (PID=2234) to work on /home/airflow/.local/lib/python3.12/site-packages/airflow/example_dags/example_bash_operator.py
[2024-10-15T01:17:17.799+0000] {processor.py:914} INFO - Processing file /home/airflow/.local/lib/python3.12/site-packages/airflow/example_dags/example_bash_operator.py for tasks to queue
[2024-10-15T01:17:17.800+0000] {logging_mixin.py:190} INFO - [2024-10-15T01:17:17.799+0000] {dagbag.py:588} INFO - Filling up the DagBag from /home/airflow/.local/lib/python3.12/site-packages/airflow/example_dags/example_bash_operator.py
[2024-10-15T01:17:17.812+0000] {processor.py:925} INFO - DAG(s) 'example_bash_operator' retrieved from /home/airflow/.local/lib/python3.12/site-packages/airflow/example_dags/example_bash_operator.py
[2024-10-15T01:17:17.845+0000] {logging_mixin.py:190} INFO - [2024-10-15T01:17:17.844+0000] {dag.py:3239} INFO - Sync 1 DAGs
[2024-10-15T01:17:17.869+0000] {logging_mixin.py:190} INFO - [2024-10-15T01:17:17.869+0000] {dag.py:4180} INFO - Setting next_dagrun for example_bash_operator to 2024-10-14 00:00:00+00:00, run_after=2024-10-15 00:00:00+00:00
[2024-10-15T01:17:17.887+0000] {processor.py:208} INFO - Processing /home/airflow/.local/lib/python3.12/site-packages/airflow/example_dags/example_bash_operator.py took 0.098 seconds
[2024-10-15T01:17:48.195+0000] {processor.py:186} INFO - Started process (PID=2297) to work on /home/airflow/.local/lib/python3.12/site-packages/airflow/example_dags/example_bash_operator.py
[2024-10-15T01:17:48.196+0000] {processor.py:914} INFO - Processing file /home/airflow/.local/lib/python3.12/site-packages/airflow/example_dags/example_bash_operator.py for tasks to queue
[2024-10-15T01:17:48.198+0000] {logging_mixin.py:190} INFO - [2024-10-15T01:17:48.198+0000] {dagbag.py:588} INFO - Filling up the DagBag from /home/airflow/.local/lib/python3.12/site-packages/airflow/example_dags/example_bash_operator.py
[2024-10-15T01:17:48.211+0000] {processor.py:925} INFO - DAG(s) 'example_bash_operator' retrieved from /home/airflow/.local/lib/python3.12/site-packages/airflow/example_dags/example_bash_operator.py
[2024-10-15T01:17:48.249+0000] {logging_mixin.py:190} INFO - [2024-10-15T01:17:48.248+0000] {dag.py:3239} INFO - Sync 1 DAGs
[2024-10-15T01:17:48.289+0000] {logging_mixin.py:190} INFO - [2024-10-15T01:17:48.289+0000] {dag.py:4180} INFO - Setting next_dagrun for example_bash_operator to 2024-10-14 00:00:00+00:00, run_after=2024-10-15 00:00:00+00:00
[2024-10-15T01:17:48.330+0000] {processor.py:208} INFO - Processing /home/airflow/.local/lib/python3.12/site-packages/airflow/example_dags/example_bash_operator.py took 0.142 seconds
[2024-10-15T01:18:18.549+0000] {processor.py:186} INFO - Started process (PID=2361) to work on /home/airflow/.local/lib/python3.12/site-packages/airflow/example_dags/example_bash_operator.py
[2024-10-15T01:18:18.551+0000] {processor.py:914} INFO - Processing file /home/airflow/.local/lib/python3.12/site-packages/airflow/example_dags/example_bash_operator.py for tasks to queue
[2024-10-15T01:18:18.553+0000] {logging_mixin.py:190} INFO - [2024-10-15T01:18:18.553+0000] {dagbag.py:588} INFO - Filling up the DagBag from /home/airflow/.local/lib/python3.12/site-packages/airflow/example_dags/example_bash_operator.py
[2024-10-15T01:18:18.568+0000] {processor.py:925} INFO - DAG(s) 'example_bash_operator' retrieved from /home/airflow/.local/lib/python3.12/site-packages/airflow/example_dags/example_bash_operator.py
[2024-10-15T01:18:18.596+0000] {logging_mixin.py:190} INFO - [2024-10-15T01:18:18.595+0000] {dag.py:3239} INFO - Sync 1 DAGs
[2024-10-15T01:18:18.622+0000] {logging_mixin.py:190} INFO - [2024-10-15T01:18:18.622+0000] {dag.py:4180} INFO - Setting next_dagrun for example_bash_operator to 2024-10-14 00:00:00+00:00, run_after=2024-10-15 00:00:00+00:00
[2024-10-15T01:18:18.642+0000] {processor.py:208} INFO - Processing /home/airflow/.local/lib/python3.12/site-packages/airflow/example_dags/example_bash_operator.py took 0.099 seconds
[2024-10-15T01:18:49.602+0000] {processor.py:186} INFO - Started process (PID=2423) to work on /home/airflow/.local/lib/python3.12/site-packages/airflow/example_dags/example_bash_operator.py
[2024-10-15T01:18:49.606+0000] {processor.py:914} INFO - Processing file /home/airflow/.local/lib/python3.12/site-packages/airflow/example_dags/example_bash_operator.py for tasks to queue
[2024-10-15T01:18:49.607+0000] {logging_mixin.py:190} INFO - [2024-10-15T01:18:49.607+0000] {dagbag.py:588} INFO - Filling up the DagBag from /home/airflow/.local/lib/python3.12/site-packages/airflow/example_dags/example_bash_operator.py
[2024-10-15T01:18:49.631+0000] {processor.py:925} INFO - DAG(s) 'example_bash_operator' retrieved from /home/airflow/.local/lib/python3.12/site-packages/airflow/example_dags/example_bash_operator.py
[2024-10-15T01:18:49.719+0000] {logging_mixin.py:190} INFO - [2024-10-15T01:18:49.719+0000] {dag.py:3239} INFO - Sync 1 DAGs
[2024-10-15T01:18:49.751+0000] {logging_mixin.py:190} INFO - [2024-10-15T01:18:49.751+0000] {dag.py:4180} INFO - Setting next_dagrun for example_bash_operator to 2024-10-14 00:00:00+00:00, run_after=2024-10-15 00:00:00+00:00
[2024-10-15T01:18:49.775+0000] {processor.py:208} INFO - Processing /home/airflow/.local/lib/python3.12/site-packages/airflow/example_dags/example_bash_operator.py took 0.195 seconds
[2024-10-15T01:19:20.140+0000] {processor.py:186} INFO - Started process (PID=2486) to work on /home/airflow/.local/lib/python3.12/site-packages/airflow/example_dags/example_bash_operator.py
[2024-10-15T01:19:20.141+0000] {processor.py:914} INFO - Processing file /home/airflow/.local/lib/python3.12/site-packages/airflow/example_dags/example_bash_operator.py for tasks to queue
[2024-10-15T01:19:20.143+0000] {logging_mixin.py:190} INFO - [2024-10-15T01:19:20.142+0000] {dagbag.py:588} INFO - Filling up the DagBag from /home/airflow/.local/lib/python3.12/site-packages/airflow/example_dags/example_bash_operator.py
[2024-10-15T01:19:20.160+0000] {processor.py:925} INFO - DAG(s) 'example_bash_operator' retrieved from /home/airflow/.local/lib/python3.12/site-packages/airflow/example_dags/example_bash_operator.py
[2024-10-15T01:19:20.188+0000] {logging_mixin.py:190} INFO - [2024-10-15T01:19:20.187+0000] {dag.py:3239} INFO - Sync 1 DAGs
[2024-10-15T01:19:20.214+0000] {logging_mixin.py:190} INFO - [2024-10-15T01:19:20.213+0000] {dag.py:4180} INFO - Setting next_dagrun for example_bash_operator to 2024-10-14 00:00:00+00:00, run_after=2024-10-15 00:00:00+00:00
[2024-10-15T01:19:20.230+0000] {processor.py:208} INFO - Processing /home/airflow/.local/lib/python3.12/site-packages/airflow/example_dags/example_bash_operator.py took 0.096 seconds
[2024-10-15T01:19:50.780+0000] {processor.py:186} INFO - Started process (PID=2550) to work on /home/airflow/.local/lib/python3.12/site-packages/airflow/example_dags/example_bash_operator.py
[2024-10-15T01:19:50.783+0000] {processor.py:914} INFO - Processing file /home/airflow/.local/lib/python3.12/site-packages/airflow/example_dags/example_bash_operator.py for tasks to queue
[2024-10-15T01:19:50.787+0000] {logging_mixin.py:190} INFO - [2024-10-15T01:19:50.784+0000] {dagbag.py:588} INFO - Filling up the DagBag from /home/airflow/.local/lib/python3.12/site-packages/airflow/example_dags/example_bash_operator.py
[2024-10-15T01:19:50.804+0000] {processor.py:925} INFO - DAG(s) 'example_bash_operator' retrieved from /home/airflow/.local/lib/python3.12/site-packages/airflow/example_dags/example_bash_operator.py
[2024-10-15T01:19:50.830+0000] {logging_mixin.py:190} INFO - [2024-10-15T01:19:50.829+0000] {dag.py:3239} INFO - Sync 1 DAGs
[2024-10-15T01:19:50.870+0000] {logging_mixin.py:190} INFO - [2024-10-15T01:19:50.870+0000] {dag.py:4180} INFO - Setting next_dagrun for example_bash_operator to 2024-10-14 00:00:00+00:00, run_after=2024-10-15 00:00:00+00:00
[2024-10-15T01:19:50.892+0000] {processor.py:208} INFO - Processing /home/airflow/.local/lib/python3.12/site-packages/airflow/example_dags/example_bash_operator.py took 0.117 seconds
[2024-10-15T01:20:21.161+0000] {processor.py:186} INFO - Started process (PID=2614) to work on /home/airflow/.local/lib/python3.12/site-packages/airflow/example_dags/example_bash_operator.py
[2024-10-15T01:20:21.162+0000] {processor.py:914} INFO - Processing file /home/airflow/.local/lib/python3.12/site-packages/airflow/example_dags/example_bash_operator.py for tasks to queue
[2024-10-15T01:20:21.163+0000] {logging_mixin.py:190} INFO - [2024-10-15T01:20:21.163+0000] {dagbag.py:588} INFO - Filling up the DagBag from /home/airflow/.local/lib/python3.12/site-packages/airflow/example_dags/example_bash_operator.py
[2024-10-15T01:20:21.176+0000] {processor.py:925} INFO - DAG(s) 'example_bash_operator' retrieved from /home/airflow/.local/lib/python3.12/site-packages/airflow/example_dags/example_bash_operator.py
[2024-10-15T01:20:21.203+0000] {logging_mixin.py:190} INFO - [2024-10-15T01:20:21.203+0000] {dag.py:3239} INFO - Sync 1 DAGs
[2024-10-15T01:20:21.222+0000] {logging_mixin.py:190} INFO - [2024-10-15T01:20:21.222+0000] {dag.py:4180} INFO - Setting next_dagrun for example_bash_operator to 2024-10-14 00:00:00+00:00, run_after=2024-10-15 00:00:00+00:00
[2024-10-15T01:20:21.237+0000] {processor.py:208} INFO - Processing /home/airflow/.local/lib/python3.12/site-packages/airflow/example_dags/example_bash_operator.py took 0.083 seconds
[2024-10-15T01:20:51.796+0000] {processor.py:186} INFO - Started process (PID=2677) to work on /home/airflow/.local/lib/python3.12/site-packages/airflow/example_dags/example_bash_operator.py
[2024-10-15T01:20:51.799+0000] {processor.py:914} INFO - Processing file /home/airflow/.local/lib/python3.12/site-packages/airflow/example_dags/example_bash_operator.py for tasks to queue
[2024-10-15T01:20:51.800+0000] {logging_mixin.py:190} INFO - [2024-10-15T01:20:51.800+0000] {dagbag.py:588} INFO - Filling up the DagBag from /home/airflow/.local/lib/python3.12/site-packages/airflow/example_dags/example_bash_operator.py
[2024-10-15T01:20:51.812+0000] {processor.py:925} INFO - DAG(s) 'example_bash_operator' retrieved from /home/airflow/.local/lib/python3.12/site-packages/airflow/example_dags/example_bash_operator.py
[2024-10-15T01:20:51.848+0000] {logging_mixin.py:190} INFO - [2024-10-15T01:20:51.848+0000] {dag.py:3239} INFO - Sync 1 DAGs
[2024-10-15T01:20:51.883+0000] {logging_mixin.py:190} INFO - [2024-10-15T01:20:51.883+0000] {dag.py:4180} INFO - Setting next_dagrun for example_bash_operator to 2024-10-14 00:00:00+00:00, run_after=2024-10-15 00:00:00+00:00
[2024-10-15T01:20:51.904+0000] {processor.py:208} INFO - Processing /home/airflow/.local/lib/python3.12/site-packages/airflow/example_dags/example_bash_operator.py took 0.112 seconds
[2024-10-15T01:21:22.482+0000] {processor.py:186} INFO - Started process (PID=2740) to work on /home/airflow/.local/lib/python3.12/site-packages/airflow/example_dags/example_bash_operator.py
[2024-10-15T01:21:22.484+0000] {processor.py:914} INFO - Processing file /home/airflow/.local/lib/python3.12/site-packages/airflow/example_dags/example_bash_operator.py for tasks to queue
[2024-10-15T01:21:22.485+0000] {logging_mixin.py:190} INFO - [2024-10-15T01:21:22.485+0000] {dagbag.py:588} INFO - Filling up the DagBag from /home/airflow/.local/lib/python3.12/site-packages/airflow/example_dags/example_bash_operator.py
[2024-10-15T01:21:22.499+0000] {processor.py:925} INFO - DAG(s) 'example_bash_operator' retrieved from /home/airflow/.local/lib/python3.12/site-packages/airflow/example_dags/example_bash_operator.py
[2024-10-15T01:21:22.529+0000] {logging_mixin.py:190} INFO - [2024-10-15T01:21:22.528+0000] {dag.py:3239} INFO - Sync 1 DAGs
[2024-10-15T01:21:22.555+0000] {logging_mixin.py:190} INFO - [2024-10-15T01:21:22.555+0000] {dag.py:4180} INFO - Setting next_dagrun for example_bash_operator to 2024-10-14 00:00:00+00:00, run_after=2024-10-15 00:00:00+00:00
[2024-10-15T01:21:22.573+0000] {processor.py:208} INFO - Processing /home/airflow/.local/lib/python3.12/site-packages/airflow/example_dags/example_bash_operator.py took 0.100 seconds
[2024-10-15T01:21:52.992+0000] {processor.py:186} INFO - Started process (PID=2802) to work on /home/airflow/.local/lib/python3.12/site-packages/airflow/example_dags/example_bash_operator.py
[2024-10-15T01:21:52.994+0000] {processor.py:914} INFO - Processing file /home/airflow/.local/lib/python3.12/site-packages/airflow/example_dags/example_bash_operator.py for tasks to queue
[2024-10-15T01:21:52.996+0000] {logging_mixin.py:190} INFO - [2024-10-15T01:21:52.995+0000] {dagbag.py:588} INFO - Filling up the DagBag from /home/airflow/.local/lib/python3.12/site-packages/airflow/example_dags/example_bash_operator.py
[2024-10-15T01:21:53.010+0000] {processor.py:925} INFO - DAG(s) 'example_bash_operator' retrieved from /home/airflow/.local/lib/python3.12/site-packages/airflow/example_dags/example_bash_operator.py
[2024-10-15T01:21:53.037+0000] {logging_mixin.py:190} INFO - [2024-10-15T01:21:53.036+0000] {dag.py:3239} INFO - Sync 1 DAGs
[2024-10-15T01:21:53.064+0000] {logging_mixin.py:190} INFO - [2024-10-15T01:21:53.064+0000] {dag.py:4180} INFO - Setting next_dagrun for example_bash_operator to 2024-10-14 00:00:00+00:00, run_after=2024-10-15 00:00:00+00:00
[2024-10-15T01:21:53.080+0000] {processor.py:208} INFO - Processing /home/airflow/.local/lib/python3.12/site-packages/airflow/example_dags/example_bash_operator.py took 0.095 seconds
[2024-10-15T01:22:23.535+0000] {processor.py:186} INFO - Started process (PID=2865) to work on /home/airflow/.local/lib/python3.12/site-packages/airflow/example_dags/example_bash_operator.py
[2024-10-15T01:22:23.536+0000] {processor.py:914} INFO - Processing file /home/airflow/.local/lib/python3.12/site-packages/airflow/example_dags/example_bash_operator.py for tasks to queue
[2024-10-15T01:22:23.537+0000] {logging_mixin.py:190} INFO - [2024-10-15T01:22:23.537+0000] {dagbag.py:588} INFO - Filling up the DagBag from /home/airflow/.local/lib/python3.12/site-packages/airflow/example_dags/example_bash_operator.py
[2024-10-15T01:22:23.550+0000] {processor.py:925} INFO - DAG(s) 'example_bash_operator' retrieved from /home/airflow/.local/lib/python3.12/site-packages/airflow/example_dags/example_bash_operator.py
[2024-10-15T01:22:23.579+0000] {logging_mixin.py:190} INFO - [2024-10-15T01:22:23.578+0000] {dag.py:3239} INFO - Sync 1 DAGs
[2024-10-15T01:22:23.605+0000] {logging_mixin.py:190} INFO - [2024-10-15T01:22:23.605+0000] {dag.py:4180} INFO - Setting next_dagrun for example_bash_operator to 2024-10-14 00:00:00+00:00, run_after=2024-10-15 00:00:00+00:00
[2024-10-15T01:22:23.619+0000] {processor.py:208} INFO - Processing /home/airflow/.local/lib/python3.12/site-packages/airflow/example_dags/example_bash_operator.py took 0.091 seconds
[2024-10-15T01:22:54.636+0000] {processor.py:186} INFO - Started process (PID=2929) to work on /home/airflow/.local/lib/python3.12/site-packages/airflow/example_dags/example_bash_operator.py
[2024-10-15T01:22:54.637+0000] {processor.py:914} INFO - Processing file /home/airflow/.local/lib/python3.12/site-packages/airflow/example_dags/example_bash_operator.py for tasks to queue
[2024-10-15T01:22:54.638+0000] {logging_mixin.py:190} INFO - [2024-10-15T01:22:54.638+0000] {dagbag.py:588} INFO - Filling up the DagBag from /home/airflow/.local/lib/python3.12/site-packages/airflow/example_dags/example_bash_operator.py
[2024-10-15T01:22:54.653+0000] {processor.py:925} INFO - DAG(s) 'example_bash_operator' retrieved from /home/airflow/.local/lib/python3.12/site-packages/airflow/example_dags/example_bash_operator.py
[2024-10-15T01:22:54.685+0000] {logging_mixin.py:190} INFO - [2024-10-15T01:22:54.685+0000] {dag.py:3239} INFO - Sync 1 DAGs
[2024-10-15T01:22:54.717+0000] {logging_mixin.py:190} INFO - [2024-10-15T01:22:54.716+0000] {dag.py:4180} INFO - Setting next_dagrun for example_bash_operator to 2024-10-14 00:00:00+00:00, run_after=2024-10-15 00:00:00+00:00
[2024-10-15T01:22:54.737+0000] {processor.py:208} INFO - Processing /home/airflow/.local/lib/python3.12/site-packages/airflow/example_dags/example_bash_operator.py took 0.107 seconds
[2024-10-15T01:23:24.902+0000] {processor.py:186} INFO - Started process (PID=2992) to work on /home/airflow/.local/lib/python3.12/site-packages/airflow/example_dags/example_bash_operator.py
[2024-10-15T01:23:24.903+0000] {processor.py:914} INFO - Processing file /home/airflow/.local/lib/python3.12/site-packages/airflow/example_dags/example_bash_operator.py for tasks to queue
[2024-10-15T01:23:24.904+0000] {logging_mixin.py:190} INFO - [2024-10-15T01:23:24.904+0000] {dagbag.py:588} INFO - Filling up the DagBag from /home/airflow/.local/lib/python3.12/site-packages/airflow/example_dags/example_bash_operator.py
[2024-10-15T01:23:24.919+0000] {processor.py:925} INFO - DAG(s) 'example_bash_operator' retrieved from /home/airflow/.local/lib/python3.12/site-packages/airflow/example_dags/example_bash_operator.py
[2024-10-15T01:23:24.944+0000] {logging_mixin.py:190} INFO - [2024-10-15T01:23:24.944+0000] {dag.py:3239} INFO - Sync 1 DAGs
[2024-10-15T01:23:24.973+0000] {logging_mixin.py:190} INFO - [2024-10-15T01:23:24.972+0000] {dag.py:4180} INFO - Setting next_dagrun for example_bash_operator to 2024-10-14 00:00:00+00:00, run_after=2024-10-15 00:00:00+00:00
[2024-10-15T01:23:24.990+0000] {processor.py:208} INFO - Processing /home/airflow/.local/lib/python3.12/site-packages/airflow/example_dags/example_bash_operator.py took 0.093 seconds
