[2024-10-15T00:49:59.226+0000] {processor.py:186} INFO - Started process (PID=61) to work on /home/airflow/.local/lib/python3.12/site-packages/airflow/example_dags/example_skip_dag.py
[2024-10-15T00:49:59.226+0000] {processor.py:914} INFO - Processing file /home/airflow/.local/lib/python3.12/site-packages/airflow/example_dags/example_skip_dag.py for tasks to queue
[2024-10-15T00:49:59.228+0000] {logging_mixin.py:190} INFO - [2024-10-15T00:49:59.228+0000] {dagbag.py:588} INFO - Filling up the DagBag from /home/airflow/.local/lib/python3.12/site-packages/airflow/example_dags/example_skip_dag.py
[2024-10-15T00:49:59.282+0000] {processor.py:925} INFO - DAG(s) 'example_skip_dag' retrieved from /home/airflow/.local/lib/python3.12/site-packages/airflow/example_dags/example_skip_dag.py
[2024-10-15T00:50:00.220+0000] {logging_mixin.py:190} INFO - [2024-10-15T00:50:00.219+0000] {override.py:1900} INFO - Created Permission View: can edit on DAG:example_skip_dag
[2024-10-15T00:50:00.247+0000] {logging_mixin.py:190} INFO - [2024-10-15T00:50:00.247+0000] {override.py:1900} INFO - Created Permission View: can read on DAG:example_skip_dag
[2024-10-15T00:50:00.268+0000] {logging_mixin.py:190} INFO - [2024-10-15T00:50:00.267+0000] {override.py:1900} INFO - Created Permission View: can delete on DAG:example_skip_dag
[2024-10-15T00:50:00.287+0000] {logging_mixin.py:190} INFO - [2024-10-15T00:50:00.287+0000] {override.py:1900} INFO - Created Permission View: menu access on DAG Run:example_skip_dag
[2024-10-15T00:50:00.295+0000] {logging_mixin.py:190} INFO - [2024-10-15T00:50:00.295+0000] {override.py:1900} INFO - Created Permission View: can delete on DAG Run:example_skip_dag
[2024-10-15T00:50:00.314+0000] {logging_mixin.py:190} INFO - [2024-10-15T00:50:00.309+0000] {override.py:1900} INFO - Created Permission View: can read on DAG Run:example_skip_dag
[2024-10-15T00:50:00.325+0000] {logging_mixin.py:190} INFO - [2024-10-15T00:50:00.325+0000] {override.py:1900} INFO - Created Permission View: can create on DAG Run:example_skip_dag
[2024-10-15T00:50:00.325+0000] {logging_mixin.py:190} INFO - [2024-10-15T00:50:00.325+0000] {dag.py:3239} INFO - Sync 1 DAGs
[2024-10-15T00:50:00.376+0000] {logging_mixin.py:190} INFO - [2024-10-15T00:50:00.375+0000] {dag.py:3262} INFO - Creating ORM DAG for example_skip_dag
[2024-10-15T00:50:00.409+0000] {logging_mixin.py:190} INFO - [2024-10-15T00:50:00.409+0000] {dag.py:4180} INFO - Setting next_dagrun for example_skip_dag to 2024-10-14 00:00:00+00:00, run_after=2024-10-15 00:00:00+00:00
[2024-10-15T00:50:00.480+0000] {processor.py:208} INFO - Processing /home/airflow/.local/lib/python3.12/site-packages/airflow/example_dags/example_skip_dag.py took 1.295 seconds
[2024-10-15T00:59:40.532+0000] {processor.py:186} INFO - Started process (PID=59) to work on /home/airflow/.local/lib/python3.12/site-packages/airflow/example_dags/example_skip_dag.py
[2024-10-15T00:59:40.554+0000] {processor.py:914} INFO - Processing file /home/airflow/.local/lib/python3.12/site-packages/airflow/example_dags/example_skip_dag.py for tasks to queue
[2024-10-15T00:59:40.556+0000] {logging_mixin.py:190} INFO - [2024-10-15T00:59:40.556+0000] {dagbag.py:588} INFO - Filling up the DagBag from /home/airflow/.local/lib/python3.12/site-packages/airflow/example_dags/example_skip_dag.py
[2024-10-15T00:59:40.662+0000] {processor.py:925} INFO - DAG(s) 'example_skip_dag' retrieved from /home/airflow/.local/lib/python3.12/site-packages/airflow/example_dags/example_skip_dag.py
[2024-10-15T00:59:40.803+0000] {logging_mixin.py:190} INFO - [2024-10-15T00:59:40.802+0000] {dag.py:3239} INFO - Sync 1 DAGs
[2024-10-15T00:59:41.012+0000] {logging_mixin.py:190} INFO - [2024-10-15T00:59:41.012+0000] {dag.py:4180} INFO - Setting next_dagrun for example_skip_dag to 2024-10-14 00:00:00+00:00, run_after=2024-10-15 00:00:00+00:00
[2024-10-15T00:59:41.166+0000] {processor.py:208} INFO - Processing /home/airflow/.local/lib/python3.12/site-packages/airflow/example_dags/example_skip_dag.py took 0.659 seconds
[2024-10-15T01:00:11.429+0000] {processor.py:186} INFO - Started process (PID=121) to work on /home/airflow/.local/lib/python3.12/site-packages/airflow/example_dags/example_skip_dag.py
[2024-10-15T01:00:11.443+0000] {processor.py:914} INFO - Processing file /home/airflow/.local/lib/python3.12/site-packages/airflow/example_dags/example_skip_dag.py for tasks to queue
[2024-10-15T01:00:11.445+0000] {logging_mixin.py:190} INFO - [2024-10-15T01:00:11.445+0000] {dagbag.py:588} INFO - Filling up the DagBag from /home/airflow/.local/lib/python3.12/site-packages/airflow/example_dags/example_skip_dag.py
[2024-10-15T01:00:11.473+0000] {processor.py:925} INFO - DAG(s) 'example_skip_dag' retrieved from /home/airflow/.local/lib/python3.12/site-packages/airflow/example_dags/example_skip_dag.py
[2024-10-15T01:00:11.558+0000] {logging_mixin.py:190} INFO - [2024-10-15T01:00:11.558+0000] {dag.py:3239} INFO - Sync 1 DAGs
[2024-10-15T01:00:11.647+0000] {logging_mixin.py:190} INFO - [2024-10-15T01:00:11.646+0000] {dag.py:4180} INFO - Setting next_dagrun for example_skip_dag to 2024-10-14 00:00:00+00:00, run_after=2024-10-15 00:00:00+00:00
[2024-10-15T01:00:11.674+0000] {processor.py:208} INFO - Processing /home/airflow/.local/lib/python3.12/site-packages/airflow/example_dags/example_skip_dag.py took 0.294 seconds
[2024-10-15T01:00:42.501+0000] {processor.py:186} INFO - Started process (PID=189) to work on /home/airflow/.local/lib/python3.12/site-packages/airflow/example_dags/example_skip_dag.py
[2024-10-15T01:00:42.509+0000] {processor.py:914} INFO - Processing file /home/airflow/.local/lib/python3.12/site-packages/airflow/example_dags/example_skip_dag.py for tasks to queue
[2024-10-15T01:00:42.512+0000] {logging_mixin.py:190} INFO - [2024-10-15T01:00:42.511+0000] {dagbag.py:588} INFO - Filling up the DagBag from /home/airflow/.local/lib/python3.12/site-packages/airflow/example_dags/example_skip_dag.py
[2024-10-15T01:00:42.524+0000] {processor.py:925} INFO - DAG(s) 'example_skip_dag' retrieved from /home/airflow/.local/lib/python3.12/site-packages/airflow/example_dags/example_skip_dag.py
[2024-10-15T01:00:42.598+0000] {logging_mixin.py:190} INFO - [2024-10-15T01:00:42.598+0000] {dag.py:3239} INFO - Sync 1 DAGs
[2024-10-15T01:00:42.675+0000] {logging_mixin.py:190} INFO - [2024-10-15T01:00:42.675+0000] {dag.py:4180} INFO - Setting next_dagrun for example_skip_dag to 2024-10-14 00:00:00+00:00, run_after=2024-10-15 00:00:00+00:00
[2024-10-15T01:00:42.746+0000] {processor.py:208} INFO - Processing /home/airflow/.local/lib/python3.12/site-packages/airflow/example_dags/example_skip_dag.py took 0.251 seconds
[2024-10-15T01:01:13.663+0000] {processor.py:186} INFO - Started process (PID=250) to work on /home/airflow/.local/lib/python3.12/site-packages/airflow/example_dags/example_skip_dag.py
[2024-10-15T01:01:13.682+0000] {processor.py:914} INFO - Processing file /home/airflow/.local/lib/python3.12/site-packages/airflow/example_dags/example_skip_dag.py for tasks to queue
[2024-10-15T01:01:13.684+0000] {logging_mixin.py:190} INFO - [2024-10-15T01:01:13.683+0000] {dagbag.py:588} INFO - Filling up the DagBag from /home/airflow/.local/lib/python3.12/site-packages/airflow/example_dags/example_skip_dag.py
[2024-10-15T01:01:13.693+0000] {processor.py:925} INFO - DAG(s) 'example_skip_dag' retrieved from /home/airflow/.local/lib/python3.12/site-packages/airflow/example_dags/example_skip_dag.py
[2024-10-15T01:01:13.765+0000] {logging_mixin.py:190} INFO - [2024-10-15T01:01:13.764+0000] {dag.py:3239} INFO - Sync 1 DAGs
[2024-10-15T01:01:13.814+0000] {logging_mixin.py:190} INFO - [2024-10-15T01:01:13.814+0000] {dag.py:4180} INFO - Setting next_dagrun for example_skip_dag to 2024-10-14 00:00:00+00:00, run_after=2024-10-15 00:00:00+00:00
[2024-10-15T01:01:13.855+0000] {processor.py:208} INFO - Processing /home/airflow/.local/lib/python3.12/site-packages/airflow/example_dags/example_skip_dag.py took 0.201 seconds
[2024-10-15T01:01:44.016+0000] {processor.py:186} INFO - Started process (PID=312) to work on /home/airflow/.local/lib/python3.12/site-packages/airflow/example_dags/example_skip_dag.py
[2024-10-15T01:01:44.018+0000] {processor.py:914} INFO - Processing file /home/airflow/.local/lib/python3.12/site-packages/airflow/example_dags/example_skip_dag.py for tasks to queue
[2024-10-15T01:01:44.020+0000] {logging_mixin.py:190} INFO - [2024-10-15T01:01:44.019+0000] {dagbag.py:588} INFO - Filling up the DagBag from /home/airflow/.local/lib/python3.12/site-packages/airflow/example_dags/example_skip_dag.py
[2024-10-15T01:01:44.028+0000] {processor.py:925} INFO - DAG(s) 'example_skip_dag' retrieved from /home/airflow/.local/lib/python3.12/site-packages/airflow/example_dags/example_skip_dag.py
[2024-10-15T01:01:44.048+0000] {logging_mixin.py:190} INFO - [2024-10-15T01:01:44.047+0000] {dag.py:3239} INFO - Sync 1 DAGs
[2024-10-15T01:01:44.072+0000] {logging_mixin.py:190} INFO - [2024-10-15T01:01:44.071+0000] {dag.py:4180} INFO - Setting next_dagrun for example_skip_dag to 2024-10-14 00:00:00+00:00, run_after=2024-10-15 00:00:00+00:00
[2024-10-15T01:01:44.099+0000] {processor.py:208} INFO - Processing /home/airflow/.local/lib/python3.12/site-packages/airflow/example_dags/example_skip_dag.py took 0.093 seconds
[2024-10-15T01:02:14.270+0000] {processor.py:186} INFO - Started process (PID=373) to work on /home/airflow/.local/lib/python3.12/site-packages/airflow/example_dags/example_skip_dag.py
[2024-10-15T01:02:14.271+0000] {processor.py:914} INFO - Processing file /home/airflow/.local/lib/python3.12/site-packages/airflow/example_dags/example_skip_dag.py for tasks to queue
[2024-10-15T01:02:14.278+0000] {logging_mixin.py:190} INFO - [2024-10-15T01:02:14.278+0000] {dagbag.py:588} INFO - Filling up the DagBag from /home/airflow/.local/lib/python3.12/site-packages/airflow/example_dags/example_skip_dag.py
[2024-10-15T01:02:14.312+0000] {processor.py:925} INFO - DAG(s) 'example_skip_dag' retrieved from /home/airflow/.local/lib/python3.12/site-packages/airflow/example_dags/example_skip_dag.py
[2024-10-15T01:02:14.380+0000] {logging_mixin.py:190} INFO - [2024-10-15T01:02:14.380+0000] {dag.py:3239} INFO - Sync 1 DAGs
[2024-10-15T01:02:14.436+0000] {logging_mixin.py:190} INFO - [2024-10-15T01:02:14.432+0000] {dag.py:4180} INFO - Setting next_dagrun for example_skip_dag to 2024-10-14 00:00:00+00:00, run_after=2024-10-15 00:00:00+00:00
[2024-10-15T01:02:14.463+0000] {processor.py:208} INFO - Processing /home/airflow/.local/lib/python3.12/site-packages/airflow/example_dags/example_skip_dag.py took 0.231 seconds
[2024-10-15T01:02:44.534+0000] {processor.py:186} INFO - Started process (PID=435) to work on /home/airflow/.local/lib/python3.12/site-packages/airflow/example_dags/example_skip_dag.py
[2024-10-15T01:02:44.535+0000] {processor.py:914} INFO - Processing file /home/airflow/.local/lib/python3.12/site-packages/airflow/example_dags/example_skip_dag.py for tasks to queue
[2024-10-15T01:02:44.537+0000] {logging_mixin.py:190} INFO - [2024-10-15T01:02:44.536+0000] {dagbag.py:588} INFO - Filling up the DagBag from /home/airflow/.local/lib/python3.12/site-packages/airflow/example_dags/example_skip_dag.py
[2024-10-15T01:02:44.546+0000] {processor.py:925} INFO - DAG(s) 'example_skip_dag' retrieved from /home/airflow/.local/lib/python3.12/site-packages/airflow/example_dags/example_skip_dag.py
[2024-10-15T01:02:44.576+0000] {logging_mixin.py:190} INFO - [2024-10-15T01:02:44.576+0000] {dag.py:3239} INFO - Sync 1 DAGs
[2024-10-15T01:02:44.600+0000] {logging_mixin.py:190} INFO - [2024-10-15T01:02:44.600+0000] {dag.py:4180} INFO - Setting next_dagrun for example_skip_dag to 2024-10-14 00:00:00+00:00, run_after=2024-10-15 00:00:00+00:00
[2024-10-15T01:02:44.624+0000] {processor.py:208} INFO - Processing /home/airflow/.local/lib/python3.12/site-packages/airflow/example_dags/example_skip_dag.py took 0.115 seconds
[2024-10-15T01:03:15.375+0000] {processor.py:186} INFO - Started process (PID=497) to work on /home/airflow/.local/lib/python3.12/site-packages/airflow/example_dags/example_skip_dag.py
[2024-10-15T01:03:15.376+0000] {processor.py:914} INFO - Processing file /home/airflow/.local/lib/python3.12/site-packages/airflow/example_dags/example_skip_dag.py for tasks to queue
[2024-10-15T01:03:15.378+0000] {logging_mixin.py:190} INFO - [2024-10-15T01:03:15.378+0000] {dagbag.py:588} INFO - Filling up the DagBag from /home/airflow/.local/lib/python3.12/site-packages/airflow/example_dags/example_skip_dag.py
[2024-10-15T01:03:15.386+0000] {processor.py:925} INFO - DAG(s) 'example_skip_dag' retrieved from /home/airflow/.local/lib/python3.12/site-packages/airflow/example_dags/example_skip_dag.py
[2024-10-15T01:03:15.407+0000] {logging_mixin.py:190} INFO - [2024-10-15T01:03:15.407+0000] {dag.py:3239} INFO - Sync 1 DAGs
[2024-10-15T01:03:15.431+0000] {logging_mixin.py:190} INFO - [2024-10-15T01:03:15.430+0000] {dag.py:4180} INFO - Setting next_dagrun for example_skip_dag to 2024-10-14 00:00:00+00:00, run_after=2024-10-15 00:00:00+00:00
[2024-10-15T01:03:15.448+0000] {processor.py:208} INFO - Processing /home/airflow/.local/lib/python3.12/site-packages/airflow/example_dags/example_skip_dag.py took 0.082 seconds
[2024-10-15T01:03:46.267+0000] {processor.py:186} INFO - Started process (PID=559) to work on /home/airflow/.local/lib/python3.12/site-packages/airflow/example_dags/example_skip_dag.py
[2024-10-15T01:03:46.268+0000] {processor.py:914} INFO - Processing file /home/airflow/.local/lib/python3.12/site-packages/airflow/example_dags/example_skip_dag.py for tasks to queue
[2024-10-15T01:03:46.270+0000] {logging_mixin.py:190} INFO - [2024-10-15T01:03:46.270+0000] {dagbag.py:588} INFO - Filling up the DagBag from /home/airflow/.local/lib/python3.12/site-packages/airflow/example_dags/example_skip_dag.py
[2024-10-15T01:03:46.279+0000] {processor.py:925} INFO - DAG(s) 'example_skip_dag' retrieved from /home/airflow/.local/lib/python3.12/site-packages/airflow/example_dags/example_skip_dag.py
[2024-10-15T01:03:46.303+0000] {logging_mixin.py:190} INFO - [2024-10-15T01:03:46.303+0000] {dag.py:3239} INFO - Sync 1 DAGs
[2024-10-15T01:03:46.328+0000] {logging_mixin.py:190} INFO - [2024-10-15T01:03:46.328+0000] {dag.py:4180} INFO - Setting next_dagrun for example_skip_dag to 2024-10-14 00:00:00+00:00, run_after=2024-10-15 00:00:00+00:00
[2024-10-15T01:03:46.348+0000] {processor.py:208} INFO - Processing /home/airflow/.local/lib/python3.12/site-packages/airflow/example_dags/example_skip_dag.py took 0.092 seconds
[2024-10-15T01:04:16.515+0000] {processor.py:186} INFO - Started process (PID=621) to work on /home/airflow/.local/lib/python3.12/site-packages/airflow/example_dags/example_skip_dag.py
[2024-10-15T01:04:16.516+0000] {processor.py:914} INFO - Processing file /home/airflow/.local/lib/python3.12/site-packages/airflow/example_dags/example_skip_dag.py for tasks to queue
[2024-10-15T01:04:16.519+0000] {logging_mixin.py:190} INFO - [2024-10-15T01:04:16.519+0000] {dagbag.py:588} INFO - Filling up the DagBag from /home/airflow/.local/lib/python3.12/site-packages/airflow/example_dags/example_skip_dag.py
[2024-10-15T01:04:16.527+0000] {processor.py:925} INFO - DAG(s) 'example_skip_dag' retrieved from /home/airflow/.local/lib/python3.12/site-packages/airflow/example_dags/example_skip_dag.py
[2024-10-15T01:04:16.547+0000] {logging_mixin.py:190} INFO - [2024-10-15T01:04:16.547+0000] {dag.py:3239} INFO - Sync 1 DAGs
[2024-10-15T01:04:16.571+0000] {logging_mixin.py:190} INFO - [2024-10-15T01:04:16.571+0000] {dag.py:4180} INFO - Setting next_dagrun for example_skip_dag to 2024-10-14 00:00:00+00:00, run_after=2024-10-15 00:00:00+00:00
[2024-10-15T01:04:16.591+0000] {processor.py:208} INFO - Processing /home/airflow/.local/lib/python3.12/site-packages/airflow/example_dags/example_skip_dag.py took 0.088 seconds
[2024-10-15T01:04:46.963+0000] {processor.py:186} INFO - Started process (PID=683) to work on /home/airflow/.local/lib/python3.12/site-packages/airflow/example_dags/example_skip_dag.py
[2024-10-15T01:04:46.965+0000] {processor.py:914} INFO - Processing file /home/airflow/.local/lib/python3.12/site-packages/airflow/example_dags/example_skip_dag.py for tasks to queue
[2024-10-15T01:04:46.967+0000] {logging_mixin.py:190} INFO - [2024-10-15T01:04:46.967+0000] {dagbag.py:588} INFO - Filling up the DagBag from /home/airflow/.local/lib/python3.12/site-packages/airflow/example_dags/example_skip_dag.py
[2024-10-15T01:04:46.979+0000] {processor.py:925} INFO - DAG(s) 'example_skip_dag' retrieved from /home/airflow/.local/lib/python3.12/site-packages/airflow/example_dags/example_skip_dag.py
[2024-10-15T01:04:47.010+0000] {logging_mixin.py:190} INFO - [2024-10-15T01:04:47.010+0000] {dag.py:3239} INFO - Sync 1 DAGs
[2024-10-15T01:04:47.035+0000] {logging_mixin.py:190} INFO - [2024-10-15T01:04:47.034+0000] {dag.py:4180} INFO - Setting next_dagrun for example_skip_dag to 2024-10-14 00:00:00+00:00, run_after=2024-10-15 00:00:00+00:00
[2024-10-15T01:04:47.057+0000] {processor.py:208} INFO - Processing /home/airflow/.local/lib/python3.12/site-packages/airflow/example_dags/example_skip_dag.py took 0.101 seconds
[2024-10-15T01:05:17.781+0000] {processor.py:186} INFO - Started process (PID=745) to work on /home/airflow/.local/lib/python3.12/site-packages/airflow/example_dags/example_skip_dag.py
[2024-10-15T01:05:17.783+0000] {processor.py:914} INFO - Processing file /home/airflow/.local/lib/python3.12/site-packages/airflow/example_dags/example_skip_dag.py for tasks to queue
[2024-10-15T01:05:17.785+0000] {logging_mixin.py:190} INFO - [2024-10-15T01:05:17.784+0000] {dagbag.py:588} INFO - Filling up the DagBag from /home/airflow/.local/lib/python3.12/site-packages/airflow/example_dags/example_skip_dag.py
[2024-10-15T01:05:17.793+0000] {processor.py:925} INFO - DAG(s) 'example_skip_dag' retrieved from /home/airflow/.local/lib/python3.12/site-packages/airflow/example_dags/example_skip_dag.py
[2024-10-15T01:05:17.813+0000] {logging_mixin.py:190} INFO - [2024-10-15T01:05:17.813+0000] {dag.py:3239} INFO - Sync 1 DAGs
[2024-10-15T01:05:17.835+0000] {logging_mixin.py:190} INFO - [2024-10-15T01:05:17.835+0000] {dag.py:4180} INFO - Setting next_dagrun for example_skip_dag to 2024-10-14 00:00:00+00:00, run_after=2024-10-15 00:00:00+00:00
[2024-10-15T01:05:17.861+0000] {processor.py:208} INFO - Processing /home/airflow/.local/lib/python3.12/site-packages/airflow/example_dags/example_skip_dag.py took 0.087 seconds
[2024-10-15T01:05:48.288+0000] {processor.py:186} INFO - Started process (PID=808) to work on /home/airflow/.local/lib/python3.12/site-packages/airflow/example_dags/example_skip_dag.py
[2024-10-15T01:05:48.293+0000] {processor.py:914} INFO - Processing file /home/airflow/.local/lib/python3.12/site-packages/airflow/example_dags/example_skip_dag.py for tasks to queue
[2024-10-15T01:05:48.295+0000] {logging_mixin.py:190} INFO - [2024-10-15T01:05:48.295+0000] {dagbag.py:588} INFO - Filling up the DagBag from /home/airflow/.local/lib/python3.12/site-packages/airflow/example_dags/example_skip_dag.py
[2024-10-15T01:05:48.313+0000] {processor.py:925} INFO - DAG(s) 'example_skip_dag' retrieved from /home/airflow/.local/lib/python3.12/site-packages/airflow/example_dags/example_skip_dag.py
[2024-10-15T01:05:48.367+0000] {logging_mixin.py:190} INFO - [2024-10-15T01:05:48.367+0000] {dag.py:3239} INFO - Sync 1 DAGs
[2024-10-15T01:05:48.420+0000] {logging_mixin.py:190} INFO - [2024-10-15T01:05:48.419+0000] {dag.py:4180} INFO - Setting next_dagrun for example_skip_dag to 2024-10-14 00:00:00+00:00, run_after=2024-10-15 00:00:00+00:00
[2024-10-15T01:05:48.439+0000] {processor.py:208} INFO - Processing /home/airflow/.local/lib/python3.12/site-packages/airflow/example_dags/example_skip_dag.py took 0.162 seconds
[2024-10-15T01:06:18.721+0000] {processor.py:186} INFO - Started process (PID=870) to work on /home/airflow/.local/lib/python3.12/site-packages/airflow/example_dags/example_skip_dag.py
[2024-10-15T01:06:18.722+0000] {processor.py:914} INFO - Processing file /home/airflow/.local/lib/python3.12/site-packages/airflow/example_dags/example_skip_dag.py for tasks to queue
[2024-10-15T01:06:18.742+0000] {logging_mixin.py:190} INFO - [2024-10-15T01:06:18.742+0000] {dagbag.py:588} INFO - Filling up the DagBag from /home/airflow/.local/lib/python3.12/site-packages/airflow/example_dags/example_skip_dag.py
[2024-10-15T01:06:18.764+0000] {processor.py:925} INFO - DAG(s) 'example_skip_dag' retrieved from /home/airflow/.local/lib/python3.12/site-packages/airflow/example_dags/example_skip_dag.py
[2024-10-15T01:06:18.846+0000] {logging_mixin.py:190} INFO - [2024-10-15T01:06:18.832+0000] {dag.py:3239} INFO - Sync 1 DAGs
[2024-10-15T01:06:18.907+0000] {logging_mixin.py:190} INFO - [2024-10-15T01:06:18.907+0000] {dag.py:4180} INFO - Setting next_dagrun for example_skip_dag to 2024-10-14 00:00:00+00:00, run_after=2024-10-15 00:00:00+00:00
[2024-10-15T01:06:18.950+0000] {processor.py:208} INFO - Processing /home/airflow/.local/lib/python3.12/site-packages/airflow/example_dags/example_skip_dag.py took 0.246 seconds
[2024-10-15T01:06:49.644+0000] {processor.py:186} INFO - Started process (PID=932) to work on /home/airflow/.local/lib/python3.12/site-packages/airflow/example_dags/example_skip_dag.py
[2024-10-15T01:06:49.646+0000] {processor.py:914} INFO - Processing file /home/airflow/.local/lib/python3.12/site-packages/airflow/example_dags/example_skip_dag.py for tasks to queue
[2024-10-15T01:06:49.651+0000] {logging_mixin.py:190} INFO - [2024-10-15T01:06:49.651+0000] {dagbag.py:588} INFO - Filling up the DagBag from /home/airflow/.local/lib/python3.12/site-packages/airflow/example_dags/example_skip_dag.py
[2024-10-15T01:06:49.659+0000] {processor.py:925} INFO - DAG(s) 'example_skip_dag' retrieved from /home/airflow/.local/lib/python3.12/site-packages/airflow/example_dags/example_skip_dag.py
[2024-10-15T01:06:49.684+0000] {logging_mixin.py:190} INFO - [2024-10-15T01:06:49.684+0000] {dag.py:3239} INFO - Sync 1 DAGs
[2024-10-15T01:06:49.711+0000] {logging_mixin.py:190} INFO - [2024-10-15T01:06:49.711+0000] {dag.py:4180} INFO - Setting next_dagrun for example_skip_dag to 2024-10-14 00:00:00+00:00, run_after=2024-10-15 00:00:00+00:00
[2024-10-15T01:06:49.731+0000] {processor.py:208} INFO - Processing /home/airflow/.local/lib/python3.12/site-packages/airflow/example_dags/example_skip_dag.py took 0.095 seconds
[2024-10-15T01:07:19.850+0000] {processor.py:186} INFO - Started process (PID=995) to work on /home/airflow/.local/lib/python3.12/site-packages/airflow/example_dags/example_skip_dag.py
[2024-10-15T01:07:19.850+0000] {processor.py:914} INFO - Processing file /home/airflow/.local/lib/python3.12/site-packages/airflow/example_dags/example_skip_dag.py for tasks to queue
[2024-10-15T01:07:19.853+0000] {logging_mixin.py:190} INFO - [2024-10-15T01:07:19.852+0000] {dagbag.py:588} INFO - Filling up the DagBag from /home/airflow/.local/lib/python3.12/site-packages/airflow/example_dags/example_skip_dag.py
[2024-10-15T01:07:19.862+0000] {processor.py:925} INFO - DAG(s) 'example_skip_dag' retrieved from /home/airflow/.local/lib/python3.12/site-packages/airflow/example_dags/example_skip_dag.py
[2024-10-15T01:07:19.884+0000] {logging_mixin.py:190} INFO - [2024-10-15T01:07:19.883+0000] {dag.py:3239} INFO - Sync 1 DAGs
[2024-10-15T01:07:19.909+0000] {logging_mixin.py:190} INFO - [2024-10-15T01:07:19.909+0000] {dag.py:4180} INFO - Setting next_dagrun for example_skip_dag to 2024-10-14 00:00:00+00:00, run_after=2024-10-15 00:00:00+00:00
[2024-10-15T01:07:19.929+0000] {processor.py:208} INFO - Processing /home/airflow/.local/lib/python3.12/site-packages/airflow/example_dags/example_skip_dag.py took 0.085 seconds
[2024-10-15T01:07:50.179+0000] {processor.py:186} INFO - Started process (PID=1057) to work on /home/airflow/.local/lib/python3.12/site-packages/airflow/example_dags/example_skip_dag.py
[2024-10-15T01:07:50.181+0000] {processor.py:914} INFO - Processing file /home/airflow/.local/lib/python3.12/site-packages/airflow/example_dags/example_skip_dag.py for tasks to queue
[2024-10-15T01:07:50.183+0000] {logging_mixin.py:190} INFO - [2024-10-15T01:07:50.183+0000] {dagbag.py:588} INFO - Filling up the DagBag from /home/airflow/.local/lib/python3.12/site-packages/airflow/example_dags/example_skip_dag.py
[2024-10-15T01:07:50.192+0000] {processor.py:925} INFO - DAG(s) 'example_skip_dag' retrieved from /home/airflow/.local/lib/python3.12/site-packages/airflow/example_dags/example_skip_dag.py
[2024-10-15T01:07:50.214+0000] {logging_mixin.py:190} INFO - [2024-10-15T01:07:50.213+0000] {dag.py:3239} INFO - Sync 1 DAGs
[2024-10-15T01:07:50.236+0000] {logging_mixin.py:190} INFO - [2024-10-15T01:07:50.236+0000] {dag.py:4180} INFO - Setting next_dagrun for example_skip_dag to 2024-10-14 00:00:00+00:00, run_after=2024-10-15 00:00:00+00:00
[2024-10-15T01:07:50.263+0000] {processor.py:208} INFO - Processing /home/airflow/.local/lib/python3.12/site-packages/airflow/example_dags/example_skip_dag.py took 0.091 seconds
[2024-10-15T01:08:20.428+0000] {processor.py:186} INFO - Started process (PID=1119) to work on /home/airflow/.local/lib/python3.12/site-packages/airflow/example_dags/example_skip_dag.py
[2024-10-15T01:08:20.430+0000] {processor.py:914} INFO - Processing file /home/airflow/.local/lib/python3.12/site-packages/airflow/example_dags/example_skip_dag.py for tasks to queue
[2024-10-15T01:08:20.434+0000] {logging_mixin.py:190} INFO - [2024-10-15T01:08:20.434+0000] {dagbag.py:588} INFO - Filling up the DagBag from /home/airflow/.local/lib/python3.12/site-packages/airflow/example_dags/example_skip_dag.py
[2024-10-15T01:08:20.442+0000] {processor.py:925} INFO - DAG(s) 'example_skip_dag' retrieved from /home/airflow/.local/lib/python3.12/site-packages/airflow/example_dags/example_skip_dag.py
[2024-10-15T01:08:20.462+0000] {logging_mixin.py:190} INFO - [2024-10-15T01:08:20.462+0000] {dag.py:3239} INFO - Sync 1 DAGs
[2024-10-15T01:08:20.487+0000] {logging_mixin.py:190} INFO - [2024-10-15T01:08:20.486+0000] {dag.py:4180} INFO - Setting next_dagrun for example_skip_dag to 2024-10-14 00:00:00+00:00, run_after=2024-10-15 00:00:00+00:00
[2024-10-15T01:08:20.508+0000] {processor.py:208} INFO - Processing /home/airflow/.local/lib/python3.12/site-packages/airflow/example_dags/example_skip_dag.py took 0.087 seconds
[2024-10-15T01:08:50.579+0000] {processor.py:186} INFO - Started process (PID=1181) to work on /home/airflow/.local/lib/python3.12/site-packages/airflow/example_dags/example_skip_dag.py
[2024-10-15T01:08:50.581+0000] {processor.py:914} INFO - Processing file /home/airflow/.local/lib/python3.12/site-packages/airflow/example_dags/example_skip_dag.py for tasks to queue
[2024-10-15T01:08:50.583+0000] {logging_mixin.py:190} INFO - [2024-10-15T01:08:50.583+0000] {dagbag.py:588} INFO - Filling up the DagBag from /home/airflow/.local/lib/python3.12/site-packages/airflow/example_dags/example_skip_dag.py
[2024-10-15T01:08:50.593+0000] {processor.py:925} INFO - DAG(s) 'example_skip_dag' retrieved from /home/airflow/.local/lib/python3.12/site-packages/airflow/example_dags/example_skip_dag.py
[2024-10-15T01:08:50.618+0000] {logging_mixin.py:190} INFO - [2024-10-15T01:08:50.618+0000] {dag.py:3239} INFO - Sync 1 DAGs
[2024-10-15T01:08:50.656+0000] {logging_mixin.py:190} INFO - [2024-10-15T01:08:50.656+0000] {dag.py:4180} INFO - Setting next_dagrun for example_skip_dag to 2024-10-14 00:00:00+00:00, run_after=2024-10-15 00:00:00+00:00
[2024-10-15T01:08:50.680+0000] {processor.py:208} INFO - Processing /home/airflow/.local/lib/python3.12/site-packages/airflow/example_dags/example_skip_dag.py took 0.111 seconds
[2024-10-15T01:09:21.020+0000] {processor.py:186} INFO - Started process (PID=1243) to work on /home/airflow/.local/lib/python3.12/site-packages/airflow/example_dags/example_skip_dag.py
[2024-10-15T01:09:21.022+0000] {processor.py:914} INFO - Processing file /home/airflow/.local/lib/python3.12/site-packages/airflow/example_dags/example_skip_dag.py for tasks to queue
[2024-10-15T01:09:21.024+0000] {logging_mixin.py:190} INFO - [2024-10-15T01:09:21.024+0000] {dagbag.py:588} INFO - Filling up the DagBag from /home/airflow/.local/lib/python3.12/site-packages/airflow/example_dags/example_skip_dag.py
[2024-10-15T01:09:21.033+0000] {processor.py:925} INFO - DAG(s) 'example_skip_dag' retrieved from /home/airflow/.local/lib/python3.12/site-packages/airflow/example_dags/example_skip_dag.py
[2024-10-15T01:09:21.054+0000] {logging_mixin.py:190} INFO - [2024-10-15T01:09:21.054+0000] {dag.py:3239} INFO - Sync 1 DAGs
[2024-10-15T01:09:21.078+0000] {logging_mixin.py:190} INFO - [2024-10-15T01:09:21.078+0000] {dag.py:4180} INFO - Setting next_dagrun for example_skip_dag to 2024-10-14 00:00:00+00:00, run_after=2024-10-15 00:00:00+00:00
[2024-10-15T01:09:21.098+0000] {processor.py:208} INFO - Processing /home/airflow/.local/lib/python3.12/site-packages/airflow/example_dags/example_skip_dag.py took 0.083 seconds
[2024-10-15T01:09:51.665+0000] {processor.py:186} INFO - Started process (PID=1307) to work on /home/airflow/.local/lib/python3.12/site-packages/airflow/example_dags/example_skip_dag.py
[2024-10-15T01:09:51.665+0000] {processor.py:914} INFO - Processing file /home/airflow/.local/lib/python3.12/site-packages/airflow/example_dags/example_skip_dag.py for tasks to queue
[2024-10-15T01:09:51.675+0000] {logging_mixin.py:190} INFO - [2024-10-15T01:09:51.675+0000] {dagbag.py:588} INFO - Filling up the DagBag from /home/airflow/.local/lib/python3.12/site-packages/airflow/example_dags/example_skip_dag.py
[2024-10-15T01:09:51.692+0000] {processor.py:925} INFO - DAG(s) 'example_skip_dag' retrieved from /home/airflow/.local/lib/python3.12/site-packages/airflow/example_dags/example_skip_dag.py
[2024-10-15T01:09:51.714+0000] {logging_mixin.py:190} INFO - [2024-10-15T01:09:51.714+0000] {dag.py:3239} INFO - Sync 1 DAGs
[2024-10-15T01:09:51.744+0000] {logging_mixin.py:190} INFO - [2024-10-15T01:09:51.744+0000] {dag.py:4180} INFO - Setting next_dagrun for example_skip_dag to 2024-10-14 00:00:00+00:00, run_after=2024-10-15 00:00:00+00:00
[2024-10-15T01:09:51.766+0000] {processor.py:208} INFO - Processing /home/airflow/.local/lib/python3.12/site-packages/airflow/example_dags/example_skip_dag.py took 0.124 seconds
[2024-10-15T01:10:22.714+0000] {processor.py:186} INFO - Started process (PID=1369) to work on /home/airflow/.local/lib/python3.12/site-packages/airflow/example_dags/example_skip_dag.py
[2024-10-15T01:10:22.715+0000] {processor.py:914} INFO - Processing file /home/airflow/.local/lib/python3.12/site-packages/airflow/example_dags/example_skip_dag.py for tasks to queue
[2024-10-15T01:10:22.718+0000] {logging_mixin.py:190} INFO - [2024-10-15T01:10:22.717+0000] {dagbag.py:588} INFO - Filling up the DagBag from /home/airflow/.local/lib/python3.12/site-packages/airflow/example_dags/example_skip_dag.py
[2024-10-15T01:10:22.729+0000] {processor.py:925} INFO - DAG(s) 'example_skip_dag' retrieved from /home/airflow/.local/lib/python3.12/site-packages/airflow/example_dags/example_skip_dag.py
[2024-10-15T01:10:22.751+0000] {logging_mixin.py:190} INFO - [2024-10-15T01:10:22.750+0000] {dag.py:3239} INFO - Sync 1 DAGs
[2024-10-15T01:10:22.774+0000] {logging_mixin.py:190} INFO - [2024-10-15T01:10:22.774+0000] {dag.py:4180} INFO - Setting next_dagrun for example_skip_dag to 2024-10-14 00:00:00+00:00, run_after=2024-10-15 00:00:00+00:00
[2024-10-15T01:10:22.793+0000] {processor.py:208} INFO - Processing /home/airflow/.local/lib/python3.12/site-packages/airflow/example_dags/example_skip_dag.py took 0.087 seconds
[2024-10-15T01:10:52.958+0000] {processor.py:186} INFO - Started process (PID=1432) to work on /home/airflow/.local/lib/python3.12/site-packages/airflow/example_dags/example_skip_dag.py
[2024-10-15T01:10:52.960+0000] {processor.py:914} INFO - Processing file /home/airflow/.local/lib/python3.12/site-packages/airflow/example_dags/example_skip_dag.py for tasks to queue
[2024-10-15T01:10:52.960+0000] {logging_mixin.py:190} INFO - [2024-10-15T01:10:52.960+0000] {dagbag.py:588} INFO - Filling up the DagBag from /home/airflow/.local/lib/python3.12/site-packages/airflow/example_dags/example_skip_dag.py
[2024-10-15T01:10:52.975+0000] {processor.py:925} INFO - DAG(s) 'example_skip_dag' retrieved from /home/airflow/.local/lib/python3.12/site-packages/airflow/example_dags/example_skip_dag.py
[2024-10-15T01:10:53.016+0000] {logging_mixin.py:190} INFO - [2024-10-15T01:10:53.016+0000] {dag.py:3239} INFO - Sync 1 DAGs
[2024-10-15T01:10:53.060+0000] {logging_mixin.py:190} INFO - [2024-10-15T01:10:53.060+0000] {dag.py:4180} INFO - Setting next_dagrun for example_skip_dag to 2024-10-14 00:00:00+00:00, run_after=2024-10-15 00:00:00+00:00
[2024-10-15T01:10:53.080+0000] {processor.py:208} INFO - Processing /home/airflow/.local/lib/python3.12/site-packages/airflow/example_dags/example_skip_dag.py took 0.132 seconds
[2024-10-15T01:11:23.215+0000] {processor.py:186} INFO - Started process (PID=1495) to work on /home/airflow/.local/lib/python3.12/site-packages/airflow/example_dags/example_skip_dag.py
[2024-10-15T01:11:23.218+0000] {processor.py:914} INFO - Processing file /home/airflow/.local/lib/python3.12/site-packages/airflow/example_dags/example_skip_dag.py for tasks to queue
[2024-10-15T01:11:23.219+0000] {logging_mixin.py:190} INFO - [2024-10-15T01:11:23.219+0000] {dagbag.py:588} INFO - Filling up the DagBag from /home/airflow/.local/lib/python3.12/site-packages/airflow/example_dags/example_skip_dag.py
[2024-10-15T01:11:23.251+0000] {processor.py:925} INFO - DAG(s) 'example_skip_dag' retrieved from /home/airflow/.local/lib/python3.12/site-packages/airflow/example_dags/example_skip_dag.py
[2024-10-15T01:11:23.285+0000] {logging_mixin.py:190} INFO - [2024-10-15T01:11:23.284+0000] {dag.py:3239} INFO - Sync 1 DAGs
[2024-10-15T01:11:23.339+0000] {logging_mixin.py:190} INFO - [2024-10-15T01:11:23.339+0000] {dag.py:4180} INFO - Setting next_dagrun for example_skip_dag to 2024-10-14 00:00:00+00:00, run_after=2024-10-15 00:00:00+00:00
[2024-10-15T01:11:23.371+0000] {processor.py:208} INFO - Processing /home/airflow/.local/lib/python3.12/site-packages/airflow/example_dags/example_skip_dag.py took 0.165 seconds
[2024-10-15T01:11:54.154+0000] {processor.py:186} INFO - Started process (PID=1558) to work on /home/airflow/.local/lib/python3.12/site-packages/airflow/example_dags/example_skip_dag.py
[2024-10-15T01:11:54.155+0000] {processor.py:914} INFO - Processing file /home/airflow/.local/lib/python3.12/site-packages/airflow/example_dags/example_skip_dag.py for tasks to queue
[2024-10-15T01:11:54.156+0000] {logging_mixin.py:190} INFO - [2024-10-15T01:11:54.156+0000] {dagbag.py:588} INFO - Filling up the DagBag from /home/airflow/.local/lib/python3.12/site-packages/airflow/example_dags/example_skip_dag.py
[2024-10-15T01:11:54.168+0000] {processor.py:925} INFO - DAG(s) 'example_skip_dag' retrieved from /home/airflow/.local/lib/python3.12/site-packages/airflow/example_dags/example_skip_dag.py
[2024-10-15T01:11:54.201+0000] {logging_mixin.py:190} INFO - [2024-10-15T01:11:54.199+0000] {dag.py:3239} INFO - Sync 1 DAGs
[2024-10-15T01:11:54.232+0000] {logging_mixin.py:190} INFO - [2024-10-15T01:11:54.232+0000] {dag.py:4180} INFO - Setting next_dagrun for example_skip_dag to 2024-10-14 00:00:00+00:00, run_after=2024-10-15 00:00:00+00:00
[2024-10-15T01:11:54.256+0000] {processor.py:208} INFO - Processing /home/airflow/.local/lib/python3.12/site-packages/airflow/example_dags/example_skip_dag.py took 0.113 seconds
[2024-10-15T01:12:24.653+0000] {processor.py:186} INFO - Started process (PID=1622) to work on /home/airflow/.local/lib/python3.12/site-packages/airflow/example_dags/example_skip_dag.py
[2024-10-15T01:12:24.655+0000] {processor.py:914} INFO - Processing file /home/airflow/.local/lib/python3.12/site-packages/airflow/example_dags/example_skip_dag.py for tasks to queue
[2024-10-15T01:12:24.656+0000] {logging_mixin.py:190} INFO - [2024-10-15T01:12:24.656+0000] {dagbag.py:588} INFO - Filling up the DagBag from /home/airflow/.local/lib/python3.12/site-packages/airflow/example_dags/example_skip_dag.py
[2024-10-15T01:12:24.668+0000] {processor.py:925} INFO - DAG(s) 'example_skip_dag' retrieved from /home/airflow/.local/lib/python3.12/site-packages/airflow/example_dags/example_skip_dag.py
[2024-10-15T01:12:24.691+0000] {logging_mixin.py:190} INFO - [2024-10-15T01:12:24.691+0000] {dag.py:3239} INFO - Sync 1 DAGs
[2024-10-15T01:12:24.724+0000] {logging_mixin.py:190} INFO - [2024-10-15T01:12:24.724+0000] {dag.py:4180} INFO - Setting next_dagrun for example_skip_dag to 2024-10-14 00:00:00+00:00, run_after=2024-10-15 00:00:00+00:00
[2024-10-15T01:12:24.740+0000] {processor.py:208} INFO - Processing /home/airflow/.local/lib/python3.12/site-packages/airflow/example_dags/example_skip_dag.py took 0.093 seconds
[2024-10-15T01:12:55.064+0000] {processor.py:186} INFO - Started process (PID=1687) to work on /home/airflow/.local/lib/python3.12/site-packages/airflow/example_dags/example_skip_dag.py
[2024-10-15T01:12:55.065+0000] {processor.py:914} INFO - Processing file /home/airflow/.local/lib/python3.12/site-packages/airflow/example_dags/example_skip_dag.py for tasks to queue
[2024-10-15T01:12:55.066+0000] {logging_mixin.py:190} INFO - [2024-10-15T01:12:55.066+0000] {dagbag.py:588} INFO - Filling up the DagBag from /home/airflow/.local/lib/python3.12/site-packages/airflow/example_dags/example_skip_dag.py
[2024-10-15T01:12:55.077+0000] {processor.py:925} INFO - DAG(s) 'example_skip_dag' retrieved from /home/airflow/.local/lib/python3.12/site-packages/airflow/example_dags/example_skip_dag.py
[2024-10-15T01:12:55.139+0000] {logging_mixin.py:190} INFO - [2024-10-15T01:12:55.139+0000] {dag.py:3239} INFO - Sync 1 DAGs
[2024-10-15T01:12:55.170+0000] {logging_mixin.py:190} INFO - [2024-10-15T01:12:55.170+0000] {dag.py:4180} INFO - Setting next_dagrun for example_skip_dag to 2024-10-14 00:00:00+00:00, run_after=2024-10-15 00:00:00+00:00
[2024-10-15T01:12:55.190+0000] {processor.py:208} INFO - Processing /home/airflow/.local/lib/python3.12/site-packages/airflow/example_dags/example_skip_dag.py took 0.141 seconds
[2024-10-15T01:13:25.539+0000] {processor.py:186} INFO - Started process (PID=1750) to work on /home/airflow/.local/lib/python3.12/site-packages/airflow/example_dags/example_skip_dag.py
[2024-10-15T01:13:25.541+0000] {processor.py:914} INFO - Processing file /home/airflow/.local/lib/python3.12/site-packages/airflow/example_dags/example_skip_dag.py for tasks to queue
[2024-10-15T01:13:25.541+0000] {logging_mixin.py:190} INFO - [2024-10-15T01:13:25.541+0000] {dagbag.py:588} INFO - Filling up the DagBag from /home/airflow/.local/lib/python3.12/site-packages/airflow/example_dags/example_skip_dag.py
[2024-10-15T01:13:25.551+0000] {processor.py:925} INFO - DAG(s) 'example_skip_dag' retrieved from /home/airflow/.local/lib/python3.12/site-packages/airflow/example_dags/example_skip_dag.py
[2024-10-15T01:13:25.571+0000] {logging_mixin.py:190} INFO - [2024-10-15T01:13:25.570+0000] {dag.py:3239} INFO - Sync 1 DAGs
[2024-10-15T01:13:25.588+0000] {logging_mixin.py:190} INFO - [2024-10-15T01:13:25.588+0000] {dag.py:4180} INFO - Setting next_dagrun for example_skip_dag to 2024-10-14 00:00:00+00:00, run_after=2024-10-15 00:00:00+00:00
[2024-10-15T01:13:25.607+0000] {processor.py:208} INFO - Processing /home/airflow/.local/lib/python3.12/site-packages/airflow/example_dags/example_skip_dag.py took 0.075 seconds
[2024-10-15T01:13:55.863+0000] {processor.py:186} INFO - Started process (PID=1813) to work on /home/airflow/.local/lib/python3.12/site-packages/airflow/example_dags/example_skip_dag.py
[2024-10-15T01:13:55.863+0000] {processor.py:914} INFO - Processing file /home/airflow/.local/lib/python3.12/site-packages/airflow/example_dags/example_skip_dag.py for tasks to queue
[2024-10-15T01:13:55.864+0000] {logging_mixin.py:190} INFO - [2024-10-15T01:13:55.864+0000] {dagbag.py:588} INFO - Filling up the DagBag from /home/airflow/.local/lib/python3.12/site-packages/airflow/example_dags/example_skip_dag.py
[2024-10-15T01:13:55.871+0000] {processor.py:925} INFO - DAG(s) 'example_skip_dag' retrieved from /home/airflow/.local/lib/python3.12/site-packages/airflow/example_dags/example_skip_dag.py
[2024-10-15T01:13:55.895+0000] {logging_mixin.py:190} INFO - [2024-10-15T01:13:55.895+0000] {dag.py:3239} INFO - Sync 1 DAGs
[2024-10-15T01:13:55.919+0000] {logging_mixin.py:190} INFO - [2024-10-15T01:13:55.918+0000] {dag.py:4180} INFO - Setting next_dagrun for example_skip_dag to 2024-10-14 00:00:00+00:00, run_after=2024-10-15 00:00:00+00:00
[2024-10-15T01:13:55.939+0000] {processor.py:208} INFO - Processing /home/airflow/.local/lib/python3.12/site-packages/airflow/example_dags/example_skip_dag.py took 0.081 seconds
[2024-10-15T01:14:26.681+0000] {processor.py:186} INFO - Started process (PID=1876) to work on /home/airflow/.local/lib/python3.12/site-packages/airflow/example_dags/example_skip_dag.py
[2024-10-15T01:14:26.683+0000] {processor.py:914} INFO - Processing file /home/airflow/.local/lib/python3.12/site-packages/airflow/example_dags/example_skip_dag.py for tasks to queue
[2024-10-15T01:14:26.684+0000] {logging_mixin.py:190} INFO - [2024-10-15T01:14:26.684+0000] {dagbag.py:588} INFO - Filling up the DagBag from /home/airflow/.local/lib/python3.12/site-packages/airflow/example_dags/example_skip_dag.py
[2024-10-15T01:14:26.697+0000] {processor.py:925} INFO - DAG(s) 'example_skip_dag' retrieved from /home/airflow/.local/lib/python3.12/site-packages/airflow/example_dags/example_skip_dag.py
[2024-10-15T01:14:26.718+0000] {logging_mixin.py:190} INFO - [2024-10-15T01:14:26.718+0000] {dag.py:3239} INFO - Sync 1 DAGs
[2024-10-15T01:14:26.743+0000] {logging_mixin.py:190} INFO - [2024-10-15T01:14:26.743+0000] {dag.py:4180} INFO - Setting next_dagrun for example_skip_dag to 2024-10-14 00:00:00+00:00, run_after=2024-10-15 00:00:00+00:00
[2024-10-15T01:14:26.761+0000] {processor.py:208} INFO - Processing /home/airflow/.local/lib/python3.12/site-packages/airflow/example_dags/example_skip_dag.py took 0.086 seconds
[2024-10-15T01:14:56.817+0000] {processor.py:186} INFO - Started process (PID=1938) to work on /home/airflow/.local/lib/python3.12/site-packages/airflow/example_dags/example_skip_dag.py
[2024-10-15T01:14:56.818+0000] {processor.py:914} INFO - Processing file /home/airflow/.local/lib/python3.12/site-packages/airflow/example_dags/example_skip_dag.py for tasks to queue
[2024-10-15T01:14:56.821+0000] {logging_mixin.py:190} INFO - [2024-10-15T01:14:56.820+0000] {dagbag.py:588} INFO - Filling up the DagBag from /home/airflow/.local/lib/python3.12/site-packages/airflow/example_dags/example_skip_dag.py
[2024-10-15T01:14:56.831+0000] {processor.py:925} INFO - DAG(s) 'example_skip_dag' retrieved from /home/airflow/.local/lib/python3.12/site-packages/airflow/example_dags/example_skip_dag.py
[2024-10-15T01:14:56.857+0000] {logging_mixin.py:190} INFO - [2024-10-15T01:14:56.857+0000] {dag.py:3239} INFO - Sync 1 DAGs
[2024-10-15T01:14:56.880+0000] {logging_mixin.py:190} INFO - [2024-10-15T01:14:56.879+0000] {dag.py:4180} INFO - Setting next_dagrun for example_skip_dag to 2024-10-14 00:00:00+00:00, run_after=2024-10-15 00:00:00+00:00
[2024-10-15T01:14:56.908+0000] {processor.py:208} INFO - Processing /home/airflow/.local/lib/python3.12/site-packages/airflow/example_dags/example_skip_dag.py took 0.096 seconds
[2024-10-15T01:15:27.385+0000] {processor.py:186} INFO - Started process (PID=2001) to work on /home/airflow/.local/lib/python3.12/site-packages/airflow/example_dags/example_skip_dag.py
[2024-10-15T01:15:27.389+0000] {processor.py:914} INFO - Processing file /home/airflow/.local/lib/python3.12/site-packages/airflow/example_dags/example_skip_dag.py for tasks to queue
[2024-10-15T01:15:27.398+0000] {logging_mixin.py:190} INFO - [2024-10-15T01:15:27.398+0000] {dagbag.py:588} INFO - Filling up the DagBag from /home/airflow/.local/lib/python3.12/site-packages/airflow/example_dags/example_skip_dag.py
[2024-10-15T01:15:27.410+0000] {processor.py:925} INFO - DAG(s) 'example_skip_dag' retrieved from /home/airflow/.local/lib/python3.12/site-packages/airflow/example_dags/example_skip_dag.py
[2024-10-15T01:15:27.434+0000] {logging_mixin.py:190} INFO - [2024-10-15T01:15:27.434+0000] {dag.py:3239} INFO - Sync 1 DAGs
[2024-10-15T01:15:27.460+0000] {logging_mixin.py:190} INFO - [2024-10-15T01:15:27.460+0000] {dag.py:4180} INFO - Setting next_dagrun for example_skip_dag to 2024-10-14 00:00:00+00:00, run_after=2024-10-15 00:00:00+00:00
[2024-10-15T01:15:27.475+0000] {processor.py:208} INFO - Processing /home/airflow/.local/lib/python3.12/site-packages/airflow/example_dags/example_skip_dag.py took 0.096 seconds
[2024-10-15T01:15:57.590+0000] {processor.py:186} INFO - Started process (PID=2063) to work on /home/airflow/.local/lib/python3.12/site-packages/airflow/example_dags/example_skip_dag.py
[2024-10-15T01:15:57.591+0000] {processor.py:914} INFO - Processing file /home/airflow/.local/lib/python3.12/site-packages/airflow/example_dags/example_skip_dag.py for tasks to queue
[2024-10-15T01:15:57.592+0000] {logging_mixin.py:190} INFO - [2024-10-15T01:15:57.592+0000] {dagbag.py:588} INFO - Filling up the DagBag from /home/airflow/.local/lib/python3.12/site-packages/airflow/example_dags/example_skip_dag.py
[2024-10-15T01:15:57.626+0000] {processor.py:925} INFO - DAG(s) 'example_skip_dag' retrieved from /home/airflow/.local/lib/python3.12/site-packages/airflow/example_dags/example_skip_dag.py
[2024-10-15T01:15:57.675+0000] {logging_mixin.py:190} INFO - [2024-10-15T01:15:57.675+0000] {dag.py:3239} INFO - Sync 1 DAGs
[2024-10-15T01:15:57.728+0000] {logging_mixin.py:190} INFO - [2024-10-15T01:15:57.728+0000] {dag.py:4180} INFO - Setting next_dagrun for example_skip_dag to 2024-10-14 00:00:00+00:00, run_after=2024-10-15 00:00:00+00:00
[2024-10-15T01:15:57.755+0000] {processor.py:208} INFO - Processing /home/airflow/.local/lib/python3.12/site-packages/airflow/example_dags/example_skip_dag.py took 0.188 seconds
[2024-10-15T01:16:28.675+0000] {processor.py:186} INFO - Started process (PID=2126) to work on /home/airflow/.local/lib/python3.12/site-packages/airflow/example_dags/example_skip_dag.py
[2024-10-15T01:16:28.677+0000] {processor.py:914} INFO - Processing file /home/airflow/.local/lib/python3.12/site-packages/airflow/example_dags/example_skip_dag.py for tasks to queue
[2024-10-15T01:16:28.678+0000] {logging_mixin.py:190} INFO - [2024-10-15T01:16:28.678+0000] {dagbag.py:588} INFO - Filling up the DagBag from /home/airflow/.local/lib/python3.12/site-packages/airflow/example_dags/example_skip_dag.py
[2024-10-15T01:16:28.687+0000] {processor.py:925} INFO - DAG(s) 'example_skip_dag' retrieved from /home/airflow/.local/lib/python3.12/site-packages/airflow/example_dags/example_skip_dag.py
[2024-10-15T01:16:28.708+0000] {logging_mixin.py:190} INFO - [2024-10-15T01:16:28.708+0000] {dag.py:3239} INFO - Sync 1 DAGs
[2024-10-15T01:16:28.735+0000] {logging_mixin.py:190} INFO - [2024-10-15T01:16:28.734+0000] {dag.py:4180} INFO - Setting next_dagrun for example_skip_dag to 2024-10-14 00:00:00+00:00, run_after=2024-10-15 00:00:00+00:00
[2024-10-15T01:16:28.756+0000] {processor.py:208} INFO - Processing /home/airflow/.local/lib/python3.12/site-packages/airflow/example_dags/example_skip_dag.py took 0.087 seconds
[2024-10-15T01:16:59.110+0000] {processor.py:186} INFO - Started process (PID=2189) to work on /home/airflow/.local/lib/python3.12/site-packages/airflow/example_dags/example_skip_dag.py
[2024-10-15T01:16:59.111+0000] {processor.py:914} INFO - Processing file /home/airflow/.local/lib/python3.12/site-packages/airflow/example_dags/example_skip_dag.py for tasks to queue
[2024-10-15T01:16:59.112+0000] {logging_mixin.py:190} INFO - [2024-10-15T01:16:59.112+0000] {dagbag.py:588} INFO - Filling up the DagBag from /home/airflow/.local/lib/python3.12/site-packages/airflow/example_dags/example_skip_dag.py
[2024-10-15T01:16:59.148+0000] {processor.py:925} INFO - DAG(s) 'example_skip_dag' retrieved from /home/airflow/.local/lib/python3.12/site-packages/airflow/example_dags/example_skip_dag.py
[2024-10-15T01:16:59.198+0000] {logging_mixin.py:190} INFO - [2024-10-15T01:16:59.198+0000] {dag.py:3239} INFO - Sync 1 DAGs
[2024-10-15T01:16:59.229+0000] {logging_mixin.py:190} INFO - [2024-10-15T01:16:59.229+0000] {dag.py:4180} INFO - Setting next_dagrun for example_skip_dag to 2024-10-14 00:00:00+00:00, run_after=2024-10-15 00:00:00+00:00
[2024-10-15T01:16:59.247+0000] {processor.py:208} INFO - Processing /home/airflow/.local/lib/python3.12/site-packages/airflow/example_dags/example_skip_dag.py took 0.160 seconds
[2024-10-15T01:17:29.774+0000] {processor.py:186} INFO - Started process (PID=2252) to work on /home/airflow/.local/lib/python3.12/site-packages/airflow/example_dags/example_skip_dag.py
[2024-10-15T01:17:29.776+0000] {processor.py:914} INFO - Processing file /home/airflow/.local/lib/python3.12/site-packages/airflow/example_dags/example_skip_dag.py for tasks to queue
[2024-10-15T01:17:29.778+0000] {logging_mixin.py:190} INFO - [2024-10-15T01:17:29.777+0000] {dagbag.py:588} INFO - Filling up the DagBag from /home/airflow/.local/lib/python3.12/site-packages/airflow/example_dags/example_skip_dag.py
[2024-10-15T01:17:29.788+0000] {processor.py:925} INFO - DAG(s) 'example_skip_dag' retrieved from /home/airflow/.local/lib/python3.12/site-packages/airflow/example_dags/example_skip_dag.py
[2024-10-15T01:17:29.809+0000] {logging_mixin.py:190} INFO - [2024-10-15T01:17:29.808+0000] {dag.py:3239} INFO - Sync 1 DAGs
[2024-10-15T01:17:29.832+0000] {logging_mixin.py:190} INFO - [2024-10-15T01:17:29.832+0000] {dag.py:4180} INFO - Setting next_dagrun for example_skip_dag to 2024-10-14 00:00:00+00:00, run_after=2024-10-15 00:00:00+00:00
[2024-10-15T01:17:29.856+0000] {processor.py:208} INFO - Processing /home/airflow/.local/lib/python3.12/site-packages/airflow/example_dags/example_skip_dag.py took 0.089 seconds
[2024-10-15T01:18:00.011+0000] {processor.py:186} INFO - Started process (PID=2316) to work on /home/airflow/.local/lib/python3.12/site-packages/airflow/example_dags/example_skip_dag.py
[2024-10-15T01:18:00.012+0000] {processor.py:914} INFO - Processing file /home/airflow/.local/lib/python3.12/site-packages/airflow/example_dags/example_skip_dag.py for tasks to queue
[2024-10-15T01:18:00.014+0000] {logging_mixin.py:190} INFO - [2024-10-15T01:18:00.013+0000] {dagbag.py:588} INFO - Filling up the DagBag from /home/airflow/.local/lib/python3.12/site-packages/airflow/example_dags/example_skip_dag.py
[2024-10-15T01:18:00.023+0000] {processor.py:925} INFO - DAG(s) 'example_skip_dag' retrieved from /home/airflow/.local/lib/python3.12/site-packages/airflow/example_dags/example_skip_dag.py
[2024-10-15T01:18:00.046+0000] {logging_mixin.py:190} INFO - [2024-10-15T01:18:00.046+0000] {dag.py:3239} INFO - Sync 1 DAGs
[2024-10-15T01:18:00.074+0000] {logging_mixin.py:190} INFO - [2024-10-15T01:18:00.074+0000] {dag.py:4180} INFO - Setting next_dagrun for example_skip_dag to 2024-10-14 00:00:00+00:00, run_after=2024-10-15 00:00:00+00:00
[2024-10-15T01:18:00.096+0000] {processor.py:208} INFO - Processing /home/airflow/.local/lib/python3.12/site-packages/airflow/example_dags/example_skip_dag.py took 0.091 seconds
[2024-10-15T01:18:30.460+0000] {processor.py:186} INFO - Started process (PID=2379) to work on /home/airflow/.local/lib/python3.12/site-packages/airflow/example_dags/example_skip_dag.py
[2024-10-15T01:18:30.462+0000] {processor.py:914} INFO - Processing file /home/airflow/.local/lib/python3.12/site-packages/airflow/example_dags/example_skip_dag.py for tasks to queue
[2024-10-15T01:18:30.463+0000] {logging_mixin.py:190} INFO - [2024-10-15T01:18:30.463+0000] {dagbag.py:588} INFO - Filling up the DagBag from /home/airflow/.local/lib/python3.12/site-packages/airflow/example_dags/example_skip_dag.py
[2024-10-15T01:18:30.476+0000] {processor.py:925} INFO - DAG(s) 'example_skip_dag' retrieved from /home/airflow/.local/lib/python3.12/site-packages/airflow/example_dags/example_skip_dag.py
[2024-10-15T01:18:30.501+0000] {logging_mixin.py:190} INFO - [2024-10-15T01:18:30.500+0000] {dag.py:3239} INFO - Sync 1 DAGs
[2024-10-15T01:18:30.524+0000] {logging_mixin.py:190} INFO - [2024-10-15T01:18:30.523+0000] {dag.py:4180} INFO - Setting next_dagrun for example_skip_dag to 2024-10-14 00:00:00+00:00, run_after=2024-10-15 00:00:00+00:00
[2024-10-15T01:18:30.546+0000] {processor.py:208} INFO - Processing /home/airflow/.local/lib/python3.12/site-packages/airflow/example_dags/example_skip_dag.py took 0.092 seconds
[2024-10-15T01:19:00.759+0000] {processor.py:186} INFO - Started process (PID=2442) to work on /home/airflow/.local/lib/python3.12/site-packages/airflow/example_dags/example_skip_dag.py
[2024-10-15T01:19:00.762+0000] {processor.py:914} INFO - Processing file /home/airflow/.local/lib/python3.12/site-packages/airflow/example_dags/example_skip_dag.py for tasks to queue
[2024-10-15T01:19:00.763+0000] {logging_mixin.py:190} INFO - [2024-10-15T01:19:00.763+0000] {dagbag.py:588} INFO - Filling up the DagBag from /home/airflow/.local/lib/python3.12/site-packages/airflow/example_dags/example_skip_dag.py
[2024-10-15T01:19:00.775+0000] {processor.py:925} INFO - DAG(s) 'example_skip_dag' retrieved from /home/airflow/.local/lib/python3.12/site-packages/airflow/example_dags/example_skip_dag.py
[2024-10-15T01:19:00.797+0000] {logging_mixin.py:190} INFO - [2024-10-15T01:19:00.797+0000] {dag.py:3239} INFO - Sync 1 DAGs
[2024-10-15T01:19:00.829+0000] {logging_mixin.py:190} INFO - [2024-10-15T01:19:00.828+0000] {dag.py:4180} INFO - Setting next_dagrun for example_skip_dag to 2024-10-14 00:00:00+00:00, run_after=2024-10-15 00:00:00+00:00
[2024-10-15T01:19:00.853+0000] {processor.py:208} INFO - Processing /home/airflow/.local/lib/python3.12/site-packages/airflow/example_dags/example_skip_dag.py took 0.101 seconds
[2024-10-15T01:19:31.128+0000] {processor.py:186} INFO - Started process (PID=2505) to work on /home/airflow/.local/lib/python3.12/site-packages/airflow/example_dags/example_skip_dag.py
[2024-10-15T01:19:31.129+0000] {processor.py:914} INFO - Processing file /home/airflow/.local/lib/python3.12/site-packages/airflow/example_dags/example_skip_dag.py for tasks to queue
[2024-10-15T01:19:31.130+0000] {logging_mixin.py:190} INFO - [2024-10-15T01:19:31.129+0000] {dagbag.py:588} INFO - Filling up the DagBag from /home/airflow/.local/lib/python3.12/site-packages/airflow/example_dags/example_skip_dag.py
[2024-10-15T01:19:31.140+0000] {processor.py:925} INFO - DAG(s) 'example_skip_dag' retrieved from /home/airflow/.local/lib/python3.12/site-packages/airflow/example_dags/example_skip_dag.py
[2024-10-15T01:19:31.159+0000] {logging_mixin.py:190} INFO - [2024-10-15T01:19:31.159+0000] {dag.py:3239} INFO - Sync 1 DAGs
[2024-10-15T01:19:31.182+0000] {logging_mixin.py:190} INFO - [2024-10-15T01:19:31.182+0000] {dag.py:4180} INFO - Setting next_dagrun for example_skip_dag to 2024-10-14 00:00:00+00:00, run_after=2024-10-15 00:00:00+00:00
[2024-10-15T01:19:31.203+0000] {processor.py:208} INFO - Processing /home/airflow/.local/lib/python3.12/site-packages/airflow/example_dags/example_skip_dag.py took 0.080 seconds
[2024-10-15T01:20:01.387+0000] {processor.py:186} INFO - Started process (PID=2568) to work on /home/airflow/.local/lib/python3.12/site-packages/airflow/example_dags/example_skip_dag.py
[2024-10-15T01:20:01.390+0000] {processor.py:914} INFO - Processing file /home/airflow/.local/lib/python3.12/site-packages/airflow/example_dags/example_skip_dag.py for tasks to queue
[2024-10-15T01:20:01.392+0000] {logging_mixin.py:190} INFO - [2024-10-15T01:20:01.391+0000] {dagbag.py:588} INFO - Filling up the DagBag from /home/airflow/.local/lib/python3.12/site-packages/airflow/example_dags/example_skip_dag.py
[2024-10-15T01:20:01.431+0000] {processor.py:925} INFO - DAG(s) 'example_skip_dag' retrieved from /home/airflow/.local/lib/python3.12/site-packages/airflow/example_dags/example_skip_dag.py
[2024-10-15T01:20:01.481+0000] {logging_mixin.py:190} INFO - [2024-10-15T01:20:01.481+0000] {dag.py:3239} INFO - Sync 1 DAGs
[2024-10-15T01:20:01.538+0000] {logging_mixin.py:190} INFO - [2024-10-15T01:20:01.538+0000] {dag.py:4180} INFO - Setting next_dagrun for example_skip_dag to 2024-10-14 00:00:00+00:00, run_after=2024-10-15 00:00:00+00:00
[2024-10-15T01:20:01.560+0000] {processor.py:208} INFO - Processing /home/airflow/.local/lib/python3.12/site-packages/airflow/example_dags/example_skip_dag.py took 0.216 seconds
[2024-10-15T01:20:31.849+0000] {processor.py:186} INFO - Started process (PID=2632) to work on /home/airflow/.local/lib/python3.12/site-packages/airflow/example_dags/example_skip_dag.py
[2024-10-15T01:20:31.850+0000] {processor.py:914} INFO - Processing file /home/airflow/.local/lib/python3.12/site-packages/airflow/example_dags/example_skip_dag.py for tasks to queue
[2024-10-15T01:20:31.851+0000] {logging_mixin.py:190} INFO - [2024-10-15T01:20:31.851+0000] {dagbag.py:588} INFO - Filling up the DagBag from /home/airflow/.local/lib/python3.12/site-packages/airflow/example_dags/example_skip_dag.py
[2024-10-15T01:20:31.875+0000] {processor.py:925} INFO - DAG(s) 'example_skip_dag' retrieved from /home/airflow/.local/lib/python3.12/site-packages/airflow/example_dags/example_skip_dag.py
[2024-10-15T01:20:31.932+0000] {logging_mixin.py:190} INFO - [2024-10-15T01:20:31.931+0000] {dag.py:3239} INFO - Sync 1 DAGs
[2024-10-15T01:20:31.992+0000] {logging_mixin.py:190} INFO - [2024-10-15T01:20:31.992+0000] {dag.py:4180} INFO - Setting next_dagrun for example_skip_dag to 2024-10-14 00:00:00+00:00, run_after=2024-10-15 00:00:00+00:00
[2024-10-15T01:20:32.029+0000] {processor.py:208} INFO - Processing /home/airflow/.local/lib/python3.12/site-packages/airflow/example_dags/example_skip_dag.py took 0.209 seconds
[2024-10-15T01:21:02.648+0000] {processor.py:186} INFO - Started process (PID=2695) to work on /home/airflow/.local/lib/python3.12/site-packages/airflow/example_dags/example_skip_dag.py
[2024-10-15T01:21:02.650+0000] {processor.py:914} INFO - Processing file /home/airflow/.local/lib/python3.12/site-packages/airflow/example_dags/example_skip_dag.py for tasks to queue
[2024-10-15T01:21:02.651+0000] {logging_mixin.py:190} INFO - [2024-10-15T01:21:02.651+0000] {dagbag.py:588} INFO - Filling up the DagBag from /home/airflow/.local/lib/python3.12/site-packages/airflow/example_dags/example_skip_dag.py
[2024-10-15T01:21:02.660+0000] {processor.py:925} INFO - DAG(s) 'example_skip_dag' retrieved from /home/airflow/.local/lib/python3.12/site-packages/airflow/example_dags/example_skip_dag.py
[2024-10-15T01:21:02.694+0000] {logging_mixin.py:190} INFO - [2024-10-15T01:21:02.694+0000] {dag.py:3239} INFO - Sync 1 DAGs
[2024-10-15T01:21:02.754+0000] {logging_mixin.py:190} INFO - [2024-10-15T01:21:02.752+0000] {dag.py:4180} INFO - Setting next_dagrun for example_skip_dag to 2024-10-14 00:00:00+00:00, run_after=2024-10-15 00:00:00+00:00
[2024-10-15T01:21:02.795+0000] {processor.py:208} INFO - Processing /home/airflow/.local/lib/python3.12/site-packages/airflow/example_dags/example_skip_dag.py took 0.160 seconds
[2024-10-15T01:21:32.840+0000] {processor.py:186} INFO - Started process (PID=2757) to work on /home/airflow/.local/lib/python3.12/site-packages/airflow/example_dags/example_skip_dag.py
[2024-10-15T01:21:32.842+0000] {processor.py:914} INFO - Processing file /home/airflow/.local/lib/python3.12/site-packages/airflow/example_dags/example_skip_dag.py for tasks to queue
[2024-10-15T01:21:32.843+0000] {logging_mixin.py:190} INFO - [2024-10-15T01:21:32.842+0000] {dagbag.py:588} INFO - Filling up the DagBag from /home/airflow/.local/lib/python3.12/site-packages/airflow/example_dags/example_skip_dag.py
[2024-10-15T01:21:32.851+0000] {processor.py:925} INFO - DAG(s) 'example_skip_dag' retrieved from /home/airflow/.local/lib/python3.12/site-packages/airflow/example_dags/example_skip_dag.py
[2024-10-15T01:21:32.875+0000] {logging_mixin.py:190} INFO - [2024-10-15T01:21:32.875+0000] {dag.py:3239} INFO - Sync 1 DAGs
[2024-10-15T01:21:32.897+0000] {logging_mixin.py:190} INFO - [2024-10-15T01:21:32.897+0000] {dag.py:4180} INFO - Setting next_dagrun for example_skip_dag to 2024-10-14 00:00:00+00:00, run_after=2024-10-15 00:00:00+00:00
[2024-10-15T01:21:32.918+0000] {processor.py:208} INFO - Processing /home/airflow/.local/lib/python3.12/site-packages/airflow/example_dags/example_skip_dag.py took 0.085 seconds
[2024-10-15T01:22:03.423+0000] {processor.py:186} INFO - Started process (PID=2820) to work on /home/airflow/.local/lib/python3.12/site-packages/airflow/example_dags/example_skip_dag.py
[2024-10-15T01:22:03.424+0000] {processor.py:914} INFO - Processing file /home/airflow/.local/lib/python3.12/site-packages/airflow/example_dags/example_skip_dag.py for tasks to queue
[2024-10-15T01:22:03.425+0000] {logging_mixin.py:190} INFO - [2024-10-15T01:22:03.424+0000] {dagbag.py:588} INFO - Filling up the DagBag from /home/airflow/.local/lib/python3.12/site-packages/airflow/example_dags/example_skip_dag.py
[2024-10-15T01:22:03.460+0000] {processor.py:925} INFO - DAG(s) 'example_skip_dag' retrieved from /home/airflow/.local/lib/python3.12/site-packages/airflow/example_dags/example_skip_dag.py
[2024-10-15T01:22:03.503+0000] {logging_mixin.py:190} INFO - [2024-10-15T01:22:03.502+0000] {dag.py:3239} INFO - Sync 1 DAGs
[2024-10-15T01:22:03.531+0000] {logging_mixin.py:190} INFO - [2024-10-15T01:22:03.531+0000] {dag.py:4180} INFO - Setting next_dagrun for example_skip_dag to 2024-10-14 00:00:00+00:00, run_after=2024-10-15 00:00:00+00:00
[2024-10-15T01:22:03.559+0000] {processor.py:208} INFO - Processing /home/airflow/.local/lib/python3.12/site-packages/airflow/example_dags/example_skip_dag.py took 0.167 seconds
[2024-10-15T01:22:33.797+0000] {processor.py:186} INFO - Started process (PID=2883) to work on /home/airflow/.local/lib/python3.12/site-packages/airflow/example_dags/example_skip_dag.py
[2024-10-15T01:22:33.799+0000] {processor.py:914} INFO - Processing file /home/airflow/.local/lib/python3.12/site-packages/airflow/example_dags/example_skip_dag.py for tasks to queue
[2024-10-15T01:22:33.800+0000] {logging_mixin.py:190} INFO - [2024-10-15T01:22:33.800+0000] {dagbag.py:588} INFO - Filling up the DagBag from /home/airflow/.local/lib/python3.12/site-packages/airflow/example_dags/example_skip_dag.py
[2024-10-15T01:22:33.807+0000] {processor.py:925} INFO - DAG(s) 'example_skip_dag' retrieved from /home/airflow/.local/lib/python3.12/site-packages/airflow/example_dags/example_skip_dag.py
[2024-10-15T01:22:33.834+0000] {logging_mixin.py:190} INFO - [2024-10-15T01:22:33.834+0000] {dag.py:3239} INFO - Sync 1 DAGs
[2024-10-15T01:22:33.858+0000] {logging_mixin.py:190} INFO - [2024-10-15T01:22:33.858+0000] {dag.py:4180} INFO - Setting next_dagrun for example_skip_dag to 2024-10-14 00:00:00+00:00, run_after=2024-10-15 00:00:00+00:00
[2024-10-15T01:22:33.878+0000] {processor.py:208} INFO - Processing /home/airflow/.local/lib/python3.12/site-packages/airflow/example_dags/example_skip_dag.py took 0.086 seconds
[2024-10-15T01:23:04.103+0000] {processor.py:186} INFO - Started process (PID=2947) to work on /home/airflow/.local/lib/python3.12/site-packages/airflow/example_dags/example_skip_dag.py
[2024-10-15T01:23:04.104+0000] {processor.py:914} INFO - Processing file /home/airflow/.local/lib/python3.12/site-packages/airflow/example_dags/example_skip_dag.py for tasks to queue
[2024-10-15T01:23:04.105+0000] {logging_mixin.py:190} INFO - [2024-10-15T01:23:04.104+0000] {dagbag.py:588} INFO - Filling up the DagBag from /home/airflow/.local/lib/python3.12/site-packages/airflow/example_dags/example_skip_dag.py
[2024-10-15T01:23:04.112+0000] {processor.py:925} INFO - DAG(s) 'example_skip_dag' retrieved from /home/airflow/.local/lib/python3.12/site-packages/airflow/example_dags/example_skip_dag.py
[2024-10-15T01:23:04.132+0000] {logging_mixin.py:190} INFO - [2024-10-15T01:23:04.132+0000] {dag.py:3239} INFO - Sync 1 DAGs
[2024-10-15T01:23:04.151+0000] {logging_mixin.py:190} INFO - [2024-10-15T01:23:04.151+0000] {dag.py:4180} INFO - Setting next_dagrun for example_skip_dag to 2024-10-14 00:00:00+00:00, run_after=2024-10-15 00:00:00+00:00
[2024-10-15T01:23:04.176+0000] {processor.py:208} INFO - Processing /home/airflow/.local/lib/python3.12/site-packages/airflow/example_dags/example_skip_dag.py took 0.078 seconds
