[2024-10-15T00:50:01.891+0000] {processor.py:186} INFO - Started process (PID=65) to work on /home/airflow/.local/lib/python3.12/site-packages/airflow/example_dags/example_branch_python_dop_operator_3.py
[2024-10-15T00:50:01.895+0000] {processor.py:914} INFO - Processing file /home/airflow/.local/lib/python3.12/site-packages/airflow/example_dags/example_branch_python_dop_operator_3.py for tasks to queue
[2024-10-15T00:50:01.903+0000] {logging_mixin.py:190} INFO - [2024-10-15T00:50:01.903+0000] {dagbag.py:588} INFO - Filling up the DagBag from /home/airflow/.local/lib/python3.12/site-packages/airflow/example_dags/example_branch_python_dop_operator_3.py
[2024-10-15T00:50:01.957+0000] {processor.py:925} INFO - DAG(s) 'example_branch_dop_operator_v3' retrieved from /home/airflow/.local/lib/python3.12/site-packages/airflow/example_dags/example_branch_python_dop_operator_3.py
[2024-10-15T00:50:02.582+0000] {logging_mixin.py:190} INFO - [2024-10-15T00:50:02.581+0000] {override.py:1900} INFO - Created Permission View: can edit on DAG:example_branch_dop_operator_v3
[2024-10-15T00:50:02.638+0000] {logging_mixin.py:190} INFO - [2024-10-15T00:50:02.638+0000] {override.py:1900} INFO - Created Permission View: can read on DAG:example_branch_dop_operator_v3
[2024-10-15T00:50:02.655+0000] {logging_mixin.py:190} INFO - [2024-10-15T00:50:02.655+0000] {override.py:1900} INFO - Created Permission View: can delete on DAG:example_branch_dop_operator_v3
[2024-10-15T00:50:02.672+0000] {logging_mixin.py:190} INFO - [2024-10-15T00:50:02.672+0000] {override.py:1900} INFO - Created Permission View: menu access on DAG Run:example_branch_dop_operator_v3
[2024-10-15T00:50:02.686+0000] {logging_mixin.py:190} INFO - [2024-10-15T00:50:02.686+0000] {override.py:1900} INFO - Created Permission View: can delete on DAG Run:example_branch_dop_operator_v3
[2024-10-15T00:50:02.700+0000] {logging_mixin.py:190} INFO - [2024-10-15T00:50:02.700+0000] {override.py:1900} INFO - Created Permission View: can read on DAG Run:example_branch_dop_operator_v3
[2024-10-15T00:50:02.713+0000] {logging_mixin.py:190} INFO - [2024-10-15T00:50:02.713+0000] {override.py:1900} INFO - Created Permission View: can create on DAG Run:example_branch_dop_operator_v3
[2024-10-15T00:50:02.714+0000] {logging_mixin.py:190} INFO - [2024-10-15T00:50:02.714+0000] {dag.py:3239} INFO - Sync 1 DAGs
[2024-10-15T00:50:02.750+0000] {logging_mixin.py:190} INFO - [2024-10-15T00:50:02.750+0000] {dag.py:3262} INFO - Creating ORM DAG for example_branch_dop_operator_v3
[2024-10-15T00:50:02.794+0000] {logging_mixin.py:190} INFO - [2024-10-15T00:50:02.794+0000] {dag.py:4180} INFO - Setting next_dagrun for example_branch_dop_operator_v3 to 2024-10-15 00:49:00+00:00, run_after=2024-10-15 00:50:00+00:00
[2024-10-15T00:50:02.840+0000] {processor.py:208} INFO - Processing /home/airflow/.local/lib/python3.12/site-packages/airflow/example_dags/example_branch_python_dop_operator_3.py took 0.983 seconds
[2024-10-15T00:59:42.291+0000] {processor.py:186} INFO - Started process (PID=69) to work on /home/airflow/.local/lib/python3.12/site-packages/airflow/example_dags/example_branch_python_dop_operator_3.py
[2024-10-15T00:59:42.294+0000] {processor.py:914} INFO - Processing file /home/airflow/.local/lib/python3.12/site-packages/airflow/example_dags/example_branch_python_dop_operator_3.py for tasks to queue
[2024-10-15T00:59:42.306+0000] {logging_mixin.py:190} INFO - [2024-10-15T00:59:42.306+0000] {dagbag.py:588} INFO - Filling up the DagBag from /home/airflow/.local/lib/python3.12/site-packages/airflow/example_dags/example_branch_python_dop_operator_3.py
[2024-10-15T00:59:42.369+0000] {processor.py:925} INFO - DAG(s) 'example_branch_dop_operator_v3' retrieved from /home/airflow/.local/lib/python3.12/site-packages/airflow/example_dags/example_branch_python_dop_operator_3.py
[2024-10-15T00:59:42.587+0000] {logging_mixin.py:190} INFO - [2024-10-15T00:59:42.587+0000] {dag.py:3239} INFO - Sync 1 DAGs
[2024-10-15T00:59:42.708+0000] {logging_mixin.py:190} INFO - [2024-10-15T00:59:42.707+0000] {dag.py:4180} INFO - Setting next_dagrun for example_branch_dop_operator_v3 to 2024-10-15 00:58:00+00:00, run_after=2024-10-15 00:59:00+00:00
[2024-10-15T00:59:42.819+0000] {processor.py:208} INFO - Processing /home/airflow/.local/lib/python3.12/site-packages/airflow/example_dags/example_branch_python_dop_operator_3.py took 0.551 seconds
[2024-10-15T01:00:13.873+0000] {processor.py:186} INFO - Started process (PID=131) to work on /home/airflow/.local/lib/python3.12/site-packages/airflow/example_dags/example_branch_python_dop_operator_3.py
[2024-10-15T01:00:13.874+0000] {processor.py:914} INFO - Processing file /home/airflow/.local/lib/python3.12/site-packages/airflow/example_dags/example_branch_python_dop_operator_3.py for tasks to queue
[2024-10-15T01:00:13.877+0000] {logging_mixin.py:190} INFO - [2024-10-15T01:00:13.877+0000] {dagbag.py:588} INFO - Filling up the DagBag from /home/airflow/.local/lib/python3.12/site-packages/airflow/example_dags/example_branch_python_dop_operator_3.py
[2024-10-15T01:00:13.898+0000] {processor.py:925} INFO - DAG(s) 'example_branch_dop_operator_v3' retrieved from /home/airflow/.local/lib/python3.12/site-packages/airflow/example_dags/example_branch_python_dop_operator_3.py
[2024-10-15T01:00:13.994+0000] {logging_mixin.py:190} INFO - [2024-10-15T01:00:13.994+0000] {dag.py:3239} INFO - Sync 1 DAGs
[2024-10-15T01:00:14.062+0000] {logging_mixin.py:190} INFO - [2024-10-15T01:00:14.062+0000] {dag.py:4180} INFO - Setting next_dagrun for example_branch_dop_operator_v3 to 2024-10-15 00:59:00+00:00, run_after=2024-10-15 01:00:00+00:00
[2024-10-15T01:00:14.126+0000] {processor.py:208} INFO - Processing /home/airflow/.local/lib/python3.12/site-packages/airflow/example_dags/example_branch_python_dop_operator_3.py took 0.285 seconds
[2024-10-15T01:00:44.912+0000] {processor.py:186} INFO - Started process (PID=193) to work on /home/airflow/.local/lib/python3.12/site-packages/airflow/example_dags/example_branch_python_dop_operator_3.py
[2024-10-15T01:00:44.915+0000] {processor.py:914} INFO - Processing file /home/airflow/.local/lib/python3.12/site-packages/airflow/example_dags/example_branch_python_dop_operator_3.py for tasks to queue
[2024-10-15T01:00:44.917+0000] {logging_mixin.py:190} INFO - [2024-10-15T01:00:44.917+0000] {dagbag.py:588} INFO - Filling up the DagBag from /home/airflow/.local/lib/python3.12/site-packages/airflow/example_dags/example_branch_python_dop_operator_3.py
[2024-10-15T01:00:44.934+0000] {processor.py:925} INFO - DAG(s) 'example_branch_dop_operator_v3' retrieved from /home/airflow/.local/lib/python3.12/site-packages/airflow/example_dags/example_branch_python_dop_operator_3.py
[2024-10-15T01:00:44.979+0000] {logging_mixin.py:190} INFO - [2024-10-15T01:00:44.978+0000] {dag.py:3239} INFO - Sync 1 DAGs
[2024-10-15T01:00:45.012+0000] {logging_mixin.py:190} INFO - [2024-10-15T01:00:45.011+0000] {dag.py:4180} INFO - Setting next_dagrun for example_branch_dop_operator_v3 to 2024-10-15 00:59:00+00:00, run_after=2024-10-15 01:00:00+00:00
[2024-10-15T01:00:45.037+0000] {processor.py:208} INFO - Processing /home/airflow/.local/lib/python3.12/site-packages/airflow/example_dags/example_branch_python_dop_operator_3.py took 0.139 seconds
[2024-10-15T01:01:15.202+0000] {processor.py:186} INFO - Started process (PID=254) to work on /home/airflow/.local/lib/python3.12/site-packages/airflow/example_dags/example_branch_python_dop_operator_3.py
[2024-10-15T01:01:15.204+0000] {processor.py:914} INFO - Processing file /home/airflow/.local/lib/python3.12/site-packages/airflow/example_dags/example_branch_python_dop_operator_3.py for tasks to queue
[2024-10-15T01:01:15.207+0000] {logging_mixin.py:190} INFO - [2024-10-15T01:01:15.206+0000] {dagbag.py:588} INFO - Filling up the DagBag from /home/airflow/.local/lib/python3.12/site-packages/airflow/example_dags/example_branch_python_dop_operator_3.py
[2024-10-15T01:01:15.216+0000] {processor.py:925} INFO - DAG(s) 'example_branch_dop_operator_v3' retrieved from /home/airflow/.local/lib/python3.12/site-packages/airflow/example_dags/example_branch_python_dop_operator_3.py
[2024-10-15T01:01:15.236+0000] {logging_mixin.py:190} INFO - [2024-10-15T01:01:15.236+0000] {dag.py:3239} INFO - Sync 1 DAGs
[2024-10-15T01:01:15.288+0000] {logging_mixin.py:190} INFO - [2024-10-15T01:01:15.288+0000] {dag.py:4180} INFO - Setting next_dagrun for example_branch_dop_operator_v3 to 2024-10-15 01:00:00+00:00, run_after=2024-10-15 01:01:00+00:00
[2024-10-15T01:01:15.310+0000] {processor.py:208} INFO - Processing /home/airflow/.local/lib/python3.12/site-packages/airflow/example_dags/example_branch_python_dop_operator_3.py took 0.116 seconds
[2024-10-15T01:01:45.452+0000] {processor.py:186} INFO - Started process (PID=316) to work on /home/airflow/.local/lib/python3.12/site-packages/airflow/example_dags/example_branch_python_dop_operator_3.py
[2024-10-15T01:01:45.462+0000] {processor.py:914} INFO - Processing file /home/airflow/.local/lib/python3.12/site-packages/airflow/example_dags/example_branch_python_dop_operator_3.py for tasks to queue
[2024-10-15T01:01:45.464+0000] {logging_mixin.py:190} INFO - [2024-10-15T01:01:45.463+0000] {dagbag.py:588} INFO - Filling up the DagBag from /home/airflow/.local/lib/python3.12/site-packages/airflow/example_dags/example_branch_python_dop_operator_3.py
[2024-10-15T01:01:45.562+0000] {processor.py:925} INFO - DAG(s) 'example_branch_dop_operator_v3' retrieved from /home/airflow/.local/lib/python3.12/site-packages/airflow/example_dags/example_branch_python_dop_operator_3.py
[2024-10-15T01:01:45.608+0000] {logging_mixin.py:190} INFO - [2024-10-15T01:01:45.607+0000] {dag.py:3239} INFO - Sync 1 DAGs
[2024-10-15T01:01:45.688+0000] {logging_mixin.py:190} INFO - [2024-10-15T01:01:45.688+0000] {dag.py:4180} INFO - Setting next_dagrun for example_branch_dop_operator_v3 to 2024-10-15 01:00:00+00:00, run_after=2024-10-15 01:01:00+00:00
[2024-10-15T01:01:45.754+0000] {processor.py:208} INFO - Processing /home/airflow/.local/lib/python3.12/site-packages/airflow/example_dags/example_branch_python_dop_operator_3.py took 0.307 seconds
[2024-10-15T01:02:16.596+0000] {processor.py:186} INFO - Started process (PID=377) to work on /home/airflow/.local/lib/python3.12/site-packages/airflow/example_dags/example_branch_python_dop_operator_3.py
[2024-10-15T01:02:16.598+0000] {processor.py:914} INFO - Processing file /home/airflow/.local/lib/python3.12/site-packages/airflow/example_dags/example_branch_python_dop_operator_3.py for tasks to queue
[2024-10-15T01:02:16.599+0000] {logging_mixin.py:190} INFO - [2024-10-15T01:02:16.599+0000] {dagbag.py:588} INFO - Filling up the DagBag from /home/airflow/.local/lib/python3.12/site-packages/airflow/example_dags/example_branch_python_dop_operator_3.py
[2024-10-15T01:02:16.611+0000] {processor.py:925} INFO - DAG(s) 'example_branch_dop_operator_v3' retrieved from /home/airflow/.local/lib/python3.12/site-packages/airflow/example_dags/example_branch_python_dop_operator_3.py
[2024-10-15T01:02:16.629+0000] {logging_mixin.py:190} INFO - [2024-10-15T01:02:16.629+0000] {dag.py:3239} INFO - Sync 1 DAGs
[2024-10-15T01:02:16.657+0000] {logging_mixin.py:190} INFO - [2024-10-15T01:02:16.657+0000] {dag.py:4180} INFO - Setting next_dagrun for example_branch_dop_operator_v3 to 2024-10-15 01:01:00+00:00, run_after=2024-10-15 01:02:00+00:00
[2024-10-15T01:02:16.675+0000] {processor.py:208} INFO - Processing /home/airflow/.local/lib/python3.12/site-packages/airflow/example_dags/example_branch_python_dop_operator_3.py took 0.084 seconds
[2024-10-15T01:02:46.779+0000] {processor.py:186} INFO - Started process (PID=439) to work on /home/airflow/.local/lib/python3.12/site-packages/airflow/example_dags/example_branch_python_dop_operator_3.py
[2024-10-15T01:02:46.780+0000] {processor.py:914} INFO - Processing file /home/airflow/.local/lib/python3.12/site-packages/airflow/example_dags/example_branch_python_dop_operator_3.py for tasks to queue
[2024-10-15T01:02:46.783+0000] {logging_mixin.py:190} INFO - [2024-10-15T01:02:46.783+0000] {dagbag.py:588} INFO - Filling up the DagBag from /home/airflow/.local/lib/python3.12/site-packages/airflow/example_dags/example_branch_python_dop_operator_3.py
[2024-10-15T01:02:46.795+0000] {processor.py:925} INFO - DAG(s) 'example_branch_dop_operator_v3' retrieved from /home/airflow/.local/lib/python3.12/site-packages/airflow/example_dags/example_branch_python_dop_operator_3.py
[2024-10-15T01:02:46.818+0000] {logging_mixin.py:190} INFO - [2024-10-15T01:02:46.818+0000] {dag.py:3239} INFO - Sync 1 DAGs
[2024-10-15T01:02:46.845+0000] {logging_mixin.py:190} INFO - [2024-10-15T01:02:46.844+0000] {dag.py:4180} INFO - Setting next_dagrun for example_branch_dop_operator_v3 to 2024-10-15 01:01:00+00:00, run_after=2024-10-15 01:02:00+00:00
[2024-10-15T01:02:46.860+0000] {processor.py:208} INFO - Processing /home/airflow/.local/lib/python3.12/site-packages/airflow/example_dags/example_branch_python_dop_operator_3.py took 0.087 seconds
[2024-10-15T01:03:17.580+0000] {processor.py:186} INFO - Started process (PID=501) to work on /home/airflow/.local/lib/python3.12/site-packages/airflow/example_dags/example_branch_python_dop_operator_3.py
[2024-10-15T01:03:17.583+0000] {processor.py:914} INFO - Processing file /home/airflow/.local/lib/python3.12/site-packages/airflow/example_dags/example_branch_python_dop_operator_3.py for tasks to queue
[2024-10-15T01:03:17.584+0000] {logging_mixin.py:190} INFO - [2024-10-15T01:03:17.584+0000] {dagbag.py:588} INFO - Filling up the DagBag from /home/airflow/.local/lib/python3.12/site-packages/airflow/example_dags/example_branch_python_dop_operator_3.py
[2024-10-15T01:03:17.595+0000] {processor.py:925} INFO - DAG(s) 'example_branch_dop_operator_v3' retrieved from /home/airflow/.local/lib/python3.12/site-packages/airflow/example_dags/example_branch_python_dop_operator_3.py
[2024-10-15T01:03:17.616+0000] {logging_mixin.py:190} INFO - [2024-10-15T01:03:17.615+0000] {dag.py:3239} INFO - Sync 1 DAGs
[2024-10-15T01:03:17.642+0000] {logging_mixin.py:190} INFO - [2024-10-15T01:03:17.641+0000] {dag.py:4180} INFO - Setting next_dagrun for example_branch_dop_operator_v3 to 2024-10-15 01:02:00+00:00, run_after=2024-10-15 01:03:00+00:00
[2024-10-15T01:03:17.659+0000] {processor.py:208} INFO - Processing /home/airflow/.local/lib/python3.12/site-packages/airflow/example_dags/example_branch_python_dop_operator_3.py took 0.084 seconds
[2024-10-15T01:03:48.458+0000] {processor.py:186} INFO - Started process (PID=563) to work on /home/airflow/.local/lib/python3.12/site-packages/airflow/example_dags/example_branch_python_dop_operator_3.py
[2024-10-15T01:03:48.458+0000] {processor.py:914} INFO - Processing file /home/airflow/.local/lib/python3.12/site-packages/airflow/example_dags/example_branch_python_dop_operator_3.py for tasks to queue
[2024-10-15T01:03:48.460+0000] {logging_mixin.py:190} INFO - [2024-10-15T01:03:48.460+0000] {dagbag.py:588} INFO - Filling up the DagBag from /home/airflow/.local/lib/python3.12/site-packages/airflow/example_dags/example_branch_python_dop_operator_3.py
[2024-10-15T01:03:48.470+0000] {processor.py:925} INFO - DAG(s) 'example_branch_dop_operator_v3' retrieved from /home/airflow/.local/lib/python3.12/site-packages/airflow/example_dags/example_branch_python_dop_operator_3.py
[2024-10-15T01:03:48.499+0000] {logging_mixin.py:190} INFO - [2024-10-15T01:03:48.499+0000] {dag.py:3239} INFO - Sync 1 DAGs
[2024-10-15T01:03:48.528+0000] {logging_mixin.py:190} INFO - [2024-10-15T01:03:48.528+0000] {dag.py:4180} INFO - Setting next_dagrun for example_branch_dop_operator_v3 to 2024-10-15 01:02:00+00:00, run_after=2024-10-15 01:03:00+00:00
[2024-10-15T01:03:48.551+0000] {processor.py:208} INFO - Processing /home/airflow/.local/lib/python3.12/site-packages/airflow/example_dags/example_branch_python_dop_operator_3.py took 0.099 seconds
[2024-10-15T01:04:18.748+0000] {processor.py:186} INFO - Started process (PID=625) to work on /home/airflow/.local/lib/python3.12/site-packages/airflow/example_dags/example_branch_python_dop_operator_3.py
[2024-10-15T01:04:18.751+0000] {processor.py:914} INFO - Processing file /home/airflow/.local/lib/python3.12/site-packages/airflow/example_dags/example_branch_python_dop_operator_3.py for tasks to queue
[2024-10-15T01:04:18.752+0000] {logging_mixin.py:190} INFO - [2024-10-15T01:04:18.752+0000] {dagbag.py:588} INFO - Filling up the DagBag from /home/airflow/.local/lib/python3.12/site-packages/airflow/example_dags/example_branch_python_dop_operator_3.py
[2024-10-15T01:04:18.763+0000] {processor.py:925} INFO - DAG(s) 'example_branch_dop_operator_v3' retrieved from /home/airflow/.local/lib/python3.12/site-packages/airflow/example_dags/example_branch_python_dop_operator_3.py
[2024-10-15T01:04:18.786+0000] {logging_mixin.py:190} INFO - [2024-10-15T01:04:18.786+0000] {dag.py:3239} INFO - Sync 1 DAGs
[2024-10-15T01:04:18.821+0000] {logging_mixin.py:190} INFO - [2024-10-15T01:04:18.821+0000] {dag.py:4180} INFO - Setting next_dagrun for example_branch_dop_operator_v3 to 2024-10-15 01:03:00+00:00, run_after=2024-10-15 01:04:00+00:00
[2024-10-15T01:04:18.840+0000] {processor.py:208} INFO - Processing /home/airflow/.local/lib/python3.12/site-packages/airflow/example_dags/example_branch_python_dop_operator_3.py took 0.097 seconds
[2024-10-15T01:04:49.175+0000] {processor.py:186} INFO - Started process (PID=687) to work on /home/airflow/.local/lib/python3.12/site-packages/airflow/example_dags/example_branch_python_dop_operator_3.py
[2024-10-15T01:04:49.177+0000] {processor.py:914} INFO - Processing file /home/airflow/.local/lib/python3.12/site-packages/airflow/example_dags/example_branch_python_dop_operator_3.py for tasks to queue
[2024-10-15T01:04:49.179+0000] {logging_mixin.py:190} INFO - [2024-10-15T01:04:49.178+0000] {dagbag.py:588} INFO - Filling up the DagBag from /home/airflow/.local/lib/python3.12/site-packages/airflow/example_dags/example_branch_python_dop_operator_3.py
[2024-10-15T01:04:49.189+0000] {processor.py:925} INFO - DAG(s) 'example_branch_dop_operator_v3' retrieved from /home/airflow/.local/lib/python3.12/site-packages/airflow/example_dags/example_branch_python_dop_operator_3.py
[2024-10-15T01:04:49.210+0000] {logging_mixin.py:190} INFO - [2024-10-15T01:04:49.210+0000] {dag.py:3239} INFO - Sync 1 DAGs
[2024-10-15T01:04:49.238+0000] {logging_mixin.py:190} INFO - [2024-10-15T01:04:49.238+0000] {dag.py:4180} INFO - Setting next_dagrun for example_branch_dop_operator_v3 to 2024-10-15 01:03:00+00:00, run_after=2024-10-15 01:04:00+00:00
[2024-10-15T01:04:49.257+0000] {processor.py:208} INFO - Processing /home/airflow/.local/lib/python3.12/site-packages/airflow/example_dags/example_branch_python_dop_operator_3.py took 0.088 seconds
[2024-10-15T01:05:19.992+0000] {processor.py:186} INFO - Started process (PID=749) to work on /home/airflow/.local/lib/python3.12/site-packages/airflow/example_dags/example_branch_python_dop_operator_3.py
[2024-10-15T01:05:19.995+0000] {processor.py:914} INFO - Processing file /home/airflow/.local/lib/python3.12/site-packages/airflow/example_dags/example_branch_python_dop_operator_3.py for tasks to queue
[2024-10-15T01:05:19.996+0000] {logging_mixin.py:190} INFO - [2024-10-15T01:05:19.996+0000] {dagbag.py:588} INFO - Filling up the DagBag from /home/airflow/.local/lib/python3.12/site-packages/airflow/example_dags/example_branch_python_dop_operator_3.py
[2024-10-15T01:05:20.009+0000] {processor.py:925} INFO - DAG(s) 'example_branch_dop_operator_v3' retrieved from /home/airflow/.local/lib/python3.12/site-packages/airflow/example_dags/example_branch_python_dop_operator_3.py
[2024-10-15T01:05:20.029+0000] {logging_mixin.py:190} INFO - [2024-10-15T01:05:20.029+0000] {dag.py:3239} INFO - Sync 1 DAGs
[2024-10-15T01:05:20.064+0000] {logging_mixin.py:190} INFO - [2024-10-15T01:05:20.064+0000] {dag.py:4180} INFO - Setting next_dagrun for example_branch_dop_operator_v3 to 2024-10-15 01:04:00+00:00, run_after=2024-10-15 01:05:00+00:00
[2024-10-15T01:05:20.084+0000] {processor.py:208} INFO - Processing /home/airflow/.local/lib/python3.12/site-packages/airflow/example_dags/example_branch_python_dop_operator_3.py took 0.098 seconds
[2024-10-15T01:05:50.566+0000] {processor.py:186} INFO - Started process (PID=812) to work on /home/airflow/.local/lib/python3.12/site-packages/airflow/example_dags/example_branch_python_dop_operator_3.py
[2024-10-15T01:05:50.567+0000] {processor.py:914} INFO - Processing file /home/airflow/.local/lib/python3.12/site-packages/airflow/example_dags/example_branch_python_dop_operator_3.py for tasks to queue
[2024-10-15T01:05:50.569+0000] {logging_mixin.py:190} INFO - [2024-10-15T01:05:50.568+0000] {dagbag.py:588} INFO - Filling up the DagBag from /home/airflow/.local/lib/python3.12/site-packages/airflow/example_dags/example_branch_python_dop_operator_3.py
[2024-10-15T01:05:50.579+0000] {processor.py:925} INFO - DAG(s) 'example_branch_dop_operator_v3' retrieved from /home/airflow/.local/lib/python3.12/site-packages/airflow/example_dags/example_branch_python_dop_operator_3.py
[2024-10-15T01:05:50.597+0000] {logging_mixin.py:190} INFO - [2024-10-15T01:05:50.597+0000] {dag.py:3239} INFO - Sync 1 DAGs
[2024-10-15T01:05:50.625+0000] {logging_mixin.py:190} INFO - [2024-10-15T01:05:50.625+0000] {dag.py:4180} INFO - Setting next_dagrun for example_branch_dop_operator_v3 to 2024-10-15 01:04:00+00:00, run_after=2024-10-15 01:05:00+00:00
[2024-10-15T01:05:50.644+0000] {processor.py:208} INFO - Processing /home/airflow/.local/lib/python3.12/site-packages/airflow/example_dags/example_branch_python_dop_operator_3.py took 0.086 seconds
[2024-10-15T01:06:21.110+0000] {processor.py:186} INFO - Started process (PID=874) to work on /home/airflow/.local/lib/python3.12/site-packages/airflow/example_dags/example_branch_python_dop_operator_3.py
[2024-10-15T01:06:21.121+0000] {processor.py:914} INFO - Processing file /home/airflow/.local/lib/python3.12/site-packages/airflow/example_dags/example_branch_python_dop_operator_3.py for tasks to queue
[2024-10-15T01:06:21.123+0000] {logging_mixin.py:190} INFO - [2024-10-15T01:06:21.122+0000] {dagbag.py:588} INFO - Filling up the DagBag from /home/airflow/.local/lib/python3.12/site-packages/airflow/example_dags/example_branch_python_dop_operator_3.py
[2024-10-15T01:06:21.140+0000] {processor.py:925} INFO - DAG(s) 'example_branch_dop_operator_v3' retrieved from /home/airflow/.local/lib/python3.12/site-packages/airflow/example_dags/example_branch_python_dop_operator_3.py
[2024-10-15T01:06:21.179+0000] {logging_mixin.py:190} INFO - [2024-10-15T01:06:21.179+0000] {dag.py:3239} INFO - Sync 1 DAGs
[2024-10-15T01:06:21.238+0000] {logging_mixin.py:190} INFO - [2024-10-15T01:06:21.238+0000] {dag.py:4180} INFO - Setting next_dagrun for example_branch_dop_operator_v3 to 2024-10-15 01:05:00+00:00, run_after=2024-10-15 01:06:00+00:00
[2024-10-15T01:06:21.271+0000] {processor.py:208} INFO - Processing /home/airflow/.local/lib/python3.12/site-packages/airflow/example_dags/example_branch_python_dop_operator_3.py took 0.175 seconds
[2024-10-15T01:06:51.948+0000] {processor.py:186} INFO - Started process (PID=936) to work on /home/airflow/.local/lib/python3.12/site-packages/airflow/example_dags/example_branch_python_dop_operator_3.py
[2024-10-15T01:06:51.951+0000] {processor.py:914} INFO - Processing file /home/airflow/.local/lib/python3.12/site-packages/airflow/example_dags/example_branch_python_dop_operator_3.py for tasks to queue
[2024-10-15T01:06:51.953+0000] {logging_mixin.py:190} INFO - [2024-10-15T01:06:51.953+0000] {dagbag.py:588} INFO - Filling up the DagBag from /home/airflow/.local/lib/python3.12/site-packages/airflow/example_dags/example_branch_python_dop_operator_3.py
[2024-10-15T01:06:51.972+0000] {processor.py:925} INFO - DAG(s) 'example_branch_dop_operator_v3' retrieved from /home/airflow/.local/lib/python3.12/site-packages/airflow/example_dags/example_branch_python_dop_operator_3.py
[2024-10-15T01:06:52.022+0000] {logging_mixin.py:190} INFO - [2024-10-15T01:06:52.020+0000] {dag.py:3239} INFO - Sync 1 DAGs
[2024-10-15T01:06:52.075+0000] {logging_mixin.py:190} INFO - [2024-10-15T01:06:52.074+0000] {dag.py:4180} INFO - Setting next_dagrun for example_branch_dop_operator_v3 to 2024-10-15 01:05:00+00:00, run_after=2024-10-15 01:06:00+00:00
[2024-10-15T01:06:52.111+0000] {processor.py:208} INFO - Processing /home/airflow/.local/lib/python3.12/site-packages/airflow/example_dags/example_branch_python_dop_operator_3.py took 0.177 seconds
[2024-10-15T01:07:23.059+0000] {processor.py:186} INFO - Started process (PID=999) to work on /home/airflow/.local/lib/python3.12/site-packages/airflow/example_dags/example_branch_python_dop_operator_3.py
[2024-10-15T01:07:23.061+0000] {processor.py:914} INFO - Processing file /home/airflow/.local/lib/python3.12/site-packages/airflow/example_dags/example_branch_python_dop_operator_3.py for tasks to queue
[2024-10-15T01:07:23.063+0000] {logging_mixin.py:190} INFO - [2024-10-15T01:07:23.063+0000] {dagbag.py:588} INFO - Filling up the DagBag from /home/airflow/.local/lib/python3.12/site-packages/airflow/example_dags/example_branch_python_dop_operator_3.py
[2024-10-15T01:07:23.079+0000] {processor.py:925} INFO - DAG(s) 'example_branch_dop_operator_v3' retrieved from /home/airflow/.local/lib/python3.12/site-packages/airflow/example_dags/example_branch_python_dop_operator_3.py
[2024-10-15T01:07:23.101+0000] {logging_mixin.py:190} INFO - [2024-10-15T01:07:23.101+0000] {dag.py:3239} INFO - Sync 1 DAGs
[2024-10-15T01:07:23.135+0000] {logging_mixin.py:190} INFO - [2024-10-15T01:07:23.135+0000] {dag.py:4180} INFO - Setting next_dagrun for example_branch_dop_operator_v3 to 2024-10-15 01:06:00+00:00, run_after=2024-10-15 01:07:00+00:00
[2024-10-15T01:07:23.162+0000] {processor.py:208} INFO - Processing /home/airflow/.local/lib/python3.12/site-packages/airflow/example_dags/example_branch_python_dop_operator_3.py took 0.112 seconds
[2024-10-15T01:07:53.384+0000] {processor.py:186} INFO - Started process (PID=1061) to work on /home/airflow/.local/lib/python3.12/site-packages/airflow/example_dags/example_branch_python_dop_operator_3.py
[2024-10-15T01:07:53.386+0000] {processor.py:914} INFO - Processing file /home/airflow/.local/lib/python3.12/site-packages/airflow/example_dags/example_branch_python_dop_operator_3.py for tasks to queue
[2024-10-15T01:07:53.389+0000] {logging_mixin.py:190} INFO - [2024-10-15T01:07:53.388+0000] {dagbag.py:588} INFO - Filling up the DagBag from /home/airflow/.local/lib/python3.12/site-packages/airflow/example_dags/example_branch_python_dop_operator_3.py
[2024-10-15T01:07:53.399+0000] {processor.py:925} INFO - DAG(s) 'example_branch_dop_operator_v3' retrieved from /home/airflow/.local/lib/python3.12/site-packages/airflow/example_dags/example_branch_python_dop_operator_3.py
[2024-10-15T01:07:53.420+0000] {logging_mixin.py:190} INFO - [2024-10-15T01:07:53.420+0000] {dag.py:3239} INFO - Sync 1 DAGs
[2024-10-15T01:07:53.448+0000] {logging_mixin.py:190} INFO - [2024-10-15T01:07:53.448+0000] {dag.py:4180} INFO - Setting next_dagrun for example_branch_dop_operator_v3 to 2024-10-15 01:06:00+00:00, run_after=2024-10-15 01:07:00+00:00
[2024-10-15T01:07:53.466+0000] {processor.py:208} INFO - Processing /home/airflow/.local/lib/python3.12/site-packages/airflow/example_dags/example_branch_python_dop_operator_3.py took 0.091 seconds
[2024-10-15T01:08:23.636+0000] {processor.py:186} INFO - Started process (PID=1123) to work on /home/airflow/.local/lib/python3.12/site-packages/airflow/example_dags/example_branch_python_dop_operator_3.py
[2024-10-15T01:08:23.638+0000] {processor.py:914} INFO - Processing file /home/airflow/.local/lib/python3.12/site-packages/airflow/example_dags/example_branch_python_dop_operator_3.py for tasks to queue
[2024-10-15T01:08:23.644+0000] {logging_mixin.py:190} INFO - [2024-10-15T01:08:23.644+0000] {dagbag.py:588} INFO - Filling up the DagBag from /home/airflow/.local/lib/python3.12/site-packages/airflow/example_dags/example_branch_python_dop_operator_3.py
[2024-10-15T01:08:23.655+0000] {processor.py:925} INFO - DAG(s) 'example_branch_dop_operator_v3' retrieved from /home/airflow/.local/lib/python3.12/site-packages/airflow/example_dags/example_branch_python_dop_operator_3.py
[2024-10-15T01:08:23.674+0000] {logging_mixin.py:190} INFO - [2024-10-15T01:08:23.674+0000] {dag.py:3239} INFO - Sync 1 DAGs
[2024-10-15T01:08:23.702+0000] {logging_mixin.py:190} INFO - [2024-10-15T01:08:23.702+0000] {dag.py:4180} INFO - Setting next_dagrun for example_branch_dop_operator_v3 to 2024-10-15 01:07:00+00:00, run_after=2024-10-15 01:08:00+00:00
[2024-10-15T01:08:23.722+0000] {processor.py:208} INFO - Processing /home/airflow/.local/lib/python3.12/site-packages/airflow/example_dags/example_branch_python_dop_operator_3.py took 0.092 seconds
[2024-10-15T01:08:53.862+0000] {processor.py:186} INFO - Started process (PID=1185) to work on /home/airflow/.local/lib/python3.12/site-packages/airflow/example_dags/example_branch_python_dop_operator_3.py
[2024-10-15T01:08:53.863+0000] {processor.py:914} INFO - Processing file /home/airflow/.local/lib/python3.12/site-packages/airflow/example_dags/example_branch_python_dop_operator_3.py for tasks to queue
[2024-10-15T01:08:53.873+0000] {logging_mixin.py:190} INFO - [2024-10-15T01:08:53.873+0000] {dagbag.py:588} INFO - Filling up the DagBag from /home/airflow/.local/lib/python3.12/site-packages/airflow/example_dags/example_branch_python_dop_operator_3.py
[2024-10-15T01:08:53.887+0000] {processor.py:925} INFO - DAG(s) 'example_branch_dop_operator_v3' retrieved from /home/airflow/.local/lib/python3.12/site-packages/airflow/example_dags/example_branch_python_dop_operator_3.py
[2024-10-15T01:08:53.917+0000] {logging_mixin.py:190} INFO - [2024-10-15T01:08:53.917+0000] {dag.py:3239} INFO - Sync 1 DAGs
[2024-10-15T01:08:53.957+0000] {logging_mixin.py:190} INFO - [2024-10-15T01:08:53.956+0000] {dag.py:4180} INFO - Setting next_dagrun for example_branch_dop_operator_v3 to 2024-10-15 01:07:00+00:00, run_after=2024-10-15 01:08:00+00:00
[2024-10-15T01:08:53.986+0000] {processor.py:208} INFO - Processing /home/airflow/.local/lib/python3.12/site-packages/airflow/example_dags/example_branch_python_dop_operator_3.py took 0.128 seconds
[2024-10-15T01:09:24.235+0000] {processor.py:186} INFO - Started process (PID=1247) to work on /home/airflow/.local/lib/python3.12/site-packages/airflow/example_dags/example_branch_python_dop_operator_3.py
[2024-10-15T01:09:24.237+0000] {processor.py:914} INFO - Processing file /home/airflow/.local/lib/python3.12/site-packages/airflow/example_dags/example_branch_python_dop_operator_3.py for tasks to queue
[2024-10-15T01:09:24.242+0000] {logging_mixin.py:190} INFO - [2024-10-15T01:09:24.239+0000] {dagbag.py:588} INFO - Filling up the DagBag from /home/airflow/.local/lib/python3.12/site-packages/airflow/example_dags/example_branch_python_dop_operator_3.py
[2024-10-15T01:09:24.252+0000] {processor.py:925} INFO - DAG(s) 'example_branch_dop_operator_v3' retrieved from /home/airflow/.local/lib/python3.12/site-packages/airflow/example_dags/example_branch_python_dop_operator_3.py
[2024-10-15T01:09:24.276+0000] {logging_mixin.py:190} INFO - [2024-10-15T01:09:24.276+0000] {dag.py:3239} INFO - Sync 1 DAGs
[2024-10-15T01:09:24.303+0000] {logging_mixin.py:190} INFO - [2024-10-15T01:09:24.303+0000] {dag.py:4180} INFO - Setting next_dagrun for example_branch_dop_operator_v3 to 2024-10-15 01:08:00+00:00, run_after=2024-10-15 01:09:00+00:00
[2024-10-15T01:09:24.326+0000] {processor.py:208} INFO - Processing /home/airflow/.local/lib/python3.12/site-packages/airflow/example_dags/example_branch_python_dop_operator_3.py took 0.098 seconds
[2024-10-15T01:09:54.901+0000] {processor.py:186} INFO - Started process (PID=1311) to work on /home/airflow/.local/lib/python3.12/site-packages/airflow/example_dags/example_branch_python_dop_operator_3.py
[2024-10-15T01:09:54.902+0000] {processor.py:914} INFO - Processing file /home/airflow/.local/lib/python3.12/site-packages/airflow/example_dags/example_branch_python_dop_operator_3.py for tasks to queue
[2024-10-15T01:09:54.903+0000] {logging_mixin.py:190} INFO - [2024-10-15T01:09:54.903+0000] {dagbag.py:588} INFO - Filling up the DagBag from /home/airflow/.local/lib/python3.12/site-packages/airflow/example_dags/example_branch_python_dop_operator_3.py
[2024-10-15T01:09:54.916+0000] {processor.py:925} INFO - DAG(s) 'example_branch_dop_operator_v3' retrieved from /home/airflow/.local/lib/python3.12/site-packages/airflow/example_dags/example_branch_python_dop_operator_3.py
[2024-10-15T01:09:54.937+0000] {logging_mixin.py:190} INFO - [2024-10-15T01:09:54.936+0000] {dag.py:3239} INFO - Sync 1 DAGs
[2024-10-15T01:09:54.967+0000] {logging_mixin.py:190} INFO - [2024-10-15T01:09:54.966+0000] {dag.py:4180} INFO - Setting next_dagrun for example_branch_dop_operator_v3 to 2024-10-15 01:08:00+00:00, run_after=2024-10-15 01:09:00+00:00
[2024-10-15T01:09:54.983+0000] {processor.py:208} INFO - Processing /home/airflow/.local/lib/python3.12/site-packages/airflow/example_dags/example_branch_python_dop_operator_3.py took 0.089 seconds
[2024-10-15T01:10:25.964+0000] {processor.py:186} INFO - Started process (PID=1373) to work on /home/airflow/.local/lib/python3.12/site-packages/airflow/example_dags/example_branch_python_dop_operator_3.py
[2024-10-15T01:10:25.971+0000] {processor.py:914} INFO - Processing file /home/airflow/.local/lib/python3.12/site-packages/airflow/example_dags/example_branch_python_dop_operator_3.py for tasks to queue
[2024-10-15T01:10:25.972+0000] {logging_mixin.py:190} INFO - [2024-10-15T01:10:25.971+0000] {dagbag.py:588} INFO - Filling up the DagBag from /home/airflow/.local/lib/python3.12/site-packages/airflow/example_dags/example_branch_python_dop_operator_3.py
[2024-10-15T01:10:25.982+0000] {processor.py:925} INFO - DAG(s) 'example_branch_dop_operator_v3' retrieved from /home/airflow/.local/lib/python3.12/site-packages/airflow/example_dags/example_branch_python_dop_operator_3.py
[2024-10-15T01:10:26.008+0000] {logging_mixin.py:190} INFO - [2024-10-15T01:10:26.008+0000] {dag.py:3239} INFO - Sync 1 DAGs
[2024-10-15T01:10:26.036+0000] {logging_mixin.py:190} INFO - [2024-10-15T01:10:26.036+0000] {dag.py:4180} INFO - Setting next_dagrun for example_branch_dop_operator_v3 to 2024-10-15 01:09:00+00:00, run_after=2024-10-15 01:10:00+00:00
[2024-10-15T01:10:26.054+0000] {processor.py:208} INFO - Processing /home/airflow/.local/lib/python3.12/site-packages/airflow/example_dags/example_branch_python_dop_operator_3.py took 0.095 seconds
[2024-10-15T01:10:56.299+0000] {processor.py:186} INFO - Started process (PID=1436) to work on /home/airflow/.local/lib/python3.12/site-packages/airflow/example_dags/example_branch_python_dop_operator_3.py
[2024-10-15T01:10:56.301+0000] {processor.py:914} INFO - Processing file /home/airflow/.local/lib/python3.12/site-packages/airflow/example_dags/example_branch_python_dop_operator_3.py for tasks to queue
[2024-10-15T01:10:56.301+0000] {logging_mixin.py:190} INFO - [2024-10-15T01:10:56.301+0000] {dagbag.py:588} INFO - Filling up the DagBag from /home/airflow/.local/lib/python3.12/site-packages/airflow/example_dags/example_branch_python_dop_operator_3.py
[2024-10-15T01:10:56.309+0000] {processor.py:925} INFO - DAG(s) 'example_branch_dop_operator_v3' retrieved from /home/airflow/.local/lib/python3.12/site-packages/airflow/example_dags/example_branch_python_dop_operator_3.py
[2024-10-15T01:10:56.343+0000] {logging_mixin.py:190} INFO - [2024-10-15T01:10:56.343+0000] {dag.py:3239} INFO - Sync 1 DAGs
[2024-10-15T01:10:56.379+0000] {logging_mixin.py:190} INFO - [2024-10-15T01:10:56.378+0000] {dag.py:4180} INFO - Setting next_dagrun for example_branch_dop_operator_v3 to 2024-10-15 01:09:00+00:00, run_after=2024-10-15 01:10:00+00:00
[2024-10-15T01:10:56.403+0000] {processor.py:208} INFO - Processing /home/airflow/.local/lib/python3.12/site-packages/airflow/example_dags/example_branch_python_dop_operator_3.py took 0.108 seconds
[2024-10-15T01:11:26.514+0000] {processor.py:186} INFO - Started process (PID=1499) to work on /home/airflow/.local/lib/python3.12/site-packages/airflow/example_dags/example_branch_python_dop_operator_3.py
[2024-10-15T01:11:26.515+0000] {processor.py:914} INFO - Processing file /home/airflow/.local/lib/python3.12/site-packages/airflow/example_dags/example_branch_python_dop_operator_3.py for tasks to queue
[2024-10-15T01:11:26.516+0000] {logging_mixin.py:190} INFO - [2024-10-15T01:11:26.515+0000] {dagbag.py:588} INFO - Filling up the DagBag from /home/airflow/.local/lib/python3.12/site-packages/airflow/example_dags/example_branch_python_dop_operator_3.py
[2024-10-15T01:11:26.549+0000] {processor.py:925} INFO - DAG(s) 'example_branch_dop_operator_v3' retrieved from /home/airflow/.local/lib/python3.12/site-packages/airflow/example_dags/example_branch_python_dop_operator_3.py
[2024-10-15T01:11:26.608+0000] {logging_mixin.py:190} INFO - [2024-10-15T01:11:26.607+0000] {dag.py:3239} INFO - Sync 1 DAGs
[2024-10-15T01:11:26.644+0000] {logging_mixin.py:190} INFO - [2024-10-15T01:11:26.644+0000] {dag.py:4180} INFO - Setting next_dagrun for example_branch_dop_operator_v3 to 2024-10-15 01:10:00+00:00, run_after=2024-10-15 01:11:00+00:00
[2024-10-15T01:11:26.684+0000] {processor.py:208} INFO - Processing /home/airflow/.local/lib/python3.12/site-packages/airflow/example_dags/example_branch_python_dop_operator_3.py took 0.206 seconds
[2024-10-15T01:11:57.479+0000] {processor.py:186} INFO - Started process (PID=1562) to work on /home/airflow/.local/lib/python3.12/site-packages/airflow/example_dags/example_branch_python_dop_operator_3.py
[2024-10-15T01:11:57.481+0000] {processor.py:914} INFO - Processing file /home/airflow/.local/lib/python3.12/site-packages/airflow/example_dags/example_branch_python_dop_operator_3.py for tasks to queue
[2024-10-15T01:11:57.482+0000] {logging_mixin.py:190} INFO - [2024-10-15T01:11:57.482+0000] {dagbag.py:588} INFO - Filling up the DagBag from /home/airflow/.local/lib/python3.12/site-packages/airflow/example_dags/example_branch_python_dop_operator_3.py
[2024-10-15T01:11:57.498+0000] {processor.py:925} INFO - DAG(s) 'example_branch_dop_operator_v3' retrieved from /home/airflow/.local/lib/python3.12/site-packages/airflow/example_dags/example_branch_python_dop_operator_3.py
[2024-10-15T01:11:57.519+0000] {logging_mixin.py:190} INFO - [2024-10-15T01:11:57.519+0000] {dag.py:3239} INFO - Sync 1 DAGs
[2024-10-15T01:11:57.547+0000] {logging_mixin.py:190} INFO - [2024-10-15T01:11:57.547+0000] {dag.py:4180} INFO - Setting next_dagrun for example_branch_dop_operator_v3 to 2024-10-15 01:10:00+00:00, run_after=2024-10-15 01:11:00+00:00
[2024-10-15T01:11:57.564+0000] {processor.py:208} INFO - Processing /home/airflow/.local/lib/python3.12/site-packages/airflow/example_dags/example_branch_python_dop_operator_3.py took 0.115 seconds
[2024-10-15T01:12:27.882+0000] {processor.py:186} INFO - Started process (PID=1626) to work on /home/airflow/.local/lib/python3.12/site-packages/airflow/example_dags/example_branch_python_dop_operator_3.py
[2024-10-15T01:12:27.883+0000] {processor.py:914} INFO - Processing file /home/airflow/.local/lib/python3.12/site-packages/airflow/example_dags/example_branch_python_dop_operator_3.py for tasks to queue
[2024-10-15T01:12:27.887+0000] {logging_mixin.py:190} INFO - [2024-10-15T01:12:27.887+0000] {dagbag.py:588} INFO - Filling up the DagBag from /home/airflow/.local/lib/python3.12/site-packages/airflow/example_dags/example_branch_python_dop_operator_3.py
[2024-10-15T01:12:27.908+0000] {processor.py:925} INFO - DAG(s) 'example_branch_dop_operator_v3' retrieved from /home/airflow/.local/lib/python3.12/site-packages/airflow/example_dags/example_branch_python_dop_operator_3.py
[2024-10-15T01:12:27.949+0000] {logging_mixin.py:190} INFO - [2024-10-15T01:12:27.948+0000] {dag.py:3239} INFO - Sync 1 DAGs
[2024-10-15T01:12:27.995+0000] {logging_mixin.py:190} INFO - [2024-10-15T01:12:27.995+0000] {dag.py:4180} INFO - Setting next_dagrun for example_branch_dop_operator_v3 to 2024-10-15 01:11:00+00:00, run_after=2024-10-15 01:12:00+00:00
[2024-10-15T01:12:28.059+0000] {processor.py:208} INFO - Processing /home/airflow/.local/lib/python3.12/site-packages/airflow/example_dags/example_branch_python_dop_operator_3.py took 0.192 seconds
[2024-10-15T01:12:58.358+0000] {processor.py:186} INFO - Started process (PID=1691) to work on /home/airflow/.local/lib/python3.12/site-packages/airflow/example_dags/example_branch_python_dop_operator_3.py
[2024-10-15T01:12:58.364+0000] {processor.py:914} INFO - Processing file /home/airflow/.local/lib/python3.12/site-packages/airflow/example_dags/example_branch_python_dop_operator_3.py for tasks to queue
[2024-10-15T01:12:58.365+0000] {logging_mixin.py:190} INFO - [2024-10-15T01:12:58.365+0000] {dagbag.py:588} INFO - Filling up the DagBag from /home/airflow/.local/lib/python3.12/site-packages/airflow/example_dags/example_branch_python_dop_operator_3.py
[2024-10-15T01:12:58.381+0000] {processor.py:925} INFO - DAG(s) 'example_branch_dop_operator_v3' retrieved from /home/airflow/.local/lib/python3.12/site-packages/airflow/example_dags/example_branch_python_dop_operator_3.py
[2024-10-15T01:12:58.415+0000] {logging_mixin.py:190} INFO - [2024-10-15T01:12:58.414+0000] {dag.py:3239} INFO - Sync 1 DAGs
[2024-10-15T01:12:58.450+0000] {logging_mixin.py:190} INFO - [2024-10-15T01:12:58.450+0000] {dag.py:4180} INFO - Setting next_dagrun for example_branch_dop_operator_v3 to 2024-10-15 01:11:00+00:00, run_after=2024-10-15 01:12:00+00:00
[2024-10-15T01:12:58.478+0000] {processor.py:208} INFO - Processing /home/airflow/.local/lib/python3.12/site-packages/airflow/example_dags/example_branch_python_dop_operator_3.py took 0.124 seconds
[2024-10-15T01:13:28.679+0000] {processor.py:186} INFO - Started process (PID=1754) to work on /home/airflow/.local/lib/python3.12/site-packages/airflow/example_dags/example_branch_python_dop_operator_3.py
[2024-10-15T01:13:28.680+0000] {processor.py:914} INFO - Processing file /home/airflow/.local/lib/python3.12/site-packages/airflow/example_dags/example_branch_python_dop_operator_3.py for tasks to queue
[2024-10-15T01:13:28.681+0000] {logging_mixin.py:190} INFO - [2024-10-15T01:13:28.681+0000] {dagbag.py:588} INFO - Filling up the DagBag from /home/airflow/.local/lib/python3.12/site-packages/airflow/example_dags/example_branch_python_dop_operator_3.py
[2024-10-15T01:13:28.689+0000] {processor.py:925} INFO - DAG(s) 'example_branch_dop_operator_v3' retrieved from /home/airflow/.local/lib/python3.12/site-packages/airflow/example_dags/example_branch_python_dop_operator_3.py
[2024-10-15T01:13:28.712+0000] {logging_mixin.py:190} INFO - [2024-10-15T01:13:28.712+0000] {dag.py:3239} INFO - Sync 1 DAGs
[2024-10-15T01:13:28.736+0000] {logging_mixin.py:190} INFO - [2024-10-15T01:13:28.736+0000] {dag.py:4180} INFO - Setting next_dagrun for example_branch_dop_operator_v3 to 2024-10-15 01:12:00+00:00, run_after=2024-10-15 01:13:00+00:00
[2024-10-15T01:13:28.752+0000] {processor.py:208} INFO - Processing /home/airflow/.local/lib/python3.12/site-packages/airflow/example_dags/example_branch_python_dop_operator_3.py took 0.078 seconds
[2024-10-15T01:13:59.065+0000] {processor.py:186} INFO - Started process (PID=1817) to work on /home/airflow/.local/lib/python3.12/site-packages/airflow/example_dags/example_branch_python_dop_operator_3.py
[2024-10-15T01:13:59.079+0000] {processor.py:914} INFO - Processing file /home/airflow/.local/lib/python3.12/site-packages/airflow/example_dags/example_branch_python_dop_operator_3.py for tasks to queue
[2024-10-15T01:13:59.080+0000] {logging_mixin.py:190} INFO - [2024-10-15T01:13:59.080+0000] {dagbag.py:588} INFO - Filling up the DagBag from /home/airflow/.local/lib/python3.12/site-packages/airflow/example_dags/example_branch_python_dop_operator_3.py
[2024-10-15T01:13:59.096+0000] {processor.py:925} INFO - DAG(s) 'example_branch_dop_operator_v3' retrieved from /home/airflow/.local/lib/python3.12/site-packages/airflow/example_dags/example_branch_python_dop_operator_3.py
[2024-10-15T01:13:59.130+0000] {logging_mixin.py:190} INFO - [2024-10-15T01:13:59.129+0000] {dag.py:3239} INFO - Sync 1 DAGs
[2024-10-15T01:13:59.169+0000] {logging_mixin.py:190} INFO - [2024-10-15T01:13:59.169+0000] {dag.py:4180} INFO - Setting next_dagrun for example_branch_dop_operator_v3 to 2024-10-15 01:12:00+00:00, run_after=2024-10-15 01:13:00+00:00
[2024-10-15T01:13:59.199+0000] {processor.py:208} INFO - Processing /home/airflow/.local/lib/python3.12/site-packages/airflow/example_dags/example_branch_python_dop_operator_3.py took 0.138 seconds
[2024-10-15T01:14:29.907+0000] {processor.py:186} INFO - Started process (PID=1880) to work on /home/airflow/.local/lib/python3.12/site-packages/airflow/example_dags/example_branch_python_dop_operator_3.py
[2024-10-15T01:14:29.908+0000] {processor.py:914} INFO - Processing file /home/airflow/.local/lib/python3.12/site-packages/airflow/example_dags/example_branch_python_dop_operator_3.py for tasks to queue
[2024-10-15T01:14:29.909+0000] {logging_mixin.py:190} INFO - [2024-10-15T01:14:29.909+0000] {dagbag.py:588} INFO - Filling up the DagBag from /home/airflow/.local/lib/python3.12/site-packages/airflow/example_dags/example_branch_python_dop_operator_3.py
[2024-10-15T01:14:29.920+0000] {processor.py:925} INFO - DAG(s) 'example_branch_dop_operator_v3' retrieved from /home/airflow/.local/lib/python3.12/site-packages/airflow/example_dags/example_branch_python_dop_operator_3.py
[2024-10-15T01:14:29.944+0000] {logging_mixin.py:190} INFO - [2024-10-15T01:14:29.943+0000] {dag.py:3239} INFO - Sync 1 DAGs
[2024-10-15T01:14:29.970+0000] {logging_mixin.py:190} INFO - [2024-10-15T01:14:29.969+0000] {dag.py:4180} INFO - Setting next_dagrun for example_branch_dop_operator_v3 to 2024-10-15 01:13:00+00:00, run_after=2024-10-15 01:14:00+00:00
[2024-10-15T01:14:29.988+0000] {processor.py:208} INFO - Processing /home/airflow/.local/lib/python3.12/site-packages/airflow/example_dags/example_branch_python_dop_operator_3.py took 0.091 seconds
[2024-10-15T01:15:00.025+0000] {processor.py:186} INFO - Started process (PID=1941) to work on /home/airflow/.local/lib/python3.12/site-packages/airflow/example_dags/example_branch_python_dop_operator_3.py
[2024-10-15T01:15:00.025+0000] {processor.py:914} INFO - Processing file /home/airflow/.local/lib/python3.12/site-packages/airflow/example_dags/example_branch_python_dop_operator_3.py for tasks to queue
[2024-10-15T01:15:00.026+0000] {logging_mixin.py:190} INFO - [2024-10-15T01:15:00.026+0000] {dagbag.py:588} INFO - Filling up the DagBag from /home/airflow/.local/lib/python3.12/site-packages/airflow/example_dags/example_branch_python_dop_operator_3.py
[2024-10-15T01:15:00.038+0000] {processor.py:925} INFO - DAG(s) 'example_branch_dop_operator_v3' retrieved from /home/airflow/.local/lib/python3.12/site-packages/airflow/example_dags/example_branch_python_dop_operator_3.py
[2024-10-15T01:15:00.057+0000] {logging_mixin.py:190} INFO - [2024-10-15T01:15:00.057+0000] {dag.py:3239} INFO - Sync 1 DAGs
[2024-10-15T01:15:00.086+0000] {logging_mixin.py:190} INFO - [2024-10-15T01:15:00.086+0000] {dag.py:4180} INFO - Setting next_dagrun for example_branch_dop_operator_v3 to 2024-10-15 01:14:00+00:00, run_after=2024-10-15 01:15:00+00:00
[2024-10-15T01:15:00.106+0000] {processor.py:208} INFO - Processing /home/airflow/.local/lib/python3.12/site-packages/airflow/example_dags/example_branch_python_dop_operator_3.py took 0.087 seconds
[2024-10-15T01:15:30.627+0000] {processor.py:186} INFO - Started process (PID=2005) to work on /home/airflow/.local/lib/python3.12/site-packages/airflow/example_dags/example_branch_python_dop_operator_3.py
[2024-10-15T01:15:30.628+0000] {processor.py:914} INFO - Processing file /home/airflow/.local/lib/python3.12/site-packages/airflow/example_dags/example_branch_python_dop_operator_3.py for tasks to queue
[2024-10-15T01:15:30.630+0000] {logging_mixin.py:190} INFO - [2024-10-15T01:15:30.630+0000] {dagbag.py:588} INFO - Filling up the DagBag from /home/airflow/.local/lib/python3.12/site-packages/airflow/example_dags/example_branch_python_dop_operator_3.py
[2024-10-15T01:15:30.642+0000] {processor.py:925} INFO - DAG(s) 'example_branch_dop_operator_v3' retrieved from /home/airflow/.local/lib/python3.12/site-packages/airflow/example_dags/example_branch_python_dop_operator_3.py
[2024-10-15T01:15:30.659+0000] {logging_mixin.py:190} INFO - [2024-10-15T01:15:30.659+0000] {dag.py:3239} INFO - Sync 1 DAGs
[2024-10-15T01:15:30.686+0000] {logging_mixin.py:190} INFO - [2024-10-15T01:15:30.686+0000] {dag.py:4180} INFO - Setting next_dagrun for example_branch_dop_operator_v3 to 2024-10-15 01:14:00+00:00, run_after=2024-10-15 01:15:00+00:00
[2024-10-15T01:15:30.725+0000] {processor.py:208} INFO - Processing /home/airflow/.local/lib/python3.12/site-packages/airflow/example_dags/example_branch_python_dop_operator_3.py took 0.105 seconds
[2024-10-15T01:16:01.004+0000] {processor.py:186} INFO - Started process (PID=2067) to work on /home/airflow/.local/lib/python3.12/site-packages/airflow/example_dags/example_branch_python_dop_operator_3.py
[2024-10-15T01:16:01.004+0000] {processor.py:914} INFO - Processing file /home/airflow/.local/lib/python3.12/site-packages/airflow/example_dags/example_branch_python_dop_operator_3.py for tasks to queue
[2024-10-15T01:16:01.006+0000] {logging_mixin.py:190} INFO - [2024-10-15T01:16:01.005+0000] {dagbag.py:588} INFO - Filling up the DagBag from /home/airflow/.local/lib/python3.12/site-packages/airflow/example_dags/example_branch_python_dop_operator_3.py
[2024-10-15T01:16:01.016+0000] {processor.py:925} INFO - DAG(s) 'example_branch_dop_operator_v3' retrieved from /home/airflow/.local/lib/python3.12/site-packages/airflow/example_dags/example_branch_python_dop_operator_3.py
[2024-10-15T01:16:01.044+0000] {logging_mixin.py:190} INFO - [2024-10-15T01:16:01.044+0000] {dag.py:3239} INFO - Sync 1 DAGs
[2024-10-15T01:16:01.072+0000] {logging_mixin.py:190} INFO - [2024-10-15T01:16:01.072+0000] {dag.py:4180} INFO - Setting next_dagrun for example_branch_dop_operator_v3 to 2024-10-15 01:15:00+00:00, run_after=2024-10-15 01:16:00+00:00
[2024-10-15T01:16:01.102+0000] {processor.py:208} INFO - Processing /home/airflow/.local/lib/python3.12/site-packages/airflow/example_dags/example_branch_python_dop_operator_3.py took 0.104 seconds
[2024-10-15T01:16:31.928+0000] {processor.py:186} INFO - Started process (PID=2130) to work on /home/airflow/.local/lib/python3.12/site-packages/airflow/example_dags/example_branch_python_dop_operator_3.py
[2024-10-15T01:16:31.934+0000] {processor.py:914} INFO - Processing file /home/airflow/.local/lib/python3.12/site-packages/airflow/example_dags/example_branch_python_dop_operator_3.py for tasks to queue
[2024-10-15T01:16:31.935+0000] {logging_mixin.py:190} INFO - [2024-10-15T01:16:31.935+0000] {dagbag.py:588} INFO - Filling up the DagBag from /home/airflow/.local/lib/python3.12/site-packages/airflow/example_dags/example_branch_python_dop_operator_3.py
[2024-10-15T01:16:31.955+0000] {processor.py:925} INFO - DAG(s) 'example_branch_dop_operator_v3' retrieved from /home/airflow/.local/lib/python3.12/site-packages/airflow/example_dags/example_branch_python_dop_operator_3.py
[2024-10-15T01:16:31.998+0000] {logging_mixin.py:190} INFO - [2024-10-15T01:16:31.998+0000] {dag.py:3239} INFO - Sync 1 DAGs
[2024-10-15T01:16:32.045+0000] {logging_mixin.py:190} INFO - [2024-10-15T01:16:32.044+0000] {dag.py:4180} INFO - Setting next_dagrun for example_branch_dop_operator_v3 to 2024-10-15 01:15:00+00:00, run_after=2024-10-15 01:16:00+00:00
[2024-10-15T01:16:32.079+0000] {processor.py:208} INFO - Processing /home/airflow/.local/lib/python3.12/site-packages/airflow/example_dags/example_branch_python_dop_operator_3.py took 0.167 seconds
[2024-10-15T01:17:02.410+0000] {processor.py:186} INFO - Started process (PID=2193) to work on /home/airflow/.local/lib/python3.12/site-packages/airflow/example_dags/example_branch_python_dop_operator_3.py
[2024-10-15T01:17:02.411+0000] {processor.py:914} INFO - Processing file /home/airflow/.local/lib/python3.12/site-packages/airflow/example_dags/example_branch_python_dop_operator_3.py for tasks to queue
[2024-10-15T01:17:02.415+0000] {logging_mixin.py:190} INFO - [2024-10-15T01:17:02.413+0000] {dagbag.py:588} INFO - Filling up the DagBag from /home/airflow/.local/lib/python3.12/site-packages/airflow/example_dags/example_branch_python_dop_operator_3.py
[2024-10-15T01:17:02.430+0000] {processor.py:925} INFO - DAG(s) 'example_branch_dop_operator_v3' retrieved from /home/airflow/.local/lib/python3.12/site-packages/airflow/example_dags/example_branch_python_dop_operator_3.py
[2024-10-15T01:17:02.453+0000] {logging_mixin.py:190} INFO - [2024-10-15T01:17:02.452+0000] {dag.py:3239} INFO - Sync 1 DAGs
[2024-10-15T01:17:02.484+0000] {logging_mixin.py:190} INFO - [2024-10-15T01:17:02.483+0000] {dag.py:4180} INFO - Setting next_dagrun for example_branch_dop_operator_v3 to 2024-10-15 01:16:00+00:00, run_after=2024-10-15 01:17:00+00:00
[2024-10-15T01:17:02.504+0000] {processor.py:208} INFO - Processing /home/airflow/.local/lib/python3.12/site-packages/airflow/example_dags/example_branch_python_dop_operator_3.py took 0.100 seconds
[2024-10-15T01:17:32.999+0000] {processor.py:186} INFO - Started process (PID=2256) to work on /home/airflow/.local/lib/python3.12/site-packages/airflow/example_dags/example_branch_python_dop_operator_3.py
[2024-10-15T01:17:33.002+0000] {processor.py:914} INFO - Processing file /home/airflow/.local/lib/python3.12/site-packages/airflow/example_dags/example_branch_python_dop_operator_3.py for tasks to queue
[2024-10-15T01:17:33.003+0000] {logging_mixin.py:190} INFO - [2024-10-15T01:17:33.002+0000] {dagbag.py:588} INFO - Filling up the DagBag from /home/airflow/.local/lib/python3.12/site-packages/airflow/example_dags/example_branch_python_dop_operator_3.py
[2024-10-15T01:17:33.022+0000] {processor.py:925} INFO - DAG(s) 'example_branch_dop_operator_v3' retrieved from /home/airflow/.local/lib/python3.12/site-packages/airflow/example_dags/example_branch_python_dop_operator_3.py
[2024-10-15T01:17:33.063+0000] {logging_mixin.py:190} INFO - [2024-10-15T01:17:33.063+0000] {dag.py:3239} INFO - Sync 1 DAGs
[2024-10-15T01:17:33.117+0000] {logging_mixin.py:190} INFO - [2024-10-15T01:17:33.117+0000] {dag.py:4180} INFO - Setting next_dagrun for example_branch_dop_operator_v3 to 2024-10-15 01:16:00+00:00, run_after=2024-10-15 01:17:00+00:00
[2024-10-15T01:17:33.154+0000] {processor.py:208} INFO - Processing /home/airflow/.local/lib/python3.12/site-packages/airflow/example_dags/example_branch_python_dop_operator_3.py took 0.173 seconds
[2024-10-15T01:18:03.212+0000] {processor.py:186} INFO - Started process (PID=2319) to work on /home/airflow/.local/lib/python3.12/site-packages/airflow/example_dags/example_branch_python_dop_operator_3.py
[2024-10-15T01:18:03.214+0000] {processor.py:914} INFO - Processing file /home/airflow/.local/lib/python3.12/site-packages/airflow/example_dags/example_branch_python_dop_operator_3.py for tasks to queue
[2024-10-15T01:18:03.215+0000] {logging_mixin.py:190} INFO - [2024-10-15T01:18:03.214+0000] {dagbag.py:588} INFO - Filling up the DagBag from /home/airflow/.local/lib/python3.12/site-packages/airflow/example_dags/example_branch_python_dop_operator_3.py
[2024-10-15T01:18:03.225+0000] {processor.py:925} INFO - DAG(s) 'example_branch_dop_operator_v3' retrieved from /home/airflow/.local/lib/python3.12/site-packages/airflow/example_dags/example_branch_python_dop_operator_3.py
[2024-10-15T01:18:03.245+0000] {logging_mixin.py:190} INFO - [2024-10-15T01:18:03.244+0000] {dag.py:3239} INFO - Sync 1 DAGs
[2024-10-15T01:18:03.275+0000] {logging_mixin.py:190} INFO - [2024-10-15T01:18:03.275+0000] {dag.py:4180} INFO - Setting next_dagrun for example_branch_dop_operator_v3 to 2024-10-15 01:17:00+00:00, run_after=2024-10-15 01:18:00+00:00
[2024-10-15T01:18:03.296+0000] {processor.py:208} INFO - Processing /home/airflow/.local/lib/python3.12/site-packages/airflow/example_dags/example_branch_python_dop_operator_3.py took 0.090 seconds
[2024-10-15T01:18:33.678+0000] {processor.py:186} INFO - Started process (PID=2383) to work on /home/airflow/.local/lib/python3.12/site-packages/airflow/example_dags/example_branch_python_dop_operator_3.py
[2024-10-15T01:18:33.681+0000] {processor.py:914} INFO - Processing file /home/airflow/.local/lib/python3.12/site-packages/airflow/example_dags/example_branch_python_dop_operator_3.py for tasks to queue
[2024-10-15T01:18:33.682+0000] {logging_mixin.py:190} INFO - [2024-10-15T01:18:33.682+0000] {dagbag.py:588} INFO - Filling up the DagBag from /home/airflow/.local/lib/python3.12/site-packages/airflow/example_dags/example_branch_python_dop_operator_3.py
[2024-10-15T01:18:33.693+0000] {processor.py:925} INFO - DAG(s) 'example_branch_dop_operator_v3' retrieved from /home/airflow/.local/lib/python3.12/site-packages/airflow/example_dags/example_branch_python_dop_operator_3.py
[2024-10-15T01:18:33.716+0000] {logging_mixin.py:190} INFO - [2024-10-15T01:18:33.715+0000] {dag.py:3239} INFO - Sync 1 DAGs
[2024-10-15T01:18:33.743+0000] {logging_mixin.py:190} INFO - [2024-10-15T01:18:33.743+0000] {dag.py:4180} INFO - Setting next_dagrun for example_branch_dop_operator_v3 to 2024-10-15 01:17:00+00:00, run_after=2024-10-15 01:18:00+00:00
[2024-10-15T01:18:33.767+0000] {processor.py:208} INFO - Processing /home/airflow/.local/lib/python3.12/site-packages/airflow/example_dags/example_branch_python_dop_operator_3.py took 0.096 seconds
[2024-10-15T01:19:03.974+0000] {processor.py:186} INFO - Started process (PID=2446) to work on /home/airflow/.local/lib/python3.12/site-packages/airflow/example_dags/example_branch_python_dop_operator_3.py
[2024-10-15T01:19:03.979+0000] {processor.py:914} INFO - Processing file /home/airflow/.local/lib/python3.12/site-packages/airflow/example_dags/example_branch_python_dop_operator_3.py for tasks to queue
[2024-10-15T01:19:03.982+0000] {logging_mixin.py:190} INFO - [2024-10-15T01:19:03.982+0000] {dagbag.py:588} INFO - Filling up the DagBag from /home/airflow/.local/lib/python3.12/site-packages/airflow/example_dags/example_branch_python_dop_operator_3.py
[2024-10-15T01:19:03.992+0000] {processor.py:925} INFO - DAG(s) 'example_branch_dop_operator_v3' retrieved from /home/airflow/.local/lib/python3.12/site-packages/airflow/example_dags/example_branch_python_dop_operator_3.py
[2024-10-15T01:19:04.013+0000] {logging_mixin.py:190} INFO - [2024-10-15T01:19:04.012+0000] {dag.py:3239} INFO - Sync 1 DAGs
[2024-10-15T01:19:04.049+0000] {logging_mixin.py:190} INFO - [2024-10-15T01:19:04.048+0000] {dag.py:4180} INFO - Setting next_dagrun for example_branch_dop_operator_v3 to 2024-10-15 01:18:00+00:00, run_after=2024-10-15 01:19:00+00:00
[2024-10-15T01:19:04.071+0000] {processor.py:208} INFO - Processing /home/airflow/.local/lib/python3.12/site-packages/airflow/example_dags/example_branch_python_dop_operator_3.py took 0.102 seconds
[2024-10-15T01:19:34.361+0000] {processor.py:186} INFO - Started process (PID=2509) to work on /home/airflow/.local/lib/python3.12/site-packages/airflow/example_dags/example_branch_python_dop_operator_3.py
[2024-10-15T01:19:34.361+0000] {processor.py:914} INFO - Processing file /home/airflow/.local/lib/python3.12/site-packages/airflow/example_dags/example_branch_python_dop_operator_3.py for tasks to queue
[2024-10-15T01:19:34.363+0000] {logging_mixin.py:190} INFO - [2024-10-15T01:19:34.363+0000] {dagbag.py:588} INFO - Filling up the DagBag from /home/airflow/.local/lib/python3.12/site-packages/airflow/example_dags/example_branch_python_dop_operator_3.py
[2024-10-15T01:19:34.373+0000] {processor.py:925} INFO - DAG(s) 'example_branch_dop_operator_v3' retrieved from /home/airflow/.local/lib/python3.12/site-packages/airflow/example_dags/example_branch_python_dop_operator_3.py
[2024-10-15T01:19:34.392+0000] {logging_mixin.py:190} INFO - [2024-10-15T01:19:34.392+0000] {dag.py:3239} INFO - Sync 1 DAGs
[2024-10-15T01:19:34.421+0000] {logging_mixin.py:190} INFO - [2024-10-15T01:19:34.420+0000] {dag.py:4180} INFO - Setting next_dagrun for example_branch_dop_operator_v3 to 2024-10-15 01:18:00+00:00, run_after=2024-10-15 01:19:00+00:00
[2024-10-15T01:19:34.442+0000] {processor.py:208} INFO - Processing /home/airflow/.local/lib/python3.12/site-packages/airflow/example_dags/example_branch_python_dop_operator_3.py took 0.091 seconds
[2024-10-15T01:20:04.786+0000] {processor.py:186} INFO - Started process (PID=2572) to work on /home/airflow/.local/lib/python3.12/site-packages/airflow/example_dags/example_branch_python_dop_operator_3.py
[2024-10-15T01:20:04.794+0000] {processor.py:914} INFO - Processing file /home/airflow/.local/lib/python3.12/site-packages/airflow/example_dags/example_branch_python_dop_operator_3.py for tasks to queue
[2024-10-15T01:20:04.795+0000] {logging_mixin.py:190} INFO - [2024-10-15T01:20:04.794+0000] {dagbag.py:588} INFO - Filling up the DagBag from /home/airflow/.local/lib/python3.12/site-packages/airflow/example_dags/example_branch_python_dop_operator_3.py
[2024-10-15T01:20:04.815+0000] {processor.py:925} INFO - DAG(s) 'example_branch_dop_operator_v3' retrieved from /home/airflow/.local/lib/python3.12/site-packages/airflow/example_dags/example_branch_python_dop_operator_3.py
[2024-10-15T01:20:04.884+0000] {logging_mixin.py:190} INFO - [2024-10-15T01:20:04.883+0000] {dag.py:3239} INFO - Sync 1 DAGs
[2024-10-15T01:20:04.946+0000] {logging_mixin.py:190} INFO - [2024-10-15T01:20:04.946+0000] {dag.py:4180} INFO - Setting next_dagrun for example_branch_dop_operator_v3 to 2024-10-15 01:19:00+00:00, run_after=2024-10-15 01:20:00+00:00
[2024-10-15T01:20:04.990+0000] {processor.py:208} INFO - Processing /home/airflow/.local/lib/python3.12/site-packages/airflow/example_dags/example_branch_python_dop_operator_3.py took 0.218 seconds
[2024-10-15T01:20:35.131+0000] {processor.py:186} INFO - Started process (PID=2636) to work on /home/airflow/.local/lib/python3.12/site-packages/airflow/example_dags/example_branch_python_dop_operator_3.py
[2024-10-15T01:20:35.132+0000] {processor.py:914} INFO - Processing file /home/airflow/.local/lib/python3.12/site-packages/airflow/example_dags/example_branch_python_dop_operator_3.py for tasks to queue
[2024-10-15T01:20:35.132+0000] {logging_mixin.py:190} INFO - [2024-10-15T01:20:35.132+0000] {dagbag.py:588} INFO - Filling up the DagBag from /home/airflow/.local/lib/python3.12/site-packages/airflow/example_dags/example_branch_python_dop_operator_3.py
[2024-10-15T01:20:35.141+0000] {processor.py:925} INFO - DAG(s) 'example_branch_dop_operator_v3' retrieved from /home/airflow/.local/lib/python3.12/site-packages/airflow/example_dags/example_branch_python_dop_operator_3.py
[2024-10-15T01:20:35.163+0000] {logging_mixin.py:190} INFO - [2024-10-15T01:20:35.163+0000] {dag.py:3239} INFO - Sync 1 DAGs
[2024-10-15T01:20:35.188+0000] {logging_mixin.py:190} INFO - [2024-10-15T01:20:35.188+0000] {dag.py:4180} INFO - Setting next_dagrun for example_branch_dop_operator_v3 to 2024-10-15 01:19:00+00:00, run_after=2024-10-15 01:20:00+00:00
[2024-10-15T01:20:35.207+0000] {processor.py:208} INFO - Processing /home/airflow/.local/lib/python3.12/site-packages/airflow/example_dags/example_branch_python_dop_operator_3.py took 0.081 seconds
[2024-10-15T01:21:06.180+0000] {processor.py:186} INFO - Started process (PID=2699) to work on /home/airflow/.local/lib/python3.12/site-packages/airflow/example_dags/example_branch_python_dop_operator_3.py
[2024-10-15T01:21:06.183+0000] {processor.py:914} INFO - Processing file /home/airflow/.local/lib/python3.12/site-packages/airflow/example_dags/example_branch_python_dop_operator_3.py for tasks to queue
[2024-10-15T01:21:06.191+0000] {logging_mixin.py:190} INFO - [2024-10-15T01:21:06.190+0000] {dagbag.py:588} INFO - Filling up the DagBag from /home/airflow/.local/lib/python3.12/site-packages/airflow/example_dags/example_branch_python_dop_operator_3.py
[2024-10-15T01:21:06.199+0000] {processor.py:925} INFO - DAG(s) 'example_branch_dop_operator_v3' retrieved from /home/airflow/.local/lib/python3.12/site-packages/airflow/example_dags/example_branch_python_dop_operator_3.py
[2024-10-15T01:21:06.227+0000] {logging_mixin.py:190} INFO - [2024-10-15T01:21:06.226+0000] {dag.py:3239} INFO - Sync 1 DAGs
[2024-10-15T01:21:06.258+0000] {logging_mixin.py:190} INFO - [2024-10-15T01:21:06.257+0000] {dag.py:4180} INFO - Setting next_dagrun for example_branch_dop_operator_v3 to 2024-10-15 01:20:00+00:00, run_after=2024-10-15 01:21:00+00:00
[2024-10-15T01:21:06.302+0000] {processor.py:208} INFO - Processing /home/airflow/.local/lib/python3.12/site-packages/airflow/example_dags/example_branch_python_dop_operator_3.py took 0.128 seconds
[2024-10-15T01:21:37.087+0000] {processor.py:186} INFO - Started process (PID=2762) to work on /home/airflow/.local/lib/python3.12/site-packages/airflow/example_dags/example_branch_python_dop_operator_3.py
[2024-10-15T01:21:37.088+0000] {processor.py:914} INFO - Processing file /home/airflow/.local/lib/python3.12/site-packages/airflow/example_dags/example_branch_python_dop_operator_3.py for tasks to queue
[2024-10-15T01:21:37.088+0000] {logging_mixin.py:190} INFO - [2024-10-15T01:21:37.088+0000] {dagbag.py:588} INFO - Filling up the DagBag from /home/airflow/.local/lib/python3.12/site-packages/airflow/example_dags/example_branch_python_dop_operator_3.py
[2024-10-15T01:21:37.098+0000] {processor.py:925} INFO - DAG(s) 'example_branch_dop_operator_v3' retrieved from /home/airflow/.local/lib/python3.12/site-packages/airflow/example_dags/example_branch_python_dop_operator_3.py
[2024-10-15T01:21:37.116+0000] {logging_mixin.py:190} INFO - [2024-10-15T01:21:37.116+0000] {dag.py:3239} INFO - Sync 1 DAGs
[2024-10-15T01:21:37.145+0000] {logging_mixin.py:190} INFO - [2024-10-15T01:21:37.145+0000] {dag.py:4180} INFO - Setting next_dagrun for example_branch_dop_operator_v3 to 2024-10-15 01:20:00+00:00, run_after=2024-10-15 01:21:00+00:00
[2024-10-15T01:21:37.164+0000] {processor.py:208} INFO - Processing /home/airflow/.local/lib/python3.12/site-packages/airflow/example_dags/example_branch_python_dop_operator_3.py took 0.083 seconds
[2024-10-15T01:22:07.708+0000] {processor.py:186} INFO - Started process (PID=2824) to work on /home/airflow/.local/lib/python3.12/site-packages/airflow/example_dags/example_branch_python_dop_operator_3.py
[2024-10-15T01:22:07.710+0000] {processor.py:914} INFO - Processing file /home/airflow/.local/lib/python3.12/site-packages/airflow/example_dags/example_branch_python_dop_operator_3.py for tasks to queue
[2024-10-15T01:22:07.711+0000] {logging_mixin.py:190} INFO - [2024-10-15T01:22:07.710+0000] {dagbag.py:588} INFO - Filling up the DagBag from /home/airflow/.local/lib/python3.12/site-packages/airflow/example_dags/example_branch_python_dop_operator_3.py
[2024-10-15T01:22:07.722+0000] {processor.py:925} INFO - DAG(s) 'example_branch_dop_operator_v3' retrieved from /home/airflow/.local/lib/python3.12/site-packages/airflow/example_dags/example_branch_python_dop_operator_3.py
[2024-10-15T01:22:07.748+0000] {logging_mixin.py:190} INFO - [2024-10-15T01:22:07.748+0000] {dag.py:3239} INFO - Sync 1 DAGs
[2024-10-15T01:22:07.809+0000] {logging_mixin.py:190} INFO - [2024-10-15T01:22:07.809+0000] {dag.py:4180} INFO - Setting next_dagrun for example_branch_dop_operator_v3 to 2024-10-15 01:21:00+00:00, run_after=2024-10-15 01:22:00+00:00
[2024-10-15T01:22:07.859+0000] {processor.py:208} INFO - Processing /home/airflow/.local/lib/python3.12/site-packages/airflow/example_dags/example_branch_python_dop_operator_3.py took 0.158 seconds
[2024-10-15T01:22:38.028+0000] {processor.py:186} INFO - Started process (PID=2887) to work on /home/airflow/.local/lib/python3.12/site-packages/airflow/example_dags/example_branch_python_dop_operator_3.py
[2024-10-15T01:22:38.029+0000] {processor.py:914} INFO - Processing file /home/airflow/.local/lib/python3.12/site-packages/airflow/example_dags/example_branch_python_dop_operator_3.py for tasks to queue
[2024-10-15T01:22:38.032+0000] {logging_mixin.py:190} INFO - [2024-10-15T01:22:38.031+0000] {dagbag.py:588} INFO - Filling up the DagBag from /home/airflow/.local/lib/python3.12/site-packages/airflow/example_dags/example_branch_python_dop_operator_3.py
[2024-10-15T01:22:38.052+0000] {processor.py:925} INFO - DAG(s) 'example_branch_dop_operator_v3' retrieved from /home/airflow/.local/lib/python3.12/site-packages/airflow/example_dags/example_branch_python_dop_operator_3.py
[2024-10-15T01:22:38.080+0000] {logging_mixin.py:190} INFO - [2024-10-15T01:22:38.080+0000] {dag.py:3239} INFO - Sync 1 DAGs
[2024-10-15T01:22:38.112+0000] {logging_mixin.py:190} INFO - [2024-10-15T01:22:38.112+0000] {dag.py:4180} INFO - Setting next_dagrun for example_branch_dop_operator_v3 to 2024-10-15 01:21:00+00:00, run_after=2024-10-15 01:22:00+00:00
[2024-10-15T01:22:38.129+0000] {processor.py:208} INFO - Processing /home/airflow/.local/lib/python3.12/site-packages/airflow/example_dags/example_branch_python_dop_operator_3.py took 0.105 seconds
[2024-10-15T01:23:08.226+0000] {processor.py:186} INFO - Started process (PID=2951) to work on /home/airflow/.local/lib/python3.12/site-packages/airflow/example_dags/example_branch_python_dop_operator_3.py
[2024-10-15T01:23:08.227+0000] {processor.py:914} INFO - Processing file /home/airflow/.local/lib/python3.12/site-packages/airflow/example_dags/example_branch_python_dop_operator_3.py for tasks to queue
[2024-10-15T01:23:08.228+0000] {logging_mixin.py:190} INFO - [2024-10-15T01:23:08.228+0000] {dagbag.py:588} INFO - Filling up the DagBag from /home/airflow/.local/lib/python3.12/site-packages/airflow/example_dags/example_branch_python_dop_operator_3.py
[2024-10-15T01:23:08.235+0000] {processor.py:925} INFO - DAG(s) 'example_branch_dop_operator_v3' retrieved from /home/airflow/.local/lib/python3.12/site-packages/airflow/example_dags/example_branch_python_dop_operator_3.py
[2024-10-15T01:23:08.256+0000] {logging_mixin.py:190} INFO - [2024-10-15T01:23:08.256+0000] {dag.py:3239} INFO - Sync 1 DAGs
[2024-10-15T01:23:08.280+0000] {logging_mixin.py:190} INFO - [2024-10-15T01:23:08.280+0000] {dag.py:4180} INFO - Setting next_dagrun for example_branch_dop_operator_v3 to 2024-10-15 01:22:00+00:00, run_after=2024-10-15 01:23:00+00:00
[2024-10-15T01:23:08.303+0000] {processor.py:208} INFO - Processing /home/airflow/.local/lib/python3.12/site-packages/airflow/example_dags/example_branch_python_dop_operator_3.py took 0.082 seconds
