[2024-10-15T00:50:03.654+0000] {processor.py:186} INFO - Started process (PID=68) to work on /home/airflow/.local/lib/python3.12/site-packages/airflow/example_dags/example_sla_dag.py
[2024-10-15T00:50:03.658+0000] {processor.py:914} INFO - Processing file /home/airflow/.local/lib/python3.12/site-packages/airflow/example_dags/example_sla_dag.py for tasks to queue
[2024-10-15T00:50:03.660+0000] {logging_mixin.py:190} INFO - [2024-10-15T00:50:03.660+0000] {dagbag.py:588} INFO - Filling up the DagBag from /home/airflow/.local/lib/python3.12/site-packages/airflow/example_dags/example_sla_dag.py
[2024-10-15T00:50:03.702+0000] {processor.py:925} INFO - DAG(s) 'example_sla_dag' retrieved from /home/airflow/.local/lib/python3.12/site-packages/airflow/example_dags/example_sla_dag.py
[2024-10-15T00:50:04.124+0000] {logging_mixin.py:190} INFO - [2024-10-15T00:50:04.123+0000] {override.py:1900} INFO - Created Permission View: can edit on DAG:example_sla_dag
[2024-10-15T00:50:04.185+0000] {logging_mixin.py:190} INFO - [2024-10-15T00:50:04.185+0000] {override.py:1900} INFO - Created Permission View: can read on DAG:example_sla_dag
[2024-10-15T00:50:04.202+0000] {logging_mixin.py:190} INFO - [2024-10-15T00:50:04.201+0000] {override.py:1900} INFO - Created Permission View: can delete on DAG:example_sla_dag
[2024-10-15T00:50:04.213+0000] {logging_mixin.py:190} INFO - [2024-10-15T00:50:04.212+0000] {override.py:1900} INFO - Created Permission View: menu access on DAG Run:example_sla_dag
[2024-10-15T00:50:04.235+0000] {logging_mixin.py:190} INFO - [2024-10-15T00:50:04.234+0000] {override.py:1900} INFO - Created Permission View: can delete on DAG Run:example_sla_dag
[2024-10-15T00:50:04.252+0000] {logging_mixin.py:190} INFO - [2024-10-15T00:50:04.252+0000] {override.py:1900} INFO - Created Permission View: can read on DAG Run:example_sla_dag
[2024-10-15T00:50:04.267+0000] {logging_mixin.py:190} INFO - [2024-10-15T00:50:04.267+0000] {override.py:1900} INFO - Created Permission View: can create on DAG Run:example_sla_dag
[2024-10-15T00:50:04.268+0000] {logging_mixin.py:190} INFO - [2024-10-15T00:50:04.268+0000] {dag.py:3239} INFO - Sync 1 DAGs
[2024-10-15T00:50:04.332+0000] {logging_mixin.py:190} INFO - [2024-10-15T00:50:04.331+0000] {dag.py:3262} INFO - Creating ORM DAG for example_sla_dag
[2024-10-15T00:50:04.381+0000] {logging_mixin.py:190} INFO - [2024-10-15T00:50:04.380+0000] {dag.py:4180} INFO - Setting next_dagrun for example_sla_dag to 2024-10-15 00:48:00+00:00, run_after=2024-10-15 00:50:00+00:00
[2024-10-15T00:50:04.420+0000] {processor.py:208} INFO - Processing /home/airflow/.local/lib/python3.12/site-packages/airflow/example_dags/example_sla_dag.py took 0.787 seconds
[2024-10-15T00:59:43.708+0000] {processor.py:186} INFO - Started process (PID=72) to work on /home/airflow/.local/lib/python3.12/site-packages/airflow/example_dags/example_sla_dag.py
[2024-10-15T00:59:43.725+0000] {processor.py:914} INFO - Processing file /home/airflow/.local/lib/python3.12/site-packages/airflow/example_dags/example_sla_dag.py for tasks to queue
[2024-10-15T00:59:43.729+0000] {logging_mixin.py:190} INFO - [2024-10-15T00:59:43.729+0000] {dagbag.py:588} INFO - Filling up the DagBag from /home/airflow/.local/lib/python3.12/site-packages/airflow/example_dags/example_sla_dag.py
[2024-10-15T00:59:43.816+0000] {processor.py:925} INFO - DAG(s) 'example_sla_dag' retrieved from /home/airflow/.local/lib/python3.12/site-packages/airflow/example_dags/example_sla_dag.py
[2024-10-15T00:59:43.941+0000] {logging_mixin.py:190} INFO - [2024-10-15T00:59:43.940+0000] {dag.py:3239} INFO - Sync 1 DAGs
[2024-10-15T00:59:44.090+0000] {logging_mixin.py:190} INFO - [2024-10-15T00:59:44.089+0000] {dag.py:4180} INFO - Setting next_dagrun for example_sla_dag to 2024-10-15 00:56:00+00:00, run_after=2024-10-15 00:58:00+00:00
[2024-10-15T00:59:44.187+0000] {processor.py:208} INFO - Processing /home/airflow/.local/lib/python3.12/site-packages/airflow/example_dags/example_sla_dag.py took 0.506 seconds
[2024-10-15T01:00:14.311+0000] {processor.py:186} INFO - Started process (PID=134) to work on /home/airflow/.local/lib/python3.12/site-packages/airflow/example_dags/example_sla_dag.py
[2024-10-15T01:00:14.318+0000] {processor.py:914} INFO - Processing file /home/airflow/.local/lib/python3.12/site-packages/airflow/example_dags/example_sla_dag.py for tasks to queue
[2024-10-15T01:00:14.321+0000] {logging_mixin.py:190} INFO - [2024-10-15T01:00:14.320+0000] {dagbag.py:588} INFO - Filling up the DagBag from /home/airflow/.local/lib/python3.12/site-packages/airflow/example_dags/example_sla_dag.py
[2024-10-15T01:00:14.342+0000] {processor.py:925} INFO - DAG(s) 'example_sla_dag' retrieved from /home/airflow/.local/lib/python3.12/site-packages/airflow/example_dags/example_sla_dag.py
[2024-10-15T01:00:14.371+0000] {logging_mixin.py:190} INFO - [2024-10-15T01:00:14.371+0000] {dag.py:3239} INFO - Sync 1 DAGs
[2024-10-15T01:00:14.428+0000] {logging_mixin.py:190} INFO - [2024-10-15T01:00:14.428+0000] {dag.py:4180} INFO - Setting next_dagrun for example_sla_dag to 2024-10-15 00:58:00+00:00, run_after=2024-10-15 01:00:00+00:00
[2024-10-15T01:00:14.465+0000] {processor.py:208} INFO - Processing /home/airflow/.local/lib/python3.12/site-packages/airflow/example_dags/example_sla_dag.py took 0.163 seconds
[2024-10-15T01:00:45.266+0000] {processor.py:186} INFO - Started process (PID=196) to work on /home/airflow/.local/lib/python3.12/site-packages/airflow/example_dags/example_sla_dag.py
[2024-10-15T01:00:45.271+0000] {processor.py:914} INFO - Processing file /home/airflow/.local/lib/python3.12/site-packages/airflow/example_dags/example_sla_dag.py for tasks to queue
[2024-10-15T01:00:45.273+0000] {logging_mixin.py:190} INFO - [2024-10-15T01:00:45.273+0000] {dagbag.py:588} INFO - Filling up the DagBag from /home/airflow/.local/lib/python3.12/site-packages/airflow/example_dags/example_sla_dag.py
[2024-10-15T01:00:45.293+0000] {processor.py:925} INFO - DAG(s) 'example_sla_dag' retrieved from /home/airflow/.local/lib/python3.12/site-packages/airflow/example_dags/example_sla_dag.py
[2024-10-15T01:00:45.323+0000] {logging_mixin.py:190} INFO - [2024-10-15T01:00:45.323+0000] {dag.py:3239} INFO - Sync 1 DAGs
[2024-10-15T01:00:45.378+0000] {logging_mixin.py:190} INFO - [2024-10-15T01:00:45.369+0000] {dag.py:4180} INFO - Setting next_dagrun for example_sla_dag to 2024-10-15 00:58:00+00:00, run_after=2024-10-15 01:00:00+00:00
[2024-10-15T01:00:45.414+0000] {processor.py:208} INFO - Processing /home/airflow/.local/lib/python3.12/site-packages/airflow/example_dags/example_sla_dag.py took 0.167 seconds
[2024-10-15T01:01:15.459+0000] {processor.py:186} INFO - Started process (PID=257) to work on /home/airflow/.local/lib/python3.12/site-packages/airflow/example_dags/example_sla_dag.py
[2024-10-15T01:01:15.460+0000] {processor.py:914} INFO - Processing file /home/airflow/.local/lib/python3.12/site-packages/airflow/example_dags/example_sla_dag.py for tasks to queue
[2024-10-15T01:01:15.462+0000] {logging_mixin.py:190} INFO - [2024-10-15T01:01:15.462+0000] {dagbag.py:588} INFO - Filling up the DagBag from /home/airflow/.local/lib/python3.12/site-packages/airflow/example_dags/example_sla_dag.py
[2024-10-15T01:01:15.472+0000] {processor.py:925} INFO - DAG(s) 'example_sla_dag' retrieved from /home/airflow/.local/lib/python3.12/site-packages/airflow/example_dags/example_sla_dag.py
[2024-10-15T01:01:15.492+0000] {logging_mixin.py:190} INFO - [2024-10-15T01:01:15.492+0000] {dag.py:3239} INFO - Sync 1 DAGs
[2024-10-15T01:01:15.517+0000] {logging_mixin.py:190} INFO - [2024-10-15T01:01:15.516+0000] {dag.py:4180} INFO - Setting next_dagrun for example_sla_dag to 2024-10-15 00:58:00+00:00, run_after=2024-10-15 01:00:00+00:00
[2024-10-15T01:01:15.536+0000] {processor.py:208} INFO - Processing /home/airflow/.local/lib/python3.12/site-packages/airflow/example_dags/example_sla_dag.py took 0.083 seconds
[2024-10-15T01:01:46.140+0000] {processor.py:186} INFO - Started process (PID=319) to work on /home/airflow/.local/lib/python3.12/site-packages/airflow/example_dags/example_sla_dag.py
[2024-10-15T01:01:46.140+0000] {processor.py:914} INFO - Processing file /home/airflow/.local/lib/python3.12/site-packages/airflow/example_dags/example_sla_dag.py for tasks to queue
[2024-10-15T01:01:46.162+0000] {logging_mixin.py:190} INFO - [2024-10-15T01:01:46.162+0000] {dagbag.py:588} INFO - Filling up the DagBag from /home/airflow/.local/lib/python3.12/site-packages/airflow/example_dags/example_sla_dag.py
[2024-10-15T01:01:46.208+0000] {processor.py:925} INFO - DAG(s) 'example_sla_dag' retrieved from /home/airflow/.local/lib/python3.12/site-packages/airflow/example_dags/example_sla_dag.py
[2024-10-15T01:01:46.227+0000] {logging_mixin.py:190} INFO - [2024-10-15T01:01:46.226+0000] {dag.py:3239} INFO - Sync 1 DAGs
[2024-10-15T01:01:46.297+0000] {logging_mixin.py:190} INFO - [2024-10-15T01:01:46.296+0000] {dag.py:4180} INFO - Setting next_dagrun for example_sla_dag to 2024-10-15 00:58:00+00:00, run_after=2024-10-15 01:00:00+00:00
[2024-10-15T01:01:46.350+0000] {processor.py:208} INFO - Processing /home/airflow/.local/lib/python3.12/site-packages/airflow/example_dags/example_sla_dag.py took 0.227 seconds
[2024-10-15T01:02:16.817+0000] {processor.py:186} INFO - Started process (PID=380) to work on /home/airflow/.local/lib/python3.12/site-packages/airflow/example_dags/example_sla_dag.py
[2024-10-15T01:02:16.821+0000] {processor.py:914} INFO - Processing file /home/airflow/.local/lib/python3.12/site-packages/airflow/example_dags/example_sla_dag.py for tasks to queue
[2024-10-15T01:02:16.823+0000] {logging_mixin.py:190} INFO - [2024-10-15T01:02:16.823+0000] {dagbag.py:588} INFO - Filling up the DagBag from /home/airflow/.local/lib/python3.12/site-packages/airflow/example_dags/example_sla_dag.py
[2024-10-15T01:02:16.834+0000] {processor.py:925} INFO - DAG(s) 'example_sla_dag' retrieved from /home/airflow/.local/lib/python3.12/site-packages/airflow/example_dags/example_sla_dag.py
[2024-10-15T01:02:16.851+0000] {logging_mixin.py:190} INFO - [2024-10-15T01:02:16.851+0000] {dag.py:3239} INFO - Sync 1 DAGs
[2024-10-15T01:02:16.876+0000] {logging_mixin.py:190} INFO - [2024-10-15T01:02:16.876+0000] {dag.py:4180} INFO - Setting next_dagrun for example_sla_dag to 2024-10-15 01:00:00+00:00, run_after=2024-10-15 01:02:00+00:00
[2024-10-15T01:02:16.897+0000] {processor.py:208} INFO - Processing /home/airflow/.local/lib/python3.12/site-packages/airflow/example_dags/example_sla_dag.py took 0.085 seconds
[2024-10-15T01:02:47.004+0000] {processor.py:186} INFO - Started process (PID=442) to work on /home/airflow/.local/lib/python3.12/site-packages/airflow/example_dags/example_sla_dag.py
[2024-10-15T01:02:47.004+0000] {processor.py:914} INFO - Processing file /home/airflow/.local/lib/python3.12/site-packages/airflow/example_dags/example_sla_dag.py for tasks to queue
[2024-10-15T01:02:47.007+0000] {logging_mixin.py:190} INFO - [2024-10-15T01:02:47.007+0000] {dagbag.py:588} INFO - Filling up the DagBag from /home/airflow/.local/lib/python3.12/site-packages/airflow/example_dags/example_sla_dag.py
[2024-10-15T01:02:47.018+0000] {processor.py:925} INFO - DAG(s) 'example_sla_dag' retrieved from /home/airflow/.local/lib/python3.12/site-packages/airflow/example_dags/example_sla_dag.py
[2024-10-15T01:02:47.036+0000] {logging_mixin.py:190} INFO - [2024-10-15T01:02:47.036+0000] {dag.py:3239} INFO - Sync 1 DAGs
[2024-10-15T01:02:47.063+0000] {logging_mixin.py:190} INFO - [2024-10-15T01:02:47.063+0000] {dag.py:4180} INFO - Setting next_dagrun for example_sla_dag to 2024-10-15 01:00:00+00:00, run_after=2024-10-15 01:02:00+00:00
[2024-10-15T01:02:47.080+0000] {processor.py:208} INFO - Processing /home/airflow/.local/lib/python3.12/site-packages/airflow/example_dags/example_sla_dag.py took 0.082 seconds
[2024-10-15T01:03:17.791+0000] {processor.py:186} INFO - Started process (PID=504) to work on /home/airflow/.local/lib/python3.12/site-packages/airflow/example_dags/example_sla_dag.py
[2024-10-15T01:03:17.794+0000] {processor.py:914} INFO - Processing file /home/airflow/.local/lib/python3.12/site-packages/airflow/example_dags/example_sla_dag.py for tasks to queue
[2024-10-15T01:03:17.795+0000] {logging_mixin.py:190} INFO - [2024-10-15T01:03:17.795+0000] {dagbag.py:588} INFO - Filling up the DagBag from /home/airflow/.local/lib/python3.12/site-packages/airflow/example_dags/example_sla_dag.py
[2024-10-15T01:03:17.806+0000] {processor.py:925} INFO - DAG(s) 'example_sla_dag' retrieved from /home/airflow/.local/lib/python3.12/site-packages/airflow/example_dags/example_sla_dag.py
[2024-10-15T01:03:17.833+0000] {logging_mixin.py:190} INFO - [2024-10-15T01:03:17.832+0000] {dag.py:3239} INFO - Sync 1 DAGs
[2024-10-15T01:03:17.864+0000] {logging_mixin.py:190} INFO - [2024-10-15T01:03:17.864+0000] {dag.py:4180} INFO - Setting next_dagrun for example_sla_dag to 2024-10-15 01:00:00+00:00, run_after=2024-10-15 01:02:00+00:00
[2024-10-15T01:03:17.880+0000] {processor.py:208} INFO - Processing /home/airflow/.local/lib/python3.12/site-packages/airflow/example_dags/example_sla_dag.py took 0.096 seconds
[2024-10-15T01:03:48.681+0000] {processor.py:186} INFO - Started process (PID=566) to work on /home/airflow/.local/lib/python3.12/site-packages/airflow/example_dags/example_sla_dag.py
[2024-10-15T01:03:48.682+0000] {processor.py:914} INFO - Processing file /home/airflow/.local/lib/python3.12/site-packages/airflow/example_dags/example_sla_dag.py for tasks to queue
[2024-10-15T01:03:48.684+0000] {logging_mixin.py:190} INFO - [2024-10-15T01:03:48.684+0000] {dagbag.py:588} INFO - Filling up the DagBag from /home/airflow/.local/lib/python3.12/site-packages/airflow/example_dags/example_sla_dag.py
[2024-10-15T01:03:48.695+0000] {processor.py:925} INFO - DAG(s) 'example_sla_dag' retrieved from /home/airflow/.local/lib/python3.12/site-packages/airflow/example_dags/example_sla_dag.py
[2024-10-15T01:03:48.723+0000] {logging_mixin.py:190} INFO - [2024-10-15T01:03:48.722+0000] {dag.py:3239} INFO - Sync 1 DAGs
[2024-10-15T01:03:48.766+0000] {logging_mixin.py:190} INFO - [2024-10-15T01:03:48.766+0000] {dag.py:4180} INFO - Setting next_dagrun for example_sla_dag to 2024-10-15 01:00:00+00:00, run_after=2024-10-15 01:02:00+00:00
[2024-10-15T01:03:48.788+0000] {processor.py:208} INFO - Processing /home/airflow/.local/lib/python3.12/site-packages/airflow/example_dags/example_sla_dag.py took 0.112 seconds
[2024-10-15T01:04:18.981+0000] {processor.py:186} INFO - Started process (PID=628) to work on /home/airflow/.local/lib/python3.12/site-packages/airflow/example_dags/example_sla_dag.py
[2024-10-15T01:04:18.983+0000] {processor.py:914} INFO - Processing file /home/airflow/.local/lib/python3.12/site-packages/airflow/example_dags/example_sla_dag.py for tasks to queue
[2024-10-15T01:04:18.985+0000] {logging_mixin.py:190} INFO - [2024-10-15T01:04:18.984+0000] {dagbag.py:588} INFO - Filling up the DagBag from /home/airflow/.local/lib/python3.12/site-packages/airflow/example_dags/example_sla_dag.py
[2024-10-15T01:04:18.997+0000] {processor.py:925} INFO - DAG(s) 'example_sla_dag' retrieved from /home/airflow/.local/lib/python3.12/site-packages/airflow/example_dags/example_sla_dag.py
[2024-10-15T01:04:19.017+0000] {logging_mixin.py:190} INFO - [2024-10-15T01:04:19.017+0000] {dag.py:3239} INFO - Sync 1 DAGs
[2024-10-15T01:04:19.048+0000] {logging_mixin.py:190} INFO - [2024-10-15T01:04:19.048+0000] {dag.py:4180} INFO - Setting next_dagrun for example_sla_dag to 2024-10-15 01:02:00+00:00, run_after=2024-10-15 01:04:00+00:00
[2024-10-15T01:04:19.071+0000] {processor.py:208} INFO - Processing /home/airflow/.local/lib/python3.12/site-packages/airflow/example_dags/example_sla_dag.py took 0.096 seconds
[2024-10-15T01:04:49.387+0000] {processor.py:186} INFO - Started process (PID=690) to work on /home/airflow/.local/lib/python3.12/site-packages/airflow/example_dags/example_sla_dag.py
[2024-10-15T01:04:49.388+0000] {processor.py:914} INFO - Processing file /home/airflow/.local/lib/python3.12/site-packages/airflow/example_dags/example_sla_dag.py for tasks to queue
[2024-10-15T01:04:49.390+0000] {logging_mixin.py:190} INFO - [2024-10-15T01:04:49.390+0000] {dagbag.py:588} INFO - Filling up the DagBag from /home/airflow/.local/lib/python3.12/site-packages/airflow/example_dags/example_sla_dag.py
[2024-10-15T01:04:49.402+0000] {processor.py:925} INFO - DAG(s) 'example_sla_dag' retrieved from /home/airflow/.local/lib/python3.12/site-packages/airflow/example_dags/example_sla_dag.py
[2024-10-15T01:04:49.419+0000] {logging_mixin.py:190} INFO - [2024-10-15T01:04:49.419+0000] {dag.py:3239} INFO - Sync 1 DAGs
[2024-10-15T01:04:49.447+0000] {logging_mixin.py:190} INFO - [2024-10-15T01:04:49.447+0000] {dag.py:4180} INFO - Setting next_dagrun for example_sla_dag to 2024-10-15 01:02:00+00:00, run_after=2024-10-15 01:04:00+00:00
[2024-10-15T01:04:49.472+0000] {processor.py:208} INFO - Processing /home/airflow/.local/lib/python3.12/site-packages/airflow/example_dags/example_sla_dag.py took 0.090 seconds
[2024-10-15T01:05:20.207+0000] {processor.py:186} INFO - Started process (PID=752) to work on /home/airflow/.local/lib/python3.12/site-packages/airflow/example_dags/example_sla_dag.py
[2024-10-15T01:05:20.210+0000] {processor.py:914} INFO - Processing file /home/airflow/.local/lib/python3.12/site-packages/airflow/example_dags/example_sla_dag.py for tasks to queue
[2024-10-15T01:05:20.211+0000] {logging_mixin.py:190} INFO - [2024-10-15T01:05:20.211+0000] {dagbag.py:588} INFO - Filling up the DagBag from /home/airflow/.local/lib/python3.12/site-packages/airflow/example_dags/example_sla_dag.py
[2024-10-15T01:05:20.223+0000] {processor.py:925} INFO - DAG(s) 'example_sla_dag' retrieved from /home/airflow/.local/lib/python3.12/site-packages/airflow/example_dags/example_sla_dag.py
[2024-10-15T01:05:20.245+0000] {logging_mixin.py:190} INFO - [2024-10-15T01:05:20.244+0000] {dag.py:3239} INFO - Sync 1 DAGs
[2024-10-15T01:05:20.272+0000] {logging_mixin.py:190} INFO - [2024-10-15T01:05:20.272+0000] {dag.py:4180} INFO - Setting next_dagrun for example_sla_dag to 2024-10-15 01:02:00+00:00, run_after=2024-10-15 01:04:00+00:00
[2024-10-15T01:05:20.290+0000] {processor.py:208} INFO - Processing /home/airflow/.local/lib/python3.12/site-packages/airflow/example_dags/example_sla_dag.py took 0.090 seconds
[2024-10-15T01:05:50.766+0000] {processor.py:186} INFO - Started process (PID=815) to work on /home/airflow/.local/lib/python3.12/site-packages/airflow/example_dags/example_sla_dag.py
[2024-10-15T01:05:50.767+0000] {processor.py:914} INFO - Processing file /home/airflow/.local/lib/python3.12/site-packages/airflow/example_dags/example_sla_dag.py for tasks to queue
[2024-10-15T01:05:50.769+0000] {logging_mixin.py:190} INFO - [2024-10-15T01:05:50.769+0000] {dagbag.py:588} INFO - Filling up the DagBag from /home/airflow/.local/lib/python3.12/site-packages/airflow/example_dags/example_sla_dag.py
[2024-10-15T01:05:50.783+0000] {processor.py:925} INFO - DAG(s) 'example_sla_dag' retrieved from /home/airflow/.local/lib/python3.12/site-packages/airflow/example_dags/example_sla_dag.py
[2024-10-15T01:05:50.813+0000] {logging_mixin.py:190} INFO - [2024-10-15T01:05:50.813+0000] {dag.py:3239} INFO - Sync 1 DAGs
[2024-10-15T01:05:50.840+0000] {logging_mixin.py:190} INFO - [2024-10-15T01:05:50.840+0000] {dag.py:4180} INFO - Setting next_dagrun for example_sla_dag to 2024-10-15 01:02:00+00:00, run_after=2024-10-15 01:04:00+00:00
[2024-10-15T01:05:50.857+0000] {processor.py:208} INFO - Processing /home/airflow/.local/lib/python3.12/site-packages/airflow/example_dags/example_sla_dag.py took 0.097 seconds
[2024-10-15T01:06:21.506+0000] {processor.py:186} INFO - Started process (PID=877) to work on /home/airflow/.local/lib/python3.12/site-packages/airflow/example_dags/example_sla_dag.py
[2024-10-15T01:06:21.512+0000] {processor.py:914} INFO - Processing file /home/airflow/.local/lib/python3.12/site-packages/airflow/example_dags/example_sla_dag.py for tasks to queue
[2024-10-15T01:06:21.526+0000] {logging_mixin.py:190} INFO - [2024-10-15T01:06:21.524+0000] {dagbag.py:588} INFO - Filling up the DagBag from /home/airflow/.local/lib/python3.12/site-packages/airflow/example_dags/example_sla_dag.py
[2024-10-15T01:06:21.554+0000] {processor.py:925} INFO - DAG(s) 'example_sla_dag' retrieved from /home/airflow/.local/lib/python3.12/site-packages/airflow/example_dags/example_sla_dag.py
[2024-10-15T01:06:21.592+0000] {logging_mixin.py:190} INFO - [2024-10-15T01:06:21.592+0000] {dag.py:3239} INFO - Sync 1 DAGs
[2024-10-15T01:06:21.651+0000] {logging_mixin.py:190} INFO - [2024-10-15T01:06:21.651+0000] {dag.py:4180} INFO - Setting next_dagrun for example_sla_dag to 2024-10-15 01:04:00+00:00, run_after=2024-10-15 01:06:00+00:00
[2024-10-15T01:06:21.702+0000] {processor.py:208} INFO - Processing /home/airflow/.local/lib/python3.12/site-packages/airflow/example_dags/example_sla_dag.py took 0.203 seconds
[2024-10-15T01:06:52.312+0000] {processor.py:186} INFO - Started process (PID=939) to work on /home/airflow/.local/lib/python3.12/site-packages/airflow/example_dags/example_sla_dag.py
[2024-10-15T01:06:52.312+0000] {processor.py:914} INFO - Processing file /home/airflow/.local/lib/python3.12/site-packages/airflow/example_dags/example_sla_dag.py for tasks to queue
[2024-10-15T01:06:52.322+0000] {logging_mixin.py:190} INFO - [2024-10-15T01:06:52.315+0000] {dagbag.py:588} INFO - Filling up the DagBag from /home/airflow/.local/lib/python3.12/site-packages/airflow/example_dags/example_sla_dag.py
[2024-10-15T01:06:52.339+0000] {processor.py:925} INFO - DAG(s) 'example_sla_dag' retrieved from /home/airflow/.local/lib/python3.12/site-packages/airflow/example_dags/example_sla_dag.py
[2024-10-15T01:06:52.372+0000] {logging_mixin.py:190} INFO - [2024-10-15T01:06:52.372+0000] {dag.py:3239} INFO - Sync 1 DAGs
[2024-10-15T01:06:52.420+0000] {logging_mixin.py:190} INFO - [2024-10-15T01:06:52.419+0000] {dag.py:4180} INFO - Setting next_dagrun for example_sla_dag to 2024-10-15 01:04:00+00:00, run_after=2024-10-15 01:06:00+00:00
[2024-10-15T01:06:52.450+0000] {processor.py:208} INFO - Processing /home/airflow/.local/lib/python3.12/site-packages/airflow/example_dags/example_sla_dag.py took 0.151 seconds
[2024-10-15T01:07:23.296+0000] {processor.py:186} INFO - Started process (PID=1002) to work on /home/airflow/.local/lib/python3.12/site-packages/airflow/example_dags/example_sla_dag.py
[2024-10-15T01:07:23.298+0000] {processor.py:914} INFO - Processing file /home/airflow/.local/lib/python3.12/site-packages/airflow/example_dags/example_sla_dag.py for tasks to queue
[2024-10-15T01:07:23.300+0000] {logging_mixin.py:190} INFO - [2024-10-15T01:07:23.299+0000] {dagbag.py:588} INFO - Filling up the DagBag from /home/airflow/.local/lib/python3.12/site-packages/airflow/example_dags/example_sla_dag.py
[2024-10-15T01:07:23.315+0000] {processor.py:925} INFO - DAG(s) 'example_sla_dag' retrieved from /home/airflow/.local/lib/python3.12/site-packages/airflow/example_dags/example_sla_dag.py
[2024-10-15T01:07:23.335+0000] {logging_mixin.py:190} INFO - [2024-10-15T01:07:23.335+0000] {dag.py:3239} INFO - Sync 1 DAGs
[2024-10-15T01:07:23.363+0000] {logging_mixin.py:190} INFO - [2024-10-15T01:07:23.363+0000] {dag.py:4180} INFO - Setting next_dagrun for example_sla_dag to 2024-10-15 01:04:00+00:00, run_after=2024-10-15 01:06:00+00:00
[2024-10-15T01:07:23.387+0000] {processor.py:208} INFO - Processing /home/airflow/.local/lib/python3.12/site-packages/airflow/example_dags/example_sla_dag.py took 0.097 seconds
[2024-10-15T01:07:53.603+0000] {processor.py:186} INFO - Started process (PID=1064) to work on /home/airflow/.local/lib/python3.12/site-packages/airflow/example_dags/example_sla_dag.py
[2024-10-15T01:07:53.604+0000] {processor.py:914} INFO - Processing file /home/airflow/.local/lib/python3.12/site-packages/airflow/example_dags/example_sla_dag.py for tasks to queue
[2024-10-15T01:07:53.606+0000] {logging_mixin.py:190} INFO - [2024-10-15T01:07:53.606+0000] {dagbag.py:588} INFO - Filling up the DagBag from /home/airflow/.local/lib/python3.12/site-packages/airflow/example_dags/example_sla_dag.py
[2024-10-15T01:07:53.622+0000] {processor.py:925} INFO - DAG(s) 'example_sla_dag' retrieved from /home/airflow/.local/lib/python3.12/site-packages/airflow/example_dags/example_sla_dag.py
[2024-10-15T01:07:53.641+0000] {logging_mixin.py:190} INFO - [2024-10-15T01:07:53.641+0000] {dag.py:3239} INFO - Sync 1 DAGs
[2024-10-15T01:07:53.675+0000] {logging_mixin.py:190} INFO - [2024-10-15T01:07:53.675+0000] {dag.py:4180} INFO - Setting next_dagrun for example_sla_dag to 2024-10-15 01:04:00+00:00, run_after=2024-10-15 01:06:00+00:00
[2024-10-15T01:07:53.703+0000] {processor.py:208} INFO - Processing /home/airflow/.local/lib/python3.12/site-packages/airflow/example_dags/example_sla_dag.py took 0.108 seconds
[2024-10-15T01:08:23.862+0000] {processor.py:186} INFO - Started process (PID=1126) to work on /home/airflow/.local/lib/python3.12/site-packages/airflow/example_dags/example_sla_dag.py
[2024-10-15T01:08:23.863+0000] {processor.py:914} INFO - Processing file /home/airflow/.local/lib/python3.12/site-packages/airflow/example_dags/example_sla_dag.py for tasks to queue
[2024-10-15T01:08:23.866+0000] {logging_mixin.py:190} INFO - [2024-10-15T01:08:23.864+0000] {dagbag.py:588} INFO - Filling up the DagBag from /home/airflow/.local/lib/python3.12/site-packages/airflow/example_dags/example_sla_dag.py
[2024-10-15T01:08:23.879+0000] {processor.py:925} INFO - DAG(s) 'example_sla_dag' retrieved from /home/airflow/.local/lib/python3.12/site-packages/airflow/example_dags/example_sla_dag.py
[2024-10-15T01:08:23.904+0000] {logging_mixin.py:190} INFO - [2024-10-15T01:08:23.903+0000] {dag.py:3239} INFO - Sync 1 DAGs
[2024-10-15T01:08:23.935+0000] {logging_mixin.py:190} INFO - [2024-10-15T01:08:23.935+0000] {dag.py:4180} INFO - Setting next_dagrun for example_sla_dag to 2024-10-15 01:06:00+00:00, run_after=2024-10-15 01:08:00+00:00
[2024-10-15T01:08:23.953+0000] {processor.py:208} INFO - Processing /home/airflow/.local/lib/python3.12/site-packages/airflow/example_dags/example_sla_dag.py took 0.098 seconds
[2024-10-15T01:08:54.134+0000] {processor.py:186} INFO - Started process (PID=1188) to work on /home/airflow/.local/lib/python3.12/site-packages/airflow/example_dags/example_sla_dag.py
[2024-10-15T01:08:54.136+0000] {processor.py:914} INFO - Processing file /home/airflow/.local/lib/python3.12/site-packages/airflow/example_dags/example_sla_dag.py for tasks to queue
[2024-10-15T01:08:54.139+0000] {logging_mixin.py:190} INFO - [2024-10-15T01:08:54.139+0000] {dagbag.py:588} INFO - Filling up the DagBag from /home/airflow/.local/lib/python3.12/site-packages/airflow/example_dags/example_sla_dag.py
[2024-10-15T01:08:54.148+0000] {processor.py:925} INFO - DAG(s) 'example_sla_dag' retrieved from /home/airflow/.local/lib/python3.12/site-packages/airflow/example_dags/example_sla_dag.py
[2024-10-15T01:08:54.167+0000] {logging_mixin.py:190} INFO - [2024-10-15T01:08:54.167+0000] {dag.py:3239} INFO - Sync 1 DAGs
[2024-10-15T01:08:54.187+0000] {logging_mixin.py:190} INFO - [2024-10-15T01:08:54.187+0000] {dag.py:4180} INFO - Setting next_dagrun for example_sla_dag to 2024-10-15 01:06:00+00:00, run_after=2024-10-15 01:08:00+00:00
[2024-10-15T01:08:54.204+0000] {processor.py:208} INFO - Processing /home/airflow/.local/lib/python3.12/site-packages/airflow/example_dags/example_sla_dag.py took 0.088 seconds
[2024-10-15T01:09:24.569+0000] {processor.py:186} INFO - Started process (PID=1250) to work on /home/airflow/.local/lib/python3.12/site-packages/airflow/example_dags/example_sla_dag.py
[2024-10-15T01:09:24.572+0000] {processor.py:914} INFO - Processing file /home/airflow/.local/lib/python3.12/site-packages/airflow/example_dags/example_sla_dag.py for tasks to queue
[2024-10-15T01:09:24.575+0000] {logging_mixin.py:190} INFO - [2024-10-15T01:09:24.574+0000] {dagbag.py:588} INFO - Filling up the DagBag from /home/airflow/.local/lib/python3.12/site-packages/airflow/example_dags/example_sla_dag.py
[2024-10-15T01:09:24.584+0000] {processor.py:925} INFO - DAG(s) 'example_sla_dag' retrieved from /home/airflow/.local/lib/python3.12/site-packages/airflow/example_dags/example_sla_dag.py
[2024-10-15T01:09:24.606+0000] {logging_mixin.py:190} INFO - [2024-10-15T01:09:24.606+0000] {dag.py:3239} INFO - Sync 1 DAGs
[2024-10-15T01:09:24.635+0000] {logging_mixin.py:190} INFO - [2024-10-15T01:09:24.634+0000] {dag.py:4180} INFO - Setting next_dagrun for example_sla_dag to 2024-10-15 01:06:00+00:00, run_after=2024-10-15 01:08:00+00:00
[2024-10-15T01:09:24.655+0000] {processor.py:208} INFO - Processing /home/airflow/.local/lib/python3.12/site-packages/airflow/example_dags/example_sla_dag.py took 0.093 seconds
[2024-10-15T01:09:55.114+0000] {processor.py:186} INFO - Started process (PID=1314) to work on /home/airflow/.local/lib/python3.12/site-packages/airflow/example_dags/example_sla_dag.py
[2024-10-15T01:09:55.115+0000] {processor.py:914} INFO - Processing file /home/airflow/.local/lib/python3.12/site-packages/airflow/example_dags/example_sla_dag.py for tasks to queue
[2024-10-15T01:09:55.116+0000] {logging_mixin.py:190} INFO - [2024-10-15T01:09:55.116+0000] {dagbag.py:588} INFO - Filling up the DagBag from /home/airflow/.local/lib/python3.12/site-packages/airflow/example_dags/example_sla_dag.py
[2024-10-15T01:09:55.127+0000] {processor.py:925} INFO - DAG(s) 'example_sla_dag' retrieved from /home/airflow/.local/lib/python3.12/site-packages/airflow/example_dags/example_sla_dag.py
[2024-10-15T01:09:55.147+0000] {logging_mixin.py:190} INFO - [2024-10-15T01:09:55.147+0000] {dag.py:3239} INFO - Sync 1 DAGs
[2024-10-15T01:09:55.172+0000] {logging_mixin.py:190} INFO - [2024-10-15T01:09:55.172+0000] {dag.py:4180} INFO - Setting next_dagrun for example_sla_dag to 2024-10-15 01:06:00+00:00, run_after=2024-10-15 01:08:00+00:00
[2024-10-15T01:09:55.188+0000] {processor.py:208} INFO - Processing /home/airflow/.local/lib/python3.12/site-packages/airflow/example_dags/example_sla_dag.py took 0.079 seconds
[2024-10-15T01:10:26.192+0000] {processor.py:186} INFO - Started process (PID=1376) to work on /home/airflow/.local/lib/python3.12/site-packages/airflow/example_dags/example_sla_dag.py
[2024-10-15T01:10:26.194+0000] {processor.py:914} INFO - Processing file /home/airflow/.local/lib/python3.12/site-packages/airflow/example_dags/example_sla_dag.py for tasks to queue
[2024-10-15T01:10:26.195+0000] {logging_mixin.py:190} INFO - [2024-10-15T01:10:26.195+0000] {dagbag.py:588} INFO - Filling up the DagBag from /home/airflow/.local/lib/python3.12/site-packages/airflow/example_dags/example_sla_dag.py
[2024-10-15T01:10:26.206+0000] {processor.py:925} INFO - DAG(s) 'example_sla_dag' retrieved from /home/airflow/.local/lib/python3.12/site-packages/airflow/example_dags/example_sla_dag.py
[2024-10-15T01:10:26.230+0000] {logging_mixin.py:190} INFO - [2024-10-15T01:10:26.230+0000] {dag.py:3239} INFO - Sync 1 DAGs
[2024-10-15T01:10:26.258+0000] {logging_mixin.py:190} INFO - [2024-10-15T01:10:26.256+0000] {dag.py:4180} INFO - Setting next_dagrun for example_sla_dag to 2024-10-15 01:08:00+00:00, run_after=2024-10-15 01:10:00+00:00
[2024-10-15T01:10:26.282+0000] {processor.py:208} INFO - Processing /home/airflow/.local/lib/python3.12/site-packages/airflow/example_dags/example_sla_dag.py took 0.096 seconds
[2024-10-15T01:10:56.539+0000] {processor.py:186} INFO - Started process (PID=1439) to work on /home/airflow/.local/lib/python3.12/site-packages/airflow/example_dags/example_sla_dag.py
[2024-10-15T01:10:56.540+0000] {processor.py:914} INFO - Processing file /home/airflow/.local/lib/python3.12/site-packages/airflow/example_dags/example_sla_dag.py for tasks to queue
[2024-10-15T01:10:56.546+0000] {logging_mixin.py:190} INFO - [2024-10-15T01:10:56.546+0000] {dagbag.py:588} INFO - Filling up the DagBag from /home/airflow/.local/lib/python3.12/site-packages/airflow/example_dags/example_sla_dag.py
[2024-10-15T01:10:56.561+0000] {processor.py:925} INFO - DAG(s) 'example_sla_dag' retrieved from /home/airflow/.local/lib/python3.12/site-packages/airflow/example_dags/example_sla_dag.py
[2024-10-15T01:10:56.587+0000] {logging_mixin.py:190} INFO - [2024-10-15T01:10:56.586+0000] {dag.py:3239} INFO - Sync 1 DAGs
[2024-10-15T01:10:56.627+0000] {logging_mixin.py:190} INFO - [2024-10-15T01:10:56.627+0000] {dag.py:4180} INFO - Setting next_dagrun for example_sla_dag to 2024-10-15 01:08:00+00:00, run_after=2024-10-15 01:10:00+00:00
[2024-10-15T01:10:56.651+0000] {processor.py:208} INFO - Processing /home/airflow/.local/lib/python3.12/site-packages/airflow/example_dags/example_sla_dag.py took 0.123 seconds
[2024-10-15T01:11:26.889+0000] {processor.py:186} INFO - Started process (PID=1502) to work on /home/airflow/.local/lib/python3.12/site-packages/airflow/example_dags/example_sla_dag.py
[2024-10-15T01:11:26.890+0000] {processor.py:914} INFO - Processing file /home/airflow/.local/lib/python3.12/site-packages/airflow/example_dags/example_sla_dag.py for tasks to queue
[2024-10-15T01:11:26.891+0000] {logging_mixin.py:190} INFO - [2024-10-15T01:11:26.891+0000] {dagbag.py:588} INFO - Filling up the DagBag from /home/airflow/.local/lib/python3.12/site-packages/airflow/example_dags/example_sla_dag.py
[2024-10-15T01:11:26.921+0000] {processor.py:925} INFO - DAG(s) 'example_sla_dag' retrieved from /home/airflow/.local/lib/python3.12/site-packages/airflow/example_dags/example_sla_dag.py
[2024-10-15T01:11:26.950+0000] {logging_mixin.py:190} INFO - [2024-10-15T01:11:26.949+0000] {dag.py:3239} INFO - Sync 1 DAGs
[2024-10-15T01:11:26.989+0000] {logging_mixin.py:190} INFO - [2024-10-15T01:11:26.989+0000] {dag.py:4180} INFO - Setting next_dagrun for example_sla_dag to 2024-10-15 01:08:00+00:00, run_after=2024-10-15 01:10:00+00:00
[2024-10-15T01:11:27.007+0000] {processor.py:208} INFO - Processing /home/airflow/.local/lib/python3.12/site-packages/airflow/example_dags/example_sla_dag.py took 0.132 seconds
[2024-10-15T01:11:57.687+0000] {processor.py:186} INFO - Started process (PID=1565) to work on /home/airflow/.local/lib/python3.12/site-packages/airflow/example_dags/example_sla_dag.py
[2024-10-15T01:11:57.689+0000] {processor.py:914} INFO - Processing file /home/airflow/.local/lib/python3.12/site-packages/airflow/example_dags/example_sla_dag.py for tasks to queue
[2024-10-15T01:11:57.690+0000] {logging_mixin.py:190} INFO - [2024-10-15T01:11:57.690+0000] {dagbag.py:588} INFO - Filling up the DagBag from /home/airflow/.local/lib/python3.12/site-packages/airflow/example_dags/example_sla_dag.py
[2024-10-15T01:11:57.713+0000] {processor.py:925} INFO - DAG(s) 'example_sla_dag' retrieved from /home/airflow/.local/lib/python3.12/site-packages/airflow/example_dags/example_sla_dag.py
[2024-10-15T01:11:57.743+0000] {logging_mixin.py:190} INFO - [2024-10-15T01:11:57.742+0000] {dag.py:3239} INFO - Sync 1 DAGs
[2024-10-15T01:11:57.772+0000] {logging_mixin.py:190} INFO - [2024-10-15T01:11:57.771+0000] {dag.py:4180} INFO - Setting next_dagrun for example_sla_dag to 2024-10-15 01:08:00+00:00, run_after=2024-10-15 01:10:00+00:00
[2024-10-15T01:11:57.788+0000] {processor.py:208} INFO - Processing /home/airflow/.local/lib/python3.12/site-packages/airflow/example_dags/example_sla_dag.py took 0.106 seconds
[2024-10-15T01:12:28.248+0000] {processor.py:186} INFO - Started process (PID=1629) to work on /home/airflow/.local/lib/python3.12/site-packages/airflow/example_dags/example_sla_dag.py
[2024-10-15T01:12:28.250+0000] {processor.py:914} INFO - Processing file /home/airflow/.local/lib/python3.12/site-packages/airflow/example_dags/example_sla_dag.py for tasks to queue
[2024-10-15T01:12:28.251+0000] {logging_mixin.py:190} INFO - [2024-10-15T01:12:28.250+0000] {dagbag.py:588} INFO - Filling up the DagBag from /home/airflow/.local/lib/python3.12/site-packages/airflow/example_dags/example_sla_dag.py
[2024-10-15T01:12:28.261+0000] {processor.py:925} INFO - DAG(s) 'example_sla_dag' retrieved from /home/airflow/.local/lib/python3.12/site-packages/airflow/example_dags/example_sla_dag.py
[2024-10-15T01:12:28.284+0000] {logging_mixin.py:190} INFO - [2024-10-15T01:12:28.284+0000] {dag.py:3239} INFO - Sync 1 DAGs
[2024-10-15T01:12:28.316+0000] {logging_mixin.py:190} INFO - [2024-10-15T01:12:28.316+0000] {dag.py:4180} INFO - Setting next_dagrun for example_sla_dag to 2024-10-15 01:10:00+00:00, run_after=2024-10-15 01:12:00+00:00
[2024-10-15T01:12:28.347+0000] {processor.py:208} INFO - Processing /home/airflow/.local/lib/python3.12/site-packages/airflow/example_dags/example_sla_dag.py took 0.103 seconds
[2024-10-15T01:12:58.699+0000] {processor.py:186} INFO - Started process (PID=1694) to work on /home/airflow/.local/lib/python3.12/site-packages/airflow/example_dags/example_sla_dag.py
[2024-10-15T01:12:58.701+0000] {processor.py:914} INFO - Processing file /home/airflow/.local/lib/python3.12/site-packages/airflow/example_dags/example_sla_dag.py for tasks to queue
[2024-10-15T01:12:58.702+0000] {logging_mixin.py:190} INFO - [2024-10-15T01:12:58.701+0000] {dagbag.py:588} INFO - Filling up the DagBag from /home/airflow/.local/lib/python3.12/site-packages/airflow/example_dags/example_sla_dag.py
[2024-10-15T01:12:58.712+0000] {processor.py:925} INFO - DAG(s) 'example_sla_dag' retrieved from /home/airflow/.local/lib/python3.12/site-packages/airflow/example_dags/example_sla_dag.py
[2024-10-15T01:12:58.731+0000] {logging_mixin.py:190} INFO - [2024-10-15T01:12:58.731+0000] {dag.py:3239} INFO - Sync 1 DAGs
[2024-10-15T01:12:58.759+0000] {logging_mixin.py:190} INFO - [2024-10-15T01:12:58.758+0000] {dag.py:4180} INFO - Setting next_dagrun for example_sla_dag to 2024-10-15 01:10:00+00:00, run_after=2024-10-15 01:12:00+00:00
[2024-10-15T01:12:58.776+0000] {processor.py:208} INFO - Processing /home/airflow/.local/lib/python3.12/site-packages/airflow/example_dags/example_sla_dag.py took 0.082 seconds
[2024-10-15T01:13:28.857+0000] {processor.py:186} INFO - Started process (PID=1757) to work on /home/airflow/.local/lib/python3.12/site-packages/airflow/example_dags/example_sla_dag.py
[2024-10-15T01:13:28.859+0000] {processor.py:914} INFO - Processing file /home/airflow/.local/lib/python3.12/site-packages/airflow/example_dags/example_sla_dag.py for tasks to queue
[2024-10-15T01:13:28.859+0000] {logging_mixin.py:190} INFO - [2024-10-15T01:13:28.859+0000] {dagbag.py:588} INFO - Filling up the DagBag from /home/airflow/.local/lib/python3.12/site-packages/airflow/example_dags/example_sla_dag.py
[2024-10-15T01:13:28.867+0000] {processor.py:925} INFO - DAG(s) 'example_sla_dag' retrieved from /home/airflow/.local/lib/python3.12/site-packages/airflow/example_dags/example_sla_dag.py
[2024-10-15T01:13:28.884+0000] {logging_mixin.py:190} INFO - [2024-10-15T01:13:28.884+0000] {dag.py:3239} INFO - Sync 1 DAGs
[2024-10-15T01:13:28.910+0000] {logging_mixin.py:190} INFO - [2024-10-15T01:13:28.909+0000] {dag.py:4180} INFO - Setting next_dagrun for example_sla_dag to 2024-10-15 01:10:00+00:00, run_after=2024-10-15 01:12:00+00:00
[2024-10-15T01:13:28.928+0000] {processor.py:208} INFO - Processing /home/airflow/.local/lib/python3.12/site-packages/airflow/example_dags/example_sla_dag.py took 0.076 seconds
[2024-10-15T01:13:59.371+0000] {processor.py:186} INFO - Started process (PID=1820) to work on /home/airflow/.local/lib/python3.12/site-packages/airflow/example_dags/example_sla_dag.py
[2024-10-15T01:13:59.374+0000] {processor.py:914} INFO - Processing file /home/airflow/.local/lib/python3.12/site-packages/airflow/example_dags/example_sla_dag.py for tasks to queue
[2024-10-15T01:13:59.375+0000] {logging_mixin.py:190} INFO - [2024-10-15T01:13:59.375+0000] {dagbag.py:588} INFO - Filling up the DagBag from /home/airflow/.local/lib/python3.12/site-packages/airflow/example_dags/example_sla_dag.py
[2024-10-15T01:13:59.394+0000] {processor.py:925} INFO - DAG(s) 'example_sla_dag' retrieved from /home/airflow/.local/lib/python3.12/site-packages/airflow/example_dags/example_sla_dag.py
[2024-10-15T01:13:59.421+0000] {logging_mixin.py:190} INFO - [2024-10-15T01:13:59.421+0000] {dag.py:3239} INFO - Sync 1 DAGs
[2024-10-15T01:13:59.460+0000] {logging_mixin.py:190} INFO - [2024-10-15T01:13:59.459+0000] {dag.py:4180} INFO - Setting next_dagrun for example_sla_dag to 2024-10-15 01:10:00+00:00, run_after=2024-10-15 01:12:00+00:00
[2024-10-15T01:13:59.488+0000] {processor.py:208} INFO - Processing /home/airflow/.local/lib/python3.12/site-packages/airflow/example_dags/example_sla_dag.py took 0.126 seconds
[2024-10-15T01:14:30.132+0000] {processor.py:186} INFO - Started process (PID=1883) to work on /home/airflow/.local/lib/python3.12/site-packages/airflow/example_dags/example_sla_dag.py
[2024-10-15T01:14:30.134+0000] {processor.py:914} INFO - Processing file /home/airflow/.local/lib/python3.12/site-packages/airflow/example_dags/example_sla_dag.py for tasks to queue
[2024-10-15T01:14:30.135+0000] {logging_mixin.py:190} INFO - [2024-10-15T01:14:30.135+0000] {dagbag.py:588} INFO - Filling up the DagBag from /home/airflow/.local/lib/python3.12/site-packages/airflow/example_dags/example_sla_dag.py
[2024-10-15T01:14:30.149+0000] {processor.py:925} INFO - DAG(s) 'example_sla_dag' retrieved from /home/airflow/.local/lib/python3.12/site-packages/airflow/example_dags/example_sla_dag.py
[2024-10-15T01:14:30.176+0000] {logging_mixin.py:190} INFO - [2024-10-15T01:14:30.176+0000] {dag.py:3239} INFO - Sync 1 DAGs
[2024-10-15T01:14:30.203+0000] {logging_mixin.py:190} INFO - [2024-10-15T01:14:30.203+0000] {dag.py:4180} INFO - Setting next_dagrun for example_sla_dag to 2024-10-15 01:12:00+00:00, run_after=2024-10-15 01:14:00+00:00
[2024-10-15T01:14:30.223+0000] {processor.py:208} INFO - Processing /home/airflow/.local/lib/python3.12/site-packages/airflow/example_dags/example_sla_dag.py took 0.096 seconds
[2024-10-15T01:15:00.292+0000] {processor.py:186} INFO - Started process (PID=1945) to work on /home/airflow/.local/lib/python3.12/site-packages/airflow/example_dags/example_sla_dag.py
[2024-10-15T01:15:00.292+0000] {processor.py:914} INFO - Processing file /home/airflow/.local/lib/python3.12/site-packages/airflow/example_dags/example_sla_dag.py for tasks to queue
[2024-10-15T01:15:00.294+0000] {logging_mixin.py:190} INFO - [2024-10-15T01:15:00.293+0000] {dagbag.py:588} INFO - Filling up the DagBag from /home/airflow/.local/lib/python3.12/site-packages/airflow/example_dags/example_sla_dag.py
[2024-10-15T01:15:00.304+0000] {processor.py:925} INFO - DAG(s) 'example_sla_dag' retrieved from /home/airflow/.local/lib/python3.12/site-packages/airflow/example_dags/example_sla_dag.py
[2024-10-15T01:15:00.323+0000] {logging_mixin.py:190} INFO - [2024-10-15T01:15:00.323+0000] {dag.py:3239} INFO - Sync 1 DAGs
[2024-10-15T01:15:00.349+0000] {logging_mixin.py:190} INFO - [2024-10-15T01:15:00.349+0000] {dag.py:4180} INFO - Setting next_dagrun for example_sla_dag to 2024-10-15 01:12:00+00:00, run_after=2024-10-15 01:14:00+00:00
[2024-10-15T01:15:00.366+0000] {processor.py:208} INFO - Processing /home/airflow/.local/lib/python3.12/site-packages/airflow/example_dags/example_sla_dag.py took 0.081 seconds
[2024-10-15T01:15:30.866+0000] {processor.py:186} INFO - Started process (PID=2008) to work on /home/airflow/.local/lib/python3.12/site-packages/airflow/example_dags/example_sla_dag.py
[2024-10-15T01:15:30.868+0000] {processor.py:914} INFO - Processing file /home/airflow/.local/lib/python3.12/site-packages/airflow/example_dags/example_sla_dag.py for tasks to queue
[2024-10-15T01:15:30.868+0000] {logging_mixin.py:190} INFO - [2024-10-15T01:15:30.868+0000] {dagbag.py:588} INFO - Filling up the DagBag from /home/airflow/.local/lib/python3.12/site-packages/airflow/example_dags/example_sla_dag.py
[2024-10-15T01:15:30.879+0000] {processor.py:925} INFO - DAG(s) 'example_sla_dag' retrieved from /home/airflow/.local/lib/python3.12/site-packages/airflow/example_dags/example_sla_dag.py
[2024-10-15T01:15:30.901+0000] {logging_mixin.py:190} INFO - [2024-10-15T01:15:30.900+0000] {dag.py:3239} INFO - Sync 1 DAGs
[2024-10-15T01:15:30.928+0000] {logging_mixin.py:190} INFO - [2024-10-15T01:15:30.928+0000] {dag.py:4180} INFO - Setting next_dagrun for example_sla_dag to 2024-10-15 01:12:00+00:00, run_after=2024-10-15 01:14:00+00:00
[2024-10-15T01:15:30.950+0000] {processor.py:208} INFO - Processing /home/airflow/.local/lib/python3.12/site-packages/airflow/example_dags/example_sla_dag.py took 0.090 seconds
[2024-10-15T01:16:01.235+0000] {processor.py:186} INFO - Started process (PID=2070) to work on /home/airflow/.local/lib/python3.12/site-packages/airflow/example_dags/example_sla_dag.py
[2024-10-15T01:16:01.236+0000] {processor.py:914} INFO - Processing file /home/airflow/.local/lib/python3.12/site-packages/airflow/example_dags/example_sla_dag.py for tasks to queue
[2024-10-15T01:16:01.237+0000] {logging_mixin.py:190} INFO - [2024-10-15T01:16:01.236+0000] {dagbag.py:588} INFO - Filling up the DagBag from /home/airflow/.local/lib/python3.12/site-packages/airflow/example_dags/example_sla_dag.py
[2024-10-15T01:16:01.248+0000] {processor.py:925} INFO - DAG(s) 'example_sla_dag' retrieved from /home/airflow/.local/lib/python3.12/site-packages/airflow/example_dags/example_sla_dag.py
[2024-10-15T01:16:01.266+0000] {logging_mixin.py:190} INFO - [2024-10-15T01:16:01.266+0000] {dag.py:3239} INFO - Sync 1 DAGs
[2024-10-15T01:16:01.294+0000] {logging_mixin.py:190} INFO - [2024-10-15T01:16:01.294+0000] {dag.py:4180} INFO - Setting next_dagrun for example_sla_dag to 2024-10-15 01:14:00+00:00, run_after=2024-10-15 01:16:00+00:00
[2024-10-15T01:16:01.312+0000] {processor.py:208} INFO - Processing /home/airflow/.local/lib/python3.12/site-packages/airflow/example_dags/example_sla_dag.py took 0.084 seconds
[2024-10-15T01:16:32.340+0000] {processor.py:186} INFO - Started process (PID=2133) to work on /home/airflow/.local/lib/python3.12/site-packages/airflow/example_dags/example_sla_dag.py
[2024-10-15T01:16:32.347+0000] {processor.py:914} INFO - Processing file /home/airflow/.local/lib/python3.12/site-packages/airflow/example_dags/example_sla_dag.py for tasks to queue
[2024-10-15T01:16:32.348+0000] {logging_mixin.py:190} INFO - [2024-10-15T01:16:32.348+0000] {dagbag.py:588} INFO - Filling up the DagBag from /home/airflow/.local/lib/python3.12/site-packages/airflow/example_dags/example_sla_dag.py
[2024-10-15T01:16:32.372+0000] {processor.py:925} INFO - DAG(s) 'example_sla_dag' retrieved from /home/airflow/.local/lib/python3.12/site-packages/airflow/example_dags/example_sla_dag.py
[2024-10-15T01:16:32.415+0000] {logging_mixin.py:190} INFO - [2024-10-15T01:16:32.414+0000] {dag.py:3239} INFO - Sync 1 DAGs
[2024-10-15T01:16:32.457+0000] {logging_mixin.py:190} INFO - [2024-10-15T01:16:32.457+0000] {dag.py:4180} INFO - Setting next_dagrun for example_sla_dag to 2024-10-15 01:14:00+00:00, run_after=2024-10-15 01:16:00+00:00
[2024-10-15T01:16:32.510+0000] {processor.py:208} INFO - Processing /home/airflow/.local/lib/python3.12/site-packages/airflow/example_dags/example_sla_dag.py took 0.182 seconds
[2024-10-15T01:17:02.635+0000] {processor.py:186} INFO - Started process (PID=2196) to work on /home/airflow/.local/lib/python3.12/site-packages/airflow/example_dags/example_sla_dag.py
[2024-10-15T01:17:02.635+0000] {processor.py:914} INFO - Processing file /home/airflow/.local/lib/python3.12/site-packages/airflow/example_dags/example_sla_dag.py for tasks to queue
[2024-10-15T01:17:02.636+0000] {logging_mixin.py:190} INFO - [2024-10-15T01:17:02.636+0000] {dagbag.py:588} INFO - Filling up the DagBag from /home/airflow/.local/lib/python3.12/site-packages/airflow/example_dags/example_sla_dag.py
[2024-10-15T01:17:02.650+0000] {processor.py:925} INFO - DAG(s) 'example_sla_dag' retrieved from /home/airflow/.local/lib/python3.12/site-packages/airflow/example_dags/example_sla_dag.py
[2024-10-15T01:17:02.671+0000] {logging_mixin.py:190} INFO - [2024-10-15T01:17:02.671+0000] {dag.py:3239} INFO - Sync 1 DAGs
[2024-10-15T01:17:02.697+0000] {logging_mixin.py:190} INFO - [2024-10-15T01:17:02.697+0000] {dag.py:4180} INFO - Setting next_dagrun for example_sla_dag to 2024-10-15 01:14:00+00:00, run_after=2024-10-15 01:16:00+00:00
[2024-10-15T01:17:02.720+0000] {processor.py:208} INFO - Processing /home/airflow/.local/lib/python3.12/site-packages/airflow/example_dags/example_sla_dag.py took 0.091 seconds
[2024-10-15T01:17:33.412+0000] {processor.py:186} INFO - Started process (PID=2259) to work on /home/airflow/.local/lib/python3.12/site-packages/airflow/example_dags/example_sla_dag.py
[2024-10-15T01:17:33.417+0000] {processor.py:914} INFO - Processing file /home/airflow/.local/lib/python3.12/site-packages/airflow/example_dags/example_sla_dag.py for tasks to queue
[2024-10-15T01:17:33.418+0000] {logging_mixin.py:190} INFO - [2024-10-15T01:17:33.417+0000] {dagbag.py:588} INFO - Filling up the DagBag from /home/airflow/.local/lib/python3.12/site-packages/airflow/example_dags/example_sla_dag.py
[2024-10-15T01:17:33.437+0000] {processor.py:925} INFO - DAG(s) 'example_sla_dag' retrieved from /home/airflow/.local/lib/python3.12/site-packages/airflow/example_dags/example_sla_dag.py
[2024-10-15T01:17:33.471+0000] {logging_mixin.py:190} INFO - [2024-10-15T01:17:33.470+0000] {dag.py:3239} INFO - Sync 1 DAGs
[2024-10-15T01:17:33.496+0000] {logging_mixin.py:190} INFO - [2024-10-15T01:17:33.496+0000] {dag.py:4180} INFO - Setting next_dagrun for example_sla_dag to 2024-10-15 01:14:00+00:00, run_after=2024-10-15 01:16:00+00:00
[2024-10-15T01:17:33.519+0000] {processor.py:208} INFO - Processing /home/airflow/.local/lib/python3.12/site-packages/airflow/example_dags/example_sla_dag.py took 0.121 seconds
[2024-10-15T01:18:04.452+0000] {processor.py:186} INFO - Started process (PID=2323) to work on /home/airflow/.local/lib/python3.12/site-packages/airflow/example_dags/example_sla_dag.py
[2024-10-15T01:18:04.454+0000] {processor.py:914} INFO - Processing file /home/airflow/.local/lib/python3.12/site-packages/airflow/example_dags/example_sla_dag.py for tasks to queue
[2024-10-15T01:18:04.455+0000] {logging_mixin.py:190} INFO - [2024-10-15T01:18:04.454+0000] {dagbag.py:588} INFO - Filling up the DagBag from /home/airflow/.local/lib/python3.12/site-packages/airflow/example_dags/example_sla_dag.py
[2024-10-15T01:18:04.464+0000] {processor.py:925} INFO - DAG(s) 'example_sla_dag' retrieved from /home/airflow/.local/lib/python3.12/site-packages/airflow/example_dags/example_sla_dag.py
[2024-10-15T01:18:04.487+0000] {logging_mixin.py:190} INFO - [2024-10-15T01:18:04.487+0000] {dag.py:3239} INFO - Sync 1 DAGs
[2024-10-15T01:18:04.512+0000] {logging_mixin.py:190} INFO - [2024-10-15T01:18:04.512+0000] {dag.py:4180} INFO - Setting next_dagrun for example_sla_dag to 2024-10-15 01:16:00+00:00, run_after=2024-10-15 01:18:00+00:00
[2024-10-15T01:18:04.535+0000] {processor.py:208} INFO - Processing /home/airflow/.local/lib/python3.12/site-packages/airflow/example_dags/example_sla_dag.py took 0.089 seconds
[2024-10-15T01:18:34.784+0000] {processor.py:186} INFO - Started process (PID=2386) to work on /home/airflow/.local/lib/python3.12/site-packages/airflow/example_dags/example_sla_dag.py
[2024-10-15T01:18:34.786+0000] {processor.py:914} INFO - Processing file /home/airflow/.local/lib/python3.12/site-packages/airflow/example_dags/example_sla_dag.py for tasks to queue
[2024-10-15T01:18:34.787+0000] {logging_mixin.py:190} INFO - [2024-10-15T01:18:34.787+0000] {dagbag.py:588} INFO - Filling up the DagBag from /home/airflow/.local/lib/python3.12/site-packages/airflow/example_dags/example_sla_dag.py
[2024-10-15T01:18:34.798+0000] {processor.py:925} INFO - DAG(s) 'example_sla_dag' retrieved from /home/airflow/.local/lib/python3.12/site-packages/airflow/example_dags/example_sla_dag.py
[2024-10-15T01:18:34.820+0000] {logging_mixin.py:190} INFO - [2024-10-15T01:18:34.819+0000] {dag.py:3239} INFO - Sync 1 DAGs
[2024-10-15T01:18:34.844+0000] {logging_mixin.py:190} INFO - [2024-10-15T01:18:34.844+0000] {dag.py:4180} INFO - Setting next_dagrun for example_sla_dag to 2024-10-15 01:16:00+00:00, run_after=2024-10-15 01:18:00+00:00
[2024-10-15T01:18:34.860+0000] {processor.py:208} INFO - Processing /home/airflow/.local/lib/python3.12/site-packages/airflow/example_dags/example_sla_dag.py took 0.082 seconds
[2024-10-15T01:19:05.190+0000] {processor.py:186} INFO - Started process (PID=2449) to work on /home/airflow/.local/lib/python3.12/site-packages/airflow/example_dags/example_sla_dag.py
[2024-10-15T01:19:05.192+0000] {processor.py:914} INFO - Processing file /home/airflow/.local/lib/python3.12/site-packages/airflow/example_dags/example_sla_dag.py for tasks to queue
[2024-10-15T01:19:05.192+0000] {logging_mixin.py:190} INFO - [2024-10-15T01:19:05.192+0000] {dagbag.py:588} INFO - Filling up the DagBag from /home/airflow/.local/lib/python3.12/site-packages/airflow/example_dags/example_sla_dag.py
[2024-10-15T01:19:05.207+0000] {processor.py:925} INFO - DAG(s) 'example_sla_dag' retrieved from /home/airflow/.local/lib/python3.12/site-packages/airflow/example_dags/example_sla_dag.py
[2024-10-15T01:19:05.229+0000] {logging_mixin.py:190} INFO - [2024-10-15T01:19:05.228+0000] {dag.py:3239} INFO - Sync 1 DAGs
[2024-10-15T01:19:05.263+0000] {logging_mixin.py:190} INFO - [2024-10-15T01:19:05.263+0000] {dag.py:4180} INFO - Setting next_dagrun for example_sla_dag to 2024-10-15 01:16:00+00:00, run_after=2024-10-15 01:18:00+00:00
[2024-10-15T01:19:05.283+0000] {processor.py:208} INFO - Processing /home/airflow/.local/lib/python3.12/site-packages/airflow/example_dags/example_sla_dag.py took 0.099 seconds
[2024-10-15T01:19:35.567+0000] {processor.py:186} INFO - Started process (PID=2512) to work on /home/airflow/.local/lib/python3.12/site-packages/airflow/example_dags/example_sla_dag.py
[2024-10-15T01:19:35.568+0000] {processor.py:914} INFO - Processing file /home/airflow/.local/lib/python3.12/site-packages/airflow/example_dags/example_sla_dag.py for tasks to queue
[2024-10-15T01:19:35.568+0000] {logging_mixin.py:190} INFO - [2024-10-15T01:19:35.568+0000] {dagbag.py:588} INFO - Filling up the DagBag from /home/airflow/.local/lib/python3.12/site-packages/airflow/example_dags/example_sla_dag.py
[2024-10-15T01:19:35.579+0000] {processor.py:925} INFO - DAG(s) 'example_sla_dag' retrieved from /home/airflow/.local/lib/python3.12/site-packages/airflow/example_dags/example_sla_dag.py
[2024-10-15T01:19:35.597+0000] {logging_mixin.py:190} INFO - [2024-10-15T01:19:35.596+0000] {dag.py:3239} INFO - Sync 1 DAGs
[2024-10-15T01:19:35.625+0000] {logging_mixin.py:190} INFO - [2024-10-15T01:19:35.624+0000] {dag.py:4180} INFO - Setting next_dagrun for example_sla_dag to 2024-10-15 01:16:00+00:00, run_after=2024-10-15 01:18:00+00:00
[2024-10-15T01:19:35.641+0000] {processor.py:208} INFO - Processing /home/airflow/.local/lib/python3.12/site-packages/airflow/example_dags/example_sla_dag.py took 0.080 seconds
[2024-10-15T01:20:06.289+0000] {processor.py:186} INFO - Started process (PID=2575) to work on /home/airflow/.local/lib/python3.12/site-packages/airflow/example_dags/example_sla_dag.py
[2024-10-15T01:20:06.291+0000] {processor.py:914} INFO - Processing file /home/airflow/.local/lib/python3.12/site-packages/airflow/example_dags/example_sla_dag.py for tasks to queue
[2024-10-15T01:20:06.292+0000] {logging_mixin.py:190} INFO - [2024-10-15T01:20:06.292+0000] {dagbag.py:588} INFO - Filling up the DagBag from /home/airflow/.local/lib/python3.12/site-packages/airflow/example_dags/example_sla_dag.py
[2024-10-15T01:20:06.312+0000] {processor.py:925} INFO - DAG(s) 'example_sla_dag' retrieved from /home/airflow/.local/lib/python3.12/site-packages/airflow/example_dags/example_sla_dag.py
[2024-10-15T01:20:06.360+0000] {logging_mixin.py:190} INFO - [2024-10-15T01:20:06.354+0000] {dag.py:3239} INFO - Sync 1 DAGs
[2024-10-15T01:20:06.491+0000] {logging_mixin.py:190} INFO - [2024-10-15T01:20:06.491+0000] {dag.py:4180} INFO - Setting next_dagrun for example_sla_dag to 2024-10-15 01:18:00+00:00, run_after=2024-10-15 01:20:00+00:00
[2024-10-15T01:20:06.565+0000] {processor.py:208} INFO - Processing /home/airflow/.local/lib/python3.12/site-packages/airflow/example_dags/example_sla_dag.py took 0.288 seconds
[2024-10-15T01:20:37.331+0000] {processor.py:186} INFO - Started process (PID=2639) to work on /home/airflow/.local/lib/python3.12/site-packages/airflow/example_dags/example_sla_dag.py
[2024-10-15T01:20:37.333+0000] {processor.py:914} INFO - Processing file /home/airflow/.local/lib/python3.12/site-packages/airflow/example_dags/example_sla_dag.py for tasks to queue
[2024-10-15T01:20:37.335+0000] {logging_mixin.py:190} INFO - [2024-10-15T01:20:37.334+0000] {dagbag.py:588} INFO - Filling up the DagBag from /home/airflow/.local/lib/python3.12/site-packages/airflow/example_dags/example_sla_dag.py
[2024-10-15T01:20:37.344+0000] {processor.py:925} INFO - DAG(s) 'example_sla_dag' retrieved from /home/airflow/.local/lib/python3.12/site-packages/airflow/example_dags/example_sla_dag.py
[2024-10-15T01:20:37.366+0000] {logging_mixin.py:190} INFO - [2024-10-15T01:20:37.366+0000] {dag.py:3239} INFO - Sync 1 DAGs
[2024-10-15T01:20:37.391+0000] {logging_mixin.py:190} INFO - [2024-10-15T01:20:37.391+0000] {dag.py:4180} INFO - Setting next_dagrun for example_sla_dag to 2024-10-15 01:18:00+00:00, run_after=2024-10-15 01:20:00+00:00
[2024-10-15T01:20:37.408+0000] {processor.py:208} INFO - Processing /home/airflow/.local/lib/python3.12/site-packages/airflow/example_dags/example_sla_dag.py took 0.083 seconds
[2024-10-15T01:21:07.544+0000] {processor.py:186} INFO - Started process (PID=2702) to work on /home/airflow/.local/lib/python3.12/site-packages/airflow/example_dags/example_sla_dag.py
[2024-10-15T01:21:07.548+0000] {processor.py:914} INFO - Processing file /home/airflow/.local/lib/python3.12/site-packages/airflow/example_dags/example_sla_dag.py for tasks to queue
[2024-10-15T01:21:07.556+0000] {logging_mixin.py:190} INFO - [2024-10-15T01:21:07.555+0000] {dagbag.py:588} INFO - Filling up the DagBag from /home/airflow/.local/lib/python3.12/site-packages/airflow/example_dags/example_sla_dag.py
[2024-10-15T01:21:07.565+0000] {processor.py:925} INFO - DAG(s) 'example_sla_dag' retrieved from /home/airflow/.local/lib/python3.12/site-packages/airflow/example_dags/example_sla_dag.py
[2024-10-15T01:21:07.602+0000] {logging_mixin.py:190} INFO - [2024-10-15T01:21:07.602+0000] {dag.py:3239} INFO - Sync 1 DAGs
[2024-10-15T01:21:07.635+0000] {logging_mixin.py:190} INFO - [2024-10-15T01:21:07.635+0000] {dag.py:4180} INFO - Setting next_dagrun for example_sla_dag to 2024-10-15 01:18:00+00:00, run_after=2024-10-15 01:20:00+00:00
[2024-10-15T01:21:07.674+0000] {processor.py:208} INFO - Processing /home/airflow/.local/lib/python3.12/site-packages/airflow/example_dags/example_sla_dag.py took 0.135 seconds
[2024-10-15T01:21:38.269+0000] {processor.py:186} INFO - Started process (PID=2765) to work on /home/airflow/.local/lib/python3.12/site-packages/airflow/example_dags/example_sla_dag.py
[2024-10-15T01:21:38.269+0000] {processor.py:914} INFO - Processing file /home/airflow/.local/lib/python3.12/site-packages/airflow/example_dags/example_sla_dag.py for tasks to queue
[2024-10-15T01:21:38.271+0000] {logging_mixin.py:190} INFO - [2024-10-15T01:21:38.271+0000] {dagbag.py:588} INFO - Filling up the DagBag from /home/airflow/.local/lib/python3.12/site-packages/airflow/example_dags/example_sla_dag.py
[2024-10-15T01:21:38.281+0000] {processor.py:925} INFO - DAG(s) 'example_sla_dag' retrieved from /home/airflow/.local/lib/python3.12/site-packages/airflow/example_dags/example_sla_dag.py
[2024-10-15T01:21:38.301+0000] {logging_mixin.py:190} INFO - [2024-10-15T01:21:38.301+0000] {dag.py:3239} INFO - Sync 1 DAGs
[2024-10-15T01:21:38.331+0000] {logging_mixin.py:190} INFO - [2024-10-15T01:21:38.331+0000] {dag.py:4180} INFO - Setting next_dagrun for example_sla_dag to 2024-10-15 01:18:00+00:00, run_after=2024-10-15 01:20:00+00:00
[2024-10-15T01:21:38.349+0000] {processor.py:208} INFO - Processing /home/airflow/.local/lib/python3.12/site-packages/airflow/example_dags/example_sla_dag.py took 0.086 seconds
[2024-10-15T01:22:09.023+0000] {processor.py:186} INFO - Started process (PID=2827) to work on /home/airflow/.local/lib/python3.12/site-packages/airflow/example_dags/example_sla_dag.py
[2024-10-15T01:22:09.024+0000] {processor.py:914} INFO - Processing file /home/airflow/.local/lib/python3.12/site-packages/airflow/example_dags/example_sla_dag.py for tasks to queue
[2024-10-15T01:22:09.027+0000] {logging_mixin.py:190} INFO - [2024-10-15T01:22:09.025+0000] {dagbag.py:588} INFO - Filling up the DagBag from /home/airflow/.local/lib/python3.12/site-packages/airflow/example_dags/example_sla_dag.py
[2024-10-15T01:22:09.037+0000] {processor.py:925} INFO - DAG(s) 'example_sla_dag' retrieved from /home/airflow/.local/lib/python3.12/site-packages/airflow/example_dags/example_sla_dag.py
[2024-10-15T01:22:09.060+0000] {logging_mixin.py:190} INFO - [2024-10-15T01:22:09.059+0000] {dag.py:3239} INFO - Sync 1 DAGs
[2024-10-15T01:22:09.086+0000] {logging_mixin.py:190} INFO - [2024-10-15T01:22:09.086+0000] {dag.py:4180} INFO - Setting next_dagrun for example_sla_dag to 2024-10-15 01:20:00+00:00, run_after=2024-10-15 01:22:00+00:00
[2024-10-15T01:22:09.105+0000] {processor.py:208} INFO - Processing /home/airflow/.local/lib/python3.12/site-packages/airflow/example_dags/example_sla_dag.py took 0.087 seconds
[2024-10-15T01:22:39.378+0000] {processor.py:186} INFO - Started process (PID=2890) to work on /home/airflow/.local/lib/python3.12/site-packages/airflow/example_dags/example_sla_dag.py
[2024-10-15T01:22:39.379+0000] {processor.py:914} INFO - Processing file /home/airflow/.local/lib/python3.12/site-packages/airflow/example_dags/example_sla_dag.py for tasks to queue
[2024-10-15T01:22:39.380+0000] {logging_mixin.py:190} INFO - [2024-10-15T01:22:39.380+0000] {dagbag.py:588} INFO - Filling up the DagBag from /home/airflow/.local/lib/python3.12/site-packages/airflow/example_dags/example_sla_dag.py
[2024-10-15T01:22:39.408+0000] {processor.py:925} INFO - DAG(s) 'example_sla_dag' retrieved from /home/airflow/.local/lib/python3.12/site-packages/airflow/example_dags/example_sla_dag.py
[2024-10-15T01:22:39.443+0000] {logging_mixin.py:190} INFO - [2024-10-15T01:22:39.443+0000] {dag.py:3239} INFO - Sync 1 DAGs
[2024-10-15T01:22:39.484+0000] {logging_mixin.py:190} INFO - [2024-10-15T01:22:39.484+0000] {dag.py:4180} INFO - Setting next_dagrun for example_sla_dag to 2024-10-15 01:20:00+00:00, run_after=2024-10-15 01:22:00+00:00
[2024-10-15T01:22:39.523+0000] {processor.py:208} INFO - Processing /home/airflow/.local/lib/python3.12/site-packages/airflow/example_dags/example_sla_dag.py took 0.155 seconds
[2024-10-15T01:23:10.454+0000] {processor.py:186} INFO - Started process (PID=2954) to work on /home/airflow/.local/lib/python3.12/site-packages/airflow/example_dags/example_sla_dag.py
[2024-10-15T01:23:10.456+0000] {processor.py:914} INFO - Processing file /home/airflow/.local/lib/python3.12/site-packages/airflow/example_dags/example_sla_dag.py for tasks to queue
[2024-10-15T01:23:10.457+0000] {logging_mixin.py:190} INFO - [2024-10-15T01:23:10.457+0000] {dagbag.py:588} INFO - Filling up the DagBag from /home/airflow/.local/lib/python3.12/site-packages/airflow/example_dags/example_sla_dag.py
[2024-10-15T01:23:10.471+0000] {processor.py:925} INFO - DAG(s) 'example_sla_dag' retrieved from /home/airflow/.local/lib/python3.12/site-packages/airflow/example_dags/example_sla_dag.py
[2024-10-15T01:23:10.504+0000] {logging_mixin.py:190} INFO - [2024-10-15T01:23:10.504+0000] {dag.py:3239} INFO - Sync 1 DAGs
[2024-10-15T01:23:10.538+0000] {logging_mixin.py:190} INFO - [2024-10-15T01:23:10.538+0000] {dag.py:4180} INFO - Setting next_dagrun for example_sla_dag to 2024-10-15 01:20:00+00:00, run_after=2024-10-15 01:22:00+00:00
[2024-10-15T01:23:10.556+0000] {processor.py:208} INFO - Processing /home/airflow/.local/lib/python3.12/site-packages/airflow/example_dags/example_sla_dag.py took 0.109 seconds
