[2024-10-15T01:00:00.896+0000] {processor.py:186} INFO - Started process (PID=113) to work on /home/airflow/.local/lib/python3.12/site-packages/airflow/example_dags/example_display_name.py
[2024-10-15T01:00:00.897+0000] {processor.py:914} INFO - Processing file /home/airflow/.local/lib/python3.12/site-packages/airflow/example_dags/example_display_name.py for tasks to queue
[2024-10-15T01:00:00.899+0000] {logging_mixin.py:190} INFO - [2024-10-15T01:00:00.899+0000] {dagbag.py:588} INFO - Filling up the DagBag from /home/airflow/.local/lib/python3.12/site-packages/airflow/example_dags/example_display_name.py
[2024-10-15T01:00:00.958+0000] {processor.py:925} INFO - DAG(s) 'example_display_name' retrieved from /home/airflow/.local/lib/python3.12/site-packages/airflow/example_dags/example_display_name.py
[2024-10-15T01:00:01.776+0000] {logging_mixin.py:190} INFO - [2024-10-15T01:00:01.766+0000] {override.py:1900} INFO - Created Permission View: can edit on DAG:example_display_name
[2024-10-15T01:00:01.873+0000] {logging_mixin.py:190} INFO - [2024-10-15T01:00:01.872+0000] {override.py:1900} INFO - Created Permission View: can delete on DAG:example_display_name
[2024-10-15T01:00:01.904+0000] {logging_mixin.py:190} INFO - [2024-10-15T01:00:01.902+0000] {override.py:1900} INFO - Created Permission View: can read on DAG:example_display_name
[2024-10-15T01:00:01.970+0000] {logging_mixin.py:190} INFO - [2024-10-15T01:00:01.966+0000] {override.py:1900} INFO - Created Permission View: can create on DAG Run:example_display_name
[2024-10-15T01:00:01.994+0000] {logging_mixin.py:190} INFO - [2024-10-15T01:00:01.994+0000] {override.py:1900} INFO - Created Permission View: menu access on DAG Run:example_display_name
[2024-10-15T01:00:02.040+0000] {logging_mixin.py:190} INFO - [2024-10-15T01:00:02.040+0000] {override.py:1900} INFO - Created Permission View: can read on DAG Run:example_display_name
[2024-10-15T01:00:02.090+0000] {logging_mixin.py:190} INFO - [2024-10-15T01:00:02.090+0000] {override.py:1900} INFO - Created Permission View: can delete on DAG Run:example_display_name
[2024-10-15T01:00:02.091+0000] {logging_mixin.py:190} INFO - [2024-10-15T01:00:02.090+0000] {dag.py:3239} INFO - Sync 1 DAGs
[2024-10-15T01:00:02.143+0000] {logging_mixin.py:190} INFO - [2024-10-15T01:00:02.142+0000] {dag.py:3262} INFO - Creating ORM DAG for example_display_name
[2024-10-15T01:00:02.143+0000] {logging_mixin.py:190} INFO - [2024-10-15T01:00:02.143+0000] {dag.py:4180} INFO - Setting next_dagrun for example_display_name to None, run_after=None
[2024-10-15T01:00:02.249+0000] {processor.py:208} INFO - Processing /home/airflow/.local/lib/python3.12/site-packages/airflow/example_dags/example_display_name.py took 1.373 seconds
[2024-10-15T01:00:33.062+0000] {processor.py:186} INFO - Started process (PID=175) to work on /home/airflow/.local/lib/python3.12/site-packages/airflow/example_dags/example_display_name.py
[2024-10-15T01:00:33.065+0000] {processor.py:914} INFO - Processing file /home/airflow/.local/lib/python3.12/site-packages/airflow/example_dags/example_display_name.py for tasks to queue
[2024-10-15T01:00:33.067+0000] {logging_mixin.py:190} INFO - [2024-10-15T01:00:33.067+0000] {dagbag.py:588} INFO - Filling up the DagBag from /home/airflow/.local/lib/python3.12/site-packages/airflow/example_dags/example_display_name.py
[2024-10-15T01:00:33.079+0000] {processor.py:925} INFO - DAG(s) 'example_display_name' retrieved from /home/airflow/.local/lib/python3.12/site-packages/airflow/example_dags/example_display_name.py
[2024-10-15T01:00:33.134+0000] {logging_mixin.py:190} INFO - [2024-10-15T01:00:33.134+0000] {dag.py:3239} INFO - Sync 1 DAGs
[2024-10-15T01:00:33.157+0000] {logging_mixin.py:190} INFO - [2024-10-15T01:00:33.157+0000] {dag.py:4180} INFO - Setting next_dagrun for example_display_name to None, run_after=None
[2024-10-15T01:00:33.202+0000] {processor.py:208} INFO - Processing /home/airflow/.local/lib/python3.12/site-packages/airflow/example_dags/example_display_name.py took 0.157 seconds
[2024-10-15T01:01:03.279+0000] {processor.py:186} INFO - Started process (PID=239) to work on /home/airflow/.local/lib/python3.12/site-packages/airflow/example_dags/example_display_name.py
[2024-10-15T01:01:03.283+0000] {processor.py:914} INFO - Processing file /home/airflow/.local/lib/python3.12/site-packages/airflow/example_dags/example_display_name.py for tasks to queue
[2024-10-15T01:01:03.284+0000] {logging_mixin.py:190} INFO - [2024-10-15T01:01:03.284+0000] {dagbag.py:588} INFO - Filling up the DagBag from /home/airflow/.local/lib/python3.12/site-packages/airflow/example_dags/example_display_name.py
[2024-10-15T01:01:03.291+0000] {processor.py:925} INFO - DAG(s) 'example_display_name' retrieved from /home/airflow/.local/lib/python3.12/site-packages/airflow/example_dags/example_display_name.py
[2024-10-15T01:01:03.310+0000] {logging_mixin.py:190} INFO - [2024-10-15T01:01:03.310+0000] {dag.py:3239} INFO - Sync 1 DAGs
[2024-10-15T01:01:03.336+0000] {logging_mixin.py:190} INFO - [2024-10-15T01:01:03.336+0000] {dag.py:4180} INFO - Setting next_dagrun for example_display_name to None, run_after=None
[2024-10-15T01:01:03.357+0000] {processor.py:208} INFO - Processing /home/airflow/.local/lib/python3.12/site-packages/airflow/example_dags/example_display_name.py took 0.083 seconds
[2024-10-15T01:01:33.672+0000] {processor.py:186} INFO - Started process (PID=298) to work on /home/airflow/.local/lib/python3.12/site-packages/airflow/example_dags/example_display_name.py
[2024-10-15T01:01:33.676+0000] {processor.py:914} INFO - Processing file /home/airflow/.local/lib/python3.12/site-packages/airflow/example_dags/example_display_name.py for tasks to queue
[2024-10-15T01:01:33.679+0000] {logging_mixin.py:190} INFO - [2024-10-15T01:01:33.678+0000] {dagbag.py:588} INFO - Filling up the DagBag from /home/airflow/.local/lib/python3.12/site-packages/airflow/example_dags/example_display_name.py
[2024-10-15T01:01:33.687+0000] {processor.py:925} INFO - DAG(s) 'example_display_name' retrieved from /home/airflow/.local/lib/python3.12/site-packages/airflow/example_dags/example_display_name.py
[2024-10-15T01:01:33.709+0000] {logging_mixin.py:190} INFO - [2024-10-15T01:01:33.708+0000] {dag.py:3239} INFO - Sync 1 DAGs
[2024-10-15T01:01:33.723+0000] {logging_mixin.py:190} INFO - [2024-10-15T01:01:33.723+0000] {dag.py:4180} INFO - Setting next_dagrun for example_display_name to None, run_after=None
[2024-10-15T01:01:33.746+0000] {processor.py:208} INFO - Processing /home/airflow/.local/lib/python3.12/site-packages/airflow/example_dags/example_display_name.py took 0.079 seconds
[2024-10-15T01:02:03.894+0000] {processor.py:186} INFO - Started process (PID=360) to work on /home/airflow/.local/lib/python3.12/site-packages/airflow/example_dags/example_display_name.py
[2024-10-15T01:02:03.895+0000] {processor.py:914} INFO - Processing file /home/airflow/.local/lib/python3.12/site-packages/airflow/example_dags/example_display_name.py for tasks to queue
[2024-10-15T01:02:03.898+0000] {logging_mixin.py:190} INFO - [2024-10-15T01:02:03.897+0000] {dagbag.py:588} INFO - Filling up the DagBag from /home/airflow/.local/lib/python3.12/site-packages/airflow/example_dags/example_display_name.py
[2024-10-15T01:02:03.904+0000] {processor.py:925} INFO - DAG(s) 'example_display_name' retrieved from /home/airflow/.local/lib/python3.12/site-packages/airflow/example_dags/example_display_name.py
[2024-10-15T01:02:03.928+0000] {logging_mixin.py:190} INFO - [2024-10-15T01:02:03.928+0000] {dag.py:3239} INFO - Sync 1 DAGs
[2024-10-15T01:02:03.945+0000] {logging_mixin.py:190} INFO - [2024-10-15T01:02:03.943+0000] {dag.py:4180} INFO - Setting next_dagrun for example_display_name to None, run_after=None
[2024-10-15T01:02:03.963+0000] {processor.py:208} INFO - Processing /home/airflow/.local/lib/python3.12/site-packages/airflow/example_dags/example_display_name.py took 0.075 seconds
[2024-10-15T01:02:34.199+0000] {processor.py:186} INFO - Started process (PID=421) to work on /home/airflow/.local/lib/python3.12/site-packages/airflow/example_dags/example_display_name.py
[2024-10-15T01:02:34.201+0000] {processor.py:914} INFO - Processing file /home/airflow/.local/lib/python3.12/site-packages/airflow/example_dags/example_display_name.py for tasks to queue
[2024-10-15T01:02:34.203+0000] {logging_mixin.py:190} INFO - [2024-10-15T01:02:34.203+0000] {dagbag.py:588} INFO - Filling up the DagBag from /home/airflow/.local/lib/python3.12/site-packages/airflow/example_dags/example_display_name.py
[2024-10-15T01:02:34.211+0000] {processor.py:925} INFO - DAG(s) 'example_display_name' retrieved from /home/airflow/.local/lib/python3.12/site-packages/airflow/example_dags/example_display_name.py
[2024-10-15T01:02:34.236+0000] {logging_mixin.py:190} INFO - [2024-10-15T01:02:34.236+0000] {dag.py:3239} INFO - Sync 1 DAGs
[2024-10-15T01:02:34.251+0000] {logging_mixin.py:190} INFO - [2024-10-15T01:02:34.251+0000] {dag.py:4180} INFO - Setting next_dagrun for example_display_name to None, run_after=None
[2024-10-15T01:02:34.272+0000] {processor.py:208} INFO - Processing /home/airflow/.local/lib/python3.12/site-packages/airflow/example_dags/example_display_name.py took 0.078 seconds
[2024-10-15T01:03:05.020+0000] {processor.py:186} INFO - Started process (PID=483) to work on /home/airflow/.local/lib/python3.12/site-packages/airflow/example_dags/example_display_name.py
[2024-10-15T01:03:05.022+0000] {processor.py:914} INFO - Processing file /home/airflow/.local/lib/python3.12/site-packages/airflow/example_dags/example_display_name.py for tasks to queue
[2024-10-15T01:03:05.025+0000] {logging_mixin.py:190} INFO - [2024-10-15T01:03:05.024+0000] {dagbag.py:588} INFO - Filling up the DagBag from /home/airflow/.local/lib/python3.12/site-packages/airflow/example_dags/example_display_name.py
[2024-10-15T01:03:05.032+0000] {processor.py:925} INFO - DAG(s) 'example_display_name' retrieved from /home/airflow/.local/lib/python3.12/site-packages/airflow/example_dags/example_display_name.py
[2024-10-15T01:03:05.086+0000] {logging_mixin.py:190} INFO - [2024-10-15T01:03:05.084+0000] {dag.py:3239} INFO - Sync 1 DAGs
[2024-10-15T01:03:05.134+0000] {logging_mixin.py:190} INFO - [2024-10-15T01:03:05.132+0000] {dag.py:4180} INFO - Setting next_dagrun for example_display_name to None, run_after=None
[2024-10-15T01:03:05.172+0000] {processor.py:208} INFO - Processing /home/airflow/.local/lib/python3.12/site-packages/airflow/example_dags/example_display_name.py took 0.173 seconds
[2024-10-15T01:03:35.947+0000] {processor.py:186} INFO - Started process (PID=545) to work on /home/airflow/.local/lib/python3.12/site-packages/airflow/example_dags/example_display_name.py
[2024-10-15T01:03:35.949+0000] {processor.py:914} INFO - Processing file /home/airflow/.local/lib/python3.12/site-packages/airflow/example_dags/example_display_name.py for tasks to queue
[2024-10-15T01:03:35.951+0000] {logging_mixin.py:190} INFO - [2024-10-15T01:03:35.951+0000] {dagbag.py:588} INFO - Filling up the DagBag from /home/airflow/.local/lib/python3.12/site-packages/airflow/example_dags/example_display_name.py
[2024-10-15T01:03:35.959+0000] {processor.py:925} INFO - DAG(s) 'example_display_name' retrieved from /home/airflow/.local/lib/python3.12/site-packages/airflow/example_dags/example_display_name.py
[2024-10-15T01:03:35.978+0000] {logging_mixin.py:190} INFO - [2024-10-15T01:03:35.978+0000] {dag.py:3239} INFO - Sync 1 DAGs
[2024-10-15T01:03:35.994+0000] {logging_mixin.py:190} INFO - [2024-10-15T01:03:35.993+0000] {dag.py:4180} INFO - Setting next_dagrun for example_display_name to None, run_after=None
[2024-10-15T01:03:36.012+0000] {processor.py:208} INFO - Processing /home/airflow/.local/lib/python3.12/site-packages/airflow/example_dags/example_display_name.py took 0.071 seconds
[2024-10-15T01:04:06.081+0000] {processor.py:186} INFO - Started process (PID=607) to work on /home/airflow/.local/lib/python3.12/site-packages/airflow/example_dags/example_display_name.py
[2024-10-15T01:04:06.083+0000] {processor.py:914} INFO - Processing file /home/airflow/.local/lib/python3.12/site-packages/airflow/example_dags/example_display_name.py for tasks to queue
[2024-10-15T01:04:06.086+0000] {logging_mixin.py:190} INFO - [2024-10-15T01:04:06.086+0000] {dagbag.py:588} INFO - Filling up the DagBag from /home/airflow/.local/lib/python3.12/site-packages/airflow/example_dags/example_display_name.py
[2024-10-15T01:04:06.095+0000] {processor.py:925} INFO - DAG(s) 'example_display_name' retrieved from /home/airflow/.local/lib/python3.12/site-packages/airflow/example_dags/example_display_name.py
[2024-10-15T01:04:06.115+0000] {logging_mixin.py:190} INFO - [2024-10-15T01:04:06.114+0000] {dag.py:3239} INFO - Sync 1 DAGs
[2024-10-15T01:04:06.136+0000] {logging_mixin.py:190} INFO - [2024-10-15T01:04:06.136+0000] {dag.py:4180} INFO - Setting next_dagrun for example_display_name to None, run_after=None
[2024-10-15T01:04:06.174+0000] {processor.py:208} INFO - Processing /home/airflow/.local/lib/python3.12/site-packages/airflow/example_dags/example_display_name.py took 0.101 seconds
[2024-10-15T01:04:36.376+0000] {processor.py:186} INFO - Started process (PID=669) to work on /home/airflow/.local/lib/python3.12/site-packages/airflow/example_dags/example_display_name.py
[2024-10-15T01:04:36.382+0000] {processor.py:914} INFO - Processing file /home/airflow/.local/lib/python3.12/site-packages/airflow/example_dags/example_display_name.py for tasks to queue
[2024-10-15T01:04:36.384+0000] {logging_mixin.py:190} INFO - [2024-10-15T01:04:36.384+0000] {dagbag.py:588} INFO - Filling up the DagBag from /home/airflow/.local/lib/python3.12/site-packages/airflow/example_dags/example_display_name.py
[2024-10-15T01:04:36.396+0000] {processor.py:925} INFO - DAG(s) 'example_display_name' retrieved from /home/airflow/.local/lib/python3.12/site-packages/airflow/example_dags/example_display_name.py
[2024-10-15T01:04:36.454+0000] {logging_mixin.py:190} INFO - [2024-10-15T01:04:36.454+0000] {dag.py:3239} INFO - Sync 1 DAGs
[2024-10-15T01:04:36.522+0000] {logging_mixin.py:190} INFO - [2024-10-15T01:04:36.522+0000] {dag.py:4180} INFO - Setting next_dagrun for example_display_name to None, run_after=None
[2024-10-15T01:04:36.585+0000] {processor.py:208} INFO - Processing /home/airflow/.local/lib/python3.12/site-packages/airflow/example_dags/example_display_name.py took 0.221 seconds
[2024-10-15T01:05:07.483+0000] {processor.py:186} INFO - Started process (PID=731) to work on /home/airflow/.local/lib/python3.12/site-packages/airflow/example_dags/example_display_name.py
[2024-10-15T01:05:07.483+0000] {processor.py:914} INFO - Processing file /home/airflow/.local/lib/python3.12/site-packages/airflow/example_dags/example_display_name.py for tasks to queue
[2024-10-15T01:05:07.486+0000] {logging_mixin.py:190} INFO - [2024-10-15T01:05:07.486+0000] {dagbag.py:588} INFO - Filling up the DagBag from /home/airflow/.local/lib/python3.12/site-packages/airflow/example_dags/example_display_name.py
[2024-10-15T01:05:07.494+0000] {processor.py:925} INFO - DAG(s) 'example_display_name' retrieved from /home/airflow/.local/lib/python3.12/site-packages/airflow/example_dags/example_display_name.py
[2024-10-15T01:05:07.513+0000] {logging_mixin.py:190} INFO - [2024-10-15T01:05:07.512+0000] {dag.py:3239} INFO - Sync 1 DAGs
[2024-10-15T01:05:07.528+0000] {logging_mixin.py:190} INFO - [2024-10-15T01:05:07.527+0000] {dag.py:4180} INFO - Setting next_dagrun for example_display_name to None, run_after=None
[2024-10-15T01:05:07.545+0000] {processor.py:208} INFO - Processing /home/airflow/.local/lib/python3.12/site-packages/airflow/example_dags/example_display_name.py took 0.068 seconds
[2024-10-15T01:05:37.955+0000] {processor.py:186} INFO - Started process (PID=793) to work on /home/airflow/.local/lib/python3.12/site-packages/airflow/example_dags/example_display_name.py
[2024-10-15T01:05:37.956+0000] {processor.py:914} INFO - Processing file /home/airflow/.local/lib/python3.12/site-packages/airflow/example_dags/example_display_name.py for tasks to queue
[2024-10-15T01:05:37.959+0000] {logging_mixin.py:190} INFO - [2024-10-15T01:05:37.959+0000] {dagbag.py:588} INFO - Filling up the DagBag from /home/airflow/.local/lib/python3.12/site-packages/airflow/example_dags/example_display_name.py
[2024-10-15T01:05:37.965+0000] {processor.py:925} INFO - DAG(s) 'example_display_name' retrieved from /home/airflow/.local/lib/python3.12/site-packages/airflow/example_dags/example_display_name.py
[2024-10-15T01:05:37.992+0000] {logging_mixin.py:190} INFO - [2024-10-15T01:05:37.991+0000] {dag.py:3239} INFO - Sync 1 DAGs
[2024-10-15T01:05:38.008+0000] {logging_mixin.py:190} INFO - [2024-10-15T01:05:38.007+0000] {dag.py:4180} INFO - Setting next_dagrun for example_display_name to None, run_after=None
[2024-10-15T01:05:38.026+0000] {processor.py:208} INFO - Processing /home/airflow/.local/lib/python3.12/site-packages/airflow/example_dags/example_display_name.py took 0.078 seconds
[2024-10-15T01:06:08.407+0000] {processor.py:186} INFO - Started process (PID=856) to work on /home/airflow/.local/lib/python3.12/site-packages/airflow/example_dags/example_display_name.py
[2024-10-15T01:06:08.408+0000] {processor.py:914} INFO - Processing file /home/airflow/.local/lib/python3.12/site-packages/airflow/example_dags/example_display_name.py for tasks to queue
[2024-10-15T01:06:08.411+0000] {logging_mixin.py:190} INFO - [2024-10-15T01:06:08.411+0000] {dagbag.py:588} INFO - Filling up the DagBag from /home/airflow/.local/lib/python3.12/site-packages/airflow/example_dags/example_display_name.py
[2024-10-15T01:06:08.419+0000] {processor.py:925} INFO - DAG(s) 'example_display_name' retrieved from /home/airflow/.local/lib/python3.12/site-packages/airflow/example_dags/example_display_name.py
[2024-10-15T01:06:08.441+0000] {logging_mixin.py:190} INFO - [2024-10-15T01:06:08.441+0000] {dag.py:3239} INFO - Sync 1 DAGs
[2024-10-15T01:06:08.456+0000] {logging_mixin.py:190} INFO - [2024-10-15T01:06:08.455+0000] {dag.py:4180} INFO - Setting next_dagrun for example_display_name to None, run_after=None
[2024-10-15T01:06:08.474+0000] {processor.py:208} INFO - Processing /home/airflow/.local/lib/python3.12/site-packages/airflow/example_dags/example_display_name.py took 0.073 seconds
[2024-10-15T01:06:39.364+0000] {processor.py:186} INFO - Started process (PID=918) to work on /home/airflow/.local/lib/python3.12/site-packages/airflow/example_dags/example_display_name.py
[2024-10-15T01:06:39.365+0000] {processor.py:914} INFO - Processing file /home/airflow/.local/lib/python3.12/site-packages/airflow/example_dags/example_display_name.py for tasks to queue
[2024-10-15T01:06:39.368+0000] {logging_mixin.py:190} INFO - [2024-10-15T01:06:39.367+0000] {dagbag.py:588} INFO - Filling up the DagBag from /home/airflow/.local/lib/python3.12/site-packages/airflow/example_dags/example_display_name.py
[2024-10-15T01:06:39.375+0000] {processor.py:925} INFO - DAG(s) 'example_display_name' retrieved from /home/airflow/.local/lib/python3.12/site-packages/airflow/example_dags/example_display_name.py
[2024-10-15T01:06:39.394+0000] {logging_mixin.py:190} INFO - [2024-10-15T01:06:39.394+0000] {dag.py:3239} INFO - Sync 1 DAGs
[2024-10-15T01:06:39.408+0000] {logging_mixin.py:190} INFO - [2024-10-15T01:06:39.408+0000] {dag.py:4180} INFO - Setting next_dagrun for example_display_name to None, run_after=None
[2024-10-15T01:06:39.431+0000] {processor.py:208} INFO - Processing /home/airflow/.local/lib/python3.12/site-packages/airflow/example_dags/example_display_name.py took 0.081 seconds
[2024-10-15T01:07:09.523+0000] {processor.py:186} INFO - Started process (PID=980) to work on /home/airflow/.local/lib/python3.12/site-packages/airflow/example_dags/example_display_name.py
[2024-10-15T01:07:09.524+0000] {processor.py:914} INFO - Processing file /home/airflow/.local/lib/python3.12/site-packages/airflow/example_dags/example_display_name.py for tasks to queue
[2024-10-15T01:07:09.527+0000] {logging_mixin.py:190} INFO - [2024-10-15T01:07:09.527+0000] {dagbag.py:588} INFO - Filling up the DagBag from /home/airflow/.local/lib/python3.12/site-packages/airflow/example_dags/example_display_name.py
[2024-10-15T01:07:09.534+0000] {processor.py:925} INFO - DAG(s) 'example_display_name' retrieved from /home/airflow/.local/lib/python3.12/site-packages/airflow/example_dags/example_display_name.py
[2024-10-15T01:07:09.558+0000] {logging_mixin.py:190} INFO - [2024-10-15T01:07:09.558+0000] {dag.py:3239} INFO - Sync 1 DAGs
[2024-10-15T01:07:09.572+0000] {logging_mixin.py:190} INFO - [2024-10-15T01:07:09.572+0000] {dag.py:4180} INFO - Setting next_dagrun for example_display_name to None, run_after=None
[2024-10-15T01:07:09.590+0000] {processor.py:208} INFO - Processing /home/airflow/.local/lib/python3.12/site-packages/airflow/example_dags/example_display_name.py took 0.075 seconds
[2024-10-15T01:07:39.862+0000] {processor.py:186} INFO - Started process (PID=1043) to work on /home/airflow/.local/lib/python3.12/site-packages/airflow/example_dags/example_display_name.py
[2024-10-15T01:07:39.866+0000] {processor.py:914} INFO - Processing file /home/airflow/.local/lib/python3.12/site-packages/airflow/example_dags/example_display_name.py for tasks to queue
[2024-10-15T01:07:39.868+0000] {logging_mixin.py:190} INFO - [2024-10-15T01:07:39.868+0000] {dagbag.py:588} INFO - Filling up the DagBag from /home/airflow/.local/lib/python3.12/site-packages/airflow/example_dags/example_display_name.py
[2024-10-15T01:07:39.875+0000] {processor.py:925} INFO - DAG(s) 'example_display_name' retrieved from /home/airflow/.local/lib/python3.12/site-packages/airflow/example_dags/example_display_name.py
[2024-10-15T01:07:39.898+0000] {logging_mixin.py:190} INFO - [2024-10-15T01:07:39.898+0000] {dag.py:3239} INFO - Sync 1 DAGs
[2024-10-15T01:07:39.917+0000] {logging_mixin.py:190} INFO - [2024-10-15T01:07:39.917+0000] {dag.py:4180} INFO - Setting next_dagrun for example_display_name to None, run_after=None
[2024-10-15T01:07:39.935+0000] {processor.py:208} INFO - Processing /home/airflow/.local/lib/python3.12/site-packages/airflow/example_dags/example_display_name.py took 0.079 seconds
[2024-10-15T01:08:10.048+0000] {processor.py:186} INFO - Started process (PID=1105) to work on /home/airflow/.local/lib/python3.12/site-packages/airflow/example_dags/example_display_name.py
[2024-10-15T01:08:10.049+0000] {processor.py:914} INFO - Processing file /home/airflow/.local/lib/python3.12/site-packages/airflow/example_dags/example_display_name.py for tasks to queue
[2024-10-15T01:08:10.051+0000] {logging_mixin.py:190} INFO - [2024-10-15T01:08:10.050+0000] {dagbag.py:588} INFO - Filling up the DagBag from /home/airflow/.local/lib/python3.12/site-packages/airflow/example_dags/example_display_name.py
[2024-10-15T01:08:10.058+0000] {processor.py:925} INFO - DAG(s) 'example_display_name' retrieved from /home/airflow/.local/lib/python3.12/site-packages/airflow/example_dags/example_display_name.py
[2024-10-15T01:08:10.089+0000] {logging_mixin.py:190} INFO - [2024-10-15T01:08:10.088+0000] {dag.py:3239} INFO - Sync 1 DAGs
[2024-10-15T01:08:10.103+0000] {logging_mixin.py:190} INFO - [2024-10-15T01:08:10.103+0000] {dag.py:4180} INFO - Setting next_dagrun for example_display_name to None, run_after=None
[2024-10-15T01:08:10.124+0000] {processor.py:208} INFO - Processing /home/airflow/.local/lib/python3.12/site-packages/airflow/example_dags/example_display_name.py took 0.082 seconds
[2024-10-15T01:08:40.211+0000] {processor.py:186} INFO - Started process (PID=1167) to work on /home/airflow/.local/lib/python3.12/site-packages/airflow/example_dags/example_display_name.py
[2024-10-15T01:08:40.213+0000] {processor.py:914} INFO - Processing file /home/airflow/.local/lib/python3.12/site-packages/airflow/example_dags/example_display_name.py for tasks to queue
[2024-10-15T01:08:40.215+0000] {logging_mixin.py:190} INFO - [2024-10-15T01:08:40.215+0000] {dagbag.py:588} INFO - Filling up the DagBag from /home/airflow/.local/lib/python3.12/site-packages/airflow/example_dags/example_display_name.py
[2024-10-15T01:08:40.226+0000] {processor.py:925} INFO - DAG(s) 'example_display_name' retrieved from /home/airflow/.local/lib/python3.12/site-packages/airflow/example_dags/example_display_name.py
[2024-10-15T01:08:40.253+0000] {logging_mixin.py:190} INFO - [2024-10-15T01:08:40.253+0000] {dag.py:3239} INFO - Sync 1 DAGs
[2024-10-15T01:08:40.267+0000] {logging_mixin.py:190} INFO - [2024-10-15T01:08:40.267+0000] {dag.py:4180} INFO - Setting next_dagrun for example_display_name to None, run_after=None
[2024-10-15T01:08:40.285+0000] {processor.py:208} INFO - Processing /home/airflow/.local/lib/python3.12/site-packages/airflow/example_dags/example_display_name.py took 0.082 seconds
[2024-10-15T01:09:10.437+0000] {processor.py:186} INFO - Started process (PID=1229) to work on /home/airflow/.local/lib/python3.12/site-packages/airflow/example_dags/example_display_name.py
[2024-10-15T01:09:10.453+0000] {processor.py:914} INFO - Processing file /home/airflow/.local/lib/python3.12/site-packages/airflow/example_dags/example_display_name.py for tasks to queue
[2024-10-15T01:09:10.456+0000] {logging_mixin.py:190} INFO - [2024-10-15T01:09:10.455+0000] {dagbag.py:588} INFO - Filling up the DagBag from /home/airflow/.local/lib/python3.12/site-packages/airflow/example_dags/example_display_name.py
[2024-10-15T01:09:10.469+0000] {processor.py:925} INFO - DAG(s) 'example_display_name' retrieved from /home/airflow/.local/lib/python3.12/site-packages/airflow/example_dags/example_display_name.py
[2024-10-15T01:09:10.524+0000] {logging_mixin.py:190} INFO - [2024-10-15T01:09:10.523+0000] {dag.py:3239} INFO - Sync 1 DAGs
[2024-10-15T01:09:10.576+0000] {logging_mixin.py:190} INFO - [2024-10-15T01:09:10.576+0000] {dag.py:4180} INFO - Setting next_dagrun for example_display_name to None, run_after=None
[2024-10-15T01:09:10.634+0000] {processor.py:208} INFO - Processing /home/airflow/.local/lib/python3.12/site-packages/airflow/example_dags/example_display_name.py took 0.233 seconds
[2024-10-15T01:09:40.860+0000] {processor.py:186} INFO - Started process (PID=1291) to work on /home/airflow/.local/lib/python3.12/site-packages/airflow/example_dags/example_display_name.py
[2024-10-15T01:09:40.870+0000] {processor.py:914} INFO - Processing file /home/airflow/.local/lib/python3.12/site-packages/airflow/example_dags/example_display_name.py for tasks to queue
[2024-10-15T01:09:40.872+0000] {logging_mixin.py:190} INFO - [2024-10-15T01:09:40.872+0000] {dagbag.py:588} INFO - Filling up the DagBag from /home/airflow/.local/lib/python3.12/site-packages/airflow/example_dags/example_display_name.py
[2024-10-15T01:09:40.892+0000] {processor.py:925} INFO - DAG(s) 'example_display_name' retrieved from /home/airflow/.local/lib/python3.12/site-packages/airflow/example_dags/example_display_name.py
[2024-10-15T01:09:40.927+0000] {logging_mixin.py:190} INFO - [2024-10-15T01:09:40.927+0000] {dag.py:3239} INFO - Sync 1 DAGs
[2024-10-15T01:09:40.940+0000] {logging_mixin.py:190} INFO - [2024-10-15T01:09:40.940+0000] {dag.py:4180} INFO - Setting next_dagrun for example_display_name to None, run_after=None
[2024-10-15T01:09:40.968+0000] {processor.py:208} INFO - Processing /home/airflow/.local/lib/python3.12/site-packages/airflow/example_dags/example_display_name.py took 0.118 seconds
[2024-10-15T01:10:11.220+0000] {processor.py:186} INFO - Started process (PID=1355) to work on /home/airflow/.local/lib/python3.12/site-packages/airflow/example_dags/example_display_name.py
[2024-10-15T01:10:11.220+0000] {processor.py:914} INFO - Processing file /home/airflow/.local/lib/python3.12/site-packages/airflow/example_dags/example_display_name.py for tasks to queue
[2024-10-15T01:10:11.222+0000] {logging_mixin.py:190} INFO - [2024-10-15T01:10:11.222+0000] {dagbag.py:588} INFO - Filling up the DagBag from /home/airflow/.local/lib/python3.12/site-packages/airflow/example_dags/example_display_name.py
[2024-10-15T01:10:11.230+0000] {processor.py:925} INFO - DAG(s) 'example_display_name' retrieved from /home/airflow/.local/lib/python3.12/site-packages/airflow/example_dags/example_display_name.py
[2024-10-15T01:10:11.250+0000] {logging_mixin.py:190} INFO - [2024-10-15T01:10:11.248+0000] {dag.py:3239} INFO - Sync 1 DAGs
[2024-10-15T01:10:11.263+0000] {logging_mixin.py:190} INFO - [2024-10-15T01:10:11.263+0000] {dag.py:4180} INFO - Setting next_dagrun for example_display_name to None, run_after=None
[2024-10-15T01:10:11.284+0000] {processor.py:208} INFO - Processing /home/airflow/.local/lib/python3.12/site-packages/airflow/example_dags/example_display_name.py took 0.074 seconds
[2024-10-15T01:10:41.520+0000] {processor.py:186} INFO - Started process (PID=1417) to work on /home/airflow/.local/lib/python3.12/site-packages/airflow/example_dags/example_display_name.py
[2024-10-15T01:10:41.521+0000] {processor.py:914} INFO - Processing file /home/airflow/.local/lib/python3.12/site-packages/airflow/example_dags/example_display_name.py for tasks to queue
[2024-10-15T01:10:41.522+0000] {logging_mixin.py:190} INFO - [2024-10-15T01:10:41.522+0000] {dagbag.py:588} INFO - Filling up the DagBag from /home/airflow/.local/lib/python3.12/site-packages/airflow/example_dags/example_display_name.py
[2024-10-15T01:10:41.531+0000] {processor.py:925} INFO - DAG(s) 'example_display_name' retrieved from /home/airflow/.local/lib/python3.12/site-packages/airflow/example_dags/example_display_name.py
[2024-10-15T01:10:41.551+0000] {logging_mixin.py:190} INFO - [2024-10-15T01:10:41.551+0000] {dag.py:3239} INFO - Sync 1 DAGs
[2024-10-15T01:10:41.567+0000] {logging_mixin.py:190} INFO - [2024-10-15T01:10:41.567+0000] {dag.py:4180} INFO - Setting next_dagrun for example_display_name to None, run_after=None
[2024-10-15T01:10:41.588+0000] {processor.py:208} INFO - Processing /home/airflow/.local/lib/python3.12/site-packages/airflow/example_dags/example_display_name.py took 0.073 seconds
[2024-10-15T01:11:11.763+0000] {processor.py:186} INFO - Started process (PID=1480) to work on /home/airflow/.local/lib/python3.12/site-packages/airflow/example_dags/example_display_name.py
[2024-10-15T01:11:11.765+0000] {processor.py:914} INFO - Processing file /home/airflow/.local/lib/python3.12/site-packages/airflow/example_dags/example_display_name.py for tasks to queue
[2024-10-15T01:11:11.766+0000] {logging_mixin.py:190} INFO - [2024-10-15T01:11:11.766+0000] {dagbag.py:588} INFO - Filling up the DagBag from /home/airflow/.local/lib/python3.12/site-packages/airflow/example_dags/example_display_name.py
[2024-10-15T01:11:11.774+0000] {processor.py:925} INFO - DAG(s) 'example_display_name' retrieved from /home/airflow/.local/lib/python3.12/site-packages/airflow/example_dags/example_display_name.py
[2024-10-15T01:11:11.795+0000] {logging_mixin.py:190} INFO - [2024-10-15T01:11:11.795+0000] {dag.py:3239} INFO - Sync 1 DAGs
[2024-10-15T01:11:11.810+0000] {logging_mixin.py:190} INFO - [2024-10-15T01:11:11.810+0000] {dag.py:4180} INFO - Setting next_dagrun for example_display_name to None, run_after=None
[2024-10-15T01:11:11.831+0000] {processor.py:208} INFO - Processing /home/airflow/.local/lib/python3.12/site-packages/airflow/example_dags/example_display_name.py took 0.076 seconds
[2024-10-15T01:11:42.771+0000] {processor.py:186} INFO - Started process (PID=1544) to work on /home/airflow/.local/lib/python3.12/site-packages/airflow/example_dags/example_display_name.py
[2024-10-15T01:11:42.772+0000] {processor.py:914} INFO - Processing file /home/airflow/.local/lib/python3.12/site-packages/airflow/example_dags/example_display_name.py for tasks to queue
[2024-10-15T01:11:42.772+0000] {logging_mixin.py:190} INFO - [2024-10-15T01:11:42.772+0000] {dagbag.py:588} INFO - Filling up the DagBag from /home/airflow/.local/lib/python3.12/site-packages/airflow/example_dags/example_display_name.py
[2024-10-15T01:11:42.780+0000] {processor.py:925} INFO - DAG(s) 'example_display_name' retrieved from /home/airflow/.local/lib/python3.12/site-packages/airflow/example_dags/example_display_name.py
[2024-10-15T01:11:42.803+0000] {logging_mixin.py:190} INFO - [2024-10-15T01:11:42.803+0000] {dag.py:3239} INFO - Sync 1 DAGs
[2024-10-15T01:11:42.819+0000] {logging_mixin.py:190} INFO - [2024-10-15T01:11:42.819+0000] {dag.py:4180} INFO - Setting next_dagrun for example_display_name to None, run_after=None
[2024-10-15T01:11:42.841+0000] {processor.py:208} INFO - Processing /home/airflow/.local/lib/python3.12/site-packages/airflow/example_dags/example_display_name.py took 0.080 seconds
[2024-10-15T01:12:13.262+0000] {processor.py:186} INFO - Started process (PID=1607) to work on /home/airflow/.local/lib/python3.12/site-packages/airflow/example_dags/example_display_name.py
[2024-10-15T01:12:13.265+0000] {processor.py:914} INFO - Processing file /home/airflow/.local/lib/python3.12/site-packages/airflow/example_dags/example_display_name.py for tasks to queue
[2024-10-15T01:12:13.266+0000] {logging_mixin.py:190} INFO - [2024-10-15T01:12:13.265+0000] {dagbag.py:588} INFO - Filling up the DagBag from /home/airflow/.local/lib/python3.12/site-packages/airflow/example_dags/example_display_name.py
[2024-10-15T01:12:13.274+0000] {processor.py:925} INFO - DAG(s) 'example_display_name' retrieved from /home/airflow/.local/lib/python3.12/site-packages/airflow/example_dags/example_display_name.py
[2024-10-15T01:12:13.295+0000] {logging_mixin.py:190} INFO - [2024-10-15T01:12:13.295+0000] {dag.py:3239} INFO - Sync 1 DAGs
[2024-10-15T01:12:13.311+0000] {logging_mixin.py:190} INFO - [2024-10-15T01:12:13.311+0000] {dag.py:4180} INFO - Setting next_dagrun for example_display_name to None, run_after=None
[2024-10-15T01:12:13.333+0000] {processor.py:208} INFO - Processing /home/airflow/.local/lib/python3.12/site-packages/airflow/example_dags/example_display_name.py took 0.077 seconds
[2024-10-15T01:12:43.696+0000] {processor.py:186} INFO - Started process (PID=1671) to work on /home/airflow/.local/lib/python3.12/site-packages/airflow/example_dags/example_display_name.py
[2024-10-15T01:12:43.697+0000] {processor.py:914} INFO - Processing file /home/airflow/.local/lib/python3.12/site-packages/airflow/example_dags/example_display_name.py for tasks to queue
[2024-10-15T01:12:43.698+0000] {logging_mixin.py:190} INFO - [2024-10-15T01:12:43.698+0000] {dagbag.py:588} INFO - Filling up the DagBag from /home/airflow/.local/lib/python3.12/site-packages/airflow/example_dags/example_display_name.py
[2024-10-15T01:12:43.707+0000] {processor.py:925} INFO - DAG(s) 'example_display_name' retrieved from /home/airflow/.local/lib/python3.12/site-packages/airflow/example_dags/example_display_name.py
[2024-10-15T01:12:43.736+0000] {logging_mixin.py:190} INFO - [2024-10-15T01:12:43.736+0000] {dag.py:3239} INFO - Sync 1 DAGs
[2024-10-15T01:12:43.751+0000] {logging_mixin.py:190} INFO - [2024-10-15T01:12:43.751+0000] {dag.py:4180} INFO - Setting next_dagrun for example_display_name to None, run_after=None
[2024-10-15T01:12:43.778+0000] {processor.py:208} INFO - Processing /home/airflow/.local/lib/python3.12/site-packages/airflow/example_dags/example_display_name.py took 0.090 seconds
[2024-10-15T01:13:14.047+0000] {processor.py:186} INFO - Started process (PID=1735) to work on /home/airflow/.local/lib/python3.12/site-packages/airflow/example_dags/example_display_name.py
[2024-10-15T01:13:14.048+0000] {processor.py:914} INFO - Processing file /home/airflow/.local/lib/python3.12/site-packages/airflow/example_dags/example_display_name.py for tasks to queue
[2024-10-15T01:13:14.051+0000] {logging_mixin.py:190} INFO - [2024-10-15T01:13:14.049+0000] {dagbag.py:588} INFO - Filling up the DagBag from /home/airflow/.local/lib/python3.12/site-packages/airflow/example_dags/example_display_name.py
[2024-10-15T01:13:14.059+0000] {processor.py:925} INFO - DAG(s) 'example_display_name' retrieved from /home/airflow/.local/lib/python3.12/site-packages/airflow/example_dags/example_display_name.py
[2024-10-15T01:13:14.108+0000] {logging_mixin.py:190} INFO - [2024-10-15T01:13:14.108+0000] {dag.py:3239} INFO - Sync 1 DAGs
[2024-10-15T01:13:14.137+0000] {logging_mixin.py:190} INFO - [2024-10-15T01:13:14.136+0000] {dag.py:4180} INFO - Setting next_dagrun for example_display_name to None, run_after=None
[2024-10-15T01:13:14.195+0000] {processor.py:208} INFO - Processing /home/airflow/.local/lib/python3.12/site-packages/airflow/example_dags/example_display_name.py took 0.155 seconds
[2024-10-15T01:13:45.291+0000] {processor.py:186} INFO - Started process (PID=1804) to work on /home/airflow/.local/lib/python3.12/site-packages/airflow/example_dags/example_display_name.py
[2024-10-15T01:13:45.297+0000] {processor.py:914} INFO - Processing file /home/airflow/.local/lib/python3.12/site-packages/airflow/example_dags/example_display_name.py for tasks to queue
[2024-10-15T01:13:45.299+0000] {logging_mixin.py:190} INFO - [2024-10-15T01:13:45.299+0000] {dagbag.py:588} INFO - Filling up the DagBag from /home/airflow/.local/lib/python3.12/site-packages/airflow/example_dags/example_display_name.py
[2024-10-15T01:13:45.314+0000] {processor.py:925} INFO - DAG(s) 'example_display_name' retrieved from /home/airflow/.local/lib/python3.12/site-packages/airflow/example_dags/example_display_name.py
[2024-10-15T01:13:45.344+0000] {logging_mixin.py:190} INFO - [2024-10-15T01:13:45.344+0000] {dag.py:3239} INFO - Sync 1 DAGs
[2024-10-15T01:13:45.388+0000] {logging_mixin.py:190} INFO - [2024-10-15T01:13:45.388+0000] {dag.py:4180} INFO - Setting next_dagrun for example_display_name to None, run_after=None
[2024-10-15T01:13:45.427+0000] {processor.py:208} INFO - Processing /home/airflow/.local/lib/python3.12/site-packages/airflow/example_dags/example_display_name.py took 0.142 seconds
[2024-10-15T01:14:16.341+0000] {processor.py:186} INFO - Started process (PID=1867) to work on /home/airflow/.local/lib/python3.12/site-packages/airflow/example_dags/example_display_name.py
[2024-10-15T01:14:16.341+0000] {processor.py:914} INFO - Processing file /home/airflow/.local/lib/python3.12/site-packages/airflow/example_dags/example_display_name.py for tasks to queue
[2024-10-15T01:14:16.342+0000] {logging_mixin.py:190} INFO - [2024-10-15T01:14:16.342+0000] {dagbag.py:588} INFO - Filling up the DagBag from /home/airflow/.local/lib/python3.12/site-packages/airflow/example_dags/example_display_name.py
[2024-10-15T01:14:16.349+0000] {processor.py:925} INFO - DAG(s) 'example_display_name' retrieved from /home/airflow/.local/lib/python3.12/site-packages/airflow/example_dags/example_display_name.py
[2024-10-15T01:14:16.369+0000] {logging_mixin.py:190} INFO - [2024-10-15T01:14:16.369+0000] {dag.py:3239} INFO - Sync 1 DAGs
[2024-10-15T01:14:16.381+0000] {logging_mixin.py:190} INFO - [2024-10-15T01:14:16.380+0000] {dag.py:4180} INFO - Setting next_dagrun for example_display_name to None, run_after=None
[2024-10-15T01:14:16.398+0000] {processor.py:208} INFO - Processing /home/airflow/.local/lib/python3.12/site-packages/airflow/example_dags/example_display_name.py took 0.065 seconds
[2024-10-15T01:14:47.271+0000] {processor.py:186} INFO - Started process (PID=1929) to work on /home/airflow/.local/lib/python3.12/site-packages/airflow/example_dags/example_display_name.py
[2024-10-15T01:14:47.273+0000] {processor.py:914} INFO - Processing file /home/airflow/.local/lib/python3.12/site-packages/airflow/example_dags/example_display_name.py for tasks to queue
[2024-10-15T01:14:47.274+0000] {logging_mixin.py:190} INFO - [2024-10-15T01:14:47.274+0000] {dagbag.py:588} INFO - Filling up the DagBag from /home/airflow/.local/lib/python3.12/site-packages/airflow/example_dags/example_display_name.py
[2024-10-15T01:14:47.286+0000] {processor.py:925} INFO - DAG(s) 'example_display_name' retrieved from /home/airflow/.local/lib/python3.12/site-packages/airflow/example_dags/example_display_name.py
[2024-10-15T01:14:47.310+0000] {logging_mixin.py:190} INFO - [2024-10-15T01:14:47.310+0000] {dag.py:3239} INFO - Sync 1 DAGs
[2024-10-15T01:14:47.325+0000] {logging_mixin.py:190} INFO - [2024-10-15T01:14:47.325+0000] {dag.py:4180} INFO - Setting next_dagrun for example_display_name to None, run_after=None
[2024-10-15T01:14:47.345+0000] {processor.py:208} INFO - Processing /home/airflow/.local/lib/python3.12/site-packages/airflow/example_dags/example_display_name.py took 0.081 seconds
[2024-10-15T01:15:17.512+0000] {processor.py:186} INFO - Started process (PID=1992) to work on /home/airflow/.local/lib/python3.12/site-packages/airflow/example_dags/example_display_name.py
[2024-10-15T01:15:17.514+0000] {processor.py:914} INFO - Processing file /home/airflow/.local/lib/python3.12/site-packages/airflow/example_dags/example_display_name.py for tasks to queue
[2024-10-15T01:15:17.522+0000] {logging_mixin.py:190} INFO - [2024-10-15T01:15:17.517+0000] {dagbag.py:588} INFO - Filling up the DagBag from /home/airflow/.local/lib/python3.12/site-packages/airflow/example_dags/example_display_name.py
[2024-10-15T01:15:17.542+0000] {processor.py:925} INFO - DAG(s) 'example_display_name' retrieved from /home/airflow/.local/lib/python3.12/site-packages/airflow/example_dags/example_display_name.py
[2024-10-15T01:15:17.591+0000] {logging_mixin.py:190} INFO - [2024-10-15T01:15:17.590+0000] {dag.py:3239} INFO - Sync 1 DAGs
[2024-10-15T01:15:17.609+0000] {logging_mixin.py:190} INFO - [2024-10-15T01:15:17.609+0000] {dag.py:4180} INFO - Setting next_dagrun for example_display_name to None, run_after=None
[2024-10-15T01:15:17.657+0000] {processor.py:208} INFO - Processing /home/airflow/.local/lib/python3.12/site-packages/airflow/example_dags/example_display_name.py took 0.150 seconds
[2024-10-15T01:15:48.110+0000] {processor.py:186} INFO - Started process (PID=2053) to work on /home/airflow/.local/lib/python3.12/site-packages/airflow/example_dags/example_display_name.py
[2024-10-15T01:15:48.111+0000] {processor.py:914} INFO - Processing file /home/airflow/.local/lib/python3.12/site-packages/airflow/example_dags/example_display_name.py for tasks to queue
[2024-10-15T01:15:48.112+0000] {logging_mixin.py:190} INFO - [2024-10-15T01:15:48.112+0000] {dagbag.py:588} INFO - Filling up the DagBag from /home/airflow/.local/lib/python3.12/site-packages/airflow/example_dags/example_display_name.py
[2024-10-15T01:15:48.120+0000] {processor.py:925} INFO - DAG(s) 'example_display_name' retrieved from /home/airflow/.local/lib/python3.12/site-packages/airflow/example_dags/example_display_name.py
[2024-10-15T01:15:48.144+0000] {logging_mixin.py:190} INFO - [2024-10-15T01:15:48.144+0000] {dag.py:3239} INFO - Sync 1 DAGs
[2024-10-15T01:15:48.162+0000] {logging_mixin.py:190} INFO - [2024-10-15T01:15:48.162+0000] {dag.py:4180} INFO - Setting next_dagrun for example_display_name to None, run_after=None
[2024-10-15T01:15:48.188+0000] {processor.py:208} INFO - Processing /home/airflow/.local/lib/python3.12/site-packages/airflow/example_dags/example_display_name.py took 0.083 seconds
[2024-10-15T01:16:18.298+0000] {processor.py:186} INFO - Started process (PID=2116) to work on /home/airflow/.local/lib/python3.12/site-packages/airflow/example_dags/example_display_name.py
[2024-10-15T01:16:18.299+0000] {processor.py:914} INFO - Processing file /home/airflow/.local/lib/python3.12/site-packages/airflow/example_dags/example_display_name.py for tasks to queue
[2024-10-15T01:16:18.300+0000] {logging_mixin.py:190} INFO - [2024-10-15T01:16:18.299+0000] {dagbag.py:588} INFO - Filling up the DagBag from /home/airflow/.local/lib/python3.12/site-packages/airflow/example_dags/example_display_name.py
[2024-10-15T01:16:18.308+0000] {processor.py:925} INFO - DAG(s) 'example_display_name' retrieved from /home/airflow/.local/lib/python3.12/site-packages/airflow/example_dags/example_display_name.py
[2024-10-15T01:16:18.332+0000] {logging_mixin.py:190} INFO - [2024-10-15T01:16:18.332+0000] {dag.py:3239} INFO - Sync 1 DAGs
[2024-10-15T01:16:18.348+0000] {logging_mixin.py:190} INFO - [2024-10-15T01:16:18.348+0000] {dag.py:4180} INFO - Setting next_dagrun for example_display_name to None, run_after=None
[2024-10-15T01:16:18.369+0000] {processor.py:208} INFO - Processing /home/airflow/.local/lib/python3.12/site-packages/airflow/example_dags/example_display_name.py took 0.078 seconds
[2024-10-15T01:16:48.736+0000] {processor.py:186} INFO - Started process (PID=2179) to work on /home/airflow/.local/lib/python3.12/site-packages/airflow/example_dags/example_display_name.py
[2024-10-15T01:16:48.737+0000] {processor.py:914} INFO - Processing file /home/airflow/.local/lib/python3.12/site-packages/airflow/example_dags/example_display_name.py for tasks to queue
[2024-10-15T01:16:48.739+0000] {logging_mixin.py:190} INFO - [2024-10-15T01:16:48.739+0000] {dagbag.py:588} INFO - Filling up the DagBag from /home/airflow/.local/lib/python3.12/site-packages/airflow/example_dags/example_display_name.py
[2024-10-15T01:16:48.747+0000] {processor.py:925} INFO - DAG(s) 'example_display_name' retrieved from /home/airflow/.local/lib/python3.12/site-packages/airflow/example_dags/example_display_name.py
[2024-10-15T01:16:48.768+0000] {logging_mixin.py:190} INFO - [2024-10-15T01:16:48.768+0000] {dag.py:3239} INFO - Sync 1 DAGs
[2024-10-15T01:16:48.785+0000] {logging_mixin.py:190} INFO - [2024-10-15T01:16:48.785+0000] {dag.py:4180} INFO - Setting next_dagrun for example_display_name to None, run_after=None
[2024-10-15T01:16:48.802+0000] {processor.py:208} INFO - Processing /home/airflow/.local/lib/python3.12/site-packages/airflow/example_dags/example_display_name.py took 0.073 seconds
[2024-10-15T01:17:19.419+0000] {processor.py:186} INFO - Started process (PID=2242) to work on /home/airflow/.local/lib/python3.12/site-packages/airflow/example_dags/example_display_name.py
[2024-10-15T01:17:19.419+0000] {processor.py:914} INFO - Processing file /home/airflow/.local/lib/python3.12/site-packages/airflow/example_dags/example_display_name.py for tasks to queue
[2024-10-15T01:17:19.420+0000] {logging_mixin.py:190} INFO - [2024-10-15T01:17:19.420+0000] {dagbag.py:588} INFO - Filling up the DagBag from /home/airflow/.local/lib/python3.12/site-packages/airflow/example_dags/example_display_name.py
[2024-10-15T01:17:19.428+0000] {processor.py:925} INFO - DAG(s) 'example_display_name' retrieved from /home/airflow/.local/lib/python3.12/site-packages/airflow/example_dags/example_display_name.py
[2024-10-15T01:17:19.451+0000] {logging_mixin.py:190} INFO - [2024-10-15T01:17:19.450+0000] {dag.py:3239} INFO - Sync 1 DAGs
[2024-10-15T01:17:19.465+0000] {logging_mixin.py:190} INFO - [2024-10-15T01:17:19.464+0000] {dag.py:4180} INFO - Setting next_dagrun for example_display_name to None, run_after=None
[2024-10-15T01:17:19.485+0000] {processor.py:208} INFO - Processing /home/airflow/.local/lib/python3.12/site-packages/airflow/example_dags/example_display_name.py took 0.074 seconds
[2024-10-15T01:17:50.158+0000] {processor.py:186} INFO - Started process (PID=2306) to work on /home/airflow/.local/lib/python3.12/site-packages/airflow/example_dags/example_display_name.py
[2024-10-15T01:17:50.162+0000] {processor.py:914} INFO - Processing file /home/airflow/.local/lib/python3.12/site-packages/airflow/example_dags/example_display_name.py for tasks to queue
[2024-10-15T01:17:50.163+0000] {logging_mixin.py:190} INFO - [2024-10-15T01:17:50.162+0000] {dagbag.py:588} INFO - Filling up the DagBag from /home/airflow/.local/lib/python3.12/site-packages/airflow/example_dags/example_display_name.py
[2024-10-15T01:17:50.171+0000] {processor.py:925} INFO - DAG(s) 'example_display_name' retrieved from /home/airflow/.local/lib/python3.12/site-packages/airflow/example_dags/example_display_name.py
[2024-10-15T01:17:50.192+0000] {logging_mixin.py:190} INFO - [2024-10-15T01:17:50.192+0000] {dag.py:3239} INFO - Sync 1 DAGs
[2024-10-15T01:17:50.206+0000] {logging_mixin.py:190} INFO - [2024-10-15T01:17:50.206+0000] {dag.py:4180} INFO - Setting next_dagrun for example_display_name to None, run_after=None
[2024-10-15T01:17:50.224+0000] {processor.py:208} INFO - Processing /home/airflow/.local/lib/python3.12/site-packages/airflow/example_dags/example_display_name.py took 0.072 seconds
[2024-10-15T01:18:21.100+0000] {processor.py:186} INFO - Started process (PID=2369) to work on /home/airflow/.local/lib/python3.12/site-packages/airflow/example_dags/example_display_name.py
[2024-10-15T01:18:21.102+0000] {processor.py:914} INFO - Processing file /home/airflow/.local/lib/python3.12/site-packages/airflow/example_dags/example_display_name.py for tasks to queue
[2024-10-15T01:18:21.103+0000] {logging_mixin.py:190} INFO - [2024-10-15T01:18:21.102+0000] {dagbag.py:588} INFO - Filling up the DagBag from /home/airflow/.local/lib/python3.12/site-packages/airflow/example_dags/example_display_name.py
[2024-10-15T01:18:21.117+0000] {processor.py:925} INFO - DAG(s) 'example_display_name' retrieved from /home/airflow/.local/lib/python3.12/site-packages/airflow/example_dags/example_display_name.py
[2024-10-15T01:18:21.138+0000] {logging_mixin.py:190} INFO - [2024-10-15T01:18:21.138+0000] {dag.py:3239} INFO - Sync 1 DAGs
[2024-10-15T01:18:21.153+0000] {logging_mixin.py:190} INFO - [2024-10-15T01:18:21.153+0000] {dag.py:4180} INFO - Setting next_dagrun for example_display_name to None, run_after=None
[2024-10-15T01:18:21.174+0000] {processor.py:208} INFO - Processing /home/airflow/.local/lib/python3.12/site-packages/airflow/example_dags/example_display_name.py took 0.081 seconds
[2024-10-15T01:18:51.332+0000] {processor.py:186} INFO - Started process (PID=2432) to work on /home/airflow/.local/lib/python3.12/site-packages/airflow/example_dags/example_display_name.py
[2024-10-15T01:18:51.334+0000] {processor.py:914} INFO - Processing file /home/airflow/.local/lib/python3.12/site-packages/airflow/example_dags/example_display_name.py for tasks to queue
[2024-10-15T01:18:51.335+0000] {logging_mixin.py:190} INFO - [2024-10-15T01:18:51.335+0000] {dagbag.py:588} INFO - Filling up the DagBag from /home/airflow/.local/lib/python3.12/site-packages/airflow/example_dags/example_display_name.py
[2024-10-15T01:18:51.343+0000] {processor.py:925} INFO - DAG(s) 'example_display_name' retrieved from /home/airflow/.local/lib/python3.12/site-packages/airflow/example_dags/example_display_name.py
[2024-10-15T01:18:51.366+0000] {logging_mixin.py:190} INFO - [2024-10-15T01:18:51.364+0000] {dag.py:3239} INFO - Sync 1 DAGs
[2024-10-15T01:18:51.383+0000] {logging_mixin.py:190} INFO - [2024-10-15T01:18:51.382+0000] {dag.py:4180} INFO - Setting next_dagrun for example_display_name to None, run_after=None
[2024-10-15T01:18:51.400+0000] {processor.py:208} INFO - Processing /home/airflow/.local/lib/python3.12/site-packages/airflow/example_dags/example_display_name.py took 0.074 seconds
[2024-10-15T01:19:22.053+0000] {processor.py:186} INFO - Started process (PID=2495) to work on /home/airflow/.local/lib/python3.12/site-packages/airflow/example_dags/example_display_name.py
[2024-10-15T01:19:22.062+0000] {processor.py:914} INFO - Processing file /home/airflow/.local/lib/python3.12/site-packages/airflow/example_dags/example_display_name.py for tasks to queue
[2024-10-15T01:19:22.064+0000] {logging_mixin.py:190} INFO - [2024-10-15T01:19:22.063+0000] {dagbag.py:588} INFO - Filling up the DagBag from /home/airflow/.local/lib/python3.12/site-packages/airflow/example_dags/example_display_name.py
[2024-10-15T01:19:22.086+0000] {processor.py:925} INFO - DAG(s) 'example_display_name' retrieved from /home/airflow/.local/lib/python3.12/site-packages/airflow/example_dags/example_display_name.py
[2024-10-15T01:19:22.123+0000] {logging_mixin.py:190} INFO - [2024-10-15T01:19:22.122+0000] {dag.py:3239} INFO - Sync 1 DAGs
[2024-10-15T01:19:22.156+0000] {logging_mixin.py:190} INFO - [2024-10-15T01:19:22.155+0000] {dag.py:4180} INFO - Setting next_dagrun for example_display_name to None, run_after=None
[2024-10-15T01:19:22.190+0000] {processor.py:208} INFO - Processing /home/airflow/.local/lib/python3.12/site-packages/airflow/example_dags/example_display_name.py took 0.148 seconds
[2024-10-15T01:19:52.351+0000] {processor.py:186} INFO - Started process (PID=2559) to work on /home/airflow/.local/lib/python3.12/site-packages/airflow/example_dags/example_display_name.py
[2024-10-15T01:19:52.353+0000] {processor.py:914} INFO - Processing file /home/airflow/.local/lib/python3.12/site-packages/airflow/example_dags/example_display_name.py for tasks to queue
[2024-10-15T01:19:52.353+0000] {logging_mixin.py:190} INFO - [2024-10-15T01:19:52.353+0000] {dagbag.py:588} INFO - Filling up the DagBag from /home/airflow/.local/lib/python3.12/site-packages/airflow/example_dags/example_display_name.py
[2024-10-15T01:19:52.360+0000] {processor.py:925} INFO - DAG(s) 'example_display_name' retrieved from /home/airflow/.local/lib/python3.12/site-packages/airflow/example_dags/example_display_name.py
[2024-10-15T01:19:52.375+0000] {logging_mixin.py:190} INFO - [2024-10-15T01:19:52.375+0000] {dag.py:3239} INFO - Sync 1 DAGs
[2024-10-15T01:19:52.387+0000] {logging_mixin.py:190} INFO - [2024-10-15T01:19:52.387+0000] {dag.py:4180} INFO - Setting next_dagrun for example_display_name to None, run_after=None
[2024-10-15T01:19:52.400+0000] {processor.py:208} INFO - Processing /home/airflow/.local/lib/python3.12/site-packages/airflow/example_dags/example_display_name.py took 0.054 seconds
[2024-10-15T01:20:22.635+0000] {processor.py:186} INFO - Started process (PID=2622) to work on /home/airflow/.local/lib/python3.12/site-packages/airflow/example_dags/example_display_name.py
[2024-10-15T01:20:22.636+0000] {processor.py:914} INFO - Processing file /home/airflow/.local/lib/python3.12/site-packages/airflow/example_dags/example_display_name.py for tasks to queue
[2024-10-15T01:20:22.637+0000] {logging_mixin.py:190} INFO - [2024-10-15T01:20:22.637+0000] {dagbag.py:588} INFO - Filling up the DagBag from /home/airflow/.local/lib/python3.12/site-packages/airflow/example_dags/example_display_name.py
[2024-10-15T01:20:22.645+0000] {processor.py:925} INFO - DAG(s) 'example_display_name' retrieved from /home/airflow/.local/lib/python3.12/site-packages/airflow/example_dags/example_display_name.py
[2024-10-15T01:20:22.670+0000] {logging_mixin.py:190} INFO - [2024-10-15T01:20:22.669+0000] {dag.py:3239} INFO - Sync 1 DAGs
[2024-10-15T01:20:22.682+0000] {logging_mixin.py:190} INFO - [2024-10-15T01:20:22.681+0000] {dag.py:4180} INFO - Setting next_dagrun for example_display_name to None, run_after=None
[2024-10-15T01:20:22.700+0000] {processor.py:208} INFO - Processing /home/airflow/.local/lib/python3.12/site-packages/airflow/example_dags/example_display_name.py took 0.071 seconds
[2024-10-15T01:20:53.273+0000] {processor.py:186} INFO - Started process (PID=2685) to work on /home/airflow/.local/lib/python3.12/site-packages/airflow/example_dags/example_display_name.py
[2024-10-15T01:20:53.278+0000] {processor.py:914} INFO - Processing file /home/airflow/.local/lib/python3.12/site-packages/airflow/example_dags/example_display_name.py for tasks to queue
[2024-10-15T01:20:53.278+0000] {logging_mixin.py:190} INFO - [2024-10-15T01:20:53.278+0000] {dagbag.py:588} INFO - Filling up the DagBag from /home/airflow/.local/lib/python3.12/site-packages/airflow/example_dags/example_display_name.py
[2024-10-15T01:20:53.291+0000] {processor.py:925} INFO - DAG(s) 'example_display_name' retrieved from /home/airflow/.local/lib/python3.12/site-packages/airflow/example_dags/example_display_name.py
[2024-10-15T01:20:53.311+0000] {logging_mixin.py:190} INFO - [2024-10-15T01:20:53.311+0000] {dag.py:3239} INFO - Sync 1 DAGs
[2024-10-15T01:20:53.332+0000] {logging_mixin.py:190} INFO - [2024-10-15T01:20:53.332+0000] {dag.py:4180} INFO - Setting next_dagrun for example_display_name to None, run_after=None
[2024-10-15T01:20:53.355+0000] {processor.py:208} INFO - Processing /home/airflow/.local/lib/python3.12/site-packages/airflow/example_dags/example_display_name.py took 0.086 seconds
[2024-10-15T01:21:24.034+0000] {processor.py:186} INFO - Started process (PID=2748) to work on /home/airflow/.local/lib/python3.12/site-packages/airflow/example_dags/example_display_name.py
[2024-10-15T01:21:24.036+0000] {processor.py:914} INFO - Processing file /home/airflow/.local/lib/python3.12/site-packages/airflow/example_dags/example_display_name.py for tasks to queue
[2024-10-15T01:21:24.037+0000] {logging_mixin.py:190} INFO - [2024-10-15T01:21:24.037+0000] {dagbag.py:588} INFO - Filling up the DagBag from /home/airflow/.local/lib/python3.12/site-packages/airflow/example_dags/example_display_name.py
[2024-10-15T01:21:24.053+0000] {processor.py:925} INFO - DAG(s) 'example_display_name' retrieved from /home/airflow/.local/lib/python3.12/site-packages/airflow/example_dags/example_display_name.py
[2024-10-15T01:21:24.085+0000] {logging_mixin.py:190} INFO - [2024-10-15T01:21:24.085+0000] {dag.py:3239} INFO - Sync 1 DAGs
[2024-10-15T01:21:24.105+0000] {logging_mixin.py:190} INFO - [2024-10-15T01:21:24.105+0000] {dag.py:4180} INFO - Setting next_dagrun for example_display_name to None, run_after=None
[2024-10-15T01:21:24.129+0000] {processor.py:208} INFO - Processing /home/airflow/.local/lib/python3.12/site-packages/airflow/example_dags/example_display_name.py took 0.104 seconds
[2024-10-15T01:21:54.587+0000] {processor.py:186} INFO - Started process (PID=2810) to work on /home/airflow/.local/lib/python3.12/site-packages/airflow/example_dags/example_display_name.py
[2024-10-15T01:21:54.588+0000] {processor.py:914} INFO - Processing file /home/airflow/.local/lib/python3.12/site-packages/airflow/example_dags/example_display_name.py for tasks to queue
[2024-10-15T01:21:54.589+0000] {logging_mixin.py:190} INFO - [2024-10-15T01:21:54.588+0000] {dagbag.py:588} INFO - Filling up the DagBag from /home/airflow/.local/lib/python3.12/site-packages/airflow/example_dags/example_display_name.py
[2024-10-15T01:21:54.605+0000] {processor.py:925} INFO - DAG(s) 'example_display_name' retrieved from /home/airflow/.local/lib/python3.12/site-packages/airflow/example_dags/example_display_name.py
[2024-10-15T01:21:54.625+0000] {logging_mixin.py:190} INFO - [2024-10-15T01:21:54.625+0000] {dag.py:3239} INFO - Sync 1 DAGs
[2024-10-15T01:21:54.647+0000] {logging_mixin.py:190} INFO - [2024-10-15T01:21:54.647+0000] {dag.py:4180} INFO - Setting next_dagrun for example_display_name to None, run_after=None
[2024-10-15T01:21:54.691+0000] {processor.py:208} INFO - Processing /home/airflow/.local/lib/python3.12/site-packages/airflow/example_dags/example_display_name.py took 0.111 seconds
[2024-10-15T01:22:25.063+0000] {processor.py:186} INFO - Started process (PID=2873) to work on /home/airflow/.local/lib/python3.12/site-packages/airflow/example_dags/example_display_name.py
[2024-10-15T01:22:25.064+0000] {processor.py:914} INFO - Processing file /home/airflow/.local/lib/python3.12/site-packages/airflow/example_dags/example_display_name.py for tasks to queue
[2024-10-15T01:22:25.065+0000] {logging_mixin.py:190} INFO - [2024-10-15T01:22:25.065+0000] {dagbag.py:588} INFO - Filling up the DagBag from /home/airflow/.local/lib/python3.12/site-packages/airflow/example_dags/example_display_name.py
[2024-10-15T01:22:25.073+0000] {processor.py:925} INFO - DAG(s) 'example_display_name' retrieved from /home/airflow/.local/lib/python3.12/site-packages/airflow/example_dags/example_display_name.py
[2024-10-15T01:22:25.092+0000] {logging_mixin.py:190} INFO - [2024-10-15T01:22:25.091+0000] {dag.py:3239} INFO - Sync 1 DAGs
[2024-10-15T01:22:25.112+0000] {logging_mixin.py:190} INFO - [2024-10-15T01:22:25.112+0000] {dag.py:4180} INFO - Setting next_dagrun for example_display_name to None, run_after=None
[2024-10-15T01:22:25.133+0000] {processor.py:208} INFO - Processing /home/airflow/.local/lib/python3.12/site-packages/airflow/example_dags/example_display_name.py took 0.077 seconds
[2024-10-15T01:22:56.201+0000] {processor.py:186} INFO - Started process (PID=2938) to work on /home/airflow/.local/lib/python3.12/site-packages/airflow/example_dags/example_display_name.py
[2024-10-15T01:22:56.201+0000] {processor.py:914} INFO - Processing file /home/airflow/.local/lib/python3.12/site-packages/airflow/example_dags/example_display_name.py for tasks to queue
[2024-10-15T01:22:56.203+0000] {logging_mixin.py:190} INFO - [2024-10-15T01:22:56.203+0000] {dagbag.py:588} INFO - Filling up the DagBag from /home/airflow/.local/lib/python3.12/site-packages/airflow/example_dags/example_display_name.py
[2024-10-15T01:22:56.211+0000] {processor.py:925} INFO - DAG(s) 'example_display_name' retrieved from /home/airflow/.local/lib/python3.12/site-packages/airflow/example_dags/example_display_name.py
[2024-10-15T01:22:56.235+0000] {logging_mixin.py:190} INFO - [2024-10-15T01:22:56.235+0000] {dag.py:3239} INFO - Sync 1 DAGs
[2024-10-15T01:22:56.255+0000] {logging_mixin.py:190} INFO - [2024-10-15T01:22:56.253+0000] {dag.py:4180} INFO - Setting next_dagrun for example_display_name to None, run_after=None
[2024-10-15T01:22:56.272+0000] {processor.py:208} INFO - Processing /home/airflow/.local/lib/python3.12/site-packages/airflow/example_dags/example_display_name.py took 0.077 seconds
[2024-10-15T01:23:26.587+0000] {processor.py:186} INFO - Started process (PID=3000) to work on /home/airflow/.local/lib/python3.12/site-packages/airflow/example_dags/example_display_name.py
[2024-10-15T01:23:26.588+0000] {processor.py:914} INFO - Processing file /home/airflow/.local/lib/python3.12/site-packages/airflow/example_dags/example_display_name.py for tasks to queue
[2024-10-15T01:23:26.589+0000] {logging_mixin.py:190} INFO - [2024-10-15T01:23:26.589+0000] {dagbag.py:588} INFO - Filling up the DagBag from /home/airflow/.local/lib/python3.12/site-packages/airflow/example_dags/example_display_name.py
[2024-10-15T01:23:26.600+0000] {processor.py:925} INFO - DAG(s) 'example_display_name' retrieved from /home/airflow/.local/lib/python3.12/site-packages/airflow/example_dags/example_display_name.py
[2024-10-15T01:23:26.628+0000] {logging_mixin.py:190} INFO - [2024-10-15T01:23:26.627+0000] {dag.py:3239} INFO - Sync 1 DAGs
[2024-10-15T01:23:26.647+0000] {logging_mixin.py:190} INFO - [2024-10-15T01:23:26.647+0000] {dag.py:4180} INFO - Setting next_dagrun for example_display_name to None, run_after=None
[2024-10-15T01:23:26.665+0000] {processor.py:208} INFO - Processing /home/airflow/.local/lib/python3.12/site-packages/airflow/example_dags/example_display_name.py took 0.085 seconds
