[2024-10-15T00:50:12.493+0000] {processor.py:186} INFO - Started process (PID=91) to work on /home/airflow/.local/lib/python3.12/site-packages/airflow/example_dags/example_branch_labels.py
[2024-10-15T00:50:12.494+0000] {processor.py:914} INFO - Processing file /home/airflow/.local/lib/python3.12/site-packages/airflow/example_dags/example_branch_labels.py for tasks to queue
[2024-10-15T00:50:12.496+0000] {logging_mixin.py:190} INFO - [2024-10-15T00:50:12.496+0000] {dagbag.py:588} INFO - Filling up the DagBag from /home/airflow/.local/lib/python3.12/site-packages/airflow/example_dags/example_branch_labels.py
[2024-10-15T00:50:12.540+0000] {processor.py:925} INFO - DAG(s) 'example_branch_labels' retrieved from /home/airflow/.local/lib/python3.12/site-packages/airflow/example_dags/example_branch_labels.py
[2024-10-15T00:50:12.872+0000] {logging_mixin.py:190} INFO - [2024-10-15T00:50:12.871+0000] {override.py:1900} INFO - Created Permission View: can edit on DAG:example_branch_labels
[2024-10-15T00:50:12.909+0000] {logging_mixin.py:190} INFO - [2024-10-15T00:50:12.909+0000] {override.py:1900} INFO - Created Permission View: can read on DAG:example_branch_labels
[2024-10-15T00:50:12.918+0000] {logging_mixin.py:190} INFO - [2024-10-15T00:50:12.918+0000] {override.py:1900} INFO - Created Permission View: can delete on DAG:example_branch_labels
[2024-10-15T00:50:12.940+0000] {logging_mixin.py:190} INFO - [2024-10-15T00:50:12.940+0000] {override.py:1900} INFO - Created Permission View: menu access on DAG Run:example_branch_labels
[2024-10-15T00:50:12.975+0000] {logging_mixin.py:190} INFO - [2024-10-15T00:50:12.975+0000] {override.py:1900} INFO - Created Permission View: can delete on DAG Run:example_branch_labels
[2024-10-15T00:50:12.998+0000] {logging_mixin.py:190} INFO - [2024-10-15T00:50:12.998+0000] {override.py:1900} INFO - Created Permission View: can read on DAG Run:example_branch_labels
[2024-10-15T00:50:13.023+0000] {logging_mixin.py:190} INFO - [2024-10-15T00:50:13.023+0000] {override.py:1900} INFO - Created Permission View: can create on DAG Run:example_branch_labels
[2024-10-15T00:50:13.023+0000] {logging_mixin.py:190} INFO - [2024-10-15T00:50:13.023+0000] {dag.py:3239} INFO - Sync 1 DAGs
[2024-10-15T00:50:13.134+0000] {logging_mixin.py:190} INFO - [2024-10-15T00:50:13.134+0000] {dag.py:3262} INFO - Creating ORM DAG for example_branch_labels
[2024-10-15T00:50:13.199+0000] {logging_mixin.py:190} INFO - [2024-10-15T00:50:13.199+0000] {dag.py:4180} INFO - Setting next_dagrun for example_branch_labels to 2024-10-14 00:00:00+00:00, run_after=2024-10-15 00:00:00+00:00
[2024-10-15T00:50:13.236+0000] {processor.py:208} INFO - Processing /home/airflow/.local/lib/python3.12/site-packages/airflow/example_dags/example_branch_labels.py took 0.777 seconds
[2024-10-15T00:59:51.510+0000] {processor.py:186} INFO - Started process (PID=95) to work on /home/airflow/.local/lib/python3.12/site-packages/airflow/example_dags/example_branch_labels.py
[2024-10-15T00:59:51.518+0000] {processor.py:914} INFO - Processing file /home/airflow/.local/lib/python3.12/site-packages/airflow/example_dags/example_branch_labels.py for tasks to queue
[2024-10-15T00:59:51.520+0000] {logging_mixin.py:190} INFO - [2024-10-15T00:59:51.520+0000] {dagbag.py:588} INFO - Filling up the DagBag from /home/airflow/.local/lib/python3.12/site-packages/airflow/example_dags/example_branch_labels.py
[2024-10-15T00:59:51.570+0000] {processor.py:925} INFO - DAG(s) 'example_branch_labels' retrieved from /home/airflow/.local/lib/python3.12/site-packages/airflow/example_dags/example_branch_labels.py
[2024-10-15T00:59:51.652+0000] {logging_mixin.py:190} INFO - [2024-10-15T00:59:51.650+0000] {dag.py:3239} INFO - Sync 1 DAGs
[2024-10-15T00:59:51.738+0000] {logging_mixin.py:190} INFO - [2024-10-15T00:59:51.725+0000] {dag.py:4180} INFO - Setting next_dagrun for example_branch_labels to 2024-10-14 00:00:00+00:00, run_after=2024-10-15 00:00:00+00:00
[2024-10-15T00:59:51.854+0000] {processor.py:208} INFO - Processing /home/airflow/.local/lib/python3.12/site-packages/airflow/example_dags/example_branch_labels.py took 0.364 seconds
[2024-10-15T01:00:22.277+0000] {processor.py:186} INFO - Started process (PID=157) to work on /home/airflow/.local/lib/python3.12/site-packages/airflow/example_dags/example_branch_labels.py
[2024-10-15T01:00:22.288+0000] {processor.py:914} INFO - Processing file /home/airflow/.local/lib/python3.12/site-packages/airflow/example_dags/example_branch_labels.py for tasks to queue
[2024-10-15T01:00:22.290+0000] {logging_mixin.py:190} INFO - [2024-10-15T01:00:22.289+0000] {dagbag.py:588} INFO - Filling up the DagBag from /home/airflow/.local/lib/python3.12/site-packages/airflow/example_dags/example_branch_labels.py
[2024-10-15T01:00:22.308+0000] {processor.py:925} INFO - DAG(s) 'example_branch_labels' retrieved from /home/airflow/.local/lib/python3.12/site-packages/airflow/example_dags/example_branch_labels.py
[2024-10-15T01:00:22.346+0000] {logging_mixin.py:190} INFO - [2024-10-15T01:00:22.346+0000] {dag.py:3239} INFO - Sync 1 DAGs
[2024-10-15T01:00:22.388+0000] {logging_mixin.py:190} INFO - [2024-10-15T01:00:22.387+0000] {dag.py:4180} INFO - Setting next_dagrun for example_branch_labels to 2024-10-14 00:00:00+00:00, run_after=2024-10-15 00:00:00+00:00
[2024-10-15T01:00:22.409+0000] {processor.py:208} INFO - Processing /home/airflow/.local/lib/python3.12/site-packages/airflow/example_dags/example_branch_labels.py took 0.140 seconds
[2024-10-15T01:00:53.131+0000] {processor.py:186} INFO - Started process (PID=219) to work on /home/airflow/.local/lib/python3.12/site-packages/airflow/example_dags/example_branch_labels.py
[2024-10-15T01:00:53.134+0000] {processor.py:914} INFO - Processing file /home/airflow/.local/lib/python3.12/site-packages/airflow/example_dags/example_branch_labels.py for tasks to queue
[2024-10-15T01:00:53.137+0000] {logging_mixin.py:190} INFO - [2024-10-15T01:00:53.137+0000] {dagbag.py:588} INFO - Filling up the DagBag from /home/airflow/.local/lib/python3.12/site-packages/airflow/example_dags/example_branch_labels.py
[2024-10-15T01:00:53.161+0000] {processor.py:925} INFO - DAG(s) 'example_branch_labels' retrieved from /home/airflow/.local/lib/python3.12/site-packages/airflow/example_dags/example_branch_labels.py
[2024-10-15T01:00:53.247+0000] {logging_mixin.py:190} INFO - [2024-10-15T01:00:53.246+0000] {dag.py:3239} INFO - Sync 1 DAGs
[2024-10-15T01:00:53.321+0000] {logging_mixin.py:190} INFO - [2024-10-15T01:00:53.305+0000] {dag.py:4180} INFO - Setting next_dagrun for example_branch_labels to 2024-10-14 00:00:00+00:00, run_after=2024-10-15 00:00:00+00:00
[2024-10-15T01:00:53.357+0000] {processor.py:208} INFO - Processing /home/airflow/.local/lib/python3.12/site-packages/airflow/example_dags/example_branch_labels.py took 0.244 seconds
[2024-10-15T01:01:23.499+0000] {processor.py:186} INFO - Started process (PID=280) to work on /home/airflow/.local/lib/python3.12/site-packages/airflow/example_dags/example_branch_labels.py
[2024-10-15T01:01:23.502+0000] {processor.py:914} INFO - Processing file /home/airflow/.local/lib/python3.12/site-packages/airflow/example_dags/example_branch_labels.py for tasks to queue
[2024-10-15T01:01:23.504+0000] {logging_mixin.py:190} INFO - [2024-10-15T01:01:23.503+0000] {dagbag.py:588} INFO - Filling up the DagBag from /home/airflow/.local/lib/python3.12/site-packages/airflow/example_dags/example_branch_labels.py
[2024-10-15T01:01:23.514+0000] {processor.py:925} INFO - DAG(s) 'example_branch_labels' retrieved from /home/airflow/.local/lib/python3.12/site-packages/airflow/example_dags/example_branch_labels.py
[2024-10-15T01:01:23.542+0000] {logging_mixin.py:190} INFO - [2024-10-15T01:01:23.542+0000] {dag.py:3239} INFO - Sync 1 DAGs
[2024-10-15T01:01:23.566+0000] {logging_mixin.py:190} INFO - [2024-10-15T01:01:23.566+0000] {dag.py:4180} INFO - Setting next_dagrun for example_branch_labels to 2024-10-14 00:00:00+00:00, run_after=2024-10-15 00:00:00+00:00
[2024-10-15T01:01:23.587+0000] {processor.py:208} INFO - Processing /home/airflow/.local/lib/python3.12/site-packages/airflow/example_dags/example_branch_labels.py took 0.093 seconds
[2024-10-15T01:01:53.971+0000] {processor.py:186} INFO - Started process (PID=342) to work on /home/airflow/.local/lib/python3.12/site-packages/airflow/example_dags/example_branch_labels.py
[2024-10-15T01:01:53.976+0000] {processor.py:914} INFO - Processing file /home/airflow/.local/lib/python3.12/site-packages/airflow/example_dags/example_branch_labels.py for tasks to queue
[2024-10-15T01:01:53.982+0000] {logging_mixin.py:190} INFO - [2024-10-15T01:01:53.980+0000] {dagbag.py:588} INFO - Filling up the DagBag from /home/airflow/.local/lib/python3.12/site-packages/airflow/example_dags/example_branch_labels.py
[2024-10-15T01:01:54.004+0000] {processor.py:925} INFO - DAG(s) 'example_branch_labels' retrieved from /home/airflow/.local/lib/python3.12/site-packages/airflow/example_dags/example_branch_labels.py
[2024-10-15T01:01:54.055+0000] {logging_mixin.py:190} INFO - [2024-10-15T01:01:54.055+0000] {dag.py:3239} INFO - Sync 1 DAGs
[2024-10-15T01:01:54.094+0000] {logging_mixin.py:190} INFO - [2024-10-15T01:01:54.093+0000] {dag.py:4180} INFO - Setting next_dagrun for example_branch_labels to 2024-10-14 00:00:00+00:00, run_after=2024-10-15 00:00:00+00:00
[2024-10-15T01:01:54.115+0000] {processor.py:208} INFO - Processing /home/airflow/.local/lib/python3.12/site-packages/airflow/example_dags/example_branch_labels.py took 0.150 seconds
[2024-10-15T01:02:24.383+0000] {processor.py:186} INFO - Started process (PID=403) to work on /home/airflow/.local/lib/python3.12/site-packages/airflow/example_dags/example_branch_labels.py
[2024-10-15T01:02:24.386+0000] {processor.py:914} INFO - Processing file /home/airflow/.local/lib/python3.12/site-packages/airflow/example_dags/example_branch_labels.py for tasks to queue
[2024-10-15T01:02:24.387+0000] {logging_mixin.py:190} INFO - [2024-10-15T01:02:24.387+0000] {dagbag.py:588} INFO - Filling up the DagBag from /home/airflow/.local/lib/python3.12/site-packages/airflow/example_dags/example_branch_labels.py
[2024-10-15T01:02:24.415+0000] {processor.py:925} INFO - DAG(s) 'example_branch_labels' retrieved from /home/airflow/.local/lib/python3.12/site-packages/airflow/example_dags/example_branch_labels.py
[2024-10-15T01:02:24.471+0000] {logging_mixin.py:190} INFO - [2024-10-15T01:02:24.471+0000] {dag.py:3239} INFO - Sync 1 DAGs
[2024-10-15T01:02:24.508+0000] {logging_mixin.py:190} INFO - [2024-10-15T01:02:24.507+0000] {dag.py:4180} INFO - Setting next_dagrun for example_branch_labels to 2024-10-14 00:00:00+00:00, run_after=2024-10-15 00:00:00+00:00
[2024-10-15T01:02:24.538+0000] {processor.py:208} INFO - Processing /home/airflow/.local/lib/python3.12/site-packages/airflow/example_dags/example_branch_labels.py took 0.161 seconds
[2024-10-15T01:02:56.152+0000] {processor.py:186} INFO - Started process (PID=465) to work on /home/airflow/.local/lib/python3.12/site-packages/airflow/example_dags/example_branch_labels.py
[2024-10-15T01:02:56.158+0000] {processor.py:914} INFO - Processing file /home/airflow/.local/lib/python3.12/site-packages/airflow/example_dags/example_branch_labels.py for tasks to queue
[2024-10-15T01:02:56.174+0000] {logging_mixin.py:190} INFO - [2024-10-15T01:02:56.174+0000] {dagbag.py:588} INFO - Filling up the DagBag from /home/airflow/.local/lib/python3.12/site-packages/airflow/example_dags/example_branch_labels.py
[2024-10-15T01:02:56.200+0000] {processor.py:925} INFO - DAG(s) 'example_branch_labels' retrieved from /home/airflow/.local/lib/python3.12/site-packages/airflow/example_dags/example_branch_labels.py
[2024-10-15T01:02:56.272+0000] {logging_mixin.py:190} INFO - [2024-10-15T01:02:56.272+0000] {dag.py:3239} INFO - Sync 1 DAGs
[2024-10-15T01:02:56.339+0000] {logging_mixin.py:190} INFO - [2024-10-15T01:02:56.339+0000] {dag.py:4180} INFO - Setting next_dagrun for example_branch_labels to 2024-10-14 00:00:00+00:00, run_after=2024-10-15 00:00:00+00:00
[2024-10-15T01:02:56.403+0000] {processor.py:208} INFO - Processing /home/airflow/.local/lib/python3.12/site-packages/airflow/example_dags/example_branch_labels.py took 0.275 seconds
[2024-10-15T01:03:26.919+0000] {processor.py:186} INFO - Started process (PID=527) to work on /home/airflow/.local/lib/python3.12/site-packages/airflow/example_dags/example_branch_labels.py
[2024-10-15T01:03:26.919+0000] {processor.py:914} INFO - Processing file /home/airflow/.local/lib/python3.12/site-packages/airflow/example_dags/example_branch_labels.py for tasks to queue
[2024-10-15T01:03:26.922+0000] {logging_mixin.py:190} INFO - [2024-10-15T01:03:26.922+0000] {dagbag.py:588} INFO - Filling up the DagBag from /home/airflow/.local/lib/python3.12/site-packages/airflow/example_dags/example_branch_labels.py
[2024-10-15T01:03:26.931+0000] {processor.py:925} INFO - DAG(s) 'example_branch_labels' retrieved from /home/airflow/.local/lib/python3.12/site-packages/airflow/example_dags/example_branch_labels.py
[2024-10-15T01:03:26.954+0000] {logging_mixin.py:190} INFO - [2024-10-15T01:03:26.952+0000] {dag.py:3239} INFO - Sync 1 DAGs
[2024-10-15T01:03:26.979+0000] {logging_mixin.py:190} INFO - [2024-10-15T01:03:26.979+0000] {dag.py:4180} INFO - Setting next_dagrun for example_branch_labels to 2024-10-14 00:00:00+00:00, run_after=2024-10-15 00:00:00+00:00
[2024-10-15T01:03:26.995+0000] {processor.py:208} INFO - Processing /home/airflow/.local/lib/python3.12/site-packages/airflow/example_dags/example_branch_labels.py took 0.083 seconds
[2024-10-15T01:03:57.532+0000] {processor.py:186} INFO - Started process (PID=589) to work on /home/airflow/.local/lib/python3.12/site-packages/airflow/example_dags/example_branch_labels.py
[2024-10-15T01:03:57.534+0000] {processor.py:914} INFO - Processing file /home/airflow/.local/lib/python3.12/site-packages/airflow/example_dags/example_branch_labels.py for tasks to queue
[2024-10-15T01:03:57.536+0000] {logging_mixin.py:190} INFO - [2024-10-15T01:03:57.536+0000] {dagbag.py:588} INFO - Filling up the DagBag from /home/airflow/.local/lib/python3.12/site-packages/airflow/example_dags/example_branch_labels.py
[2024-10-15T01:03:57.548+0000] {processor.py:925} INFO - DAG(s) 'example_branch_labels' retrieved from /home/airflow/.local/lib/python3.12/site-packages/airflow/example_dags/example_branch_labels.py
[2024-10-15T01:03:57.579+0000] {logging_mixin.py:190} INFO - [2024-10-15T01:03:57.578+0000] {dag.py:3239} INFO - Sync 1 DAGs
[2024-10-15T01:03:57.605+0000] {logging_mixin.py:190} INFO - [2024-10-15T01:03:57.605+0000] {dag.py:4180} INFO - Setting next_dagrun for example_branch_labels to 2024-10-14 00:00:00+00:00, run_after=2024-10-15 00:00:00+00:00
[2024-10-15T01:03:57.620+0000] {processor.py:208} INFO - Processing /home/airflow/.local/lib/python3.12/site-packages/airflow/example_dags/example_branch_labels.py took 0.094 seconds
[2024-10-15T01:04:27.981+0000] {processor.py:186} INFO - Started process (PID=651) to work on /home/airflow/.local/lib/python3.12/site-packages/airflow/example_dags/example_branch_labels.py
[2024-10-15T01:04:27.983+0000] {processor.py:914} INFO - Processing file /home/airflow/.local/lib/python3.12/site-packages/airflow/example_dags/example_branch_labels.py for tasks to queue
[2024-10-15T01:04:27.985+0000] {logging_mixin.py:190} INFO - [2024-10-15T01:04:27.985+0000] {dagbag.py:588} INFO - Filling up the DagBag from /home/airflow/.local/lib/python3.12/site-packages/airflow/example_dags/example_branch_labels.py
[2024-10-15T01:04:27.994+0000] {processor.py:925} INFO - DAG(s) 'example_branch_labels' retrieved from /home/airflow/.local/lib/python3.12/site-packages/airflow/example_dags/example_branch_labels.py
[2024-10-15T01:04:28.016+0000] {logging_mixin.py:190} INFO - [2024-10-15T01:04:28.016+0000] {dag.py:3239} INFO - Sync 1 DAGs
[2024-10-15T01:04:28.042+0000] {logging_mixin.py:190} INFO - [2024-10-15T01:04:28.041+0000] {dag.py:4180} INFO - Setting next_dagrun for example_branch_labels to 2024-10-14 00:00:00+00:00, run_after=2024-10-15 00:00:00+00:00
[2024-10-15T01:04:28.063+0000] {processor.py:208} INFO - Processing /home/airflow/.local/lib/python3.12/site-packages/airflow/example_dags/example_branch_labels.py took 0.088 seconds
[2024-10-15T01:04:58.407+0000] {processor.py:186} INFO - Started process (PID=713) to work on /home/airflow/.local/lib/python3.12/site-packages/airflow/example_dags/example_branch_labels.py
[2024-10-15T01:04:58.409+0000] {processor.py:914} INFO - Processing file /home/airflow/.local/lib/python3.12/site-packages/airflow/example_dags/example_branch_labels.py for tasks to queue
[2024-10-15T01:04:58.412+0000] {logging_mixin.py:190} INFO - [2024-10-15T01:04:58.411+0000] {dagbag.py:588} INFO - Filling up the DagBag from /home/airflow/.local/lib/python3.12/site-packages/airflow/example_dags/example_branch_labels.py
[2024-10-15T01:04:58.423+0000] {processor.py:925} INFO - DAG(s) 'example_branch_labels' retrieved from /home/airflow/.local/lib/python3.12/site-packages/airflow/example_dags/example_branch_labels.py
[2024-10-15T01:04:58.443+0000] {logging_mixin.py:190} INFO - [2024-10-15T01:04:58.443+0000] {dag.py:3239} INFO - Sync 1 DAGs
[2024-10-15T01:04:58.469+0000] {logging_mixin.py:190} INFO - [2024-10-15T01:04:58.469+0000] {dag.py:4180} INFO - Setting next_dagrun for example_branch_labels to 2024-10-14 00:00:00+00:00, run_after=2024-10-15 00:00:00+00:00
[2024-10-15T01:04:58.494+0000] {processor.py:208} INFO - Processing /home/airflow/.local/lib/python3.12/site-packages/airflow/example_dags/example_branch_labels.py took 0.097 seconds
[2024-10-15T01:05:28.779+0000] {processor.py:186} INFO - Started process (PID=775) to work on /home/airflow/.local/lib/python3.12/site-packages/airflow/example_dags/example_branch_labels.py
[2024-10-15T01:05:28.779+0000] {processor.py:914} INFO - Processing file /home/airflow/.local/lib/python3.12/site-packages/airflow/example_dags/example_branch_labels.py for tasks to queue
[2024-10-15T01:05:28.781+0000] {logging_mixin.py:190} INFO - [2024-10-15T01:05:28.781+0000] {dagbag.py:588} INFO - Filling up the DagBag from /home/airflow/.local/lib/python3.12/site-packages/airflow/example_dags/example_branch_labels.py
[2024-10-15T01:05:28.791+0000] {processor.py:925} INFO - DAG(s) 'example_branch_labels' retrieved from /home/airflow/.local/lib/python3.12/site-packages/airflow/example_dags/example_branch_labels.py
[2024-10-15T01:05:28.817+0000] {logging_mixin.py:190} INFO - [2024-10-15T01:05:28.816+0000] {dag.py:3239} INFO - Sync 1 DAGs
[2024-10-15T01:05:28.841+0000] {logging_mixin.py:190} INFO - [2024-10-15T01:05:28.841+0000] {dag.py:4180} INFO - Setting next_dagrun for example_branch_labels to 2024-10-14 00:00:00+00:00, run_after=2024-10-15 00:00:00+00:00
[2024-10-15T01:05:28.860+0000] {processor.py:208} INFO - Processing /home/airflow/.local/lib/python3.12/site-packages/airflow/example_dags/example_branch_labels.py took 0.087 seconds
[2024-10-15T01:05:59.369+0000] {processor.py:186} INFO - Started process (PID=838) to work on /home/airflow/.local/lib/python3.12/site-packages/airflow/example_dags/example_branch_labels.py
[2024-10-15T01:05:59.370+0000] {processor.py:914} INFO - Processing file /home/airflow/.local/lib/python3.12/site-packages/airflow/example_dags/example_branch_labels.py for tasks to queue
[2024-10-15T01:05:59.372+0000] {logging_mixin.py:190} INFO - [2024-10-15T01:05:59.372+0000] {dagbag.py:588} INFO - Filling up the DagBag from /home/airflow/.local/lib/python3.12/site-packages/airflow/example_dags/example_branch_labels.py
[2024-10-15T01:05:59.387+0000] {processor.py:925} INFO - DAG(s) 'example_branch_labels' retrieved from /home/airflow/.local/lib/python3.12/site-packages/airflow/example_dags/example_branch_labels.py
[2024-10-15T01:05:59.412+0000] {logging_mixin.py:190} INFO - [2024-10-15T01:05:59.412+0000] {dag.py:3239} INFO - Sync 1 DAGs
[2024-10-15T01:05:59.443+0000] {logging_mixin.py:190} INFO - [2024-10-15T01:05:59.443+0000] {dag.py:4180} INFO - Setting next_dagrun for example_branch_labels to 2024-10-14 00:00:00+00:00, run_after=2024-10-15 00:00:00+00:00
[2024-10-15T01:05:59.460+0000] {processor.py:208} INFO - Processing /home/airflow/.local/lib/python3.12/site-packages/airflow/example_dags/example_branch_labels.py took 0.097 seconds
[2024-10-15T01:06:30.194+0000] {processor.py:186} INFO - Started process (PID=900) to work on /home/airflow/.local/lib/python3.12/site-packages/airflow/example_dags/example_branch_labels.py
[2024-10-15T01:06:30.195+0000] {processor.py:914} INFO - Processing file /home/airflow/.local/lib/python3.12/site-packages/airflow/example_dags/example_branch_labels.py for tasks to queue
[2024-10-15T01:06:30.197+0000] {logging_mixin.py:190} INFO - [2024-10-15T01:06:30.197+0000] {dagbag.py:588} INFO - Filling up the DagBag from /home/airflow/.local/lib/python3.12/site-packages/airflow/example_dags/example_branch_labels.py
[2024-10-15T01:06:30.211+0000] {processor.py:925} INFO - DAG(s) 'example_branch_labels' retrieved from /home/airflow/.local/lib/python3.12/site-packages/airflow/example_dags/example_branch_labels.py
[2024-10-15T01:06:30.235+0000] {logging_mixin.py:190} INFO - [2024-10-15T01:06:30.235+0000] {dag.py:3239} INFO - Sync 1 DAGs
[2024-10-15T01:06:30.263+0000] {logging_mixin.py:190} INFO - [2024-10-15T01:06:30.263+0000] {dag.py:4180} INFO - Setting next_dagrun for example_branch_labels to 2024-10-14 00:00:00+00:00, run_after=2024-10-15 00:00:00+00:00
[2024-10-15T01:06:30.283+0000] {processor.py:208} INFO - Processing /home/airflow/.local/lib/python3.12/site-packages/airflow/example_dags/example_branch_labels.py took 0.096 seconds
[2024-10-15T01:07:00.411+0000] {processor.py:186} INFO - Started process (PID=962) to work on /home/airflow/.local/lib/python3.12/site-packages/airflow/example_dags/example_branch_labels.py
[2024-10-15T01:07:00.412+0000] {processor.py:914} INFO - Processing file /home/airflow/.local/lib/python3.12/site-packages/airflow/example_dags/example_branch_labels.py for tasks to queue
[2024-10-15T01:07:00.415+0000] {logging_mixin.py:190} INFO - [2024-10-15T01:07:00.415+0000] {dagbag.py:588} INFO - Filling up the DagBag from /home/airflow/.local/lib/python3.12/site-packages/airflow/example_dags/example_branch_labels.py
[2024-10-15T01:07:00.427+0000] {processor.py:925} INFO - DAG(s) 'example_branch_labels' retrieved from /home/airflow/.local/lib/python3.12/site-packages/airflow/example_dags/example_branch_labels.py
[2024-10-15T01:07:00.454+0000] {logging_mixin.py:190} INFO - [2024-10-15T01:07:00.453+0000] {dag.py:3239} INFO - Sync 1 DAGs
[2024-10-15T01:07:00.478+0000] {logging_mixin.py:190} INFO - [2024-10-15T01:07:00.478+0000] {dag.py:4180} INFO - Setting next_dagrun for example_branch_labels to 2024-10-14 00:00:00+00:00, run_after=2024-10-15 00:00:00+00:00
[2024-10-15T01:07:00.499+0000] {processor.py:208} INFO - Processing /home/airflow/.local/lib/python3.12/site-packages/airflow/example_dags/example_branch_labels.py took 0.093 seconds
[2024-10-15T01:07:31.537+0000] {processor.py:186} INFO - Started process (PID=1025) to work on /home/airflow/.local/lib/python3.12/site-packages/airflow/example_dags/example_branch_labels.py
[2024-10-15T01:07:31.543+0000] {processor.py:914} INFO - Processing file /home/airflow/.local/lib/python3.12/site-packages/airflow/example_dags/example_branch_labels.py for tasks to queue
[2024-10-15T01:07:31.545+0000] {logging_mixin.py:190} INFO - [2024-10-15T01:07:31.545+0000] {dagbag.py:588} INFO - Filling up the DagBag from /home/airflow/.local/lib/python3.12/site-packages/airflow/example_dags/example_branch_labels.py
[2024-10-15T01:07:31.554+0000] {processor.py:925} INFO - DAG(s) 'example_branch_labels' retrieved from /home/airflow/.local/lib/python3.12/site-packages/airflow/example_dags/example_branch_labels.py
[2024-10-15T01:07:31.588+0000] {logging_mixin.py:190} INFO - [2024-10-15T01:07:31.588+0000] {dag.py:3239} INFO - Sync 1 DAGs
[2024-10-15T01:07:31.614+0000] {logging_mixin.py:190} INFO - [2024-10-15T01:07:31.614+0000] {dag.py:4180} INFO - Setting next_dagrun for example_branch_labels to 2024-10-14 00:00:00+00:00, run_after=2024-10-15 00:00:00+00:00
[2024-10-15T01:07:31.636+0000] {processor.py:208} INFO - Processing /home/airflow/.local/lib/python3.12/site-packages/airflow/example_dags/example_branch_labels.py took 0.105 seconds
[2024-10-15T01:08:02.406+0000] {processor.py:186} INFO - Started process (PID=1087) to work on /home/airflow/.local/lib/python3.12/site-packages/airflow/example_dags/example_branch_labels.py
[2024-10-15T01:08:02.407+0000] {processor.py:914} INFO - Processing file /home/airflow/.local/lib/python3.12/site-packages/airflow/example_dags/example_branch_labels.py for tasks to queue
[2024-10-15T01:08:02.418+0000] {logging_mixin.py:190} INFO - [2024-10-15T01:08:02.418+0000] {dagbag.py:588} INFO - Filling up the DagBag from /home/airflow/.local/lib/python3.12/site-packages/airflow/example_dags/example_branch_labels.py
[2024-10-15T01:08:02.431+0000] {processor.py:925} INFO - DAG(s) 'example_branch_labels' retrieved from /home/airflow/.local/lib/python3.12/site-packages/airflow/example_dags/example_branch_labels.py
[2024-10-15T01:08:02.471+0000] {logging_mixin.py:190} INFO - [2024-10-15T01:08:02.470+0000] {dag.py:3239} INFO - Sync 1 DAGs
[2024-10-15T01:08:02.527+0000] {logging_mixin.py:190} INFO - [2024-10-15T01:08:02.527+0000] {dag.py:4180} INFO - Setting next_dagrun for example_branch_labels to 2024-10-14 00:00:00+00:00, run_after=2024-10-15 00:00:00+00:00
[2024-10-15T01:08:02.558+0000] {processor.py:208} INFO - Processing /home/airflow/.local/lib/python3.12/site-packages/airflow/example_dags/example_branch_labels.py took 0.167 seconds
[2024-10-15T01:08:33.316+0000] {processor.py:186} INFO - Started process (PID=1149) to work on /home/airflow/.local/lib/python3.12/site-packages/airflow/example_dags/example_branch_labels.py
[2024-10-15T01:08:33.330+0000] {processor.py:914} INFO - Processing file /home/airflow/.local/lib/python3.12/site-packages/airflow/example_dags/example_branch_labels.py for tasks to queue
[2024-10-15T01:08:33.332+0000] {logging_mixin.py:190} INFO - [2024-10-15T01:08:33.331+0000] {dagbag.py:588} INFO - Filling up the DagBag from /home/airflow/.local/lib/python3.12/site-packages/airflow/example_dags/example_branch_labels.py
[2024-10-15T01:08:33.351+0000] {processor.py:925} INFO - DAG(s) 'example_branch_labels' retrieved from /home/airflow/.local/lib/python3.12/site-packages/airflow/example_dags/example_branch_labels.py
[2024-10-15T01:08:33.387+0000] {logging_mixin.py:190} INFO - [2024-10-15T01:08:33.386+0000] {dag.py:3239} INFO - Sync 1 DAGs
[2024-10-15T01:08:33.426+0000] {logging_mixin.py:190} INFO - [2024-10-15T01:08:33.426+0000] {dag.py:4180} INFO - Setting next_dagrun for example_branch_labels to 2024-10-14 00:00:00+00:00, run_after=2024-10-15 00:00:00+00:00
[2024-10-15T01:08:33.470+0000] {processor.py:208} INFO - Processing /home/airflow/.local/lib/python3.12/site-packages/airflow/example_dags/example_branch_labels.py took 0.181 seconds
[2024-10-15T01:09:04.518+0000] {processor.py:186} INFO - Started process (PID=1211) to work on /home/airflow/.local/lib/python3.12/site-packages/airflow/example_dags/example_branch_labels.py
[2024-10-15T01:09:04.544+0000] {processor.py:914} INFO - Processing file /home/airflow/.local/lib/python3.12/site-packages/airflow/example_dags/example_branch_labels.py for tasks to queue
[2024-10-15T01:09:04.546+0000] {logging_mixin.py:190} INFO - [2024-10-15T01:09:04.546+0000] {dagbag.py:588} INFO - Filling up the DagBag from /home/airflow/.local/lib/python3.12/site-packages/airflow/example_dags/example_branch_labels.py
[2024-10-15T01:09:04.594+0000] {processor.py:925} INFO - DAG(s) 'example_branch_labels' retrieved from /home/airflow/.local/lib/python3.12/site-packages/airflow/example_dags/example_branch_labels.py
[2024-10-15T01:09:04.668+0000] {logging_mixin.py:190} INFO - [2024-10-15T01:09:04.668+0000] {dag.py:3239} INFO - Sync 1 DAGs
[2024-10-15T01:09:04.757+0000] {logging_mixin.py:190} INFO - [2024-10-15T01:09:04.757+0000] {dag.py:4180} INFO - Setting next_dagrun for example_branch_labels to 2024-10-14 00:00:00+00:00, run_after=2024-10-15 00:00:00+00:00
[2024-10-15T01:09:04.814+0000] {processor.py:208} INFO - Processing /home/airflow/.local/lib/python3.12/site-packages/airflow/example_dags/example_branch_labels.py took 0.337 seconds
[2024-10-15T01:09:35.219+0000] {processor.py:186} INFO - Started process (PID=1273) to work on /home/airflow/.local/lib/python3.12/site-packages/airflow/example_dags/example_branch_labels.py
[2024-10-15T01:09:35.221+0000] {processor.py:914} INFO - Processing file /home/airflow/.local/lib/python3.12/site-packages/airflow/example_dags/example_branch_labels.py for tasks to queue
[2024-10-15T01:09:35.223+0000] {logging_mixin.py:190} INFO - [2024-10-15T01:09:35.223+0000] {dagbag.py:588} INFO - Filling up the DagBag from /home/airflow/.local/lib/python3.12/site-packages/airflow/example_dags/example_branch_labels.py
[2024-10-15T01:09:35.233+0000] {processor.py:925} INFO - DAG(s) 'example_branch_labels' retrieved from /home/airflow/.local/lib/python3.12/site-packages/airflow/example_dags/example_branch_labels.py
[2024-10-15T01:09:35.253+0000] {logging_mixin.py:190} INFO - [2024-10-15T01:09:35.253+0000] {dag.py:3239} INFO - Sync 1 DAGs
[2024-10-15T01:09:35.276+0000] {logging_mixin.py:190} INFO - [2024-10-15T01:09:35.276+0000] {dag.py:4180} INFO - Setting next_dagrun for example_branch_labels to 2024-10-14 00:00:00+00:00, run_after=2024-10-15 00:00:00+00:00
[2024-10-15T01:09:35.298+0000] {processor.py:208} INFO - Processing /home/airflow/.local/lib/python3.12/site-packages/airflow/example_dags/example_branch_labels.py took 0.086 seconds
[2024-10-15T01:10:05.900+0000] {processor.py:186} INFO - Started process (PID=1337) to work on /home/airflow/.local/lib/python3.12/site-packages/airflow/example_dags/example_branch_labels.py
[2024-10-15T01:10:05.900+0000] {processor.py:914} INFO - Processing file /home/airflow/.local/lib/python3.12/site-packages/airflow/example_dags/example_branch_labels.py for tasks to queue
[2024-10-15T01:10:05.902+0000] {logging_mixin.py:190} INFO - [2024-10-15T01:10:05.902+0000] {dagbag.py:588} INFO - Filling up the DagBag from /home/airflow/.local/lib/python3.12/site-packages/airflow/example_dags/example_branch_labels.py
[2024-10-15T01:10:05.911+0000] {processor.py:925} INFO - DAG(s) 'example_branch_labels' retrieved from /home/airflow/.local/lib/python3.12/site-packages/airflow/example_dags/example_branch_labels.py
[2024-10-15T01:10:05.936+0000] {logging_mixin.py:190} INFO - [2024-10-15T01:10:05.936+0000] {dag.py:3239} INFO - Sync 1 DAGs
[2024-10-15T01:10:05.961+0000] {logging_mixin.py:190} INFO - [2024-10-15T01:10:05.960+0000] {dag.py:4180} INFO - Setting next_dagrun for example_branch_labels to 2024-10-14 00:00:00+00:00, run_after=2024-10-15 00:00:00+00:00
[2024-10-15T01:10:05.981+0000] {processor.py:208} INFO - Processing /home/airflow/.local/lib/python3.12/site-packages/airflow/example_dags/example_branch_labels.py took 0.095 seconds
[2024-10-15T01:10:36.858+0000] {processor.py:186} INFO - Started process (PID=1399) to work on /home/airflow/.local/lib/python3.12/site-packages/airflow/example_dags/example_branch_labels.py
[2024-10-15T01:10:36.861+0000] {processor.py:914} INFO - Processing file /home/airflow/.local/lib/python3.12/site-packages/airflow/example_dags/example_branch_labels.py for tasks to queue
[2024-10-15T01:10:36.862+0000] {logging_mixin.py:190} INFO - [2024-10-15T01:10:36.861+0000] {dagbag.py:588} INFO - Filling up the DagBag from /home/airflow/.local/lib/python3.12/site-packages/airflow/example_dags/example_branch_labels.py
[2024-10-15T01:10:36.872+0000] {processor.py:925} INFO - DAG(s) 'example_branch_labels' retrieved from /home/airflow/.local/lib/python3.12/site-packages/airflow/example_dags/example_branch_labels.py
[2024-10-15T01:10:36.914+0000] {logging_mixin.py:190} INFO - [2024-10-15T01:10:36.914+0000] {dag.py:3239} INFO - Sync 1 DAGs
[2024-10-15T01:10:36.958+0000] {logging_mixin.py:190} INFO - [2024-10-15T01:10:36.958+0000] {dag.py:4180} INFO - Setting next_dagrun for example_branch_labels to 2024-10-14 00:00:00+00:00, run_after=2024-10-15 00:00:00+00:00
[2024-10-15T01:10:37.002+0000] {processor.py:208} INFO - Processing /home/airflow/.local/lib/python3.12/site-packages/airflow/example_dags/example_branch_labels.py took 0.151 seconds
[2024-10-15T01:11:07.375+0000] {processor.py:186} INFO - Started process (PID=1462) to work on /home/airflow/.local/lib/python3.12/site-packages/airflow/example_dags/example_branch_labels.py
[2024-10-15T01:11:07.377+0000] {processor.py:914} INFO - Processing file /home/airflow/.local/lib/python3.12/site-packages/airflow/example_dags/example_branch_labels.py for tasks to queue
[2024-10-15T01:11:07.378+0000] {logging_mixin.py:190} INFO - [2024-10-15T01:11:07.378+0000] {dagbag.py:588} INFO - Filling up the DagBag from /home/airflow/.local/lib/python3.12/site-packages/airflow/example_dags/example_branch_labels.py
[2024-10-15T01:11:07.388+0000] {processor.py:925} INFO - DAG(s) 'example_branch_labels' retrieved from /home/airflow/.local/lib/python3.12/site-packages/airflow/example_dags/example_branch_labels.py
[2024-10-15T01:11:07.409+0000] {logging_mixin.py:190} INFO - [2024-10-15T01:11:07.409+0000] {dag.py:3239} INFO - Sync 1 DAGs
[2024-10-15T01:11:07.435+0000] {logging_mixin.py:190} INFO - [2024-10-15T01:11:07.435+0000] {dag.py:4180} INFO - Setting next_dagrun for example_branch_labels to 2024-10-14 00:00:00+00:00, run_after=2024-10-15 00:00:00+00:00
[2024-10-15T01:11:07.453+0000] {processor.py:208} INFO - Processing /home/airflow/.local/lib/python3.12/site-packages/airflow/example_dags/example_branch_labels.py took 0.085 seconds
[2024-10-15T01:11:37.580+0000] {processor.py:186} INFO - Started process (PID=1525) to work on /home/airflow/.local/lib/python3.12/site-packages/airflow/example_dags/example_branch_labels.py
[2024-10-15T01:11:37.581+0000] {processor.py:914} INFO - Processing file /home/airflow/.local/lib/python3.12/site-packages/airflow/example_dags/example_branch_labels.py for tasks to queue
[2024-10-15T01:11:37.582+0000] {logging_mixin.py:190} INFO - [2024-10-15T01:11:37.582+0000] {dagbag.py:588} INFO - Filling up the DagBag from /home/airflow/.local/lib/python3.12/site-packages/airflow/example_dags/example_branch_labels.py
[2024-10-15T01:11:37.592+0000] {processor.py:925} INFO - DAG(s) 'example_branch_labels' retrieved from /home/airflow/.local/lib/python3.12/site-packages/airflow/example_dags/example_branch_labels.py
[2024-10-15T01:11:37.615+0000] {logging_mixin.py:190} INFO - [2024-10-15T01:11:37.615+0000] {dag.py:3239} INFO - Sync 1 DAGs
[2024-10-15T01:11:37.642+0000] {logging_mixin.py:190} INFO - [2024-10-15T01:11:37.641+0000] {dag.py:4180} INFO - Setting next_dagrun for example_branch_labels to 2024-10-14 00:00:00+00:00, run_after=2024-10-15 00:00:00+00:00
[2024-10-15T01:11:37.660+0000] {processor.py:208} INFO - Processing /home/airflow/.local/lib/python3.12/site-packages/airflow/example_dags/example_branch_labels.py took 0.086 seconds
[2024-10-15T01:12:08.663+0000] {processor.py:186} INFO - Started process (PID=1588) to work on /home/airflow/.local/lib/python3.12/site-packages/airflow/example_dags/example_branch_labels.py
[2024-10-15T01:12:08.665+0000] {processor.py:914} INFO - Processing file /home/airflow/.local/lib/python3.12/site-packages/airflow/example_dags/example_branch_labels.py for tasks to queue
[2024-10-15T01:12:08.666+0000] {logging_mixin.py:190} INFO - [2024-10-15T01:12:08.666+0000] {dagbag.py:588} INFO - Filling up the DagBag from /home/airflow/.local/lib/python3.12/site-packages/airflow/example_dags/example_branch_labels.py
[2024-10-15T01:12:08.676+0000] {processor.py:925} INFO - DAG(s) 'example_branch_labels' retrieved from /home/airflow/.local/lib/python3.12/site-packages/airflow/example_dags/example_branch_labels.py
[2024-10-15T01:12:08.698+0000] {logging_mixin.py:190} INFO - [2024-10-15T01:12:08.698+0000] {dag.py:3239} INFO - Sync 1 DAGs
[2024-10-15T01:12:08.725+0000] {logging_mixin.py:190} INFO - [2024-10-15T01:12:08.725+0000] {dag.py:4180} INFO - Setting next_dagrun for example_branch_labels to 2024-10-14 00:00:00+00:00, run_after=2024-10-15 00:00:00+00:00
[2024-10-15T01:12:08.746+0000] {processor.py:208} INFO - Processing /home/airflow/.local/lib/python3.12/site-packages/airflow/example_dags/example_branch_labels.py took 0.088 seconds
[2024-10-15T01:12:39.357+0000] {processor.py:186} INFO - Started process (PID=1652) to work on /home/airflow/.local/lib/python3.12/site-packages/airflow/example_dags/example_branch_labels.py
[2024-10-15T01:12:39.359+0000] {processor.py:914} INFO - Processing file /home/airflow/.local/lib/python3.12/site-packages/airflow/example_dags/example_branch_labels.py for tasks to queue
[2024-10-15T01:12:39.366+0000] {logging_mixin.py:190} INFO - [2024-10-15T01:12:39.360+0000] {dagbag.py:588} INFO - Filling up the DagBag from /home/airflow/.local/lib/python3.12/site-packages/airflow/example_dags/example_branch_labels.py
[2024-10-15T01:12:39.375+0000] {processor.py:925} INFO - DAG(s) 'example_branch_labels' retrieved from /home/airflow/.local/lib/python3.12/site-packages/airflow/example_dags/example_branch_labels.py
[2024-10-15T01:12:39.397+0000] {logging_mixin.py:190} INFO - [2024-10-15T01:12:39.397+0000] {dag.py:3239} INFO - Sync 1 DAGs
[2024-10-15T01:12:39.422+0000] {logging_mixin.py:190} INFO - [2024-10-15T01:12:39.421+0000] {dag.py:4180} INFO - Setting next_dagrun for example_branch_labels to 2024-10-14 00:00:00+00:00, run_after=2024-10-15 00:00:00+00:00
[2024-10-15T01:12:39.455+0000] {processor.py:208} INFO - Processing /home/airflow/.local/lib/python3.12/site-packages/airflow/example_dags/example_branch_labels.py took 0.103 seconds
[2024-10-15T01:13:10.322+0000] {processor.py:186} INFO - Started process (PID=1717) to work on /home/airflow/.local/lib/python3.12/site-packages/airflow/example_dags/example_branch_labels.py
[2024-10-15T01:13:10.323+0000] {processor.py:914} INFO - Processing file /home/airflow/.local/lib/python3.12/site-packages/airflow/example_dags/example_branch_labels.py for tasks to queue
[2024-10-15T01:13:10.327+0000] {logging_mixin.py:190} INFO - [2024-10-15T01:13:10.324+0000] {dagbag.py:588} INFO - Filling up the DagBag from /home/airflow/.local/lib/python3.12/site-packages/airflow/example_dags/example_branch_labels.py
[2024-10-15T01:13:10.339+0000] {processor.py:925} INFO - DAG(s) 'example_branch_labels' retrieved from /home/airflow/.local/lib/python3.12/site-packages/airflow/example_dags/example_branch_labels.py
[2024-10-15T01:13:10.387+0000] {logging_mixin.py:190} INFO - [2024-10-15T01:13:10.387+0000] {dag.py:3239} INFO - Sync 1 DAGs
[2024-10-15T01:13:10.427+0000] {logging_mixin.py:190} INFO - [2024-10-15T01:13:10.426+0000] {dag.py:4180} INFO - Setting next_dagrun for example_branch_labels to 2024-10-14 00:00:00+00:00, run_after=2024-10-15 00:00:00+00:00
[2024-10-15T01:13:10.465+0000] {processor.py:208} INFO - Processing /home/airflow/.local/lib/python3.12/site-packages/airflow/example_dags/example_branch_labels.py took 0.151 seconds
[2024-10-15T01:13:40.881+0000] {processor.py:186} INFO - Started process (PID=1780) to work on /home/airflow/.local/lib/python3.12/site-packages/airflow/example_dags/example_branch_labels.py
[2024-10-15T01:13:40.882+0000] {processor.py:914} INFO - Processing file /home/airflow/.local/lib/python3.12/site-packages/airflow/example_dags/example_branch_labels.py for tasks to queue
[2024-10-15T01:13:40.883+0000] {logging_mixin.py:190} INFO - [2024-10-15T01:13:40.883+0000] {dagbag.py:588} INFO - Filling up the DagBag from /home/airflow/.local/lib/python3.12/site-packages/airflow/example_dags/example_branch_labels.py
[2024-10-15T01:13:40.893+0000] {processor.py:925} INFO - DAG(s) 'example_branch_labels' retrieved from /home/airflow/.local/lib/python3.12/site-packages/airflow/example_dags/example_branch_labels.py
[2024-10-15T01:13:40.914+0000] {logging_mixin.py:190} INFO - [2024-10-15T01:13:40.913+0000] {dag.py:3239} INFO - Sync 1 DAGs
[2024-10-15T01:13:40.935+0000] {logging_mixin.py:190} INFO - [2024-10-15T01:13:40.934+0000] {dag.py:4180} INFO - Setting next_dagrun for example_branch_labels to 2024-10-14 00:00:00+00:00, run_after=2024-10-15 00:00:00+00:00
[2024-10-15T01:13:40.951+0000] {processor.py:208} INFO - Processing /home/airflow/.local/lib/python3.12/site-packages/airflow/example_dags/example_branch_labels.py took 0.081 seconds
[2024-10-15T01:14:11.627+0000] {processor.py:186} INFO - Started process (PID=1843) to work on /home/airflow/.local/lib/python3.12/site-packages/airflow/example_dags/example_branch_labels.py
[2024-10-15T01:14:11.627+0000] {processor.py:914} INFO - Processing file /home/airflow/.local/lib/python3.12/site-packages/airflow/example_dags/example_branch_labels.py for tasks to queue
[2024-10-15T01:14:11.628+0000] {logging_mixin.py:190} INFO - [2024-10-15T01:14:11.628+0000] {dagbag.py:588} INFO - Filling up the DagBag from /home/airflow/.local/lib/python3.12/site-packages/airflow/example_dags/example_branch_labels.py
[2024-10-15T01:14:11.651+0000] {processor.py:925} INFO - DAG(s) 'example_branch_labels' retrieved from /home/airflow/.local/lib/python3.12/site-packages/airflow/example_dags/example_branch_labels.py
[2024-10-15T01:14:11.686+0000] {logging_mixin.py:190} INFO - [2024-10-15T01:14:11.686+0000] {dag.py:3239} INFO - Sync 1 DAGs
[2024-10-15T01:14:11.717+0000] {logging_mixin.py:190} INFO - [2024-10-15T01:14:11.717+0000] {dag.py:4180} INFO - Setting next_dagrun for example_branch_labels to 2024-10-14 00:00:00+00:00, run_after=2024-10-15 00:00:00+00:00
[2024-10-15T01:14:11.737+0000] {processor.py:208} INFO - Processing /home/airflow/.local/lib/python3.12/site-packages/airflow/example_dags/example_branch_labels.py took 0.115 seconds
[2024-10-15T01:14:41.822+0000] {processor.py:186} INFO - Started process (PID=1906) to work on /home/airflow/.local/lib/python3.12/site-packages/airflow/example_dags/example_branch_labels.py
[2024-10-15T01:14:41.824+0000] {processor.py:914} INFO - Processing file /home/airflow/.local/lib/python3.12/site-packages/airflow/example_dags/example_branch_labels.py for tasks to queue
[2024-10-15T01:14:41.825+0000] {logging_mixin.py:190} INFO - [2024-10-15T01:14:41.825+0000] {dagbag.py:588} INFO - Filling up the DagBag from /home/airflow/.local/lib/python3.12/site-packages/airflow/example_dags/example_branch_labels.py
[2024-10-15T01:14:41.834+0000] {processor.py:925} INFO - DAG(s) 'example_branch_labels' retrieved from /home/airflow/.local/lib/python3.12/site-packages/airflow/example_dags/example_branch_labels.py
[2024-10-15T01:14:41.858+0000] {logging_mixin.py:190} INFO - [2024-10-15T01:14:41.858+0000] {dag.py:3239} INFO - Sync 1 DAGs
[2024-10-15T01:14:41.885+0000] {logging_mixin.py:190} INFO - [2024-10-15T01:14:41.885+0000] {dag.py:4180} INFO - Setting next_dagrun for example_branch_labels to 2024-10-14 00:00:00+00:00, run_after=2024-10-15 00:00:00+00:00
[2024-10-15T01:14:41.907+0000] {processor.py:208} INFO - Processing /home/airflow/.local/lib/python3.12/site-packages/airflow/example_dags/example_branch_labels.py took 0.092 seconds
[2024-10-15T01:15:12.541+0000] {processor.py:186} INFO - Started process (PID=1968) to work on /home/airflow/.local/lib/python3.12/site-packages/airflow/example_dags/example_branch_labels.py
[2024-10-15T01:15:12.555+0000] {processor.py:914} INFO - Processing file /home/airflow/.local/lib/python3.12/site-packages/airflow/example_dags/example_branch_labels.py for tasks to queue
[2024-10-15T01:15:12.559+0000] {logging_mixin.py:190} INFO - [2024-10-15T01:15:12.556+0000] {dagbag.py:588} INFO - Filling up the DagBag from /home/airflow/.local/lib/python3.12/site-packages/airflow/example_dags/example_branch_labels.py
[2024-10-15T01:15:12.581+0000] {processor.py:925} INFO - DAG(s) 'example_branch_labels' retrieved from /home/airflow/.local/lib/python3.12/site-packages/airflow/example_dags/example_branch_labels.py
[2024-10-15T01:15:12.622+0000] {logging_mixin.py:190} INFO - [2024-10-15T01:15:12.622+0000] {dag.py:3239} INFO - Sync 1 DAGs
[2024-10-15T01:15:12.676+0000] {logging_mixin.py:190} INFO - [2024-10-15T01:15:12.675+0000] {dag.py:4180} INFO - Setting next_dagrun for example_branch_labels to 2024-10-14 00:00:00+00:00, run_after=2024-10-15 00:00:00+00:00
[2024-10-15T01:15:12.716+0000] {processor.py:208} INFO - Processing /home/airflow/.local/lib/python3.12/site-packages/airflow/example_dags/example_branch_labels.py took 0.191 seconds
[2024-10-15T01:15:42.808+0000] {processor.py:186} INFO - Started process (PID=2031) to work on /home/airflow/.local/lib/python3.12/site-packages/airflow/example_dags/example_branch_labels.py
[2024-10-15T01:15:42.809+0000] {processor.py:914} INFO - Processing file /home/airflow/.local/lib/python3.12/site-packages/airflow/example_dags/example_branch_labels.py for tasks to queue
[2024-10-15T01:15:42.810+0000] {logging_mixin.py:190} INFO - [2024-10-15T01:15:42.810+0000] {dagbag.py:588} INFO - Filling up the DagBag from /home/airflow/.local/lib/python3.12/site-packages/airflow/example_dags/example_branch_labels.py
[2024-10-15T01:15:42.824+0000] {processor.py:925} INFO - DAG(s) 'example_branch_labels' retrieved from /home/airflow/.local/lib/python3.12/site-packages/airflow/example_dags/example_branch_labels.py
[2024-10-15T01:15:42.854+0000] {logging_mixin.py:190} INFO - [2024-10-15T01:15:42.853+0000] {dag.py:3239} INFO - Sync 1 DAGs
[2024-10-15T01:15:42.878+0000] {logging_mixin.py:190} INFO - [2024-10-15T01:15:42.878+0000] {dag.py:4180} INFO - Setting next_dagrun for example_branch_labels to 2024-10-14 00:00:00+00:00, run_after=2024-10-15 00:00:00+00:00
[2024-10-15T01:15:42.919+0000] {processor.py:208} INFO - Processing /home/airflow/.local/lib/python3.12/site-packages/airflow/example_dags/example_branch_labels.py took 0.117 seconds
[2024-10-15T01:16:13.012+0000] {processor.py:186} INFO - Started process (PID=2093) to work on /home/airflow/.local/lib/python3.12/site-packages/airflow/example_dags/example_branch_labels.py
[2024-10-15T01:16:13.014+0000] {processor.py:914} INFO - Processing file /home/airflow/.local/lib/python3.12/site-packages/airflow/example_dags/example_branch_labels.py for tasks to queue
[2024-10-15T01:16:13.015+0000] {logging_mixin.py:190} INFO - [2024-10-15T01:16:13.015+0000] {dagbag.py:588} INFO - Filling up the DagBag from /home/airflow/.local/lib/python3.12/site-packages/airflow/example_dags/example_branch_labels.py
[2024-10-15T01:16:13.029+0000] {processor.py:925} INFO - DAG(s) 'example_branch_labels' retrieved from /home/airflow/.local/lib/python3.12/site-packages/airflow/example_dags/example_branch_labels.py
[2024-10-15T01:16:13.058+0000] {logging_mixin.py:190} INFO - [2024-10-15T01:16:13.058+0000] {dag.py:3239} INFO - Sync 1 DAGs
[2024-10-15T01:16:13.095+0000] {logging_mixin.py:190} INFO - [2024-10-15T01:16:13.094+0000] {dag.py:4180} INFO - Setting next_dagrun for example_branch_labels to 2024-10-14 00:00:00+00:00, run_after=2024-10-15 00:00:00+00:00
[2024-10-15T01:16:13.115+0000] {processor.py:208} INFO - Processing /home/airflow/.local/lib/python3.12/site-packages/airflow/example_dags/example_branch_labels.py took 0.111 seconds
[2024-10-15T01:16:43.540+0000] {processor.py:186} INFO - Started process (PID=2156) to work on /home/airflow/.local/lib/python3.12/site-packages/airflow/example_dags/example_branch_labels.py
[2024-10-15T01:16:43.541+0000] {processor.py:914} INFO - Processing file /home/airflow/.local/lib/python3.12/site-packages/airflow/example_dags/example_branch_labels.py for tasks to queue
[2024-10-15T01:16:43.542+0000] {logging_mixin.py:190} INFO - [2024-10-15T01:16:43.541+0000] {dagbag.py:588} INFO - Filling up the DagBag from /home/airflow/.local/lib/python3.12/site-packages/airflow/example_dags/example_branch_labels.py
[2024-10-15T01:16:43.554+0000] {processor.py:925} INFO - DAG(s) 'example_branch_labels' retrieved from /home/airflow/.local/lib/python3.12/site-packages/airflow/example_dags/example_branch_labels.py
[2024-10-15T01:16:43.574+0000] {logging_mixin.py:190} INFO - [2024-10-15T01:16:43.573+0000] {dag.py:3239} INFO - Sync 1 DAGs
[2024-10-15T01:16:43.598+0000] {logging_mixin.py:190} INFO - [2024-10-15T01:16:43.598+0000] {dag.py:4180} INFO - Setting next_dagrun for example_branch_labels to 2024-10-14 00:00:00+00:00, run_after=2024-10-15 00:00:00+00:00
[2024-10-15T01:16:43.616+0000] {processor.py:208} INFO - Processing /home/airflow/.local/lib/python3.12/site-packages/airflow/example_dags/example_branch_labels.py took 0.081 seconds
[2024-10-15T01:17:14.103+0000] {processor.py:186} INFO - Started process (PID=2219) to work on /home/airflow/.local/lib/python3.12/site-packages/airflow/example_dags/example_branch_labels.py
[2024-10-15T01:17:14.104+0000] {processor.py:914} INFO - Processing file /home/airflow/.local/lib/python3.12/site-packages/airflow/example_dags/example_branch_labels.py for tasks to queue
[2024-10-15T01:17:14.107+0000] {logging_mixin.py:190} INFO - [2024-10-15T01:17:14.105+0000] {dagbag.py:588} INFO - Filling up the DagBag from /home/airflow/.local/lib/python3.12/site-packages/airflow/example_dags/example_branch_labels.py
[2024-10-15T01:17:14.117+0000] {processor.py:925} INFO - DAG(s) 'example_branch_labels' retrieved from /home/airflow/.local/lib/python3.12/site-packages/airflow/example_dags/example_branch_labels.py
[2024-10-15T01:17:14.159+0000] {logging_mixin.py:190} INFO - [2024-10-15T01:17:14.158+0000] {dag.py:3239} INFO - Sync 1 DAGs
[2024-10-15T01:17:14.192+0000] {logging_mixin.py:190} INFO - [2024-10-15T01:17:14.192+0000] {dag.py:4180} INFO - Setting next_dagrun for example_branch_labels to 2024-10-14 00:00:00+00:00, run_after=2024-10-15 00:00:00+00:00
[2024-10-15T01:17:14.210+0000] {processor.py:208} INFO - Processing /home/airflow/.local/lib/python3.12/site-packages/airflow/example_dags/example_branch_labels.py took 0.114 seconds
[2024-10-15T01:17:44.574+0000] {processor.py:186} INFO - Started process (PID=2282) to work on /home/airflow/.local/lib/python3.12/site-packages/airflow/example_dags/example_branch_labels.py
[2024-10-15T01:17:44.575+0000] {processor.py:914} INFO - Processing file /home/airflow/.local/lib/python3.12/site-packages/airflow/example_dags/example_branch_labels.py for tasks to queue
[2024-10-15T01:17:44.575+0000] {logging_mixin.py:190} INFO - [2024-10-15T01:17:44.575+0000] {dagbag.py:588} INFO - Filling up the DagBag from /home/airflow/.local/lib/python3.12/site-packages/airflow/example_dags/example_branch_labels.py
[2024-10-15T01:17:44.586+0000] {processor.py:925} INFO - DAG(s) 'example_branch_labels' retrieved from /home/airflow/.local/lib/python3.12/site-packages/airflow/example_dags/example_branch_labels.py
[2024-10-15T01:17:44.608+0000] {logging_mixin.py:190} INFO - [2024-10-15T01:17:44.607+0000] {dag.py:3239} INFO - Sync 1 DAGs
[2024-10-15T01:17:44.632+0000] {logging_mixin.py:190} INFO - [2024-10-15T01:17:44.632+0000] {dag.py:4180} INFO - Setting next_dagrun for example_branch_labels to 2024-10-14 00:00:00+00:00, run_after=2024-10-15 00:00:00+00:00
[2024-10-15T01:17:44.654+0000] {processor.py:208} INFO - Processing /home/airflow/.local/lib/python3.12/site-packages/airflow/example_dags/example_branch_labels.py took 0.087 seconds
[2024-10-15T01:18:15.980+0000] {processor.py:186} INFO - Started process (PID=2352) to work on /home/airflow/.local/lib/python3.12/site-packages/airflow/example_dags/example_branch_labels.py
[2024-10-15T01:18:15.989+0000] {processor.py:914} INFO - Processing file /home/airflow/.local/lib/python3.12/site-packages/airflow/example_dags/example_branch_labels.py for tasks to queue
[2024-10-15T01:18:15.991+0000] {logging_mixin.py:190} INFO - [2024-10-15T01:18:15.991+0000] {dagbag.py:588} INFO - Filling up the DagBag from /home/airflow/.local/lib/python3.12/site-packages/airflow/example_dags/example_branch_labels.py
[2024-10-15T01:18:16.004+0000] {processor.py:925} INFO - DAG(s) 'example_branch_labels' retrieved from /home/airflow/.local/lib/python3.12/site-packages/airflow/example_dags/example_branch_labels.py
[2024-10-15T01:18:16.022+0000] {logging_mixin.py:190} INFO - [2024-10-15T01:18:16.022+0000] {dag.py:3239} INFO - Sync 1 DAGs
[2024-10-15T01:18:16.045+0000] {logging_mixin.py:190} INFO - [2024-10-15T01:18:16.045+0000] {dag.py:4180} INFO - Setting next_dagrun for example_branch_labels to 2024-10-14 00:00:00+00:00, run_after=2024-10-15 00:00:00+00:00
[2024-10-15T01:18:16.074+0000] {processor.py:208} INFO - Processing /home/airflow/.local/lib/python3.12/site-packages/airflow/example_dags/example_branch_labels.py took 0.104 seconds
[2024-10-15T01:18:47.671+0000] {processor.py:186} INFO - Started process (PID=2415) to work on /home/airflow/.local/lib/python3.12/site-packages/airflow/example_dags/example_branch_labels.py
[2024-10-15T01:18:47.674+0000] {processor.py:914} INFO - Processing file /home/airflow/.local/lib/python3.12/site-packages/airflow/example_dags/example_branch_labels.py for tasks to queue
[2024-10-15T01:18:47.675+0000] {logging_mixin.py:190} INFO - [2024-10-15T01:18:47.675+0000] {dagbag.py:588} INFO - Filling up the DagBag from /home/airflow/.local/lib/python3.12/site-packages/airflow/example_dags/example_branch_labels.py
[2024-10-15T01:18:47.693+0000] {processor.py:925} INFO - DAG(s) 'example_branch_labels' retrieved from /home/airflow/.local/lib/python3.12/site-packages/airflow/example_dags/example_branch_labels.py
[2024-10-15T01:18:47.715+0000] {logging_mixin.py:190} INFO - [2024-10-15T01:18:47.715+0000] {dag.py:3239} INFO - Sync 1 DAGs
[2024-10-15T01:18:47.747+0000] {logging_mixin.py:190} INFO - [2024-10-15T01:18:47.747+0000] {dag.py:4180} INFO - Setting next_dagrun for example_branch_labels to 2024-10-14 00:00:00+00:00, run_after=2024-10-15 00:00:00+00:00
[2024-10-15T01:18:47.771+0000] {processor.py:208} INFO - Processing /home/airflow/.local/lib/python3.12/site-packages/airflow/example_dags/example_branch_labels.py took 0.106 seconds
[2024-10-15T01:19:17.969+0000] {processor.py:186} INFO - Started process (PID=2477) to work on /home/airflow/.local/lib/python3.12/site-packages/airflow/example_dags/example_branch_labels.py
[2024-10-15T01:19:17.970+0000] {processor.py:914} INFO - Processing file /home/airflow/.local/lib/python3.12/site-packages/airflow/example_dags/example_branch_labels.py for tasks to queue
[2024-10-15T01:19:17.971+0000] {logging_mixin.py:190} INFO - [2024-10-15T01:19:17.971+0000] {dagbag.py:588} INFO - Filling up the DagBag from /home/airflow/.local/lib/python3.12/site-packages/airflow/example_dags/example_branch_labels.py
[2024-10-15T01:19:17.982+0000] {processor.py:925} INFO - DAG(s) 'example_branch_labels' retrieved from /home/airflow/.local/lib/python3.12/site-packages/airflow/example_dags/example_branch_labels.py
[2024-10-15T01:19:18.005+0000] {logging_mixin.py:190} INFO - [2024-10-15T01:19:18.004+0000] {dag.py:3239} INFO - Sync 1 DAGs
[2024-10-15T01:19:18.031+0000] {logging_mixin.py:190} INFO - [2024-10-15T01:19:18.030+0000] {dag.py:4180} INFO - Setting next_dagrun for example_branch_labels to 2024-10-14 00:00:00+00:00, run_after=2024-10-15 00:00:00+00:00
[2024-10-15T01:19:18.047+0000] {processor.py:208} INFO - Processing /home/airflow/.local/lib/python3.12/site-packages/airflow/example_dags/example_branch_labels.py took 0.084 seconds
[2024-10-15T01:19:49.379+0000] {processor.py:186} INFO - Started process (PID=2541) to work on /home/airflow/.local/lib/python3.12/site-packages/airflow/example_dags/example_branch_labels.py
[2024-10-15T01:19:49.382+0000] {processor.py:914} INFO - Processing file /home/airflow/.local/lib/python3.12/site-packages/airflow/example_dags/example_branch_labels.py for tasks to queue
[2024-10-15T01:19:49.383+0000] {logging_mixin.py:190} INFO - [2024-10-15T01:19:49.383+0000] {dagbag.py:588} INFO - Filling up the DagBag from /home/airflow/.local/lib/python3.12/site-packages/airflow/example_dags/example_branch_labels.py
[2024-10-15T01:19:49.394+0000] {processor.py:925} INFO - DAG(s) 'example_branch_labels' retrieved from /home/airflow/.local/lib/python3.12/site-packages/airflow/example_dags/example_branch_labels.py
[2024-10-15T01:19:49.416+0000] {logging_mixin.py:190} INFO - [2024-10-15T01:19:49.416+0000] {dag.py:3239} INFO - Sync 1 DAGs
[2024-10-15T01:19:49.444+0000] {logging_mixin.py:190} INFO - [2024-10-15T01:19:49.443+0000] {dag.py:4180} INFO - Setting next_dagrun for example_branch_labels to 2024-10-14 00:00:00+00:00, run_after=2024-10-15 00:00:00+00:00
[2024-10-15T01:19:49.467+0000] {processor.py:208} INFO - Processing /home/airflow/.local/lib/python3.12/site-packages/airflow/example_dags/example_branch_labels.py took 0.100 seconds
[2024-10-15T01:20:20.421+0000] {processor.py:186} INFO - Started process (PID=2605) to work on /home/airflow/.local/lib/python3.12/site-packages/airflow/example_dags/example_branch_labels.py
[2024-10-15T01:20:20.422+0000] {processor.py:914} INFO - Processing file /home/airflow/.local/lib/python3.12/site-packages/airflow/example_dags/example_branch_labels.py for tasks to queue
[2024-10-15T01:20:20.423+0000] {logging_mixin.py:190} INFO - [2024-10-15T01:20:20.423+0000] {dagbag.py:588} INFO - Filling up the DagBag from /home/airflow/.local/lib/python3.12/site-packages/airflow/example_dags/example_branch_labels.py
[2024-10-15T01:20:20.433+0000] {processor.py:925} INFO - DAG(s) 'example_branch_labels' retrieved from /home/airflow/.local/lib/python3.12/site-packages/airflow/example_dags/example_branch_labels.py
[2024-10-15T01:20:20.454+0000] {logging_mixin.py:190} INFO - [2024-10-15T01:20:20.453+0000] {dag.py:3239} INFO - Sync 1 DAGs
[2024-10-15T01:20:20.487+0000] {logging_mixin.py:190} INFO - [2024-10-15T01:20:20.487+0000] {dag.py:4180} INFO - Setting next_dagrun for example_branch_labels to 2024-10-14 00:00:00+00:00, run_after=2024-10-15 00:00:00+00:00
[2024-10-15T01:20:20.501+0000] {processor.py:208} INFO - Processing /home/airflow/.local/lib/python3.12/site-packages/airflow/example_dags/example_branch_labels.py took 0.086 seconds
[2024-10-15T01:20:51.023+0000] {processor.py:186} INFO - Started process (PID=2668) to work on /home/airflow/.local/lib/python3.12/site-packages/airflow/example_dags/example_branch_labels.py
[2024-10-15T01:20:51.026+0000] {processor.py:914} INFO - Processing file /home/airflow/.local/lib/python3.12/site-packages/airflow/example_dags/example_branch_labels.py for tasks to queue
[2024-10-15T01:20:51.027+0000] {logging_mixin.py:190} INFO - [2024-10-15T01:20:51.027+0000] {dagbag.py:588} INFO - Filling up the DagBag from /home/airflow/.local/lib/python3.12/site-packages/airflow/example_dags/example_branch_labels.py
[2024-10-15T01:20:51.036+0000] {processor.py:925} INFO - DAG(s) 'example_branch_labels' retrieved from /home/airflow/.local/lib/python3.12/site-packages/airflow/example_dags/example_branch_labels.py
[2024-10-15T01:20:51.073+0000] {logging_mixin.py:190} INFO - [2024-10-15T01:20:51.072+0000] {dag.py:3239} INFO - Sync 1 DAGs
[2024-10-15T01:20:51.107+0000] {logging_mixin.py:190} INFO - [2024-10-15T01:20:51.107+0000] {dag.py:4180} INFO - Setting next_dagrun for example_branch_labels to 2024-10-14 00:00:00+00:00, run_after=2024-10-15 00:00:00+00:00
[2024-10-15T01:20:51.130+0000] {processor.py:208} INFO - Processing /home/airflow/.local/lib/python3.12/site-packages/airflow/example_dags/example_branch_labels.py took 0.115 seconds
[2024-10-15T01:21:21.745+0000] {processor.py:186} INFO - Started process (PID=2731) to work on /home/airflow/.local/lib/python3.12/site-packages/airflow/example_dags/example_branch_labels.py
[2024-10-15T01:21:21.748+0000] {processor.py:914} INFO - Processing file /home/airflow/.local/lib/python3.12/site-packages/airflow/example_dags/example_branch_labels.py for tasks to queue
[2024-10-15T01:21:21.749+0000] {logging_mixin.py:190} INFO - [2024-10-15T01:21:21.749+0000] {dagbag.py:588} INFO - Filling up the DagBag from /home/airflow/.local/lib/python3.12/site-packages/airflow/example_dags/example_branch_labels.py
[2024-10-15T01:21:21.759+0000] {processor.py:925} INFO - DAG(s) 'example_branch_labels' retrieved from /home/airflow/.local/lib/python3.12/site-packages/airflow/example_dags/example_branch_labels.py
[2024-10-15T01:21:21.785+0000] {logging_mixin.py:190} INFO - [2024-10-15T01:21:21.785+0000] {dag.py:3239} INFO - Sync 1 DAGs
[2024-10-15T01:21:21.810+0000] {logging_mixin.py:190} INFO - [2024-10-15T01:21:21.810+0000] {dag.py:4180} INFO - Setting next_dagrun for example_branch_labels to 2024-10-14 00:00:00+00:00, run_after=2024-10-15 00:00:00+00:00
[2024-10-15T01:21:21.828+0000] {processor.py:208} INFO - Processing /home/airflow/.local/lib/python3.12/site-packages/airflow/example_dags/example_branch_labels.py took 0.089 seconds
[2024-10-15T01:21:52.277+0000] {processor.py:186} INFO - Started process (PID=2793) to work on /home/airflow/.local/lib/python3.12/site-packages/airflow/example_dags/example_branch_labels.py
[2024-10-15T01:21:52.279+0000] {processor.py:914} INFO - Processing file /home/airflow/.local/lib/python3.12/site-packages/airflow/example_dags/example_branch_labels.py for tasks to queue
[2024-10-15T01:21:52.279+0000] {logging_mixin.py:190} INFO - [2024-10-15T01:21:52.279+0000] {dagbag.py:588} INFO - Filling up the DagBag from /home/airflow/.local/lib/python3.12/site-packages/airflow/example_dags/example_branch_labels.py
[2024-10-15T01:21:52.295+0000] {processor.py:925} INFO - DAG(s) 'example_branch_labels' retrieved from /home/airflow/.local/lib/python3.12/site-packages/airflow/example_dags/example_branch_labels.py
[2024-10-15T01:21:52.316+0000] {logging_mixin.py:190} INFO - [2024-10-15T01:21:52.315+0000] {dag.py:3239} INFO - Sync 1 DAGs
[2024-10-15T01:21:52.339+0000] {logging_mixin.py:190} INFO - [2024-10-15T01:21:52.339+0000] {dag.py:4180} INFO - Setting next_dagrun for example_branch_labels to 2024-10-14 00:00:00+00:00, run_after=2024-10-15 00:00:00+00:00
[2024-10-15T01:21:52.364+0000] {processor.py:208} INFO - Processing /home/airflow/.local/lib/python3.12/site-packages/airflow/example_dags/example_branch_labels.py took 0.092 seconds
[2024-10-15T01:22:23.036+0000] {processor.py:186} INFO - Started process (PID=2856) to work on /home/airflow/.local/lib/python3.12/site-packages/airflow/example_dags/example_branch_labels.py
[2024-10-15T01:22:23.038+0000] {processor.py:914} INFO - Processing file /home/airflow/.local/lib/python3.12/site-packages/airflow/example_dags/example_branch_labels.py for tasks to queue
[2024-10-15T01:22:23.039+0000] {logging_mixin.py:190} INFO - [2024-10-15T01:22:23.039+0000] {dagbag.py:588} INFO - Filling up the DagBag from /home/airflow/.local/lib/python3.12/site-packages/airflow/example_dags/example_branch_labels.py
[2024-10-15T01:22:23.049+0000] {processor.py:925} INFO - DAG(s) 'example_branch_labels' retrieved from /home/airflow/.local/lib/python3.12/site-packages/airflow/example_dags/example_branch_labels.py
[2024-10-15T01:22:23.065+0000] {logging_mixin.py:190} INFO - [2024-10-15T01:22:23.065+0000] {dag.py:3239} INFO - Sync 1 DAGs
[2024-10-15T01:22:23.084+0000] {logging_mixin.py:190} INFO - [2024-10-15T01:22:23.084+0000] {dag.py:4180} INFO - Setting next_dagrun for example_branch_labels to 2024-10-14 00:00:00+00:00, run_after=2024-10-15 00:00:00+00:00
[2024-10-15T01:22:23.097+0000] {processor.py:208} INFO - Processing /home/airflow/.local/lib/python3.12/site-packages/airflow/example_dags/example_branch_labels.py took 0.066 seconds
[2024-10-15T01:22:53.626+0000] {processor.py:186} INFO - Started process (PID=2920) to work on /home/airflow/.local/lib/python3.12/site-packages/airflow/example_dags/example_branch_labels.py
[2024-10-15T01:22:53.627+0000] {processor.py:914} INFO - Processing file /home/airflow/.local/lib/python3.12/site-packages/airflow/example_dags/example_branch_labels.py for tasks to queue
[2024-10-15T01:22:53.628+0000] {logging_mixin.py:190} INFO - [2024-10-15T01:22:53.627+0000] {dagbag.py:588} INFO - Filling up the DagBag from /home/airflow/.local/lib/python3.12/site-packages/airflow/example_dags/example_branch_labels.py
[2024-10-15T01:22:53.637+0000] {processor.py:925} INFO - DAG(s) 'example_branch_labels' retrieved from /home/airflow/.local/lib/python3.12/site-packages/airflow/example_dags/example_branch_labels.py
[2024-10-15T01:22:53.661+0000] {logging_mixin.py:190} INFO - [2024-10-15T01:22:53.660+0000] {dag.py:3239} INFO - Sync 1 DAGs
[2024-10-15T01:22:53.692+0000] {logging_mixin.py:190} INFO - [2024-10-15T01:22:53.691+0000] {dag.py:4180} INFO - Setting next_dagrun for example_branch_labels to 2024-10-14 00:00:00+00:00, run_after=2024-10-15 00:00:00+00:00
[2024-10-15T01:22:53.720+0000] {processor.py:208} INFO - Processing /home/airflow/.local/lib/python3.12/site-packages/airflow/example_dags/example_branch_labels.py took 0.100 seconds
[2024-10-15T01:23:24.363+0000] {processor.py:186} INFO - Started process (PID=2983) to work on /home/airflow/.local/lib/python3.12/site-packages/airflow/example_dags/example_branch_labels.py
[2024-10-15T01:23:24.364+0000] {processor.py:914} INFO - Processing file /home/airflow/.local/lib/python3.12/site-packages/airflow/example_dags/example_branch_labels.py for tasks to queue
[2024-10-15T01:23:24.365+0000] {logging_mixin.py:190} INFO - [2024-10-15T01:23:24.365+0000] {dagbag.py:588} INFO - Filling up the DagBag from /home/airflow/.local/lib/python3.12/site-packages/airflow/example_dags/example_branch_labels.py
[2024-10-15T01:23:24.376+0000] {processor.py:925} INFO - DAG(s) 'example_branch_labels' retrieved from /home/airflow/.local/lib/python3.12/site-packages/airflow/example_dags/example_branch_labels.py
[2024-10-15T01:23:24.397+0000] {logging_mixin.py:190} INFO - [2024-10-15T01:23:24.397+0000] {dag.py:3239} INFO - Sync 1 DAGs
[2024-10-15T01:23:24.436+0000] {logging_mixin.py:190} INFO - [2024-10-15T01:23:24.435+0000] {dag.py:4180} INFO - Setting next_dagrun for example_branch_labels to 2024-10-14 00:00:00+00:00, run_after=2024-10-15 00:00:00+00:00
[2024-10-15T01:23:24.456+0000] {processor.py:208} INFO - Processing /home/airflow/.local/lib/python3.12/site-packages/airflow/example_dags/example_branch_labels.py took 0.099 seconds
