[2024-10-15T00:50:04.819+0000] {processor.py:186} INFO - Started process (PID=72) to work on /home/airflow/.local/lib/python3.12/site-packages/airflow/example_dags/example_inlet_event_extra.py
[2024-10-15T00:50:04.820+0000] {processor.py:914} INFO - Processing file /home/airflow/.local/lib/python3.12/site-packages/airflow/example_dags/example_inlet_event_extra.py for tasks to queue
[2024-10-15T00:50:04.827+0000] {logging_mixin.py:190} INFO - [2024-10-15T00:50:04.825+0000] {dagbag.py:588} INFO - Filling up the DagBag from /home/airflow/.local/lib/python3.12/site-packages/airflow/example_dags/example_inlet_event_extra.py
[2024-10-15T00:50:06.424+0000] {processor.py:925} INFO - DAG(s) 'read_dataset_event', 'read_dataset_event_from_classic' retrieved from /home/airflow/.local/lib/python3.12/site-packages/airflow/example_dags/example_inlet_event_extra.py
[2024-10-15T00:50:06.752+0000] {logging_mixin.py:190} INFO - [2024-10-15T00:50:06.751+0000] {override.py:1900} INFO - Created Permission View: can edit on DAG:read_dataset_event
[2024-10-15T00:50:06.792+0000] {logging_mixin.py:190} INFO - [2024-10-15T00:50:06.792+0000] {override.py:1900} INFO - Created Permission View: can read on DAG:read_dataset_event
[2024-10-15T00:50:06.819+0000] {logging_mixin.py:190} INFO - [2024-10-15T00:50:06.818+0000] {override.py:1900} INFO - Created Permission View: can delete on DAG:read_dataset_event
[2024-10-15T00:50:06.842+0000] {logging_mixin.py:190} INFO - [2024-10-15T00:50:06.841+0000] {override.py:1900} INFO - Created Permission View: menu access on DAG Run:read_dataset_event
[2024-10-15T00:50:06.859+0000] {logging_mixin.py:190} INFO - [2024-10-15T00:50:06.858+0000] {override.py:1900} INFO - Created Permission View: can delete on DAG Run:read_dataset_event
[2024-10-15T00:50:06.888+0000] {logging_mixin.py:190} INFO - [2024-10-15T00:50:06.888+0000] {override.py:1900} INFO - Created Permission View: can read on DAG Run:read_dataset_event
[2024-10-15T00:50:06.915+0000] {logging_mixin.py:190} INFO - [2024-10-15T00:50:06.913+0000] {override.py:1900} INFO - Created Permission View: can create on DAG Run:read_dataset_event
[2024-10-15T00:50:06.954+0000] {logging_mixin.py:190} INFO - [2024-10-15T00:50:06.954+0000] {override.py:1900} INFO - Created Permission View: can edit on DAG:read_dataset_event_from_classic
[2024-10-15T00:50:06.976+0000] {logging_mixin.py:190} INFO - [2024-10-15T00:50:06.975+0000] {override.py:1900} INFO - Created Permission View: can read on DAG:read_dataset_event_from_classic
[2024-10-15T00:50:07.001+0000] {logging_mixin.py:190} INFO - [2024-10-15T00:50:07.001+0000] {override.py:1900} INFO - Created Permission View: can delete on DAG:read_dataset_event_from_classic
[2024-10-15T00:50:07.023+0000] {logging_mixin.py:190} INFO - [2024-10-15T00:50:07.022+0000] {override.py:1900} INFO - Created Permission View: menu access on DAG Run:read_dataset_event_from_classic
[2024-10-15T00:50:07.052+0000] {logging_mixin.py:190} INFO - [2024-10-15T00:50:07.052+0000] {override.py:1900} INFO - Created Permission View: can delete on DAG Run:read_dataset_event_from_classic
[2024-10-15T00:50:07.086+0000] {logging_mixin.py:190} INFO - [2024-10-15T00:50:07.085+0000] {override.py:1900} INFO - Created Permission View: can read on DAG Run:read_dataset_event_from_classic
[2024-10-15T00:50:07.097+0000] {logging_mixin.py:190} INFO - [2024-10-15T00:50:07.097+0000] {override.py:1900} INFO - Created Permission View: can create on DAG Run:read_dataset_event_from_classic
[2024-10-15T00:50:07.098+0000] {logging_mixin.py:190} INFO - [2024-10-15T00:50:07.098+0000] {dag.py:3239} INFO - Sync 2 DAGs
[2024-10-15T00:50:07.128+0000] {logging_mixin.py:190} INFO - [2024-10-15T00:50:07.128+0000] {dag.py:3262} INFO - Creating ORM DAG for read_dataset_event
[2024-10-15T00:50:07.128+0000] {logging_mixin.py:190} INFO - [2024-10-15T00:50:07.128+0000] {dag.py:3262} INFO - Creating ORM DAG for read_dataset_event_from_classic
[2024-10-15T00:50:07.149+0000] {logging_mixin.py:190} INFO - [2024-10-15T00:50:07.148+0000] {dag.py:4180} INFO - Setting next_dagrun for read_dataset_event to 2024-10-14 00:00:00+00:00, run_after=2024-10-15 00:00:00+00:00
[2024-10-15T00:50:07.151+0000] {logging_mixin.py:190} INFO - [2024-10-15T00:50:07.151+0000] {dag.py:4180} INFO - Setting next_dagrun for read_dataset_event_from_classic to 2024-10-14 00:00:00+00:00, run_after=2024-10-15 00:00:00+00:00
[2024-10-15T00:50:07.228+0000] {processor.py:208} INFO - Processing /home/airflow/.local/lib/python3.12/site-packages/airflow/example_dags/example_inlet_event_extra.py took 2.416 seconds
[2024-10-15T00:59:44.622+0000] {processor.py:186} INFO - Started process (PID=76) to work on /home/airflow/.local/lib/python3.12/site-packages/airflow/example_dags/example_inlet_event_extra.py
[2024-10-15T00:59:44.635+0000] {processor.py:914} INFO - Processing file /home/airflow/.local/lib/python3.12/site-packages/airflow/example_dags/example_inlet_event_extra.py for tasks to queue
[2024-10-15T00:59:44.656+0000] {logging_mixin.py:190} INFO - [2024-10-15T00:59:44.655+0000] {dagbag.py:588} INFO - Filling up the DagBag from /home/airflow/.local/lib/python3.12/site-packages/airflow/example_dags/example_inlet_event_extra.py
[2024-10-15T00:59:46.173+0000] {processor.py:925} INFO - DAG(s) 'read_dataset_event_from_classic', 'read_dataset_event' retrieved from /home/airflow/.local/lib/python3.12/site-packages/airflow/example_dags/example_inlet_event_extra.py
[2024-10-15T00:59:46.278+0000] {logging_mixin.py:190} INFO - [2024-10-15T00:59:46.278+0000] {dag.py:3239} INFO - Sync 2 DAGs
[2024-10-15T00:59:46.403+0000] {logging_mixin.py:190} INFO - [2024-10-15T00:59:46.403+0000] {dag.py:4180} INFO - Setting next_dagrun for read_dataset_event to 2024-10-14 00:00:00+00:00, run_after=2024-10-15 00:00:00+00:00
[2024-10-15T00:59:46.416+0000] {logging_mixin.py:190} INFO - [2024-10-15T00:59:46.416+0000] {dag.py:4180} INFO - Setting next_dagrun for read_dataset_event_from_classic to 2024-10-14 00:00:00+00:00, run_after=2024-10-15 00:00:00+00:00
[2024-10-15T00:59:46.510+0000] {processor.py:208} INFO - Processing /home/airflow/.local/lib/python3.12/site-packages/airflow/example_dags/example_inlet_event_extra.py took 1.921 seconds
[2024-10-15T01:00:16.760+0000] {processor.py:186} INFO - Started process (PID=138) to work on /home/airflow/.local/lib/python3.12/site-packages/airflow/example_dags/example_inlet_event_extra.py
[2024-10-15T01:00:16.762+0000] {processor.py:914} INFO - Processing file /home/airflow/.local/lib/python3.12/site-packages/airflow/example_dags/example_inlet_event_extra.py for tasks to queue
[2024-10-15T01:00:16.764+0000] {logging_mixin.py:190} INFO - [2024-10-15T01:00:16.763+0000] {dagbag.py:588} INFO - Filling up the DagBag from /home/airflow/.local/lib/python3.12/site-packages/airflow/example_dags/example_inlet_event_extra.py
[2024-10-15T01:00:17.085+0000] {processor.py:925} INFO - DAG(s) 'read_dataset_event_from_classic', 'read_dataset_event' retrieved from /home/airflow/.local/lib/python3.12/site-packages/airflow/example_dags/example_inlet_event_extra.py
[2024-10-15T01:00:17.127+0000] {logging_mixin.py:190} INFO - [2024-10-15T01:00:17.127+0000] {dag.py:3239} INFO - Sync 2 DAGs
[2024-10-15T01:00:17.170+0000] {logging_mixin.py:190} INFO - [2024-10-15T01:00:17.169+0000] {dag.py:4180} INFO - Setting next_dagrun for read_dataset_event to 2024-10-14 00:00:00+00:00, run_after=2024-10-15 00:00:00+00:00
[2024-10-15T01:00:17.179+0000] {logging_mixin.py:190} INFO - [2024-10-15T01:00:17.179+0000] {dag.py:4180} INFO - Setting next_dagrun for read_dataset_event_from_classic to 2024-10-14 00:00:00+00:00, run_after=2024-10-15 00:00:00+00:00
[2024-10-15T01:00:17.202+0000] {processor.py:208} INFO - Processing /home/airflow/.local/lib/python3.12/site-packages/airflow/example_dags/example_inlet_event_extra.py took 0.447 seconds
[2024-10-15T01:00:47.594+0000] {processor.py:186} INFO - Started process (PID=200) to work on /home/airflow/.local/lib/python3.12/site-packages/airflow/example_dags/example_inlet_event_extra.py
[2024-10-15T01:00:47.600+0000] {processor.py:914} INFO - Processing file /home/airflow/.local/lib/python3.12/site-packages/airflow/example_dags/example_inlet_event_extra.py for tasks to queue
[2024-10-15T01:00:47.602+0000] {logging_mixin.py:190} INFO - [2024-10-15T01:00:47.601+0000] {dagbag.py:588} INFO - Filling up the DagBag from /home/airflow/.local/lib/python3.12/site-packages/airflow/example_dags/example_inlet_event_extra.py
[2024-10-15T01:00:48.017+0000] {processor.py:925} INFO - DAG(s) 'read_dataset_event_from_classic', 'read_dataset_event' retrieved from /home/airflow/.local/lib/python3.12/site-packages/airflow/example_dags/example_inlet_event_extra.py
[2024-10-15T01:00:48.078+0000] {logging_mixin.py:190} INFO - [2024-10-15T01:00:48.078+0000] {dag.py:3239} INFO - Sync 2 DAGs
[2024-10-15T01:00:48.101+0000] {logging_mixin.py:190} INFO - [2024-10-15T01:00:48.100+0000] {dag.py:4180} INFO - Setting next_dagrun for read_dataset_event to 2024-10-14 00:00:00+00:00, run_after=2024-10-15 00:00:00+00:00
[2024-10-15T01:00:48.104+0000] {logging_mixin.py:190} INFO - [2024-10-15T01:00:48.104+0000] {dag.py:4180} INFO - Setting next_dagrun for read_dataset_event_from_classic to 2024-10-14 00:00:00+00:00, run_after=2024-10-15 00:00:00+00:00
[2024-10-15T01:00:48.124+0000] {processor.py:208} INFO - Processing /home/airflow/.local/lib/python3.12/site-packages/airflow/example_dags/example_inlet_event_extra.py took 0.534 seconds
[2024-10-15T01:01:18.700+0000] {processor.py:186} INFO - Started process (PID=261) to work on /home/airflow/.local/lib/python3.12/site-packages/airflow/example_dags/example_inlet_event_extra.py
[2024-10-15T01:01:18.704+0000] {processor.py:914} INFO - Processing file /home/airflow/.local/lib/python3.12/site-packages/airflow/example_dags/example_inlet_event_extra.py for tasks to queue
[2024-10-15T01:01:18.706+0000] {logging_mixin.py:190} INFO - [2024-10-15T01:01:18.705+0000] {dagbag.py:588} INFO - Filling up the DagBag from /home/airflow/.local/lib/python3.12/site-packages/airflow/example_dags/example_inlet_event_extra.py
[2024-10-15T01:01:18.870+0000] {processor.py:925} INFO - DAG(s) 'read_dataset_event', 'read_dataset_event_from_classic' retrieved from /home/airflow/.local/lib/python3.12/site-packages/airflow/example_dags/example_inlet_event_extra.py
[2024-10-15T01:01:18.893+0000] {logging_mixin.py:190} INFO - [2024-10-15T01:01:18.893+0000] {dag.py:3239} INFO - Sync 2 DAGs
[2024-10-15T01:01:18.918+0000] {logging_mixin.py:190} INFO - [2024-10-15T01:01:18.918+0000] {dag.py:4180} INFO - Setting next_dagrun for read_dataset_event to 2024-10-14 00:00:00+00:00, run_after=2024-10-15 00:00:00+00:00
[2024-10-15T01:01:18.923+0000] {logging_mixin.py:190} INFO - [2024-10-15T01:01:18.923+0000] {dag.py:4180} INFO - Setting next_dagrun for read_dataset_event_from_classic to 2024-10-14 00:00:00+00:00, run_after=2024-10-15 00:00:00+00:00
[2024-10-15T01:01:18.940+0000] {processor.py:208} INFO - Processing /home/airflow/.local/lib/python3.12/site-packages/airflow/example_dags/example_inlet_event_extra.py took 0.245 seconds
[2024-10-15T01:01:49.698+0000] {processor.py:186} INFO - Started process (PID=323) to work on /home/airflow/.local/lib/python3.12/site-packages/airflow/example_dags/example_inlet_event_extra.py
[2024-10-15T01:01:49.698+0000] {processor.py:914} INFO - Processing file /home/airflow/.local/lib/python3.12/site-packages/airflow/example_dags/example_inlet_event_extra.py for tasks to queue
[2024-10-15T01:01:49.700+0000] {logging_mixin.py:190} INFO - [2024-10-15T01:01:49.700+0000] {dagbag.py:588} INFO - Filling up the DagBag from /home/airflow/.local/lib/python3.12/site-packages/airflow/example_dags/example_inlet_event_extra.py
[2024-10-15T01:01:49.868+0000] {processor.py:925} INFO - DAG(s) 'read_dataset_event', 'read_dataset_event_from_classic' retrieved from /home/airflow/.local/lib/python3.12/site-packages/airflow/example_dags/example_inlet_event_extra.py
[2024-10-15T01:01:49.892+0000] {logging_mixin.py:190} INFO - [2024-10-15T01:01:49.891+0000] {dag.py:3239} INFO - Sync 2 DAGs
[2024-10-15T01:01:49.916+0000] {logging_mixin.py:190} INFO - [2024-10-15T01:01:49.916+0000] {dag.py:4180} INFO - Setting next_dagrun for read_dataset_event to 2024-10-14 00:00:00+00:00, run_after=2024-10-15 00:00:00+00:00
[2024-10-15T01:01:49.923+0000] {logging_mixin.py:190} INFO - [2024-10-15T01:01:49.922+0000] {dag.py:4180} INFO - Setting next_dagrun for read_dataset_event_from_classic to 2024-10-14 00:00:00+00:00, run_after=2024-10-15 00:00:00+00:00
[2024-10-15T01:01:49.942+0000] {processor.py:208} INFO - Processing /home/airflow/.local/lib/python3.12/site-packages/airflow/example_dags/example_inlet_event_extra.py took 0.251 seconds
[2024-10-15T01:02:20.058+0000] {processor.py:186} INFO - Started process (PID=384) to work on /home/airflow/.local/lib/python3.12/site-packages/airflow/example_dags/example_inlet_event_extra.py
[2024-10-15T01:02:20.061+0000] {processor.py:914} INFO - Processing file /home/airflow/.local/lib/python3.12/site-packages/airflow/example_dags/example_inlet_event_extra.py for tasks to queue
[2024-10-15T01:02:20.075+0000] {logging_mixin.py:190} INFO - [2024-10-15T01:02:20.075+0000] {dagbag.py:588} INFO - Filling up the DagBag from /home/airflow/.local/lib/python3.12/site-packages/airflow/example_dags/example_inlet_event_extra.py
[2024-10-15T01:02:20.618+0000] {processor.py:925} INFO - DAG(s) 'read_dataset_event', 'read_dataset_event_from_classic' retrieved from /home/airflow/.local/lib/python3.12/site-packages/airflow/example_dags/example_inlet_event_extra.py
[2024-10-15T01:02:20.699+0000] {logging_mixin.py:190} INFO - [2024-10-15T01:02:20.699+0000] {dag.py:3239} INFO - Sync 2 DAGs
[2024-10-15T01:02:20.805+0000] {logging_mixin.py:190} INFO - [2024-10-15T01:02:20.805+0000] {dag.py:4180} INFO - Setting next_dagrun for read_dataset_event to 2024-10-14 00:00:00+00:00, run_after=2024-10-15 00:00:00+00:00
[2024-10-15T01:02:20.824+0000] {logging_mixin.py:190} INFO - [2024-10-15T01:02:20.823+0000] {dag.py:4180} INFO - Setting next_dagrun for read_dataset_event_from_classic to 2024-10-14 00:00:00+00:00, run_after=2024-10-15 00:00:00+00:00
[2024-10-15T01:02:20.865+0000] {processor.py:208} INFO - Processing /home/airflow/.local/lib/python3.12/site-packages/airflow/example_dags/example_inlet_event_extra.py took 0.813 seconds
[2024-10-15T01:02:51.235+0000] {processor.py:186} INFO - Started process (PID=446) to work on /home/airflow/.local/lib/python3.12/site-packages/airflow/example_dags/example_inlet_event_extra.py
[2024-10-15T01:02:51.235+0000] {processor.py:914} INFO - Processing file /home/airflow/.local/lib/python3.12/site-packages/airflow/example_dags/example_inlet_event_extra.py for tasks to queue
[2024-10-15T01:02:51.237+0000] {logging_mixin.py:190} INFO - [2024-10-15T01:02:51.237+0000] {dagbag.py:588} INFO - Filling up the DagBag from /home/airflow/.local/lib/python3.12/site-packages/airflow/example_dags/example_inlet_event_extra.py
[2024-10-15T01:02:51.402+0000] {processor.py:925} INFO - DAG(s) 'read_dataset_event_from_classic', 'read_dataset_event' retrieved from /home/airflow/.local/lib/python3.12/site-packages/airflow/example_dags/example_inlet_event_extra.py
[2024-10-15T01:02:51.422+0000] {logging_mixin.py:190} INFO - [2024-10-15T01:02:51.422+0000] {dag.py:3239} INFO - Sync 2 DAGs
[2024-10-15T01:02:51.450+0000] {logging_mixin.py:190} INFO - [2024-10-15T01:02:51.448+0000] {dag.py:4180} INFO - Setting next_dagrun for read_dataset_event to 2024-10-14 00:00:00+00:00, run_after=2024-10-15 00:00:00+00:00
[2024-10-15T01:02:51.455+0000] {logging_mixin.py:190} INFO - [2024-10-15T01:02:51.454+0000] {dag.py:4180} INFO - Setting next_dagrun for read_dataset_event_from_classic to 2024-10-14 00:00:00+00:00, run_after=2024-10-15 00:00:00+00:00
[2024-10-15T01:02:51.468+0000] {processor.py:208} INFO - Processing /home/airflow/.local/lib/python3.12/site-packages/airflow/example_dags/example_inlet_event_extra.py took 0.240 seconds
[2024-10-15T01:03:22.038+0000] {processor.py:186} INFO - Started process (PID=508) to work on /home/airflow/.local/lib/python3.12/site-packages/airflow/example_dags/example_inlet_event_extra.py
[2024-10-15T01:03:22.039+0000] {processor.py:914} INFO - Processing file /home/airflow/.local/lib/python3.12/site-packages/airflow/example_dags/example_inlet_event_extra.py for tasks to queue
[2024-10-15T01:03:22.043+0000] {logging_mixin.py:190} INFO - [2024-10-15T01:03:22.042+0000] {dagbag.py:588} INFO - Filling up the DagBag from /home/airflow/.local/lib/python3.12/site-packages/airflow/example_dags/example_inlet_event_extra.py
[2024-10-15T01:03:22.203+0000] {processor.py:925} INFO - DAG(s) 'read_dataset_event', 'read_dataset_event_from_classic' retrieved from /home/airflow/.local/lib/python3.12/site-packages/airflow/example_dags/example_inlet_event_extra.py
[2024-10-15T01:03:22.226+0000] {logging_mixin.py:190} INFO - [2024-10-15T01:03:22.225+0000] {dag.py:3239} INFO - Sync 2 DAGs
[2024-10-15T01:03:22.254+0000] {logging_mixin.py:190} INFO - [2024-10-15T01:03:22.254+0000] {dag.py:4180} INFO - Setting next_dagrun for read_dataset_event to 2024-10-14 00:00:00+00:00, run_after=2024-10-15 00:00:00+00:00
[2024-10-15T01:03:22.259+0000] {logging_mixin.py:190} INFO - [2024-10-15T01:03:22.259+0000] {dag.py:4180} INFO - Setting next_dagrun for read_dataset_event_from_classic to 2024-10-14 00:00:00+00:00, run_after=2024-10-15 00:00:00+00:00
[2024-10-15T01:03:22.275+0000] {processor.py:208} INFO - Processing /home/airflow/.local/lib/python3.12/site-packages/airflow/example_dags/example_inlet_event_extra.py took 0.244 seconds
[2024-10-15T01:03:53.070+0000] {processor.py:186} INFO - Started process (PID=570) to work on /home/airflow/.local/lib/python3.12/site-packages/airflow/example_dags/example_inlet_event_extra.py
[2024-10-15T01:03:53.078+0000] {processor.py:914} INFO - Processing file /home/airflow/.local/lib/python3.12/site-packages/airflow/example_dags/example_inlet_event_extra.py for tasks to queue
[2024-10-15T01:03:53.082+0000] {logging_mixin.py:190} INFO - [2024-10-15T01:03:53.080+0000] {dagbag.py:588} INFO - Filling up the DagBag from /home/airflow/.local/lib/python3.12/site-packages/airflow/example_dags/example_inlet_event_extra.py
[2024-10-15T01:03:53.250+0000] {processor.py:925} INFO - DAG(s) 'read_dataset_event', 'read_dataset_event_from_classic' retrieved from /home/airflow/.local/lib/python3.12/site-packages/airflow/example_dags/example_inlet_event_extra.py
[2024-10-15T01:03:53.270+0000] {logging_mixin.py:190} INFO - [2024-10-15T01:03:53.270+0000] {dag.py:3239} INFO - Sync 2 DAGs
[2024-10-15T01:03:53.295+0000] {logging_mixin.py:190} INFO - [2024-10-15T01:03:53.295+0000] {dag.py:4180} INFO - Setting next_dagrun for read_dataset_event to 2024-10-14 00:00:00+00:00, run_after=2024-10-15 00:00:00+00:00
[2024-10-15T01:03:53.300+0000] {logging_mixin.py:190} INFO - [2024-10-15T01:03:53.300+0000] {dag.py:4180} INFO - Setting next_dagrun for read_dataset_event_from_classic to 2024-10-14 00:00:00+00:00, run_after=2024-10-15 00:00:00+00:00
[2024-10-15T01:03:53.317+0000] {processor.py:208} INFO - Processing /home/airflow/.local/lib/python3.12/site-packages/airflow/example_dags/example_inlet_event_extra.py took 0.253 seconds
[2024-10-15T01:04:23.410+0000] {processor.py:186} INFO - Started process (PID=634) to work on /home/airflow/.local/lib/python3.12/site-packages/airflow/example_dags/example_inlet_event_extra.py
[2024-10-15T01:04:23.412+0000] {processor.py:914} INFO - Processing file /home/airflow/.local/lib/python3.12/site-packages/airflow/example_dags/example_inlet_event_extra.py for tasks to queue
[2024-10-15T01:04:23.413+0000] {logging_mixin.py:190} INFO - [2024-10-15T01:04:23.413+0000] {dagbag.py:588} INFO - Filling up the DagBag from /home/airflow/.local/lib/python3.12/site-packages/airflow/example_dags/example_inlet_event_extra.py
[2024-10-15T01:04:23.534+0000] {processor.py:925} INFO - DAG(s) 'read_dataset_event_from_classic', 'read_dataset_event' retrieved from /home/airflow/.local/lib/python3.12/site-packages/airflow/example_dags/example_inlet_event_extra.py
[2024-10-15T01:04:23.551+0000] {logging_mixin.py:190} INFO - [2024-10-15T01:04:23.551+0000] {dag.py:3239} INFO - Sync 2 DAGs
[2024-10-15T01:04:23.572+0000] {logging_mixin.py:190} INFO - [2024-10-15T01:04:23.572+0000] {dag.py:4180} INFO - Setting next_dagrun for read_dataset_event to 2024-10-14 00:00:00+00:00, run_after=2024-10-15 00:00:00+00:00
[2024-10-15T01:04:23.576+0000] {logging_mixin.py:190} INFO - [2024-10-15T01:04:23.576+0000] {dag.py:4180} INFO - Setting next_dagrun for read_dataset_event_from_classic to 2024-10-14 00:00:00+00:00, run_after=2024-10-15 00:00:00+00:00
[2024-10-15T01:04:23.590+0000] {processor.py:208} INFO - Processing /home/airflow/.local/lib/python3.12/site-packages/airflow/example_dags/example_inlet_event_extra.py took 0.185 seconds
[2024-10-15T01:04:53.687+0000] {processor.py:186} INFO - Started process (PID=694) to work on /home/airflow/.local/lib/python3.12/site-packages/airflow/example_dags/example_inlet_event_extra.py
[2024-10-15T01:04:53.687+0000] {processor.py:914} INFO - Processing file /home/airflow/.local/lib/python3.12/site-packages/airflow/example_dags/example_inlet_event_extra.py for tasks to queue
[2024-10-15T01:04:53.691+0000] {logging_mixin.py:190} INFO - [2024-10-15T01:04:53.691+0000] {dagbag.py:588} INFO - Filling up the DagBag from /home/airflow/.local/lib/python3.12/site-packages/airflow/example_dags/example_inlet_event_extra.py
[2024-10-15T01:04:53.862+0000] {processor.py:925} INFO - DAG(s) 'read_dataset_event_from_classic', 'read_dataset_event' retrieved from /home/airflow/.local/lib/python3.12/site-packages/airflow/example_dags/example_inlet_event_extra.py
[2024-10-15T01:04:53.883+0000] {logging_mixin.py:190} INFO - [2024-10-15T01:04:53.883+0000] {dag.py:3239} INFO - Sync 2 DAGs
[2024-10-15T01:04:53.909+0000] {logging_mixin.py:190} INFO - [2024-10-15T01:04:53.909+0000] {dag.py:4180} INFO - Setting next_dagrun for read_dataset_event to 2024-10-14 00:00:00+00:00, run_after=2024-10-15 00:00:00+00:00
[2024-10-15T01:04:53.914+0000] {logging_mixin.py:190} INFO - [2024-10-15T01:04:53.914+0000] {dag.py:4180} INFO - Setting next_dagrun for read_dataset_event_from_classic to 2024-10-14 00:00:00+00:00, run_after=2024-10-15 00:00:00+00:00
[2024-10-15T01:04:53.932+0000] {processor.py:208} INFO - Processing /home/airflow/.local/lib/python3.12/site-packages/airflow/example_dags/example_inlet_event_extra.py took 0.255 seconds
[2024-10-15T01:05:24.466+0000] {processor.py:186} INFO - Started process (PID=756) to work on /home/airflow/.local/lib/python3.12/site-packages/airflow/example_dags/example_inlet_event_extra.py
[2024-10-15T01:05:24.468+0000] {processor.py:914} INFO - Processing file /home/airflow/.local/lib/python3.12/site-packages/airflow/example_dags/example_inlet_event_extra.py for tasks to queue
[2024-10-15T01:05:24.471+0000] {logging_mixin.py:190} INFO - [2024-10-15T01:05:24.471+0000] {dagbag.py:588} INFO - Filling up the DagBag from /home/airflow/.local/lib/python3.12/site-packages/airflow/example_dags/example_inlet_event_extra.py
[2024-10-15T01:05:24.628+0000] {processor.py:925} INFO - DAG(s) 'read_dataset_event_from_classic', 'read_dataset_event' retrieved from /home/airflow/.local/lib/python3.12/site-packages/airflow/example_dags/example_inlet_event_extra.py
[2024-10-15T01:05:24.661+0000] {logging_mixin.py:190} INFO - [2024-10-15T01:05:24.660+0000] {dag.py:3239} INFO - Sync 2 DAGs
[2024-10-15T01:05:24.691+0000] {logging_mixin.py:190} INFO - [2024-10-15T01:05:24.690+0000] {dag.py:4180} INFO - Setting next_dagrun for read_dataset_event to 2024-10-14 00:00:00+00:00, run_after=2024-10-15 00:00:00+00:00
[2024-10-15T01:05:24.695+0000] {logging_mixin.py:190} INFO - [2024-10-15T01:05:24.695+0000] {dag.py:4180} INFO - Setting next_dagrun for read_dataset_event_from_classic to 2024-10-14 00:00:00+00:00, run_after=2024-10-15 00:00:00+00:00
[2024-10-15T01:05:24.712+0000] {processor.py:208} INFO - Processing /home/airflow/.local/lib/python3.12/site-packages/airflow/example_dags/example_inlet_event_extra.py took 0.252 seconds
[2024-10-15T01:05:55.014+0000] {processor.py:186} INFO - Started process (PID=819) to work on /home/airflow/.local/lib/python3.12/site-packages/airflow/example_dags/example_inlet_event_extra.py
[2024-10-15T01:05:55.015+0000] {processor.py:914} INFO - Processing file /home/airflow/.local/lib/python3.12/site-packages/airflow/example_dags/example_inlet_event_extra.py for tasks to queue
[2024-10-15T01:05:55.017+0000] {logging_mixin.py:190} INFO - [2024-10-15T01:05:55.016+0000] {dagbag.py:588} INFO - Filling up the DagBag from /home/airflow/.local/lib/python3.12/site-packages/airflow/example_dags/example_inlet_event_extra.py
[2024-10-15T01:05:55.183+0000] {processor.py:925} INFO - DAG(s) 'read_dataset_event', 'read_dataset_event_from_classic' retrieved from /home/airflow/.local/lib/python3.12/site-packages/airflow/example_dags/example_inlet_event_extra.py
[2024-10-15T01:05:55.208+0000] {logging_mixin.py:190} INFO - [2024-10-15T01:05:55.207+0000] {dag.py:3239} INFO - Sync 2 DAGs
[2024-10-15T01:05:55.232+0000] {logging_mixin.py:190} INFO - [2024-10-15T01:05:55.232+0000] {dag.py:4180} INFO - Setting next_dagrun for read_dataset_event to 2024-10-14 00:00:00+00:00, run_after=2024-10-15 00:00:00+00:00
[2024-10-15T01:05:55.239+0000] {logging_mixin.py:190} INFO - [2024-10-15T01:05:55.239+0000] {dag.py:4180} INFO - Setting next_dagrun for read_dataset_event_from_classic to 2024-10-14 00:00:00+00:00, run_after=2024-10-15 00:00:00+00:00
[2024-10-15T01:05:55.252+0000] {processor.py:208} INFO - Processing /home/airflow/.local/lib/python3.12/site-packages/airflow/example_dags/example_inlet_event_extra.py took 0.245 seconds
[2024-10-15T01:06:25.855+0000] {processor.py:186} INFO - Started process (PID=881) to work on /home/airflow/.local/lib/python3.12/site-packages/airflow/example_dags/example_inlet_event_extra.py
[2024-10-15T01:06:25.858+0000] {processor.py:914} INFO - Processing file /home/airflow/.local/lib/python3.12/site-packages/airflow/example_dags/example_inlet_event_extra.py for tasks to queue
[2024-10-15T01:06:25.862+0000] {logging_mixin.py:190} INFO - [2024-10-15T01:06:25.862+0000] {dagbag.py:588} INFO - Filling up the DagBag from /home/airflow/.local/lib/python3.12/site-packages/airflow/example_dags/example_inlet_event_extra.py
[2024-10-15T01:06:26.019+0000] {processor.py:925} INFO - DAG(s) 'read_dataset_event', 'read_dataset_event_from_classic' retrieved from /home/airflow/.local/lib/python3.12/site-packages/airflow/example_dags/example_inlet_event_extra.py
[2024-10-15T01:06:26.044+0000] {logging_mixin.py:190} INFO - [2024-10-15T01:06:26.044+0000] {dag.py:3239} INFO - Sync 2 DAGs
[2024-10-15T01:06:26.073+0000] {logging_mixin.py:190} INFO - [2024-10-15T01:06:26.073+0000] {dag.py:4180} INFO - Setting next_dagrun for read_dataset_event to 2024-10-14 00:00:00+00:00, run_after=2024-10-15 00:00:00+00:00
[2024-10-15T01:06:26.078+0000] {logging_mixin.py:190} INFO - [2024-10-15T01:06:26.078+0000] {dag.py:4180} INFO - Setting next_dagrun for read_dataset_event_from_classic to 2024-10-14 00:00:00+00:00, run_after=2024-10-15 00:00:00+00:00
[2024-10-15T01:06:26.097+0000] {processor.py:208} INFO - Processing /home/airflow/.local/lib/python3.12/site-packages/airflow/example_dags/example_inlet_event_extra.py took 0.246 seconds
[2024-10-15T01:06:56.982+0000] {processor.py:186} INFO - Started process (PID=944) to work on /home/airflow/.local/lib/python3.12/site-packages/airflow/example_dags/example_inlet_event_extra.py
[2024-10-15T01:06:56.984+0000] {processor.py:914} INFO - Processing file /home/airflow/.local/lib/python3.12/site-packages/airflow/example_dags/example_inlet_event_extra.py for tasks to queue
[2024-10-15T01:06:56.986+0000] {logging_mixin.py:190} INFO - [2024-10-15T01:06:56.985+0000] {dagbag.py:588} INFO - Filling up the DagBag from /home/airflow/.local/lib/python3.12/site-packages/airflow/example_dags/example_inlet_event_extra.py
[2024-10-15T01:06:57.139+0000] {processor.py:925} INFO - DAG(s) 'read_dataset_event_from_classic', 'read_dataset_event' retrieved from /home/airflow/.local/lib/python3.12/site-packages/airflow/example_dags/example_inlet_event_extra.py
[2024-10-15T01:06:57.162+0000] {logging_mixin.py:190} INFO - [2024-10-15T01:06:57.162+0000] {dag.py:3239} INFO - Sync 2 DAGs
[2024-10-15T01:06:57.219+0000] {logging_mixin.py:190} INFO - [2024-10-15T01:06:57.218+0000] {dag.py:4180} INFO - Setting next_dagrun for read_dataset_event to 2024-10-14 00:00:00+00:00, run_after=2024-10-15 00:00:00+00:00
[2024-10-15T01:06:57.225+0000] {logging_mixin.py:190} INFO - [2024-10-15T01:06:57.225+0000] {dag.py:4180} INFO - Setting next_dagrun for read_dataset_event_from_classic to 2024-10-14 00:00:00+00:00, run_after=2024-10-15 00:00:00+00:00
[2024-10-15T01:06:57.242+0000] {processor.py:208} INFO - Processing /home/airflow/.local/lib/python3.12/site-packages/airflow/example_dags/example_inlet_event_extra.py took 0.266 seconds
[2024-10-15T01:07:27.661+0000] {processor.py:186} INFO - Started process (PID=1007) to work on /home/airflow/.local/lib/python3.12/site-packages/airflow/example_dags/example_inlet_event_extra.py
[2024-10-15T01:07:27.661+0000] {processor.py:914} INFO - Processing file /home/airflow/.local/lib/python3.12/site-packages/airflow/example_dags/example_inlet_event_extra.py for tasks to queue
[2024-10-15T01:07:27.663+0000] {logging_mixin.py:190} INFO - [2024-10-15T01:07:27.663+0000] {dagbag.py:588} INFO - Filling up the DagBag from /home/airflow/.local/lib/python3.12/site-packages/airflow/example_dags/example_inlet_event_extra.py
[2024-10-15T01:07:27.929+0000] {processor.py:925} INFO - DAG(s) 'read_dataset_event', 'read_dataset_event_from_classic' retrieved from /home/airflow/.local/lib/python3.12/site-packages/airflow/example_dags/example_inlet_event_extra.py
[2024-10-15T01:07:27.979+0000] {logging_mixin.py:190} INFO - [2024-10-15T01:07:27.979+0000] {dag.py:3239} INFO - Sync 2 DAGs
[2024-10-15T01:07:28.031+0000] {logging_mixin.py:190} INFO - [2024-10-15T01:07:28.031+0000] {dag.py:4180} INFO - Setting next_dagrun for read_dataset_event to 2024-10-14 00:00:00+00:00, run_after=2024-10-15 00:00:00+00:00
[2024-10-15T01:07:28.048+0000] {logging_mixin.py:190} INFO - [2024-10-15T01:07:28.047+0000] {dag.py:4180} INFO - Setting next_dagrun for read_dataset_event_from_classic to 2024-10-14 00:00:00+00:00, run_after=2024-10-15 00:00:00+00:00
[2024-10-15T01:07:28.074+0000] {processor.py:208} INFO - Processing /home/airflow/.local/lib/python3.12/site-packages/airflow/example_dags/example_inlet_event_extra.py took 0.418 seconds
[2024-10-15T01:07:58.155+0000] {processor.py:186} INFO - Started process (PID=1070) to work on /home/airflow/.local/lib/python3.12/site-packages/airflow/example_dags/example_inlet_event_extra.py
[2024-10-15T01:07:58.157+0000] {processor.py:914} INFO - Processing file /home/airflow/.local/lib/python3.12/site-packages/airflow/example_dags/example_inlet_event_extra.py for tasks to queue
[2024-10-15T01:07:58.159+0000] {logging_mixin.py:190} INFO - [2024-10-15T01:07:58.158+0000] {dagbag.py:588} INFO - Filling up the DagBag from /home/airflow/.local/lib/python3.12/site-packages/airflow/example_dags/example_inlet_event_extra.py
[2024-10-15T01:07:58.398+0000] {processor.py:925} INFO - DAG(s) 'read_dataset_event_from_classic', 'read_dataset_event' retrieved from /home/airflow/.local/lib/python3.12/site-packages/airflow/example_dags/example_inlet_event_extra.py
[2024-10-15T01:07:58.422+0000] {logging_mixin.py:190} INFO - [2024-10-15T01:07:58.422+0000] {dag.py:3239} INFO - Sync 2 DAGs
[2024-10-15T01:07:58.447+0000] {logging_mixin.py:190} INFO - [2024-10-15T01:07:58.447+0000] {dag.py:4180} INFO - Setting next_dagrun for read_dataset_event to 2024-10-14 00:00:00+00:00, run_after=2024-10-15 00:00:00+00:00
[2024-10-15T01:07:58.451+0000] {logging_mixin.py:190} INFO - [2024-10-15T01:07:58.451+0000] {dag.py:4180} INFO - Setting next_dagrun for read_dataset_event_from_classic to 2024-10-14 00:00:00+00:00, run_after=2024-10-15 00:00:00+00:00
[2024-10-15T01:07:58.467+0000] {processor.py:208} INFO - Processing /home/airflow/.local/lib/python3.12/site-packages/airflow/example_dags/example_inlet_event_extra.py took 0.317 seconds
[2024-10-15T01:08:29.348+0000] {processor.py:186} INFO - Started process (PID=1132) to work on /home/airflow/.local/lib/python3.12/site-packages/airflow/example_dags/example_inlet_event_extra.py
[2024-10-15T01:08:29.350+0000] {processor.py:914} INFO - Processing file /home/airflow/.local/lib/python3.12/site-packages/airflow/example_dags/example_inlet_event_extra.py for tasks to queue
[2024-10-15T01:08:29.353+0000] {logging_mixin.py:190} INFO - [2024-10-15T01:08:29.353+0000] {dagbag.py:588} INFO - Filling up the DagBag from /home/airflow/.local/lib/python3.12/site-packages/airflow/example_dags/example_inlet_event_extra.py
[2024-10-15T01:08:29.532+0000] {processor.py:925} INFO - DAG(s) 'read_dataset_event_from_classic', 'read_dataset_event' retrieved from /home/airflow/.local/lib/python3.12/site-packages/airflow/example_dags/example_inlet_event_extra.py
[2024-10-15T01:08:29.556+0000] {logging_mixin.py:190} INFO - [2024-10-15T01:08:29.556+0000] {dag.py:3239} INFO - Sync 2 DAGs
[2024-10-15T01:08:29.584+0000] {logging_mixin.py:190} INFO - [2024-10-15T01:08:29.584+0000] {dag.py:4180} INFO - Setting next_dagrun for read_dataset_event to 2024-10-14 00:00:00+00:00, run_after=2024-10-15 00:00:00+00:00
[2024-10-15T01:08:29.589+0000] {logging_mixin.py:190} INFO - [2024-10-15T01:08:29.589+0000] {dag.py:4180} INFO - Setting next_dagrun for read_dataset_event_from_classic to 2024-10-14 00:00:00+00:00, run_after=2024-10-15 00:00:00+00:00
[2024-10-15T01:08:29.604+0000] {processor.py:208} INFO - Processing /home/airflow/.local/lib/python3.12/site-packages/airflow/example_dags/example_inlet_event_extra.py took 0.262 seconds
[2024-10-15T01:08:59.703+0000] {processor.py:186} INFO - Started process (PID=1196) to work on /home/airflow/.local/lib/python3.12/site-packages/airflow/example_dags/example_inlet_event_extra.py
[2024-10-15T01:08:59.704+0000] {processor.py:914} INFO - Processing file /home/airflow/.local/lib/python3.12/site-packages/airflow/example_dags/example_inlet_event_extra.py for tasks to queue
[2024-10-15T01:08:59.706+0000] {logging_mixin.py:190} INFO - [2024-10-15T01:08:59.706+0000] {dagbag.py:588} INFO - Filling up the DagBag from /home/airflow/.local/lib/python3.12/site-packages/airflow/example_dags/example_inlet_event_extra.py
[2024-10-15T01:08:59.909+0000] {processor.py:925} INFO - DAG(s) 'read_dataset_event', 'read_dataset_event_from_classic' retrieved from /home/airflow/.local/lib/python3.12/site-packages/airflow/example_dags/example_inlet_event_extra.py
[2024-10-15T01:08:59.941+0000] {logging_mixin.py:190} INFO - [2024-10-15T01:08:59.941+0000] {dag.py:3239} INFO - Sync 2 DAGs
[2024-10-15T01:08:59.991+0000] {logging_mixin.py:190} INFO - [2024-10-15T01:08:59.991+0000] {dag.py:4180} INFO - Setting next_dagrun for read_dataset_event to 2024-10-14 00:00:00+00:00, run_after=2024-10-15 00:00:00+00:00
[2024-10-15T01:08:59.998+0000] {logging_mixin.py:190} INFO - [2024-10-15T01:08:59.997+0000] {dag.py:4180} INFO - Setting next_dagrun for read_dataset_event_from_classic to 2024-10-14 00:00:00+00:00, run_after=2024-10-15 00:00:00+00:00
[2024-10-15T01:09:00.088+0000] {processor.py:208} INFO - Processing /home/airflow/.local/lib/python3.12/site-packages/airflow/example_dags/example_inlet_event_extra.py took 0.391 seconds
[2024-10-15T01:09:30.984+0000] {processor.py:186} INFO - Started process (PID=1259) to work on /home/airflow/.local/lib/python3.12/site-packages/airflow/example_dags/example_inlet_event_extra.py
[2024-10-15T01:09:30.987+0000] {processor.py:914} INFO - Processing file /home/airflow/.local/lib/python3.12/site-packages/airflow/example_dags/example_inlet_event_extra.py for tasks to queue
[2024-10-15T01:09:30.988+0000] {logging_mixin.py:190} INFO - [2024-10-15T01:09:30.988+0000] {dagbag.py:588} INFO - Filling up the DagBag from /home/airflow/.local/lib/python3.12/site-packages/airflow/example_dags/example_inlet_event_extra.py
[2024-10-15T01:09:31.151+0000] {processor.py:925} INFO - DAG(s) 'read_dataset_event', 'read_dataset_event_from_classic' retrieved from /home/airflow/.local/lib/python3.12/site-packages/airflow/example_dags/example_inlet_event_extra.py
[2024-10-15T01:09:31.181+0000] {logging_mixin.py:190} INFO - [2024-10-15T01:09:31.180+0000] {dag.py:3239} INFO - Sync 2 DAGs
[2024-10-15T01:09:31.219+0000] {logging_mixin.py:190} INFO - [2024-10-15T01:09:31.219+0000] {dag.py:4180} INFO - Setting next_dagrun for read_dataset_event to 2024-10-14 00:00:00+00:00, run_after=2024-10-15 00:00:00+00:00
[2024-10-15T01:09:31.227+0000] {logging_mixin.py:190} INFO - [2024-10-15T01:09:31.227+0000] {dag.py:4180} INFO - Setting next_dagrun for read_dataset_event_from_classic to 2024-10-14 00:00:00+00:00, run_after=2024-10-15 00:00:00+00:00
[2024-10-15T01:09:31.247+0000] {processor.py:208} INFO - Processing /home/airflow/.local/lib/python3.12/site-packages/airflow/example_dags/example_inlet_event_extra.py took 0.269 seconds
[2024-10-15T01:10:01.586+0000] {processor.py:186} INFO - Started process (PID=1323) to work on /home/airflow/.local/lib/python3.12/site-packages/airflow/example_dags/example_inlet_event_extra.py
[2024-10-15T01:10:01.587+0000] {processor.py:914} INFO - Processing file /home/airflow/.local/lib/python3.12/site-packages/airflow/example_dags/example_inlet_event_extra.py for tasks to queue
[2024-10-15T01:10:01.588+0000] {logging_mixin.py:190} INFO - [2024-10-15T01:10:01.588+0000] {dagbag.py:588} INFO - Filling up the DagBag from /home/airflow/.local/lib/python3.12/site-packages/airflow/example_dags/example_inlet_event_extra.py
[2024-10-15T01:10:01.792+0000] {processor.py:925} INFO - DAG(s) 'read_dataset_event', 'read_dataset_event_from_classic' retrieved from /home/airflow/.local/lib/python3.12/site-packages/airflow/example_dags/example_inlet_event_extra.py
[2024-10-15T01:10:01.818+0000] {logging_mixin.py:190} INFO - [2024-10-15T01:10:01.817+0000] {dag.py:3239} INFO - Sync 2 DAGs
[2024-10-15T01:10:01.848+0000] {logging_mixin.py:190} INFO - [2024-10-15T01:10:01.848+0000] {dag.py:4180} INFO - Setting next_dagrun for read_dataset_event to 2024-10-14 00:00:00+00:00, run_after=2024-10-15 00:00:00+00:00
[2024-10-15T01:10:01.854+0000] {logging_mixin.py:190} INFO - [2024-10-15T01:10:01.854+0000] {dag.py:4180} INFO - Setting next_dagrun for read_dataset_event_from_classic to 2024-10-14 00:00:00+00:00, run_after=2024-10-15 00:00:00+00:00
[2024-10-15T01:10:01.874+0000] {processor.py:208} INFO - Processing /home/airflow/.local/lib/python3.12/site-packages/airflow/example_dags/example_inlet_event_extra.py took 0.294 seconds
[2024-10-15T01:10:31.930+0000] {processor.py:186} INFO - Started process (PID=1386) to work on /home/airflow/.local/lib/python3.12/site-packages/airflow/example_dags/example_inlet_event_extra.py
[2024-10-15T01:10:31.932+0000] {processor.py:914} INFO - Processing file /home/airflow/.local/lib/python3.12/site-packages/airflow/example_dags/example_inlet_event_extra.py for tasks to queue
[2024-10-15T01:10:31.934+0000] {logging_mixin.py:190} INFO - [2024-10-15T01:10:31.933+0000] {dagbag.py:588} INFO - Filling up the DagBag from /home/airflow/.local/lib/python3.12/site-packages/airflow/example_dags/example_inlet_event_extra.py
[2024-10-15T01:10:32.430+0000] {processor.py:925} INFO - DAG(s) 'read_dataset_event', 'read_dataset_event_from_classic' retrieved from /home/airflow/.local/lib/python3.12/site-packages/airflow/example_dags/example_inlet_event_extra.py
[2024-10-15T01:10:32.491+0000] {logging_mixin.py:190} INFO - [2024-10-15T01:10:32.490+0000] {dag.py:3239} INFO - Sync 2 DAGs
[2024-10-15T01:10:32.568+0000] {logging_mixin.py:190} INFO - [2024-10-15T01:10:32.567+0000] {dag.py:4180} INFO - Setting next_dagrun for read_dataset_event to 2024-10-14 00:00:00+00:00, run_after=2024-10-15 00:00:00+00:00
[2024-10-15T01:10:32.611+0000] {logging_mixin.py:190} INFO - [2024-10-15T01:10:32.611+0000] {dag.py:4180} INFO - Setting next_dagrun for read_dataset_event_from_classic to 2024-10-14 00:00:00+00:00, run_after=2024-10-15 00:00:00+00:00
[2024-10-15T01:10:32.658+0000] {processor.py:208} INFO - Processing /home/airflow/.local/lib/python3.12/site-packages/airflow/example_dags/example_inlet_event_extra.py took 0.743 seconds
[2024-10-15T01:11:03.071+0000] {processor.py:186} INFO - Started process (PID=1449) to work on /home/airflow/.local/lib/python3.12/site-packages/airflow/example_dags/example_inlet_event_extra.py
[2024-10-15T01:11:03.074+0000] {processor.py:914} INFO - Processing file /home/airflow/.local/lib/python3.12/site-packages/airflow/example_dags/example_inlet_event_extra.py for tasks to queue
[2024-10-15T01:11:03.075+0000] {logging_mixin.py:190} INFO - [2024-10-15T01:11:03.074+0000] {dagbag.py:588} INFO - Filling up the DagBag from /home/airflow/.local/lib/python3.12/site-packages/airflow/example_dags/example_inlet_event_extra.py
[2024-10-15T01:11:03.267+0000] {processor.py:925} INFO - DAG(s) 'read_dataset_event_from_classic', 'read_dataset_event' retrieved from /home/airflow/.local/lib/python3.12/site-packages/airflow/example_dags/example_inlet_event_extra.py
[2024-10-15T01:11:03.290+0000] {logging_mixin.py:190} INFO - [2024-10-15T01:11:03.290+0000] {dag.py:3239} INFO - Sync 2 DAGs
[2024-10-15T01:11:03.314+0000] {logging_mixin.py:190} INFO - [2024-10-15T01:11:03.314+0000] {dag.py:4180} INFO - Setting next_dagrun for read_dataset_event to 2024-10-14 00:00:00+00:00, run_after=2024-10-15 00:00:00+00:00
[2024-10-15T01:11:03.319+0000] {logging_mixin.py:190} INFO - [2024-10-15T01:11:03.318+0000] {dag.py:4180} INFO - Setting next_dagrun for read_dataset_event_from_classic to 2024-10-14 00:00:00+00:00, run_after=2024-10-15 00:00:00+00:00
[2024-10-15T01:11:03.343+0000] {processor.py:208} INFO - Processing /home/airflow/.local/lib/python3.12/site-packages/airflow/example_dags/example_inlet_event_extra.py took 0.279 seconds
[2024-10-15T01:11:33.627+0000] {processor.py:186} INFO - Started process (PID=1512) to work on /home/airflow/.local/lib/python3.12/site-packages/airflow/example_dags/example_inlet_event_extra.py
[2024-10-15T01:11:33.627+0000] {processor.py:914} INFO - Processing file /home/airflow/.local/lib/python3.12/site-packages/airflow/example_dags/example_inlet_event_extra.py for tasks to queue
[2024-10-15T01:11:33.628+0000] {logging_mixin.py:190} INFO - [2024-10-15T01:11:33.628+0000] {dagbag.py:588} INFO - Filling up the DagBag from /home/airflow/.local/lib/python3.12/site-packages/airflow/example_dags/example_inlet_event_extra.py
[2024-10-15T01:11:33.808+0000] {processor.py:925} INFO - DAG(s) 'read_dataset_event_from_classic', 'read_dataset_event' retrieved from /home/airflow/.local/lib/python3.12/site-packages/airflow/example_dags/example_inlet_event_extra.py
[2024-10-15T01:11:33.831+0000] {logging_mixin.py:190} INFO - [2024-10-15T01:11:33.831+0000] {dag.py:3239} INFO - Sync 2 DAGs
[2024-10-15T01:11:33.861+0000] {logging_mixin.py:190} INFO - [2024-10-15T01:11:33.860+0000] {dag.py:4180} INFO - Setting next_dagrun for read_dataset_event to 2024-10-14 00:00:00+00:00, run_after=2024-10-15 00:00:00+00:00
[2024-10-15T01:11:33.867+0000] {logging_mixin.py:190} INFO - [2024-10-15T01:11:33.867+0000] {dag.py:4180} INFO - Setting next_dagrun for read_dataset_event_from_classic to 2024-10-14 00:00:00+00:00, run_after=2024-10-15 00:00:00+00:00
[2024-10-15T01:11:33.883+0000] {processor.py:208} INFO - Processing /home/airflow/.local/lib/python3.12/site-packages/airflow/example_dags/example_inlet_event_extra.py took 0.270 seconds
[2024-10-15T01:12:04.463+0000] {processor.py:186} INFO - Started process (PID=1575) to work on /home/airflow/.local/lib/python3.12/site-packages/airflow/example_dags/example_inlet_event_extra.py
[2024-10-15T01:12:04.466+0000] {processor.py:914} INFO - Processing file /home/airflow/.local/lib/python3.12/site-packages/airflow/example_dags/example_inlet_event_extra.py for tasks to queue
[2024-10-15T01:12:04.467+0000] {logging_mixin.py:190} INFO - [2024-10-15T01:12:04.466+0000] {dagbag.py:588} INFO - Filling up the DagBag from /home/airflow/.local/lib/python3.12/site-packages/airflow/example_dags/example_inlet_event_extra.py
[2024-10-15T01:12:04.634+0000] {processor.py:925} INFO - DAG(s) 'read_dataset_event_from_classic', 'read_dataset_event' retrieved from /home/airflow/.local/lib/python3.12/site-packages/airflow/example_dags/example_inlet_event_extra.py
[2024-10-15T01:12:04.658+0000] {logging_mixin.py:190} INFO - [2024-10-15T01:12:04.658+0000] {dag.py:3239} INFO - Sync 2 DAGs
[2024-10-15T01:12:04.684+0000] {logging_mixin.py:190} INFO - [2024-10-15T01:12:04.684+0000] {dag.py:4180} INFO - Setting next_dagrun for read_dataset_event to 2024-10-14 00:00:00+00:00, run_after=2024-10-15 00:00:00+00:00
[2024-10-15T01:12:04.691+0000] {logging_mixin.py:190} INFO - [2024-10-15T01:12:04.691+0000] {dag.py:4180} INFO - Setting next_dagrun for read_dataset_event_from_classic to 2024-10-14 00:00:00+00:00, run_after=2024-10-15 00:00:00+00:00
[2024-10-15T01:12:04.712+0000] {processor.py:208} INFO - Processing /home/airflow/.local/lib/python3.12/site-packages/airflow/example_dags/example_inlet_event_extra.py took 0.254 seconds
[2024-10-15T01:12:35.100+0000] {processor.py:186} INFO - Started process (PID=1639) to work on /home/airflow/.local/lib/python3.12/site-packages/airflow/example_dags/example_inlet_event_extra.py
[2024-10-15T01:12:35.102+0000] {processor.py:914} INFO - Processing file /home/airflow/.local/lib/python3.12/site-packages/airflow/example_dags/example_inlet_event_extra.py for tasks to queue
[2024-10-15T01:12:35.103+0000] {logging_mixin.py:190} INFO - [2024-10-15T01:12:35.103+0000] {dagbag.py:588} INFO - Filling up the DagBag from /home/airflow/.local/lib/python3.12/site-packages/airflow/example_dags/example_inlet_event_extra.py
[2024-10-15T01:12:35.424+0000] {processor.py:925} INFO - DAG(s) 'read_dataset_event_from_classic', 'read_dataset_event' retrieved from /home/airflow/.local/lib/python3.12/site-packages/airflow/example_dags/example_inlet_event_extra.py
[2024-10-15T01:12:35.480+0000] {logging_mixin.py:190} INFO - [2024-10-15T01:12:35.480+0000] {dag.py:3239} INFO - Sync 2 DAGs
[2024-10-15T01:12:35.523+0000] {logging_mixin.py:190} INFO - [2024-10-15T01:12:35.523+0000] {dag.py:4180} INFO - Setting next_dagrun for read_dataset_event to 2024-10-14 00:00:00+00:00, run_after=2024-10-15 00:00:00+00:00
[2024-10-15T01:12:35.540+0000] {logging_mixin.py:190} INFO - [2024-10-15T01:12:35.540+0000] {dag.py:4180} INFO - Setting next_dagrun for read_dataset_event_from_classic to 2024-10-14 00:00:00+00:00, run_after=2024-10-15 00:00:00+00:00
[2024-10-15T01:12:35.584+0000] {processor.py:208} INFO - Processing /home/airflow/.local/lib/python3.12/site-packages/airflow/example_dags/example_inlet_event_extra.py took 0.493 seconds
[2024-10-15T01:13:05.739+0000] {processor.py:186} INFO - Started process (PID=1705) to work on /home/airflow/.local/lib/python3.12/site-packages/airflow/example_dags/example_inlet_event_extra.py
[2024-10-15T01:13:05.742+0000] {processor.py:914} INFO - Processing file /home/airflow/.local/lib/python3.12/site-packages/airflow/example_dags/example_inlet_event_extra.py for tasks to queue
[2024-10-15T01:13:05.743+0000] {logging_mixin.py:190} INFO - [2024-10-15T01:13:05.743+0000] {dagbag.py:588} INFO - Filling up the DagBag from /home/airflow/.local/lib/python3.12/site-packages/airflow/example_dags/example_inlet_event_extra.py
[2024-10-15T01:13:05.955+0000] {processor.py:925} INFO - DAG(s) 'read_dataset_event', 'read_dataset_event_from_classic' retrieved from /home/airflow/.local/lib/python3.12/site-packages/airflow/example_dags/example_inlet_event_extra.py
[2024-10-15T01:13:05.982+0000] {logging_mixin.py:190} INFO - [2024-10-15T01:13:05.982+0000] {dag.py:3239} INFO - Sync 2 DAGs
[2024-10-15T01:13:06.032+0000] {logging_mixin.py:190} INFO - [2024-10-15T01:13:06.031+0000] {dag.py:4180} INFO - Setting next_dagrun for read_dataset_event to 2024-10-14 00:00:00+00:00, run_after=2024-10-15 00:00:00+00:00
[2024-10-15T01:13:06.038+0000] {logging_mixin.py:190} INFO - [2024-10-15T01:13:06.038+0000] {dag.py:4180} INFO - Setting next_dagrun for read_dataset_event_from_classic to 2024-10-14 00:00:00+00:00, run_after=2024-10-15 00:00:00+00:00
[2024-10-15T01:13:06.060+0000] {processor.py:208} INFO - Processing /home/airflow/.local/lib/python3.12/site-packages/airflow/example_dags/example_inlet_event_extra.py took 0.325 seconds
[2024-10-15T01:13:36.601+0000] {processor.py:186} INFO - Started process (PID=1767) to work on /home/airflow/.local/lib/python3.12/site-packages/airflow/example_dags/example_inlet_event_extra.py
[2024-10-15T01:13:36.604+0000] {processor.py:914} INFO - Processing file /home/airflow/.local/lib/python3.12/site-packages/airflow/example_dags/example_inlet_event_extra.py for tasks to queue
[2024-10-15T01:13:36.605+0000] {logging_mixin.py:190} INFO - [2024-10-15T01:13:36.604+0000] {dagbag.py:588} INFO - Filling up the DagBag from /home/airflow/.local/lib/python3.12/site-packages/airflow/example_dags/example_inlet_event_extra.py
[2024-10-15T01:13:36.788+0000] {processor.py:925} INFO - DAG(s) 'read_dataset_event_from_classic', 'read_dataset_event' retrieved from /home/airflow/.local/lib/python3.12/site-packages/airflow/example_dags/example_inlet_event_extra.py
[2024-10-15T01:13:36.813+0000] {logging_mixin.py:190} INFO - [2024-10-15T01:13:36.812+0000] {dag.py:3239} INFO - Sync 2 DAGs
[2024-10-15T01:13:36.839+0000] {logging_mixin.py:190} INFO - [2024-10-15T01:13:36.839+0000] {dag.py:4180} INFO - Setting next_dagrun for read_dataset_event to 2024-10-14 00:00:00+00:00, run_after=2024-10-15 00:00:00+00:00
[2024-10-15T01:13:36.844+0000] {logging_mixin.py:190} INFO - [2024-10-15T01:13:36.844+0000] {dag.py:4180} INFO - Setting next_dagrun for read_dataset_event_from_classic to 2024-10-14 00:00:00+00:00, run_after=2024-10-15 00:00:00+00:00
[2024-10-15T01:13:36.875+0000] {processor.py:208} INFO - Processing /home/airflow/.local/lib/python3.12/site-packages/airflow/example_dags/example_inlet_event_extra.py took 0.281 seconds
[2024-10-15T01:14:07.065+0000] {processor.py:186} INFO - Started process (PID=1830) to work on /home/airflow/.local/lib/python3.12/site-packages/airflow/example_dags/example_inlet_event_extra.py
[2024-10-15T01:14:07.065+0000] {processor.py:914} INFO - Processing file /home/airflow/.local/lib/python3.12/site-packages/airflow/example_dags/example_inlet_event_extra.py for tasks to queue
[2024-10-15T01:14:07.067+0000] {logging_mixin.py:190} INFO - [2024-10-15T01:14:07.067+0000] {dagbag.py:588} INFO - Filling up the DagBag from /home/airflow/.local/lib/python3.12/site-packages/airflow/example_dags/example_inlet_event_extra.py
[2024-10-15T01:14:07.193+0000] {processor.py:925} INFO - DAG(s) 'read_dataset_event_from_classic', 'read_dataset_event' retrieved from /home/airflow/.local/lib/python3.12/site-packages/airflow/example_dags/example_inlet_event_extra.py
[2024-10-15T01:14:07.215+0000] {logging_mixin.py:190} INFO - [2024-10-15T01:14:07.215+0000] {dag.py:3239} INFO - Sync 2 DAGs
[2024-10-15T01:14:07.247+0000] {logging_mixin.py:190} INFO - [2024-10-15T01:14:07.246+0000] {dag.py:4180} INFO - Setting next_dagrun for read_dataset_event to 2024-10-14 00:00:00+00:00, run_after=2024-10-15 00:00:00+00:00
[2024-10-15T01:14:07.254+0000] {logging_mixin.py:190} INFO - [2024-10-15T01:14:07.254+0000] {dag.py:4180} INFO - Setting next_dagrun for read_dataset_event_from_classic to 2024-10-14 00:00:00+00:00, run_after=2024-10-15 00:00:00+00:00
[2024-10-15T01:14:07.277+0000] {processor.py:208} INFO - Processing /home/airflow/.local/lib/python3.12/site-packages/airflow/example_dags/example_inlet_event_extra.py took 0.217 seconds
[2024-10-15T01:14:37.720+0000] {processor.py:186} INFO - Started process (PID=1893) to work on /home/airflow/.local/lib/python3.12/site-packages/airflow/example_dags/example_inlet_event_extra.py
[2024-10-15T01:14:37.723+0000] {processor.py:914} INFO - Processing file /home/airflow/.local/lib/python3.12/site-packages/airflow/example_dags/example_inlet_event_extra.py for tasks to queue
[2024-10-15T01:14:37.724+0000] {logging_mixin.py:190} INFO - [2024-10-15T01:14:37.724+0000] {dagbag.py:588} INFO - Filling up the DagBag from /home/airflow/.local/lib/python3.12/site-packages/airflow/example_dags/example_inlet_event_extra.py
[2024-10-15T01:14:37.897+0000] {processor.py:925} INFO - DAG(s) 'read_dataset_event_from_classic', 'read_dataset_event' retrieved from /home/airflow/.local/lib/python3.12/site-packages/airflow/example_dags/example_inlet_event_extra.py
[2024-10-15T01:14:37.924+0000] {logging_mixin.py:190} INFO - [2024-10-15T01:14:37.923+0000] {dag.py:3239} INFO - Sync 2 DAGs
[2024-10-15T01:14:37.947+0000] {logging_mixin.py:190} INFO - [2024-10-15T01:14:37.947+0000] {dag.py:4180} INFO - Setting next_dagrun for read_dataset_event to 2024-10-14 00:00:00+00:00, run_after=2024-10-15 00:00:00+00:00
[2024-10-15T01:14:37.952+0000] {logging_mixin.py:190} INFO - [2024-10-15T01:14:37.952+0000] {dag.py:4180} INFO - Setting next_dagrun for read_dataset_event_from_classic to 2024-10-14 00:00:00+00:00, run_after=2024-10-15 00:00:00+00:00
[2024-10-15T01:14:37.969+0000] {processor.py:208} INFO - Processing /home/airflow/.local/lib/python3.12/site-packages/airflow/example_dags/example_inlet_event_extra.py took 0.256 seconds
[2024-10-15T01:15:08.122+0000] {processor.py:186} INFO - Started process (PID=1956) to work on /home/airflow/.local/lib/python3.12/site-packages/airflow/example_dags/example_inlet_event_extra.py
[2024-10-15T01:15:08.129+0000] {processor.py:914} INFO - Processing file /home/airflow/.local/lib/python3.12/site-packages/airflow/example_dags/example_inlet_event_extra.py for tasks to queue
[2024-10-15T01:15:08.130+0000] {logging_mixin.py:190} INFO - [2024-10-15T01:15:08.130+0000] {dagbag.py:588} INFO - Filling up the DagBag from /home/airflow/.local/lib/python3.12/site-packages/airflow/example_dags/example_inlet_event_extra.py
[2024-10-15T01:15:08.533+0000] {processor.py:925} INFO - DAG(s) 'read_dataset_event_from_classic', 'read_dataset_event' retrieved from /home/airflow/.local/lib/python3.12/site-packages/airflow/example_dags/example_inlet_event_extra.py
[2024-10-15T01:15:08.563+0000] {logging_mixin.py:190} INFO - [2024-10-15T01:15:08.563+0000] {dag.py:3239} INFO - Sync 2 DAGs
[2024-10-15T01:15:08.588+0000] {logging_mixin.py:190} INFO - [2024-10-15T01:15:08.587+0000] {dag.py:4180} INFO - Setting next_dagrun for read_dataset_event to 2024-10-14 00:00:00+00:00, run_after=2024-10-15 00:00:00+00:00
[2024-10-15T01:15:08.593+0000] {logging_mixin.py:190} INFO - [2024-10-15T01:15:08.593+0000] {dag.py:4180} INFO - Setting next_dagrun for read_dataset_event_from_classic to 2024-10-14 00:00:00+00:00, run_after=2024-10-15 00:00:00+00:00
[2024-10-15T01:15:08.609+0000] {processor.py:208} INFO - Processing /home/airflow/.local/lib/python3.12/site-packages/airflow/example_dags/example_inlet_event_extra.py took 0.501 seconds
[2024-10-15T01:15:39.513+0000] {processor.py:186} INFO - Started process (PID=2020) to work on /home/airflow/.local/lib/python3.12/site-packages/airflow/example_dags/example_inlet_event_extra.py
[2024-10-15T01:15:39.514+0000] {processor.py:914} INFO - Processing file /home/airflow/.local/lib/python3.12/site-packages/airflow/example_dags/example_inlet_event_extra.py for tasks to queue
[2024-10-15T01:15:39.515+0000] {logging_mixin.py:190} INFO - [2024-10-15T01:15:39.515+0000] {dagbag.py:588} INFO - Filling up the DagBag from /home/airflow/.local/lib/python3.12/site-packages/airflow/example_dags/example_inlet_event_extra.py
[2024-10-15T01:15:39.668+0000] {processor.py:925} INFO - DAG(s) 'read_dataset_event_from_classic', 'read_dataset_event' retrieved from /home/airflow/.local/lib/python3.12/site-packages/airflow/example_dags/example_inlet_event_extra.py
[2024-10-15T01:15:39.694+0000] {logging_mixin.py:190} INFO - [2024-10-15T01:15:39.693+0000] {dag.py:3239} INFO - Sync 2 DAGs
[2024-10-15T01:15:39.719+0000] {logging_mixin.py:190} INFO - [2024-10-15T01:15:39.719+0000] {dag.py:4180} INFO - Setting next_dagrun for read_dataset_event to 2024-10-14 00:00:00+00:00, run_after=2024-10-15 00:00:00+00:00
[2024-10-15T01:15:39.724+0000] {logging_mixin.py:190} INFO - [2024-10-15T01:15:39.724+0000] {dag.py:4180} INFO - Setting next_dagrun for read_dataset_event_from_classic to 2024-10-14 00:00:00+00:00, run_after=2024-10-15 00:00:00+00:00
[2024-10-15T01:15:39.745+0000] {processor.py:208} INFO - Processing /home/airflow/.local/lib/python3.12/site-packages/airflow/example_dags/example_inlet_event_extra.py took 0.238 seconds
[2024-10-15T01:16:10.038+0000] {processor.py:186} INFO - Started process (PID=2082) to work on /home/airflow/.local/lib/python3.12/site-packages/airflow/example_dags/example_inlet_event_extra.py
[2024-10-15T01:16:10.039+0000] {processor.py:914} INFO - Processing file /home/airflow/.local/lib/python3.12/site-packages/airflow/example_dags/example_inlet_event_extra.py for tasks to queue
[2024-10-15T01:16:10.040+0000] {logging_mixin.py:190} INFO - [2024-10-15T01:16:10.040+0000] {dagbag.py:588} INFO - Filling up the DagBag from /home/airflow/.local/lib/python3.12/site-packages/airflow/example_dags/example_inlet_event_extra.py
[2024-10-15T01:16:10.188+0000] {processor.py:925} INFO - DAG(s) 'read_dataset_event', 'read_dataset_event_from_classic' retrieved from /home/airflow/.local/lib/python3.12/site-packages/airflow/example_dags/example_inlet_event_extra.py
[2024-10-15T01:16:10.216+0000] {logging_mixin.py:190} INFO - [2024-10-15T01:16:10.216+0000] {dag.py:3239} INFO - Sync 2 DAGs
[2024-10-15T01:16:10.244+0000] {logging_mixin.py:190} INFO - [2024-10-15T01:16:10.244+0000] {dag.py:4180} INFO - Setting next_dagrun for read_dataset_event to 2024-10-14 00:00:00+00:00, run_after=2024-10-15 00:00:00+00:00
[2024-10-15T01:16:10.250+0000] {logging_mixin.py:190} INFO - [2024-10-15T01:16:10.249+0000] {dag.py:4180} INFO - Setting next_dagrun for read_dataset_event_from_classic to 2024-10-14 00:00:00+00:00, run_after=2024-10-15 00:00:00+00:00
[2024-10-15T01:16:10.271+0000] {processor.py:208} INFO - Processing /home/airflow/.local/lib/python3.12/site-packages/airflow/example_dags/example_inlet_event_extra.py took 0.240 seconds
[2024-10-15T01:16:41.212+0000] {processor.py:186} INFO - Started process (PID=2145) to work on /home/airflow/.local/lib/python3.12/site-packages/airflow/example_dags/example_inlet_event_extra.py
[2024-10-15T01:16:41.213+0000] {processor.py:914} INFO - Processing file /home/airflow/.local/lib/python3.12/site-packages/airflow/example_dags/example_inlet_event_extra.py for tasks to queue
[2024-10-15T01:16:41.215+0000] {logging_mixin.py:190} INFO - [2024-10-15T01:16:41.215+0000] {dagbag.py:588} INFO - Filling up the DagBag from /home/airflow/.local/lib/python3.12/site-packages/airflow/example_dags/example_inlet_event_extra.py
[2024-10-15T01:16:41.369+0000] {processor.py:925} INFO - DAG(s) 'read_dataset_event_from_classic', 'read_dataset_event' retrieved from /home/airflow/.local/lib/python3.12/site-packages/airflow/example_dags/example_inlet_event_extra.py
[2024-10-15T01:16:41.392+0000] {logging_mixin.py:190} INFO - [2024-10-15T01:16:41.392+0000] {dag.py:3239} INFO - Sync 2 DAGs
[2024-10-15T01:16:41.628+0000] {logging_mixin.py:190} INFO - [2024-10-15T01:16:41.627+0000] {dag.py:4180} INFO - Setting next_dagrun for read_dataset_event to 2024-10-14 00:00:00+00:00, run_after=2024-10-15 00:00:00+00:00
[2024-10-15T01:16:41.633+0000] {logging_mixin.py:190} INFO - [2024-10-15T01:16:41.633+0000] {dag.py:4180} INFO - Setting next_dagrun for read_dataset_event_from_classic to 2024-10-14 00:00:00+00:00, run_after=2024-10-15 00:00:00+00:00
[2024-10-15T01:16:41.647+0000] {processor.py:208} INFO - Processing /home/airflow/.local/lib/python3.12/site-packages/airflow/example_dags/example_inlet_event_extra.py took 0.440 seconds
[2024-10-15T01:17:12.524+0000] {processor.py:186} INFO - Started process (PID=2208) to work on /home/airflow/.local/lib/python3.12/site-packages/airflow/example_dags/example_inlet_event_extra.py
[2024-10-15T01:17:12.525+0000] {processor.py:914} INFO - Processing file /home/airflow/.local/lib/python3.12/site-packages/airflow/example_dags/example_inlet_event_extra.py for tasks to queue
[2024-10-15T01:17:12.528+0000] {logging_mixin.py:190} INFO - [2024-10-15T01:17:12.527+0000] {dagbag.py:588} INFO - Filling up the DagBag from /home/airflow/.local/lib/python3.12/site-packages/airflow/example_dags/example_inlet_event_extra.py
[2024-10-15T01:17:12.703+0000] {processor.py:925} INFO - DAG(s) 'read_dataset_event_from_classic', 'read_dataset_event' retrieved from /home/airflow/.local/lib/python3.12/site-packages/airflow/example_dags/example_inlet_event_extra.py
[2024-10-15T01:17:12.729+0000] {logging_mixin.py:190} INFO - [2024-10-15T01:17:12.728+0000] {dag.py:3239} INFO - Sync 2 DAGs
[2024-10-15T01:17:12.759+0000] {logging_mixin.py:190} INFO - [2024-10-15T01:17:12.759+0000] {dag.py:4180} INFO - Setting next_dagrun for read_dataset_event to 2024-10-14 00:00:00+00:00, run_after=2024-10-15 00:00:00+00:00
[2024-10-15T01:17:12.765+0000] {logging_mixin.py:190} INFO - [2024-10-15T01:17:12.765+0000] {dag.py:4180} INFO - Setting next_dagrun for read_dataset_event_from_classic to 2024-10-14 00:00:00+00:00, run_after=2024-10-15 00:00:00+00:00
[2024-10-15T01:17:13.029+0000] {processor.py:208} INFO - Processing /home/airflow/.local/lib/python3.12/site-packages/airflow/example_dags/example_inlet_event_extra.py took 0.510 seconds
[2024-10-15T01:17:43.300+0000] {processor.py:186} INFO - Started process (PID=2271) to work on /home/airflow/.local/lib/python3.12/site-packages/airflow/example_dags/example_inlet_event_extra.py
[2024-10-15T01:17:43.300+0000] {processor.py:914} INFO - Processing file /home/airflow/.local/lib/python3.12/site-packages/airflow/example_dags/example_inlet_event_extra.py for tasks to queue
[2024-10-15T01:17:43.302+0000] {logging_mixin.py:190} INFO - [2024-10-15T01:17:43.302+0000] {dagbag.py:588} INFO - Filling up the DagBag from /home/airflow/.local/lib/python3.12/site-packages/airflow/example_dags/example_inlet_event_extra.py
[2024-10-15T01:17:43.471+0000] {processor.py:925} INFO - DAG(s) 'read_dataset_event', 'read_dataset_event_from_classic' retrieved from /home/airflow/.local/lib/python3.12/site-packages/airflow/example_dags/example_inlet_event_extra.py
[2024-10-15T01:17:43.491+0000] {logging_mixin.py:190} INFO - [2024-10-15T01:17:43.491+0000] {dag.py:3239} INFO - Sync 2 DAGs
[2024-10-15T01:17:43.519+0000] {logging_mixin.py:190} INFO - [2024-10-15T01:17:43.519+0000] {dag.py:4180} INFO - Setting next_dagrun for read_dataset_event to 2024-10-14 00:00:00+00:00, run_after=2024-10-15 00:00:00+00:00
[2024-10-15T01:17:43.523+0000] {logging_mixin.py:190} INFO - [2024-10-15T01:17:43.523+0000] {dag.py:4180} INFO - Setting next_dagrun for read_dataset_event_from_classic to 2024-10-14 00:00:00+00:00, run_after=2024-10-15 00:00:00+00:00
[2024-10-15T01:17:43.542+0000] {processor.py:208} INFO - Processing /home/airflow/.local/lib/python3.12/site-packages/airflow/example_dags/example_inlet_event_extra.py took 0.248 seconds
[2024-10-15T01:18:14.321+0000] {processor.py:186} INFO - Started process (PID=2335) to work on /home/airflow/.local/lib/python3.12/site-packages/airflow/example_dags/example_inlet_event_extra.py
[2024-10-15T01:18:14.323+0000] {processor.py:914} INFO - Processing file /home/airflow/.local/lib/python3.12/site-packages/airflow/example_dags/example_inlet_event_extra.py for tasks to queue
[2024-10-15T01:18:14.327+0000] {logging_mixin.py:190} INFO - [2024-10-15T01:18:14.326+0000] {dagbag.py:588} INFO - Filling up the DagBag from /home/airflow/.local/lib/python3.12/site-packages/airflow/example_dags/example_inlet_event_extra.py
[2024-10-15T01:18:14.691+0000] {processor.py:925} INFO - DAG(s) 'read_dataset_event', 'read_dataset_event_from_classic' retrieved from /home/airflow/.local/lib/python3.12/site-packages/airflow/example_dags/example_inlet_event_extra.py
[2024-10-15T01:18:14.732+0000] {logging_mixin.py:190} INFO - [2024-10-15T01:18:14.732+0000] {dag.py:3239} INFO - Sync 2 DAGs
[2024-10-15T01:18:14.771+0000] {logging_mixin.py:190} INFO - [2024-10-15T01:18:14.771+0000] {dag.py:4180} INFO - Setting next_dagrun for read_dataset_event to 2024-10-14 00:00:00+00:00, run_after=2024-10-15 00:00:00+00:00
[2024-10-15T01:18:14.779+0000] {logging_mixin.py:190} INFO - [2024-10-15T01:18:14.779+0000] {dag.py:4180} INFO - Setting next_dagrun for read_dataset_event_from_classic to 2024-10-14 00:00:00+00:00, run_after=2024-10-15 00:00:00+00:00
[2024-10-15T01:18:14.829+0000] {processor.py:208} INFO - Processing /home/airflow/.local/lib/python3.12/site-packages/airflow/example_dags/example_inlet_event_extra.py took 0.526 seconds
[2024-10-15T01:18:45.604+0000] {processor.py:186} INFO - Started process (PID=2398) to work on /home/airflow/.local/lib/python3.12/site-packages/airflow/example_dags/example_inlet_event_extra.py
[2024-10-15T01:18:45.604+0000] {processor.py:914} INFO - Processing file /home/airflow/.local/lib/python3.12/site-packages/airflow/example_dags/example_inlet_event_extra.py for tasks to queue
[2024-10-15T01:18:45.606+0000] {logging_mixin.py:190} INFO - [2024-10-15T01:18:45.606+0000] {dagbag.py:588} INFO - Filling up the DagBag from /home/airflow/.local/lib/python3.12/site-packages/airflow/example_dags/example_inlet_event_extra.py
[2024-10-15T01:18:45.811+0000] {processor.py:925} INFO - DAG(s) 'read_dataset_event', 'read_dataset_event_from_classic' retrieved from /home/airflow/.local/lib/python3.12/site-packages/airflow/example_dags/example_inlet_event_extra.py
[2024-10-15T01:18:45.894+0000] {logging_mixin.py:190} INFO - [2024-10-15T01:18:45.894+0000] {dag.py:3239} INFO - Sync 2 DAGs
[2024-10-15T01:18:46.454+0000] {logging_mixin.py:190} INFO - [2024-10-15T01:18:46.447+0000] {dag.py:4180} INFO - Setting next_dagrun for read_dataset_event to 2024-10-14 00:00:00+00:00, run_after=2024-10-15 00:00:00+00:00
[2024-10-15T01:18:46.459+0000] {logging_mixin.py:190} INFO - [2024-10-15T01:18:46.459+0000] {dag.py:4180} INFO - Setting next_dagrun for read_dataset_event_from_classic to 2024-10-14 00:00:00+00:00, run_after=2024-10-15 00:00:00+00:00
[2024-10-15T01:18:46.487+0000] {processor.py:208} INFO - Processing /home/airflow/.local/lib/python3.12/site-packages/airflow/example_dags/example_inlet_event_extra.py took 0.891 seconds
[2024-10-15T01:19:16.898+0000] {processor.py:186} INFO - Started process (PID=2467) to work on /home/airflow/.local/lib/python3.12/site-packages/airflow/example_dags/example_inlet_event_extra.py
[2024-10-15T01:19:16.899+0000] {processor.py:914} INFO - Processing file /home/airflow/.local/lib/python3.12/site-packages/airflow/example_dags/example_inlet_event_extra.py for tasks to queue
[2024-10-15T01:19:16.900+0000] {logging_mixin.py:190} INFO - [2024-10-15T01:19:16.900+0000] {dagbag.py:588} INFO - Filling up the DagBag from /home/airflow/.local/lib/python3.12/site-packages/airflow/example_dags/example_inlet_event_extra.py
[2024-10-15T01:19:17.073+0000] {processor.py:925} INFO - DAG(s) 'read_dataset_event_from_classic', 'read_dataset_event' retrieved from /home/airflow/.local/lib/python3.12/site-packages/airflow/example_dags/example_inlet_event_extra.py
[2024-10-15T01:19:17.094+0000] {logging_mixin.py:190} INFO - [2024-10-15T01:19:17.093+0000] {dag.py:3239} INFO - Sync 2 DAGs
[2024-10-15T01:19:17.123+0000] {logging_mixin.py:190} INFO - [2024-10-15T01:19:17.123+0000] {dag.py:4180} INFO - Setting next_dagrun for read_dataset_event to 2024-10-14 00:00:00+00:00, run_after=2024-10-15 00:00:00+00:00
[2024-10-15T01:19:17.347+0000] {logging_mixin.py:190} INFO - [2024-10-15T01:19:17.347+0000] {dag.py:4180} INFO - Setting next_dagrun for read_dataset_event_from_classic to 2024-10-14 00:00:00+00:00, run_after=2024-10-15 00:00:00+00:00
[2024-10-15T01:19:17.364+0000] {processor.py:208} INFO - Processing /home/airflow/.local/lib/python3.12/site-packages/airflow/example_dags/example_inlet_event_extra.py took 0.474 seconds
[2024-10-15T01:19:47.408+0000] {processor.py:186} INFO - Started process (PID=2531) to work on /home/airflow/.local/lib/python3.12/site-packages/airflow/example_dags/example_inlet_event_extra.py
[2024-10-15T01:19:47.418+0000] {processor.py:914} INFO - Processing file /home/airflow/.local/lib/python3.12/site-packages/airflow/example_dags/example_inlet_event_extra.py for tasks to queue
[2024-10-15T01:19:47.419+0000] {logging_mixin.py:190} INFO - [2024-10-15T01:19:47.419+0000] {dagbag.py:588} INFO - Filling up the DagBag from /home/airflow/.local/lib/python3.12/site-packages/airflow/example_dags/example_inlet_event_extra.py
[2024-10-15T01:19:48.278+0000] {processor.py:925} INFO - DAG(s) 'read_dataset_event_from_classic', 'read_dataset_event' retrieved from /home/airflow/.local/lib/python3.12/site-packages/airflow/example_dags/example_inlet_event_extra.py
[2024-10-15T01:19:48.347+0000] {logging_mixin.py:190} INFO - [2024-10-15T01:19:48.343+0000] {dag.py:3239} INFO - Sync 2 DAGs
[2024-10-15T01:19:48.398+0000] {logging_mixin.py:190} INFO - [2024-10-15T01:19:48.398+0000] {dag.py:4180} INFO - Setting next_dagrun for read_dataset_event to 2024-10-14 00:00:00+00:00, run_after=2024-10-15 00:00:00+00:00
[2024-10-15T01:19:48.409+0000] {logging_mixin.py:190} INFO - [2024-10-15T01:19:48.409+0000] {dag.py:4180} INFO - Setting next_dagrun for read_dataset_event_from_classic to 2024-10-14 00:00:00+00:00, run_after=2024-10-15 00:00:00+00:00
[2024-10-15T01:19:48.448+0000] {processor.py:208} INFO - Processing /home/airflow/.local/lib/python3.12/site-packages/airflow/example_dags/example_inlet_event_extra.py took 1.055 seconds
[2024-10-15T01:20:19.304+0000] {processor.py:186} INFO - Started process (PID=2595) to work on /home/airflow/.local/lib/python3.12/site-packages/airflow/example_dags/example_inlet_event_extra.py
[2024-10-15T01:20:19.306+0000] {processor.py:914} INFO - Processing file /home/airflow/.local/lib/python3.12/site-packages/airflow/example_dags/example_inlet_event_extra.py for tasks to queue
[2024-10-15T01:20:19.307+0000] {logging_mixin.py:190} INFO - [2024-10-15T01:20:19.307+0000] {dagbag.py:588} INFO - Filling up the DagBag from /home/airflow/.local/lib/python3.12/site-packages/airflow/example_dags/example_inlet_event_extra.py
[2024-10-15T01:20:19.689+0000] {processor.py:925} INFO - DAG(s) 'read_dataset_event_from_classic', 'read_dataset_event' retrieved from /home/airflow/.local/lib/python3.12/site-packages/airflow/example_dags/example_inlet_event_extra.py
[2024-10-15T01:20:19.709+0000] {logging_mixin.py:190} INFO - [2024-10-15T01:20:19.709+0000] {dag.py:3239} INFO - Sync 2 DAGs
[2024-10-15T01:20:19.740+0000] {logging_mixin.py:190} INFO - [2024-10-15T01:20:19.740+0000] {dag.py:4180} INFO - Setting next_dagrun for read_dataset_event to 2024-10-14 00:00:00+00:00, run_after=2024-10-15 00:00:00+00:00
[2024-10-15T01:20:19.744+0000] {logging_mixin.py:190} INFO - [2024-10-15T01:20:19.744+0000] {dag.py:4180} INFO - Setting next_dagrun for read_dataset_event_from_classic to 2024-10-14 00:00:00+00:00, run_after=2024-10-15 00:00:00+00:00
[2024-10-15T01:20:19.763+0000] {processor.py:208} INFO - Processing /home/airflow/.local/lib/python3.12/site-packages/airflow/example_dags/example_inlet_event_extra.py took 0.465 seconds
[2024-10-15T01:20:50.044+0000] {processor.py:186} INFO - Started process (PID=2658) to work on /home/airflow/.local/lib/python3.12/site-packages/airflow/example_dags/example_inlet_event_extra.py
[2024-10-15T01:20:50.045+0000] {processor.py:914} INFO - Processing file /home/airflow/.local/lib/python3.12/site-packages/airflow/example_dags/example_inlet_event_extra.py for tasks to queue
[2024-10-15T01:20:50.046+0000] {logging_mixin.py:190} INFO - [2024-10-15T01:20:50.046+0000] {dagbag.py:588} INFO - Filling up the DagBag from /home/airflow/.local/lib/python3.12/site-packages/airflow/example_dags/example_inlet_event_extra.py
[2024-10-15T01:20:50.425+0000] {processor.py:925} INFO - DAG(s) 'read_dataset_event', 'read_dataset_event_from_classic' retrieved from /home/airflow/.local/lib/python3.12/site-packages/airflow/example_dags/example_inlet_event_extra.py
[2024-10-15T01:20:50.442+0000] {logging_mixin.py:190} INFO - [2024-10-15T01:20:50.442+0000] {dag.py:3239} INFO - Sync 2 DAGs
[2024-10-15T01:20:50.467+0000] {logging_mixin.py:190} INFO - [2024-10-15T01:20:50.467+0000] {dag.py:4180} INFO - Setting next_dagrun for read_dataset_event to 2024-10-14 00:00:00+00:00, run_after=2024-10-15 00:00:00+00:00
[2024-10-15T01:20:50.472+0000] {logging_mixin.py:190} INFO - [2024-10-15T01:20:50.472+0000] {dag.py:4180} INFO - Setting next_dagrun for read_dataset_event_from_classic to 2024-10-14 00:00:00+00:00, run_after=2024-10-15 00:00:00+00:00
[2024-10-15T01:20:50.489+0000] {processor.py:208} INFO - Processing /home/airflow/.local/lib/python3.12/site-packages/airflow/example_dags/example_inlet_event_extra.py took 0.451 seconds
[2024-10-15T01:21:21.021+0000] {processor.py:186} INFO - Started process (PID=2722) to work on /home/airflow/.local/lib/python3.12/site-packages/airflow/example_dags/example_inlet_event_extra.py
[2024-10-15T01:21:21.022+0000] {processor.py:914} INFO - Processing file /home/airflow/.local/lib/python3.12/site-packages/airflow/example_dags/example_inlet_event_extra.py for tasks to queue
[2024-10-15T01:21:21.023+0000] {logging_mixin.py:190} INFO - [2024-10-15T01:21:21.023+0000] {dagbag.py:588} INFO - Filling up the DagBag from /home/airflow/.local/lib/python3.12/site-packages/airflow/example_dags/example_inlet_event_extra.py
[2024-10-15T01:21:21.413+0000] {processor.py:925} INFO - DAG(s) 'read_dataset_event_from_classic', 'read_dataset_event' retrieved from /home/airflow/.local/lib/python3.12/site-packages/airflow/example_dags/example_inlet_event_extra.py
[2024-10-15T01:21:21.435+0000] {logging_mixin.py:190} INFO - [2024-10-15T01:21:21.435+0000] {dag.py:3239} INFO - Sync 2 DAGs
[2024-10-15T01:21:21.458+0000] {logging_mixin.py:190} INFO - [2024-10-15T01:21:21.458+0000] {dag.py:4180} INFO - Setting next_dagrun for read_dataset_event to 2024-10-14 00:00:00+00:00, run_after=2024-10-15 00:00:00+00:00
[2024-10-15T01:21:21.463+0000] {logging_mixin.py:190} INFO - [2024-10-15T01:21:21.462+0000] {dag.py:4180} INFO - Setting next_dagrun for read_dataset_event_from_classic to 2024-10-14 00:00:00+00:00, run_after=2024-10-15 00:00:00+00:00
[2024-10-15T01:21:21.479+0000] {processor.py:208} INFO - Processing /home/airflow/.local/lib/python3.12/site-packages/airflow/example_dags/example_inlet_event_extra.py took 0.464 seconds
[2024-10-15T01:21:51.643+0000] {processor.py:186} INFO - Started process (PID=2786) to work on /home/airflow/.local/lib/python3.12/site-packages/airflow/example_dags/example_inlet_event_extra.py
[2024-10-15T01:21:51.644+0000] {processor.py:914} INFO - Processing file /home/airflow/.local/lib/python3.12/site-packages/airflow/example_dags/example_inlet_event_extra.py for tasks to queue
[2024-10-15T01:21:51.653+0000] {logging_mixin.py:190} INFO - [2024-10-15T01:21:51.653+0000] {dagbag.py:588} INFO - Filling up the DagBag from /home/airflow/.local/lib/python3.12/site-packages/airflow/example_dags/example_inlet_event_extra.py
[2024-10-15T01:21:52.051+0000] {processor.py:925} INFO - DAG(s) 'read_dataset_event_from_classic', 'read_dataset_event' retrieved from /home/airflow/.local/lib/python3.12/site-packages/airflow/example_dags/example_inlet_event_extra.py
[2024-10-15T01:21:52.070+0000] {logging_mixin.py:190} INFO - [2024-10-15T01:21:52.069+0000] {dag.py:3239} INFO - Sync 2 DAGs
[2024-10-15T01:21:52.096+0000] {logging_mixin.py:190} INFO - [2024-10-15T01:21:52.095+0000] {dag.py:4180} INFO - Setting next_dagrun for read_dataset_event to 2024-10-14 00:00:00+00:00, run_after=2024-10-15 00:00:00+00:00
[2024-10-15T01:21:52.100+0000] {logging_mixin.py:190} INFO - [2024-10-15T01:21:52.100+0000] {dag.py:4180} INFO - Setting next_dagrun for read_dataset_event_from_classic to 2024-10-14 00:00:00+00:00, run_after=2024-10-15 00:00:00+00:00
[2024-10-15T01:21:52.119+0000] {processor.py:208} INFO - Processing /home/airflow/.local/lib/python3.12/site-packages/airflow/example_dags/example_inlet_event_extra.py took 0.483 seconds
[2024-10-15T01:22:22.358+0000] {processor.py:186} INFO - Started process (PID=2851) to work on /home/airflow/.local/lib/python3.12/site-packages/airflow/example_dags/example_inlet_event_extra.py
[2024-10-15T01:22:22.360+0000] {processor.py:914} INFO - Processing file /home/airflow/.local/lib/python3.12/site-packages/airflow/example_dags/example_inlet_event_extra.py for tasks to queue
[2024-10-15T01:22:22.361+0000] {logging_mixin.py:190} INFO - [2024-10-15T01:22:22.361+0000] {dagbag.py:588} INFO - Filling up the DagBag from /home/airflow/.local/lib/python3.12/site-packages/airflow/example_dags/example_inlet_event_extra.py
[2024-10-15T01:22:22.739+0000] {processor.py:925} INFO - DAG(s) 'read_dataset_event', 'read_dataset_event_from_classic' retrieved from /home/airflow/.local/lib/python3.12/site-packages/airflow/example_dags/example_inlet_event_extra.py
[2024-10-15T01:22:22.757+0000] {logging_mixin.py:190} INFO - [2024-10-15T01:22:22.757+0000] {dag.py:3239} INFO - Sync 2 DAGs
[2024-10-15T01:22:22.783+0000] {logging_mixin.py:190} INFO - [2024-10-15T01:22:22.783+0000] {dag.py:4180} INFO - Setting next_dagrun for read_dataset_event to 2024-10-14 00:00:00+00:00, run_after=2024-10-15 00:00:00+00:00
[2024-10-15T01:22:22.787+0000] {logging_mixin.py:190} INFO - [2024-10-15T01:22:22.787+0000] {dag.py:4180} INFO - Setting next_dagrun for read_dataset_event_from_classic to 2024-10-14 00:00:00+00:00, run_after=2024-10-15 00:00:00+00:00
[2024-10-15T01:22:22.803+0000] {processor.py:208} INFO - Processing /home/airflow/.local/lib/python3.12/site-packages/airflow/example_dags/example_inlet_event_extra.py took 0.450 seconds
[2024-10-15T01:22:53.043+0000] {processor.py:186} INFO - Started process (PID=2916) to work on /home/airflow/.local/lib/python3.12/site-packages/airflow/example_dags/example_inlet_event_extra.py
[2024-10-15T01:22:53.044+0000] {processor.py:914} INFO - Processing file /home/airflow/.local/lib/python3.12/site-packages/airflow/example_dags/example_inlet_event_extra.py for tasks to queue
[2024-10-15T01:22:53.045+0000] {logging_mixin.py:190} INFO - [2024-10-15T01:22:53.044+0000] {dagbag.py:588} INFO - Filling up the DagBag from /home/airflow/.local/lib/python3.12/site-packages/airflow/example_dags/example_inlet_event_extra.py
[2024-10-15T01:22:53.460+0000] {processor.py:925} INFO - DAG(s) 'read_dataset_event_from_classic', 'read_dataset_event' retrieved from /home/airflow/.local/lib/python3.12/site-packages/airflow/example_dags/example_inlet_event_extra.py
[2024-10-15T01:22:53.488+0000] {logging_mixin.py:190} INFO - [2024-10-15T01:22:53.487+0000] {dag.py:3239} INFO - Sync 2 DAGs
[2024-10-15T01:22:53.508+0000] {logging_mixin.py:190} INFO - [2024-10-15T01:22:53.508+0000] {dag.py:4180} INFO - Setting next_dagrun for read_dataset_event to 2024-10-14 00:00:00+00:00, run_after=2024-10-15 00:00:00+00:00
[2024-10-15T01:22:53.514+0000] {logging_mixin.py:190} INFO - [2024-10-15T01:22:53.514+0000] {dag.py:4180} INFO - Setting next_dagrun for read_dataset_event_from_classic to 2024-10-14 00:00:00+00:00, run_after=2024-10-15 00:00:00+00:00
[2024-10-15T01:22:53.529+0000] {processor.py:208} INFO - Processing /home/airflow/.local/lib/python3.12/site-packages/airflow/example_dags/example_inlet_event_extra.py took 0.494 seconds
[2024-10-15T01:23:23.928+0000] {processor.py:186} INFO - Started process (PID=2979) to work on /home/airflow/.local/lib/python3.12/site-packages/airflow/example_dags/example_inlet_event_extra.py
[2024-10-15T01:23:23.929+0000] {processor.py:914} INFO - Processing file /home/airflow/.local/lib/python3.12/site-packages/airflow/example_dags/example_inlet_event_extra.py for tasks to queue
[2024-10-15T01:23:23.931+0000] {logging_mixin.py:190} INFO - [2024-10-15T01:23:23.931+0000] {dagbag.py:588} INFO - Filling up the DagBag from /home/airflow/.local/lib/python3.12/site-packages/airflow/example_dags/example_inlet_event_extra.py
[2024-10-15T01:23:24.333+0000] {processor.py:925} INFO - DAG(s) 'read_dataset_event', 'read_dataset_event_from_classic' retrieved from /home/airflow/.local/lib/python3.12/site-packages/airflow/example_dags/example_inlet_event_extra.py
[2024-10-15T01:23:24.352+0000] {logging_mixin.py:190} INFO - [2024-10-15T01:23:24.352+0000] {dag.py:3239} INFO - Sync 2 DAGs
[2024-10-15T01:23:24.375+0000] {logging_mixin.py:190} INFO - [2024-10-15T01:23:24.374+0000] {dag.py:4180} INFO - Setting next_dagrun for read_dataset_event to 2024-10-14 00:00:00+00:00, run_after=2024-10-15 00:00:00+00:00
[2024-10-15T01:23:24.379+0000] {logging_mixin.py:190} INFO - [2024-10-15T01:23:24.379+0000] {dag.py:4180} INFO - Setting next_dagrun for read_dataset_event_from_classic to 2024-10-14 00:00:00+00:00, run_after=2024-10-15 00:00:00+00:00
[2024-10-15T01:23:24.392+0000] {processor.py:208} INFO - Processing /home/airflow/.local/lib/python3.12/site-packages/airflow/example_dags/example_inlet_event_extra.py took 0.473 seconds
