[2024-10-15T00:50:10.116+0000] {processor.py:186} INFO - Started process (PID=84) to work on /home/airflow/.local/lib/python3.12/site-packages/airflow/example_dags/example_task_group.py
[2024-10-15T00:50:10.117+0000] {processor.py:914} INFO - Processing file /home/airflow/.local/lib/python3.12/site-packages/airflow/example_dags/example_task_group.py for tasks to queue
[2024-10-15T00:50:10.120+0000] {logging_mixin.py:190} INFO - [2024-10-15T00:50:10.120+0000] {dagbag.py:588} INFO - Filling up the DagBag from /home/airflow/.local/lib/python3.12/site-packages/airflow/example_dags/example_task_group.py
[2024-10-15T00:50:10.131+0000] {processor.py:925} INFO - DAG(s) 'example_task_group' retrieved from /home/airflow/.local/lib/python3.12/site-packages/airflow/example_dags/example_task_group.py
[2024-10-15T00:50:10.377+0000] {logging_mixin.py:190} INFO - [2024-10-15T00:50:10.376+0000] {override.py:1900} INFO - Created Permission View: can edit on DAG:example_task_group
[2024-10-15T00:50:10.397+0000] {logging_mixin.py:190} INFO - [2024-10-15T00:50:10.396+0000] {override.py:1900} INFO - Created Permission View: can read on DAG:example_task_group
[2024-10-15T00:50:10.409+0000] {logging_mixin.py:190} INFO - [2024-10-15T00:50:10.409+0000] {override.py:1900} INFO - Created Permission View: can delete on DAG:example_task_group
[2024-10-15T00:50:10.426+0000] {logging_mixin.py:190} INFO - [2024-10-15T00:50:10.426+0000] {override.py:1900} INFO - Created Permission View: menu access on DAG Run:example_task_group
[2024-10-15T00:50:10.442+0000] {logging_mixin.py:190} INFO - [2024-10-15T00:50:10.441+0000] {override.py:1900} INFO - Created Permission View: can delete on DAG Run:example_task_group
[2024-10-15T00:50:10.458+0000] {logging_mixin.py:190} INFO - [2024-10-15T00:50:10.457+0000] {override.py:1900} INFO - Created Permission View: can read on DAG Run:example_task_group
[2024-10-15T00:50:10.472+0000] {logging_mixin.py:190} INFO - [2024-10-15T00:50:10.471+0000] {override.py:1900} INFO - Created Permission View: can create on DAG Run:example_task_group
[2024-10-15T00:50:10.472+0000] {logging_mixin.py:190} INFO - [2024-10-15T00:50:10.472+0000] {dag.py:3239} INFO - Sync 1 DAGs
[2024-10-15T00:50:10.500+0000] {logging_mixin.py:190} INFO - [2024-10-15T00:50:10.500+0000] {dag.py:3262} INFO - Creating ORM DAG for example_task_group
[2024-10-15T00:50:10.501+0000] {logging_mixin.py:190} INFO - [2024-10-15T00:50:10.501+0000] {dag.py:4180} INFO - Setting next_dagrun for example_task_group to None, run_after=None
[2024-10-15T00:50:10.545+0000] {processor.py:208} INFO - Processing /home/airflow/.local/lib/python3.12/site-packages/airflow/example_dags/example_task_group.py took 0.435 seconds
[2024-10-15T00:59:50.041+0000] {processor.py:186} INFO - Started process (PID=88) to work on /home/airflow/.local/lib/python3.12/site-packages/airflow/example_dags/example_task_group.py
[2024-10-15T00:59:50.056+0000] {processor.py:914} INFO - Processing file /home/airflow/.local/lib/python3.12/site-packages/airflow/example_dags/example_task_group.py for tasks to queue
[2024-10-15T00:59:50.059+0000] {logging_mixin.py:190} INFO - [2024-10-15T00:59:50.058+0000] {dagbag.py:588} INFO - Filling up the DagBag from /home/airflow/.local/lib/python3.12/site-packages/airflow/example_dags/example_task_group.py
[2024-10-15T00:59:50.091+0000] {processor.py:925} INFO - DAG(s) 'example_task_group' retrieved from /home/airflow/.local/lib/python3.12/site-packages/airflow/example_dags/example_task_group.py
[2024-10-15T00:59:50.145+0000] {logging_mixin.py:190} INFO - [2024-10-15T00:59:50.145+0000] {dag.py:3239} INFO - Sync 1 DAGs
[2024-10-15T00:59:50.176+0000] {logging_mixin.py:190} INFO - [2024-10-15T00:59:50.175+0000] {dag.py:4180} INFO - Setting next_dagrun for example_task_group to None, run_after=None
[2024-10-15T00:59:50.231+0000] {processor.py:208} INFO - Processing /home/airflow/.local/lib/python3.12/site-packages/airflow/example_dags/example_task_group.py took 0.199 seconds
[2024-10-15T01:00:20.345+0000] {processor.py:186} INFO - Started process (PID=150) to work on /home/airflow/.local/lib/python3.12/site-packages/airflow/example_dags/example_task_group.py
[2024-10-15T01:00:20.350+0000] {processor.py:914} INFO - Processing file /home/airflow/.local/lib/python3.12/site-packages/airflow/example_dags/example_task_group.py for tasks to queue
[2024-10-15T01:00:20.353+0000] {logging_mixin.py:190} INFO - [2024-10-15T01:00:20.353+0000] {dagbag.py:588} INFO - Filling up the DagBag from /home/airflow/.local/lib/python3.12/site-packages/airflow/example_dags/example_task_group.py
[2024-10-15T01:00:20.383+0000] {processor.py:925} INFO - DAG(s) 'example_task_group' retrieved from /home/airflow/.local/lib/python3.12/site-packages/airflow/example_dags/example_task_group.py
[2024-10-15T01:00:20.477+0000] {logging_mixin.py:190} INFO - [2024-10-15T01:00:20.477+0000] {dag.py:3239} INFO - Sync 1 DAGs
[2024-10-15T01:00:20.508+0000] {logging_mixin.py:190} INFO - [2024-10-15T01:00:20.507+0000] {dag.py:4180} INFO - Setting next_dagrun for example_task_group to None, run_after=None
[2024-10-15T01:00:20.551+0000] {processor.py:208} INFO - Processing /home/airflow/.local/lib/python3.12/site-packages/airflow/example_dags/example_task_group.py took 0.214 seconds
[2024-10-15T01:00:51.105+0000] {processor.py:186} INFO - Started process (PID=212) to work on /home/airflow/.local/lib/python3.12/site-packages/airflow/example_dags/example_task_group.py
[2024-10-15T01:00:51.109+0000] {processor.py:914} INFO - Processing file /home/airflow/.local/lib/python3.12/site-packages/airflow/example_dags/example_task_group.py for tasks to queue
[2024-10-15T01:00:51.111+0000] {logging_mixin.py:190} INFO - [2024-10-15T01:00:51.111+0000] {dagbag.py:588} INFO - Filling up the DagBag from /home/airflow/.local/lib/python3.12/site-packages/airflow/example_dags/example_task_group.py
[2024-10-15T01:00:51.150+0000] {processor.py:925} INFO - DAG(s) 'example_task_group' retrieved from /home/airflow/.local/lib/python3.12/site-packages/airflow/example_dags/example_task_group.py
[2024-10-15T01:00:51.236+0000] {logging_mixin.py:190} INFO - [2024-10-15T01:00:51.235+0000] {dag.py:3239} INFO - Sync 1 DAGs
[2024-10-15T01:00:51.297+0000] {logging_mixin.py:190} INFO - [2024-10-15T01:00:51.293+0000] {dag.py:4180} INFO - Setting next_dagrun for example_task_group to None, run_after=None
[2024-10-15T01:00:51.398+0000] {processor.py:208} INFO - Processing /home/airflow/.local/lib/python3.12/site-packages/airflow/example_dags/example_task_group.py took 0.297 seconds
[2024-10-15T01:01:21.659+0000] {processor.py:186} INFO - Started process (PID=273) to work on /home/airflow/.local/lib/python3.12/site-packages/airflow/example_dags/example_task_group.py
[2024-10-15T01:01:21.661+0000] {processor.py:914} INFO - Processing file /home/airflow/.local/lib/python3.12/site-packages/airflow/example_dags/example_task_group.py for tasks to queue
[2024-10-15T01:01:21.663+0000] {logging_mixin.py:190} INFO - [2024-10-15T01:01:21.662+0000] {dagbag.py:588} INFO - Filling up the DagBag from /home/airflow/.local/lib/python3.12/site-packages/airflow/example_dags/example_task_group.py
[2024-10-15T01:01:21.672+0000] {processor.py:925} INFO - DAG(s) 'example_task_group' retrieved from /home/airflow/.local/lib/python3.12/site-packages/airflow/example_dags/example_task_group.py
[2024-10-15T01:01:21.694+0000] {logging_mixin.py:190} INFO - [2024-10-15T01:01:21.694+0000] {dag.py:3239} INFO - Sync 1 DAGs
[2024-10-15T01:01:21.709+0000] {logging_mixin.py:190} INFO - [2024-10-15T01:01:21.708+0000] {dag.py:4180} INFO - Setting next_dagrun for example_task_group to None, run_after=None
[2024-10-15T01:01:21.727+0000] {processor.py:208} INFO - Processing /home/airflow/.local/lib/python3.12/site-packages/airflow/example_dags/example_task_group.py took 0.075 seconds
[2024-10-15T01:01:52.633+0000] {processor.py:186} INFO - Started process (PID=335) to work on /home/airflow/.local/lib/python3.12/site-packages/airflow/example_dags/example_task_group.py
[2024-10-15T01:01:52.634+0000] {processor.py:914} INFO - Processing file /home/airflow/.local/lib/python3.12/site-packages/airflow/example_dags/example_task_group.py for tasks to queue
[2024-10-15T01:01:52.636+0000] {logging_mixin.py:190} INFO - [2024-10-15T01:01:52.635+0000] {dagbag.py:588} INFO - Filling up the DagBag from /home/airflow/.local/lib/python3.12/site-packages/airflow/example_dags/example_task_group.py
[2024-10-15T01:01:52.646+0000] {processor.py:925} INFO - DAG(s) 'example_task_group' retrieved from /home/airflow/.local/lib/python3.12/site-packages/airflow/example_dags/example_task_group.py
[2024-10-15T01:01:52.668+0000] {logging_mixin.py:190} INFO - [2024-10-15T01:01:52.668+0000] {dag.py:3239} INFO - Sync 1 DAGs
[2024-10-15T01:01:52.683+0000] {logging_mixin.py:190} INFO - [2024-10-15T01:01:52.682+0000] {dag.py:4180} INFO - Setting next_dagrun for example_task_group to None, run_after=None
[2024-10-15T01:01:52.702+0000] {processor.py:208} INFO - Processing /home/airflow/.local/lib/python3.12/site-packages/airflow/example_dags/example_task_group.py took 0.079 seconds
[2024-10-15T01:02:23.667+0000] {processor.py:186} INFO - Started process (PID=396) to work on /home/airflow/.local/lib/python3.12/site-packages/airflow/example_dags/example_task_group.py
[2024-10-15T01:02:23.674+0000] {processor.py:914} INFO - Processing file /home/airflow/.local/lib/python3.12/site-packages/airflow/example_dags/example_task_group.py for tasks to queue
[2024-10-15T01:02:23.676+0000] {logging_mixin.py:190} INFO - [2024-10-15T01:02:23.676+0000] {dagbag.py:588} INFO - Filling up the DagBag from /home/airflow/.local/lib/python3.12/site-packages/airflow/example_dags/example_task_group.py
[2024-10-15T01:02:23.684+0000] {processor.py:925} INFO - DAG(s) 'example_task_group' retrieved from /home/airflow/.local/lib/python3.12/site-packages/airflow/example_dags/example_task_group.py
[2024-10-15T01:02:23.704+0000] {logging_mixin.py:190} INFO - [2024-10-15T01:02:23.704+0000] {dag.py:3239} INFO - Sync 1 DAGs
[2024-10-15T01:02:23.720+0000] {logging_mixin.py:190} INFO - [2024-10-15T01:02:23.719+0000] {dag.py:4180} INFO - Setting next_dagrun for example_task_group to None, run_after=None
[2024-10-15T01:02:23.743+0000] {processor.py:208} INFO - Processing /home/airflow/.local/lib/python3.12/site-packages/airflow/example_dags/example_task_group.py took 0.093 seconds
[2024-10-15T01:02:54.964+0000] {processor.py:186} INFO - Started process (PID=458) to work on /home/airflow/.local/lib/python3.12/site-packages/airflow/example_dags/example_task_group.py
[2024-10-15T01:02:54.975+0000] {processor.py:914} INFO - Processing file /home/airflow/.local/lib/python3.12/site-packages/airflow/example_dags/example_task_group.py for tasks to queue
[2024-10-15T01:02:54.978+0000] {logging_mixin.py:190} INFO - [2024-10-15T01:02:54.978+0000] {dagbag.py:588} INFO - Filling up the DagBag from /home/airflow/.local/lib/python3.12/site-packages/airflow/example_dags/example_task_group.py
[2024-10-15T01:02:54.996+0000] {processor.py:925} INFO - DAG(s) 'example_task_group' retrieved from /home/airflow/.local/lib/python3.12/site-packages/airflow/example_dags/example_task_group.py
[2024-10-15T01:02:55.044+0000] {logging_mixin.py:190} INFO - [2024-10-15T01:02:55.044+0000] {dag.py:3239} INFO - Sync 1 DAGs
[2024-10-15T01:02:55.068+0000] {logging_mixin.py:190} INFO - [2024-10-15T01:02:55.068+0000] {dag.py:4180} INFO - Setting next_dagrun for example_task_group to None, run_after=None
[2024-10-15T01:02:55.109+0000] {processor.py:208} INFO - Processing /home/airflow/.local/lib/python3.12/site-packages/airflow/example_dags/example_task_group.py took 0.158 seconds
[2024-10-15T01:03:25.398+0000] {processor.py:186} INFO - Started process (PID=520) to work on /home/airflow/.local/lib/python3.12/site-packages/airflow/example_dags/example_task_group.py
[2024-10-15T01:03:25.398+0000] {processor.py:914} INFO - Processing file /home/airflow/.local/lib/python3.12/site-packages/airflow/example_dags/example_task_group.py for tasks to queue
[2024-10-15T01:03:25.400+0000] {logging_mixin.py:190} INFO - [2024-10-15T01:03:25.400+0000] {dagbag.py:588} INFO - Filling up the DagBag from /home/airflow/.local/lib/python3.12/site-packages/airflow/example_dags/example_task_group.py
[2024-10-15T01:03:25.410+0000] {processor.py:925} INFO - DAG(s) 'example_task_group' retrieved from /home/airflow/.local/lib/python3.12/site-packages/airflow/example_dags/example_task_group.py
[2024-10-15T01:03:25.433+0000] {logging_mixin.py:190} INFO - [2024-10-15T01:03:25.433+0000] {dag.py:3239} INFO - Sync 1 DAGs
[2024-10-15T01:03:25.450+0000] {logging_mixin.py:190} INFO - [2024-10-15T01:03:25.450+0000] {dag.py:4180} INFO - Setting next_dagrun for example_task_group to None, run_after=None
[2024-10-15T01:03:25.468+0000] {processor.py:208} INFO - Processing /home/airflow/.local/lib/python3.12/site-packages/airflow/example_dags/example_task_group.py took 0.079 seconds
[2024-10-15T01:03:56.072+0000] {processor.py:186} INFO - Started process (PID=582) to work on /home/airflow/.local/lib/python3.12/site-packages/airflow/example_dags/example_task_group.py
[2024-10-15T01:03:56.072+0000] {processor.py:914} INFO - Processing file /home/airflow/.local/lib/python3.12/site-packages/airflow/example_dags/example_task_group.py for tasks to queue
[2024-10-15T01:03:56.075+0000] {logging_mixin.py:190} INFO - [2024-10-15T01:03:56.075+0000] {dagbag.py:588} INFO - Filling up the DagBag from /home/airflow/.local/lib/python3.12/site-packages/airflow/example_dags/example_task_group.py
[2024-10-15T01:03:56.088+0000] {processor.py:925} INFO - DAG(s) 'example_task_group' retrieved from /home/airflow/.local/lib/python3.12/site-packages/airflow/example_dags/example_task_group.py
[2024-10-15T01:03:56.114+0000] {logging_mixin.py:190} INFO - [2024-10-15T01:03:56.113+0000] {dag.py:3239} INFO - Sync 1 DAGs
[2024-10-15T01:03:56.130+0000] {logging_mixin.py:190} INFO - [2024-10-15T01:03:56.128+0000] {dag.py:4180} INFO - Setting next_dagrun for example_task_group to None, run_after=None
[2024-10-15T01:03:56.147+0000] {processor.py:208} INFO - Processing /home/airflow/.local/lib/python3.12/site-packages/airflow/example_dags/example_task_group.py took 0.080 seconds
[2024-10-15T01:04:26.440+0000] {processor.py:186} INFO - Started process (PID=644) to work on /home/airflow/.local/lib/python3.12/site-packages/airflow/example_dags/example_task_group.py
[2024-10-15T01:04:26.443+0000] {processor.py:914} INFO - Processing file /home/airflow/.local/lib/python3.12/site-packages/airflow/example_dags/example_task_group.py for tasks to queue
[2024-10-15T01:04:26.445+0000] {logging_mixin.py:190} INFO - [2024-10-15T01:04:26.444+0000] {dagbag.py:588} INFO - Filling up the DagBag from /home/airflow/.local/lib/python3.12/site-packages/airflow/example_dags/example_task_group.py
[2024-10-15T01:04:26.455+0000] {processor.py:925} INFO - DAG(s) 'example_task_group' retrieved from /home/airflow/.local/lib/python3.12/site-packages/airflow/example_dags/example_task_group.py
[2024-10-15T01:04:26.476+0000] {logging_mixin.py:190} INFO - [2024-10-15T01:04:26.476+0000] {dag.py:3239} INFO - Sync 1 DAGs
[2024-10-15T01:04:26.496+0000] {logging_mixin.py:190} INFO - [2024-10-15T01:04:26.496+0000] {dag.py:4180} INFO - Setting next_dagrun for example_task_group to None, run_after=None
[2024-10-15T01:04:26.515+0000] {processor.py:208} INFO - Processing /home/airflow/.local/lib/python3.12/site-packages/airflow/example_dags/example_task_group.py took 0.080 seconds
[2024-10-15T01:04:56.821+0000] {processor.py:186} INFO - Started process (PID=706) to work on /home/airflow/.local/lib/python3.12/site-packages/airflow/example_dags/example_task_group.py
[2024-10-15T01:04:56.821+0000] {processor.py:914} INFO - Processing file /home/airflow/.local/lib/python3.12/site-packages/airflow/example_dags/example_task_group.py for tasks to queue
[2024-10-15T01:04:56.823+0000] {logging_mixin.py:190} INFO - [2024-10-15T01:04:56.823+0000] {dagbag.py:588} INFO - Filling up the DagBag from /home/airflow/.local/lib/python3.12/site-packages/airflow/example_dags/example_task_group.py
[2024-10-15T01:04:56.832+0000] {processor.py:925} INFO - DAG(s) 'example_task_group' retrieved from /home/airflow/.local/lib/python3.12/site-packages/airflow/example_dags/example_task_group.py
[2024-10-15T01:04:56.861+0000] {logging_mixin.py:190} INFO - [2024-10-15T01:04:56.860+0000] {dag.py:3239} INFO - Sync 1 DAGs
[2024-10-15T01:04:56.882+0000] {logging_mixin.py:190} INFO - [2024-10-15T01:04:56.881+0000] {dag.py:4180} INFO - Setting next_dagrun for example_task_group to None, run_after=None
[2024-10-15T01:04:56.912+0000] {processor.py:208} INFO - Processing /home/airflow/.local/lib/python3.12/site-packages/airflow/example_dags/example_task_group.py took 0.097 seconds
[2024-10-15T01:05:27.221+0000] {processor.py:186} INFO - Started process (PID=767) to work on /home/airflow/.local/lib/python3.12/site-packages/airflow/example_dags/example_task_group.py
[2024-10-15T01:05:27.224+0000] {processor.py:914} INFO - Processing file /home/airflow/.local/lib/python3.12/site-packages/airflow/example_dags/example_task_group.py for tasks to queue
[2024-10-15T01:05:27.227+0000] {logging_mixin.py:190} INFO - [2024-10-15T01:05:27.227+0000] {dagbag.py:588} INFO - Filling up the DagBag from /home/airflow/.local/lib/python3.12/site-packages/airflow/example_dags/example_task_group.py
[2024-10-15T01:05:27.237+0000] {processor.py:925} INFO - DAG(s) 'example_task_group' retrieved from /home/airflow/.local/lib/python3.12/site-packages/airflow/example_dags/example_task_group.py
[2024-10-15T01:05:27.264+0000] {logging_mixin.py:190} INFO - [2024-10-15T01:05:27.264+0000] {dag.py:3239} INFO - Sync 1 DAGs
[2024-10-15T01:05:27.280+0000] {logging_mixin.py:190} INFO - [2024-10-15T01:05:27.280+0000] {dag.py:4180} INFO - Setting next_dagrun for example_task_group to None, run_after=None
[2024-10-15T01:05:27.301+0000] {processor.py:208} INFO - Processing /home/airflow/.local/lib/python3.12/site-packages/airflow/example_dags/example_task_group.py took 0.088 seconds
[2024-10-15T01:05:57.983+0000] {processor.py:186} INFO - Started process (PID=831) to work on /home/airflow/.local/lib/python3.12/site-packages/airflow/example_dags/example_task_group.py
[2024-10-15T01:05:57.984+0000] {processor.py:914} INFO - Processing file /home/airflow/.local/lib/python3.12/site-packages/airflow/example_dags/example_task_group.py for tasks to queue
[2024-10-15T01:05:57.987+0000] {logging_mixin.py:190} INFO - [2024-10-15T01:05:57.987+0000] {dagbag.py:588} INFO - Filling up the DagBag from /home/airflow/.local/lib/python3.12/site-packages/airflow/example_dags/example_task_group.py
[2024-10-15T01:05:57.995+0000] {processor.py:925} INFO - DAG(s) 'example_task_group' retrieved from /home/airflow/.local/lib/python3.12/site-packages/airflow/example_dags/example_task_group.py
[2024-10-15T01:05:58.020+0000] {logging_mixin.py:190} INFO - [2024-10-15T01:05:58.020+0000] {dag.py:3239} INFO - Sync 1 DAGs
[2024-10-15T01:05:58.036+0000] {logging_mixin.py:190} INFO - [2024-10-15T01:05:58.035+0000] {dag.py:4180} INFO - Setting next_dagrun for example_task_group to None, run_after=None
[2024-10-15T01:05:58.054+0000] {processor.py:208} INFO - Processing /home/airflow/.local/lib/python3.12/site-packages/airflow/example_dags/example_task_group.py took 0.080 seconds
[2024-10-15T01:06:28.828+0000] {processor.py:186} INFO - Started process (PID=893) to work on /home/airflow/.local/lib/python3.12/site-packages/airflow/example_dags/example_task_group.py
[2024-10-15T01:06:28.831+0000] {processor.py:914} INFO - Processing file /home/airflow/.local/lib/python3.12/site-packages/airflow/example_dags/example_task_group.py for tasks to queue
[2024-10-15T01:06:28.835+0000] {logging_mixin.py:190} INFO - [2024-10-15T01:06:28.833+0000] {dagbag.py:588} INFO - Filling up the DagBag from /home/airflow/.local/lib/python3.12/site-packages/airflow/example_dags/example_task_group.py
[2024-10-15T01:06:28.846+0000] {processor.py:925} INFO - DAG(s) 'example_task_group' retrieved from /home/airflow/.local/lib/python3.12/site-packages/airflow/example_dags/example_task_group.py
[2024-10-15T01:06:28.876+0000] {logging_mixin.py:190} INFO - [2024-10-15T01:06:28.876+0000] {dag.py:3239} INFO - Sync 1 DAGs
[2024-10-15T01:06:28.899+0000] {logging_mixin.py:190} INFO - [2024-10-15T01:06:28.898+0000] {dag.py:4180} INFO - Setting next_dagrun for example_task_group to None, run_after=None
[2024-10-15T01:06:28.918+0000] {processor.py:208} INFO - Processing /home/airflow/.local/lib/python3.12/site-packages/airflow/example_dags/example_task_group.py took 0.096 seconds
[2024-10-15T01:06:59.884+0000] {processor.py:186} INFO - Started process (PID=955) to work on /home/airflow/.local/lib/python3.12/site-packages/airflow/example_dags/example_task_group.py
[2024-10-15T01:06:59.884+0000] {processor.py:914} INFO - Processing file /home/airflow/.local/lib/python3.12/site-packages/airflow/example_dags/example_task_group.py for tasks to queue
[2024-10-15T01:06:59.890+0000] {logging_mixin.py:190} INFO - [2024-10-15T01:06:59.887+0000] {dagbag.py:588} INFO - Filling up the DagBag from /home/airflow/.local/lib/python3.12/site-packages/airflow/example_dags/example_task_group.py
[2024-10-15T01:06:59.902+0000] {processor.py:925} INFO - DAG(s) 'example_task_group' retrieved from /home/airflow/.local/lib/python3.12/site-packages/airflow/example_dags/example_task_group.py
[2024-10-15T01:06:59.936+0000] {logging_mixin.py:190} INFO - [2024-10-15T01:06:59.936+0000] {dag.py:3239} INFO - Sync 1 DAGs
[2024-10-15T01:06:59.951+0000] {logging_mixin.py:190} INFO - [2024-10-15T01:06:59.950+0000] {dag.py:4180} INFO - Setting next_dagrun for example_task_group to None, run_after=None
[2024-10-15T01:06:59.971+0000] {processor.py:208} INFO - Processing /home/airflow/.local/lib/python3.12/site-packages/airflow/example_dags/example_task_group.py took 0.092 seconds
[2024-10-15T01:07:30.985+0000] {processor.py:186} INFO - Started process (PID=1018) to work on /home/airflow/.local/lib/python3.12/site-packages/airflow/example_dags/example_task_group.py
[2024-10-15T01:07:30.987+0000] {processor.py:914} INFO - Processing file /home/airflow/.local/lib/python3.12/site-packages/airflow/example_dags/example_task_group.py for tasks to queue
[2024-10-15T01:07:30.989+0000] {logging_mixin.py:190} INFO - [2024-10-15T01:07:30.989+0000] {dagbag.py:588} INFO - Filling up the DagBag from /home/airflow/.local/lib/python3.12/site-packages/airflow/example_dags/example_task_group.py
[2024-10-15T01:07:30.998+0000] {processor.py:925} INFO - DAG(s) 'example_task_group' retrieved from /home/airflow/.local/lib/python3.12/site-packages/airflow/example_dags/example_task_group.py
[2024-10-15T01:07:31.020+0000] {logging_mixin.py:190} INFO - [2024-10-15T01:07:31.020+0000] {dag.py:3239} INFO - Sync 1 DAGs
[2024-10-15T01:07:31.034+0000] {logging_mixin.py:190} INFO - [2024-10-15T01:07:31.034+0000] {dag.py:4180} INFO - Setting next_dagrun for example_task_group to None, run_after=None
[2024-10-15T01:07:31.053+0000] {processor.py:208} INFO - Processing /home/airflow/.local/lib/python3.12/site-packages/airflow/example_dags/example_task_group.py took 0.074 seconds
[2024-10-15T01:08:01.498+0000] {processor.py:186} INFO - Started process (PID=1080) to work on /home/airflow/.local/lib/python3.12/site-packages/airflow/example_dags/example_task_group.py
[2024-10-15T01:08:01.498+0000] {processor.py:914} INFO - Processing file /home/airflow/.local/lib/python3.12/site-packages/airflow/example_dags/example_task_group.py for tasks to queue
[2024-10-15T01:08:01.500+0000] {logging_mixin.py:190} INFO - [2024-10-15T01:08:01.500+0000] {dagbag.py:588} INFO - Filling up the DagBag from /home/airflow/.local/lib/python3.12/site-packages/airflow/example_dags/example_task_group.py
[2024-10-15T01:08:01.510+0000] {processor.py:925} INFO - DAG(s) 'example_task_group' retrieved from /home/airflow/.local/lib/python3.12/site-packages/airflow/example_dags/example_task_group.py
[2024-10-15T01:08:01.531+0000] {logging_mixin.py:190} INFO - [2024-10-15T01:08:01.531+0000] {dag.py:3239} INFO - Sync 1 DAGs
[2024-10-15T01:08:01.549+0000] {logging_mixin.py:190} INFO - [2024-10-15T01:08:01.548+0000] {dag.py:4180} INFO - Setting next_dagrun for example_task_group to None, run_after=None
[2024-10-15T01:08:01.576+0000] {processor.py:208} INFO - Processing /home/airflow/.local/lib/python3.12/site-packages/airflow/example_dags/example_task_group.py took 0.084 seconds
[2024-10-15T01:08:32.512+0000] {processor.py:186} INFO - Started process (PID=1142) to work on /home/airflow/.local/lib/python3.12/site-packages/airflow/example_dags/example_task_group.py
[2024-10-15T01:08:32.514+0000] {processor.py:914} INFO - Processing file /home/airflow/.local/lib/python3.12/site-packages/airflow/example_dags/example_task_group.py for tasks to queue
[2024-10-15T01:08:32.518+0000] {logging_mixin.py:190} INFO - [2024-10-15T01:08:32.517+0000] {dagbag.py:588} INFO - Filling up the DagBag from /home/airflow/.local/lib/python3.12/site-packages/airflow/example_dags/example_task_group.py
[2024-10-15T01:08:32.534+0000] {processor.py:925} INFO - DAG(s) 'example_task_group' retrieved from /home/airflow/.local/lib/python3.12/site-packages/airflow/example_dags/example_task_group.py
[2024-10-15T01:08:32.579+0000] {logging_mixin.py:190} INFO - [2024-10-15T01:08:32.576+0000] {dag.py:3239} INFO - Sync 1 DAGs
[2024-10-15T01:08:32.614+0000] {logging_mixin.py:190} INFO - [2024-10-15T01:08:32.614+0000] {dag.py:4180} INFO - Setting next_dagrun for example_task_group to None, run_after=None
[2024-10-15T01:08:32.654+0000] {processor.py:208} INFO - Processing /home/airflow/.local/lib/python3.12/site-packages/airflow/example_dags/example_task_group.py took 0.149 seconds
[2024-10-15T01:09:03.729+0000] {processor.py:186} INFO - Started process (PID=1204) to work on /home/airflow/.local/lib/python3.12/site-packages/airflow/example_dags/example_task_group.py
[2024-10-15T01:09:03.731+0000] {processor.py:914} INFO - Processing file /home/airflow/.local/lib/python3.12/site-packages/airflow/example_dags/example_task_group.py for tasks to queue
[2024-10-15T01:09:03.735+0000] {logging_mixin.py:190} INFO - [2024-10-15T01:09:03.735+0000] {dagbag.py:588} INFO - Filling up the DagBag from /home/airflow/.local/lib/python3.12/site-packages/airflow/example_dags/example_task_group.py
[2024-10-15T01:09:03.750+0000] {processor.py:925} INFO - DAG(s) 'example_task_group' retrieved from /home/airflow/.local/lib/python3.12/site-packages/airflow/example_dags/example_task_group.py
[2024-10-15T01:09:03.785+0000] {logging_mixin.py:190} INFO - [2024-10-15T01:09:03.785+0000] {dag.py:3239} INFO - Sync 1 DAGs
[2024-10-15T01:09:03.810+0000] {logging_mixin.py:190} INFO - [2024-10-15T01:09:03.810+0000] {dag.py:4180} INFO - Setting next_dagrun for example_task_group to None, run_after=None
[2024-10-15T01:09:03.828+0000] {processor.py:208} INFO - Processing /home/airflow/.local/lib/python3.12/site-packages/airflow/example_dags/example_task_group.py took 0.108 seconds
[2024-10-15T01:09:34.692+0000] {processor.py:186} INFO - Started process (PID=1266) to work on /home/airflow/.local/lib/python3.12/site-packages/airflow/example_dags/example_task_group.py
[2024-10-15T01:09:34.694+0000] {processor.py:914} INFO - Processing file /home/airflow/.local/lib/python3.12/site-packages/airflow/example_dags/example_task_group.py for tasks to queue
[2024-10-15T01:09:34.696+0000] {logging_mixin.py:190} INFO - [2024-10-15T01:09:34.695+0000] {dagbag.py:588} INFO - Filling up the DagBag from /home/airflow/.local/lib/python3.12/site-packages/airflow/example_dags/example_task_group.py
[2024-10-15T01:09:34.704+0000] {processor.py:925} INFO - DAG(s) 'example_task_group' retrieved from /home/airflow/.local/lib/python3.12/site-packages/airflow/example_dags/example_task_group.py
[2024-10-15T01:09:34.726+0000] {logging_mixin.py:190} INFO - [2024-10-15T01:09:34.726+0000] {dag.py:3239} INFO - Sync 1 DAGs
[2024-10-15T01:09:34.740+0000] {logging_mixin.py:190} INFO - [2024-10-15T01:09:34.739+0000] {dag.py:4180} INFO - Setting next_dagrun for example_task_group to None, run_after=None
[2024-10-15T01:09:34.759+0000] {processor.py:208} INFO - Processing /home/airflow/.local/lib/python3.12/site-packages/airflow/example_dags/example_task_group.py took 0.073 seconds
[2024-10-15T01:10:05.327+0000] {processor.py:186} INFO - Started process (PID=1330) to work on /home/airflow/.local/lib/python3.12/site-packages/airflow/example_dags/example_task_group.py
[2024-10-15T01:10:05.327+0000] {processor.py:914} INFO - Processing file /home/airflow/.local/lib/python3.12/site-packages/airflow/example_dags/example_task_group.py for tasks to queue
[2024-10-15T01:10:05.328+0000] {logging_mixin.py:190} INFO - [2024-10-15T01:10:05.328+0000] {dagbag.py:588} INFO - Filling up the DagBag from /home/airflow/.local/lib/python3.12/site-packages/airflow/example_dags/example_task_group.py
[2024-10-15T01:10:05.339+0000] {processor.py:925} INFO - DAG(s) 'example_task_group' retrieved from /home/airflow/.local/lib/python3.12/site-packages/airflow/example_dags/example_task_group.py
[2024-10-15T01:10:05.363+0000] {logging_mixin.py:190} INFO - [2024-10-15T01:10:05.363+0000] {dag.py:3239} INFO - Sync 1 DAGs
[2024-10-15T01:10:05.379+0000] {logging_mixin.py:190} INFO - [2024-10-15T01:10:05.379+0000] {dag.py:4180} INFO - Setting next_dagrun for example_task_group to None, run_after=None
[2024-10-15T01:10:05.403+0000] {processor.py:208} INFO - Processing /home/airflow/.local/lib/python3.12/site-packages/airflow/example_dags/example_task_group.py took 0.082 seconds
[2024-10-15T01:10:36.226+0000] {processor.py:186} INFO - Started process (PID=1392) to work on /home/airflow/.local/lib/python3.12/site-packages/airflow/example_dags/example_task_group.py
[2024-10-15T01:10:36.227+0000] {processor.py:914} INFO - Processing file /home/airflow/.local/lib/python3.12/site-packages/airflow/example_dags/example_task_group.py for tasks to queue
[2024-10-15T01:10:36.228+0000] {logging_mixin.py:190} INFO - [2024-10-15T01:10:36.228+0000] {dagbag.py:588} INFO - Filling up the DagBag from /home/airflow/.local/lib/python3.12/site-packages/airflow/example_dags/example_task_group.py
[2024-10-15T01:10:36.235+0000] {processor.py:925} INFO - DAG(s) 'example_task_group' retrieved from /home/airflow/.local/lib/python3.12/site-packages/airflow/example_dags/example_task_group.py
[2024-10-15T01:10:36.258+0000] {logging_mixin.py:190} INFO - [2024-10-15T01:10:36.257+0000] {dag.py:3239} INFO - Sync 1 DAGs
[2024-10-15T01:10:36.274+0000] {logging_mixin.py:190} INFO - [2024-10-15T01:10:36.274+0000] {dag.py:4180} INFO - Setting next_dagrun for example_task_group to None, run_after=None
[2024-10-15T01:10:36.303+0000] {processor.py:208} INFO - Processing /home/airflow/.local/lib/python3.12/site-packages/airflow/example_dags/example_task_group.py took 0.082 seconds
[2024-10-15T01:11:06.692+0000] {processor.py:186} INFO - Started process (PID=1455) to work on /home/airflow/.local/lib/python3.12/site-packages/airflow/example_dags/example_task_group.py
[2024-10-15T01:11:06.695+0000] {processor.py:914} INFO - Processing file /home/airflow/.local/lib/python3.12/site-packages/airflow/example_dags/example_task_group.py for tasks to queue
[2024-10-15T01:11:06.696+0000] {logging_mixin.py:190} INFO - [2024-10-15T01:11:06.695+0000] {dagbag.py:588} INFO - Filling up the DagBag from /home/airflow/.local/lib/python3.12/site-packages/airflow/example_dags/example_task_group.py
[2024-10-15T01:11:06.705+0000] {processor.py:925} INFO - DAG(s) 'example_task_group' retrieved from /home/airflow/.local/lib/python3.12/site-packages/airflow/example_dags/example_task_group.py
[2024-10-15T01:11:06.732+0000] {logging_mixin.py:190} INFO - [2024-10-15T01:11:06.732+0000] {dag.py:3239} INFO - Sync 1 DAGs
[2024-10-15T01:11:06.748+0000] {logging_mixin.py:190} INFO - [2024-10-15T01:11:06.748+0000] {dag.py:4180} INFO - Setting next_dagrun for example_task_group to None, run_after=None
[2024-10-15T01:11:06.769+0000] {processor.py:208} INFO - Processing /home/airflow/.local/lib/python3.12/site-packages/airflow/example_dags/example_task_group.py took 0.083 seconds
[2024-10-15T01:11:37.102+0000] {processor.py:186} INFO - Started process (PID=1518) to work on /home/airflow/.local/lib/python3.12/site-packages/airflow/example_dags/example_task_group.py
[2024-10-15T01:11:37.103+0000] {processor.py:914} INFO - Processing file /home/airflow/.local/lib/python3.12/site-packages/airflow/example_dags/example_task_group.py for tasks to queue
[2024-10-15T01:11:37.104+0000] {logging_mixin.py:190} INFO - [2024-10-15T01:11:37.104+0000] {dagbag.py:588} INFO - Filling up the DagBag from /home/airflow/.local/lib/python3.12/site-packages/airflow/example_dags/example_task_group.py
[2024-10-15T01:11:37.114+0000] {processor.py:925} INFO - DAG(s) 'example_task_group' retrieved from /home/airflow/.local/lib/python3.12/site-packages/airflow/example_dags/example_task_group.py
[2024-10-15T01:11:37.138+0000] {logging_mixin.py:190} INFO - [2024-10-15T01:11:37.138+0000] {dag.py:3239} INFO - Sync 1 DAGs
[2024-10-15T01:11:37.152+0000] {logging_mixin.py:190} INFO - [2024-10-15T01:11:37.152+0000] {dag.py:4180} INFO - Setting next_dagrun for example_task_group to None, run_after=None
[2024-10-15T01:11:37.169+0000] {processor.py:208} INFO - Processing /home/airflow/.local/lib/python3.12/site-packages/airflow/example_dags/example_task_group.py took 0.073 seconds
[2024-10-15T01:12:08.136+0000] {processor.py:186} INFO - Started process (PID=1581) to work on /home/airflow/.local/lib/python3.12/site-packages/airflow/example_dags/example_task_group.py
[2024-10-15T01:12:08.137+0000] {processor.py:914} INFO - Processing file /home/airflow/.local/lib/python3.12/site-packages/airflow/example_dags/example_task_group.py for tasks to queue
[2024-10-15T01:12:08.138+0000] {logging_mixin.py:190} INFO - [2024-10-15T01:12:08.138+0000] {dagbag.py:588} INFO - Filling up the DagBag from /home/airflow/.local/lib/python3.12/site-packages/airflow/example_dags/example_task_group.py
[2024-10-15T01:12:08.147+0000] {processor.py:925} INFO - DAG(s) 'example_task_group' retrieved from /home/airflow/.local/lib/python3.12/site-packages/airflow/example_dags/example_task_group.py
[2024-10-15T01:12:08.170+0000] {logging_mixin.py:190} INFO - [2024-10-15T01:12:08.170+0000] {dag.py:3239} INFO - Sync 1 DAGs
[2024-10-15T01:12:08.186+0000] {logging_mixin.py:190} INFO - [2024-10-15T01:12:08.184+0000] {dag.py:4180} INFO - Setting next_dagrun for example_task_group to None, run_after=None
[2024-10-15T01:12:08.204+0000] {processor.py:208} INFO - Processing /home/airflow/.local/lib/python3.12/site-packages/airflow/example_dags/example_task_group.py took 0.074 seconds
[2024-10-15T01:12:38.832+0000] {processor.py:186} INFO - Started process (PID=1645) to work on /home/airflow/.local/lib/python3.12/site-packages/airflow/example_dags/example_task_group.py
[2024-10-15T01:12:38.835+0000] {processor.py:914} INFO - Processing file /home/airflow/.local/lib/python3.12/site-packages/airflow/example_dags/example_task_group.py for tasks to queue
[2024-10-15T01:12:38.835+0000] {logging_mixin.py:190} INFO - [2024-10-15T01:12:38.835+0000] {dagbag.py:588} INFO - Filling up the DagBag from /home/airflow/.local/lib/python3.12/site-packages/airflow/example_dags/example_task_group.py
[2024-10-15T01:12:38.844+0000] {processor.py:925} INFO - DAG(s) 'example_task_group' retrieved from /home/airflow/.local/lib/python3.12/site-packages/airflow/example_dags/example_task_group.py
[2024-10-15T01:12:38.864+0000] {logging_mixin.py:190} INFO - [2024-10-15T01:12:38.864+0000] {dag.py:3239} INFO - Sync 1 DAGs
[2024-10-15T01:12:38.883+0000] {logging_mixin.py:190} INFO - [2024-10-15T01:12:38.882+0000] {dag.py:4180} INFO - Setting next_dagrun for example_task_group to None, run_after=None
[2024-10-15T01:12:38.900+0000] {processor.py:208} INFO - Processing /home/airflow/.local/lib/python3.12/site-packages/airflow/example_dags/example_task_group.py took 0.073 seconds
[2024-10-15T01:13:09.642+0000] {processor.py:186} INFO - Started process (PID=1710) to work on /home/airflow/.local/lib/python3.12/site-packages/airflow/example_dags/example_task_group.py
[2024-10-15T01:13:09.644+0000] {processor.py:914} INFO - Processing file /home/airflow/.local/lib/python3.12/site-packages/airflow/example_dags/example_task_group.py for tasks to queue
[2024-10-15T01:13:09.646+0000] {logging_mixin.py:190} INFO - [2024-10-15T01:13:09.645+0000] {dagbag.py:588} INFO - Filling up the DagBag from /home/airflow/.local/lib/python3.12/site-packages/airflow/example_dags/example_task_group.py
[2024-10-15T01:13:09.667+0000] {processor.py:925} INFO - DAG(s) 'example_task_group' retrieved from /home/airflow/.local/lib/python3.12/site-packages/airflow/example_dags/example_task_group.py
[2024-10-15T01:13:09.729+0000] {logging_mixin.py:190} INFO - [2024-10-15T01:13:09.729+0000] {dag.py:3239} INFO - Sync 1 DAGs
[2024-10-15T01:13:09.777+0000] {logging_mixin.py:190} INFO - [2024-10-15T01:13:09.776+0000] {dag.py:4180} INFO - Setting next_dagrun for example_task_group to None, run_after=None
[2024-10-15T01:13:09.850+0000] {processor.py:208} INFO - Processing /home/airflow/.local/lib/python3.12/site-packages/airflow/example_dags/example_task_group.py took 0.217 seconds
[2024-10-15T01:13:40.460+0000] {processor.py:186} INFO - Started process (PID=1773) to work on /home/airflow/.local/lib/python3.12/site-packages/airflow/example_dags/example_task_group.py
[2024-10-15T01:13:40.472+0000] {processor.py:914} INFO - Processing file /home/airflow/.local/lib/python3.12/site-packages/airflow/example_dags/example_task_group.py for tasks to queue
[2024-10-15T01:13:40.473+0000] {logging_mixin.py:190} INFO - [2024-10-15T01:13:40.473+0000] {dagbag.py:588} INFO - Filling up the DagBag from /home/airflow/.local/lib/python3.12/site-packages/airflow/example_dags/example_task_group.py
[2024-10-15T01:13:40.483+0000] {processor.py:925} INFO - DAG(s) 'example_task_group' retrieved from /home/airflow/.local/lib/python3.12/site-packages/airflow/example_dags/example_task_group.py
[2024-10-15T01:13:40.501+0000] {logging_mixin.py:190} INFO - [2024-10-15T01:13:40.500+0000] {dag.py:3239} INFO - Sync 1 DAGs
[2024-10-15T01:13:40.515+0000] {logging_mixin.py:190} INFO - [2024-10-15T01:13:40.514+0000] {dag.py:4180} INFO - Setting next_dagrun for example_task_group to None, run_after=None
[2024-10-15T01:13:40.534+0000] {processor.py:208} INFO - Processing /home/airflow/.local/lib/python3.12/site-packages/airflow/example_dags/example_task_group.py took 0.079 seconds
[2024-10-15T01:14:10.793+0000] {processor.py:186} INFO - Started process (PID=1836) to work on /home/airflow/.local/lib/python3.12/site-packages/airflow/example_dags/example_task_group.py
[2024-10-15T01:14:10.794+0000] {processor.py:914} INFO - Processing file /home/airflow/.local/lib/python3.12/site-packages/airflow/example_dags/example_task_group.py for tasks to queue
[2024-10-15T01:14:10.795+0000] {logging_mixin.py:190} INFO - [2024-10-15T01:14:10.795+0000] {dagbag.py:588} INFO - Filling up the DagBag from /home/airflow/.local/lib/python3.12/site-packages/airflow/example_dags/example_task_group.py
[2024-10-15T01:14:10.810+0000] {processor.py:925} INFO - DAG(s) 'example_task_group' retrieved from /home/airflow/.local/lib/python3.12/site-packages/airflow/example_dags/example_task_group.py
[2024-10-15T01:14:10.842+0000] {logging_mixin.py:190} INFO - [2024-10-15T01:14:10.842+0000] {dag.py:3239} INFO - Sync 1 DAGs
[2024-10-15T01:14:10.870+0000] {logging_mixin.py:190} INFO - [2024-10-15T01:14:10.869+0000] {dag.py:4180} INFO - Setting next_dagrun for example_task_group to None, run_after=None
[2024-10-15T01:14:10.892+0000] {processor.py:208} INFO - Processing /home/airflow/.local/lib/python3.12/site-packages/airflow/example_dags/example_task_group.py took 0.112 seconds
[2024-10-15T01:14:41.226+0000] {processor.py:186} INFO - Started process (PID=1899) to work on /home/airflow/.local/lib/python3.12/site-packages/airflow/example_dags/example_task_group.py
[2024-10-15T01:14:41.228+0000] {processor.py:914} INFO - Processing file /home/airflow/.local/lib/python3.12/site-packages/airflow/example_dags/example_task_group.py for tasks to queue
[2024-10-15T01:14:41.229+0000] {logging_mixin.py:190} INFO - [2024-10-15T01:14:41.229+0000] {dagbag.py:588} INFO - Filling up the DagBag from /home/airflow/.local/lib/python3.12/site-packages/airflow/example_dags/example_task_group.py
[2024-10-15T01:14:41.247+0000] {processor.py:925} INFO - DAG(s) 'example_task_group' retrieved from /home/airflow/.local/lib/python3.12/site-packages/airflow/example_dags/example_task_group.py
[2024-10-15T01:14:41.276+0000] {logging_mixin.py:190} INFO - [2024-10-15T01:14:41.276+0000] {dag.py:3239} INFO - Sync 1 DAGs
[2024-10-15T01:14:41.294+0000] {logging_mixin.py:190} INFO - [2024-10-15T01:14:41.294+0000] {dag.py:4180} INFO - Setting next_dagrun for example_task_group to None, run_after=None
[2024-10-15T01:14:41.312+0000] {processor.py:208} INFO - Processing /home/airflow/.local/lib/python3.12/site-packages/airflow/example_dags/example_task_group.py took 0.094 seconds
[2024-10-15T01:15:11.467+0000] {processor.py:186} INFO - Started process (PID=1960) to work on /home/airflow/.local/lib/python3.12/site-packages/airflow/example_dags/example_task_group.py
[2024-10-15T01:15:11.470+0000] {processor.py:914} INFO - Processing file /home/airflow/.local/lib/python3.12/site-packages/airflow/example_dags/example_task_group.py for tasks to queue
[2024-10-15T01:15:11.471+0000] {logging_mixin.py:190} INFO - [2024-10-15T01:15:11.471+0000] {dagbag.py:588} INFO - Filling up the DagBag from /home/airflow/.local/lib/python3.12/site-packages/airflow/example_dags/example_task_group.py
[2024-10-15T01:15:11.480+0000] {processor.py:925} INFO - DAG(s) 'example_task_group' retrieved from /home/airflow/.local/lib/python3.12/site-packages/airflow/example_dags/example_task_group.py
[2024-10-15T01:15:11.500+0000] {logging_mixin.py:190} INFO - [2024-10-15T01:15:11.500+0000] {dag.py:3239} INFO - Sync 1 DAGs
[2024-10-15T01:15:11.517+0000] {logging_mixin.py:190} INFO - [2024-10-15T01:15:11.517+0000] {dag.py:4180} INFO - Setting next_dagrun for example_task_group to None, run_after=None
[2024-10-15T01:15:11.540+0000] {processor.py:208} INFO - Processing /home/airflow/.local/lib/python3.12/site-packages/airflow/example_dags/example_task_group.py took 0.079 seconds
[2024-10-15T01:15:41.673+0000] {processor.py:186} INFO - Started process (PID=2023) to work on /home/airflow/.local/lib/python3.12/site-packages/airflow/example_dags/example_task_group.py
[2024-10-15T01:15:41.674+0000] {processor.py:914} INFO - Processing file /home/airflow/.local/lib/python3.12/site-packages/airflow/example_dags/example_task_group.py for tasks to queue
[2024-10-15T01:15:41.675+0000] {logging_mixin.py:190} INFO - [2024-10-15T01:15:41.675+0000] {dagbag.py:588} INFO - Filling up the DagBag from /home/airflow/.local/lib/python3.12/site-packages/airflow/example_dags/example_task_group.py
[2024-10-15T01:15:41.684+0000] {processor.py:925} INFO - DAG(s) 'example_task_group' retrieved from /home/airflow/.local/lib/python3.12/site-packages/airflow/example_dags/example_task_group.py
[2024-10-15T01:15:41.706+0000] {logging_mixin.py:190} INFO - [2024-10-15T01:15:41.706+0000] {dag.py:3239} INFO - Sync 1 DAGs
[2024-10-15T01:15:41.720+0000] {logging_mixin.py:190} INFO - [2024-10-15T01:15:41.720+0000] {dag.py:4180} INFO - Setting next_dagrun for example_task_group to None, run_after=None
[2024-10-15T01:15:41.739+0000] {processor.py:208} INFO - Processing /home/airflow/.local/lib/python3.12/site-packages/airflow/example_dags/example_task_group.py took 0.072 seconds
[2024-10-15T01:16:12.212+0000] {processor.py:186} INFO - Started process (PID=2085) to work on /home/airflow/.local/lib/python3.12/site-packages/airflow/example_dags/example_task_group.py
[2024-10-15T01:16:12.214+0000] {processor.py:914} INFO - Processing file /home/airflow/.local/lib/python3.12/site-packages/airflow/example_dags/example_task_group.py for tasks to queue
[2024-10-15T01:16:12.215+0000] {logging_mixin.py:190} INFO - [2024-10-15T01:16:12.215+0000] {dagbag.py:588} INFO - Filling up the DagBag from /home/airflow/.local/lib/python3.12/site-packages/airflow/example_dags/example_task_group.py
[2024-10-15T01:16:12.225+0000] {processor.py:925} INFO - DAG(s) 'example_task_group' retrieved from /home/airflow/.local/lib/python3.12/site-packages/airflow/example_dags/example_task_group.py
[2024-10-15T01:16:12.262+0000] {logging_mixin.py:190} INFO - [2024-10-15T01:16:12.262+0000] {dag.py:3239} INFO - Sync 1 DAGs
[2024-10-15T01:16:12.278+0000] {logging_mixin.py:190} INFO - [2024-10-15T01:16:12.278+0000] {dag.py:4180} INFO - Setting next_dagrun for example_task_group to None, run_after=None
[2024-10-15T01:16:12.296+0000] {processor.py:208} INFO - Processing /home/airflow/.local/lib/python3.12/site-packages/airflow/example_dags/example_task_group.py took 0.089 seconds
[2024-10-15T01:16:42.351+0000] {processor.py:186} INFO - Started process (PID=2147) to work on /home/airflow/.local/lib/python3.12/site-packages/airflow/example_dags/example_task_group.py
[2024-10-15T01:16:42.352+0000] {processor.py:914} INFO - Processing file /home/airflow/.local/lib/python3.12/site-packages/airflow/example_dags/example_task_group.py for tasks to queue
[2024-10-15T01:16:42.353+0000] {logging_mixin.py:190} INFO - [2024-10-15T01:16:42.352+0000] {dagbag.py:588} INFO - Filling up the DagBag from /home/airflow/.local/lib/python3.12/site-packages/airflow/example_dags/example_task_group.py
[2024-10-15T01:16:42.361+0000] {processor.py:925} INFO - DAG(s) 'example_task_group' retrieved from /home/airflow/.local/lib/python3.12/site-packages/airflow/example_dags/example_task_group.py
[2024-10-15T01:16:42.384+0000] {logging_mixin.py:190} INFO - [2024-10-15T01:16:42.384+0000] {dag.py:3239} INFO - Sync 1 DAGs
[2024-10-15T01:16:42.399+0000] {logging_mixin.py:190} INFO - [2024-10-15T01:16:42.399+0000] {dag.py:4180} INFO - Setting next_dagrun for example_task_group to None, run_after=None
[2024-10-15T01:16:42.417+0000] {processor.py:208} INFO - Processing /home/airflow/.local/lib/python3.12/site-packages/airflow/example_dags/example_task_group.py took 0.073 seconds
[2024-10-15T01:17:12.649+0000] {processor.py:186} INFO - Started process (PID=2210) to work on /home/airflow/.local/lib/python3.12/site-packages/airflow/example_dags/example_task_group.py
[2024-10-15T01:17:12.652+0000] {processor.py:914} INFO - Processing file /home/airflow/.local/lib/python3.12/site-packages/airflow/example_dags/example_task_group.py for tasks to queue
[2024-10-15T01:17:12.653+0000] {logging_mixin.py:190} INFO - [2024-10-15T01:17:12.653+0000] {dagbag.py:588} INFO - Filling up the DagBag from /home/airflow/.local/lib/python3.12/site-packages/airflow/example_dags/example_task_group.py
[2024-10-15T01:17:12.663+0000] {processor.py:925} INFO - DAG(s) 'example_task_group' retrieved from /home/airflow/.local/lib/python3.12/site-packages/airflow/example_dags/example_task_group.py
[2024-10-15T01:17:12.686+0000] {logging_mixin.py:190} INFO - [2024-10-15T01:17:12.685+0000] {dag.py:3239} INFO - Sync 1 DAGs
[2024-10-15T01:17:12.701+0000] {logging_mixin.py:190} INFO - [2024-10-15T01:17:12.701+0000] {dag.py:4180} INFO - Setting next_dagrun for example_task_group to None, run_after=None
[2024-10-15T01:17:12.720+0000] {processor.py:208} INFO - Processing /home/airflow/.local/lib/python3.12/site-packages/airflow/example_dags/example_task_group.py took 0.076 seconds
[2024-10-15T01:17:43.415+0000] {processor.py:186} INFO - Started process (PID=2273) to work on /home/airflow/.local/lib/python3.12/site-packages/airflow/example_dags/example_task_group.py
[2024-10-15T01:17:43.416+0000] {processor.py:914} INFO - Processing file /home/airflow/.local/lib/python3.12/site-packages/airflow/example_dags/example_task_group.py for tasks to queue
[2024-10-15T01:17:43.417+0000] {logging_mixin.py:190} INFO - [2024-10-15T01:17:43.417+0000] {dagbag.py:588} INFO - Filling up the DagBag from /home/airflow/.local/lib/python3.12/site-packages/airflow/example_dags/example_task_group.py
[2024-10-15T01:17:43.426+0000] {processor.py:925} INFO - DAG(s) 'example_task_group' retrieved from /home/airflow/.local/lib/python3.12/site-packages/airflow/example_dags/example_task_group.py
[2024-10-15T01:17:43.458+0000] {logging_mixin.py:190} INFO - [2024-10-15T01:17:43.457+0000] {dag.py:3239} INFO - Sync 1 DAGs
[2024-10-15T01:17:43.473+0000] {logging_mixin.py:190} INFO - [2024-10-15T01:17:43.472+0000] {dag.py:4180} INFO - Setting next_dagrun for example_task_group to None, run_after=None
[2024-10-15T01:17:43.491+0000] {processor.py:208} INFO - Processing /home/airflow/.local/lib/python3.12/site-packages/airflow/example_dags/example_task_group.py took 0.082 seconds
[2024-10-15T01:18:14.941+0000] {processor.py:186} INFO - Started process (PID=2338) to work on /home/airflow/.local/lib/python3.12/site-packages/airflow/example_dags/example_task_group.py
[2024-10-15T01:18:14.958+0000] {processor.py:914} INFO - Processing file /home/airflow/.local/lib/python3.12/site-packages/airflow/example_dags/example_task_group.py for tasks to queue
[2024-10-15T01:18:14.959+0000] {logging_mixin.py:190} INFO - [2024-10-15T01:18:14.958+0000] {dagbag.py:588} INFO - Filling up the DagBag from /home/airflow/.local/lib/python3.12/site-packages/airflow/example_dags/example_task_group.py
[2024-10-15T01:18:14.970+0000] {processor.py:925} INFO - DAG(s) 'example_task_group' retrieved from /home/airflow/.local/lib/python3.12/site-packages/airflow/example_dags/example_task_group.py
[2024-10-15T01:18:15.006+0000] {logging_mixin.py:190} INFO - [2024-10-15T01:18:15.004+0000] {dag.py:3239} INFO - Sync 1 DAGs
[2024-10-15T01:18:15.075+0000] {logging_mixin.py:190} INFO - [2024-10-15T01:18:15.075+0000] {dag.py:4180} INFO - Setting next_dagrun for example_task_group to None, run_after=None
[2024-10-15T01:18:15.169+0000] {processor.py:208} INFO - Processing /home/airflow/.local/lib/python3.12/site-packages/airflow/example_dags/example_task_group.py took 0.242 seconds
[2024-10-15T01:18:46.627+0000] {processor.py:186} INFO - Started process (PID=2407) to work on /home/airflow/.local/lib/python3.12/site-packages/airflow/example_dags/example_task_group.py
[2024-10-15T01:18:46.630+0000] {processor.py:914} INFO - Processing file /home/airflow/.local/lib/python3.12/site-packages/airflow/example_dags/example_task_group.py for tasks to queue
[2024-10-15T01:18:46.631+0000] {logging_mixin.py:190} INFO - [2024-10-15T01:18:46.631+0000] {dagbag.py:588} INFO - Filling up the DagBag from /home/airflow/.local/lib/python3.12/site-packages/airflow/example_dags/example_task_group.py
[2024-10-15T01:18:46.638+0000] {processor.py:925} INFO - DAG(s) 'example_task_group' retrieved from /home/airflow/.local/lib/python3.12/site-packages/airflow/example_dags/example_task_group.py
[2024-10-15T01:18:46.657+0000] {logging_mixin.py:190} INFO - [2024-10-15T01:18:46.657+0000] {dag.py:3239} INFO - Sync 1 DAGs
[2024-10-15T01:18:46.678+0000] {logging_mixin.py:190} INFO - [2024-10-15T01:18:46.678+0000] {dag.py:4180} INFO - Setting next_dagrun for example_task_group to None, run_after=None
[2024-10-15T01:18:46.698+0000] {processor.py:208} INFO - Processing /home/airflow/.local/lib/python3.12/site-packages/airflow/example_dags/example_task_group.py took 0.075 seconds
[2024-10-15T01:19:17.402+0000] {processor.py:186} INFO - Started process (PID=2470) to work on /home/airflow/.local/lib/python3.12/site-packages/airflow/example_dags/example_task_group.py
[2024-10-15T01:19:17.403+0000] {processor.py:914} INFO - Processing file /home/airflow/.local/lib/python3.12/site-packages/airflow/example_dags/example_task_group.py for tasks to queue
[2024-10-15T01:19:17.404+0000] {logging_mixin.py:190} INFO - [2024-10-15T01:19:17.404+0000] {dagbag.py:588} INFO - Filling up the DagBag from /home/airflow/.local/lib/python3.12/site-packages/airflow/example_dags/example_task_group.py
[2024-10-15T01:19:17.416+0000] {processor.py:925} INFO - DAG(s) 'example_task_group' retrieved from /home/airflow/.local/lib/python3.12/site-packages/airflow/example_dags/example_task_group.py
[2024-10-15T01:19:17.446+0000] {logging_mixin.py:190} INFO - [2024-10-15T01:19:17.446+0000] {dag.py:3239} INFO - Sync 1 DAGs
[2024-10-15T01:19:17.463+0000] {logging_mixin.py:190} INFO - [2024-10-15T01:19:17.463+0000] {dag.py:4180} INFO - Setting next_dagrun for example_task_group to None, run_after=None
[2024-10-15T01:19:17.483+0000] {processor.py:208} INFO - Processing /home/airflow/.local/lib/python3.12/site-packages/airflow/example_dags/example_task_group.py took 0.087 seconds
[2024-10-15T01:19:48.606+0000] {processor.py:186} INFO - Started process (PID=2534) to work on /home/airflow/.local/lib/python3.12/site-packages/airflow/example_dags/example_task_group.py
[2024-10-15T01:19:48.612+0000] {processor.py:914} INFO - Processing file /home/airflow/.local/lib/python3.12/site-packages/airflow/example_dags/example_task_group.py for tasks to queue
[2024-10-15T01:19:48.614+0000] {logging_mixin.py:190} INFO - [2024-10-15T01:19:48.613+0000] {dagbag.py:588} INFO - Filling up the DagBag from /home/airflow/.local/lib/python3.12/site-packages/airflow/example_dags/example_task_group.py
[2024-10-15T01:19:48.624+0000] {processor.py:925} INFO - DAG(s) 'example_task_group' retrieved from /home/airflow/.local/lib/python3.12/site-packages/airflow/example_dags/example_task_group.py
[2024-10-15T01:19:48.650+0000] {logging_mixin.py:190} INFO - [2024-10-15T01:19:48.649+0000] {dag.py:3239} INFO - Sync 1 DAGs
[2024-10-15T01:19:48.668+0000] {logging_mixin.py:190} INFO - [2024-10-15T01:19:48.668+0000] {dag.py:4180} INFO - Setting next_dagrun for example_task_group to None, run_after=None
[2024-10-15T01:19:48.700+0000] {processor.py:208} INFO - Processing /home/airflow/.local/lib/python3.12/site-packages/airflow/example_dags/example_task_group.py took 0.119 seconds
[2024-10-15T01:20:19.806+0000] {processor.py:186} INFO - Started process (PID=2598) to work on /home/airflow/.local/lib/python3.12/site-packages/airflow/example_dags/example_task_group.py
[2024-10-15T01:20:19.807+0000] {processor.py:914} INFO - Processing file /home/airflow/.local/lib/python3.12/site-packages/airflow/example_dags/example_task_group.py for tasks to queue
[2024-10-15T01:20:19.808+0000] {logging_mixin.py:190} INFO - [2024-10-15T01:20:19.808+0000] {dagbag.py:588} INFO - Filling up the DagBag from /home/airflow/.local/lib/python3.12/site-packages/airflow/example_dags/example_task_group.py
[2024-10-15T01:20:19.819+0000] {processor.py:925} INFO - DAG(s) 'example_task_group' retrieved from /home/airflow/.local/lib/python3.12/site-packages/airflow/example_dags/example_task_group.py
[2024-10-15T01:20:19.848+0000] {logging_mixin.py:190} INFO - [2024-10-15T01:20:19.847+0000] {dag.py:3239} INFO - Sync 1 DAGs
[2024-10-15T01:20:19.869+0000] {logging_mixin.py:190} INFO - [2024-10-15T01:20:19.869+0000] {dag.py:4180} INFO - Setting next_dagrun for example_task_group to None, run_after=None
[2024-10-15T01:20:19.893+0000] {processor.py:208} INFO - Processing /home/airflow/.local/lib/python3.12/site-packages/airflow/example_dags/example_task_group.py took 0.093 seconds
[2024-10-15T01:20:50.516+0000] {processor.py:186} INFO - Started process (PID=2661) to work on /home/airflow/.local/lib/python3.12/site-packages/airflow/example_dags/example_task_group.py
[2024-10-15T01:20:50.517+0000] {processor.py:914} INFO - Processing file /home/airflow/.local/lib/python3.12/site-packages/airflow/example_dags/example_task_group.py for tasks to queue
[2024-10-15T01:20:50.519+0000] {logging_mixin.py:190} INFO - [2024-10-15T01:20:50.519+0000] {dagbag.py:588} INFO - Filling up the DagBag from /home/airflow/.local/lib/python3.12/site-packages/airflow/example_dags/example_task_group.py
[2024-10-15T01:20:50.528+0000] {processor.py:925} INFO - DAG(s) 'example_task_group' retrieved from /home/airflow/.local/lib/python3.12/site-packages/airflow/example_dags/example_task_group.py
[2024-10-15T01:20:50.551+0000] {logging_mixin.py:190} INFO - [2024-10-15T01:20:50.551+0000] {dag.py:3239} INFO - Sync 1 DAGs
[2024-10-15T01:20:50.566+0000] {logging_mixin.py:190} INFO - [2024-10-15T01:20:50.566+0000] {dag.py:4180} INFO - Setting next_dagrun for example_task_group to None, run_after=None
[2024-10-15T01:20:50.589+0000] {processor.py:208} INFO - Processing /home/airflow/.local/lib/python3.12/site-packages/airflow/example_dags/example_task_group.py took 0.078 seconds
[2024-10-15T01:21:21.156+0000] {processor.py:186} INFO - Started process (PID=2724) to work on /home/airflow/.local/lib/python3.12/site-packages/airflow/example_dags/example_task_group.py
[2024-10-15T01:21:21.161+0000] {processor.py:914} INFO - Processing file /home/airflow/.local/lib/python3.12/site-packages/airflow/example_dags/example_task_group.py for tasks to queue
[2024-10-15T01:21:21.164+0000] {logging_mixin.py:190} INFO - [2024-10-15T01:21:21.163+0000] {dagbag.py:588} INFO - Filling up the DagBag from /home/airflow/.local/lib/python3.12/site-packages/airflow/example_dags/example_task_group.py
[2024-10-15T01:21:21.174+0000] {processor.py:925} INFO - DAG(s) 'example_task_group' retrieved from /home/airflow/.local/lib/python3.12/site-packages/airflow/example_dags/example_task_group.py
[2024-10-15T01:21:21.197+0000] {logging_mixin.py:190} INFO - [2024-10-15T01:21:21.197+0000] {dag.py:3239} INFO - Sync 1 DAGs
[2024-10-15T01:21:21.214+0000] {logging_mixin.py:190} INFO - [2024-10-15T01:21:21.214+0000] {dag.py:4180} INFO - Setting next_dagrun for example_task_group to None, run_after=None
[2024-10-15T01:21:21.233+0000] {processor.py:208} INFO - Processing /home/airflow/.local/lib/python3.12/site-packages/airflow/example_dags/example_task_group.py took 0.084 seconds
[2024-10-15T01:21:51.267+0000] {processor.py:186} INFO - Started process (PID=2785) to work on /home/airflow/.local/lib/python3.12/site-packages/airflow/example_dags/example_task_group.py
[2024-10-15T01:21:51.268+0000] {processor.py:914} INFO - Processing file /home/airflow/.local/lib/python3.12/site-packages/airflow/example_dags/example_task_group.py for tasks to queue
[2024-10-15T01:21:51.269+0000] {logging_mixin.py:190} INFO - [2024-10-15T01:21:51.268+0000] {dagbag.py:588} INFO - Filling up the DagBag from /home/airflow/.local/lib/python3.12/site-packages/airflow/example_dags/example_task_group.py
[2024-10-15T01:21:51.283+0000] {processor.py:925} INFO - DAG(s) 'example_task_group' retrieved from /home/airflow/.local/lib/python3.12/site-packages/airflow/example_dags/example_task_group.py
[2024-10-15T01:21:51.308+0000] {logging_mixin.py:190} INFO - [2024-10-15T01:21:51.308+0000] {dag.py:3239} INFO - Sync 1 DAGs
[2024-10-15T01:21:51.323+0000] {logging_mixin.py:190} INFO - [2024-10-15T01:21:51.323+0000] {dag.py:4180} INFO - Setting next_dagrun for example_task_group to None, run_after=None
[2024-10-15T01:21:51.343+0000] {processor.py:208} INFO - Processing /home/airflow/.local/lib/python3.12/site-packages/airflow/example_dags/example_task_group.py took 0.082 seconds
[2024-10-15T01:22:22.061+0000] {processor.py:186} INFO - Started process (PID=2848) to work on /home/airflow/.local/lib/python3.12/site-packages/airflow/example_dags/example_task_group.py
[2024-10-15T01:22:22.063+0000] {processor.py:914} INFO - Processing file /home/airflow/.local/lib/python3.12/site-packages/airflow/example_dags/example_task_group.py for tasks to queue
[2024-10-15T01:22:22.064+0000] {logging_mixin.py:190} INFO - [2024-10-15T01:22:22.063+0000] {dagbag.py:588} INFO - Filling up the DagBag from /home/airflow/.local/lib/python3.12/site-packages/airflow/example_dags/example_task_group.py
[2024-10-15T01:22:22.072+0000] {processor.py:925} INFO - DAG(s) 'example_task_group' retrieved from /home/airflow/.local/lib/python3.12/site-packages/airflow/example_dags/example_task_group.py
[2024-10-15T01:22:22.097+0000] {logging_mixin.py:190} INFO - [2024-10-15T01:22:22.096+0000] {dag.py:3239} INFO - Sync 1 DAGs
[2024-10-15T01:22:22.111+0000] {logging_mixin.py:190} INFO - [2024-10-15T01:22:22.111+0000] {dag.py:4180} INFO - Setting next_dagrun for example_task_group to None, run_after=None
[2024-10-15T01:22:22.129+0000] {processor.py:208} INFO - Processing /home/airflow/.local/lib/python3.12/site-packages/airflow/example_dags/example_task_group.py took 0.074 seconds
[2024-10-15T01:22:52.635+0000] {processor.py:186} INFO - Started process (PID=2912) to work on /home/airflow/.local/lib/python3.12/site-packages/airflow/example_dags/example_task_group.py
[2024-10-15T01:22:52.636+0000] {processor.py:914} INFO - Processing file /home/airflow/.local/lib/python3.12/site-packages/airflow/example_dags/example_task_group.py for tasks to queue
[2024-10-15T01:22:52.637+0000] {logging_mixin.py:190} INFO - [2024-10-15T01:22:52.637+0000] {dagbag.py:588} INFO - Filling up the DagBag from /home/airflow/.local/lib/python3.12/site-packages/airflow/example_dags/example_task_group.py
[2024-10-15T01:22:52.647+0000] {processor.py:925} INFO - DAG(s) 'example_task_group' retrieved from /home/airflow/.local/lib/python3.12/site-packages/airflow/example_dags/example_task_group.py
[2024-10-15T01:22:52.671+0000] {logging_mixin.py:190} INFO - [2024-10-15T01:22:52.671+0000] {dag.py:3239} INFO - Sync 1 DAGs
[2024-10-15T01:22:52.688+0000] {logging_mixin.py:190} INFO - [2024-10-15T01:22:52.688+0000] {dag.py:4180} INFO - Setting next_dagrun for example_task_group to None, run_after=None
[2024-10-15T01:22:52.714+0000] {processor.py:208} INFO - Processing /home/airflow/.local/lib/python3.12/site-packages/airflow/example_dags/example_task_group.py took 0.085 seconds
[2024-10-15T01:23:23.487+0000] {processor.py:186} INFO - Started process (PID=2975) to work on /home/airflow/.local/lib/python3.12/site-packages/airflow/example_dags/example_task_group.py
[2024-10-15T01:23:23.488+0000] {processor.py:914} INFO - Processing file /home/airflow/.local/lib/python3.12/site-packages/airflow/example_dags/example_task_group.py for tasks to queue
[2024-10-15T01:23:23.493+0000] {logging_mixin.py:190} INFO - [2024-10-15T01:23:23.489+0000] {dagbag.py:588} INFO - Filling up the DagBag from /home/airflow/.local/lib/python3.12/site-packages/airflow/example_dags/example_task_group.py
[2024-10-15T01:23:23.504+0000] {processor.py:925} INFO - DAG(s) 'example_task_group' retrieved from /home/airflow/.local/lib/python3.12/site-packages/airflow/example_dags/example_task_group.py
[2024-10-15T01:23:23.528+0000] {logging_mixin.py:190} INFO - [2024-10-15T01:23:23.528+0000] {dag.py:3239} INFO - Sync 1 DAGs
[2024-10-15T01:23:23.544+0000] {logging_mixin.py:190} INFO - [2024-10-15T01:23:23.544+0000] {dag.py:4180} INFO - Setting next_dagrun for example_task_group to None, run_after=None
[2024-10-15T01:23:23.563+0000] {processor.py:208} INFO - Processing /home/airflow/.local/lib/python3.12/site-packages/airflow/example_dags/example_task_group.py took 0.082 seconds
