[2024-10-15T00:50:13.295+0000] {processor.py:186} INFO - Started process (PID=93) to work on /home/airflow/.local/lib/python3.12/site-packages/airflow/example_dags/example_latest_only_with_trigger.py
[2024-10-15T00:50:13.295+0000] {processor.py:914} INFO - Processing file /home/airflow/.local/lib/python3.12/site-packages/airflow/example_dags/example_latest_only_with_trigger.py for tasks to queue
[2024-10-15T00:50:13.297+0000] {logging_mixin.py:190} INFO - [2024-10-15T00:50:13.297+0000] {dagbag.py:588} INFO - Filling up the DagBag from /home/airflow/.local/lib/python3.12/site-packages/airflow/example_dags/example_latest_only_with_trigger.py
[2024-10-15T00:50:13.312+0000] {processor.py:925} INFO - DAG(s) 'latest_only_with_trigger' retrieved from /home/airflow/.local/lib/python3.12/site-packages/airflow/example_dags/example_latest_only_with_trigger.py
[2024-10-15T00:50:13.571+0000] {logging_mixin.py:190} INFO - [2024-10-15T00:50:13.570+0000] {override.py:1900} INFO - Created Permission View: can edit on DAG:latest_only_with_trigger
[2024-10-15T00:50:13.596+0000] {logging_mixin.py:190} INFO - [2024-10-15T00:50:13.595+0000] {override.py:1900} INFO - Created Permission View: can read on DAG:latest_only_with_trigger
[2024-10-15T00:50:13.606+0000] {logging_mixin.py:190} INFO - [2024-10-15T00:50:13.606+0000] {override.py:1900} INFO - Created Permission View: can delete on DAG:latest_only_with_trigger
[2024-10-15T00:50:13.644+0000] {logging_mixin.py:190} INFO - [2024-10-15T00:50:13.644+0000] {override.py:1900} INFO - Created Permission View: menu access on DAG Run:latest_only_with_trigger
[2024-10-15T00:50:13.664+0000] {logging_mixin.py:190} INFO - [2024-10-15T00:50:13.664+0000] {override.py:1900} INFO - Created Permission View: can delete on DAG Run:latest_only_with_trigger
[2024-10-15T00:50:13.672+0000] {logging_mixin.py:190} INFO - [2024-10-15T00:50:13.672+0000] {override.py:1900} INFO - Created Permission View: can read on DAG Run:latest_only_with_trigger
[2024-10-15T00:50:13.695+0000] {logging_mixin.py:190} INFO - [2024-10-15T00:50:13.695+0000] {override.py:1900} INFO - Created Permission View: can create on DAG Run:latest_only_with_trigger
[2024-10-15T00:50:13.696+0000] {logging_mixin.py:190} INFO - [2024-10-15T00:50:13.696+0000] {dag.py:3239} INFO - Sync 1 DAGs
[2024-10-15T00:50:13.734+0000] {logging_mixin.py:190} INFO - [2024-10-15T00:50:13.731+0000] {dag.py:3262} INFO - Creating ORM DAG for latest_only_with_trigger
[2024-10-15T00:50:13.760+0000] {logging_mixin.py:190} INFO - [2024-10-15T00:50:13.760+0000] {dag.py:4180} INFO - Setting next_dagrun for latest_only_with_trigger to 2024-10-14 20:00:00+00:00, run_after=2024-10-15 00:00:00+00:00
[2024-10-15T00:50:13.785+0000] {processor.py:208} INFO - Processing /home/airflow/.local/lib/python3.12/site-packages/airflow/example_dags/example_latest_only_with_trigger.py took 0.504 seconds
[2024-10-15T00:59:51.986+0000] {processor.py:186} INFO - Started process (PID=97) to work on /home/airflow/.local/lib/python3.12/site-packages/airflow/example_dags/example_latest_only_with_trigger.py
[2024-10-15T00:59:51.993+0000] {processor.py:914} INFO - Processing file /home/airflow/.local/lib/python3.12/site-packages/airflow/example_dags/example_latest_only_with_trigger.py for tasks to queue
[2024-10-15T00:59:51.995+0000] {logging_mixin.py:190} INFO - [2024-10-15T00:59:51.995+0000] {dagbag.py:588} INFO - Filling up the DagBag from /home/airflow/.local/lib/python3.12/site-packages/airflow/example_dags/example_latest_only_with_trigger.py
[2024-10-15T00:59:52.033+0000] {processor.py:925} INFO - DAG(s) 'latest_only_with_trigger' retrieved from /home/airflow/.local/lib/python3.12/site-packages/airflow/example_dags/example_latest_only_with_trigger.py
[2024-10-15T00:59:52.183+0000] {logging_mixin.py:190} INFO - [2024-10-15T00:59:52.171+0000] {dag.py:3239} INFO - Sync 1 DAGs
[2024-10-15T00:59:52.257+0000] {logging_mixin.py:190} INFO - [2024-10-15T00:59:52.257+0000] {dag.py:4180} INFO - Setting next_dagrun for latest_only_with_trigger to 2024-10-14 20:00:00+00:00, run_after=2024-10-15 00:00:00+00:00
[2024-10-15T00:59:52.302+0000] {processor.py:208} INFO - Processing /home/airflow/.local/lib/python3.12/site-packages/airflow/example_dags/example_latest_only_with_trigger.py took 0.366 seconds
[2024-10-15T01:00:22.454+0000] {processor.py:186} INFO - Started process (PID=159) to work on /home/airflow/.local/lib/python3.12/site-packages/airflow/example_dags/example_latest_only_with_trigger.py
[2024-10-15T01:00:22.458+0000] {processor.py:914} INFO - Processing file /home/airflow/.local/lib/python3.12/site-packages/airflow/example_dags/example_latest_only_with_trigger.py for tasks to queue
[2024-10-15T01:00:22.460+0000] {logging_mixin.py:190} INFO - [2024-10-15T01:00:22.459+0000] {dagbag.py:588} INFO - Filling up the DagBag from /home/airflow/.local/lib/python3.12/site-packages/airflow/example_dags/example_latest_only_with_trigger.py
[2024-10-15T01:00:22.468+0000] {processor.py:925} INFO - DAG(s) 'latest_only_with_trigger' retrieved from /home/airflow/.local/lib/python3.12/site-packages/airflow/example_dags/example_latest_only_with_trigger.py
[2024-10-15T01:00:22.500+0000] {logging_mixin.py:190} INFO - [2024-10-15T01:00:22.499+0000] {dag.py:3239} INFO - Sync 1 DAGs
[2024-10-15T01:00:22.536+0000] {logging_mixin.py:190} INFO - [2024-10-15T01:00:22.536+0000] {dag.py:4180} INFO - Setting next_dagrun for latest_only_with_trigger to 2024-10-14 20:00:00+00:00, run_after=2024-10-15 00:00:00+00:00
[2024-10-15T01:00:22.572+0000] {processor.py:208} INFO - Processing /home/airflow/.local/lib/python3.12/site-packages/airflow/example_dags/example_latest_only_with_trigger.py took 0.129 seconds
[2024-10-15T01:00:53.434+0000] {processor.py:186} INFO - Started process (PID=221) to work on /home/airflow/.local/lib/python3.12/site-packages/airflow/example_dags/example_latest_only_with_trigger.py
[2024-10-15T01:00:53.442+0000] {processor.py:914} INFO - Processing file /home/airflow/.local/lib/python3.12/site-packages/airflow/example_dags/example_latest_only_with_trigger.py for tasks to queue
[2024-10-15T01:00:53.451+0000] {logging_mixin.py:190} INFO - [2024-10-15T01:00:53.451+0000] {dagbag.py:588} INFO - Filling up the DagBag from /home/airflow/.local/lib/python3.12/site-packages/airflow/example_dags/example_latest_only_with_trigger.py
[2024-10-15T01:00:53.479+0000] {processor.py:925} INFO - DAG(s) 'latest_only_with_trigger' retrieved from /home/airflow/.local/lib/python3.12/site-packages/airflow/example_dags/example_latest_only_with_trigger.py
[2024-10-15T01:00:53.522+0000] {logging_mixin.py:190} INFO - [2024-10-15T01:00:53.522+0000] {dag.py:3239} INFO - Sync 1 DAGs
[2024-10-15T01:00:53.542+0000] {logging_mixin.py:190} INFO - [2024-10-15T01:00:53.542+0000] {dag.py:4180} INFO - Setting next_dagrun for latest_only_with_trigger to 2024-10-14 20:00:00+00:00, run_after=2024-10-15 00:00:00+00:00
[2024-10-15T01:00:53.567+0000] {processor.py:208} INFO - Processing /home/airflow/.local/lib/python3.12/site-packages/airflow/example_dags/example_latest_only_with_trigger.py took 0.161 seconds
[2024-10-15T01:01:23.623+0000] {processor.py:186} INFO - Started process (PID=282) to work on /home/airflow/.local/lib/python3.12/site-packages/airflow/example_dags/example_latest_only_with_trigger.py
[2024-10-15T01:01:23.626+0000] {processor.py:914} INFO - Processing file /home/airflow/.local/lib/python3.12/site-packages/airflow/example_dags/example_latest_only_with_trigger.py for tasks to queue
[2024-10-15T01:01:23.628+0000] {logging_mixin.py:190} INFO - [2024-10-15T01:01:23.628+0000] {dagbag.py:588} INFO - Filling up the DagBag from /home/airflow/.local/lib/python3.12/site-packages/airflow/example_dags/example_latest_only_with_trigger.py
[2024-10-15T01:01:23.667+0000] {processor.py:925} INFO - DAG(s) 'latest_only_with_trigger' retrieved from /home/airflow/.local/lib/python3.12/site-packages/airflow/example_dags/example_latest_only_with_trigger.py
[2024-10-15T01:01:23.705+0000] {logging_mixin.py:190} INFO - [2024-10-15T01:01:23.704+0000] {dag.py:3239} INFO - Sync 1 DAGs
[2024-10-15T01:01:23.748+0000] {logging_mixin.py:190} INFO - [2024-10-15T01:01:23.747+0000] {dag.py:4180} INFO - Setting next_dagrun for latest_only_with_trigger to 2024-10-14 20:00:00+00:00, run_after=2024-10-15 00:00:00+00:00
[2024-10-15T01:01:23.772+0000] {processor.py:208} INFO - Processing /home/airflow/.local/lib/python3.12/site-packages/airflow/example_dags/example_latest_only_with_trigger.py took 0.157 seconds
[2024-10-15T01:01:54.148+0000] {processor.py:186} INFO - Started process (PID=344) to work on /home/airflow/.local/lib/python3.12/site-packages/airflow/example_dags/example_latest_only_with_trigger.py
[2024-10-15T01:01:54.150+0000] {processor.py:914} INFO - Processing file /home/airflow/.local/lib/python3.12/site-packages/airflow/example_dags/example_latest_only_with_trigger.py for tasks to queue
[2024-10-15T01:01:54.152+0000] {logging_mixin.py:190} INFO - [2024-10-15T01:01:54.151+0000] {dagbag.py:588} INFO - Filling up the DagBag from /home/airflow/.local/lib/python3.12/site-packages/airflow/example_dags/example_latest_only_with_trigger.py
[2024-10-15T01:01:54.159+0000] {processor.py:925} INFO - DAG(s) 'latest_only_with_trigger' retrieved from /home/airflow/.local/lib/python3.12/site-packages/airflow/example_dags/example_latest_only_with_trigger.py
[2024-10-15T01:01:54.182+0000] {logging_mixin.py:190} INFO - [2024-10-15T01:01:54.182+0000] {dag.py:3239} INFO - Sync 1 DAGs
[2024-10-15T01:01:54.205+0000] {logging_mixin.py:190} INFO - [2024-10-15T01:01:54.205+0000] {dag.py:4180} INFO - Setting next_dagrun for latest_only_with_trigger to 2024-10-14 20:00:00+00:00, run_after=2024-10-15 00:00:00+00:00
[2024-10-15T01:01:54.224+0000] {processor.py:208} INFO - Processing /home/airflow/.local/lib/python3.12/site-packages/airflow/example_dags/example_latest_only_with_trigger.py took 0.084 seconds
[2024-10-15T01:02:24.554+0000] {processor.py:186} INFO - Started process (PID=405) to work on /home/airflow/.local/lib/python3.12/site-packages/airflow/example_dags/example_latest_only_with_trigger.py
[2024-10-15T01:02:24.556+0000] {processor.py:914} INFO - Processing file /home/airflow/.local/lib/python3.12/site-packages/airflow/example_dags/example_latest_only_with_trigger.py for tasks to queue
[2024-10-15T01:02:24.562+0000] {logging_mixin.py:190} INFO - [2024-10-15T01:02:24.562+0000] {dagbag.py:588} INFO - Filling up the DagBag from /home/airflow/.local/lib/python3.12/site-packages/airflow/example_dags/example_latest_only_with_trigger.py
[2024-10-15T01:02:24.569+0000] {processor.py:925} INFO - DAG(s) 'latest_only_with_trigger' retrieved from /home/airflow/.local/lib/python3.12/site-packages/airflow/example_dags/example_latest_only_with_trigger.py
[2024-10-15T01:02:24.592+0000] {logging_mixin.py:190} INFO - [2024-10-15T01:02:24.592+0000] {dag.py:3239} INFO - Sync 1 DAGs
[2024-10-15T01:02:24.616+0000] {logging_mixin.py:190} INFO - [2024-10-15T01:02:24.616+0000] {dag.py:4180} INFO - Setting next_dagrun for latest_only_with_trigger to 2024-10-14 20:00:00+00:00, run_after=2024-10-15 00:00:00+00:00
[2024-10-15T01:02:24.636+0000] {processor.py:208} INFO - Processing /home/airflow/.local/lib/python3.12/site-packages/airflow/example_dags/example_latest_only_with_trigger.py took 0.086 seconds
[2024-10-15T01:02:56.492+0000] {processor.py:186} INFO - Started process (PID=467) to work on /home/airflow/.local/lib/python3.12/site-packages/airflow/example_dags/example_latest_only_with_trigger.py
[2024-10-15T01:02:56.502+0000] {processor.py:914} INFO - Processing file /home/airflow/.local/lib/python3.12/site-packages/airflow/example_dags/example_latest_only_with_trigger.py for tasks to queue
[2024-10-15T01:02:56.504+0000] {logging_mixin.py:190} INFO - [2024-10-15T01:02:56.504+0000] {dagbag.py:588} INFO - Filling up the DagBag from /home/airflow/.local/lib/python3.12/site-packages/airflow/example_dags/example_latest_only_with_trigger.py
[2024-10-15T01:02:56.540+0000] {processor.py:925} INFO - DAG(s) 'latest_only_with_trigger' retrieved from /home/airflow/.local/lib/python3.12/site-packages/airflow/example_dags/example_latest_only_with_trigger.py
[2024-10-15T01:02:56.587+0000] {logging_mixin.py:190} INFO - [2024-10-15T01:02:56.587+0000] {dag.py:3239} INFO - Sync 1 DAGs
[2024-10-15T01:02:56.639+0000] {logging_mixin.py:190} INFO - [2024-10-15T01:02:56.639+0000] {dag.py:4180} INFO - Setting next_dagrun for latest_only_with_trigger to 2024-10-14 20:00:00+00:00, run_after=2024-10-15 00:00:00+00:00
[2024-10-15T01:02:56.680+0000] {processor.py:208} INFO - Processing /home/airflow/.local/lib/python3.12/site-packages/airflow/example_dags/example_latest_only_with_trigger.py took 0.216 seconds
[2024-10-15T01:03:27.026+0000] {processor.py:186} INFO - Started process (PID=529) to work on /home/airflow/.local/lib/python3.12/site-packages/airflow/example_dags/example_latest_only_with_trigger.py
[2024-10-15T01:03:27.027+0000] {processor.py:914} INFO - Processing file /home/airflow/.local/lib/python3.12/site-packages/airflow/example_dags/example_latest_only_with_trigger.py for tasks to queue
[2024-10-15T01:03:27.029+0000] {logging_mixin.py:190} INFO - [2024-10-15T01:03:27.028+0000] {dagbag.py:588} INFO - Filling up the DagBag from /home/airflow/.local/lib/python3.12/site-packages/airflow/example_dags/example_latest_only_with_trigger.py
[2024-10-15T01:03:27.036+0000] {processor.py:925} INFO - DAG(s) 'latest_only_with_trigger' retrieved from /home/airflow/.local/lib/python3.12/site-packages/airflow/example_dags/example_latest_only_with_trigger.py
[2024-10-15T01:03:27.058+0000] {logging_mixin.py:190} INFO - [2024-10-15T01:03:27.056+0000] {dag.py:3239} INFO - Sync 1 DAGs
[2024-10-15T01:03:27.080+0000] {logging_mixin.py:190} INFO - [2024-10-15T01:03:27.079+0000] {dag.py:4180} INFO - Setting next_dagrun for latest_only_with_trigger to 2024-10-14 20:00:00+00:00, run_after=2024-10-15 00:00:00+00:00
[2024-10-15T01:03:27.098+0000] {processor.py:208} INFO - Processing /home/airflow/.local/lib/python3.12/site-packages/airflow/example_dags/example_latest_only_with_trigger.py took 0.078 seconds
[2024-10-15T01:03:57.650+0000] {processor.py:186} INFO - Started process (PID=591) to work on /home/airflow/.local/lib/python3.12/site-packages/airflow/example_dags/example_latest_only_with_trigger.py
[2024-10-15T01:03:57.652+0000] {processor.py:914} INFO - Processing file /home/airflow/.local/lib/python3.12/site-packages/airflow/example_dags/example_latest_only_with_trigger.py for tasks to queue
[2024-10-15T01:03:57.654+0000] {logging_mixin.py:190} INFO - [2024-10-15T01:03:57.654+0000] {dagbag.py:588} INFO - Filling up the DagBag from /home/airflow/.local/lib/python3.12/site-packages/airflow/example_dags/example_latest_only_with_trigger.py
[2024-10-15T01:03:57.662+0000] {processor.py:925} INFO - DAG(s) 'latest_only_with_trigger' retrieved from /home/airflow/.local/lib/python3.12/site-packages/airflow/example_dags/example_latest_only_with_trigger.py
[2024-10-15T01:03:57.687+0000] {logging_mixin.py:190} INFO - [2024-10-15T01:03:57.687+0000] {dag.py:3239} INFO - Sync 1 DAGs
[2024-10-15T01:03:57.711+0000] {logging_mixin.py:190} INFO - [2024-10-15T01:03:57.710+0000] {dag.py:4180} INFO - Setting next_dagrun for latest_only_with_trigger to 2024-10-14 20:00:00+00:00, run_after=2024-10-15 00:00:00+00:00
[2024-10-15T01:03:57.732+0000] {processor.py:208} INFO - Processing /home/airflow/.local/lib/python3.12/site-packages/airflow/example_dags/example_latest_only_with_trigger.py took 0.087 seconds
[2024-10-15T01:04:28.095+0000] {processor.py:186} INFO - Started process (PID=653) to work on /home/airflow/.local/lib/python3.12/site-packages/airflow/example_dags/example_latest_only_with_trigger.py
[2024-10-15T01:04:28.096+0000] {processor.py:914} INFO - Processing file /home/airflow/.local/lib/python3.12/site-packages/airflow/example_dags/example_latest_only_with_trigger.py for tasks to queue
[2024-10-15T01:04:28.099+0000] {logging_mixin.py:190} INFO - [2024-10-15T01:04:28.098+0000] {dagbag.py:588} INFO - Filling up the DagBag from /home/airflow/.local/lib/python3.12/site-packages/airflow/example_dags/example_latest_only_with_trigger.py
[2024-10-15T01:04:28.106+0000] {processor.py:925} INFO - DAG(s) 'latest_only_with_trigger' retrieved from /home/airflow/.local/lib/python3.12/site-packages/airflow/example_dags/example_latest_only_with_trigger.py
[2024-10-15T01:04:28.129+0000] {logging_mixin.py:190} INFO - [2024-10-15T01:04:28.129+0000] {dag.py:3239} INFO - Sync 1 DAGs
[2024-10-15T01:04:28.150+0000] {logging_mixin.py:190} INFO - [2024-10-15T01:04:28.150+0000] {dag.py:4180} INFO - Setting next_dagrun for latest_only_with_trigger to 2024-10-14 20:00:00+00:00, run_after=2024-10-15 00:00:00+00:00
[2024-10-15T01:04:28.171+0000] {processor.py:208} INFO - Processing /home/airflow/.local/lib/python3.12/site-packages/airflow/example_dags/example_latest_only_with_trigger.py took 0.081 seconds
[2024-10-15T01:04:58.514+0000] {processor.py:186} INFO - Started process (PID=715) to work on /home/airflow/.local/lib/python3.12/site-packages/airflow/example_dags/example_latest_only_with_trigger.py
[2024-10-15T01:04:58.515+0000] {processor.py:914} INFO - Processing file /home/airflow/.local/lib/python3.12/site-packages/airflow/example_dags/example_latest_only_with_trigger.py for tasks to queue
[2024-10-15T01:04:58.517+0000] {logging_mixin.py:190} INFO - [2024-10-15T01:04:58.517+0000] {dagbag.py:588} INFO - Filling up the DagBag from /home/airflow/.local/lib/python3.12/site-packages/airflow/example_dags/example_latest_only_with_trigger.py
[2024-10-15T01:04:58.525+0000] {processor.py:925} INFO - DAG(s) 'latest_only_with_trigger' retrieved from /home/airflow/.local/lib/python3.12/site-packages/airflow/example_dags/example_latest_only_with_trigger.py
[2024-10-15T01:04:58.547+0000] {logging_mixin.py:190} INFO - [2024-10-15T01:04:58.547+0000] {dag.py:3239} INFO - Sync 1 DAGs
[2024-10-15T01:04:58.573+0000] {logging_mixin.py:190} INFO - [2024-10-15T01:04:58.572+0000] {dag.py:4180} INFO - Setting next_dagrun for latest_only_with_trigger to 2024-10-14 20:00:00+00:00, run_after=2024-10-15 00:00:00+00:00
[2024-10-15T01:04:58.591+0000] {processor.py:208} INFO - Processing /home/airflow/.local/lib/python3.12/site-packages/airflow/example_dags/example_latest_only_with_trigger.py took 0.084 seconds
[2024-10-15T01:05:28.981+0000] {processor.py:186} INFO - Started process (PID=777) to work on /home/airflow/.local/lib/python3.12/site-packages/airflow/example_dags/example_latest_only_with_trigger.py
[2024-10-15T01:05:28.983+0000] {processor.py:914} INFO - Processing file /home/airflow/.local/lib/python3.12/site-packages/airflow/example_dags/example_latest_only_with_trigger.py for tasks to queue
[2024-10-15T01:05:28.985+0000] {logging_mixin.py:190} INFO - [2024-10-15T01:05:28.985+0000] {dagbag.py:588} INFO - Filling up the DagBag from /home/airflow/.local/lib/python3.12/site-packages/airflow/example_dags/example_latest_only_with_trigger.py
[2024-10-15T01:05:28.993+0000] {processor.py:925} INFO - DAG(s) 'latest_only_with_trigger' retrieved from /home/airflow/.local/lib/python3.12/site-packages/airflow/example_dags/example_latest_only_with_trigger.py
[2024-10-15T01:05:29.014+0000] {logging_mixin.py:190} INFO - [2024-10-15T01:05:29.013+0000] {dag.py:3239} INFO - Sync 1 DAGs
[2024-10-15T01:05:29.044+0000] {logging_mixin.py:190} INFO - [2024-10-15T01:05:29.043+0000] {dag.py:4180} INFO - Setting next_dagrun for latest_only_with_trigger to 2024-10-14 20:00:00+00:00, run_after=2024-10-15 00:00:00+00:00
[2024-10-15T01:05:29.063+0000] {processor.py:208} INFO - Processing /home/airflow/.local/lib/python3.12/site-packages/airflow/example_dags/example_latest_only_with_trigger.py took 0.087 seconds
[2024-10-15T01:05:59.498+0000] {processor.py:186} INFO - Started process (PID=840) to work on /home/airflow/.local/lib/python3.12/site-packages/airflow/example_dags/example_latest_only_with_trigger.py
[2024-10-15T01:05:59.499+0000] {processor.py:914} INFO - Processing file /home/airflow/.local/lib/python3.12/site-packages/airflow/example_dags/example_latest_only_with_trigger.py for tasks to queue
[2024-10-15T01:05:59.501+0000] {logging_mixin.py:190} INFO - [2024-10-15T01:05:59.500+0000] {dagbag.py:588} INFO - Filling up the DagBag from /home/airflow/.local/lib/python3.12/site-packages/airflow/example_dags/example_latest_only_with_trigger.py
[2024-10-15T01:05:59.509+0000] {processor.py:925} INFO - DAG(s) 'latest_only_with_trigger' retrieved from /home/airflow/.local/lib/python3.12/site-packages/airflow/example_dags/example_latest_only_with_trigger.py
[2024-10-15T01:05:59.536+0000] {logging_mixin.py:190} INFO - [2024-10-15T01:05:59.536+0000] {dag.py:3239} INFO - Sync 1 DAGs
[2024-10-15T01:05:59.561+0000] {logging_mixin.py:190} INFO - [2024-10-15T01:05:59.561+0000] {dag.py:4180} INFO - Setting next_dagrun for latest_only_with_trigger to 2024-10-14 20:00:00+00:00, run_after=2024-10-15 00:00:00+00:00
[2024-10-15T01:05:59.579+0000] {processor.py:208} INFO - Processing /home/airflow/.local/lib/python3.12/site-packages/airflow/example_dags/example_latest_only_with_trigger.py took 0.093 seconds
[2024-10-15T01:06:30.322+0000] {processor.py:186} INFO - Started process (PID=902) to work on /home/airflow/.local/lib/python3.12/site-packages/airflow/example_dags/example_latest_only_with_trigger.py
[2024-10-15T01:06:30.323+0000] {processor.py:914} INFO - Processing file /home/airflow/.local/lib/python3.12/site-packages/airflow/example_dags/example_latest_only_with_trigger.py for tasks to queue
[2024-10-15T01:06:30.325+0000] {logging_mixin.py:190} INFO - [2024-10-15T01:06:30.325+0000] {dagbag.py:588} INFO - Filling up the DagBag from /home/airflow/.local/lib/python3.12/site-packages/airflow/example_dags/example_latest_only_with_trigger.py
[2024-10-15T01:06:30.333+0000] {processor.py:925} INFO - DAG(s) 'latest_only_with_trigger' retrieved from /home/airflow/.local/lib/python3.12/site-packages/airflow/example_dags/example_latest_only_with_trigger.py
[2024-10-15T01:06:30.354+0000] {logging_mixin.py:190} INFO - [2024-10-15T01:06:30.353+0000] {dag.py:3239} INFO - Sync 1 DAGs
[2024-10-15T01:06:30.384+0000] {logging_mixin.py:190} INFO - [2024-10-15T01:06:30.383+0000] {dag.py:4180} INFO - Setting next_dagrun for latest_only_with_trigger to 2024-10-14 20:00:00+00:00, run_after=2024-10-15 00:00:00+00:00
[2024-10-15T01:06:30.404+0000] {processor.py:208} INFO - Processing /home/airflow/.local/lib/python3.12/site-packages/airflow/example_dags/example_latest_only_with_trigger.py took 0.093 seconds
[2024-10-15T01:07:00.530+0000] {processor.py:186} INFO - Started process (PID=964) to work on /home/airflow/.local/lib/python3.12/site-packages/airflow/example_dags/example_latest_only_with_trigger.py
[2024-10-15T01:07:00.530+0000] {processor.py:914} INFO - Processing file /home/airflow/.local/lib/python3.12/site-packages/airflow/example_dags/example_latest_only_with_trigger.py for tasks to queue
[2024-10-15T01:07:00.532+0000] {logging_mixin.py:190} INFO - [2024-10-15T01:07:00.532+0000] {dagbag.py:588} INFO - Filling up the DagBag from /home/airflow/.local/lib/python3.12/site-packages/airflow/example_dags/example_latest_only_with_trigger.py
[2024-10-15T01:07:00.540+0000] {processor.py:925} INFO - DAG(s) 'latest_only_with_trigger' retrieved from /home/airflow/.local/lib/python3.12/site-packages/airflow/example_dags/example_latest_only_with_trigger.py
[2024-10-15T01:07:00.565+0000] {logging_mixin.py:190} INFO - [2024-10-15T01:07:00.564+0000] {dag.py:3239} INFO - Sync 1 DAGs
[2024-10-15T01:07:00.588+0000] {logging_mixin.py:190} INFO - [2024-10-15T01:07:00.588+0000] {dag.py:4180} INFO - Setting next_dagrun for latest_only_with_trigger to 2024-10-14 20:00:00+00:00, run_after=2024-10-15 00:00:00+00:00
[2024-10-15T01:07:00.603+0000] {processor.py:208} INFO - Processing /home/airflow/.local/lib/python3.12/site-packages/airflow/example_dags/example_latest_only_with_trigger.py took 0.080 seconds
[2024-10-15T01:07:31.664+0000] {processor.py:186} INFO - Started process (PID=1027) to work on /home/airflow/.local/lib/python3.12/site-packages/airflow/example_dags/example_latest_only_with_trigger.py
[2024-10-15T01:07:31.666+0000] {processor.py:914} INFO - Processing file /home/airflow/.local/lib/python3.12/site-packages/airflow/example_dags/example_latest_only_with_trigger.py for tasks to queue
[2024-10-15T01:07:31.668+0000] {logging_mixin.py:190} INFO - [2024-10-15T01:07:31.668+0000] {dagbag.py:588} INFO - Filling up the DagBag from /home/airflow/.local/lib/python3.12/site-packages/airflow/example_dags/example_latest_only_with_trigger.py
[2024-10-15T01:07:31.675+0000] {processor.py:925} INFO - DAG(s) 'latest_only_with_trigger' retrieved from /home/airflow/.local/lib/python3.12/site-packages/airflow/example_dags/example_latest_only_with_trigger.py
[2024-10-15T01:07:31.698+0000] {logging_mixin.py:190} INFO - [2024-10-15T01:07:31.698+0000] {dag.py:3239} INFO - Sync 1 DAGs
[2024-10-15T01:07:31.720+0000] {logging_mixin.py:190} INFO - [2024-10-15T01:07:31.720+0000] {dag.py:4180} INFO - Setting next_dagrun for latest_only_with_trigger to 2024-10-14 20:00:00+00:00, run_after=2024-10-15 00:00:00+00:00
[2024-10-15T01:07:31.740+0000] {processor.py:208} INFO - Processing /home/airflow/.local/lib/python3.12/site-packages/airflow/example_dags/example_latest_only_with_trigger.py took 0.082 seconds
[2024-10-15T01:08:02.599+0000] {processor.py:186} INFO - Started process (PID=1089) to work on /home/airflow/.local/lib/python3.12/site-packages/airflow/example_dags/example_latest_only_with_trigger.py
[2024-10-15T01:08:02.602+0000] {processor.py:914} INFO - Processing file /home/airflow/.local/lib/python3.12/site-packages/airflow/example_dags/example_latest_only_with_trigger.py for tasks to queue
[2024-10-15T01:08:02.612+0000] {logging_mixin.py:190} INFO - [2024-10-15T01:08:02.611+0000] {dagbag.py:588} INFO - Filling up the DagBag from /home/airflow/.local/lib/python3.12/site-packages/airflow/example_dags/example_latest_only_with_trigger.py
[2024-10-15T01:08:02.623+0000] {processor.py:925} INFO - DAG(s) 'latest_only_with_trigger' retrieved from /home/airflow/.local/lib/python3.12/site-packages/airflow/example_dags/example_latest_only_with_trigger.py
[2024-10-15T01:08:02.668+0000] {logging_mixin.py:190} INFO - [2024-10-15T01:08:02.668+0000] {dag.py:3239} INFO - Sync 1 DAGs
[2024-10-15T01:08:02.737+0000] {logging_mixin.py:190} INFO - [2024-10-15T01:08:02.736+0000] {dag.py:4180} INFO - Setting next_dagrun for latest_only_with_trigger to 2024-10-14 20:00:00+00:00, run_after=2024-10-15 00:00:00+00:00
[2024-10-15T01:08:02.755+0000] {processor.py:208} INFO - Processing /home/airflow/.local/lib/python3.12/site-packages/airflow/example_dags/example_latest_only_with_trigger.py took 0.168 seconds
[2024-10-15T01:08:33.508+0000] {processor.py:186} INFO - Started process (PID=1151) to work on /home/airflow/.local/lib/python3.12/site-packages/airflow/example_dags/example_latest_only_with_trigger.py
[2024-10-15T01:08:33.510+0000] {processor.py:914} INFO - Processing file /home/airflow/.local/lib/python3.12/site-packages/airflow/example_dags/example_latest_only_with_trigger.py for tasks to queue
[2024-10-15T01:08:33.512+0000] {logging_mixin.py:190} INFO - [2024-10-15T01:08:33.512+0000] {dagbag.py:588} INFO - Filling up the DagBag from /home/airflow/.local/lib/python3.12/site-packages/airflow/example_dags/example_latest_only_with_trigger.py
[2024-10-15T01:08:33.527+0000] {processor.py:925} INFO - DAG(s) 'latest_only_with_trigger' retrieved from /home/airflow/.local/lib/python3.12/site-packages/airflow/example_dags/example_latest_only_with_trigger.py
[2024-10-15T01:08:33.570+0000] {logging_mixin.py:190} INFO - [2024-10-15T01:08:33.570+0000] {dag.py:3239} INFO - Sync 1 DAGs
[2024-10-15T01:08:33.625+0000] {logging_mixin.py:190} INFO - [2024-10-15T01:08:33.625+0000] {dag.py:4180} INFO - Setting next_dagrun for latest_only_with_trigger to 2024-10-14 20:00:00+00:00, run_after=2024-10-15 00:00:00+00:00
[2024-10-15T01:08:33.667+0000] {processor.py:208} INFO - Processing /home/airflow/.local/lib/python3.12/site-packages/airflow/example_dags/example_latest_only_with_trigger.py took 0.165 seconds
[2024-10-15T01:09:04.891+0000] {processor.py:186} INFO - Started process (PID=1213) to work on /home/airflow/.local/lib/python3.12/site-packages/airflow/example_dags/example_latest_only_with_trigger.py
[2024-10-15T01:09:04.897+0000] {processor.py:914} INFO - Processing file /home/airflow/.local/lib/python3.12/site-packages/airflow/example_dags/example_latest_only_with_trigger.py for tasks to queue
[2024-10-15T01:09:04.906+0000] {logging_mixin.py:190} INFO - [2024-10-15T01:09:04.903+0000] {dagbag.py:588} INFO - Filling up the DagBag from /home/airflow/.local/lib/python3.12/site-packages/airflow/example_dags/example_latest_only_with_trigger.py
[2024-10-15T01:09:04.921+0000] {processor.py:925} INFO - DAG(s) 'latest_only_with_trigger' retrieved from /home/airflow/.local/lib/python3.12/site-packages/airflow/example_dags/example_latest_only_with_trigger.py
[2024-10-15T01:09:04.971+0000] {logging_mixin.py:190} INFO - [2024-10-15T01:09:04.971+0000] {dag.py:3239} INFO - Sync 1 DAGs
[2024-10-15T01:09:05.004+0000] {logging_mixin.py:190} INFO - [2024-10-15T01:09:05.004+0000] {dag.py:4180} INFO - Setting next_dagrun for latest_only_with_trigger to 2024-10-14 20:00:00+00:00, run_after=2024-10-15 00:00:00+00:00
[2024-10-15T01:09:05.048+0000] {processor.py:208} INFO - Processing /home/airflow/.local/lib/python3.12/site-packages/airflow/example_dags/example_latest_only_with_trigger.py took 0.178 seconds
[2024-10-15T01:09:35.331+0000] {processor.py:186} INFO - Started process (PID=1275) to work on /home/airflow/.local/lib/python3.12/site-packages/airflow/example_dags/example_latest_only_with_trigger.py
[2024-10-15T01:09:35.333+0000] {processor.py:914} INFO - Processing file /home/airflow/.local/lib/python3.12/site-packages/airflow/example_dags/example_latest_only_with_trigger.py for tasks to queue
[2024-10-15T01:09:35.335+0000] {logging_mixin.py:190} INFO - [2024-10-15T01:09:35.335+0000] {dagbag.py:588} INFO - Filling up the DagBag from /home/airflow/.local/lib/python3.12/site-packages/airflow/example_dags/example_latest_only_with_trigger.py
[2024-10-15T01:09:35.345+0000] {processor.py:925} INFO - DAG(s) 'latest_only_with_trigger' retrieved from /home/airflow/.local/lib/python3.12/site-packages/airflow/example_dags/example_latest_only_with_trigger.py
[2024-10-15T01:09:35.367+0000] {logging_mixin.py:190} INFO - [2024-10-15T01:09:35.366+0000] {dag.py:3239} INFO - Sync 1 DAGs
[2024-10-15T01:09:35.393+0000] {logging_mixin.py:190} INFO - [2024-10-15T01:09:35.392+0000] {dag.py:4180} INFO - Setting next_dagrun for latest_only_with_trigger to 2024-10-14 20:00:00+00:00, run_after=2024-10-15 00:00:00+00:00
[2024-10-15T01:09:35.411+0000] {processor.py:208} INFO - Processing /home/airflow/.local/lib/python3.12/site-packages/airflow/example_dags/example_latest_only_with_trigger.py took 0.087 seconds
[2024-10-15T01:10:06.015+0000] {processor.py:186} INFO - Started process (PID=1339) to work on /home/airflow/.local/lib/python3.12/site-packages/airflow/example_dags/example_latest_only_with_trigger.py
[2024-10-15T01:10:06.016+0000] {processor.py:914} INFO - Processing file /home/airflow/.local/lib/python3.12/site-packages/airflow/example_dags/example_latest_only_with_trigger.py for tasks to queue
[2024-10-15T01:10:06.017+0000] {logging_mixin.py:190} INFO - [2024-10-15T01:10:06.016+0000] {dagbag.py:588} INFO - Filling up the DagBag from /home/airflow/.local/lib/python3.12/site-packages/airflow/example_dags/example_latest_only_with_trigger.py
[2024-10-15T01:10:06.025+0000] {processor.py:925} INFO - DAG(s) 'latest_only_with_trigger' retrieved from /home/airflow/.local/lib/python3.12/site-packages/airflow/example_dags/example_latest_only_with_trigger.py
[2024-10-15T01:10:06.047+0000] {logging_mixin.py:190} INFO - [2024-10-15T01:10:06.047+0000] {dag.py:3239} INFO - Sync 1 DAGs
[2024-10-15T01:10:06.070+0000] {logging_mixin.py:190} INFO - [2024-10-15T01:10:06.070+0000] {dag.py:4180} INFO - Setting next_dagrun for latest_only_with_trigger to 2024-10-14 20:00:00+00:00, run_after=2024-10-15 00:00:00+00:00
[2024-10-15T01:10:06.092+0000] {processor.py:208} INFO - Processing /home/airflow/.local/lib/python3.12/site-packages/airflow/example_dags/example_latest_only_with_trigger.py took 0.085 seconds
[2024-10-15T01:10:37.066+0000] {processor.py:186} INFO - Started process (PID=1401) to work on /home/airflow/.local/lib/python3.12/site-packages/airflow/example_dags/example_latest_only_with_trigger.py
[2024-10-15T01:10:37.090+0000] {processor.py:914} INFO - Processing file /home/airflow/.local/lib/python3.12/site-packages/airflow/example_dags/example_latest_only_with_trigger.py for tasks to queue
[2024-10-15T01:10:37.091+0000] {logging_mixin.py:190} INFO - [2024-10-15T01:10:37.090+0000] {dagbag.py:588} INFO - Filling up the DagBag from /home/airflow/.local/lib/python3.12/site-packages/airflow/example_dags/example_latest_only_with_trigger.py
[2024-10-15T01:10:37.097+0000] {processor.py:925} INFO - DAG(s) 'latest_only_with_trigger' retrieved from /home/airflow/.local/lib/python3.12/site-packages/airflow/example_dags/example_latest_only_with_trigger.py
[2024-10-15T01:10:37.112+0000] {logging_mixin.py:190} INFO - [2024-10-15T01:10:37.112+0000] {dag.py:3239} INFO - Sync 1 DAGs
[2024-10-15T01:10:37.131+0000] {logging_mixin.py:190} INFO - [2024-10-15T01:10:37.131+0000] {dag.py:4180} INFO - Setting next_dagrun for latest_only_with_trigger to 2024-10-14 20:00:00+00:00, run_after=2024-10-15 00:00:00+00:00
[2024-10-15T01:10:37.154+0000] {processor.py:208} INFO - Processing /home/airflow/.local/lib/python3.12/site-packages/airflow/example_dags/example_latest_only_with_trigger.py took 0.120 seconds
[2024-10-15T01:11:07.482+0000] {processor.py:186} INFO - Started process (PID=1464) to work on /home/airflow/.local/lib/python3.12/site-packages/airflow/example_dags/example_latest_only_with_trigger.py
[2024-10-15T01:11:07.485+0000] {processor.py:914} INFO - Processing file /home/airflow/.local/lib/python3.12/site-packages/airflow/example_dags/example_latest_only_with_trigger.py for tasks to queue
[2024-10-15T01:11:07.486+0000] {logging_mixin.py:190} INFO - [2024-10-15T01:11:07.486+0000] {dagbag.py:588} INFO - Filling up the DagBag from /home/airflow/.local/lib/python3.12/site-packages/airflow/example_dags/example_latest_only_with_trigger.py
[2024-10-15T01:11:07.495+0000] {processor.py:925} INFO - DAG(s) 'latest_only_with_trigger' retrieved from /home/airflow/.local/lib/python3.12/site-packages/airflow/example_dags/example_latest_only_with_trigger.py
[2024-10-15T01:11:07.515+0000] {logging_mixin.py:190} INFO - [2024-10-15T01:11:07.515+0000] {dag.py:3239} INFO - Sync 1 DAGs
[2024-10-15T01:11:07.538+0000] {logging_mixin.py:190} INFO - [2024-10-15T01:11:07.538+0000] {dag.py:4180} INFO - Setting next_dagrun for latest_only_with_trigger to 2024-10-14 20:00:00+00:00, run_after=2024-10-15 00:00:00+00:00
[2024-10-15T01:11:07.555+0000] {processor.py:208} INFO - Processing /home/airflow/.local/lib/python3.12/site-packages/airflow/example_dags/example_latest_only_with_trigger.py took 0.079 seconds
[2024-10-15T01:11:37.698+0000] {processor.py:186} INFO - Started process (PID=1527) to work on /home/airflow/.local/lib/python3.12/site-packages/airflow/example_dags/example_latest_only_with_trigger.py
[2024-10-15T01:11:37.699+0000] {processor.py:914} INFO - Processing file /home/airflow/.local/lib/python3.12/site-packages/airflow/example_dags/example_latest_only_with_trigger.py for tasks to queue
[2024-10-15T01:11:37.700+0000] {logging_mixin.py:190} INFO - [2024-10-15T01:11:37.700+0000] {dagbag.py:588} INFO - Filling up the DagBag from /home/airflow/.local/lib/python3.12/site-packages/airflow/example_dags/example_latest_only_with_trigger.py
[2024-10-15T01:11:37.711+0000] {processor.py:925} INFO - DAG(s) 'latest_only_with_trigger' retrieved from /home/airflow/.local/lib/python3.12/site-packages/airflow/example_dags/example_latest_only_with_trigger.py
[2024-10-15T01:11:37.738+0000] {logging_mixin.py:190} INFO - [2024-10-15T01:11:37.738+0000] {dag.py:3239} INFO - Sync 1 DAGs
[2024-10-15T01:11:37.762+0000] {logging_mixin.py:190} INFO - [2024-10-15T01:11:37.761+0000] {dag.py:4180} INFO - Setting next_dagrun for latest_only_with_trigger to 2024-10-14 20:00:00+00:00, run_after=2024-10-15 00:00:00+00:00
[2024-10-15T01:11:37.779+0000] {processor.py:208} INFO - Processing /home/airflow/.local/lib/python3.12/site-packages/airflow/example_dags/example_latest_only_with_trigger.py took 0.086 seconds
[2024-10-15T01:12:08.780+0000] {processor.py:186} INFO - Started process (PID=1590) to work on /home/airflow/.local/lib/python3.12/site-packages/airflow/example_dags/example_latest_only_with_trigger.py
[2024-10-15T01:12:08.783+0000] {processor.py:914} INFO - Processing file /home/airflow/.local/lib/python3.12/site-packages/airflow/example_dags/example_latest_only_with_trigger.py for tasks to queue
[2024-10-15T01:12:08.784+0000] {logging_mixin.py:190} INFO - [2024-10-15T01:12:08.784+0000] {dagbag.py:588} INFO - Filling up the DagBag from /home/airflow/.local/lib/python3.12/site-packages/airflow/example_dags/example_latest_only_with_trigger.py
[2024-10-15T01:12:08.794+0000] {processor.py:925} INFO - DAG(s) 'latest_only_with_trigger' retrieved from /home/airflow/.local/lib/python3.12/site-packages/airflow/example_dags/example_latest_only_with_trigger.py
[2024-10-15T01:12:08.815+0000] {logging_mixin.py:190} INFO - [2024-10-15T01:12:08.815+0000] {dag.py:3239} INFO - Sync 1 DAGs
[2024-10-15T01:12:08.838+0000] {logging_mixin.py:190} INFO - [2024-10-15T01:12:08.838+0000] {dag.py:4180} INFO - Setting next_dagrun for latest_only_with_trigger to 2024-10-14 20:00:00+00:00, run_after=2024-10-15 00:00:00+00:00
[2024-10-15T01:12:08.859+0000] {processor.py:208} INFO - Processing /home/airflow/.local/lib/python3.12/site-packages/airflow/example_dags/example_latest_only_with_trigger.py took 0.083 seconds
[2024-10-15T01:12:39.460+0000] {processor.py:186} INFO - Started process (PID=1654) to work on /home/airflow/.local/lib/python3.12/site-packages/airflow/example_dags/example_latest_only_with_trigger.py
[2024-10-15T01:12:39.463+0000] {processor.py:914} INFO - Processing file /home/airflow/.local/lib/python3.12/site-packages/airflow/example_dags/example_latest_only_with_trigger.py for tasks to queue
[2024-10-15T01:12:39.464+0000] {logging_mixin.py:190} INFO - [2024-10-15T01:12:39.463+0000] {dagbag.py:588} INFO - Filling up the DagBag from /home/airflow/.local/lib/python3.12/site-packages/airflow/example_dags/example_latest_only_with_trigger.py
[2024-10-15T01:12:39.472+0000] {processor.py:925} INFO - DAG(s) 'latest_only_with_trigger' retrieved from /home/airflow/.local/lib/python3.12/site-packages/airflow/example_dags/example_latest_only_with_trigger.py
[2024-10-15T01:12:39.492+0000] {logging_mixin.py:190} INFO - [2024-10-15T01:12:39.492+0000] {dag.py:3239} INFO - Sync 1 DAGs
[2024-10-15T01:12:39.516+0000] {logging_mixin.py:190} INFO - [2024-10-15T01:12:39.516+0000] {dag.py:4180} INFO - Setting next_dagrun for latest_only_with_trigger to 2024-10-14 20:00:00+00:00, run_after=2024-10-15 00:00:00+00:00
[2024-10-15T01:12:39.533+0000] {processor.py:208} INFO - Processing /home/airflow/.local/lib/python3.12/site-packages/airflow/example_dags/example_latest_only_with_trigger.py took 0.081 seconds
[2024-10-15T01:13:10.530+0000] {processor.py:186} INFO - Started process (PID=1719) to work on /home/airflow/.local/lib/python3.12/site-packages/airflow/example_dags/example_latest_only_with_trigger.py
[2024-10-15T01:13:10.538+0000] {processor.py:914} INFO - Processing file /home/airflow/.local/lib/python3.12/site-packages/airflow/example_dags/example_latest_only_with_trigger.py for tasks to queue
[2024-10-15T01:13:10.540+0000] {logging_mixin.py:190} INFO - [2024-10-15T01:13:10.539+0000] {dagbag.py:588} INFO - Filling up the DagBag from /home/airflow/.local/lib/python3.12/site-packages/airflow/example_dags/example_latest_only_with_trigger.py
[2024-10-15T01:13:10.556+0000] {processor.py:925} INFO - DAG(s) 'latest_only_with_trigger' retrieved from /home/airflow/.local/lib/python3.12/site-packages/airflow/example_dags/example_latest_only_with_trigger.py
[2024-10-15T01:13:10.604+0000] {logging_mixin.py:190} INFO - [2024-10-15T01:13:10.603+0000] {dag.py:3239} INFO - Sync 1 DAGs
[2024-10-15T01:13:10.651+0000] {logging_mixin.py:190} INFO - [2024-10-15T01:13:10.651+0000] {dag.py:4180} INFO - Setting next_dagrun for latest_only_with_trigger to 2024-10-14 20:00:00+00:00, run_after=2024-10-15 00:00:00+00:00
[2024-10-15T01:13:10.753+0000] {processor.py:208} INFO - Processing /home/airflow/.local/lib/python3.12/site-packages/airflow/example_dags/example_latest_only_with_trigger.py took 0.246 seconds
[2024-10-15T01:13:40.981+0000] {processor.py:186} INFO - Started process (PID=1782) to work on /home/airflow/.local/lib/python3.12/site-packages/airflow/example_dags/example_latest_only_with_trigger.py
[2024-10-15T01:13:40.982+0000] {processor.py:914} INFO - Processing file /home/airflow/.local/lib/python3.12/site-packages/airflow/example_dags/example_latest_only_with_trigger.py for tasks to queue
[2024-10-15T01:13:40.983+0000] {logging_mixin.py:190} INFO - [2024-10-15T01:13:40.982+0000] {dagbag.py:588} INFO - Filling up the DagBag from /home/airflow/.local/lib/python3.12/site-packages/airflow/example_dags/example_latest_only_with_trigger.py
[2024-10-15T01:13:40.989+0000] {processor.py:925} INFO - DAG(s) 'latest_only_with_trigger' retrieved from /home/airflow/.local/lib/python3.12/site-packages/airflow/example_dags/example_latest_only_with_trigger.py
[2024-10-15T01:13:41.004+0000] {logging_mixin.py:190} INFO - [2024-10-15T01:13:41.004+0000] {dag.py:3239} INFO - Sync 1 DAGs
[2024-10-15T01:13:41.024+0000] {logging_mixin.py:190} INFO - [2024-10-15T01:13:41.024+0000] {dag.py:4180} INFO - Setting next_dagrun for latest_only_with_trigger to 2024-10-14 20:00:00+00:00, run_after=2024-10-15 00:00:00+00:00
[2024-10-15T01:13:41.039+0000] {processor.py:208} INFO - Processing /home/airflow/.local/lib/python3.12/site-packages/airflow/example_dags/example_latest_only_with_trigger.py took 0.065 seconds
[2024-10-15T01:14:11.772+0000] {processor.py:186} INFO - Started process (PID=1845) to work on /home/airflow/.local/lib/python3.12/site-packages/airflow/example_dags/example_latest_only_with_trigger.py
[2024-10-15T01:14:11.773+0000] {processor.py:914} INFO - Processing file /home/airflow/.local/lib/python3.12/site-packages/airflow/example_dags/example_latest_only_with_trigger.py for tasks to queue
[2024-10-15T01:14:11.800+0000] {logging_mixin.py:190} INFO - [2024-10-15T01:14:11.798+0000] {dagbag.py:588} INFO - Filling up the DagBag from /home/airflow/.local/lib/python3.12/site-packages/airflow/example_dags/example_latest_only_with_trigger.py
[2024-10-15T01:14:11.820+0000] {processor.py:925} INFO - DAG(s) 'latest_only_with_trigger' retrieved from /home/airflow/.local/lib/python3.12/site-packages/airflow/example_dags/example_latest_only_with_trigger.py
[2024-10-15T01:14:11.861+0000] {logging_mixin.py:190} INFO - [2024-10-15T01:14:11.861+0000] {dag.py:3239} INFO - Sync 1 DAGs
[2024-10-15T01:14:11.898+0000] {logging_mixin.py:190} INFO - [2024-10-15T01:14:11.898+0000] {dag.py:4180} INFO - Setting next_dagrun for latest_only_with_trigger to 2024-10-14 20:00:00+00:00, run_after=2024-10-15 00:00:00+00:00
[2024-10-15T01:14:11.923+0000] {processor.py:208} INFO - Processing /home/airflow/.local/lib/python3.12/site-packages/airflow/example_dags/example_latest_only_with_trigger.py took 0.164 seconds
[2024-10-15T01:14:41.977+0000] {processor.py:186} INFO - Started process (PID=1908) to work on /home/airflow/.local/lib/python3.12/site-packages/airflow/example_dags/example_latest_only_with_trigger.py
[2024-10-15T01:14:41.979+0000] {processor.py:914} INFO - Processing file /home/airflow/.local/lib/python3.12/site-packages/airflow/example_dags/example_latest_only_with_trigger.py for tasks to queue
[2024-10-15T01:14:41.980+0000] {logging_mixin.py:190} INFO - [2024-10-15T01:14:41.979+0000] {dagbag.py:588} INFO - Filling up the DagBag from /home/airflow/.local/lib/python3.12/site-packages/airflow/example_dags/example_latest_only_with_trigger.py
[2024-10-15T01:14:41.988+0000] {processor.py:925} INFO - DAG(s) 'latest_only_with_trigger' retrieved from /home/airflow/.local/lib/python3.12/site-packages/airflow/example_dags/example_latest_only_with_trigger.py
[2024-10-15T01:14:42.012+0000] {logging_mixin.py:190} INFO - [2024-10-15T01:14:42.011+0000] {dag.py:3239} INFO - Sync 1 DAGs
[2024-10-15T01:14:42.035+0000] {logging_mixin.py:190} INFO - [2024-10-15T01:14:42.035+0000] {dag.py:4180} INFO - Setting next_dagrun for latest_only_with_trigger to 2024-10-14 20:00:00+00:00, run_after=2024-10-15 00:00:00+00:00
[2024-10-15T01:14:42.055+0000] {processor.py:208} INFO - Processing /home/airflow/.local/lib/python3.12/site-packages/airflow/example_dags/example_latest_only_with_trigger.py took 0.084 seconds
[2024-10-15T01:15:12.784+0000] {processor.py:186} INFO - Started process (PID=1970) to work on /home/airflow/.local/lib/python3.12/site-packages/airflow/example_dags/example_latest_only_with_trigger.py
[2024-10-15T01:15:12.785+0000] {processor.py:914} INFO - Processing file /home/airflow/.local/lib/python3.12/site-packages/airflow/example_dags/example_latest_only_with_trigger.py for tasks to queue
[2024-10-15T01:15:12.786+0000] {logging_mixin.py:190} INFO - [2024-10-15T01:15:12.786+0000] {dagbag.py:588} INFO - Filling up the DagBag from /home/airflow/.local/lib/python3.12/site-packages/airflow/example_dags/example_latest_only_with_trigger.py
[2024-10-15T01:15:12.795+0000] {processor.py:925} INFO - DAG(s) 'latest_only_with_trigger' retrieved from /home/airflow/.local/lib/python3.12/site-packages/airflow/example_dags/example_latest_only_with_trigger.py
[2024-10-15T01:15:12.830+0000] {logging_mixin.py:190} INFO - [2024-10-15T01:15:12.819+0000] {dag.py:3239} INFO - Sync 1 DAGs
[2024-10-15T01:15:12.870+0000] {logging_mixin.py:190} INFO - [2024-10-15T01:15:12.870+0000] {dag.py:4180} INFO - Setting next_dagrun for latest_only_with_trigger to 2024-10-14 20:00:00+00:00, run_after=2024-10-15 00:00:00+00:00
[2024-10-15T01:15:12.898+0000] {processor.py:208} INFO - Processing /home/airflow/.local/lib/python3.12/site-packages/airflow/example_dags/example_latest_only_with_trigger.py took 0.131 seconds
[2024-10-15T01:15:42.931+0000] {processor.py:186} INFO - Started process (PID=2033) to work on /home/airflow/.local/lib/python3.12/site-packages/airflow/example_dags/example_latest_only_with_trigger.py
[2024-10-15T01:15:42.932+0000] {processor.py:914} INFO - Processing file /home/airflow/.local/lib/python3.12/site-packages/airflow/example_dags/example_latest_only_with_trigger.py for tasks to queue
[2024-10-15T01:15:42.934+0000] {logging_mixin.py:190} INFO - [2024-10-15T01:15:42.933+0000] {dagbag.py:588} INFO - Filling up the DagBag from /home/airflow/.local/lib/python3.12/site-packages/airflow/example_dags/example_latest_only_with_trigger.py
[2024-10-15T01:15:42.943+0000] {processor.py:925} INFO - DAG(s) 'latest_only_with_trigger' retrieved from /home/airflow/.local/lib/python3.12/site-packages/airflow/example_dags/example_latest_only_with_trigger.py
[2024-10-15T01:15:42.963+0000] {logging_mixin.py:190} INFO - [2024-10-15T01:15:42.963+0000] {dag.py:3239} INFO - Sync 1 DAGs
[2024-10-15T01:15:42.986+0000] {logging_mixin.py:190} INFO - [2024-10-15T01:15:42.985+0000] {dag.py:4180} INFO - Setting next_dagrun for latest_only_with_trigger to 2024-10-14 20:00:00+00:00, run_after=2024-10-15 00:00:00+00:00
[2024-10-15T01:15:43.011+0000] {processor.py:208} INFO - Processing /home/airflow/.local/lib/python3.12/site-packages/airflow/example_dags/example_latest_only_with_trigger.py took 0.087 seconds
[2024-10-15T01:16:13.149+0000] {processor.py:186} INFO - Started process (PID=2095) to work on /home/airflow/.local/lib/python3.12/site-packages/airflow/example_dags/example_latest_only_with_trigger.py
[2024-10-15T01:16:13.150+0000] {processor.py:914} INFO - Processing file /home/airflow/.local/lib/python3.12/site-packages/airflow/example_dags/example_latest_only_with_trigger.py for tasks to queue
[2024-10-15T01:16:13.151+0000] {logging_mixin.py:190} INFO - [2024-10-15T01:16:13.151+0000] {dagbag.py:588} INFO - Filling up the DagBag from /home/airflow/.local/lib/python3.12/site-packages/airflow/example_dags/example_latest_only_with_trigger.py
[2024-10-15T01:16:13.159+0000] {processor.py:925} INFO - DAG(s) 'latest_only_with_trigger' retrieved from /home/airflow/.local/lib/python3.12/site-packages/airflow/example_dags/example_latest_only_with_trigger.py
[2024-10-15T01:16:13.184+0000] {logging_mixin.py:190} INFO - [2024-10-15T01:16:13.184+0000] {dag.py:3239} INFO - Sync 1 DAGs
[2024-10-15T01:16:13.209+0000] {logging_mixin.py:190} INFO - [2024-10-15T01:16:13.209+0000] {dag.py:4180} INFO - Setting next_dagrun for latest_only_with_trigger to 2024-10-14 20:00:00+00:00, run_after=2024-10-15 00:00:00+00:00
[2024-10-15T01:16:13.232+0000] {processor.py:208} INFO - Processing /home/airflow/.local/lib/python3.12/site-packages/airflow/example_dags/example_latest_only_with_trigger.py took 0.090 seconds
[2024-10-15T01:16:43.742+0000] {processor.py:186} INFO - Started process (PID=2158) to work on /home/airflow/.local/lib/python3.12/site-packages/airflow/example_dags/example_latest_only_with_trigger.py
[2024-10-15T01:16:43.744+0000] {processor.py:914} INFO - Processing file /home/airflow/.local/lib/python3.12/site-packages/airflow/example_dags/example_latest_only_with_trigger.py for tasks to queue
[2024-10-15T01:16:43.745+0000] {logging_mixin.py:190} INFO - [2024-10-15T01:16:43.745+0000] {dagbag.py:588} INFO - Filling up the DagBag from /home/airflow/.local/lib/python3.12/site-packages/airflow/example_dags/example_latest_only_with_trigger.py
[2024-10-15T01:16:43.753+0000] {processor.py:925} INFO - DAG(s) 'latest_only_with_trigger' retrieved from /home/airflow/.local/lib/python3.12/site-packages/airflow/example_dags/example_latest_only_with_trigger.py
[2024-10-15T01:16:43.776+0000] {logging_mixin.py:190} INFO - [2024-10-15T01:16:43.776+0000] {dag.py:3239} INFO - Sync 1 DAGs
[2024-10-15T01:16:43.799+0000] {logging_mixin.py:190} INFO - [2024-10-15T01:16:43.799+0000] {dag.py:4180} INFO - Setting next_dagrun for latest_only_with_trigger to 2024-10-14 20:00:00+00:00, run_after=2024-10-15 00:00:00+00:00
[2024-10-15T01:16:43.817+0000] {processor.py:208} INFO - Processing /home/airflow/.local/lib/python3.12/site-packages/airflow/example_dags/example_latest_only_with_trigger.py took 0.088 seconds
[2024-10-15T01:17:14.243+0000] {processor.py:186} INFO - Started process (PID=2221) to work on /home/airflow/.local/lib/python3.12/site-packages/airflow/example_dags/example_latest_only_with_trigger.py
[2024-10-15T01:17:14.244+0000] {processor.py:914} INFO - Processing file /home/airflow/.local/lib/python3.12/site-packages/airflow/example_dags/example_latest_only_with_trigger.py for tasks to queue
[2024-10-15T01:17:14.244+0000] {logging_mixin.py:190} INFO - [2024-10-15T01:17:14.244+0000] {dagbag.py:588} INFO - Filling up the DagBag from /home/airflow/.local/lib/python3.12/site-packages/airflow/example_dags/example_latest_only_with_trigger.py
[2024-10-15T01:17:14.253+0000] {processor.py:925} INFO - DAG(s) 'latest_only_with_trigger' retrieved from /home/airflow/.local/lib/python3.12/site-packages/airflow/example_dags/example_latest_only_with_trigger.py
[2024-10-15T01:17:14.281+0000] {logging_mixin.py:190} INFO - [2024-10-15T01:17:14.281+0000] {dag.py:3239} INFO - Sync 1 DAGs
[2024-10-15T01:17:14.304+0000] {logging_mixin.py:190} INFO - [2024-10-15T01:17:14.304+0000] {dag.py:4180} INFO - Setting next_dagrun for latest_only_with_trigger to 2024-10-14 20:00:00+00:00, run_after=2024-10-15 00:00:00+00:00
[2024-10-15T01:17:14.324+0000] {processor.py:208} INFO - Processing /home/airflow/.local/lib/python3.12/site-packages/airflow/example_dags/example_latest_only_with_trigger.py took 0.090 seconds
[2024-10-15T01:17:44.787+0000] {processor.py:186} INFO - Started process (PID=2284) to work on /home/airflow/.local/lib/python3.12/site-packages/airflow/example_dags/example_latest_only_with_trigger.py
[2024-10-15T01:17:44.790+0000] {processor.py:914} INFO - Processing file /home/airflow/.local/lib/python3.12/site-packages/airflow/example_dags/example_latest_only_with_trigger.py for tasks to queue
[2024-10-15T01:17:44.791+0000] {logging_mixin.py:190} INFO - [2024-10-15T01:17:44.791+0000] {dagbag.py:588} INFO - Filling up the DagBag from /home/airflow/.local/lib/python3.12/site-packages/airflow/example_dags/example_latest_only_with_trigger.py
[2024-10-15T01:17:44.814+0000] {processor.py:925} INFO - DAG(s) 'latest_only_with_trigger' retrieved from /home/airflow/.local/lib/python3.12/site-packages/airflow/example_dags/example_latest_only_with_trigger.py
[2024-10-15T01:17:44.838+0000] {logging_mixin.py:190} INFO - [2024-10-15T01:17:44.838+0000] {dag.py:3239} INFO - Sync 1 DAGs
[2024-10-15T01:17:44.862+0000] {logging_mixin.py:190} INFO - [2024-10-15T01:17:44.862+0000] {dag.py:4180} INFO - Setting next_dagrun for latest_only_with_trigger to 2024-10-14 20:00:00+00:00, run_after=2024-10-15 00:00:00+00:00
[2024-10-15T01:17:44.880+0000] {processor.py:208} INFO - Processing /home/airflow/.local/lib/python3.12/site-packages/airflow/example_dags/example_latest_only_with_trigger.py took 0.101 seconds
[2024-10-15T01:18:16.094+0000] {processor.py:186} INFO - Started process (PID=2354) to work on /home/airflow/.local/lib/python3.12/site-packages/airflow/example_dags/example_latest_only_with_trigger.py
[2024-10-15T01:18:16.096+0000] {processor.py:914} INFO - Processing file /home/airflow/.local/lib/python3.12/site-packages/airflow/example_dags/example_latest_only_with_trigger.py for tasks to queue
[2024-10-15T01:18:16.096+0000] {logging_mixin.py:190} INFO - [2024-10-15T01:18:16.096+0000] {dagbag.py:588} INFO - Filling up the DagBag from /home/airflow/.local/lib/python3.12/site-packages/airflow/example_dags/example_latest_only_with_trigger.py
[2024-10-15T01:18:16.105+0000] {processor.py:925} INFO - DAG(s) 'latest_only_with_trigger' retrieved from /home/airflow/.local/lib/python3.12/site-packages/airflow/example_dags/example_latest_only_with_trigger.py
[2024-10-15T01:18:16.130+0000] {logging_mixin.py:190} INFO - [2024-10-15T01:18:16.130+0000] {dag.py:3239} INFO - Sync 1 DAGs
[2024-10-15T01:18:16.152+0000] {logging_mixin.py:190} INFO - [2024-10-15T01:18:16.151+0000] {dag.py:4180} INFO - Setting next_dagrun for latest_only_with_trigger to 2024-10-14 20:00:00+00:00, run_after=2024-10-15 00:00:00+00:00
[2024-10-15T01:18:16.172+0000] {processor.py:208} INFO - Processing /home/airflow/.local/lib/python3.12/site-packages/airflow/example_dags/example_latest_only_with_trigger.py took 0.085 seconds
[2024-10-15T01:18:47.976+0000] {processor.py:186} INFO - Started process (PID=2417) to work on /home/airflow/.local/lib/python3.12/site-packages/airflow/example_dags/example_latest_only_with_trigger.py
[2024-10-15T01:18:47.978+0000] {processor.py:914} INFO - Processing file /home/airflow/.local/lib/python3.12/site-packages/airflow/example_dags/example_latest_only_with_trigger.py for tasks to queue
[2024-10-15T01:18:47.978+0000] {logging_mixin.py:190} INFO - [2024-10-15T01:18:47.978+0000] {dagbag.py:588} INFO - Filling up the DagBag from /home/airflow/.local/lib/python3.12/site-packages/airflow/example_dags/example_latest_only_with_trigger.py
[2024-10-15T01:18:47.987+0000] {processor.py:925} INFO - DAG(s) 'latest_only_with_trigger' retrieved from /home/airflow/.local/lib/python3.12/site-packages/airflow/example_dags/example_latest_only_with_trigger.py
[2024-10-15T01:18:48.008+0000] {logging_mixin.py:190} INFO - [2024-10-15T01:18:48.008+0000] {dag.py:3239} INFO - Sync 1 DAGs
[2024-10-15T01:18:48.034+0000] {logging_mixin.py:190} INFO - [2024-10-15T01:18:48.033+0000] {dag.py:4180} INFO - Setting next_dagrun for latest_only_with_trigger to 2024-10-14 20:00:00+00:00, run_after=2024-10-15 00:00:00+00:00
[2024-10-15T01:18:48.051+0000] {processor.py:208} INFO - Processing /home/airflow/.local/lib/python3.12/site-packages/airflow/example_dags/example_latest_only_with_trigger.py took 0.082 seconds
[2024-10-15T01:19:18.672+0000] {processor.py:186} INFO - Started process (PID=2480) to work on /home/airflow/.local/lib/python3.12/site-packages/airflow/example_dags/example_latest_only_with_trigger.py
[2024-10-15T01:19:18.675+0000] {processor.py:914} INFO - Processing file /home/airflow/.local/lib/python3.12/site-packages/airflow/example_dags/example_latest_only_with_trigger.py for tasks to queue
[2024-10-15T01:19:18.676+0000] {logging_mixin.py:190} INFO - [2024-10-15T01:19:18.676+0000] {dagbag.py:588} INFO - Filling up the DagBag from /home/airflow/.local/lib/python3.12/site-packages/airflow/example_dags/example_latest_only_with_trigger.py
[2024-10-15T01:19:18.691+0000] {processor.py:925} INFO - DAG(s) 'latest_only_with_trigger' retrieved from /home/airflow/.local/lib/python3.12/site-packages/airflow/example_dags/example_latest_only_with_trigger.py
[2024-10-15T01:19:18.740+0000] {logging_mixin.py:190} INFO - [2024-10-15T01:19:18.739+0000] {dag.py:3239} INFO - Sync 1 DAGs
[2024-10-15T01:19:18.768+0000] {logging_mixin.py:190} INFO - [2024-10-15T01:19:18.768+0000] {dag.py:4180} INFO - Setting next_dagrun for latest_only_with_trigger to 2024-10-14 20:00:00+00:00, run_after=2024-10-15 00:00:00+00:00
[2024-10-15T01:19:18.787+0000] {processor.py:208} INFO - Processing /home/airflow/.local/lib/python3.12/site-packages/airflow/example_dags/example_latest_only_with_trigger.py took 0.131 seconds
[2024-10-15T01:19:49.678+0000] {processor.py:186} INFO - Started process (PID=2544) to work on /home/airflow/.local/lib/python3.12/site-packages/airflow/example_dags/example_latest_only_with_trigger.py
[2024-10-15T01:19:49.685+0000] {processor.py:914} INFO - Processing file /home/airflow/.local/lib/python3.12/site-packages/airflow/example_dags/example_latest_only_with_trigger.py for tasks to queue
[2024-10-15T01:19:49.686+0000] {logging_mixin.py:190} INFO - [2024-10-15T01:19:49.686+0000] {dagbag.py:588} INFO - Filling up the DagBag from /home/airflow/.local/lib/python3.12/site-packages/airflow/example_dags/example_latest_only_with_trigger.py
[2024-10-15T01:19:49.695+0000] {processor.py:925} INFO - DAG(s) 'latest_only_with_trigger' retrieved from /home/airflow/.local/lib/python3.12/site-packages/airflow/example_dags/example_latest_only_with_trigger.py
[2024-10-15T01:19:49.733+0000] {logging_mixin.py:190} INFO - [2024-10-15T01:19:49.733+0000] {dag.py:3239} INFO - Sync 1 DAGs
[2024-10-15T01:19:49.775+0000] {logging_mixin.py:190} INFO - [2024-10-15T01:19:49.775+0000] {dag.py:4180} INFO - Setting next_dagrun for latest_only_with_trigger to 2024-10-14 20:00:00+00:00, run_after=2024-10-15 00:00:00+00:00
[2024-10-15T01:19:49.807+0000] {processor.py:208} INFO - Processing /home/airflow/.local/lib/python3.12/site-packages/airflow/example_dags/example_latest_only_with_trigger.py took 0.134 seconds
[2024-10-15T01:20:20.523+0000] {processor.py:186} INFO - Started process (PID=2607) to work on /home/airflow/.local/lib/python3.12/site-packages/airflow/example_dags/example_latest_only_with_trigger.py
[2024-10-15T01:20:20.525+0000] {processor.py:914} INFO - Processing file /home/airflow/.local/lib/python3.12/site-packages/airflow/example_dags/example_latest_only_with_trigger.py for tasks to queue
[2024-10-15T01:20:20.525+0000] {logging_mixin.py:190} INFO - [2024-10-15T01:20:20.525+0000] {dagbag.py:588} INFO - Filling up the DagBag from /home/airflow/.local/lib/python3.12/site-packages/airflow/example_dags/example_latest_only_with_trigger.py
[2024-10-15T01:20:20.532+0000] {processor.py:925} INFO - DAG(s) 'latest_only_with_trigger' retrieved from /home/airflow/.local/lib/python3.12/site-packages/airflow/example_dags/example_latest_only_with_trigger.py
[2024-10-15T01:20:20.548+0000] {logging_mixin.py:190} INFO - [2024-10-15T01:20:20.548+0000] {dag.py:3239} INFO - Sync 1 DAGs
[2024-10-15T01:20:20.570+0000] {logging_mixin.py:190} INFO - [2024-10-15T01:20:20.570+0000] {dag.py:4180} INFO - Setting next_dagrun for latest_only_with_trigger to 2024-10-14 20:00:00+00:00, run_after=2024-10-15 00:00:00+00:00
[2024-10-15T01:20:20.587+0000] {processor.py:208} INFO - Processing /home/airflow/.local/lib/python3.12/site-packages/airflow/example_dags/example_latest_only_with_trigger.py took 0.069 seconds
[2024-10-15T01:20:51.183+0000] {processor.py:186} INFO - Started process (PID=2670) to work on /home/airflow/.local/lib/python3.12/site-packages/airflow/example_dags/example_latest_only_with_trigger.py
[2024-10-15T01:20:51.186+0000] {processor.py:914} INFO - Processing file /home/airflow/.local/lib/python3.12/site-packages/airflow/example_dags/example_latest_only_with_trigger.py for tasks to queue
[2024-10-15T01:20:51.187+0000] {logging_mixin.py:190} INFO - [2024-10-15T01:20:51.186+0000] {dagbag.py:588} INFO - Filling up the DagBag from /home/airflow/.local/lib/python3.12/site-packages/airflow/example_dags/example_latest_only_with_trigger.py
[2024-10-15T01:20:51.193+0000] {processor.py:925} INFO - DAG(s) 'latest_only_with_trigger' retrieved from /home/airflow/.local/lib/python3.12/site-packages/airflow/example_dags/example_latest_only_with_trigger.py
[2024-10-15T01:20:51.216+0000] {logging_mixin.py:190} INFO - [2024-10-15T01:20:51.216+0000] {dag.py:3239} INFO - Sync 1 DAGs
[2024-10-15T01:20:51.241+0000] {logging_mixin.py:190} INFO - [2024-10-15T01:20:51.241+0000] {dag.py:4180} INFO - Setting next_dagrun for latest_only_with_trigger to 2024-10-14 20:00:00+00:00, run_after=2024-10-15 00:00:00+00:00
[2024-10-15T01:20:51.258+0000] {processor.py:208} INFO - Processing /home/airflow/.local/lib/python3.12/site-packages/airflow/example_dags/example_latest_only_with_trigger.py took 0.082 seconds
[2024-10-15T01:21:21.939+0000] {processor.py:186} INFO - Started process (PID=2733) to work on /home/airflow/.local/lib/python3.12/site-packages/airflow/example_dags/example_latest_only_with_trigger.py
[2024-10-15T01:21:21.941+0000] {processor.py:914} INFO - Processing file /home/airflow/.local/lib/python3.12/site-packages/airflow/example_dags/example_latest_only_with_trigger.py for tasks to queue
[2024-10-15T01:21:21.943+0000] {logging_mixin.py:190} INFO - [2024-10-15T01:21:21.943+0000] {dagbag.py:588} INFO - Filling up the DagBag from /home/airflow/.local/lib/python3.12/site-packages/airflow/example_dags/example_latest_only_with_trigger.py
[2024-10-15T01:21:21.952+0000] {processor.py:925} INFO - DAG(s) 'latest_only_with_trigger' retrieved from /home/airflow/.local/lib/python3.12/site-packages/airflow/example_dags/example_latest_only_with_trigger.py
[2024-10-15T01:21:21.975+0000] {logging_mixin.py:190} INFO - [2024-10-15T01:21:21.975+0000] {dag.py:3239} INFO - Sync 1 DAGs
[2024-10-15T01:21:22.005+0000] {logging_mixin.py:190} INFO - [2024-10-15T01:21:22.005+0000] {dag.py:4180} INFO - Setting next_dagrun for latest_only_with_trigger to 2024-10-14 20:00:00+00:00, run_after=2024-10-15 00:00:00+00:00
[2024-10-15T01:21:22.031+0000] {processor.py:208} INFO - Processing /home/airflow/.local/lib/python3.12/site-packages/airflow/example_dags/example_latest_only_with_trigger.py took 0.099 seconds
[2024-10-15T01:21:52.396+0000] {processor.py:186} INFO - Started process (PID=2795) to work on /home/airflow/.local/lib/python3.12/site-packages/airflow/example_dags/example_latest_only_with_trigger.py
[2024-10-15T01:21:52.397+0000] {processor.py:914} INFO - Processing file /home/airflow/.local/lib/python3.12/site-packages/airflow/example_dags/example_latest_only_with_trigger.py for tasks to queue
[2024-10-15T01:21:52.403+0000] {logging_mixin.py:190} INFO - [2024-10-15T01:21:52.403+0000] {dagbag.py:588} INFO - Filling up the DagBag from /home/airflow/.local/lib/python3.12/site-packages/airflow/example_dags/example_latest_only_with_trigger.py
[2024-10-15T01:21:52.412+0000] {processor.py:925} INFO - DAG(s) 'latest_only_with_trigger' retrieved from /home/airflow/.local/lib/python3.12/site-packages/airflow/example_dags/example_latest_only_with_trigger.py
[2024-10-15T01:21:52.434+0000] {logging_mixin.py:190} INFO - [2024-10-15T01:21:52.434+0000] {dag.py:3239} INFO - Sync 1 DAGs
[2024-10-15T01:21:52.458+0000] {logging_mixin.py:190} INFO - [2024-10-15T01:21:52.457+0000] {dag.py:4180} INFO - Setting next_dagrun for latest_only_with_trigger to 2024-10-14 20:00:00+00:00, run_after=2024-10-15 00:00:00+00:00
[2024-10-15T01:21:52.476+0000] {processor.py:208} INFO - Processing /home/airflow/.local/lib/python3.12/site-packages/airflow/example_dags/example_latest_only_with_trigger.py took 0.086 seconds
[2024-10-15T01:22:23.121+0000] {processor.py:186} INFO - Started process (PID=2858) to work on /home/airflow/.local/lib/python3.12/site-packages/airflow/example_dags/example_latest_only_with_trigger.py
[2024-10-15T01:22:23.123+0000] {processor.py:914} INFO - Processing file /home/airflow/.local/lib/python3.12/site-packages/airflow/example_dags/example_latest_only_with_trigger.py for tasks to queue
[2024-10-15T01:22:23.124+0000] {logging_mixin.py:190} INFO - [2024-10-15T01:22:23.124+0000] {dagbag.py:588} INFO - Filling up the DagBag from /home/airflow/.local/lib/python3.12/site-packages/airflow/example_dags/example_latest_only_with_trigger.py
[2024-10-15T01:22:23.130+0000] {processor.py:925} INFO - DAG(s) 'latest_only_with_trigger' retrieved from /home/airflow/.local/lib/python3.12/site-packages/airflow/example_dags/example_latest_only_with_trigger.py
[2024-10-15T01:22:23.146+0000] {logging_mixin.py:190} INFO - [2024-10-15T01:22:23.145+0000] {dag.py:3239} INFO - Sync 1 DAGs
[2024-10-15T01:22:23.166+0000] {logging_mixin.py:190} INFO - [2024-10-15T01:22:23.166+0000] {dag.py:4180} INFO - Setting next_dagrun for latest_only_with_trigger to 2024-10-14 20:00:00+00:00, run_after=2024-10-15 00:00:00+00:00
[2024-10-15T01:22:23.181+0000] {processor.py:208} INFO - Processing /home/airflow/.local/lib/python3.12/site-packages/airflow/example_dags/example_latest_only_with_trigger.py took 0.066 seconds
[2024-10-15T01:22:53.749+0000] {processor.py:186} INFO - Started process (PID=2922) to work on /home/airflow/.local/lib/python3.12/site-packages/airflow/example_dags/example_latest_only_with_trigger.py
[2024-10-15T01:22:53.749+0000] {processor.py:914} INFO - Processing file /home/airflow/.local/lib/python3.12/site-packages/airflow/example_dags/example_latest_only_with_trigger.py for tasks to queue
[2024-10-15T01:22:53.751+0000] {logging_mixin.py:190} INFO - [2024-10-15T01:22:53.751+0000] {dagbag.py:588} INFO - Filling up the DagBag from /home/airflow/.local/lib/python3.12/site-packages/airflow/example_dags/example_latest_only_with_trigger.py
[2024-10-15T01:22:53.759+0000] {processor.py:925} INFO - DAG(s) 'latest_only_with_trigger' retrieved from /home/airflow/.local/lib/python3.12/site-packages/airflow/example_dags/example_latest_only_with_trigger.py
[2024-10-15T01:22:53.779+0000] {logging_mixin.py:190} INFO - [2024-10-15T01:22:53.779+0000] {dag.py:3239} INFO - Sync 1 DAGs
[2024-10-15T01:22:53.811+0000] {logging_mixin.py:190} INFO - [2024-10-15T01:22:53.809+0000] {dag.py:4180} INFO - Setting next_dagrun for latest_only_with_trigger to 2024-10-14 20:00:00+00:00, run_after=2024-10-15 00:00:00+00:00
[2024-10-15T01:22:53.825+0000] {processor.py:208} INFO - Processing /home/airflow/.local/lib/python3.12/site-packages/airflow/example_dags/example_latest_only_with_trigger.py took 0.085 seconds
[2024-10-15T01:23:24.491+0000] {processor.py:186} INFO - Started process (PID=2985) to work on /home/airflow/.local/lib/python3.12/site-packages/airflow/example_dags/example_latest_only_with_trigger.py
[2024-10-15T01:23:24.492+0000] {processor.py:914} INFO - Processing file /home/airflow/.local/lib/python3.12/site-packages/airflow/example_dags/example_latest_only_with_trigger.py for tasks to queue
[2024-10-15T01:23:24.493+0000] {logging_mixin.py:190} INFO - [2024-10-15T01:23:24.493+0000] {dagbag.py:588} INFO - Filling up the DagBag from /home/airflow/.local/lib/python3.12/site-packages/airflow/example_dags/example_latest_only_with_trigger.py
[2024-10-15T01:23:24.513+0000] {processor.py:925} INFO - DAG(s) 'latest_only_with_trigger' retrieved from /home/airflow/.local/lib/python3.12/site-packages/airflow/example_dags/example_latest_only_with_trigger.py
[2024-10-15T01:23:24.540+0000] {logging_mixin.py:190} INFO - [2024-10-15T01:23:24.539+0000] {dag.py:3239} INFO - Sync 1 DAGs
[2024-10-15T01:23:24.563+0000] {logging_mixin.py:190} INFO - [2024-10-15T01:23:24.561+0000] {dag.py:4180} INFO - Setting next_dagrun for latest_only_with_trigger to 2024-10-14 20:00:00+00:00, run_after=2024-10-15 00:00:00+00:00
[2024-10-15T01:23:24.581+0000] {processor.py:208} INFO - Processing /home/airflow/.local/lib/python3.12/site-packages/airflow/example_dags/example_latest_only_with_trigger.py took 0.097 seconds
