[2024-10-15T00:50:04.483+0000] {processor.py:186} INFO - Started process (PID=70) to work on /home/airflow/.local/lib/python3.12/site-packages/airflow/example_dags/tutorial.py
[2024-10-15T00:50:04.484+0000] {processor.py:914} INFO - Processing file /home/airflow/.local/lib/python3.12/site-packages/airflow/example_dags/tutorial.py for tasks to queue
[2024-10-15T00:50:04.487+0000] {logging_mixin.py:190} INFO - [2024-10-15T00:50:04.487+0000] {dagbag.py:588} INFO - Filling up the DagBag from /home/airflow/.local/lib/python3.12/site-packages/airflow/example_dags/tutorial.py
[2024-10-15T00:50:04.496+0000] {processor.py:925} INFO - DAG(s) 'tutorial' retrieved from /home/airflow/.local/lib/python3.12/site-packages/airflow/example_dags/tutorial.py
[2024-10-15T00:50:04.670+0000] {logging_mixin.py:190} INFO - [2024-10-15T00:50:04.669+0000] {override.py:1900} INFO - Created Permission View: can edit on DAG:tutorial
[2024-10-15T00:50:04.682+0000] {logging_mixin.py:190} INFO - [2024-10-15T00:50:04.681+0000] {override.py:1900} INFO - Created Permission View: can read on DAG:tutorial
[2024-10-15T00:50:04.687+0000] {logging_mixin.py:190} INFO - [2024-10-15T00:50:04.687+0000] {override.py:1900} INFO - Created Permission View: can delete on DAG:tutorial
[2024-10-15T00:50:04.693+0000] {logging_mixin.py:190} INFO - [2024-10-15T00:50:04.693+0000] {override.py:1900} INFO - Created Permission View: menu access on DAG Run:tutorial
[2024-10-15T00:50:04.708+0000] {logging_mixin.py:190} INFO - [2024-10-15T00:50:04.708+0000] {override.py:1900} INFO - Created Permission View: can delete on DAG Run:tutorial
[2024-10-15T00:50:04.713+0000] {logging_mixin.py:190} INFO - [2024-10-15T00:50:04.713+0000] {override.py:1900} INFO - Created Permission View: can read on DAG Run:tutorial
[2024-10-15T00:50:04.719+0000] {logging_mixin.py:190} INFO - [2024-10-15T00:50:04.719+0000] {override.py:1900} INFO - Created Permission View: can create on DAG Run:tutorial
[2024-10-15T00:50:04.719+0000] {logging_mixin.py:190} INFO - [2024-10-15T00:50:04.719+0000] {dag.py:3239} INFO - Sync 1 DAGs
[2024-10-15T00:50:04.740+0000] {logging_mixin.py:190} INFO - [2024-10-15T00:50:04.740+0000] {dag.py:3262} INFO - Creating ORM DAG for tutorial
[2024-10-15T00:50:04.760+0000] {logging_mixin.py:190} INFO - [2024-10-15T00:50:04.760+0000] {dag.py:4180} INFO - Setting next_dagrun for tutorial to 2024-10-14 00:00:00+00:00, run_after=2024-10-15 00:00:00+00:00
[2024-10-15T00:50:04.782+0000] {processor.py:208} INFO - Processing /home/airflow/.local/lib/python3.12/site-packages/airflow/example_dags/tutorial.py took 0.304 seconds
[2024-10-15T00:59:44.253+0000] {processor.py:186} INFO - Started process (PID=74) to work on /home/airflow/.local/lib/python3.12/site-packages/airflow/example_dags/tutorial.py
[2024-10-15T00:59:44.270+0000] {processor.py:914} INFO - Processing file /home/airflow/.local/lib/python3.12/site-packages/airflow/example_dags/tutorial.py for tasks to queue
[2024-10-15T00:59:44.272+0000] {logging_mixin.py:190} INFO - [2024-10-15T00:59:44.272+0000] {dagbag.py:588} INFO - Filling up the DagBag from /home/airflow/.local/lib/python3.12/site-packages/airflow/example_dags/tutorial.py
[2024-10-15T00:59:44.307+0000] {processor.py:925} INFO - DAG(s) 'tutorial' retrieved from /home/airflow/.local/lib/python3.12/site-packages/airflow/example_dags/tutorial.py
[2024-10-15T00:59:44.370+0000] {logging_mixin.py:190} INFO - [2024-10-15T00:59:44.370+0000] {dag.py:3239} INFO - Sync 1 DAGs
[2024-10-15T00:59:44.438+0000] {logging_mixin.py:190} INFO - [2024-10-15T00:59:44.438+0000] {dag.py:4180} INFO - Setting next_dagrun for tutorial to 2024-10-14 00:00:00+00:00, run_after=2024-10-15 00:00:00+00:00
[2024-10-15T00:59:44.490+0000] {processor.py:208} INFO - Processing /home/airflow/.local/lib/python3.12/site-packages/airflow/example_dags/tutorial.py took 0.241 seconds
[2024-10-15T01:00:14.622+0000] {processor.py:186} INFO - Started process (PID=136) to work on /home/airflow/.local/lib/python3.12/site-packages/airflow/example_dags/tutorial.py
[2024-10-15T01:00:14.623+0000] {processor.py:914} INFO - Processing file /home/airflow/.local/lib/python3.12/site-packages/airflow/example_dags/tutorial.py for tasks to queue
[2024-10-15T01:00:14.625+0000] {logging_mixin.py:190} INFO - [2024-10-15T01:00:14.625+0000] {dagbag.py:588} INFO - Filling up the DagBag from /home/airflow/.local/lib/python3.12/site-packages/airflow/example_dags/tutorial.py
[2024-10-15T01:00:14.633+0000] {processor.py:925} INFO - DAG(s) 'tutorial' retrieved from /home/airflow/.local/lib/python3.12/site-packages/airflow/example_dags/tutorial.py
[2024-10-15T01:00:14.655+0000] {logging_mixin.py:190} INFO - [2024-10-15T01:00:14.655+0000] {dag.py:3239} INFO - Sync 1 DAGs
[2024-10-15T01:00:14.675+0000] {logging_mixin.py:190} INFO - [2024-10-15T01:00:14.674+0000] {dag.py:4180} INFO - Setting next_dagrun for tutorial to 2024-10-14 00:00:00+00:00, run_after=2024-10-15 00:00:00+00:00
[2024-10-15T01:00:14.714+0000] {processor.py:208} INFO - Processing /home/airflow/.local/lib/python3.12/site-packages/airflow/example_dags/tutorial.py took 0.107 seconds
[2024-10-15T01:00:45.451+0000] {processor.py:186} INFO - Started process (PID=198) to work on /home/airflow/.local/lib/python3.12/site-packages/airflow/example_dags/tutorial.py
[2024-10-15T01:00:45.458+0000] {processor.py:914} INFO - Processing file /home/airflow/.local/lib/python3.12/site-packages/airflow/example_dags/tutorial.py for tasks to queue
[2024-10-15T01:00:45.460+0000] {logging_mixin.py:190} INFO - [2024-10-15T01:00:45.459+0000] {dagbag.py:588} INFO - Filling up the DagBag from /home/airflow/.local/lib/python3.12/site-packages/airflow/example_dags/tutorial.py
[2024-10-15T01:00:45.483+0000] {processor.py:925} INFO - DAG(s) 'tutorial' retrieved from /home/airflow/.local/lib/python3.12/site-packages/airflow/example_dags/tutorial.py
[2024-10-15T01:00:45.511+0000] {logging_mixin.py:190} INFO - [2024-10-15T01:00:45.511+0000] {dag.py:3239} INFO - Sync 1 DAGs
[2024-10-15T01:00:45.537+0000] {logging_mixin.py:190} INFO - [2024-10-15T01:00:45.537+0000] {dag.py:4180} INFO - Setting next_dagrun for tutorial to 2024-10-14 00:00:00+00:00, run_after=2024-10-15 00:00:00+00:00
[2024-10-15T01:00:45.557+0000] {processor.py:208} INFO - Processing /home/airflow/.local/lib/python3.12/site-packages/airflow/example_dags/tutorial.py took 0.112 seconds
[2024-10-15T01:01:15.676+0000] {processor.py:186} INFO - Started process (PID=259) to work on /home/airflow/.local/lib/python3.12/site-packages/airflow/example_dags/tutorial.py
[2024-10-15T01:01:15.678+0000] {processor.py:914} INFO - Processing file /home/airflow/.local/lib/python3.12/site-packages/airflow/example_dags/tutorial.py for tasks to queue
[2024-10-15T01:01:15.683+0000] {logging_mixin.py:190} INFO - [2024-10-15T01:01:15.683+0000] {dagbag.py:588} INFO - Filling up the DagBag from /home/airflow/.local/lib/python3.12/site-packages/airflow/example_dags/tutorial.py
[2024-10-15T01:01:15.691+0000] {processor.py:925} INFO - DAG(s) 'tutorial' retrieved from /home/airflow/.local/lib/python3.12/site-packages/airflow/example_dags/tutorial.py
[2024-10-15T01:01:15.714+0000] {logging_mixin.py:190} INFO - [2024-10-15T01:01:15.714+0000] {dag.py:3239} INFO - Sync 1 DAGs
[2024-10-15T01:01:15.736+0000] {logging_mixin.py:190} INFO - [2024-10-15T01:01:15.736+0000] {dag.py:4180} INFO - Setting next_dagrun for tutorial to 2024-10-14 00:00:00+00:00, run_after=2024-10-15 00:00:00+00:00
[2024-10-15T01:01:15.759+0000] {processor.py:208} INFO - Processing /home/airflow/.local/lib/python3.12/site-packages/airflow/example_dags/tutorial.py took 0.089 seconds
[2024-10-15T01:01:46.446+0000] {processor.py:186} INFO - Started process (PID=321) to work on /home/airflow/.local/lib/python3.12/site-packages/airflow/example_dags/tutorial.py
[2024-10-15T01:01:46.459+0000] {processor.py:914} INFO - Processing file /home/airflow/.local/lib/python3.12/site-packages/airflow/example_dags/tutorial.py for tasks to queue
[2024-10-15T01:01:46.461+0000] {logging_mixin.py:190} INFO - [2024-10-15T01:01:46.461+0000] {dagbag.py:588} INFO - Filling up the DagBag from /home/airflow/.local/lib/python3.12/site-packages/airflow/example_dags/tutorial.py
[2024-10-15T01:01:46.503+0000] {processor.py:925} INFO - DAG(s) 'tutorial' retrieved from /home/airflow/.local/lib/python3.12/site-packages/airflow/example_dags/tutorial.py
[2024-10-15T01:01:46.575+0000] {logging_mixin.py:190} INFO - [2024-10-15T01:01:46.574+0000] {dag.py:3239} INFO - Sync 1 DAGs
[2024-10-15T01:01:46.613+0000] {logging_mixin.py:190} INFO - [2024-10-15T01:01:46.613+0000] {dag.py:4180} INFO - Setting next_dagrun for tutorial to 2024-10-14 00:00:00+00:00, run_after=2024-10-15 00:00:00+00:00
[2024-10-15T01:01:46.642+0000] {processor.py:208} INFO - Processing /home/airflow/.local/lib/python3.12/site-packages/airflow/example_dags/tutorial.py took 0.207 seconds
[2024-10-15T01:02:17.033+0000] {processor.py:186} INFO - Started process (PID=382) to work on /home/airflow/.local/lib/python3.12/site-packages/airflow/example_dags/tutorial.py
[2024-10-15T01:02:17.035+0000] {processor.py:914} INFO - Processing file /home/airflow/.local/lib/python3.12/site-packages/airflow/example_dags/tutorial.py for tasks to queue
[2024-10-15T01:02:17.036+0000] {logging_mixin.py:190} INFO - [2024-10-15T01:02:17.036+0000] {dagbag.py:588} INFO - Filling up the DagBag from /home/airflow/.local/lib/python3.12/site-packages/airflow/example_dags/tutorial.py
[2024-10-15T01:02:17.045+0000] {processor.py:925} INFO - DAG(s) 'tutorial' retrieved from /home/airflow/.local/lib/python3.12/site-packages/airflow/example_dags/tutorial.py
[2024-10-15T01:02:17.065+0000] {logging_mixin.py:190} INFO - [2024-10-15T01:02:17.065+0000] {dag.py:3239} INFO - Sync 1 DAGs
[2024-10-15T01:02:17.088+0000] {logging_mixin.py:190} INFO - [2024-10-15T01:02:17.088+0000] {dag.py:4180} INFO - Setting next_dagrun for tutorial to 2024-10-14 00:00:00+00:00, run_after=2024-10-15 00:00:00+00:00
[2024-10-15T01:02:17.110+0000] {processor.py:208} INFO - Processing /home/airflow/.local/lib/python3.12/site-packages/airflow/example_dags/tutorial.py took 0.084 seconds
[2024-10-15T01:02:47.204+0000] {processor.py:186} INFO - Started process (PID=444) to work on /home/airflow/.local/lib/python3.12/site-packages/airflow/example_dags/tutorial.py
[2024-10-15T01:02:47.205+0000] {processor.py:914} INFO - Processing file /home/airflow/.local/lib/python3.12/site-packages/airflow/example_dags/tutorial.py for tasks to queue
[2024-10-15T01:02:47.206+0000] {logging_mixin.py:190} INFO - [2024-10-15T01:02:47.206+0000] {dagbag.py:588} INFO - Filling up the DagBag from /home/airflow/.local/lib/python3.12/site-packages/airflow/example_dags/tutorial.py
[2024-10-15T01:02:47.215+0000] {processor.py:925} INFO - DAG(s) 'tutorial' retrieved from /home/airflow/.local/lib/python3.12/site-packages/airflow/example_dags/tutorial.py
[2024-10-15T01:02:47.238+0000] {logging_mixin.py:190} INFO - [2024-10-15T01:02:47.238+0000] {dag.py:3239} INFO - Sync 1 DAGs
[2024-10-15T01:02:47.260+0000] {logging_mixin.py:190} INFO - [2024-10-15T01:02:47.260+0000] {dag.py:4180} INFO - Setting next_dagrun for tutorial to 2024-10-14 00:00:00+00:00, run_after=2024-10-15 00:00:00+00:00
[2024-10-15T01:02:47.282+0000] {processor.py:208} INFO - Processing /home/airflow/.local/lib/python3.12/site-packages/airflow/example_dags/tutorial.py took 0.088 seconds
[2024-10-15T01:03:17.913+0000] {processor.py:186} INFO - Started process (PID=506) to work on /home/airflow/.local/lib/python3.12/site-packages/airflow/example_dags/tutorial.py
[2024-10-15T01:03:17.916+0000] {processor.py:914} INFO - Processing file /home/airflow/.local/lib/python3.12/site-packages/airflow/example_dags/tutorial.py for tasks to queue
[2024-10-15T01:03:17.917+0000] {logging_mixin.py:190} INFO - [2024-10-15T01:03:17.917+0000] {dagbag.py:588} INFO - Filling up the DagBag from /home/airflow/.local/lib/python3.12/site-packages/airflow/example_dags/tutorial.py
[2024-10-15T01:03:17.927+0000] {processor.py:925} INFO - DAG(s) 'tutorial' retrieved from /home/airflow/.local/lib/python3.12/site-packages/airflow/example_dags/tutorial.py
[2024-10-15T01:03:17.948+0000] {logging_mixin.py:190} INFO - [2024-10-15T01:03:17.948+0000] {dag.py:3239} INFO - Sync 1 DAGs
[2024-10-15T01:03:17.971+0000] {logging_mixin.py:190} INFO - [2024-10-15T01:03:17.971+0000] {dag.py:4180} INFO - Setting next_dagrun for tutorial to 2024-10-14 00:00:00+00:00, run_after=2024-10-15 00:00:00+00:00
[2024-10-15T01:03:17.989+0000] {processor.py:208} INFO - Processing /home/airflow/.local/lib/python3.12/site-packages/airflow/example_dags/tutorial.py took 0.083 seconds
[2024-10-15T01:03:48.934+0000] {processor.py:186} INFO - Started process (PID=568) to work on /home/airflow/.local/lib/python3.12/site-packages/airflow/example_dags/tutorial.py
[2024-10-15T01:03:48.935+0000] {processor.py:914} INFO - Processing file /home/airflow/.local/lib/python3.12/site-packages/airflow/example_dags/tutorial.py for tasks to queue
[2024-10-15T01:03:48.937+0000] {logging_mixin.py:190} INFO - [2024-10-15T01:03:48.936+0000] {dagbag.py:588} INFO - Filling up the DagBag from /home/airflow/.local/lib/python3.12/site-packages/airflow/example_dags/tutorial.py
[2024-10-15T01:03:48.946+0000] {processor.py:925} INFO - DAG(s) 'tutorial' retrieved from /home/airflow/.local/lib/python3.12/site-packages/airflow/example_dags/tutorial.py
[2024-10-15T01:03:48.971+0000] {logging_mixin.py:190} INFO - [2024-10-15T01:03:48.971+0000] {dag.py:3239} INFO - Sync 1 DAGs
[2024-10-15T01:03:48.995+0000] {logging_mixin.py:190} INFO - [2024-10-15T01:03:48.994+0000] {dag.py:4180} INFO - Setting next_dagrun for tutorial to 2024-10-14 00:00:00+00:00, run_after=2024-10-15 00:00:00+00:00
[2024-10-15T01:03:49.015+0000] {processor.py:208} INFO - Processing /home/airflow/.local/lib/python3.12/site-packages/airflow/example_dags/tutorial.py took 0.087 seconds
[2024-10-15T01:04:19.100+0000] {processor.py:186} INFO - Started process (PID=630) to work on /home/airflow/.local/lib/python3.12/site-packages/airflow/example_dags/tutorial.py
[2024-10-15T01:04:19.102+0000] {processor.py:914} INFO - Processing file /home/airflow/.local/lib/python3.12/site-packages/airflow/example_dags/tutorial.py for tasks to queue
[2024-10-15T01:04:19.104+0000] {logging_mixin.py:190} INFO - [2024-10-15T01:04:19.104+0000] {dagbag.py:588} INFO - Filling up the DagBag from /home/airflow/.local/lib/python3.12/site-packages/airflow/example_dags/tutorial.py
[2024-10-15T01:04:19.115+0000] {processor.py:925} INFO - DAG(s) 'tutorial' retrieved from /home/airflow/.local/lib/python3.12/site-packages/airflow/example_dags/tutorial.py
[2024-10-15T01:04:19.138+0000] {logging_mixin.py:190} INFO - [2024-10-15T01:04:19.137+0000] {dag.py:3239} INFO - Sync 1 DAGs
[2024-10-15T01:04:19.165+0000] {logging_mixin.py:190} INFO - [2024-10-15T01:04:19.165+0000] {dag.py:4180} INFO - Setting next_dagrun for tutorial to 2024-10-14 00:00:00+00:00, run_after=2024-10-15 00:00:00+00:00
[2024-10-15T01:04:19.183+0000] {processor.py:208} INFO - Processing /home/airflow/.local/lib/python3.12/site-packages/airflow/example_dags/tutorial.py took 0.088 seconds
[2024-10-15T01:04:49.499+0000] {processor.py:186} INFO - Started process (PID=692) to work on /home/airflow/.local/lib/python3.12/site-packages/airflow/example_dags/tutorial.py
[2024-10-15T01:04:49.500+0000] {processor.py:914} INFO - Processing file /home/airflow/.local/lib/python3.12/site-packages/airflow/example_dags/tutorial.py for tasks to queue
[2024-10-15T01:04:49.502+0000] {logging_mixin.py:190} INFO - [2024-10-15T01:04:49.502+0000] {dagbag.py:588} INFO - Filling up the DagBag from /home/airflow/.local/lib/python3.12/site-packages/airflow/example_dags/tutorial.py
[2024-10-15T01:04:49.510+0000] {processor.py:925} INFO - DAG(s) 'tutorial' retrieved from /home/airflow/.local/lib/python3.12/site-packages/airflow/example_dags/tutorial.py
[2024-10-15T01:04:49.546+0000] {logging_mixin.py:190} INFO - [2024-10-15T01:04:49.546+0000] {dag.py:3239} INFO - Sync 1 DAGs
[2024-10-15T01:04:49.579+0000] {logging_mixin.py:190} INFO - [2024-10-15T01:04:49.579+0000] {dag.py:4180} INFO - Setting next_dagrun for tutorial to 2024-10-14 00:00:00+00:00, run_after=2024-10-15 00:00:00+00:00
[2024-10-15T01:04:49.605+0000] {processor.py:208} INFO - Processing /home/airflow/.local/lib/python3.12/site-packages/airflow/example_dags/tutorial.py took 0.111 seconds
[2024-10-15T01:05:20.331+0000] {processor.py:186} INFO - Started process (PID=754) to work on /home/airflow/.local/lib/python3.12/site-packages/airflow/example_dags/tutorial.py
[2024-10-15T01:05:20.333+0000] {processor.py:914} INFO - Processing file /home/airflow/.local/lib/python3.12/site-packages/airflow/example_dags/tutorial.py for tasks to queue
[2024-10-15T01:05:20.335+0000] {logging_mixin.py:190} INFO - [2024-10-15T01:05:20.335+0000] {dagbag.py:588} INFO - Filling up the DagBag from /home/airflow/.local/lib/python3.12/site-packages/airflow/example_dags/tutorial.py
[2024-10-15T01:05:20.344+0000] {processor.py:925} INFO - DAG(s) 'tutorial' retrieved from /home/airflow/.local/lib/python3.12/site-packages/airflow/example_dags/tutorial.py
[2024-10-15T01:05:20.365+0000] {logging_mixin.py:190} INFO - [2024-10-15T01:05:20.364+0000] {dag.py:3239} INFO - Sync 1 DAGs
[2024-10-15T01:05:20.389+0000] {logging_mixin.py:190} INFO - [2024-10-15T01:05:20.389+0000] {dag.py:4180} INFO - Setting next_dagrun for tutorial to 2024-10-14 00:00:00+00:00, run_after=2024-10-15 00:00:00+00:00
[2024-10-15T01:05:20.409+0000] {processor.py:208} INFO - Processing /home/airflow/.local/lib/python3.12/site-packages/airflow/example_dags/tutorial.py took 0.092 seconds
[2024-10-15T01:05:50.887+0000] {processor.py:186} INFO - Started process (PID=817) to work on /home/airflow/.local/lib/python3.12/site-packages/airflow/example_dags/tutorial.py
[2024-10-15T01:05:50.888+0000] {processor.py:914} INFO - Processing file /home/airflow/.local/lib/python3.12/site-packages/airflow/example_dags/tutorial.py for tasks to queue
[2024-10-15T01:05:50.890+0000] {logging_mixin.py:190} INFO - [2024-10-15T01:05:50.889+0000] {dagbag.py:588} INFO - Filling up the DagBag from /home/airflow/.local/lib/python3.12/site-packages/airflow/example_dags/tutorial.py
[2024-10-15T01:05:50.899+0000] {processor.py:925} INFO - DAG(s) 'tutorial' retrieved from /home/airflow/.local/lib/python3.12/site-packages/airflow/example_dags/tutorial.py
[2024-10-15T01:05:50.918+0000] {logging_mixin.py:190} INFO - [2024-10-15T01:05:50.917+0000] {dag.py:3239} INFO - Sync 1 DAGs
[2024-10-15T01:05:50.940+0000] {logging_mixin.py:190} INFO - [2024-10-15T01:05:50.940+0000] {dag.py:4180} INFO - Setting next_dagrun for tutorial to 2024-10-14 00:00:00+00:00, run_after=2024-10-15 00:00:00+00:00
[2024-10-15T01:05:50.959+0000] {processor.py:208} INFO - Processing /home/airflow/.local/lib/python3.12/site-packages/airflow/example_dags/tutorial.py took 0.078 seconds
[2024-10-15T01:06:21.810+0000] {processor.py:186} INFO - Started process (PID=879) to work on /home/airflow/.local/lib/python3.12/site-packages/airflow/example_dags/tutorial.py
[2024-10-15T01:06:21.811+0000] {processor.py:914} INFO - Processing file /home/airflow/.local/lib/python3.12/site-packages/airflow/example_dags/tutorial.py for tasks to queue
[2024-10-15T01:06:21.814+0000] {logging_mixin.py:190} INFO - [2024-10-15T01:06:21.814+0000] {dagbag.py:588} INFO - Filling up the DagBag from /home/airflow/.local/lib/python3.12/site-packages/airflow/example_dags/tutorial.py
[2024-10-15T01:06:21.830+0000] {processor.py:925} INFO - DAG(s) 'tutorial' retrieved from /home/airflow/.local/lib/python3.12/site-packages/airflow/example_dags/tutorial.py
[2024-10-15T01:06:21.870+0000] {logging_mixin.py:190} INFO - [2024-10-15T01:06:21.870+0000] {dag.py:3239} INFO - Sync 1 DAGs
[2024-10-15T01:06:21.927+0000] {logging_mixin.py:190} INFO - [2024-10-15T01:06:21.927+0000] {dag.py:4180} INFO - Setting next_dagrun for tutorial to 2024-10-14 00:00:00+00:00, run_after=2024-10-15 00:00:00+00:00
[2024-10-15T01:06:21.962+0000] {processor.py:208} INFO - Processing /home/airflow/.local/lib/python3.12/site-packages/airflow/example_dags/tutorial.py took 0.186 seconds
[2024-10-15T01:06:52.548+0000] {processor.py:186} INFO - Started process (PID=941) to work on /home/airflow/.local/lib/python3.12/site-packages/airflow/example_dags/tutorial.py
[2024-10-15T01:06:52.556+0000] {processor.py:914} INFO - Processing file /home/airflow/.local/lib/python3.12/site-packages/airflow/example_dags/tutorial.py for tasks to queue
[2024-10-15T01:06:52.568+0000] {logging_mixin.py:190} INFO - [2024-10-15T01:06:52.568+0000] {dagbag.py:588} INFO - Filling up the DagBag from /home/airflow/.local/lib/python3.12/site-packages/airflow/example_dags/tutorial.py
[2024-10-15T01:06:52.591+0000] {processor.py:925} INFO - DAG(s) 'tutorial' retrieved from /home/airflow/.local/lib/python3.12/site-packages/airflow/example_dags/tutorial.py
[2024-10-15T01:06:52.674+0000] {logging_mixin.py:190} INFO - [2024-10-15T01:06:52.674+0000] {dag.py:3239} INFO - Sync 1 DAGs
[2024-10-15T01:06:52.726+0000] {logging_mixin.py:190} INFO - [2024-10-15T01:06:52.726+0000] {dag.py:4180} INFO - Setting next_dagrun for tutorial to 2024-10-14 00:00:00+00:00, run_after=2024-10-15 00:00:00+00:00
[2024-10-15T01:06:52.794+0000] {processor.py:208} INFO - Processing /home/airflow/.local/lib/python3.12/site-packages/airflow/example_dags/tutorial.py took 0.267 seconds
[2024-10-15T01:07:23.416+0000] {processor.py:186} INFO - Started process (PID=1004) to work on /home/airflow/.local/lib/python3.12/site-packages/airflow/example_dags/tutorial.py
[2024-10-15T01:07:23.418+0000] {processor.py:914} INFO - Processing file /home/airflow/.local/lib/python3.12/site-packages/airflow/example_dags/tutorial.py for tasks to queue
[2024-10-15T01:07:23.421+0000] {logging_mixin.py:190} INFO - [2024-10-15T01:07:23.420+0000] {dagbag.py:588} INFO - Filling up the DagBag from /home/airflow/.local/lib/python3.12/site-packages/airflow/example_dags/tutorial.py
[2024-10-15T01:07:23.428+0000] {processor.py:925} INFO - DAG(s) 'tutorial' retrieved from /home/airflow/.local/lib/python3.12/site-packages/airflow/example_dags/tutorial.py
[2024-10-15T01:07:23.454+0000] {logging_mixin.py:190} INFO - [2024-10-15T01:07:23.454+0000] {dag.py:3239} INFO - Sync 1 DAGs
[2024-10-15T01:07:23.480+0000] {logging_mixin.py:190} INFO - [2024-10-15T01:07:23.480+0000] {dag.py:4180} INFO - Setting next_dagrun for tutorial to 2024-10-14 00:00:00+00:00, run_after=2024-10-15 00:00:00+00:00
[2024-10-15T01:07:23.501+0000] {processor.py:208} INFO - Processing /home/airflow/.local/lib/python3.12/site-packages/airflow/example_dags/tutorial.py took 0.089 seconds
[2024-10-15T01:07:53.730+0000] {processor.py:186} INFO - Started process (PID=1066) to work on /home/airflow/.local/lib/python3.12/site-packages/airflow/example_dags/tutorial.py
[2024-10-15T01:07:53.731+0000] {processor.py:914} INFO - Processing file /home/airflow/.local/lib/python3.12/site-packages/airflow/example_dags/tutorial.py for tasks to queue
[2024-10-15T01:07:53.734+0000] {logging_mixin.py:190} INFO - [2024-10-15T01:07:53.734+0000] {dagbag.py:588} INFO - Filling up the DagBag from /home/airflow/.local/lib/python3.12/site-packages/airflow/example_dags/tutorial.py
[2024-10-15T01:07:53.746+0000] {processor.py:925} INFO - DAG(s) 'tutorial' retrieved from /home/airflow/.local/lib/python3.12/site-packages/airflow/example_dags/tutorial.py
[2024-10-15T01:07:53.773+0000] {logging_mixin.py:190} INFO - [2024-10-15T01:07:53.773+0000] {dag.py:3239} INFO - Sync 1 DAGs
[2024-10-15T01:07:53.801+0000] {logging_mixin.py:190} INFO - [2024-10-15T01:07:53.800+0000] {dag.py:4180} INFO - Setting next_dagrun for tutorial to 2024-10-14 00:00:00+00:00, run_after=2024-10-15 00:00:00+00:00
[2024-10-15T01:07:53.818+0000] {processor.py:208} INFO - Processing /home/airflow/.local/lib/python3.12/site-packages/airflow/example_dags/tutorial.py took 0.092 seconds
[2024-10-15T01:08:24.090+0000] {processor.py:186} INFO - Started process (PID=1128) to work on /home/airflow/.local/lib/python3.12/site-packages/airflow/example_dags/tutorial.py
[2024-10-15T01:08:24.091+0000] {processor.py:914} INFO - Processing file /home/airflow/.local/lib/python3.12/site-packages/airflow/example_dags/tutorial.py for tasks to queue
[2024-10-15T01:08:24.094+0000] {logging_mixin.py:190} INFO - [2024-10-15T01:08:24.093+0000] {dagbag.py:588} INFO - Filling up the DagBag from /home/airflow/.local/lib/python3.12/site-packages/airflow/example_dags/tutorial.py
[2024-10-15T01:08:24.102+0000] {processor.py:925} INFO - DAG(s) 'tutorial' retrieved from /home/airflow/.local/lib/python3.12/site-packages/airflow/example_dags/tutorial.py
[2024-10-15T01:08:24.121+0000] {logging_mixin.py:190} INFO - [2024-10-15T01:08:24.121+0000] {dag.py:3239} INFO - Sync 1 DAGs
[2024-10-15T01:08:24.144+0000] {logging_mixin.py:190} INFO - [2024-10-15T01:08:24.144+0000] {dag.py:4180} INFO - Setting next_dagrun for tutorial to 2024-10-14 00:00:00+00:00, run_after=2024-10-15 00:00:00+00:00
[2024-10-15T01:08:24.167+0000] {processor.py:208} INFO - Processing /home/airflow/.local/lib/python3.12/site-packages/airflow/example_dags/tutorial.py took 0.084 seconds
[2024-10-15T01:08:54.243+0000] {processor.py:186} INFO - Started process (PID=1190) to work on /home/airflow/.local/lib/python3.12/site-packages/airflow/example_dags/tutorial.py
[2024-10-15T01:08:54.246+0000] {processor.py:914} INFO - Processing file /home/airflow/.local/lib/python3.12/site-packages/airflow/example_dags/tutorial.py for tasks to queue
[2024-10-15T01:08:54.249+0000] {logging_mixin.py:190} INFO - [2024-10-15T01:08:54.248+0000] {dagbag.py:588} INFO - Filling up the DagBag from /home/airflow/.local/lib/python3.12/site-packages/airflow/example_dags/tutorial.py
[2024-10-15T01:08:54.257+0000] {processor.py:925} INFO - DAG(s) 'tutorial' retrieved from /home/airflow/.local/lib/python3.12/site-packages/airflow/example_dags/tutorial.py
[2024-10-15T01:08:54.286+0000] {logging_mixin.py:190} INFO - [2024-10-15T01:08:54.285+0000] {dag.py:3239} INFO - Sync 1 DAGs
[2024-10-15T01:08:54.326+0000] {logging_mixin.py:190} INFO - [2024-10-15T01:08:54.326+0000] {dag.py:4180} INFO - Setting next_dagrun for tutorial to 2024-10-14 00:00:00+00:00, run_after=2024-10-15 00:00:00+00:00
[2024-10-15T01:08:54.345+0000] {processor.py:208} INFO - Processing /home/airflow/.local/lib/python3.12/site-packages/airflow/example_dags/tutorial.py took 0.108 seconds
[2024-10-15T01:09:24.687+0000] {processor.py:186} INFO - Started process (PID=1252) to work on /home/airflow/.local/lib/python3.12/site-packages/airflow/example_dags/tutorial.py
[2024-10-15T01:09:24.688+0000] {processor.py:914} INFO - Processing file /home/airflow/.local/lib/python3.12/site-packages/airflow/example_dags/tutorial.py for tasks to queue
[2024-10-15T01:09:24.690+0000] {logging_mixin.py:190} INFO - [2024-10-15T01:09:24.690+0000] {dagbag.py:588} INFO - Filling up the DagBag from /home/airflow/.local/lib/python3.12/site-packages/airflow/example_dags/tutorial.py
[2024-10-15T01:09:24.698+0000] {processor.py:925} INFO - DAG(s) 'tutorial' retrieved from /home/airflow/.local/lib/python3.12/site-packages/airflow/example_dags/tutorial.py
[2024-10-15T01:09:24.719+0000] {logging_mixin.py:190} INFO - [2024-10-15T01:09:24.718+0000] {dag.py:3239} INFO - Sync 1 DAGs
[2024-10-15T01:09:24.744+0000] {logging_mixin.py:190} INFO - [2024-10-15T01:09:24.744+0000] {dag.py:4180} INFO - Setting next_dagrun for tutorial to 2024-10-14 00:00:00+00:00, run_after=2024-10-15 00:00:00+00:00
[2024-10-15T01:09:24.762+0000] {processor.py:208} INFO - Processing /home/airflow/.local/lib/python3.12/site-packages/airflow/example_dags/tutorial.py took 0.082 seconds
[2024-10-15T01:09:55.320+0000] {processor.py:186} INFO - Started process (PID=1316) to work on /home/airflow/.local/lib/python3.12/site-packages/airflow/example_dags/tutorial.py
[2024-10-15T01:09:55.320+0000] {processor.py:914} INFO - Processing file /home/airflow/.local/lib/python3.12/site-packages/airflow/example_dags/tutorial.py for tasks to queue
[2024-10-15T01:09:55.322+0000] {logging_mixin.py:190} INFO - [2024-10-15T01:09:55.322+0000] {dagbag.py:588} INFO - Filling up the DagBag from /home/airflow/.local/lib/python3.12/site-packages/airflow/example_dags/tutorial.py
[2024-10-15T01:09:55.331+0000] {processor.py:925} INFO - DAG(s) 'tutorial' retrieved from /home/airflow/.local/lib/python3.12/site-packages/airflow/example_dags/tutorial.py
[2024-10-15T01:09:55.351+0000] {logging_mixin.py:190} INFO - [2024-10-15T01:09:55.351+0000] {dag.py:3239} INFO - Sync 1 DAGs
[2024-10-15T01:09:55.375+0000] {logging_mixin.py:190} INFO - [2024-10-15T01:09:55.375+0000] {dag.py:4180} INFO - Setting next_dagrun for tutorial to 2024-10-14 00:00:00+00:00, run_after=2024-10-15 00:00:00+00:00
[2024-10-15T01:09:55.393+0000] {processor.py:208} INFO - Processing /home/airflow/.local/lib/python3.12/site-packages/airflow/example_dags/tutorial.py took 0.078 seconds
[2024-10-15T01:10:26.313+0000] {processor.py:186} INFO - Started process (PID=1378) to work on /home/airflow/.local/lib/python3.12/site-packages/airflow/example_dags/tutorial.py
[2024-10-15T01:10:26.315+0000] {processor.py:914} INFO - Processing file /home/airflow/.local/lib/python3.12/site-packages/airflow/example_dags/tutorial.py for tasks to queue
[2024-10-15T01:10:26.316+0000] {logging_mixin.py:190} INFO - [2024-10-15T01:10:26.316+0000] {dagbag.py:588} INFO - Filling up the DagBag from /home/airflow/.local/lib/python3.12/site-packages/airflow/example_dags/tutorial.py
[2024-10-15T01:10:26.330+0000] {processor.py:925} INFO - DAG(s) 'tutorial' retrieved from /home/airflow/.local/lib/python3.12/site-packages/airflow/example_dags/tutorial.py
[2024-10-15T01:10:26.355+0000] {logging_mixin.py:190} INFO - [2024-10-15T01:10:26.355+0000] {dag.py:3239} INFO - Sync 1 DAGs
[2024-10-15T01:10:26.378+0000] {logging_mixin.py:190} INFO - [2024-10-15T01:10:26.378+0000] {dag.py:4180} INFO - Setting next_dagrun for tutorial to 2024-10-14 00:00:00+00:00, run_after=2024-10-15 00:00:00+00:00
[2024-10-15T01:10:26.411+0000] {processor.py:208} INFO - Processing /home/airflow/.local/lib/python3.12/site-packages/airflow/example_dags/tutorial.py took 0.104 seconds
[2024-10-15T01:10:56.685+0000] {processor.py:186} INFO - Started process (PID=1441) to work on /home/airflow/.local/lib/python3.12/site-packages/airflow/example_dags/tutorial.py
[2024-10-15T01:10:56.686+0000] {processor.py:914} INFO - Processing file /home/airflow/.local/lib/python3.12/site-packages/airflow/example_dags/tutorial.py for tasks to queue
[2024-10-15T01:10:56.687+0000] {logging_mixin.py:190} INFO - [2024-10-15T01:10:56.687+0000] {dagbag.py:588} INFO - Filling up the DagBag from /home/airflow/.local/lib/python3.12/site-packages/airflow/example_dags/tutorial.py
[2024-10-15T01:10:56.696+0000] {processor.py:925} INFO - DAG(s) 'tutorial' retrieved from /home/airflow/.local/lib/python3.12/site-packages/airflow/example_dags/tutorial.py
[2024-10-15T01:10:56.723+0000] {logging_mixin.py:190} INFO - [2024-10-15T01:10:56.723+0000] {dag.py:3239} INFO - Sync 1 DAGs
[2024-10-15T01:10:56.768+0000] {logging_mixin.py:190} INFO - [2024-10-15T01:10:56.768+0000] {dag.py:4180} INFO - Setting next_dagrun for tutorial to 2024-10-14 00:00:00+00:00, run_after=2024-10-15 00:00:00+00:00
[2024-10-15T01:10:56.791+0000] {processor.py:208} INFO - Processing /home/airflow/.local/lib/python3.12/site-packages/airflow/example_dags/tutorial.py took 0.112 seconds
[2024-10-15T01:11:27.042+0000] {processor.py:186} INFO - Started process (PID=1504) to work on /home/airflow/.local/lib/python3.12/site-packages/airflow/example_dags/tutorial.py
[2024-10-15T01:11:27.043+0000] {processor.py:914} INFO - Processing file /home/airflow/.local/lib/python3.12/site-packages/airflow/example_dags/tutorial.py for tasks to queue
[2024-10-15T01:11:27.044+0000] {logging_mixin.py:190} INFO - [2024-10-15T01:11:27.043+0000] {dagbag.py:588} INFO - Filling up the DagBag from /home/airflow/.local/lib/python3.12/site-packages/airflow/example_dags/tutorial.py
[2024-10-15T01:11:27.055+0000] {processor.py:925} INFO - DAG(s) 'tutorial' retrieved from /home/airflow/.local/lib/python3.12/site-packages/airflow/example_dags/tutorial.py
[2024-10-15T01:11:27.074+0000] {logging_mixin.py:190} INFO - [2024-10-15T01:11:27.074+0000] {dag.py:3239} INFO - Sync 1 DAGs
[2024-10-15T01:11:27.096+0000] {logging_mixin.py:190} INFO - [2024-10-15T01:11:27.096+0000] {dag.py:4180} INFO - Setting next_dagrun for tutorial to 2024-10-14 00:00:00+00:00, run_after=2024-10-15 00:00:00+00:00
[2024-10-15T01:11:27.115+0000] {processor.py:208} INFO - Processing /home/airflow/.local/lib/python3.12/site-packages/airflow/example_dags/tutorial.py took 0.081 seconds
[2024-10-15T01:11:57.818+0000] {processor.py:186} INFO - Started process (PID=1567) to work on /home/airflow/.local/lib/python3.12/site-packages/airflow/example_dags/tutorial.py
[2024-10-15T01:11:57.820+0000] {processor.py:914} INFO - Processing file /home/airflow/.local/lib/python3.12/site-packages/airflow/example_dags/tutorial.py for tasks to queue
[2024-10-15T01:11:57.822+0000] {logging_mixin.py:190} INFO - [2024-10-15T01:11:57.822+0000] {dagbag.py:588} INFO - Filling up the DagBag from /home/airflow/.local/lib/python3.12/site-packages/airflow/example_dags/tutorial.py
[2024-10-15T01:11:57.832+0000] {processor.py:925} INFO - DAG(s) 'tutorial' retrieved from /home/airflow/.local/lib/python3.12/site-packages/airflow/example_dags/tutorial.py
[2024-10-15T01:11:57.856+0000] {logging_mixin.py:190} INFO - [2024-10-15T01:11:57.856+0000] {dag.py:3239} INFO - Sync 1 DAGs
[2024-10-15T01:11:57.886+0000] {logging_mixin.py:190} INFO - [2024-10-15T01:11:57.886+0000] {dag.py:4180} INFO - Setting next_dagrun for tutorial to 2024-10-14 00:00:00+00:00, run_after=2024-10-15 00:00:00+00:00
[2024-10-15T01:11:57.904+0000] {processor.py:208} INFO - Processing /home/airflow/.local/lib/python3.12/site-packages/airflow/example_dags/tutorial.py took 0.093 seconds
[2024-10-15T01:12:28.420+0000] {processor.py:186} INFO - Started process (PID=1631) to work on /home/airflow/.local/lib/python3.12/site-packages/airflow/example_dags/tutorial.py
[2024-10-15T01:12:28.422+0000] {processor.py:914} INFO - Processing file /home/airflow/.local/lib/python3.12/site-packages/airflow/example_dags/tutorial.py for tasks to queue
[2024-10-15T01:12:28.423+0000] {logging_mixin.py:190} INFO - [2024-10-15T01:12:28.423+0000] {dagbag.py:588} INFO - Filling up the DagBag from /home/airflow/.local/lib/python3.12/site-packages/airflow/example_dags/tutorial.py
[2024-10-15T01:12:28.446+0000] {processor.py:925} INFO - DAG(s) 'tutorial' retrieved from /home/airflow/.local/lib/python3.12/site-packages/airflow/example_dags/tutorial.py
[2024-10-15T01:12:28.493+0000] {logging_mixin.py:190} INFO - [2024-10-15T01:12:28.492+0000] {dag.py:3239} INFO - Sync 1 DAGs
[2024-10-15T01:12:28.535+0000] {logging_mixin.py:190} INFO - [2024-10-15T01:12:28.535+0000] {dag.py:4180} INFO - Setting next_dagrun for tutorial to 2024-10-14 00:00:00+00:00, run_after=2024-10-15 00:00:00+00:00
[2024-10-15T01:12:28.575+0000] {processor.py:208} INFO - Processing /home/airflow/.local/lib/python3.12/site-packages/airflow/example_dags/tutorial.py took 0.167 seconds
[2024-10-15T01:12:58.825+0000] {processor.py:186} INFO - Started process (PID=1696) to work on /home/airflow/.local/lib/python3.12/site-packages/airflow/example_dags/tutorial.py
[2024-10-15T01:12:58.826+0000] {processor.py:914} INFO - Processing file /home/airflow/.local/lib/python3.12/site-packages/airflow/example_dags/tutorial.py for tasks to queue
[2024-10-15T01:12:58.827+0000] {logging_mixin.py:190} INFO - [2024-10-15T01:12:58.827+0000] {dagbag.py:588} INFO - Filling up the DagBag from /home/airflow/.local/lib/python3.12/site-packages/airflow/example_dags/tutorial.py
[2024-10-15T01:12:58.838+0000] {processor.py:925} INFO - DAG(s) 'tutorial' retrieved from /home/airflow/.local/lib/python3.12/site-packages/airflow/example_dags/tutorial.py
[2024-10-15T01:12:58.867+0000] {logging_mixin.py:190} INFO - [2024-10-15T01:12:58.867+0000] {dag.py:3239} INFO - Sync 1 DAGs
[2024-10-15T01:12:58.891+0000] {logging_mixin.py:190} INFO - [2024-10-15T01:12:58.891+0000] {dag.py:4180} INFO - Setting next_dagrun for tutorial to 2024-10-14 00:00:00+00:00, run_after=2024-10-15 00:00:00+00:00
[2024-10-15T01:12:58.934+0000] {processor.py:208} INFO - Processing /home/airflow/.local/lib/python3.12/site-packages/airflow/example_dags/tutorial.py took 0.120 seconds
[2024-10-15T01:13:29.053+0000] {processor.py:186} INFO - Started process (PID=1759) to work on /home/airflow/.local/lib/python3.12/site-packages/airflow/example_dags/tutorial.py
[2024-10-15T01:13:29.055+0000] {processor.py:914} INFO - Processing file /home/airflow/.local/lib/python3.12/site-packages/airflow/example_dags/tutorial.py for tasks to queue
[2024-10-15T01:13:29.056+0000] {logging_mixin.py:190} INFO - [2024-10-15T01:13:29.055+0000] {dagbag.py:588} INFO - Filling up the DagBag from /home/airflow/.local/lib/python3.12/site-packages/airflow/example_dags/tutorial.py
[2024-10-15T01:13:29.064+0000] {processor.py:925} INFO - DAG(s) 'tutorial' retrieved from /home/airflow/.local/lib/python3.12/site-packages/airflow/example_dags/tutorial.py
[2024-10-15T01:13:29.087+0000] {logging_mixin.py:190} INFO - [2024-10-15T01:13:29.087+0000] {dag.py:3239} INFO - Sync 1 DAGs
[2024-10-15T01:13:29.106+0000] {logging_mixin.py:190} INFO - [2024-10-15T01:13:29.105+0000] {dag.py:4180} INFO - Setting next_dagrun for tutorial to 2024-10-14 00:00:00+00:00, run_after=2024-10-15 00:00:00+00:00
[2024-10-15T01:13:29.124+0000] {processor.py:208} INFO - Processing /home/airflow/.local/lib/python3.12/site-packages/airflow/example_dags/tutorial.py took 0.076 seconds
[2024-10-15T01:13:59.535+0000] {processor.py:186} INFO - Started process (PID=1822) to work on /home/airflow/.local/lib/python3.12/site-packages/airflow/example_dags/tutorial.py
[2024-10-15T01:13:59.536+0000] {processor.py:914} INFO - Processing file /home/airflow/.local/lib/python3.12/site-packages/airflow/example_dags/tutorial.py for tasks to queue
[2024-10-15T01:13:59.537+0000] {logging_mixin.py:190} INFO - [2024-10-15T01:13:59.536+0000] {dagbag.py:588} INFO - Filling up the DagBag from /home/airflow/.local/lib/python3.12/site-packages/airflow/example_dags/tutorial.py
[2024-10-15T01:13:59.552+0000] {processor.py:925} INFO - DAG(s) 'tutorial' retrieved from /home/airflow/.local/lib/python3.12/site-packages/airflow/example_dags/tutorial.py
[2024-10-15T01:13:59.586+0000] {logging_mixin.py:190} INFO - [2024-10-15T01:13:59.586+0000] {dag.py:3239} INFO - Sync 1 DAGs
[2024-10-15T01:13:59.624+0000] {logging_mixin.py:190} INFO - [2024-10-15T01:13:59.624+0000] {dag.py:4180} INFO - Setting next_dagrun for tutorial to 2024-10-14 00:00:00+00:00, run_after=2024-10-15 00:00:00+00:00
[2024-10-15T01:13:59.665+0000] {processor.py:208} INFO - Processing /home/airflow/.local/lib/python3.12/site-packages/airflow/example_dags/tutorial.py took 0.139 seconds
[2024-10-15T01:14:30.253+0000] {processor.py:186} INFO - Started process (PID=1885) to work on /home/airflow/.local/lib/python3.12/site-packages/airflow/example_dags/tutorial.py
[2024-10-15T01:14:30.255+0000] {processor.py:914} INFO - Processing file /home/airflow/.local/lib/python3.12/site-packages/airflow/example_dags/tutorial.py for tasks to queue
[2024-10-15T01:14:30.256+0000] {logging_mixin.py:190} INFO - [2024-10-15T01:14:30.256+0000] {dagbag.py:588} INFO - Filling up the DagBag from /home/airflow/.local/lib/python3.12/site-packages/airflow/example_dags/tutorial.py
[2024-10-15T01:14:30.266+0000] {processor.py:925} INFO - DAG(s) 'tutorial' retrieved from /home/airflow/.local/lib/python3.12/site-packages/airflow/example_dags/tutorial.py
[2024-10-15T01:14:30.285+0000] {logging_mixin.py:190} INFO - [2024-10-15T01:14:30.285+0000] {dag.py:3239} INFO - Sync 1 DAGs
[2024-10-15T01:14:30.307+0000] {logging_mixin.py:190} INFO - [2024-10-15T01:14:30.307+0000] {dag.py:4180} INFO - Setting next_dagrun for tutorial to 2024-10-14 00:00:00+00:00, run_after=2024-10-15 00:00:00+00:00
[2024-10-15T01:14:30.326+0000] {processor.py:208} INFO - Processing /home/airflow/.local/lib/python3.12/site-packages/airflow/example_dags/tutorial.py took 0.079 seconds
[2024-10-15T01:15:00.406+0000] {processor.py:186} INFO - Started process (PID=1947) to work on /home/airflow/.local/lib/python3.12/site-packages/airflow/example_dags/tutorial.py
[2024-10-15T01:15:00.407+0000] {processor.py:914} INFO - Processing file /home/airflow/.local/lib/python3.12/site-packages/airflow/example_dags/tutorial.py for tasks to queue
[2024-10-15T01:15:00.408+0000] {logging_mixin.py:190} INFO - [2024-10-15T01:15:00.408+0000] {dagbag.py:588} INFO - Filling up the DagBag from /home/airflow/.local/lib/python3.12/site-packages/airflow/example_dags/tutorial.py
[2024-10-15T01:15:00.417+0000] {processor.py:925} INFO - DAG(s) 'tutorial' retrieved from /home/airflow/.local/lib/python3.12/site-packages/airflow/example_dags/tutorial.py
[2024-10-15T01:15:00.438+0000] {logging_mixin.py:190} INFO - [2024-10-15T01:15:00.438+0000] {dag.py:3239} INFO - Sync 1 DAGs
[2024-10-15T01:15:00.461+0000] {logging_mixin.py:190} INFO - [2024-10-15T01:15:00.460+0000] {dag.py:4180} INFO - Setting next_dagrun for tutorial to 2024-10-14 00:00:00+00:00, run_after=2024-10-15 00:00:00+00:00
[2024-10-15T01:15:00.478+0000] {processor.py:208} INFO - Processing /home/airflow/.local/lib/python3.12/site-packages/airflow/example_dags/tutorial.py took 0.082 seconds
[2024-10-15T01:15:31.088+0000] {processor.py:186} INFO - Started process (PID=2010) to work on /home/airflow/.local/lib/python3.12/site-packages/airflow/example_dags/tutorial.py
[2024-10-15T01:15:31.091+0000] {processor.py:914} INFO - Processing file /home/airflow/.local/lib/python3.12/site-packages/airflow/example_dags/tutorial.py for tasks to queue
[2024-10-15T01:15:31.092+0000] {logging_mixin.py:190} INFO - [2024-10-15T01:15:31.091+0000] {dagbag.py:588} INFO - Filling up the DagBag from /home/airflow/.local/lib/python3.12/site-packages/airflow/example_dags/tutorial.py
[2024-10-15T01:15:31.100+0000] {processor.py:925} INFO - DAG(s) 'tutorial' retrieved from /home/airflow/.local/lib/python3.12/site-packages/airflow/example_dags/tutorial.py
[2024-10-15T01:15:31.123+0000] {logging_mixin.py:190} INFO - [2024-10-15T01:15:31.122+0000] {dag.py:3239} INFO - Sync 1 DAGs
[2024-10-15T01:15:31.145+0000] {logging_mixin.py:190} INFO - [2024-10-15T01:15:31.145+0000] {dag.py:4180} INFO - Setting next_dagrun for tutorial to 2024-10-14 00:00:00+00:00, run_after=2024-10-15 00:00:00+00:00
[2024-10-15T01:15:31.164+0000] {processor.py:208} INFO - Processing /home/airflow/.local/lib/python3.12/site-packages/airflow/example_dags/tutorial.py took 0.082 seconds
[2024-10-15T01:16:01.436+0000] {processor.py:186} INFO - Started process (PID=2072) to work on /home/airflow/.local/lib/python3.12/site-packages/airflow/example_dags/tutorial.py
[2024-10-15T01:16:01.437+0000] {processor.py:914} INFO - Processing file /home/airflow/.local/lib/python3.12/site-packages/airflow/example_dags/tutorial.py for tasks to queue
[2024-10-15T01:16:01.438+0000] {logging_mixin.py:190} INFO - [2024-10-15T01:16:01.438+0000] {dagbag.py:588} INFO - Filling up the DagBag from /home/airflow/.local/lib/python3.12/site-packages/airflow/example_dags/tutorial.py
[2024-10-15T01:16:01.451+0000] {processor.py:925} INFO - DAG(s) 'tutorial' retrieved from /home/airflow/.local/lib/python3.12/site-packages/airflow/example_dags/tutorial.py
[2024-10-15T01:16:01.471+0000] {logging_mixin.py:190} INFO - [2024-10-15T01:16:01.471+0000] {dag.py:3239} INFO - Sync 1 DAGs
[2024-10-15T01:16:01.495+0000] {logging_mixin.py:190} INFO - [2024-10-15T01:16:01.495+0000] {dag.py:4180} INFO - Setting next_dagrun for tutorial to 2024-10-14 00:00:00+00:00, run_after=2024-10-15 00:00:00+00:00
[2024-10-15T01:16:01.523+0000] {processor.py:208} INFO - Processing /home/airflow/.local/lib/python3.12/site-packages/airflow/example_dags/tutorial.py took 0.093 seconds
[2024-10-15T01:16:32.537+0000] {processor.py:186} INFO - Started process (PID=2135) to work on /home/airflow/.local/lib/python3.12/site-packages/airflow/example_dags/tutorial.py
[2024-10-15T01:16:32.546+0000] {processor.py:914} INFO - Processing file /home/airflow/.local/lib/python3.12/site-packages/airflow/example_dags/tutorial.py for tasks to queue
[2024-10-15T01:16:32.547+0000] {logging_mixin.py:190} INFO - [2024-10-15T01:16:32.547+0000] {dagbag.py:588} INFO - Filling up the DagBag from /home/airflow/.local/lib/python3.12/site-packages/airflow/example_dags/tutorial.py
[2024-10-15T01:16:32.563+0000] {processor.py:925} INFO - DAG(s) 'tutorial' retrieved from /home/airflow/.local/lib/python3.12/site-packages/airflow/example_dags/tutorial.py
[2024-10-15T01:16:32.593+0000] {logging_mixin.py:190} INFO - [2024-10-15T01:16:32.593+0000] {dag.py:3239} INFO - Sync 1 DAGs
[2024-10-15T01:16:32.652+0000] {logging_mixin.py:190} INFO - [2024-10-15T01:16:32.651+0000] {dag.py:4180} INFO - Setting next_dagrun for tutorial to 2024-10-14 00:00:00+00:00, run_after=2024-10-15 00:00:00+00:00
[2024-10-15T01:16:32.680+0000] {processor.py:208} INFO - Processing /home/airflow/.local/lib/python3.12/site-packages/airflow/example_dags/tutorial.py took 0.149 seconds
[2024-10-15T01:17:02.755+0000] {processor.py:186} INFO - Started process (PID=2198) to work on /home/airflow/.local/lib/python3.12/site-packages/airflow/example_dags/tutorial.py
[2024-10-15T01:17:02.755+0000] {processor.py:914} INFO - Processing file /home/airflow/.local/lib/python3.12/site-packages/airflow/example_dags/tutorial.py for tasks to queue
[2024-10-15T01:17:02.756+0000] {logging_mixin.py:190} INFO - [2024-10-15T01:17:02.756+0000] {dagbag.py:588} INFO - Filling up the DagBag from /home/airflow/.local/lib/python3.12/site-packages/airflow/example_dags/tutorial.py
[2024-10-15T01:17:02.766+0000] {processor.py:925} INFO - DAG(s) 'tutorial' retrieved from /home/airflow/.local/lib/python3.12/site-packages/airflow/example_dags/tutorial.py
[2024-10-15T01:17:02.792+0000] {logging_mixin.py:190} INFO - [2024-10-15T01:17:02.791+0000] {dag.py:3239} INFO - Sync 1 DAGs
[2024-10-15T01:17:02.816+0000] {logging_mixin.py:190} INFO - [2024-10-15T01:17:02.816+0000] {dag.py:4180} INFO - Setting next_dagrun for tutorial to 2024-10-14 00:00:00+00:00, run_after=2024-10-15 00:00:00+00:00
[2024-10-15T01:17:02.841+0000] {processor.py:208} INFO - Processing /home/airflow/.local/lib/python3.12/site-packages/airflow/example_dags/tutorial.py took 0.092 seconds
[2024-10-15T01:17:33.584+0000] {processor.py:186} INFO - Started process (PID=2261) to work on /home/airflow/.local/lib/python3.12/site-packages/airflow/example_dags/tutorial.py
[2024-10-15T01:17:33.594+0000] {processor.py:914} INFO - Processing file /home/airflow/.local/lib/python3.12/site-packages/airflow/example_dags/tutorial.py for tasks to queue
[2024-10-15T01:17:33.595+0000] {logging_mixin.py:190} INFO - [2024-10-15T01:17:33.595+0000] {dagbag.py:588} INFO - Filling up the DagBag from /home/airflow/.local/lib/python3.12/site-packages/airflow/example_dags/tutorial.py
[2024-10-15T01:17:33.611+0000] {processor.py:925} INFO - DAG(s) 'tutorial' retrieved from /home/airflow/.local/lib/python3.12/site-packages/airflow/example_dags/tutorial.py
[2024-10-15T01:17:33.654+0000] {logging_mixin.py:190} INFO - [2024-10-15T01:17:33.653+0000] {dag.py:3239} INFO - Sync 1 DAGs
[2024-10-15T01:17:33.679+0000] {logging_mixin.py:190} INFO - [2024-10-15T01:17:33.678+0000] {dag.py:4180} INFO - Setting next_dagrun for tutorial to 2024-10-14 00:00:00+00:00, run_after=2024-10-15 00:00:00+00:00
[2024-10-15T01:17:33.710+0000] {processor.py:208} INFO - Processing /home/airflow/.local/lib/python3.12/site-packages/airflow/example_dags/tutorial.py took 0.158 seconds
[2024-10-15T01:18:04.566+0000] {processor.py:186} INFO - Started process (PID=2325) to work on /home/airflow/.local/lib/python3.12/site-packages/airflow/example_dags/tutorial.py
[2024-10-15T01:18:04.567+0000] {processor.py:914} INFO - Processing file /home/airflow/.local/lib/python3.12/site-packages/airflow/example_dags/tutorial.py for tasks to queue
[2024-10-15T01:18:04.568+0000] {logging_mixin.py:190} INFO - [2024-10-15T01:18:04.568+0000] {dagbag.py:588} INFO - Filling up the DagBag from /home/airflow/.local/lib/python3.12/site-packages/airflow/example_dags/tutorial.py
[2024-10-15T01:18:04.578+0000] {processor.py:925} INFO - DAG(s) 'tutorial' retrieved from /home/airflow/.local/lib/python3.12/site-packages/airflow/example_dags/tutorial.py
[2024-10-15T01:18:04.613+0000] {logging_mixin.py:190} INFO - [2024-10-15T01:18:04.612+0000] {dag.py:3239} INFO - Sync 1 DAGs
[2024-10-15T01:18:04.636+0000] {logging_mixin.py:190} INFO - [2024-10-15T01:18:04.636+0000] {dag.py:4180} INFO - Setting next_dagrun for tutorial to 2024-10-14 00:00:00+00:00, run_after=2024-10-15 00:00:00+00:00
[2024-10-15T01:18:04.657+0000] {processor.py:208} INFO - Processing /home/airflow/.local/lib/python3.12/site-packages/airflow/example_dags/tutorial.py took 0.097 seconds
[2024-10-15T01:18:34.891+0000] {processor.py:186} INFO - Started process (PID=2388) to work on /home/airflow/.local/lib/python3.12/site-packages/airflow/example_dags/tutorial.py
[2024-10-15T01:18:34.893+0000] {processor.py:914} INFO - Processing file /home/airflow/.local/lib/python3.12/site-packages/airflow/example_dags/tutorial.py for tasks to queue
[2024-10-15T01:18:34.894+0000] {logging_mixin.py:190} INFO - [2024-10-15T01:18:34.894+0000] {dagbag.py:588} INFO - Filling up the DagBag from /home/airflow/.local/lib/python3.12/site-packages/airflow/example_dags/tutorial.py
[2024-10-15T01:18:34.909+0000] {processor.py:925} INFO - DAG(s) 'tutorial' retrieved from /home/airflow/.local/lib/python3.12/site-packages/airflow/example_dags/tutorial.py
[2024-10-15T01:18:34.933+0000] {logging_mixin.py:190} INFO - [2024-10-15T01:18:34.933+0000] {dag.py:3239} INFO - Sync 1 DAGs
[2024-10-15T01:18:34.962+0000] {logging_mixin.py:190} INFO - [2024-10-15T01:18:34.959+0000] {dag.py:4180} INFO - Setting next_dagrun for tutorial to 2024-10-14 00:00:00+00:00, run_after=2024-10-15 00:00:00+00:00
[2024-10-15T01:18:34.982+0000] {processor.py:208} INFO - Processing /home/airflow/.local/lib/python3.12/site-packages/airflow/example_dags/tutorial.py took 0.098 seconds
[2024-10-15T01:19:05.315+0000] {processor.py:186} INFO - Started process (PID=2451) to work on /home/airflow/.local/lib/python3.12/site-packages/airflow/example_dags/tutorial.py
[2024-10-15T01:19:05.317+0000] {processor.py:914} INFO - Processing file /home/airflow/.local/lib/python3.12/site-packages/airflow/example_dags/tutorial.py for tasks to queue
[2024-10-15T01:19:05.318+0000] {logging_mixin.py:190} INFO - [2024-10-15T01:19:05.318+0000] {dagbag.py:588} INFO - Filling up the DagBag from /home/airflow/.local/lib/python3.12/site-packages/airflow/example_dags/tutorial.py
[2024-10-15T01:19:05.327+0000] {processor.py:925} INFO - DAG(s) 'tutorial' retrieved from /home/airflow/.local/lib/python3.12/site-packages/airflow/example_dags/tutorial.py
[2024-10-15T01:19:05.347+0000] {logging_mixin.py:190} INFO - [2024-10-15T01:19:05.346+0000] {dag.py:3239} INFO - Sync 1 DAGs
[2024-10-15T01:19:05.370+0000] {logging_mixin.py:190} INFO - [2024-10-15T01:19:05.370+0000] {dag.py:4180} INFO - Setting next_dagrun for tutorial to 2024-10-14 00:00:00+00:00, run_after=2024-10-15 00:00:00+00:00
[2024-10-15T01:19:05.388+0000] {processor.py:208} INFO - Processing /home/airflow/.local/lib/python3.12/site-packages/airflow/example_dags/tutorial.py took 0.081 seconds
[2024-10-15T01:19:35.669+0000] {processor.py:186} INFO - Started process (PID=2514) to work on /home/airflow/.local/lib/python3.12/site-packages/airflow/example_dags/tutorial.py
[2024-10-15T01:19:35.670+0000] {processor.py:914} INFO - Processing file /home/airflow/.local/lib/python3.12/site-packages/airflow/example_dags/tutorial.py for tasks to queue
[2024-10-15T01:19:35.671+0000] {logging_mixin.py:190} INFO - [2024-10-15T01:19:35.671+0000] {dagbag.py:588} INFO - Filling up the DagBag from /home/airflow/.local/lib/python3.12/site-packages/airflow/example_dags/tutorial.py
[2024-10-15T01:19:35.679+0000] {processor.py:925} INFO - DAG(s) 'tutorial' retrieved from /home/airflow/.local/lib/python3.12/site-packages/airflow/example_dags/tutorial.py
[2024-10-15T01:19:35.700+0000] {logging_mixin.py:190} INFO - [2024-10-15T01:19:35.700+0000] {dag.py:3239} INFO - Sync 1 DAGs
[2024-10-15T01:19:35.722+0000] {logging_mixin.py:190} INFO - [2024-10-15T01:19:35.722+0000] {dag.py:4180} INFO - Setting next_dagrun for tutorial to 2024-10-14 00:00:00+00:00, run_after=2024-10-15 00:00:00+00:00
[2024-10-15T01:19:35.740+0000] {processor.py:208} INFO - Processing /home/airflow/.local/lib/python3.12/site-packages/airflow/example_dags/tutorial.py took 0.077 seconds
[2024-10-15T01:20:06.655+0000] {processor.py:186} INFO - Started process (PID=2577) to work on /home/airflow/.local/lib/python3.12/site-packages/airflow/example_dags/tutorial.py
[2024-10-15T01:20:06.656+0000] {processor.py:914} INFO - Processing file /home/airflow/.local/lib/python3.12/site-packages/airflow/example_dags/tutorial.py for tasks to queue
[2024-10-15T01:20:06.659+0000] {logging_mixin.py:190} INFO - [2024-10-15T01:20:06.659+0000] {dagbag.py:588} INFO - Filling up the DagBag from /home/airflow/.local/lib/python3.12/site-packages/airflow/example_dags/tutorial.py
[2024-10-15T01:20:06.672+0000] {processor.py:925} INFO - DAG(s) 'tutorial' retrieved from /home/airflow/.local/lib/python3.12/site-packages/airflow/example_dags/tutorial.py
[2024-10-15T01:20:06.711+0000] {logging_mixin.py:190} INFO - [2024-10-15T01:20:06.710+0000] {dag.py:3239} INFO - Sync 1 DAGs
[2024-10-15T01:20:06.741+0000] {logging_mixin.py:190} INFO - [2024-10-15T01:20:06.741+0000] {dag.py:4180} INFO - Setting next_dagrun for tutorial to 2024-10-14 00:00:00+00:00, run_after=2024-10-15 00:00:00+00:00
[2024-10-15T01:20:06.768+0000] {processor.py:208} INFO - Processing /home/airflow/.local/lib/python3.12/site-packages/airflow/example_dags/tutorial.py took 0.125 seconds
[2024-10-15T01:20:37.422+0000] {processor.py:186} INFO - Started process (PID=2641) to work on /home/airflow/.local/lib/python3.12/site-packages/airflow/example_dags/tutorial.py
[2024-10-15T01:20:37.423+0000] {processor.py:914} INFO - Processing file /home/airflow/.local/lib/python3.12/site-packages/airflow/example_dags/tutorial.py for tasks to queue
[2024-10-15T01:20:37.424+0000] {logging_mixin.py:190} INFO - [2024-10-15T01:20:37.423+0000] {dagbag.py:588} INFO - Filling up the DagBag from /home/airflow/.local/lib/python3.12/site-packages/airflow/example_dags/tutorial.py
[2024-10-15T01:20:37.431+0000] {processor.py:925} INFO - DAG(s) 'tutorial' retrieved from /home/airflow/.local/lib/python3.12/site-packages/airflow/example_dags/tutorial.py
[2024-10-15T01:20:37.446+0000] {logging_mixin.py:190} INFO - [2024-10-15T01:20:37.445+0000] {dag.py:3239} INFO - Sync 1 DAGs
[2024-10-15T01:20:37.464+0000] {logging_mixin.py:190} INFO - [2024-10-15T01:20:37.463+0000] {dag.py:4180} INFO - Setting next_dagrun for tutorial to 2024-10-14 00:00:00+00:00, run_after=2024-10-15 00:00:00+00:00
[2024-10-15T01:20:37.477+0000] {processor.py:208} INFO - Processing /home/airflow/.local/lib/python3.12/site-packages/airflow/example_dags/tutorial.py took 0.061 seconds
[2024-10-15T01:21:07.723+0000] {processor.py:186} INFO - Started process (PID=2704) to work on /home/airflow/.local/lib/python3.12/site-packages/airflow/example_dags/tutorial.py
[2024-10-15T01:21:07.735+0000] {processor.py:914} INFO - Processing file /home/airflow/.local/lib/python3.12/site-packages/airflow/example_dags/tutorial.py for tasks to queue
[2024-10-15T01:21:07.736+0000] {logging_mixin.py:190} INFO - [2024-10-15T01:21:07.736+0000] {dagbag.py:588} INFO - Filling up the DagBag from /home/airflow/.local/lib/python3.12/site-packages/airflow/example_dags/tutorial.py
[2024-10-15T01:21:07.756+0000] {processor.py:925} INFO - DAG(s) 'tutorial' retrieved from /home/airflow/.local/lib/python3.12/site-packages/airflow/example_dags/tutorial.py
[2024-10-15T01:21:07.823+0000] {logging_mixin.py:190} INFO - [2024-10-15T01:21:07.823+0000] {dag.py:3239} INFO - Sync 1 DAGs
[2024-10-15T01:21:07.864+0000] {logging_mixin.py:190} INFO - [2024-10-15T01:21:07.864+0000] {dag.py:4180} INFO - Setting next_dagrun for tutorial to 2024-10-14 00:00:00+00:00, run_after=2024-10-15 00:00:00+00:00
[2024-10-15T01:21:07.884+0000] {processor.py:208} INFO - Processing /home/airflow/.local/lib/python3.12/site-packages/airflow/example_dags/tutorial.py took 0.171 seconds
[2024-10-15T01:21:38.425+0000] {processor.py:186} INFO - Started process (PID=2767) to work on /home/airflow/.local/lib/python3.12/site-packages/airflow/example_dags/tutorial.py
[2024-10-15T01:21:38.425+0000] {processor.py:914} INFO - Processing file /home/airflow/.local/lib/python3.12/site-packages/airflow/example_dags/tutorial.py for tasks to queue
[2024-10-15T01:21:38.437+0000] {logging_mixin.py:190} INFO - [2024-10-15T01:21:38.436+0000] {dagbag.py:588} INFO - Filling up the DagBag from /home/airflow/.local/lib/python3.12/site-packages/airflow/example_dags/tutorial.py
[2024-10-15T01:21:38.454+0000] {processor.py:925} INFO - DAG(s) 'tutorial' retrieved from /home/airflow/.local/lib/python3.12/site-packages/airflow/example_dags/tutorial.py
[2024-10-15T01:21:38.496+0000] {logging_mixin.py:190} INFO - [2024-10-15T01:21:38.496+0000] {dag.py:3239} INFO - Sync 1 DAGs
[2024-10-15T01:21:38.549+0000] {logging_mixin.py:190} INFO - [2024-10-15T01:21:38.549+0000] {dag.py:4180} INFO - Setting next_dagrun for tutorial to 2024-10-14 00:00:00+00:00, run_after=2024-10-15 00:00:00+00:00
[2024-10-15T01:21:38.590+0000] {processor.py:208} INFO - Processing /home/airflow/.local/lib/python3.12/site-packages/airflow/example_dags/tutorial.py took 0.178 seconds
[2024-10-15T01:22:09.131+0000] {processor.py:186} INFO - Started process (PID=2829) to work on /home/airflow/.local/lib/python3.12/site-packages/airflow/example_dags/tutorial.py
[2024-10-15T01:22:09.132+0000] {processor.py:914} INFO - Processing file /home/airflow/.local/lib/python3.12/site-packages/airflow/example_dags/tutorial.py for tasks to queue
[2024-10-15T01:22:09.133+0000] {logging_mixin.py:190} INFO - [2024-10-15T01:22:09.133+0000] {dagbag.py:588} INFO - Filling up the DagBag from /home/airflow/.local/lib/python3.12/site-packages/airflow/example_dags/tutorial.py
[2024-10-15T01:22:09.143+0000] {processor.py:925} INFO - DAG(s) 'tutorial' retrieved from /home/airflow/.local/lib/python3.12/site-packages/airflow/example_dags/tutorial.py
[2024-10-15T01:22:09.163+0000] {logging_mixin.py:190} INFO - [2024-10-15T01:22:09.163+0000] {dag.py:3239} INFO - Sync 1 DAGs
[2024-10-15T01:22:09.184+0000] {logging_mixin.py:190} INFO - [2024-10-15T01:22:09.184+0000] {dag.py:4180} INFO - Setting next_dagrun for tutorial to 2024-10-14 00:00:00+00:00, run_after=2024-10-15 00:00:00+00:00
[2024-10-15T01:22:09.203+0000] {processor.py:208} INFO - Processing /home/airflow/.local/lib/python3.12/site-packages/airflow/example_dags/tutorial.py took 0.077 seconds
[2024-10-15T01:22:39.596+0000] {processor.py:186} INFO - Started process (PID=2892) to work on /home/airflow/.local/lib/python3.12/site-packages/airflow/example_dags/tutorial.py
[2024-10-15T01:22:39.596+0000] {processor.py:914} INFO - Processing file /home/airflow/.local/lib/python3.12/site-packages/airflow/example_dags/tutorial.py for tasks to queue
[2024-10-15T01:22:39.598+0000] {logging_mixin.py:190} INFO - [2024-10-15T01:22:39.597+0000] {dagbag.py:588} INFO - Filling up the DagBag from /home/airflow/.local/lib/python3.12/site-packages/airflow/example_dags/tutorial.py
[2024-10-15T01:22:39.619+0000] {processor.py:925} INFO - DAG(s) 'tutorial' retrieved from /home/airflow/.local/lib/python3.12/site-packages/airflow/example_dags/tutorial.py
[2024-10-15T01:22:39.651+0000] {logging_mixin.py:190} INFO - [2024-10-15T01:22:39.651+0000] {dag.py:3239} INFO - Sync 1 DAGs
[2024-10-15T01:22:39.703+0000] {logging_mixin.py:190} INFO - [2024-10-15T01:22:39.703+0000] {dag.py:4180} INFO - Setting next_dagrun for tutorial to 2024-10-14 00:00:00+00:00, run_after=2024-10-15 00:00:00+00:00
[2024-10-15T01:22:39.737+0000] {processor.py:208} INFO - Processing /home/airflow/.local/lib/python3.12/site-packages/airflow/example_dags/tutorial.py took 0.169 seconds
[2024-10-15T01:23:10.591+0000] {processor.py:186} INFO - Started process (PID=2956) to work on /home/airflow/.local/lib/python3.12/site-packages/airflow/example_dags/tutorial.py
[2024-10-15T01:23:10.592+0000] {processor.py:914} INFO - Processing file /home/airflow/.local/lib/python3.12/site-packages/airflow/example_dags/tutorial.py for tasks to queue
[2024-10-15T01:23:10.593+0000] {logging_mixin.py:190} INFO - [2024-10-15T01:23:10.593+0000] {dagbag.py:588} INFO - Filling up the DagBag from /home/airflow/.local/lib/python3.12/site-packages/airflow/example_dags/tutorial.py
[2024-10-15T01:23:10.612+0000] {processor.py:925} INFO - DAG(s) 'tutorial' retrieved from /home/airflow/.local/lib/python3.12/site-packages/airflow/example_dags/tutorial.py
[2024-10-15T01:23:10.635+0000] {logging_mixin.py:190} INFO - [2024-10-15T01:23:10.635+0000] {dag.py:3239} INFO - Sync 1 DAGs
[2024-10-15T01:23:10.661+0000] {logging_mixin.py:190} INFO - [2024-10-15T01:23:10.661+0000] {dag.py:4180} INFO - Setting next_dagrun for tutorial to 2024-10-14 00:00:00+00:00, run_after=2024-10-15 00:00:00+00:00
[2024-10-15T01:23:10.687+0000] {processor.py:208} INFO - Processing /home/airflow/.local/lib/python3.12/site-packages/airflow/example_dags/tutorial.py took 0.103 seconds
