[2024-10-15T01:22:06.452+0000] {local_task_job_runner.py:123} INFO - ::group::Pre task execution logs
[2024-10-15T01:22:06.468+0000] {taskinstance.py:2612} INFO - Dependencies all met for dep_context=non-requeueable deps ti=<TaskInstance: asalex.read_asalex_to_file scheduled__2024-10-15T01:21:00+00:00 [queued]>
[2024-10-15T01:22:06.476+0000] {taskinstance.py:2612} INFO - Dependencies all met for dep_context=requeueable deps ti=<TaskInstance: asalex.read_asalex_to_file scheduled__2024-10-15T01:21:00+00:00 [queued]>
[2024-10-15T01:22:06.476+0000] {taskinstance.py:2865} INFO - Starting attempt 1 of 1
[2024-10-15T01:22:06.492+0000] {taskinstance.py:2888} INFO - Executing <Task(_PythonDecoratedOperator): read_asalex_to_file> on 2024-10-15 01:21:00+00:00
[2024-10-15T01:22:06.499+0000] {warnings.py:112} WARNING - /home/***/.local/lib/python3.12/site-packages/***/task/task_runner/standard_task_runner.py:70: DeprecationWarning: This process (pid=423) is multi-threaded, use of fork() may lead to deadlocks in the child.
  pid = os.fork()

[2024-10-15T01:22:06.500+0000] {standard_task_runner.py:72} INFO - Started process 425 to run task
[2024-10-15T01:22:06.504+0000] {standard_task_runner.py:104} INFO - Running: ['***', 'tasks', 'run', 'asalex', 'read_asalex_to_file', 'scheduled__2024-10-15T01:21:00+00:00', '--job-id', '55', '--raw', '--subdir', 'DAGS_FOLDER/asalex.py', '--cfg-path', '/tmp/tmpffae_0zz']
[2024-10-15T01:22:06.505+0000] {standard_task_runner.py:105} INFO - Job 55: Subtask read_asalex_to_file
[2024-10-15T01:22:06.579+0000] {task_command.py:467} INFO - Running <TaskInstance: asalex.read_asalex_to_file scheduled__2024-10-15T01:21:00+00:00 [running]> on host 599ca003dbbf
[2024-10-15T01:22:06.689+0000] {taskinstance.py:3131} INFO - Exporting env vars: AIRFLOW_CTX_DAG_OWNER='***' AIRFLOW_CTX_DAG_ID='asalex' AIRFLOW_CTX_TASK_ID='read_asalex_to_file' AIRFLOW_CTX_EXECUTION_DATE='2024-10-15T01:21:00+00:00' AIRFLOW_CTX_TRY_NUMBER='1' AIRFLOW_CTX_DAG_RUN_ID='scheduled__2024-10-15T01:21:00+00:00'
[2024-10-15T01:22:06.692+0000] {logging_mixin.py:190} INFO - Task instance is in running state
[2024-10-15T01:22:06.692+0000] {logging_mixin.py:190} INFO -  Previous state of the Task instance: queued
[2024-10-15T01:22:06.692+0000] {logging_mixin.py:190} INFO - Current task name:read_asalex_to_file state:running start_date:2024-10-15 01:22:06.468492+00:00
[2024-10-15T01:22:06.692+0000] {logging_mixin.py:190} INFO - Dag name:asalex and current dag run status:running
[2024-10-15T01:22:06.693+0000] {taskinstance.py:731} INFO - ::endgroup::
[2024-10-15T01:22:06.694+0000] {logging_mixin.py:190} INFO - Today, you will: Memorize a favorite quote or poem
Today, you will: Fill out a basketball bracket
Today, you will: Create a meal plan for the coming week
Today, you will: Go to a music festival with some friends
Today, you will: Make a budget
Today, you will: Watch a Khan Academy lecture on a subject of your choosing
[2024-10-15T01:22:06.694+0000] {python.py:240} INFO - Done. Returned value was: None
[2024-10-15T01:22:06.705+0000] {taskinstance.py:340} INFO - ::group::Post task execution logs
[2024-10-15T01:22:06.705+0000] {taskinstance.py:352} INFO - Marking task as SUCCESS. dag_id=asalex, task_id=read_asalex_to_file, run_id=scheduled__2024-10-15T01:21:00+00:00, execution_date=20241015T012100, start_date=20241015T012206, end_date=20241015T012206
[2024-10-15T01:22:06.716+0000] {logging_mixin.py:190} INFO - Task instance in success state
[2024-10-15T01:22:06.719+0000] {logging_mixin.py:190} INFO -  Previous state of the Task instance: running
[2024-10-15T01:22:06.719+0000] {logging_mixin.py:190} INFO - Dag name:asalex queued_at:2024-10-15 01:22:00.674321+00:00
[2024-10-15T01:22:06.719+0000] {logging_mixin.py:190} INFO - Task hostname:599ca003dbbf operator:_PythonDecoratedOperator
[2024-10-15T01:22:06.762+0000] {local_task_job_runner.py:266} INFO - Task exited with return code 0
[2024-10-15T01:22:06.784+0000] {taskinstance.py:3900} INFO - 0 downstream tasks scheduled from follow-on schedule check
[2024-10-15T01:22:06.786+0000] {local_task_job_runner.py:245} INFO - ::endgroup::
